
Plan found!
	( !UNSTACK B006 - BLOCK B003 - BLOCK )
	( !PUTDOWN B006 - BLOCK )
	( !UNSTACK B003 - BLOCK B001 - BLOCK )
	( !PUTDOWN B003 - BLOCK )
	( !UNSTACK B001 - BLOCK B000 - BLOCK )
	( !PUTDOWN B001 - BLOCK )
	( !UNSTACK B007 - BLOCK B008 - BLOCK )
	( !PUTDOWN B007 - BLOCK )
	( !UNSTACK B008 - BLOCK B014 - BLOCK )
	( !PUTDOWN B008 - BLOCK )
	( !UNSTACK B014 - BLOCK B004 - BLOCK )
	( !PUTDOWN B014 - BLOCK )
	( !UNSTACK B004 - BLOCK B005 - BLOCK )
	( !PUTDOWN B004 - BLOCK )
	( !PICKUP B005 - BLOCK )
	( !STACK B005 - BLOCK B001 - BLOCK )
	( !UNSTACK B002 - BLOCK B011 - BLOCK )
	( !STACK B002 - BLOCK B005 - BLOCK )
	( !PICKUP B014 - BLOCK )
	( !STACK B014 - BLOCK B002 - BLOCK )
