
Plan found!
	( !UNSTACK B002 - BLOCK B001 - BLOCK )
	( !PUTDOWN B002 - BLOCK )
	( !UNSTACK B001 - BLOCK B008 - BLOCK )
	( !PUTDOWN B001 - BLOCK )
	( !PICKUP B002 - BLOCK )
	( !STACK B002 - BLOCK B001 - BLOCK )
	( !UNSTACK B013 - BLOCK B010 - BLOCK )
	( !PUTDOWN B013 - BLOCK )
	( !UNSTACK B010 - BLOCK B004 - BLOCK )
	( !PUTDOWN B010 - BLOCK )
	( !UNSTACK B004 - BLOCK B000 - BLOCK )
	( !PUTDOWN B004 - BLOCK )
	( !PICKUP B000 - BLOCK )
	( !STACK B000 - BLOCK B002 - BLOCK )
	( !UNSTACK B008 - BLOCK B007 - BLOCK )
	( !PUTDOWN B008 - BLOCK )
	( !UNSTACK B007 - BLOCK B005 - BLOCK )
	( !PUTDOWN B007 - BLOCK )
	( !PICKUP B005 - BLOCK )
	( !STACK B005 - BLOCK B000 - BLOCK )
	( !PICKUP B007 - BLOCK )
	( !STACK B007 - BLOCK B005 - BLOCK )
