
Plan found!
	( !UNSTACK B004 - BLOCK B001 - BLOCK )
	( !PUTDOWN B004 - BLOCK )
	( !UNSTACK B001 - BLOCK B000 - BLOCK )
	( !PUTDOWN B001 - BLOCK )
	( !UNSTACK B000 - BLOCK B003 - BLOCK )
	( !PUTDOWN B000 - BLOCK )
	( !UNSTACK B003 - BLOCK B002 - BLOCK )
	( !STACK B003 - BLOCK B000 - BLOCK )
	( !UNSTACK B008 - BLOCK B006 - BLOCK )
	( !PUTDOWN B008 - BLOCK )
	( !UNSTACK B006 - BLOCK B005 - BLOCK )
	( !STACK B006 - BLOCK B003 - BLOCK )
	( !PICKUP B001 - BLOCK )
	( !STACK B001 - BLOCK B006 - BLOCK )
	( !UNSTACK B005 - BLOCK B009 - BLOCK )
	( !PUTDOWN B005 - BLOCK )
	( !UNSTACK B009 - BLOCK B007 - BLOCK )
	( !PUTDOWN B009 - BLOCK )
	( !PICKUP B007 - BLOCK )
	( !STACK B007 - BLOCK B001 - BLOCK )
