
Plan found!
	( !UNSTACK B010 - BLOCK B005 - BLOCK )
	( !PUTDOWN B010 - BLOCK )
	( !UNSTACK B007 - BLOCK B006 - BLOCK )
	( !PUTDOWN B007 - BLOCK )
	( !UNSTACK B005 - BLOCK B014 - BLOCK )
	( !PUTDOWN B005 - BLOCK )
	( !UNSTACK B014 - BLOCK B003 - BLOCK )
	( !PUTDOWN B014 - BLOCK )
	( !PICKUP B003 - BLOCK )
	( !STACK B003 - BLOCK B006 - BLOCK )
	( !UNSTACK B004 - BLOCK B016 - BLOCK )
	( !STACK B004 - BLOCK B003 - BLOCK )
	( !UNSTACK B016 - BLOCK B018 - BLOCK )
	( !PUTDOWN B016 - BLOCK )
	( !UNSTACK B018 - BLOCK B013 - BLOCK )
	( !PUTDOWN B018 - BLOCK )
	( !UNSTACK B013 - BLOCK B000 - BLOCK )
	( !PUTDOWN B013 - BLOCK )
	( !PICKUP B000 - BLOCK )
	( !STACK B000 - BLOCK B004 - BLOCK )
	( !UNSTACK B001 - BLOCK B008 - BLOCK )
	( !PUTDOWN B001 - BLOCK )
	( !PICKUP B008 - BLOCK )
	( !STACK B008 - BLOCK B000 - BLOCK )
