
Plan found!
	( !UNSTACK B001 - BLOCK B007 - BLOCK )
	( !PUTDOWN B001 - BLOCK )
	( !UNSTACK B007 - BLOCK B014 - BLOCK )
	( !PUTDOWN B007 - BLOCK )
	( !UNSTACK B014 - BLOCK B000 - BLOCK )
	( !PUTDOWN B014 - BLOCK )
	( !UNSTACK B011 - BLOCK B004 - BLOCK )
	( !STACK B011 - BLOCK B014 - BLOCK )
	( !UNSTACK B018 - BLOCK B012 - BLOCK )
	( !PUTDOWN B018 - BLOCK )
	( !UNSTACK B012 - BLOCK B017 - BLOCK )
	( !STACK B012 - BLOCK B011 - BLOCK )
	( !UNSTACK B004 - BLOCK B021 - BLOCK )
	( !PUTDOWN B004 - BLOCK )
	( !UNSTACK B021 - BLOCK B019 - BLOCK )
	( !PUTDOWN B021 - BLOCK )
	( !UNSTACK B019 - BLOCK B013 - BLOCK )
	( !PUTDOWN B019 - BLOCK )
	( !PICKUP B013 - BLOCK )
	( !STACK B013 - BLOCK B012 - BLOCK )
	( !PICKUP B009 - BLOCK )
	( !STACK B009 - BLOCK B013 - BLOCK )
