
Plan found!
	( !UNSTACK B006 - BLOCK B001 - BLOCK )
	( !PUTDOWN B006 - BLOCK )
	( !UNSTACK B001 - BLOCK B008 - BLOCK )
	( !PUTDOWN B001 - BLOCK )
	( !UNSTACK B008 - BLOCK B007 - BLOCK )
	( !PUTDOWN B008 - BLOCK )
	( !PICKUP B006 - BLOCK )
	( !STACK B006 - BLOCK B008 - BLOCK )
	( !UNSTACK B014 - BLOCK B018 - BLOCK )
	( !STACK B014 - BLOCK B006 - BLOCK )
	( !UNSTACK B018 - BLOCK B016 - BLOCK )
	( !PUTDOWN B018 - BLOCK )
	( !UNSTACK B016 - BLOCK B021 - BLOCK )
	( !PUTDOWN B016 - BLOCK )
	( !UNSTACK B021 - BLOCK B013 - BLOCK )
	( !PUTDOWN B021 - BLOCK )
	( !PICKUP B013 - BLOCK )
	( !STACK B013 - BLOCK B014 - BLOCK )
	( !UNSTACK B012 - BLOCK B019 - BLOCK )
	( !PUTDOWN B012 - BLOCK )
	( !UNSTACK B019 - BLOCK B010 - BLOCK )
	( !PUTDOWN B019 - BLOCK )
	( !UNSTACK B010 - BLOCK B011 - BLOCK )
	( !PUTDOWN B010 - BLOCK )
	( !UNSTACK B011 - BLOCK B017 - BLOCK )
	( !PUTDOWN B011 - BLOCK )
	( !PICKUP B017 - BLOCK )
	( !STACK B017 - BLOCK B013 - BLOCK )
