
Plan found!
	( !UNSTACK B021 - BLOCK B020 - BLOCK )
	( !PUTDOWN B021 - BLOCK )
	( !PICKUP B020 - BLOCK )
	( !STACK B020 - BLOCK B021 - BLOCK )
	( !UNSTACK B014 - BLOCK B013 - BLOCK )
	( !STACK B014 - BLOCK B020 - BLOCK )
	( !UNSTACK B019 - BLOCK B015 - BLOCK )
	( !PUTDOWN B019 - BLOCK )
	( !UNSTACK B015 - BLOCK B007 - BLOCK )
	( !PUTDOWN B015 - BLOCK )
	( !UNSTACK B007 - BLOCK B011 - BLOCK )
	( !PUTDOWN B007 - BLOCK )
	( !PICKUP B011 - BLOCK )
	( !STACK B011 - BLOCK B014 - BLOCK )
	( !UNSTACK B002 - BLOCK B000 - BLOCK )
	( !PUTDOWN B002 - BLOCK )
	( !UNSTACK B000 - BLOCK B003 - BLOCK )
	( !PUTDOWN B000 - BLOCK )
	( !UNSTACK B003 - BLOCK B001 - BLOCK )
	( !STACK B003 - BLOCK B011 - BLOCK )
