
Plan found!
	( !UNSTACK B020 - BLOCK B023 - BLOCK )
	( !PUTDOWN B020 - BLOCK )
	( !UNSTACK B001 - BLOCK B004 - BLOCK )
	( !PUTDOWN B001 - BLOCK )
	( !UNSTACK B004 - BLOCK B000 - BLOCK )
	( !PUTDOWN B004 - BLOCK )
	( !UNSTACK B000 - BLOCK B003 - BLOCK )
	( !PUTDOWN B000 - BLOCK )
	( !UNSTACK B003 - BLOCK B002 - BLOCK )
	( !PUTDOWN B003 - BLOCK )
	( !PICKUP B002 - BLOCK )
	( !STACK B002 - BLOCK B020 - BLOCK )
	( !UNSTACK B008 - BLOCK B009 - BLOCK )
	( !PUTDOWN B008 - BLOCK )
	( !UNSTACK B009 - BLOCK B017 - BLOCK )
	( !PUTDOWN B009 - BLOCK )
	( !UNSTACK B017 - BLOCK B018 - BLOCK )
	( !PUTDOWN B017 - BLOCK )
	( !UNSTACK B018 - BLOCK B019 - BLOCK )
	( !STACK B018 - BLOCK B002 - BLOCK )
	( !UNSTACK B007 - BLOCK B005 - BLOCK )
	( !STACK B007 - BLOCK B018 - BLOCK )
	( !PICKUP B019 - BLOCK )
	( !STACK B019 - BLOCK B007 - BLOCK )
