
Plan found!
	( !UNSTACK B000 - BLOCK B002 - BLOCK )
	( !PUTDOWN B000 - BLOCK )
	( !UNSTACK B002 - BLOCK B014 - BLOCK )
	( !STACK B002 - BLOCK B000 - BLOCK )
	( !UNSTACK B011 - BLOCK B013 - BLOCK )
	( !PUTDOWN B011 - BLOCK )
	( !UNSTACK B013 - BLOCK B007 - BLOCK )
	( !STACK B013 - BLOCK B002 - BLOCK )
	( !UNSTACK B017 - BLOCK B005 - BLOCK )
	( !PUTDOWN B017 - BLOCK )
	( !UNSTACK B005 - BLOCK B006 - BLOCK )
	( !PUTDOWN B005 - BLOCK )
	( !UNSTACK B006 - BLOCK B001 - BLOCK )
	( !PUTDOWN B006 - BLOCK )
	( !UNSTACK B001 - BLOCK B003 - BLOCK )
	( !PUTDOWN B001 - BLOCK )
	( !PICKUP B003 - BLOCK )
	( !STACK B003 - BLOCK B013 - BLOCK )
	( !PICKUP B001 - BLOCK )
	( !STACK B001 - BLOCK B003 - BLOCK )
