
Plan found!
	( !UNSTACK B022 - BLOCK B021 - BLOCK )
	( !PUTDOWN B022 - BLOCK )
	( !UNSTACK B019 - BLOCK B010 - BLOCK )
	( !PUTDOWN B019 - BLOCK )
	( !UNSTACK B010 - BLOCK B025 - BLOCK )
	( !STACK B010 - BLOCK B022 - BLOCK )
	( !UNSTACK B025 - BLOCK B024 - BLOCK )
	( !PUTDOWN B025 - BLOCK )
	( !UNSTACK B024 - BLOCK B012 - BLOCK )
	( !PUTDOWN B024 - BLOCK )
	( !PICKUP B012 - BLOCK )
	( !STACK B012 - BLOCK B010 - BLOCK )
	( !UNSTACK B004 - BLOCK B003 - BLOCK )
	( !STACK B004 - BLOCK B012 - BLOCK )
	( !UNSTACK B006 - BLOCK B002 - BLOCK )
	( !PUTDOWN B006 - BLOCK )
	( !UNSTACK B002 - BLOCK B011 - BLOCK )
	( !PUTDOWN B002 - BLOCK )
	( !UNSTACK B011 - BLOCK B017 - BLOCK )
	( !PUTDOWN B011 - BLOCK )
	( !PICKUP B017 - BLOCK )
	( !STACK B017 - BLOCK B004 - BLOCK )
