
Plan found!
	( !UNSTACK B010 - BLOCK B007 - BLOCK )
	( !PUTDOWN B010 - BLOCK )
	( !UNSTACK B007 - BLOCK B011 - BLOCK )
	( !PUTDOWN B007 - BLOCK )
	( !UNSTACK B000 - BLOCK B005 - BLOCK )
	( !PUTDOWN B000 - BLOCK )
	( !UNSTACK B005 - BLOCK B002 - BLOCK )
	( !STACK B005 - BLOCK B007 - BLOCK )
	( !UNSTACK B002 - BLOCK B009 - BLOCK )
	( !PUTDOWN B002 - BLOCK )
	( !UNSTACK B009 - BLOCK B004 - BLOCK )
	( !PUTDOWN B009 - BLOCK )
	( !PICKUP B004 - BLOCK )
	( !STACK B004 - BLOCK B005 - BLOCK )
	( !PICKUP B002 - BLOCK )
	( !STACK B002 - BLOCK B004 - BLOCK )
	( !UNSTACK B011 - BLOCK B001 - BLOCK )
	( !PUTDOWN B011 - BLOCK )
	( !UNSTACK B001 - BLOCK B008 - BLOCK )
	( !STACK B001 - BLOCK B002 - BLOCK )
