
Plan found!
	( !UNSTACK B003 - BLOCK B008 - BLOCK )
	( !PUTDOWN B003 - BLOCK )
	( !UNSTACK B008 - BLOCK B010 - BLOCK )
	( !PUTDOWN B008 - BLOCK )
	( !UNSTACK B007 - BLOCK B004 - BLOCK )
	( !PUTDOWN B007 - BLOCK )
	( !UNSTACK B004 - BLOCK B002 - BLOCK )
	( !PUTDOWN B004 - BLOCK )
	( !UNSTACK B002 - BLOCK B000 - BLOCK )
	( !PUTDOWN B002 - BLOCK )
	( !UNSTACK B000 - BLOCK B001 - BLOCK )
	( !STACK B000 - BLOCK B008 - BLOCK )
	( !UNSTACK B010 - BLOCK B006 - BLOCK )
	( !PUTDOWN B010 - BLOCK )
	( !UNSTACK B006 - BLOCK B005 - BLOCK )
	( !PUTDOWN B006 - BLOCK )
	( !PICKUP B005 - BLOCK )
	( !STACK B005 - BLOCK B000 - BLOCK )
	( !UNSTACK B009 - BLOCK B013 - BLOCK )
	( !STACK B009 - BLOCK B005 - BLOCK )
	( !PICKUP B002 - BLOCK )
	( !STACK B002 - BLOCK B009 - BLOCK )
