
Plan found!
	( !UNSTACK B017 - BLOCK B025 - BLOCK )
	( !PUTDOWN B017 - BLOCK )
	( !UNSTACK B025 - BLOCK B005 - BLOCK )
	( !STACK B025 - BLOCK B017 - BLOCK )
	( !UNSTACK B028 - BLOCK B024 - BLOCK )
	( !STACK B028 - BLOCK B025 - BLOCK )
	( !UNSTACK B024 - BLOCK B018 - BLOCK )
	( !PUTDOWN B024 - BLOCK )
	( !UNSTACK B018 - BLOCK B019 - BLOCK )
	( !PUTDOWN B018 - BLOCK )
	( !UNSTACK B019 - BLOCK B027 - BLOCK )
	( !PUTDOWN B019 - BLOCK )
	( !PICKUP B027 - BLOCK )
	( !STACK B027 - BLOCK B028 - BLOCK )
	( !UNSTACK B031 - BLOCK B029 - BLOCK )
	( !PUTDOWN B031 - BLOCK )
	( !UNSTACK B029 - BLOCK B026 - BLOCK )
	( !PUTDOWN B029 - BLOCK )
	( !UNSTACK B026 - BLOCK B030 - BLOCK )
	( !STACK B026 - BLOCK B027 - BLOCK )
