
Plan found!
	( !UNSTACK B025 - BLOCK B023 - BLOCK )
	( !PUTDOWN B025 - BLOCK )
	( !UNSTACK B008 - BLOCK B001 - BLOCK )
	( !PUTDOWN B008 - BLOCK )
	( !UNSTACK B001 - BLOCK B033 - BLOCK )
	( !PUTDOWN B001 - BLOCK )
	( !UNSTACK B033 - BLOCK B002 - BLOCK )
	( !STACK B033 - BLOCK B025 - BLOCK )
	( !UNSTACK B015 - BLOCK B029 - BLOCK )
	( !PUTDOWN B015 - BLOCK )
	( !UNSTACK B029 - BLOCK B017 - BLOCK )
	( !PUTDOWN B029 - BLOCK )
	( !UNSTACK B017 - BLOCK B020 - BLOCK )
	( !PUTDOWN B017 - BLOCK )
	( !UNSTACK B020 - BLOCK B031 - BLOCK )
	( !PUTDOWN B020 - BLOCK )
	( !PICKUP B031 - BLOCK )
	( !STACK B031 - BLOCK B033 - BLOCK )
	( !UNSTACK B019 - BLOCK B014 - BLOCK )
	( !STACK B019 - BLOCK B031 - BLOCK )
	( !UNSTACK B014 - BLOCK B006 - BLOCK )
	( !STACK B014 - BLOCK B019 - BLOCK )
