
Plan found!
	( !UNSTACK B000 - BLOCK B002 - BLOCK )
	( !PUTDOWN B000 - BLOCK )
	( !UNSTACK B002 - BLOCK B007 - BLOCK )
	( !PUTDOWN B002 - BLOCK )
	( !UNSTACK B010 - BLOCK B004 - BLOCK )
	( !PUTDOWN B010 - BLOCK )
	( !UNSTACK B004 - BLOCK B005 - BLOCK )
	( !PUTDOWN B004 - BLOCK )
	( !UNSTACK B005 - BLOCK B009 - BLOCK )
	( !STACK B005 - BLOCK B002 - BLOCK )
	( !PICKUP B004 - BLOCK )
	( !STACK B004 - BLOCK B005 - BLOCK )
	( !PICKUP B000 - BLOCK )
	( !STACK B000 - BLOCK B004 - BLOCK )
	( !UNSTACK B007 - BLOCK B003 - BLOCK )
	( !PUTDOWN B007 - BLOCK )
	( !UNSTACK B003 - BLOCK B001 - BLOCK )
	( !PUTDOWN B003 - BLOCK )
	( !PICKUP B001 - BLOCK )
	( !STACK B001 - BLOCK B000 - BLOCK )
