
Plan found!
	( !UNSTACK B020 - BLOCK B018 - BLOCK )
	( !PUTDOWN B020 - BLOCK )
	( !UNSTACK B018 - BLOCK B017 - BLOCK )
	( !PUTDOWN B018 - BLOCK )
	( !UNSTACK B017 - BLOCK B016 - BLOCK )
	( !PUTDOWN B017 - BLOCK )
	( !UNSTACK B016 - BLOCK B014 - BLOCK )
	( !PUTDOWN B016 - BLOCK )
	( !UNSTACK B019 - BLOCK B024 - BLOCK )
	( !STACK B019 - BLOCK B016 - BLOCK )
	( !UNSTACK B008 - BLOCK B000 - BLOCK )
	( !PUTDOWN B008 - BLOCK )
	( !UNSTACK B000 - BLOCK B003 - BLOCK )
	( !PUTDOWN B000 - BLOCK )
	( !UNSTACK B003 - BLOCK B013 - BLOCK )
	( !PUTDOWN B003 - BLOCK )
	( !UNSTACK B013 - BLOCK B005 - BLOCK )
	( !STACK B013 - BLOCK B019 - BLOCK )
	( !PICKUP B003 - BLOCK )
	( !STACK B003 - BLOCK B013 - BLOCK )
	( !PICKUP B020 - BLOCK )
	( !STACK B020 - BLOCK B003 - BLOCK )
