
Plan found!
	( !UNSTACK B001 - BLOCK B002 - BLOCK )
	( !PUTDOWN B001 - BLOCK )
	( !UNSTACK B002 - BLOCK B000 - BLOCK )
	( !PUTDOWN B002 - BLOCK )
	( !UNSTACK B000 - BLOCK B005 - BLOCK )
	( !PUTDOWN B000 - BLOCK )
	( !UNSTACK B005 - BLOCK B004 - BLOCK )
	( !PUTDOWN B005 - BLOCK )
	( !PICKUP B004 - BLOCK )
	( !STACK B004 - BLOCK B005 - BLOCK )
	( !UNSTACK B007 - BLOCK B013 - BLOCK )
	( !PUTDOWN B007 - BLOCK )
	( !UNSTACK B013 - BLOCK B011 - BLOCK )
	( !PUTDOWN B013 - BLOCK )
	( !UNSTACK B011 - BLOCK B016 - BLOCK )
	( !PUTDOWN B011 - BLOCK )
	( !UNSTACK B016 - BLOCK B014 - BLOCK )
	( !STACK B016 - BLOCK B004 - BLOCK )
	( !UNSTACK B006 - BLOCK B003 - BLOCK )
	( !STACK B006 - BLOCK B016 - BLOCK )
	( !UNSTACK B003 - BLOCK B012 - BLOCK )
	( !PUTDOWN B003 - BLOCK )
	( !UNSTACK B012 - BLOCK B015 - BLOCK )
	( !PUTDOWN B012 - BLOCK )
	( !UNSTACK B015 - BLOCK B010 - BLOCK )
	( !PUTDOWN B015 - BLOCK )
	( !PICKUP B010 - BLOCK )
	( !STACK B010 - BLOCK B006 - BLOCK )
