
Plan found!
	( !UNSTACK B031 - BLOCK B026 - BLOCK )
	( !PUTDOWN B031 - BLOCK )
	( !UNSTACK B026 - BLOCK B029 - BLOCK )
	( !PUTDOWN B026 - BLOCK )
	( !UNSTACK B029 - BLOCK B032 - BLOCK )
	( !PUTDOWN B029 - BLOCK )
	( !UNSTACK B032 - BLOCK B018 - BLOCK )
	( !PUTDOWN B032 - BLOCK )
	( !PICKUP B035 - BLOCK )
	( !STACK B035 - BLOCK B032 - BLOCK )
	( !UNSTACK B028 - BLOCK B030 - BLOCK )
	( !PUTDOWN B028 - BLOCK )
	( !UNSTACK B030 - BLOCK B034 - BLOCK )
	( !STACK B030 - BLOCK B035 - BLOCK )
	( !UNSTACK B034 - BLOCK B027 - BLOCK )
	( !PUTDOWN B034 - BLOCK )
	( !UNSTACK B027 - BLOCK B033 - BLOCK )
	( !PUTDOWN B027 - BLOCK )
	( !PICKUP B033 - BLOCK )
	( !STACK B033 - BLOCK B030 - BLOCK )
