
Plan found!
	( !UNSTACK B008 - BLOCK B012 - BLOCK )
	( !PUTDOWN B008 - BLOCK )
	( !UNSTACK B014 - BLOCK B023 - BLOCK )
	( !PUTDOWN B014 - BLOCK )
	( !UNSTACK B012 - BLOCK B004 - BLOCK )
	( !PUTDOWN B012 - BLOCK )
	( !UNSTACK B004 - BLOCK B006 - BLOCK )
	( !PUTDOWN B004 - BLOCK )
	( !UNSTACK B006 - BLOCK B017 - BLOCK )
	( !PUTDOWN B006 - BLOCK )
	( !UNSTACK B023 - BLOCK B021 - BLOCK )
	( !PUTDOWN B023 - BLOCK )
	( !UNSTACK B021 - BLOCK B009 - BLOCK )
	( !STACK B021 - BLOCK B017 - BLOCK )
	( !UNSTACK B009 - BLOCK B018 - BLOCK )
	( !STACK B009 - BLOCK B021 - BLOCK )
	( !PICKUP B022 - BLOCK )
	( !STACK B022 - BLOCK B009 - BLOCK )
	( !UNSTACK B026 - BLOCK B024 - BLOCK )
	( !PUTDOWN B026 - BLOCK )
	( !UNSTACK B024 - BLOCK B020 - BLOCK )
	( !PUTDOWN B024 - BLOCK )
	( !UNSTACK B020 - BLOCK B035 - BLOCK )
	( !STACK B020 - BLOCK B022 - BLOCK )
