
Plan found!
	( !UNSTACK B015 - BLOCK B020 - BLOCK )
	( !PUTDOWN B015 - BLOCK )
	( !UNSTACK B020 - BLOCK B003 - BLOCK )
	( !PUTDOWN B020 - BLOCK )
	( !UNSTACK B003 - BLOCK B012 - BLOCK )
	( !PUTDOWN B003 - BLOCK )
	( !UNSTACK B012 - BLOCK B004 - BLOCK )
	( !PUTDOWN B012 - BLOCK )
	( !UNSTACK B031 - BLOCK B034 - BLOCK )
	( !PUTDOWN B031 - BLOCK )
	( !UNSTACK B034 - BLOCK B033 - BLOCK )
	( !PUTDOWN B034 - BLOCK )
	( !UNSTACK B033 - BLOCK B036 - BLOCK )
	( !STACK B033 - BLOCK B012 - BLOCK )
	( !UNSTACK B009 - BLOCK B025 - BLOCK )
	( !PUTDOWN B009 - BLOCK )
	( !UNSTACK B025 - BLOCK B007 - BLOCK )
	( !PUTDOWN B025 - BLOCK )
	( !UNSTACK B007 - BLOCK B006 - BLOCK )
	( !PUTDOWN B007 - BLOCK )
	( !UNSTACK B006 - BLOCK B016 - BLOCK )
	( !PUTDOWN B006 - BLOCK )
	( !PICKUP B016 - BLOCK )
	( !STACK B016 - BLOCK B033 - BLOCK )
	( !PICKUP B032 - BLOCK )
	( !STACK B032 - BLOCK B016 - BLOCK )
