
Plan found!
	( !UNSTACK B029 - BLOCK B015 - BLOCK )
	( !PUTDOWN B029 - BLOCK )
	( !UNSTACK B015 - BLOCK B020 - BLOCK )
	( !PUTDOWN B015 - BLOCK )
	( !UNSTACK B020 - BLOCK B016 - BLOCK )
	( !PUTDOWN B020 - BLOCK )
	( !UNSTACK B016 - BLOCK B022 - BLOCK )
	( !PUTDOWN B016 - BLOCK )
	( !UNSTACK B009 - BLOCK B011 - BLOCK )
	( !PUTDOWN B009 - BLOCK )
	( !UNSTACK B011 - BLOCK B010 - BLOCK )
	( !PUTDOWN B011 - BLOCK )
	( !UNSTACK B010 - BLOCK B013 - BLOCK )
	( !PUTDOWN B010 - BLOCK )
	( !UNSTACK B013 - BLOCK B007 - BLOCK )
	( !PUTDOWN B013 - BLOCK )
	( !PICKUP B007 - BLOCK )
	( !STACK B007 - BLOCK B016 - BLOCK )
	( !UNSTACK B025 - BLOCK B014 - BLOCK )
	( !PUTDOWN B025 - BLOCK )
	( !UNSTACK B014 - BLOCK B026 - BLOCK )
	( !STACK B014 - BLOCK B007 - BLOCK )
	( !PICKUP B013 - BLOCK )
	( !STACK B013 - BLOCK B014 - BLOCK )
	( !PICKUP B015 - BLOCK )
	( !STACK B015 - BLOCK B013 - BLOCK )
