
Plan found!
	( !UNSTACK B007 - BLOCK B005 - BLOCK )
	( !PUTDOWN B007 - BLOCK )
	( !UNSTACK B016 - BLOCK B015 - BLOCK )
	( !PUTDOWN B016 - BLOCK )
	( !UNSTACK B015 - BLOCK B011 - BLOCK )
	( !PUTDOWN B015 - BLOCK )
	( !UNSTACK B011 - BLOCK B012 - BLOCK )
	( !PUTDOWN B011 - BLOCK )
	( !UNSTACK B012 - BLOCK B025 - BLOCK )
	( !STACK B012 - BLOCK B007 - BLOCK )
	( !UNSTACK B004 - BLOCK B010 - BLOCK )
	( !PUTDOWN B004 - BLOCK )
	( !UNSTACK B010 - BLOCK B009 - BLOCK )
	( !PUTDOWN B010 - BLOCK )
	( !UNSTACK B009 - BLOCK B003 - BLOCK )
	( !PUTDOWN B009 - BLOCK )
	( !UNSTACK B003 - BLOCK B002 - BLOCK )
	( !PUTDOWN B003 - BLOCK )
	( !PICKUP B002 - BLOCK )
	( !STACK B002 - BLOCK B012 - BLOCK )
	( !PICKUP B004 - BLOCK )
	( !STACK B004 - BLOCK B002 - BLOCK )
	( !UNSTACK B026 - BLOCK B027 - BLOCK )
	( !PUTDOWN B026 - BLOCK )
	( !UNSTACK B027 - BLOCK B024 - BLOCK )
	( !PUTDOWN B027 - BLOCK )
	( !UNSTACK B024 - BLOCK B019 - BLOCK )
	( !PUTDOWN B024 - BLOCK )
	( !UNSTACK B019 - BLOCK B013 - BLOCK )
	( !PUTDOWN B019 - BLOCK )
	( !PICKUP B013 - BLOCK )
	( !STACK B013 - BLOCK B004 - BLOCK )
