
Plan found!
	( !UNSTACK B009 - BLOCK B013 - BLOCK )
	( !PUTDOWN B009 - BLOCK )
	( !UNSTACK B013 - BLOCK B007 - BLOCK )
	( !PUTDOWN B013 - BLOCK )
	( !UNSTACK B007 - BLOCK B018 - BLOCK )
	( !PUTDOWN B007 - BLOCK )
	( !UNSTACK B020 - BLOCK B011 - BLOCK )
	( !STACK B020 - BLOCK B007 - BLOCK )
	( !UNSTACK B019 - BLOCK B022 - BLOCK )
	( !PUTDOWN B019 - BLOCK )
	( !UNSTACK B022 - BLOCK B023 - BLOCK )
	( !PUTDOWN B022 - BLOCK )
	( !UNSTACK B023 - BLOCK B025 - BLOCK )
	( !PUTDOWN B023 - BLOCK )
	( !UNSTACK B025 - BLOCK B021 - BLOCK )
	( !PUTDOWN B025 - BLOCK )
	( !PICKUP B021 - BLOCK )
	( !STACK B021 - BLOCK B020 - BLOCK )
	( !UNSTACK B010 - BLOCK B003 - BLOCK )
	( !PUTDOWN B010 - BLOCK )
	( !UNSTACK B003 - BLOCK B000 - BLOCK )
	( !PUTDOWN B003 - BLOCK )
	( !UNSTACK B000 - BLOCK B005 - BLOCK )
	( !STACK B000 - BLOCK B021 - BLOCK )
	( !PICKUP B009 - BLOCK )
	( !STACK B009 - BLOCK B000 - BLOCK )
