
Plan found!
	( !UNSTACK B006 - BLOCK B018 - BLOCK )
	( !PUTDOWN B006 - BLOCK )
	( !UNSTACK B018 - BLOCK B024 - BLOCK )
	( !PUTDOWN B018 - BLOCK )
	( !UNSTACK B033 - BLOCK B030 - BLOCK )
	( !PUTDOWN B033 - BLOCK )
	( !UNSTACK B030 - BLOCK B034 - BLOCK )
	( !PUTDOWN B030 - BLOCK )
	( !UNSTACK B034 - BLOCK B032 - BLOCK )
	( !STACK B034 - BLOCK B018 - BLOCK )
	( !PICKUP B033 - BLOCK )
	( !STACK B033 - BLOCK B034 - BLOCK )
	( !UNSTACK B020 - BLOCK B004 - BLOCK )
	( !PUTDOWN B020 - BLOCK )
	( !UNSTACK B004 - BLOCK B019 - BLOCK )
	( !PUTDOWN B004 - BLOCK )
	( !UNSTACK B019 - BLOCK B022 - BLOCK )
	( !PUTDOWN B019 - BLOCK )
	( !UNSTACK B022 - BLOCK B021 - BLOCK )
	( !PUTDOWN B022 - BLOCK )
	( !PICKUP B021 - BLOCK )
	( !STACK B021 - BLOCK B033 - BLOCK )
	( !UNSTACK B032 - BLOCK B031 - BLOCK )
	( !STACK B032 - BLOCK B021 - BLOCK )
