#
# (C) Copyright 2008, University of Illinois, Urbana-Champaign
#
# All rights reserved. Use of this software is permitted ONLY for
# non-commercial research purposes, and it may be copied only
# for that use only. All copies must include this copyright message.
# This software is made available AS IS, and neither the authors
# nor the University of Illinois, make any warranty about the
# software or its performance.
#

Parsing domain file
 domain 'BLOCKS4' defined
Parsing problem file
 problem 'PROBNAME' defined



checking for cyclic := effects --- OK.


; Time 0.06
; ParsingTime 0.05
; NrActions 36
; MakeSpan
; MetricValue
; PlanningTechnique Modified-FF(enforced hill-climbing search) as the subplanner

0.001: (UNSTACK B008 B005) [1]
1.002: (STACK B008 B001) [1]
2.003: (UNSTACK B004 B003) [1]
3.004: (STACK B004 B005) [1]
4.005: (UNSTACK B004 B005) [1]
5.006: (STACK B004 B008) [1]
6.007: (UNSTACK B005 B007) [1]
7.008: (STACK B005 B003) [1]
8.009: (UNSTACK B005 B003) [1]
9.010: (PUTDOWN B005) [1]
10.011: (UNSTACK B004 B008) [1]
11.012: (STACK B004 B007) [1]
12.013: (UNSTACK B008 B001) [1]
13.014: (PUTDOWN B008) [1]
14.015: (UNSTACK B001 B002) [1]
15.016: (STACK B001 B005) [1]
16.017: (PICKUP B003) [1]
17.018: (STACK B003 B002) [1]
18.019: (UNSTACK B003 B002) [1]
19.020: (PUTDOWN B003) [1]
20.021: (UNSTACK B002 B009) [1]
21.022: (STACK B002 B000) [1]
22.023: (UNSTACK B002 B000) [1]
23.024: (STACK B002 B008) [1]
24.025: (UNSTACK B000 B006) [1]
25.026: (PUTDOWN B000) [1]
26.027: (UNSTACK B002 B008) [1]
27.028: (STACK B002 B000) [1]
28.029: (PICKUP B003) [1]
29.030: (STACK B003 B002) [1]
30.031: (UNSTACK B001 B005) [1]
31.032: (STACK B001 B009) [1]
32.033: (PICKUP B005) [1]
33.034: (STACK B005 B003) [1]
34.035: (UNSTACK B004 B007) [1]
35.036: (STACK B004 B005) [1]
