#
# (C) Copyright 2008, University of Illinois, Urbana-Champaign
#
# All rights reserved. Use of this software is permitted ONLY for
# non-commercial research purposes, and it may be copied only
# for that use only. All copies must include this copyright message.
# This software is made available AS IS, and neither the authors
# nor the University of Illinois, make any warranty about the
# software or its performance.
#

Parsing domain file
 domain 'BLOCKS4' defined
Parsing problem file
 problem 'PROBNAME' defined



checking for cyclic := effects --- OK.


; Time 0.05
; ParsingTime 0.05
; NrActions 20
; MakeSpan
; MetricValue
; PlanningTechnique Modified-FF(enforced hill-climbing search) as the subplanner

0.001: (UNSTACK B007 B003) [1]
1.002: (STACK B007 B000) [1]
2.003: (UNSTACK B005 B002) [1]
3.004: (STACK B005 B003) [1]
4.005: (UNSTACK B005 B003) [1]
5.006: (STACK B005 B007) [1]
6.007: (PICKUP B003) [1]
7.008: (STACK B003 B004) [1]
8.009: (UNSTACK B003 B004) [1]
9.010: (STACK B003 B005) [1]
10.011: (UNSTACK B004 B006) [1]
11.012: (STACK B004 B003) [1]
12.013: (PICKUP B006) [1]
13.014: (STACK B006 B008) [1]
14.015: (UNSTACK B004 B003) [1]
15.016: (STACK B004 B006) [1]
16.017: (UNSTACK B003 B005) [1]
17.018: (STACK B003 B004) [1]
18.019: (UNSTACK B005 B007) [1]
19.020: (STACK B005 B003) [1]
