#
# (C) Copyright 2008, University of Illinois, Urbana-Champaign
#
# All rights reserved. Use of this software is permitted ONLY for
# non-commercial research purposes, and it may be copied only
# for that use only. All copies must include this copyright message.
# This software is made available AS IS, and neither the authors
# nor the University of Illinois, make any warranty about the
# software or its performance.
#

Parsing domain file
 domain 'BLOCKS4' defined
Parsing problem file
 problem 'PROBNAME' defined



checking for cyclic := effects --- OK.


; Time 0.05
; ParsingTime 0.05
; NrActions 24
; MakeSpan
; MetricValue
; PlanningTechnique Modified-FF(enforced hill-climbing search) as the subplanner

0.001: (UNSTACK B004 B002) [1]
1.002: (PUTDOWN B004) [1]
2.003: (UNSTACK B002 B000) [1]
3.004: (STACK B002 B004) [1]
4.005: (PICKUP B009) [1]
5.006: (STACK B009 B000) [1]
6.007: (UNSTACK B009 B000) [1]
7.008: (PUTDOWN B009) [1]
8.009: (UNSTACK B000 B005) [1]
9.010: (STACK B000 B002) [1]
10.011: (UNSTACK B000 B002) [1]
11.012: (STACK B000 B005) [1]
12.013: (UNSTACK B002 B004) [1]
13.014: (STACK B002 B001) [1]
14.015: (UNSTACK B002 B001) [1]
15.016: (STACK B002 B000) [1]
16.017: (UNSTACK B001 B003) [1]
17.018: (PUTDOWN B001) [1]
18.019: (UNSTACK B002 B000) [1]
19.020: (STACK B002 B001) [1]
20.021: (UNSTACK B000 B005) [1]
21.022: (STACK B000 B002) [1]
22.023: (PICKUP B009) [1]
23.024: (STACK B009 B000) [1]
