#
# (C) Copyright 2008, University of Illinois, Urbana-Champaign
#
# All rights reserved. Use of this software is permitted ONLY for
# non-commercial research purposes, and it may be copied only
# for that use only. All copies must include this copyright message.
# This software is made available AS IS, and neither the authors
# nor the University of Illinois, make any warranty about the
# software or its performance.
#

Parsing domain file
 domain 'BLOCKS4' defined
Parsing problem file
 problem 'PROBNAME' defined



checking for cyclic := effects --- OK.


; Time 0.07
; ParsingTime 0.05
; NrActions 40
; MakeSpan
; MetricValue
; PlanningTechnique Modified-FF(enforced hill-climbing search) as the subplanner

0.001: (UNSTACK B009 B006) [1]
1.002: (PUTDOWN B009) [1]
2.003: (UNSTACK B006 B005) [1]
3.004: (STACK B006 B009) [1]
4.005: (UNSTACK B007 B004) [1]
5.006: (STACK B007 B005) [1]
6.007: (UNSTACK B007 B005) [1]
7.008: (PUTDOWN B007) [1]
8.009: (UNSTACK B006 B009) [1]
9.010: (STACK B006 B004) [1]
10.011: (UNSTACK B005 B001) [1]
11.012: (STACK B005 B009) [1]
12.013: (UNSTACK B005 B009) [1]
13.014: (STACK B005 B007) [1]
14.015: (PICKUP B009) [1]
15.016: (STACK B009 B000) [1]
16.017: (UNSTACK B009 B000) [1]
17.018: (STACK B009 B001) [1]
18.019: (UNSTACK B010 B008) [1]
19.020: (STACK B010 B006) [1]
20.021: (PICKUP B000) [1]
21.022: (STACK B000 B008) [1]
22.023: (UNSTACK B000 B008) [1]
23.024: (PUTDOWN B000) [1]
24.025: (UNSTACK B008 B003) [1]
25.026: (PUTDOWN B008) [1]
26.027: (UNSTACK B005 B007) [1]
27.028: (STACK B005 B009) [1]
28.029: (PICKUP B000) [1]
29.030: (STACK B000 B008) [1]
30.031: (PICKUP B007) [1]
31.032: (STACK B007 B003) [1]
32.033: (UNSTACK B005 B009) [1]
33.034: (PUTDOWN B005) [1]
34.035: (UNSTACK B009 B001) [1]
35.036: (STACK B009 B000) [1]
36.037: (PICKUP B005) [1]
37.038: (STACK B005 B009) [1]
38.039: (UNSTACK B007 B003) [1]
39.040: (STACK B007 B005) [1]
