#
# (C) Copyright 2008, University of Illinois, Urbana-Champaign
#
# All rights reserved. Use of this software is permitted ONLY for
# non-commercial research purposes, and it may be copied only
# for that use only. All copies must include this copyright message.
# This software is made available AS IS, and neither the authors
# nor the University of Illinois, make any warranty about the
# software or its performance.
#

Parsing domain file
 domain 'BLOCKS4' defined
Parsing problem file
 problem 'PROBNAME' defined



checking for cyclic := effects --- OK.


; Time 0.07
; ParsingTime 0.05
; NrActions 26
; MakeSpan
; MetricValue
; PlanningTechnique Modified-FF(enforced hill-climbing search) as the subplanner

0.001: (UNSTACK B002 B009) [1]
1.002: (STACK B002 B001) [1]
2.003: (UNSTACK B002 B001) [1]
3.004: (PUTDOWN B002) [1]
4.005: (UNSTACK B004 B005) [1]
5.006: (PUTDOWN B004) [1]
6.007: (UNSTACK B005 B010) [1]
7.008: (PUTDOWN B005) [1]
8.009: (UNSTACK B010 B007) [1]
9.010: (STACK B010 B009) [1]
10.011: (PICKUP B001) [1]
11.012: (STACK B001 B007) [1]
12.013: (UNSTACK B001 B007) [1]
13.014: (PUTDOWN B001) [1]
14.015: (UNSTACK B007 B003) [1]
15.016: (STACK B007 B011) [1]
16.017: (UNSTACK B007 B011) [1]
17.018: (STACK B007 B001) [1]
18.019: (UNSTACK B011 B008) [1]
19.020: (STACK B011 B004) [1]
20.021: (UNSTACK B007 B001) [1]
21.022: (STACK B007 B011) [1]
22.023: (PICKUP B001) [1]
23.024: (STACK B001 B007) [1]
24.025: (PICKUP B002) [1]
25.026: (STACK B002 B001) [1]
