#
# (C) Copyright 2008, University of Illinois, Urbana-Champaign
#
# All rights reserved. Use of this software is permitted ONLY for
# non-commercial research purposes, and it may be copied only
# for that use only. All copies must include this copyright message.
# This software is made available AS IS, and neither the authors
# nor the University of Illinois, make any warranty about the
# software or its performance.
#

Parsing domain file
 domain 'BLOCKS4' defined
Parsing problem file
 problem 'PROBNAME' defined



checking for cyclic := effects --- OK.


; Time 0.09
; ParsingTime 0.07
; NrActions 14
; MakeSpan
; MetricValue
; PlanningTechnique Modified-FF(enforced hill-climbing search) as the subplanner

0.001: (UNSTACK B001 B015) [1]
1.002: (STACK B001 B011) [1]
2.003: (PICKUP B015) [1]
3.004: (STACK B015 B007) [1]
4.005: (UNSTACK B015 B007) [1]
5.006: (STACK B015 B001) [1]
6.007: (UNSTACK B007 B004) [1]
7.008: (PUTDOWN B007) [1]
8.009: (UNSTACK B004 B005) [1]
9.010: (STACK B004 B013) [1]
10.011: (PICKUP B007) [1]
11.012: (STACK B007 B005) [1]
12.013: (UNSTACK B015 B001) [1]
13.014: (STACK B015 B007) [1]
