#
# (C) Copyright 2008, University of Illinois, Urbana-Champaign
#
# All rights reserved. Use of this software is permitted ONLY for
# non-commercial research purposes, and it may be copied only
# for that use only. All copies must include this copyright message.
# This software is made available AS IS, and neither the authors
# nor the University of Illinois, make any warranty about the
# software or its performance.
#

Parsing domain file
 domain 'BLOCKS4' defined
Parsing problem file
 problem 'PROBNAME' defined



checking for cyclic := effects --- OK.


; Time 0.21
; ParsingTime 0.07
; NrActions 54
; MakeSpan
; MetricValue
; PlanningTechnique Modified-FF(enforced hill-climbing search) as the subplanner

0.001: (UNSTACK B014 B005) [1]
1.002: (STACK B014 B008) [1]
2.003: (PICKUP B005) [1]
3.004: (STACK B005 B004) [1]
4.005: (UNSTACK B005 B004) [1]
5.006: (STACK B005 B013) [1]
6.007: (UNSTACK B012 B011) [1]
7.008: (PUTDOWN B012) [1]
8.009: (UNSTACK B011 B001) [1]
9.010: (PUTDOWN B011) [1]
10.011: (UNSTACK B001 B002) [1]
11.012: (STACK B001 B005) [1]
12.013: (UNSTACK B004 B006) [1]
13.014: (STACK B004 B002) [1]
14.015: (UNSTACK B004 B002) [1]
15.016: (STACK B004 B014) [1]
16.017: (PICKUP B002) [1]
17.018: (STACK B002 B006) [1]
18.019: (UNSTACK B002 B006) [1]
19.020: (STACK B002 B012) [1]
20.021: (UNSTACK B004 B014) [1]
21.022: (STACK B004 B002) [1]
22.023: (UNSTACK B014 B008) [1]
23.024: (STACK B014 B001) [1]
24.025: (UNSTACK B008 B003) [1]
25.026: (PUTDOWN B008) [1]
26.027: (UNSTACK B003 B015) [1]
27.028: (PUTDOWN B003) [1]
28.029: (UNSTACK B015 B010) [1]
29.030: (STACK B015 B014) [1]
30.031: (PICKUP B006) [1]
31.032: (STACK B006 B010) [1]
32.033: (UNSTACK B006 B010) [1]
33.034: (PUTDOWN B006) [1]
34.035: (UNSTACK B010 B000) [1]
35.036: (PUTDOWN B010) [1]
36.037: (PICKUP B006) [1]
37.038: (STACK B006 B010) [1]
38.039: (UNSTACK B015 B014) [1]
39.040: (STACK B015 B000) [1]
40.041: (UNSTACK B014 B001) [1]
41.042: (STACK B014 B015) [1]
42.043: (UNSTACK B001 B005) [1]
43.044: (PUTDOWN B001) [1]
44.045: (UNSTACK B005 B013) [1]
45.046: (STACK B005 B011) [1]
46.047: (UNSTACK B004 B002) [1]
47.048: (STACK B004 B001) [1]
48.049: (UNSTACK B002 B012) [1]
49.050: (STACK B002 B006) [1]
50.051: (UNSTACK B004 B001) [1]
51.052: (STACK B004 B002) [1]
52.053: (UNSTACK B005 B011) [1]
53.054: (STACK B005 B004) [1]
