#
# (C) Copyright 2008, University of Illinois, Urbana-Champaign
#
# All rights reserved. Use of this software is permitted ONLY for
# non-commercial research purposes, and it may be copied only
# for that use only. All copies must include this copyright message.
# This software is made available AS IS, and neither the authors
# nor the University of Illinois, make any warranty about the
# software or its performance.
#

Parsing domain file
 domain 'BLOCKS4' defined
Parsing problem file
 problem 'PROBNAME' defined



checking for cyclic := effects --- OK.


; Time 0.06
; ParsingTime 0.05
; NrActions 14
; MakeSpan
; MetricValue
; PlanningTechnique Modified-FF(enforced hill-climbing search) as the subplanner

0.001: (UNSTACK B011 B014) [1]
1.002: (PUTDOWN B011) [1]
2.003: (UNSTACK B014 B013) [1]
3.004: (PUTDOWN B014) [1]
4.005: (UNSTACK B013 B009) [1]
5.006: (STACK B013 B004) [1]
6.007: (PICKUP B015) [1]
7.008: (STACK B015 B009) [1]
8.009: (UNSTACK B015 B009) [1]
9.010: (PUTDOWN B015) [1]
10.011: (UNSTACK B009 B012) [1]
11.012: (STACK B009 B014) [1]
12.013: (PICKUP B015) [1]
13.014: (STACK B015 B009) [1]
