#
# (C) Copyright 2008, University of Illinois, Urbana-Champaign
#
# All rights reserved. Use of this software is permitted ONLY for
# non-commercial research purposes, and it may be copied only
# for that use only. All copies must include this copyright message.
# This software is made available AS IS, and neither the authors
# nor the University of Illinois, make any warranty about the
# software or its performance.
#

Parsing domain file
 domain 'BLOCKS4' defined
Parsing problem file
 problem 'PROBNAME' defined



checking for cyclic := effects --- OK.


; Time 0.09
; ParsingTime 0.05
; NrActions 46
; MakeSpan
; MetricValue
; PlanningTechnique Modified-FF(enforced hill-climbing search) as the subplanner

0.001: (UNSTACK B013 B014) [1]
1.002: (PUTDOWN B013) [1]
2.003: (UNSTACK B014 B003) [1]
3.004: (PUTDOWN B014) [1]
4.005: (UNSTACK B003 B007) [1]
5.006: (STACK B003 B015) [1]
6.007: (PICKUP B007) [1]
7.008: (STACK B007 B013) [1]
8.009: (UNSTACK B007 B013) [1]
9.010: (STACK B007 B014) [1]
10.011: (UNSTACK B004 B001) [1]
11.012: (STACK B004 B007) [1]
12.013: (UNSTACK B001 B005) [1]
13.014: (PUTDOWN B001) [1]
14.015: (UNSTACK B005 B002) [1]
15.016: (STACK B005 B012) [1]
16.017: (PICKUP B013) [1]
17.018: (STACK B013 B002) [1]
18.019: (UNSTACK B013 B002) [1]
19.020: (STACK B013 B005) [1]
20.021: (UNSTACK B003 B015) [1]
21.022: (PUTDOWN B003) [1]
22.023: (UNSTACK B015 B009) [1]
23.024: (STACK B015 B003) [1]
24.025: (UNSTACK B009 B011) [1]
25.026: (STACK B009 B015) [1]
26.027: (UNSTACK B002 B006) [1]
27.028: (STACK B002 B011) [1]
28.029: (UNSTACK B002 B011) [1]
29.030: (STACK B002 B009) [1]
30.031: (UNSTACK B011 B008) [1]
31.032: (PUTDOWN B011) [1]
32.033: (UNSTACK B002 B009) [1]
33.034: (STACK B002 B011) [1]
34.035: (UNSTACK B013 B005) [1]
35.036: (STACK B013 B002) [1]
36.037: (UNSTACK B009 B015) [1]
37.038: (STACK B009 B006) [1]
38.039: (UNSTACK B015 B003) [1]
39.040: (STACK B015 B008) [1]
40.041: (UNSTACK B004 B007) [1]
41.042: (STACK B004 B005) [1]
42.043: (UNSTACK B007 B014) [1]
43.044: (STACK B007 B013) [1]
44.045: (PICKUP B003) [1]
45.046: (STACK B003 B007) [1]
