#
# (C) Copyright 2008, University of Illinois, Urbana-Champaign
#
# All rights reserved. Use of this software is permitted ONLY for
# non-commercial research purposes, and it may be copied only
# for that use only. All copies must include this copyright message.
# This software is made available AS IS, and neither the authors
# nor the University of Illinois, make any warranty about the
# software or its performance.
#

Parsing domain file
 domain 'BLOCKS4' defined
Parsing problem file
 problem 'PROBNAME' defined



checking for cyclic := effects --- OK.


; Time 0.12
; ParsingTime 0.06
; NrActions 36
; MakeSpan
; MetricValue
; PlanningTechnique Modified-FF(enforced hill-climbing search) as the subplanner

0.001: (UNSTACK B015 B008) [1]
1.002: (PUTDOWN B015) [1]
2.003: (UNSTACK B013 B014) [1]
3.004: (PUTDOWN B013) [1]
4.005: (UNSTACK B008 B012) [1]
5.006: (STACK B008 B005) [1]
6.007: (UNSTACK B012 B006) [1]
7.008: (STACK B012 B014) [1]
8.009: (UNSTACK B012 B014) [1]
9.010: (STACK B012 B006) [1]
10.011: (PICKUP B014) [1]
11.012: (STACK B014 B008) [1]
12.013: (UNSTACK B014 B008) [1]
13.014: (STACK B014 B011) [1]
14.015: (UNSTACK B008 B005) [1]
15.016: (PUTDOWN B008) [1]
16.017: (UNSTACK B005 B004) [1]
17.018: (STACK B005 B015) [1]
18.019: (PICKUP B008) [1]
19.020: (STACK B008 B004) [1]
20.021: (UNSTACK B008 B004) [1]
21.022: (STACK B008 B005) [1]
22.023: (UNSTACK B004 B002) [1]
23.024: (STACK B004 B003) [1]
24.025: (UNSTACK B004 B003) [1]
25.026: (STACK B004 B002) [1]
26.027: (UNSTACK B003 B017) [1]
27.028: (PUTDOWN B003) [1]
28.029: (UNSTACK B004 B002) [1]
29.030: (STACK B004 B003) [1]
30.031: (UNSTACK B008 B005) [1]
31.032: (STACK B008 B004) [1]
32.033: (UNSTACK B014 B011) [1]
33.034: (STACK B014 B008) [1]
34.035: (UNSTACK B012 B006) [1]
35.036: (STACK B012 B014) [1]
