#
# (C) Copyright 2008, University of Illinois, Urbana-Champaign
#
# All rights reserved. Use of this software is permitted ONLY for
# non-commercial research purposes, and it may be copied only
# for that use only. All copies must include this copyright message.
# This software is made available AS IS, and neither the authors
# nor the University of Illinois, make any warranty about the
# software or its performance.
#

Parsing domain file
 domain 'BLOCKS4' defined
Parsing problem file
 problem 'PROBNAME' defined



checking for cyclic := effects --- OK.


; Time 0.15
; ParsingTime 0.06
; NrActions 30
; MakeSpan
; MetricValue
; PlanningTechnique Modified-FF(enforced hill-climbing search) as the subplanner

0.001: (UNSTACK B002 B001) [1]
1.002: (PUTDOWN B002) [1]
2.003: (UNSTACK B013 B010) [1]
3.004: (PUTDOWN B013) [1]
4.005: (UNSTACK B010 B004) [1]
5.006: (PUTDOWN B010) [1]
6.007: (UNSTACK B001 B008) [1]
7.008: (PUTDOWN B001) [1]
8.009: (UNSTACK B004 B000) [1]
9.010: (PUTDOWN B004) [1]
10.011: (UNSTACK B008 B007) [1]
11.012: (PUTDOWN B008) [1]
12.013: (UNSTACK B007 B005) [1]
13.014: (STACK B007 B004) [1]
14.015: (PICKUP B005) [1]
15.016: (STACK B005 B000) [1]
16.017: (UNSTACK B005 B000) [1]
17.018: (PUTDOWN B005) [1]
18.019: (PICKUP B000) [1]
19.020: (STACK B000 B002) [1]
20.021: (UNSTACK B000 B002) [1]
21.022: (PUTDOWN B000) [1]
22.023: (PICKUP B002) [1]
23.024: (STACK B002 B001) [1]
24.025: (PICKUP B000) [1]
25.026: (STACK B000 B002) [1]
26.027: (PICKUP B005) [1]
27.028: (STACK B005 B000) [1]
28.029: (UNSTACK B007 B004) [1]
29.030: (STACK B007 B005) [1]
