#
# (C) Copyright 2008, University of Illinois, Urbana-Champaign
#
# All rights reserved. Use of this software is permitted ONLY for
# non-commercial research purposes, and it may be copied only
# for that use only. All copies must include this copyright message.
# This software is made available AS IS, and neither the authors
# nor the University of Illinois, make any warranty about the
# software or its performance.
#

Parsing domain file
 domain 'BLOCKS4' defined
Parsing problem file
 problem 'PROBNAME' defined



checking for cyclic := effects --- OK.


; Time 0.15
; ParsingTime 0.07
; NrActions 42
; MakeSpan
; MetricValue
; PlanningTechnique Modified-FF(enforced hill-climbing search) as the subplanner

0.001: (UNSTACK B001 B004) [1]
1.002: (STACK B001 B016) [1]
2.003: (UNSTACK B007 B008) [1]
3.004: (STACK B007 B004) [1]
4.005: (UNSTACK B007 B004) [1]
5.006: (PUTDOWN B007) [1]
6.007: (UNSTACK B002 B014) [1]
7.008: (STACK B002 B001) [1]
8.009: (UNSTACK B004 B000) [1]
9.010: (STACK B004 B014) [1]
10.011: (UNSTACK B004 B014) [1]
11.012: (PUTDOWN B004) [1]
12.013: (UNSTACK B002 B001) [1]
13.014: (STACK B002 B000) [1]
14.015: (UNSTACK B001 B016) [1]
15.016: (PUTDOWN B001) [1]
16.017: (UNSTACK B016 B012) [1]
17.018: (PUTDOWN B016) [1]
18.019: (UNSTACK B012 B017) [1]
19.020: (PUTDOWN B012) [1]
20.021: (UNSTACK B017 B005) [1]
21.022: (STACK B017 B004) [1]
22.023: (UNSTACK B014 B009) [1]
23.024: (STACK B014 B005) [1]
24.025: (UNSTACK B014 B005) [1]
25.026: (STACK B014 B001) [1]
26.027: (PICKUP B005) [1]
27.028: (STACK B005 B008) [1]
28.029: (UNSTACK B005 B008) [1]
29.030: (PUTDOWN B005) [1]
30.031: (UNSTACK B008 B015) [1]
31.032: (PUTDOWN B008) [1]
32.033: (PICKUP B005) [1]
33.034: (STACK B005 B008) [1]
34.035: (UNSTACK B014 B001) [1]
35.036: (STACK B014 B005) [1]
36.037: (UNSTACK B017 B004) [1]
37.038: (PUTDOWN B017) [1]
38.039: (PICKUP B004) [1]
39.040: (STACK B004 B014) [1]
40.041: (PICKUP B007) [1]
41.042: (STACK B007 B004) [1]
