#
# (C) Copyright 2008, University of Illinois, Urbana-Champaign
#
# All rights reserved. Use of this software is permitted ONLY for
# non-commercial research purposes, and it may be copied only
# for that use only. All copies must include this copyright message.
# This software is made available AS IS, and neither the authors
# nor the University of Illinois, make any warranty about the
# software or its performance.
#

Parsing domain file
 domain 'BLOCKS4' defined
Parsing problem file
 problem 'PROBNAME' defined



checking for cyclic := effects --- OK.


; Time 0.11
; ParsingTime 0.05
; NrActions 26
; MakeSpan
; MetricValue
; PlanningTechnique Modified-FF(enforced hill-climbing search) as the subplanner

0.001: (UNSTACK B000 B006) [1]
1.002: (STACK B000 B007) [1]
2.003: (UNSTACK B006 B001) [1]
3.004: (STACK B006 B016) [1]
4.005: (UNSTACK B006 B016) [1]
5.006: (PUTDOWN B006) [1]
6.007: (UNSTACK B000 B007) [1]
7.008: (STACK B000 B001) [1]
8.009: (UNSTACK B007 B008) [1]
9.010: (PUTDOWN B007) [1]
10.011: (UNSTACK B008 B017) [1]
11.012: (STACK B008 B007) [1]
12.013: (PICKUP B016) [1]
13.014: (STACK B016 B017) [1]
14.015: (UNSTACK B016 B017) [1]
15.016: (STACK B016 B005) [1]
16.017: (UNSTACK B017 B002) [1]
17.018: (PUTDOWN B017) [1]
18.019: (UNSTACK B002 B003) [1]
19.020: (STACK B002 B008) [1]
20.021: (PICKUP B017) [1]
21.022: (STACK B017 B003) [1]
22.023: (UNSTACK B016 B005) [1]
23.024: (STACK B016 B017) [1]
24.025: (PICKUP B006) [1]
25.026: (STACK B006 B016) [1]
