#
# (C) Copyright 2008, University of Illinois, Urbana-Champaign
#
# All rights reserved. Use of this software is permitted ONLY for
# non-commercial research purposes, and it may be copied only
# for that use only. All copies must include this copyright message.
# This software is made available AS IS, and neither the authors
# nor the University of Illinois, make any warranty about the
# software or its performance.
#

Parsing domain file
 domain 'BLOCKS4' defined
Parsing problem file
 problem 'PROBNAME' defined



checking for cyclic := effects --- OK.


; Time 0.12
; ParsingTime 0.08
; NrActions 36
; MakeSpan
; MetricValue
; PlanningTechnique Modified-FF(enforced hill-climbing search) as the subplanner

0.001: (UNSTACK B009 B004) [1]
1.002: (PUTDOWN B009) [1]
2.003: (UNSTACK B004 B007) [1]
3.004: (PUTDOWN B004) [1]
4.005: (UNSTACK B007 B008) [1]
5.006: (STACK B007 B016) [1]
6.007: (PICKUP B000) [1]
7.008: (STACK B000 B008) [1]
8.009: (UNSTACK B000 B008) [1]
9.010: (STACK B000 B007) [1]
10.011: (UNSTACK B006 B005) [1]
11.012: (PUTDOWN B006) [1]
12.013: (UNSTACK B008 B003) [1]
13.014: (STACK B008 B000) [1]
14.015: (PICKUP B003) [1]
15.016: (STACK B003 B005) [1]
16.017: (UNSTACK B003 B005) [1]
17.018: (STACK B003 B006) [1]
18.019: (UNSTACK B017 B010) [1]
19.020: (STACK B017 B003) [1]
20.021: (UNSTACK B010 B015) [1]
21.022: (STACK B010 B008) [1]
22.023: (UNSTACK B015 B002) [1]
23.024: (STACK B015 B004) [1]
24.025: (UNSTACK B005 B001) [1]
25.026: (STACK B005 B002) [1]
26.027: (UNSTACK B017 B003) [1]
27.028: (STACK B017 B001) [1]
28.029: (UNSTACK B003 B006) [1]
29.030: (STACK B003 B005) [1]
30.031: (UNSTACK B010 B008) [1]
31.032: (PUTDOWN B010) [1]
32.033: (UNSTACK B008 B000) [1]
33.034: (STACK B008 B003) [1]
34.035: (UNSTACK B000 B007) [1]
35.036: (STACK B000 B008) [1]
