#
# (C) Copyright 2008, University of Illinois, Urbana-Champaign
#
# All rights reserved. Use of this software is permitted ONLY for
# non-commercial research purposes, and it may be copied only
# for that use only. All copies must include this copyright message.
# This software is made available AS IS, and neither the authors
# nor the University of Illinois, make any warranty about the
# software or its performance.
#

Parsing domain file
 domain 'BLOCKS4' defined
Parsing problem file
 problem 'PROBNAME' defined



checking for cyclic := effects --- OK.


; Time 0.12
; ParsingTime 0.06
; NrActions 40
; MakeSpan
; MetricValue
; PlanningTechnique Modified-FF(enforced hill-climbing search) as the subplanner

0.001: (UNSTACK B011 B012) [1]
1.002: (PUTDOWN B011) [1]
2.003: (UNSTACK B000 B003) [1]
3.004: (PUTDOWN B000) [1]
4.005: (UNSTACK B012 B014) [1]
5.006: (PUTDOWN B012) [1]
6.007: (UNSTACK B014 B010) [1]
7.008: (PUTDOWN B014) [1]
8.009: (UNSTACK B010 B001) [1]
9.010: (STACK B010 B015) [1]
10.011: (PICKUP B001) [1]
11.012: (STACK B001 B003) [1]
12.013: (UNSTACK B001 B003) [1]
13.014: (STACK B001 B011) [1]
14.015: (UNSTACK B017 B009) [1]
15.016: (STACK B017 B000) [1]
16.017: (UNSTACK B003 B004) [1]
17.018: (STACK B003 B009) [1]
18.019: (UNSTACK B003 B009) [1]
19.020: (STACK B003 B001) [1]
20.021: (UNSTACK B017 B000) [1]
21.022: (STACK B017 B003) [1]
22.023: (UNSTACK B009 B013) [1]
23.024: (STACK B009 B000) [1]
24.025: (UNSTACK B009 B000) [1]
25.026: (STACK B009 B010) [1]
26.027: (UNSTACK B017 B003) [1]
27.028: (STACK B017 B014) [1]
28.029: (UNSTACK B003 B001) [1]
29.030: (PUTDOWN B003) [1]
30.031: (UNSTACK B001 B011) [1]
31.032: (PUTDOWN B001) [1]
32.033: (PICKUP B000) [1]
33.034: (STACK B000 B011) [1]
34.035: (UNSTACK B009 B010) [1]
35.036: (STACK B009 B000) [1]
36.037: (PICKUP B003) [1]
37.038: (STACK B003 B009) [1]
38.039: (PICKUP B001) [1]
39.040: (STACK B001 B003) [1]
