#
# (C) Copyright 2008, University of Illinois, Urbana-Champaign
#
# All rights reserved. Use of this software is permitted ONLY for
# non-commercial research purposes, and it may be copied only
# for that use only. All copies must include this copyright message.
# This software is made available AS IS, and neither the authors
# nor the University of Illinois, make any warranty about the
# software or its performance.
#

Parsing domain file
 domain 'BLOCKS4' defined
Parsing problem file
 problem 'PROBNAME' defined



checking for cyclic := effects --- OK.


; Time 0.09
; ParsingTime 0.07
; NrActions 18
; MakeSpan
; MetricValue
; PlanningTechnique Modified-FF(enforced hill-climbing search) as the subplanner

0.001: (UNSTACK B014 B005) [1]
1.002: (PUTDOWN B014) [1]
2.003: (UNSTACK B010 B006) [1]
3.004: (PUTDOWN B010) [1]
4.005: (UNSTACK B005 B016) [1]
5.006: (PUTDOWN B005) [1]
6.007: (UNSTACK B006 B002) [1]
7.008: (PUTDOWN B006) [1]
8.009: (UNSTACK B016 B013) [1]
9.010: (STACK B016 B015) [1]
10.011: (UNSTACK B002 B009) [1]
11.012: (STACK B002 B013) [1]
12.013: (UNSTACK B002 B013) [1]
13.014: (STACK B002 B016) [1]
14.015: (UNSTACK B013 B018) [1]
15.016: (PUTDOWN B013) [1]
16.017: (UNSTACK B002 B016) [1]
17.018: (STACK B002 B013) [1]
