#
# (C) Copyright 2008, University of Illinois, Urbana-Champaign
#
# All rights reserved. Use of this software is permitted ONLY for
# non-commercial research purposes, and it may be copied only
# for that use only. All copies must include this copyright message.
# This software is made available AS IS, and neither the authors
# nor the University of Illinois, make any warranty about the
# software or its performance.
#

Parsing domain file
 domain 'BLOCKS4' defined
Parsing problem file
 problem 'PROBNAME' defined



checking for cyclic := effects --- OK.


; Time 0.10
; ParsingTime 0.06
; NrActions 18
; MakeSpan
; MetricValue
; PlanningTechnique Modified-FF(enforced hill-climbing search) as the subplanner

0.001: (UNSTACK B001 B007) [1]
1.002: (PUTDOWN B001) [1]
2.003: (UNSTACK B019 B018) [1]
3.004: (PUTDOWN B019) [1]
4.005: (UNSTACK B007 B000) [1]
5.006: (PUTDOWN B007) [1]
6.007: (UNSTACK B000 B004) [1]
7.008: (PUTDOWN B000) [1]
8.009: (UNSTACK B004 B009) [1]
9.010: (STACK B004 B011) [1]
10.011: (PICKUP B009) [1]
11.012: (STACK B009 B018) [1]
12.013: (UNSTACK B009 B018) [1]
13.014: (PUTDOWN B009) [1]
14.015: (UNSTACK B018 B016) [1]
15.016: (PUTDOWN B018) [1]
16.017: (PICKUP B009) [1]
17.018: (STACK B009 B018) [1]
