#
# (C) Copyright 2008, University of Illinois, Urbana-Champaign
#
# All rights reserved. Use of this software is permitted ONLY for
# non-commercial research purposes, and it may be copied only
# for that use only. All copies must include this copyright message.
# This software is made available AS IS, and neither the authors
# nor the University of Illinois, make any warranty about the
# software or its performance.
#

Parsing domain file
 domain 'BLOCKS4' defined
Parsing problem file
 problem 'PROBNAME' defined



checking for cyclic := effects --- OK.


; Time 0.10
; ParsingTime 0.09
; NrActions 14
; MakeSpan
; MetricValue
; PlanningTechnique Modified-FF(enforced hill-climbing search) as the subplanner

0.001: (UNSTACK B008 B019) [1]
1.002: (PUTDOWN B008) [1]
2.003: (UNSTACK B019 B013) [1]
3.004: (PUTDOWN B019) [1]
4.005: (UNSTACK B013 B020) [1]
5.006: (STACK B013 B006) [1]
6.007: (UNSTACK B011 B004) [1]
7.008: (STACK B011 B020) [1]
8.009: (UNSTACK B011 B020) [1]
9.010: (STACK B011 B019) [1]
10.011: (UNSTACK B020 B009) [1]
11.012: (PUTDOWN B020) [1]
12.013: (UNSTACK B011 B019) [1]
13.014: (STACK B011 B020) [1]
