#
# (C) Copyright 2008, University of Illinois, Urbana-Champaign
#
# All rights reserved. Use of this software is permitted ONLY for
# non-commercial research purposes, and it may be copied only
# for that use only. All copies must include this copyright message.
# This software is made available AS IS, and neither the authors
# nor the University of Illinois, make any warranty about the
# software or its performance.
#

Parsing domain file
 domain 'BLOCKS4' defined
Parsing problem file
 problem 'PROBNAME' defined



checking for cyclic := effects --- OK.


; Time 0.16
; ParsingTime 0.09
; NrActions 40
; MakeSpan
; MetricValue
; PlanningTechnique Modified-FF(enforced hill-climbing search) as the subplanner

0.001: (UNSTACK B001 B003) [1]
1.002: (PUTDOWN B001) [1]
2.003: (UNSTACK B003 B000) [1]
3.004: (PUTDOWN B003) [1]
4.005: (UNSTACK B000 B012) [1]
5.006: (STACK B000 B018) [1]
6.007: (UNSTACK B008 B017) [1]
7.008: (STACK B008 B012) [1]
8.009: (UNSTACK B008 B012) [1]
9.010: (STACK B008 B020) [1]
10.011: (UNSTACK B012 B002) [1]
11.012: (STACK B012 B003) [1]
12.013: (UNSTACK B012 B003) [1]
13.014: (PUTDOWN B012) [1]
14.015: (UNSTACK B008 B020) [1]
15.016: (STACK B008 B002) [1]
16.017: (UNSTACK B020 B004) [1]
17.018: (STACK B020 B007) [1]
18.019: (PICKUP B003) [1]
19.020: (STACK B003 B004) [1]
20.021: (UNSTACK B003 B004) [1]
21.022: (STACK B003 B012) [1]
22.023: (UNSTACK B000 B018) [1]
23.024: (PUTDOWN B000) [1]
24.025: (UNSTACK B018 B006) [1]
25.026: (STACK B018 B020) [1]
26.027: (UNSTACK B004 B011) [1]
27.028: (STACK B004 B006) [1]
28.029: (UNSTACK B004 B006) [1]
29.030: (STACK B004 B018) [1]
30.031: (UNSTACK B006 B021) [1]
31.032: (PUTDOWN B006) [1]
32.033: (UNSTACK B004 B018) [1]
33.034: (STACK B004 B006) [1]
34.035: (UNSTACK B003 B012) [1]
35.036: (STACK B003 B004) [1]
36.037: (PICKUP B012) [1]
37.038: (STACK B012 B003) [1]
38.039: (UNSTACK B008 B002) [1]
39.040: (STACK B008 B012) [1]
