#
# (C) Copyright 2008, University of Illinois, Urbana-Champaign
#
# All rights reserved. Use of this software is permitted ONLY for
# non-commercial research purposes, and it may be copied only
# for that use only. All copies must include this copyright message.
# This software is made available AS IS, and neither the authors
# nor the University of Illinois, make any warranty about the
# software or its performance.
#

Parsing domain file
 domain 'BLOCKS4' defined
Parsing problem file
 problem 'PROBNAME' defined



checking for cyclic := effects --- OK.


; Time 0.12
; ParsingTime 0.07
; NrActions 28
; MakeSpan
; MetricValue
; PlanningTechnique Modified-FF(enforced hill-climbing search) as the subplanner

0.001: (UNSTACK B017 B013) [1]
1.002: (PUTDOWN B017) [1]
2.003: (UNSTACK B013 B008) [1]
3.004: (PUTDOWN B013) [1]
4.005: (UNSTACK B008 B005) [1]
5.006: (PUTDOWN B008) [1]
6.007: (UNSTACK B005 B009) [1]
7.008: (STACK B005 B007) [1]
8.009: (PICKUP B009) [1]
9.010: (STACK B009 B005) [1]
10.011: (UNSTACK B009 B005) [1]
11.012: (PUTDOWN B009) [1]
12.013: (UNSTACK B005 B007) [1]
13.014: (STACK B005 B008) [1]
14.015: (UNSTACK B005 B008) [1]
15.016: (STACK B005 B007) [1]
16.017: (PICKUP B008) [1]
17.018: (STACK B008 B015) [1]
18.019: (UNSTACK B008 B015) [1]
19.020: (STACK B008 B001) [1]
20.021: (UNSTACK B015 B014) [1]
21.022: (PUTDOWN B015) [1]
22.023: (UNSTACK B008 B001) [1]
23.024: (STACK B008 B015) [1]
24.025: (UNSTACK B005 B007) [1]
25.026: (STACK B005 B008) [1]
26.027: (PICKUP B009) [1]
27.028: (STACK B009 B005) [1]
