#
# (C) Copyright 2008, University of Illinois, Urbana-Champaign
#
# All rights reserved. Use of this software is permitted ONLY for
# non-commercial research purposes, and it may be copied only
# for that use only. All copies must include this copyright message.
# This software is made available AS IS, and neither the authors
# nor the University of Illinois, make any warranty about the
# software or its performance.
#

Parsing domain file
 domain 'BLOCKS4' defined
Parsing problem file
 problem 'PROBNAME' defined



checking for cyclic := effects --- OK.


; Time 0.14
; ParsingTime 0.08
; NrActions 12
; MakeSpan
; MetricValue
; PlanningTechnique Modified-FF(enforced hill-climbing search) as the subplanner

0.001: (UNSTACK B020 B023) [1]
1.002: (PUTDOWN B020) [1]
2.003: (UNSTACK B023 B016) [1]
3.004: (PUTDOWN B023) [1]
4.005: (UNSTACK B016 B006) [1]
5.006: (PUTDOWN B016) [1]
6.007: (UNSTACK B006 B021) [1]
7.008: (STACK B006 B016) [1]
8.009: (PICKUP B023) [1]
9.010: (STACK B023 B021) [1]
10.011: (PICKUP B020) [1]
11.012: (STACK B020 B023) [1]
