#
# (C) Copyright 2008, University of Illinois, Urbana-Champaign
#
# All rights reserved. Use of this software is permitted ONLY for
# non-commercial research purposes, and it may be copied only
# for that use only. All copies must include this copyright message.
# This software is made available AS IS, and neither the authors
# nor the University of Illinois, make any warranty about the
# software or its performance.
#

Parsing domain file
 domain 'BLOCKS4' defined
Parsing problem file
 problem 'PROBNAME' defined



checking for cyclic := effects --- OK.


; Time 0.11
; ParsingTime 0.08
; NrActions 28
; MakeSpan
; MetricValue
; PlanningTechnique Modified-FF(enforced hill-climbing search) as the subplanner

0.001: (UNSTACK B021 B017) [1]
1.002: (STACK B021 B019) [1]
2.003: (UNSTACK B017 B012) [1]
3.004: (STACK B017 B013) [1]
4.005: (UNSTACK B017 B013) [1]
5.006: (STACK B017 B018) [1]
6.007: (UNSTACK B013 B010) [1]
7.008: (STACK B013 B011) [1]
8.009: (UNSTACK B013 B011) [1]
9.010: (STACK B013 B004) [1]
10.011: (UNSTACK B011 B007) [1]
11.012: (STACK B011 B022) [1]
12.013: (UNSTACK B011 B022) [1]
13.014: (STACK B011 B007) [1]
14.015: (PICKUP B022) [1]
15.016: (STACK B022 B016) [1]
16.017: (UNSTACK B022 B016) [1]
17.018: (PUTDOWN B022) [1]
18.019: (UNSTACK B016 B006) [1]
19.020: (PUTDOWN B016) [1]
20.021: (PICKUP B022) [1]
21.022: (STACK B022 B016) [1]
22.023: (UNSTACK B011 B007) [1]
23.024: (STACK B011 B022) [1]
24.025: (UNSTACK B013 B004) [1]
25.026: (STACK B013 B011) [1]
26.027: (UNSTACK B017 B018) [1]
27.028: (STACK B017 B013) [1]
