#
# (C) Copyright 2008, University of Illinois, Urbana-Champaign
#
# All rights reserved. Use of this software is permitted ONLY for
# non-commercial research purposes, and it may be copied only
# for that use only. All copies must include this copyright message.
# This software is made available AS IS, and neither the authors
# nor the University of Illinois, make any warranty about the
# software or its performance.
#

Parsing domain file
 domain 'BLOCKS4' defined
Parsing problem file
 problem 'PROBNAME' defined



checking for cyclic := effects --- OK.


; Time 0.25
; ParsingTime 0.07
; NrActions 42
; MakeSpan
; MetricValue
; PlanningTechnique Modified-FF(enforced hill-climbing search) as the subplanner

0.001: (UNSTACK B009 B003) [1]
1.002: (PUTDOWN B009) [1]
2.003: (UNSTACK B014 B013) [1]
3.004: (PUTDOWN B014) [1]
4.005: (UNSTACK B013 B004) [1]
5.006: (STACK B013 B009) [1]
6.007: (UNSTACK B004 B015) [1]
7.008: (STACK B004 B003) [1]
8.009: (UNSTACK B004 B003) [1]
9.010: (PUTDOWN B004) [1]
10.011: (UNSTACK B003 B012) [1]
11.012: (STACK B003 B015) [1]
12.013: (UNSTACK B012 B011) [1]
13.014: (PUTDOWN B012) [1]
14.015: (UNSTACK B011 B001) [1]
15.016: (STACK B011 B012) [1]
16.017: (UNSTACK B003 B015) [1]
17.018: (STACK B003 B001) [1]
18.019: (UNSTACK B003 B001) [1]
19.020: (STACK B003 B015) [1]
20.021: (UNSTACK B007 B000) [1]
21.022: (STACK B007 B011) [1]
22.023: (UNSTACK B000 B008) [1]
23.024: (PUTDOWN B000) [1]
24.025: (UNSTACK B008 B005) [1]
25.026: (PUTDOWN B008) [1]
26.027: (UNSTACK B005 B002) [1]
27.028: (STACK B005 B003) [1]
28.029: (PICKUP B001) [1]
29.030: (STACK B001 B002) [1]
30.031: (UNSTACK B001 B002) [1]
31.032: (PUTDOWN B001) [1]
32.033: (PICKUP B002) [1]
33.034: (STACK B002 B000) [1]
34.035: (PICKUP B001) [1]
35.036: (STACK B001 B002) [1]
36.037: (UNSTACK B005 B003) [1]
37.038: (PUTDOWN B005) [1]
38.039: (UNSTACK B003 B015) [1]
39.040: (STACK B003 B001) [1]
40.041: (PICKUP B004) [1]
41.042: (STACK B004 B003) [1]
