#
# (C) Copyright 2008, University of Illinois, Urbana-Champaign
#
# All rights reserved. Use of this software is permitted ONLY for
# non-commercial research purposes, and it may be copied only
# for that use only. All copies must include this copyright message.
# This software is made available AS IS, and neither the authors
# nor the University of Illinois, make any warranty about the
# software or its performance.
#

Parsing domain file
 domain 'BLOCKS4' defined
Parsing problem file
 problem 'PROBNAME' defined



checking for cyclic := effects --- OK.


; Time 0.25
; ParsingTime 0.08
; NrActions 38
; MakeSpan
; MetricValue
; PlanningTechnique Modified-FF(enforced hill-climbing search) as the subplanner

0.001: (UNSTACK B019 B015) [1]
1.002: (PUTDOWN B019) [1]
2.003: (UNSTACK B002 B000) [1]
3.004: (PUTDOWN B002) [1]
4.005: (UNSTACK B015 B007) [1]
5.006: (PUTDOWN B015) [1]
6.007: (UNSTACK B000 B003) [1]
7.008: (PUTDOWN B000) [1]
8.009: (UNSTACK B007 B011) [1]
9.010: (STACK B007 B022) [1]
10.011: (UNSTACK B003 B001) [1]
11.012: (STACK B003 B011) [1]
12.013: (UNSTACK B003 B011) [1]
13.014: (STACK B003 B005) [1]
14.015: (PICKUP B011) [1]
15.016: (STACK B011 B014) [1]
16.017: (UNSTACK B011 B014) [1]
17.018: (STACK B011 B023) [1]
18.019: (UNSTACK B021 B020) [1]
19.020: (STACK B021 B012) [1]
20.021: (UNSTACK B014 B013) [1]
21.022: (STACK B014 B020) [1]
22.023: (UNSTACK B014 B020) [1]
23.024: (STACK B014 B013) [1]
24.025: (PICKUP B020) [1]
25.026: (STACK B020 B021) [1]
26.027: (UNSTACK B020 B021) [1]
27.028: (PUTDOWN B020) [1]
28.029: (UNSTACK B021 B012) [1]
29.030: (PUTDOWN B021) [1]
30.031: (PICKUP B020) [1]
31.032: (STACK B020 B021) [1]
32.033: (UNSTACK B014 B013) [1]
33.034: (STACK B014 B020) [1]
34.035: (UNSTACK B011 B023) [1]
35.036: (STACK B011 B014) [1]
36.037: (UNSTACK B003 B005) [1]
37.038: (STACK B003 B011) [1]
