#
# (C) Copyright 2008, University of Illinois, Urbana-Champaign
#
# All rights reserved. Use of this software is permitted ONLY for
# non-commercial research purposes, and it may be copied only
# for that use only. All copies must include this copyright message.
# This software is made available AS IS, and neither the authors
# nor the University of Illinois, make any warranty about the
# software or its performance.
#

Parsing domain file
 domain 'BLOCKS4' defined
Parsing problem file
 problem 'PROBNAME' defined



checking for cyclic := effects --- OK.


; Time 0.55
; ParsingTime 0.08
; NrActions 48
; MakeSpan
; MetricValue
; PlanningTechnique Modified-FF(enforced hill-climbing search) as the subplanner

0.001: (UNSTACK B008 B009) [1]
1.002: (PUTDOWN B008) [1]
2.003: (UNSTACK B009 B017) [1]
3.004: (PUTDOWN B009) [1]
4.005: (UNSTACK B017 B018) [1]
5.006: (PUTDOWN B017) [1]
6.007: (UNSTACK B018 B019) [1]
7.008: (STACK B018 B017) [1]
8.009: (PICKUP B019) [1]
9.010: (STACK B019 B007) [1]
10.011: (UNSTACK B019 B007) [1]
11.012: (PUTDOWN B019) [1]
12.013: (UNSTACK B007 B005) [1]
13.014: (STACK B007 B018) [1]
14.015: (UNSTACK B007 B018) [1]
15.016: (STACK B007 B019) [1]
16.017: (UNSTACK B001 B004) [1]
17.018: (PUTDOWN B001) [1]
18.019: (UNSTACK B004 B000) [1]
19.020: (PUTDOWN B004) [1]
20.021: (UNSTACK B000 B003) [1]
21.022: (PUTDOWN B000) [1]
22.023: (UNSTACK B003 B002) [1]
23.024: (STACK B003 B009) [1]
24.025: (UNSTACK B018 B017) [1]
25.026: (STACK B018 B002) [1]
26.027: (UNSTACK B018 B002) [1]
27.028: (STACK B018 B017) [1]
28.029: (PICKUP B002) [1]
29.030: (STACK B002 B020) [1]
30.031: (UNSTACK B002 B020) [1]
31.032: (PUTDOWN B002) [1]
32.033: (UNSTACK B020 B023) [1]
33.034: (PUTDOWN B020) [1]
34.035: (UNSTACK B007 B019) [1]
35.036: (STACK B007 B018) [1]
36.037: (PICKUP B002) [1]
37.038: (STACK B002 B020) [1]
38.039: (PICKUP B019) [1]
39.040: (STACK B019 B010) [1]
40.041: (UNSTACK B007 B018) [1]
41.042: (STACK B007 B019) [1]
42.043: (UNSTACK B018 B017) [1]
43.044: (STACK B018 B002) [1]
44.045: (UNSTACK B007 B019) [1]
45.046: (STACK B007 B018) [1]
46.047: (UNSTACK B019 B010) [1]
47.048: (STACK B019 B007) [1]
