#
# (C) Copyright 2008, University of Illinois, Urbana-Champaign
#
# All rights reserved. Use of this software is permitted ONLY for
# non-commercial research purposes, and it may be copied only
# for that use only. All copies must include this copyright message.
# This software is made available AS IS, and neither the authors
# nor the University of Illinois, make any warranty about the
# software or its performance.
#

Parsing domain file
 domain 'BLOCKS4' defined
Parsing problem file
 problem 'PROBNAME' defined



checking for cyclic := effects --- OK.


; Time 0.18
; ParsingTime 0.07
; NrActions 36
; MakeSpan
; MetricValue
; PlanningTechnique Modified-FF(enforced hill-climbing search) as the subplanner

0.001: (UNSTACK B014 B009) [1]
1.002: (PUTDOWN B014) [1]
2.003: (UNSTACK B001 B003) [1]
3.004: (PUTDOWN B001) [1]
4.005: (UNSTACK B003 B004) [1]
5.006: (PUTDOWN B003) [1]
6.007: (UNSTACK B009 B006) [1]
7.008: (STACK B009 B005) [1]
8.009: (UNSTACK B006 B020) [1]
9.010: (STACK B006 B004) [1]
10.011: (UNSTACK B006 B004) [1]
11.012: (PUTDOWN B006) [1]
12.013: (UNSTACK B011 B007) [1]
13.014: (STACK B011 B020) [1]
14.015: (UNSTACK B007 B000) [1]
15.016: (STACK B007 B003) [1]
16.017: (UNSTACK B004 B017) [1]
17.018: (STACK B004 B000) [1]
18.019: (UNSTACK B004 B000) [1]
19.020: (PUTDOWN B004) [1]
20.021: (UNSTACK B009 B005) [1]
21.022: (STACK B009 B004) [1]
22.023: (UNSTACK B000 B010) [1]
23.024: (STACK B000 B005) [1]
24.025: (UNSTACK B000 B005) [1]
25.026: (STACK B000 B017) [1]
26.027: (UNSTACK B005 B015) [1]
27.028: (STACK B005 B001) [1]
28.029: (UNSTACK B000 B017) [1]
29.030: (STACK B000 B005) [1]
30.031: (UNSTACK B009 B004) [1]
31.032: (STACK B009 B010) [1]
32.033: (PICKUP B004) [1]
33.034: (STACK B004 B000) [1]
34.035: (PICKUP B006) [1]
35.036: (STACK B006 B004) [1]
