#
# (C) Copyright 2008, University of Illinois, Urbana-Champaign
#
# All rights reserved. Use of this software is permitted ONLY for
# non-commercial research purposes, and it may be copied only
# for that use only. All copies must include this copyright message.
# This software is made available AS IS, and neither the authors
# nor the University of Illinois, make any warranty about the
# software or its performance.
#

Parsing domain file
 domain 'BLOCKS4' defined
Parsing problem file
 problem 'PROBNAME' defined



checking for cyclic := effects --- OK.


; Time 0.14
; ParsingTime 0.07
; NrActions 16
; MakeSpan
; MetricValue
; PlanningTechnique Modified-FF(enforced hill-climbing search) as the subplanner

0.001: (UNSTACK B020 B023) [1]
1.002: (PUTDOWN B020) [1]
2.003: (UNSTACK B012 B011) [1]
3.004: (PUTDOWN B012) [1]
4.005: (UNSTACK B011 B019) [1]
5.006: (PUTDOWN B011) [1]
6.007: (UNSTACK B019 B022) [1]
7.008: (STACK B019 B011) [1]
8.009: (PICKUP B023) [1]
9.010: (STACK B023 B022) [1]
10.011: (UNSTACK B023 B022) [1]
11.012: (PUTDOWN B023) [1]
12.013: (PICKUP B022) [1]
13.014: (STACK B022 B020) [1]
14.015: (PICKUP B023) [1]
15.016: (STACK B023 B022) [1]
