#
# (C) Copyright 2008, University of Illinois, Urbana-Champaign
#
# All rights reserved. Use of this software is permitted ONLY for
# non-commercial research purposes, and it may be copied only
# for that use only. All copies must include this copyright message.
# This software is made available AS IS, and neither the authors
# nor the University of Illinois, make any warranty about the
# software or its performance.
#

Parsing domain file
 domain 'BLOCKS4' defined
Parsing problem file
 problem 'PROBNAME' defined



checking for cyclic := effects --- OK.


; Time 0.30
; ParsingTime 0.08
; NrActions 40
; MakeSpan
; MetricValue
; PlanningTechnique Modified-FF(enforced hill-climbing search) as the subplanner

0.001: (UNSTACK B011 B014) [1]
1.002: (PUTDOWN B011) [1]
2.003: (UNSTACK B018 B021) [1]
3.004: (PUTDOWN B018) [1]
4.005: (UNSTACK B014 B007) [1]
5.006: (PUTDOWN B014) [1]
6.007: (UNSTACK B007 B012) [1]
7.008: (PUTDOWN B007) [1]
8.009: (UNSTACK B012 B015) [1]
9.010: (STACK B012 B025) [1]
10.011: (UNSTACK B021 B019) [1]
11.012: (STACK B021 B015) [1]
12.013: (UNSTACK B021 B015) [1]
13.014: (STACK B021 B006) [1]
14.015: (PICKUP B015) [1]
15.016: (STACK B015 B017) [1]
16.017: (UNSTACK B015 B017) [1]
17.018: (STACK B015 B018) [1]
18.019: (UNSTACK B022 B009) [1]
19.020: (STACK B022 B015) [1]
20.021: (UNSTACK B009 B016) [1]
21.022: (STACK B009 B012) [1]
22.023: (UNSTACK B016 B024) [1]
23.024: (STACK B016 B004) [1]
24.025: (UNSTACK B017 B020) [1]
25.026: (STACK B017 B024) [1]
26.027: (UNSTACK B017 B024) [1]
27.028: (STACK B017 B016) [1]
28.029: (UNSTACK B022 B015) [1]
29.030: (STACK B022 B019) [1]
30.031: (UNSTACK B015 B018) [1]
31.032: (PUTDOWN B015) [1]
32.033: (UNSTACK B024 B023) [1]
33.034: (STACK B024 B018) [1]
34.035: (UNSTACK B017 B016) [1]
35.036: (STACK B017 B024) [1]
36.037: (PICKUP B015) [1]
37.038: (STACK B015 B017) [1]
38.039: (UNSTACK B021 B006) [1]
39.040: (STACK B021 B015) [1]
