#
# (C) Copyright 2008, University of Illinois, Urbana-Champaign
#
# All rights reserved. Use of this software is permitted ONLY for
# non-commercial research purposes, and it may be copied only
# for that use only. All copies must include this copyright message.
# This software is made available AS IS, and neither the authors
# nor the University of Illinois, make any warranty about the
# software or its performance.
#

Parsing domain file
 domain 'BLOCKS4' defined
Parsing problem file
 problem 'PROBNAME' defined



checking for cyclic := effects --- OK.


; Time 0.24
; ParsingTime 0.08
; NrActions 42
; MakeSpan
; MetricValue
; PlanningTechnique Modified-FF(enforced hill-climbing search) as the subplanner

0.001: (UNSTACK B012 B000) [1]
1.002: (PUTDOWN B012) [1]
2.003: (UNSTACK B009 B013) [1]
3.004: (PUTDOWN B009) [1]
4.005: (UNSTACK B013 B020) [1]
5.006: (PUTDOWN B013) [1]
6.007: (UNSTACK B020 B018) [1]
7.008: (PUTDOWN B020) [1]
8.009: (UNSTACK B018 B005) [1]
9.010: (STACK B018 B003) [1]
10.011: (UNSTACK B000 B002) [1]
11.012: (STACK B000 B005) [1]
12.013: (UNSTACK B000 B005) [1]
13.014: (PUTDOWN B000) [1]
14.015: (UNSTACK B018 B003) [1]
15.016: (STACK B018 B025) [1]
16.017: (PICKUP B005) [1]
17.018: (STACK B005 B003) [1]
18.019: (UNSTACK B005 B003) [1]
19.020: (PUTDOWN B005) [1]
20.021: (UNSTACK B003 B017) [1]
21.022: (STACK B003 B012) [1]
22.023: (UNSTACK B003 B012) [1]
23.024: (STACK B003 B005) [1]
24.025: (UNSTACK B023 B015) [1]
25.026: (STACK B023 B018) [1]
26.027: (UNSTACK B015 B019) [1]
27.028: (STACK B015 B017) [1]
28.029: (PICKUP B012) [1]
29.030: (STACK B012 B019) [1]
30.031: (UNSTACK B012 B019) [1]
31.032: (STACK B012 B003) [1]
32.033: (UNSTACK B019 B024) [1]
33.034: (PUTDOWN B019) [1]
34.035: (UNSTACK B012 B003) [1]
35.036: (STACK B012 B019) [1]
36.037: (UNSTACK B003 B005) [1]
37.038: (STACK B003 B012) [1]
38.039: (PICKUP B005) [1]
39.040: (STACK B005 B003) [1]
40.041: (PICKUP B000) [1]
41.042: (STACK B000 B005) [1]
