#
# (C) Copyright 2008, University of Illinois, Urbana-Champaign
#
# All rights reserved. Use of this software is permitted ONLY for
# non-commercial research purposes, and it may be copied only
# for that use only. All copies must include this copyright message.
# This software is made available AS IS, and neither the authors
# nor the University of Illinois, make any warranty about the
# software or its performance.
#

Parsing domain file
 domain 'BLOCKS4' defined
Parsing problem file
 problem 'PROBNAME' defined



checking for cyclic := effects --- OK.


; Time 0.25
; ParsingTime 0.08
; NrActions 12
; MakeSpan
; MetricValue
; PlanningTechnique Modified-FF(enforced hill-climbing search) as the subplanner

0.001: (UNSTACK B009 B000) [1]
1.002: (PUTDOWN B009) [1]
2.003: (UNSTACK B000 B003) [1]
3.004: (PUTDOWN B000) [1]
4.005: (UNSTACK B003 B004) [1]
5.006: (PUTDOWN B003) [1]
6.007: (UNSTACK B004 B001) [1]
7.008: (STACK B004 B019) [1]
8.009: (PICKUP B003) [1]
9.010: (STACK B003 B001) [1]
10.011: (PICKUP B000) [1]
11.012: (STACK B000 B003) [1]
