#
# (C) Copyright 2008, University of Illinois, Urbana-Champaign
#
# All rights reserved. Use of this software is permitted ONLY for
# non-commercial research purposes, and it may be copied only
# for that use only. All copies must include this copyright message.
# This software is made available AS IS, and neither the authors
# nor the University of Illinois, make any warranty about the
# software or its performance.
#

Parsing domain file
 domain 'BLOCKS4' defined
Parsing problem file
 problem 'PROBNAME' defined



checking for cyclic := effects --- OK.


; Time 0.41
; ParsingTime 0.08
; NrActions 42
; MakeSpan
; MetricValue
; PlanningTechnique Modified-FF(enforced hill-climbing search) as the subplanner

0.001: (UNSTACK B003 B011) [1]
1.002: (PUTDOWN B003) [1]
2.003: (UNSTACK B011 B000) [1]
3.004: (PUTDOWN B011) [1]
4.005: (UNSTACK B000 B009) [1]
5.006: (STACK B000 B010) [1]
6.007: (UNSTACK B009 B007) [1]
7.008: (STACK B009 B012) [1]
8.009: (UNSTACK B009 B012) [1]
9.010: (PUTDOWN B009) [1]
10.011: (UNSTACK B012 B005) [1]
11.012: (STACK B012 B007) [1]
12.013: (UNSTACK B005 B004) [1]
13.014: (STACK B005 B019) [1]
14.015: (UNSTACK B012 B007) [1]
15.016: (STACK B012 B004) [1]
16.017: (UNSTACK B012 B004) [1]
17.018: (STACK B012 B007) [1]
18.019: (UNSTACK B005 B019) [1]
19.020: (STACK B005 B009) [1]
20.021: (UNSTACK B019 B016) [1]
21.022: (STACK B019 B000) [1]
22.023: (UNSTACK B016 B014) [1]
23.024: (PUTDOWN B016) [1]
24.025: (UNSTACK B014 B006) [1]
25.026: (STACK B014 B016) [1]
26.027: (UNSTACK B004 B001) [1]
27.028: (STACK B004 B006) [1]
28.029: (UNSTACK B004 B006) [1]
29.030: (PUTDOWN B004) [1]
30.031: (UNSTACK B012 B007) [1]
31.032: (STACK B012 B019) [1]
32.033: (UNSTACK B006 B008) [1]
33.034: (STACK B006 B007) [1]
34.035: (PICKUP B004) [1]
35.036: (STACK B004 B006) [1]
36.037: (UNSTACK B012 B019) [1]
37.038: (STACK B012 B004) [1]
38.039: (UNSTACK B005 B009) [1]
39.040: (STACK B005 B008) [1]
40.041: (PICKUP B009) [1]
41.042: (STACK B009 B012) [1]
