#
# (C) Copyright 2008, University of Illinois, Urbana-Champaign
#
# All rights reserved. Use of this software is permitted ONLY for
# non-commercial research purposes, and it may be copied only
# for that use only. All copies must include this copyright message.
# This software is made available AS IS, and neither the authors
# nor the University of Illinois, make any warranty about the
# software or its performance.
#

Parsing domain file
 domain 'BLOCKS4' defined
Parsing problem file
 problem 'PROBNAME' defined



checking for cyclic := effects --- OK.


; Time 0.13
; ParsingTime 0.09
; NrActions 12
; MakeSpan
; MetricValue
; PlanningTechnique Modified-FF(enforced hill-climbing search) as the subplanner

0.001: (UNSTACK B022 B025) [1]
1.002: (STACK B022 B000) [1]
2.003: (UNSTACK B025 B023) [1]
3.004: (STACK B025 B026) [1]
4.005: (UNSTACK B025 B026) [1]
5.006: (PUTDOWN B025) [1]
6.007: (UNSTACK B021 B027) [1]
7.008: (STACK B021 B020) [1]
8.009: (PICKUP B026) [1]
9.010: (STACK B026 B027) [1]
10.011: (PICKUP B025) [1]
11.012: (STACK B025 B026) [1]
