#
# (C) Copyright 2008, University of Illinois, Urbana-Champaign
#
# All rights reserved. Use of this software is permitted ONLY for
# non-commercial research purposes, and it may be copied only
# for that use only. All copies must include this copyright message.
# This software is made available AS IS, and neither the authors
# nor the University of Illinois, make any warranty about the
# software or its performance.
#

Parsing domain file
 domain 'BLOCKS4' defined
Parsing problem file
 problem 'PROBNAME' defined



checking for cyclic := effects --- OK.


; Time 0.16
; ParsingTime 0.09
; NrActions 26
; MakeSpan
; MetricValue
; PlanningTechnique Modified-FF(enforced hill-climbing search) as the subplanner

0.001: (UNSTACK B007 B018) [1]
1.002: (PUTDOWN B007) [1]
2.003: (UNSTACK B018 B019) [1]
3.004: (STACK B018 B005) [1]
4.005: (UNSTACK B019 B016) [1]
5.006: (STACK B019 B018) [1]
6.007: (UNSTACK B019 B018) [1]
7.008: (PUTDOWN B019) [1]
8.009: (UNSTACK B000 B003) [1]
9.010: (STACK B000 B016) [1]
10.011: (UNSTACK B003 B010) [1]
11.012: (PUTDOWN B003) [1]
12.013: (UNSTACK B010 B009) [1]
13.014: (STACK B010 B019) [1]
14.015: (UNSTACK B018 B005) [1]
15.016: (STACK B018 B009) [1]
16.017: (UNSTACK B018 B009) [1]
17.018: (STACK B018 B005) [1]
18.019: (UNSTACK B009 B004) [1]
19.020: (PUTDOWN B009) [1]
20.021: (UNSTACK B018 B005) [1]
21.022: (STACK B018 B009) [1]
22.023: (UNSTACK B010 B019) [1]
23.024: (STACK B010 B004) [1]
24.025: (PICKUP B019) [1]
25.026: (STACK B019 B018) [1]
