#
# (C) Copyright 2008, University of Illinois, Urbana-Champaign
#
# All rights reserved. Use of this software is permitted ONLY for
# non-commercial research purposes, and it may be copied only
# for that use only. All copies must include this copyright message.
# This software is made available AS IS, and neither the authors
# nor the University of Illinois, make any warranty about the
# software or its performance.
#

Parsing domain file
 domain 'BLOCKS4' defined
Parsing problem file
 problem 'PROBNAME' defined



checking for cyclic := effects --- OK.


; Time 0.09
; ParsingTime 0.08
; NrActions 6
; MakeSpan
; MetricValue
; PlanningTechnique Modified-FF(enforced hill-climbing search) as the subplanner

0.001: (UNSTACK B026 B027) [1]
1.002: (PUTDOWN B026) [1]
2.003: (UNSTACK B017 B003) [1]
3.004: (STACK B017 B002) [1]
4.005: (UNSTACK B003 B018) [1]
5.006: (STACK B003 B027) [1]
