#
# (C) Copyright 2008, University of Illinois, Urbana-Champaign
#
# All rights reserved. Use of this software is permitted ONLY for
# non-commercial research purposes, and it may be copied only
# for that use only. All copies must include this copyright message.
# This software is made available AS IS, and neither the authors
# nor the University of Illinois, make any warranty about the
# software or its performance.
#

Parsing domain file
 domain 'BLOCKS4' defined
Parsing problem file
 problem 'PROBNAME' defined



checking for cyclic := effects --- OK.


; Time 0.22
; ParsingTime 0.09
; NrActions 34
; MakeSpan
; MetricValue
; PlanningTechnique Modified-FF(enforced hill-climbing search) as the subplanner

0.001: (UNSTACK B016 B019) [1]
1.002: (PUTDOWN B016) [1]
2.003: (UNSTACK B019 B017) [1]
3.004: (PUTDOWN B019) [1]
4.005: (UNSTACK B017 B014) [1]
5.006: (STACK B017 B022) [1]
6.007: (UNSTACK B000 B001) [1]
7.008: (STACK B000 B014) [1]
8.009: (UNSTACK B000 B014) [1]
9.010: (STACK B000 B017) [1]
10.011: (UNSTACK B001 B010) [1]
11.012: (PUTDOWN B001) [1]
12.013: (UNSTACK B010 B013) [1]
13.014: (PUTDOWN B010) [1]
14.015: (UNSTACK B013 B009) [1]
15.016: (STACK B013 B012) [1]
16.017: (UNSTACK B014 B020) [1]
17.018: (STACK B014 B009) [1]
18.019: (UNSTACK B014 B009) [1]
19.020: (PUTDOWN B014) [1]
20.021: (UNSTACK B026 B027) [1]
21.022: (STACK B026 B001) [1]
22.023: (PICKUP B009) [1]
23.024: (STACK B009 B027) [1]
24.025: (UNSTACK B009 B027) [1]
25.026: (PUTDOWN B009) [1]
26.027: (UNSTACK B027 B025) [1]
27.028: (STACK B027 B016) [1]
28.029: (PICKUP B009) [1]
29.030: (STACK B009 B027) [1]
30.031: (PICKUP B014) [1]
31.032: (STACK B014 B009) [1]
32.033: (UNSTACK B000 B017) [1]
33.034: (STACK B000 B014) [1]
