#
# (C) Copyright 2008, University of Illinois, Urbana-Champaign
#
# All rights reserved. Use of this software is permitted ONLY for
# non-commercial research purposes, and it may be copied only
# for that use only. All copies must include this copyright message.
# This software is made available AS IS, and neither the authors
# nor the University of Illinois, make any warranty about the
# software or its performance.
#

Parsing domain file
 domain 'BLOCKS4' defined
Parsing problem file
 problem 'PROBNAME' defined



checking for cyclic := effects --- OK.


; Time 0.35
; ParsingTime 0.08
; NrActions 42
; MakeSpan
; MetricValue
; PlanningTechnique Modified-FF(enforced hill-climbing search) as the subplanner

0.001: (UNSTACK B012 B010) [1]
1.002: (PUTDOWN B012) [1]
2.003: (UNSTACK B008 B006) [1]
3.004: (PUTDOWN B008) [1]
4.005: (UNSTACK B010 B004) [1]
5.006: (PUTDOWN B010) [1]
6.007: (UNSTACK B006 B013) [1]
7.008: (PUTDOWN B006) [1]
8.009: (UNSTACK B013 B011) [1]
9.010: (STACK B013 B003) [1]
10.011: (UNSTACK B011 B016) [1]
11.012: (STACK B011 B004) [1]
12.013: (UNSTACK B011 B004) [1]
13.014: (PUTDOWN B011) [1]
14.015: (UNSTACK B001 B000) [1]
15.016: (STACK B001 B016) [1]
16.017: (UNSTACK B000 B005) [1]
17.018: (STACK B000 B011) [1]
18.019: (UNSTACK B005 B002) [1]
19.020: (STACK B005 B010) [1]
20.021: (UNSTACK B004 B007) [1]
21.022: (STACK B004 B002) [1]
22.023: (UNSTACK B004 B002) [1]
23.024: (STACK B004 B007) [1]
24.025: (UNSTACK B002 B022) [1]
25.026: (STACK B002 B000) [1]
26.027: (UNSTACK B002 B000) [1]
27.028: (STACK B002 B004) [1]
28.029: (UNSTACK B000 B011) [1]
29.030: (STACK B000 B001) [1]
30.031: (UNSTACK B000 B001) [1]
31.032: (STACK B000 B012) [1]
32.033: (UNSTACK B001 B016) [1]
33.034: (PUTDOWN B001) [1]
34.035: (UNSTACK B000 B012) [1]
35.036: (STACK B000 B001) [1]
36.037: (UNSTACK B002 B004) [1]
37.038: (STACK B002 B000) [1]
38.039: (UNSTACK B004 B007) [1]
39.040: (STACK B004 B002) [1]
40.041: (PICKUP B011) [1]
41.042: (STACK B011 B004) [1]
