#
# (C) Copyright 2008, University of Illinois, Urbana-Champaign
#
# All rights reserved. Use of this software is permitted ONLY for
# non-commercial research purposes, and it may be copied only
# for that use only. All copies must include this copyright message.
# This software is made available AS IS, and neither the authors
# nor the University of Illinois, make any warranty about the
# software or its performance.
#

Parsing domain file
 domain 'BLOCKS4' defined
Parsing problem file
 problem 'PROBNAME' defined



checking for cyclic := effects --- OK.


; Time 0.24
; ParsingTime 0.09
; NrActions 32
; MakeSpan
; MetricValue
; PlanningTechnique Modified-FF(enforced hill-climbing search) as the subplanner

0.001: (UNSTACK B015 B006) [1]
1.002: (PUTDOWN B015) [1]
2.003: (UNSTACK B007 B002) [1]
3.004: (PUTDOWN B007) [1]
4.005: (UNSTACK B006 B014) [1]
5.006: (PUTDOWN B006) [1]
6.007: (UNSTACK B002 B010) [1]
7.008: (PUTDOWN B002) [1]
8.009: (UNSTACK B014 B012) [1]
9.010: (PUTDOWN B014) [1]
10.011: (UNSTACK B010 B009) [1]
11.012: (STACK B010 B005) [1]
12.013: (UNSTACK B012 B013) [1]
13.014: (STACK B012 B009) [1]
14.015: (UNSTACK B012 B009) [1]
15.016: (STACK B012 B020) [1]
16.017: (UNSTACK B009 B008) [1]
17.018: (STACK B009 B026) [1]
18.019: (UNSTACK B009 B026) [1]
19.020: (STACK B009 B013) [1]
20.021: (PICKUP B026) [1]
21.022: (STACK B026 B010) [1]
22.023: (UNSTACK B026 B010) [1]
23.024: (PUTDOWN B026) [1]
24.025: (UNSTACK B010 B005) [1]
25.026: (PUTDOWN B010) [1]
26.027: (PICKUP B026) [1]
27.028: (STACK B026 B010) [1]
28.029: (UNSTACK B009 B013) [1]
29.030: (STACK B009 B026) [1]
30.031: (UNSTACK B012 B020) [1]
31.032: (STACK B012 B009) [1]
