#
# (C) Copyright 2008, University of Illinois, Urbana-Champaign
#
# All rights reserved. Use of this software is permitted ONLY for
# non-commercial research purposes, and it may be copied only
# for that use only. All copies must include this copyright message.
# This software is made available AS IS, and neither the authors
# nor the University of Illinois, make any warranty about the
# software or its performance.
#

Parsing domain file
 domain 'BLOCKS4' defined
Parsing problem file
 problem 'PROBNAME' defined



checking for cyclic := effects --- OK.


; Time 0.19
; ParsingTime 0.10
; NrActions 30
; MakeSpan
; MetricValue
; PlanningTechnique Modified-FF(enforced hill-climbing search) as the subplanner

0.001: (UNSTACK B008 B007) [1]
1.002: (PUTDOWN B008) [1]
2.003: (UNSTACK B007 B014) [1]
3.004: (PUTDOWN B007) [1]
4.005: (UNSTACK B014 B011) [1]
5.006: (PUTDOWN B014) [1]
6.007: (UNSTACK B011 B015) [1]
7.008: (STACK B011 B021) [1]
8.009: (PICKUP B015) [1]
9.010: (STACK B015 B007) [1]
10.011: (UNSTACK B015 B007) [1]
11.012: (STACK B015 B010) [1]
12.013: (UNSTACK B028 B029) [1]
13.014: (STACK B028 B000) [1]
14.015: (PICKUP B007) [1]
15.016: (STACK B007 B029) [1]
16.017: (UNSTACK B007 B029) [1]
17.018: (STACK B007 B028) [1]
18.019: (UNSTACK B029 B026) [1]
19.020: (STACK B029 B019) [1]
20.021: (UNSTACK B029 B019) [1]
21.022: (STACK B029 B026) [1]
22.023: (UNSTACK B019 B016) [1]
23.024: (PUTDOWN B019) [1]
24.025: (UNSTACK B029 B026) [1]
25.026: (STACK B029 B019) [1]
26.027: (UNSTACK B007 B028) [1]
27.028: (STACK B007 B029) [1]
28.029: (UNSTACK B015 B010) [1]
29.030: (STACK B015 B007) [1]
