#
# (C) Copyright 2008, University of Illinois, Urbana-Champaign
#
# All rights reserved. Use of this software is permitted ONLY for
# non-commercial research purposes, and it may be copied only
# for that use only. All copies must include this copyright message.
# This software is made available AS IS, and neither the authors
# nor the University of Illinois, make any warranty about the
# software or its performance.
#

Parsing domain file
 domain 'BLOCKS4' defined
Parsing problem file
 problem 'PROBNAME' defined



checking for cyclic := effects --- OK.


; Time 0.43
; ParsingTime 0.11
; NrActions 44
; MakeSpan
; MetricValue
; PlanningTechnique Modified-FF(enforced hill-climbing search) as the subplanner

0.001: (UNSTACK B002 B008) [1]
1.002: (PUTDOWN B002) [1]
2.003: (UNSTACK B019 B024) [1]
3.004: (PUTDOWN B019) [1]
4.005: (UNSTACK B008 B001) [1]
5.006: (PUTDOWN B008) [1]
6.007: (UNSTACK B001 B012) [1]
7.008: (PUTDOWN B001) [1]
8.009: (UNSTACK B012 B020) [1]
9.010: (STACK B012 B001) [1]
10.011: (PICKUP B020) [1]
11.012: (STACK B020 B024) [1]
12.013: (UNSTACK B020 B024) [1]
13.014: (STACK B020 B004) [1]
14.015: (UNSTACK B031 B026) [1]
15.016: (STACK B031 B020) [1]
16.017: (UNSTACK B026 B025) [1]
17.018: (STACK B026 B008) [1]
18.019: (UNSTACK B024 B017) [1]
19.020: (STACK B024 B025) [1]
20.021: (UNSTACK B024 B025) [1]
21.022: (STACK B024 B012) [1]
22.023: (UNSTACK B022 B021) [1]
23.024: (STACK B022 B002) [1]
24.025: (PICKUP B025) [1]
25.026: (STACK B025 B021) [1]
26.027: (UNSTACK B025 B021) [1]
27.028: (PUTDOWN B025) [1]
28.029: (UNSTACK B021 B023) [1]
29.030: (STACK B021 B022) [1]
30.031: (UNSTACK B021 B022) [1]
31.032: (STACK B021 B025) [1]
32.033: (UNSTACK B022 B002) [1]
33.034: (PUTDOWN B022) [1]
34.035: (UNSTACK B021 B025) [1]
35.036: (STACK B021 B022) [1]
36.037: (PICKUP B025) [1]
37.038: (STACK B025 B021) [1]
38.039: (UNSTACK B024 B012) [1]
39.040: (STACK B024 B025) [1]
40.041: (UNSTACK B031 B020) [1]
41.042: (STACK B031 B012) [1]
42.043: (UNSTACK B020 B004) [1]
43.044: (STACK B020 B024) [1]
