#
# (C) Copyright 2008, University of Illinois, Urbana-Champaign
#
# All rights reserved. Use of this software is permitted ONLY for
# non-commercial research purposes, and it may be copied only
# for that use only. All copies must include this copyright message.
# This software is made available AS IS, and neither the authors
# nor the University of Illinois, make any warranty about the
# software or its performance.
#

Parsing domain file
 domain 'BLOCKS4' defined
Parsing problem file
 problem 'PROBNAME' defined



checking for cyclic := effects --- OK.


; Time 0.16
; ParsingTime 0.11
; NrActions 8
; MakeSpan
; MetricValue
; PlanningTechnique Modified-FF(enforced hill-climbing search) as the subplanner

0.001: (UNSTACK B014 B030) [1]
1.002: (PUTDOWN B014) [1]
2.003: (UNSTACK B030 B027) [1]
3.004: (PUTDOWN B030) [1]
4.005: (UNSTACK B027 B031) [1]
5.006: (STACK B027 B026) [1]
6.007: (UNSTACK B031 B016) [1]
7.008: (PUTDOWN B031) [1]
