#
# (C) Copyright 2008, University of Illinois, Urbana-Champaign
#
# All rights reserved. Use of this software is permitted ONLY for
# non-commercial research purposes, and it may be copied only
# for that use only. All copies must include this copyright message.
# This software is made available AS IS, and neither the authors
# nor the University of Illinois, make any warranty about the
# software or its performance.
#

Parsing domain file
 domain 'BLOCKS4' defined
Parsing problem file
 problem 'PROBNAME' defined



checking for cyclic := effects --- OK.


; Time 0.30
; ParsingTime 0.10
; NrActions 28
; MakeSpan
; MetricValue
; PlanningTechnique Modified-FF(enforced hill-climbing search) as the subplanner

0.001: (UNSTACK B031 B019) [1]
1.002: (STACK B031 B026) [1]
2.003: (UNSTACK B019 B030) [1]
3.004: (STACK B019 B017) [1]
4.005: (UNSTACK B019 B017) [1]
5.006: (PUTDOWN B019) [1]
6.007: (UNSTACK B010 B011) [1]
7.008: (STACK B010 B030) [1]
8.009: (UNSTACK B011 B012) [1]
9.010: (PUTDOWN B011) [1]
10.011: (UNSTACK B012 B015) [1]
11.012: (STACK B012 B011) [1]
12.013: (UNSTACK B017 B013) [1]
13.014: (STACK B017 B015) [1]
14.015: (UNSTACK B017 B015) [1]
15.016: (STACK B017 B012) [1]
16.017: (UNSTACK B013 B020) [1]
17.018: (PUTDOWN B013) [1]
18.019: (UNSTACK B020 B018) [1]
19.020: (PUTDOWN B020) [1]
20.021: (UNSTACK B018 B016) [1]
21.022: (STACK B018 B010) [1]
22.023: (UNSTACK B015 B014) [1]
23.024: (STACK B015 B016) [1]
24.025: (UNSTACK B017 B012) [1]
25.026: (STACK B017 B015) [1]
26.027: (PICKUP B019) [1]
27.028: (STACK B019 B017) [1]
