#
# (C) Copyright 2008, University of Illinois, Urbana-Champaign
#
# All rights reserved. Use of this software is permitted ONLY for
# non-commercial research purposes, and it may be copied only
# for that use only. All copies must include this copyright message.
# This software is made available AS IS, and neither the authors
# nor the University of Illinois, make any warranty about the
# software or its performance.
#

Parsing domain file
 domain 'BLOCKS4' defined
Parsing problem file
 problem 'PROBNAME' defined



checking for cyclic := effects --- OK.


; Time 0.50
; ParsingTime 0.10
; NrActions 38
; MakeSpan
; MetricValue
; PlanningTechnique Modified-FF(enforced hill-climbing search) as the subplanner

0.001: (UNSTACK B019 B020) [1]
1.002: (PUTDOWN B019) [1]
2.003: (UNSTACK B010 B030) [1]
3.004: (PUTDOWN B010) [1]
4.005: (UNSTACK B020 B028) [1]
5.006: (PUTDOWN B020) [1]
6.007: (UNSTACK B030 B029) [1]
7.008: (STACK B030 B000) [1]
8.009: (UNSTACK B028 B008) [1]
9.010: (STACK B028 B029) [1]
10.011: (UNSTACK B028 B029) [1]
11.012: (STACK B028 B004) [1]
12.013: (UNSTACK B029 B011) [1]
13.014: (STACK B029 B026) [1]
14.015: (UNSTACK B029 B026) [1]
15.016: (PUTDOWN B029) [1]
16.017: (UNSTACK B026 B009) [1]
17.018: (STACK B026 B011) [1]
18.019: (UNSTACK B009 B025) [1]
19.020: (STACK B009 B028) [1]
20.021: (UNSTACK B026 B011) [1]
21.022: (STACK B026 B025) [1]
22.023: (UNSTACK B026 B025) [1]
23.024: (STACK B026 B011) [1]
24.025: (UNSTACK B031 B024) [1]
25.026: (STACK B031 B008) [1]
26.027: (UNSTACK B024 B027) [1]
27.028: (STACK B024 B020) [1]
28.029: (UNSTACK B025 B023) [1]
29.030: (STACK B025 B027) [1]
30.031: (UNSTACK B026 B011) [1]
31.032: (STACK B026 B025) [1]
32.033: (PICKUP B029) [1]
33.034: (STACK B029 B026) [1]
34.035: (UNSTACK B009 B028) [1]
35.036: (STACK B009 B023) [1]
36.037: (UNSTACK B028 B004) [1]
37.038: (STACK B028 B029) [1]
