#
# (C) Copyright 2008, University of Illinois, Urbana-Champaign
#
# All rights reserved. Use of this software is permitted ONLY for
# non-commercial research purposes, and it may be copied only
# for that use only. All copies must include this copyright message.
# This software is made available AS IS, and neither the authors
# nor the University of Illinois, make any warranty about the
# software or its performance.
#

Parsing domain file
 domain 'BLOCKS4' defined
Parsing problem file
 problem 'PROBNAME' defined



checking for cyclic := effects --- OK.


; Time 0.82
; ParsingTime 0.12
; NrActions 56
; MakeSpan
; MetricValue
; PlanningTechnique Modified-FF(enforced hill-climbing search) as the subplanner

0.001: (UNSTACK B024 B032) [1]
1.002: (PUTDOWN B024) [1]
2.003: (UNSTACK B032 B019) [1]
3.004: (STACK B032 B015) [1]
4.005: (PICKUP B024) [1]
5.006: (STACK B024 B019) [1]
6.007: (UNSTACK B024 B019) [1]
7.008: (PUTDOWN B024) [1]
8.009: (UNSTACK B032 B015) [1]
9.010: (PUTDOWN B032) [1]
10.011: (UNSTACK B015 B005) [1]
11.012: (PUTDOWN B015) [1]
12.013: (UNSTACK B005 B013) [1]
13.014: (PUTDOWN B005) [1]
14.015: (UNSTACK B013 B003) [1]
15.016: (PUTDOWN B013) [1]
16.017: (UNSTACK B003 B011) [1]
17.018: (STACK B003 B013) [1]
18.019: (UNSTACK B019 B031) [1]
19.020: (STACK B019 B011) [1]
20.021: (UNSTACK B019 B011) [1]
21.022: (PUTDOWN B019) [1]
22.023: (UNSTACK B028 B027) [1]
23.024: (STACK B028 B031) [1]
24.025: (UNSTACK B027 B025) [1]
25.026: (STACK B027 B005) [1]
26.027: (PICKUP B011) [1]
27.028: (STACK B011 B025) [1]
28.029: (UNSTACK B011 B025) [1]
29.030: (STACK B011 B033) [1]
30.031: (UNSTACK B020 B018) [1]
31.032: (STACK B020 B011) [1]
32.033: (UNSTACK B018 B008) [1]
33.034: (STACK B018 B003) [1]
34.035: (UNSTACK B008 B022) [1]
35.036: (STACK B008 B015) [1]
36.037: (UNSTACK B025 B016) [1]
37.038: (STACK B025 B022) [1]
38.039: (UNSTACK B025 B022) [1]
39.040: (STACK B025 B000) [1]
40.041: (UNSTACK B022 B017) [1]
41.042: (PUTDOWN B022) [1]
42.043: (UNSTACK B025 B000) [1]
43.044: (STACK B025 B022) [1]
44.045: (PICKUP B024) [1]
45.046: (STACK B024 B019) [1]
46.047: (UNSTACK B020 B011) [1]
47.048: (STACK B020 B017) [1]
48.049: (UNSTACK B011 B033) [1]
49.050: (STACK B011 B025) [1]
50.051: (UNSTACK B024 B019) [1]
51.052: (STACK B024 B016) [1]
52.053: (PICKUP B019) [1]
53.054: (STACK B019 B011) [1]
54.055: (UNSTACK B024 B016) [1]
55.056: (STACK B024 B019) [1]
