#
# (C) Copyright 2008, University of Illinois, Urbana-Champaign
#
# All rights reserved. Use of this software is permitted ONLY for
# non-commercial research purposes, and it may be copied only
# for that use only. All copies must include this copyright message.
# This software is made available AS IS, and neither the authors
# nor the University of Illinois, make any warranty about the
# software or its performance.
#

Parsing domain file
 domain 'BLOCKS4' defined
Parsing problem file
 problem 'PROBNAME' defined



checking for cyclic := effects --- OK.


; Time 0.74
; ParsingTime 0.12
; NrActions 50
; MakeSpan
; MetricValue
; PlanningTechnique Modified-FF(enforced hill-climbing search) as the subplanner

0.001: (UNSTACK B004 B012) [1]
1.002: (PUTDOWN B004) [1]
2.003: (UNSTACK B012 B005) [1]
3.004: (PUTDOWN B012) [1]
4.005: (UNSTACK B005 B013) [1]
5.006: (PUTDOWN B005) [1]
6.007: (UNSTACK B013 B006) [1]
7.008: (STACK B013 B030) [1]
8.009: (PICKUP B006) [1]
9.010: (STACK B006 B013) [1]
10.011: (UNSTACK B006 B013) [1]
11.012: (STACK B006 B016) [1]
12.013: (UNSTACK B031 B019) [1]
13.014: (STACK B031 B001) [1]
14.015: (UNSTACK B013 B030) [1]
15.016: (STACK B013 B019) [1]
16.017: (UNSTACK B013 B019) [1]
17.018: (PUTDOWN B013) [1]
18.019: (UNSTACK B006 B016) [1]
19.020: (STACK B006 B026) [1]
20.021: (UNSTACK B016 B015) [1]
21.022: (STACK B016 B006) [1]
22.023: (UNSTACK B015 B008) [1]
23.024: (STACK B015 B013) [1]
24.025: (UNSTACK B008 B014) [1]
25.026: (PUTDOWN B008) [1]
26.027: (UNSTACK B014 B011) [1]
27.028: (STACK B014 B030) [1]
28.029: (UNSTACK B019 B021) [1]
29.030: (STACK B019 B011) [1]
30.031: (UNSTACK B019 B011) [1]
31.032: (STACK B019 B005) [1]
32.033: (PICKUP B011) [1]
33.034: (STACK B011 B022) [1]
34.035: (UNSTACK B011 B022) [1]
35.036: (PUTDOWN B011) [1]
36.037: (UNSTACK B022 B033) [1]
37.038: (PUTDOWN B022) [1]
38.039: (PICKUP B011) [1]
39.040: (STACK B011 B022) [1]
40.041: (UNSTACK B019 B005) [1]
41.042: (STACK B019 B011) [1]
42.043: (UNSTACK B016 B006) [1]
43.044: (STACK B016 B014) [1]
44.045: (UNSTACK B015 B013) [1]
45.046: (PUTDOWN B015) [1]
46.047: (PICKUP B013) [1]
47.048: (STACK B013 B019) [1]
48.049: (UNSTACK B006 B026) [1]
49.050: (STACK B006 B013) [1]
