#
# (C) Copyright 2008, University of Illinois, Urbana-Champaign
#
# All rights reserved. Use of this software is permitted ONLY for
# non-commercial research purposes, and it may be copied only
# for that use only. All copies must include this copyright message.
# This software is made available AS IS, and neither the authors
# nor the University of Illinois, make any warranty about the
# software or its performance.
#

Parsing domain file
 domain 'BLOCKS4' defined
Parsing problem file
 problem 'PROBNAME' defined



checking for cyclic := effects --- OK.


; Time 0.39
; ParsingTime 0.12
; NrActions 44
; MakeSpan
; MetricValue
; PlanningTechnique Modified-FF(enforced hill-climbing search) as the subplanner

0.001: (UNSTACK B027 B029) [1]
1.002: (PUTDOWN B027) [1]
2.003: (UNSTACK B029 B012) [1]
3.004: (PUTDOWN B029) [1]
4.005: (UNSTACK B012 B028) [1]
5.006: (STACK B012 B031) [1]
6.007: (PICKUP B029) [1]
7.008: (STACK B029 B028) [1]
8.009: (UNSTACK B029 B028) [1]
9.010: (PUTDOWN B029) [1]
10.011: (UNSTACK B012 B031) [1]
11.012: (STACK B012 B019) [1]
12.013: (UNSTACK B028 B024) [1]
13.014: (STACK B028 B031) [1]
14.015: (UNSTACK B028 B031) [1]
15.016: (PUTDOWN B028) [1]
16.017: (UNSTACK B010 B016) [1]
17.018: (STACK B010 B024) [1]
18.019: (UNSTACK B016 B023) [1]
19.020: (STACK B016 B028) [1]
20.021: (UNSTACK B023 B008) [1]
21.022: (STACK B023 B015) [1]
22.023: (UNSTACK B031 B030) [1]
23.024: (STACK B031 B008) [1]
24.025: (UNSTACK B031 B008) [1]
25.026: (STACK B031 B023) [1]
26.027: (UNSTACK B012 B019) [1]
27.028: (STACK B012 B030) [1]
28.029: (UNSTACK B008 B014) [1]
29.030: (STACK B008 B019) [1]
30.031: (UNSTACK B008 B019) [1]
31.032: (STACK B008 B031) [1]
32.033: (UNSTACK B019 B025) [1]
33.034: (PUTDOWN B019) [1]
34.035: (UNSTACK B008 B031) [1]
35.036: (STACK B008 B019) [1]
36.037: (UNSTACK B031 B023) [1]
37.038: (STACK B031 B008) [1]
38.039: (UNSTACK B016 B028) [1]
39.040: (STACK B016 B014) [1]
40.041: (PICKUP B028) [1]
41.042: (STACK B028 B031) [1]
42.043: (PICKUP B029) [1]
43.044: (STACK B029 B028) [1]
