#
# (C) Copyright 2008, University of Illinois, Urbana-Champaign
#
# All rights reserved. Use of this software is permitted ONLY for
# non-commercial research purposes, and it may be copied only
# for that use only. All copies must include this copyright message.
# This software is made available AS IS, and neither the authors
# nor the University of Illinois, make any warranty about the
# software or its performance.
#

Parsing domain file
 domain 'BLOCKS4' defined
Parsing problem file
 problem 'PROBNAME' defined



checking for cyclic := effects --- OK.


; Time 1.17
; ParsingTime 0.11
; NrActions 60
; MakeSpan
; MetricValue
; PlanningTechnique Modified-FF(enforced hill-climbing search) as the subplanner

0.001: (UNSTACK B017 B032) [1]
1.002: (PUTDOWN B017) [1]
2.003: (UNSTACK B021 B026) [1]
3.004: (PUTDOWN B021) [1]
4.005: (UNSTACK B032 B033) [1]
5.006: (PUTDOWN B032) [1]
6.007: (UNSTACK B026 B027) [1]
7.008: (PUTDOWN B026) [1]
8.009: (UNSTACK B033 B001) [1]
9.010: (PUTDOWN B033) [1]
10.011: (UNSTACK B027 B029) [1]
11.012: (PUTDOWN B027) [1]
12.013: (UNSTACK B029 B011) [1]
13.014: (STACK B029 B014) [1]
14.015: (UNSTACK B001 B010) [1]
15.016: (STACK B001 B011) [1]
16.017: (UNSTACK B001 B011) [1]
17.018: (PUTDOWN B001) [1]
18.019: (UNSTACK B008 B006) [1]
19.020: (STACK B008 B010) [1]
20.021: (UNSTACK B006 B016) [1]
21.022: (STACK B006 B029) [1]
22.023: (UNSTACK B016 B004) [1]
23.024: (PUTDOWN B016) [1]
24.025: (UNSTACK B004 B000) [1]
25.026: (STACK B004 B009) [1]
26.027: (PICKUP B011) [1]
27.028: (STACK B011 B000) [1]
28.029: (UNSTACK B011 B000) [1]
29.030: (STACK B011 B008) [1]
30.031: (UNSTACK B028 B003) [1]
31.032: (STACK B028 B011) [1]
32.033: (UNSTACK B003 B002) [1]
33.034: (STACK B003 B023) [1]
34.035: (PICKUP B000) [1]
35.036: (STACK B000 B002) [1]
36.037: (UNSTACK B000 B002) [1]
37.038: (STACK B000 B028) [1]
38.039: (UNSTACK B003 B023) [1]
39.040: (STACK B003 B000) [1]
40.041: (UNSTACK B023 B019) [1]
41.042: (STACK B023 B032) [1]
42.043: (UNSTACK B002 B018) [1]
43.044: (STACK B002 B019) [1]
44.045: (UNSTACK B002 B019) [1]
45.046: (STACK B002 B023) [1]
46.047: (UNSTACK B019 B025) [1]
47.048: (PUTDOWN B019) [1]
48.049: (UNSTACK B002 B023) [1]
49.050: (STACK B002 B019) [1]
50.051: (UNSTACK B003 B000) [1]
51.052: (STACK B003 B018) [1]
52.053: (UNSTACK B000 B028) [1]
53.054: (STACK B000 B002) [1]
54.055: (UNSTACK B028 B011) [1]
55.056: (STACK B028 B004) [1]
56.057: (UNSTACK B011 B008) [1]
57.058: (STACK B011 B000) [1]
58.059: (PICKUP B001) [1]
59.060: (STACK B001 B011) [1]
