#
# (C) Copyright 2008, University of Illinois, Urbana-Champaign
#
# All rights reserved. Use of this software is permitted ONLY for
# non-commercial research purposes, and it may be copied only
# for that use only. All copies must include this copyright message.
# This software is made available AS IS, and neither the authors
# nor the University of Illinois, make any warranty about the
# software or its performance.
#

Parsing domain file
 domain 'BLOCKS4' defined
Parsing problem file
 problem 'PROBNAME' defined



checking for cyclic := effects --- OK.


; Time 0.47
; ParsingTime 0.12
; NrActions 42
; MakeSpan
; MetricValue
; PlanningTechnique Modified-FF(enforced hill-climbing search) as the subplanner

0.001: (UNSTACK B008 B023) [1]
1.002: (PUTDOWN B008) [1]
2.003: (UNSTACK B004 B022) [1]
3.004: (STACK B004 B014) [1]
4.005: (UNSTACK B022 B020) [1]
5.006: (STACK B022 B023) [1]
6.007: (UNSTACK B022 B023) [1]
7.008: (PUTDOWN B022) [1]
8.009: (UNSTACK B020 B011) [1]
9.010: (PUTDOWN B020) [1]
10.011: (UNSTACK B011 B016) [1]
11.012: (STACK B011 B020) [1]
12.013: (UNSTACK B023 B007) [1]
13.014: (STACK B023 B016) [1]
14.015: (UNSTACK B023 B016) [1]
15.016: (STACK B023 B011) [1]
16.017: (UNSTACK B032 B028) [1]
17.018: (STACK B032 B007) [1]
18.019: (UNSTACK B028 B029) [1]
19.020: (PUTDOWN B028) [1]
20.021: (UNSTACK B029 B024) [1]
21.022: (STACK B029 B022) [1]
22.023: (PICKUP B016) [1]
23.024: (STACK B016 B024) [1]
24.025: (UNSTACK B016 B024) [1]
25.026: (PUTDOWN B016) [1]
26.027: (UNSTACK B024 B015) [1]
27.028: (STACK B024 B002) [1]
28.029: (UNSTACK B024 B002) [1]
29.030: (STACK B024 B016) [1]
30.031: (UNSTACK B002 B005) [1]
31.032: (PUTDOWN B002) [1]
32.033: (UNSTACK B024 B016) [1]
33.034: (STACK B024 B002) [1]
34.035: (PICKUP B016) [1]
35.036: (STACK B016 B024) [1]
36.037: (UNSTACK B023 B011) [1]
37.038: (STACK B023 B016) [1]
38.039: (UNSTACK B029 B022) [1]
39.040: (STACK B029 B015) [1]
40.041: (PICKUP B022) [1]
41.042: (STACK B022 B023) [1]
