#
# (C) Copyright 2008, University of Illinois, Urbana-Champaign
#
# All rights reserved. Use of this software is permitted ONLY for
# non-commercial research purposes, and it may be copied only
# for that use only. All copies must include this copyright message.
# This software is made available AS IS, and neither the authors
# nor the University of Illinois, make any warranty about the
# software or its performance.
#

Parsing domain file
 domain 'BLOCKS4' defined
Parsing problem file
 problem 'PROBNAME' defined



checking for cyclic := effects --- OK.


; Time 0.31
; ParsingTime 0.13
; NrActions 28
; MakeSpan
; MetricValue
; PlanningTechnique Modified-FF(enforced hill-climbing search) as the subplanner

0.001: (UNSTACK B023 B028) [1]
1.002: (PUTDOWN B023) [1]
2.003: (UNSTACK B028 B009) [1]
3.004: (PUTDOWN B028) [1]
4.005: (UNSTACK B009 B030) [1]
5.006: (STACK B009 B011) [1]
6.007: (UNSTACK B027 B025) [1]
7.008: (STACK B027 B030) [1]
8.009: (UNSTACK B027 B030) [1]
9.010: (STACK B027 B009) [1]
10.011: (UNSTACK B007 B022) [1]
11.012: (STACK B007 B014) [1]
12.013: (UNSTACK B030 B015) [1]
13.014: (STACK B030 B022) [1]
14.015: (UNSTACK B030 B022) [1]
15.016: (STACK B030 B032) [1]
16.017: (UNSTACK B022 B010) [1]
17.018: (STACK B022 B029) [1]
18.019: (UNSTACK B022 B029) [1]
19.020: (STACK B022 B000) [1]
20.021: (PICKUP B029) [1]
21.022: (STACK B029 B028) [1]
22.023: (UNSTACK B022 B000) [1]
23.024: (STACK B022 B029) [1]
24.025: (UNSTACK B030 B032) [1]
25.026: (STACK B030 B022) [1]
26.027: (UNSTACK B027 B009) [1]
27.028: (STACK B027 B030) [1]
