#
# (C) Copyright 2008, University of Illinois, Urbana-Champaign
#
# All rights reserved. Use of this software is permitted ONLY for
# non-commercial research purposes, and it may be copied only
# for that use only. All copies must include this copyright message.
# This software is made available AS IS, and neither the authors
# nor the University of Illinois, make any warranty about the
# software or its performance.
#

Parsing domain file
 domain 'BLOCKS4' defined
Parsing problem file
 problem 'PROBNAME' defined



checking for cyclic := effects --- OK.


; Time 0.41
; ParsingTime 0.13
; NrActions 40
; MakeSpan
; MetricValue
; PlanningTechnique Modified-FF(enforced hill-climbing search) as the subplanner

0.001: (UNSTACK B020 B022) [1]
1.002: (PUTDOWN B020) [1]
2.003: (UNSTACK B022 B026) [1]
3.004: (PUTDOWN B022) [1]
4.005: (UNSTACK B026 B021) [1]
5.006: (STACK B026 B002) [1]
6.007: (PICKUP B020) [1]
7.008: (STACK B020 B021) [1]
8.009: (UNSTACK B020 B021) [1]
9.010: (STACK B020 B012) [1]
10.011: (UNSTACK B021 B025) [1]
11.012: (STACK B021 B024) [1]
12.013: (UNSTACK B021 B024) [1]
13.014: (STACK B021 B013) [1]
14.015: (UNSTACK B024 B035) [1]
15.016: (STACK B024 B022) [1]
16.017: (UNSTACK B024 B022) [1]
17.018: (STACK B024 B025) [1]
18.019: (UNSTACK B031 B028) [1]
19.020: (STACK B031 B021) [1]
20.021: (UNSTACK B028 B029) [1]
21.022: (PUTDOWN B028) [1]
22.023: (UNSTACK B029 B023) [1]
23.024: (STACK B029 B028) [1]
24.025: (PICKUP B022) [1]
25.026: (STACK B022 B023) [1]
26.027: (UNSTACK B022 B023) [1]
27.028: (STACK B022 B029) [1]
28.029: (UNSTACK B023 B027) [1]
29.030: (PUTDOWN B023) [1]
30.031: (UNSTACK B022 B029) [1]
31.032: (STACK B022 B023) [1]
32.033: (UNSTACK B024 B025) [1]
33.034: (STACK B024 B022) [1]
34.035: (UNSTACK B031 B021) [1]
35.036: (STACK B031 B025) [1]
36.037: (UNSTACK B021 B013) [1]
37.038: (STACK B021 B024) [1]
38.039: (UNSTACK B020 B012) [1]
39.040: (STACK B020 B021) [1]
