#
# (C) Copyright 2008, University of Illinois, Urbana-Champaign
#
# All rights reserved. Use of this software is permitted ONLY for
# non-commercial research purposes, and it may be copied only
# for that use only. All copies must include this copyright message.
# This software is made available AS IS, and neither the authors
# nor the University of Illinois, make any warranty about the
# software or its performance.
#

Parsing domain file
 domain 'BLOCKS4' defined
Parsing problem file
 problem 'PROBNAME' defined



checking for cyclic := effects --- OK.


; Time 0.22
; ParsingTime 0.13
; NrActions 14
; MakeSpan
; MetricValue
; PlanningTechnique Modified-FF(enforced hill-climbing search) as the subplanner

0.001: (UNSTACK B029 B030) [1]
1.002: (PUTDOWN B029) [1]
2.003: (UNSTACK B030 B032) [1]
3.004: (PUTDOWN B030) [1]
4.005: (UNSTACK B032 B033) [1]
5.006: (STACK B032 B030) [1]
6.007: (UNSTACK B037 B035) [1]
7.008: (STACK B037 B033) [1]
8.009: (UNSTACK B037 B033) [1]
9.010: (STACK B037 B029) [1]
10.011: (UNSTACK B033 B034) [1]
11.012: (PUTDOWN B033) [1]
12.013: (UNSTACK B037 B029) [1]
13.014: (STACK B037 B033) [1]
