#
# (C) Copyright 2008, University of Illinois, Urbana-Champaign
#
# All rights reserved. Use of this software is permitted ONLY for
# non-commercial research purposes, and it may be copied only
# for that use only. All copies must include this copyright message.
# This software is made available AS IS, and neither the authors
# nor the University of Illinois, make any warranty about the
# software or its performance.
#

Parsing domain file
 domain 'BLOCKS4' defined
Parsing problem file
 problem 'PROBNAME' defined



checking for cyclic := effects --- OK.


; Time 0.63
; ParsingTime 0.13
; NrActions 40
; MakeSpan
; MetricValue
; PlanningTechnique Modified-FF(enforced hill-climbing search) as the subplanner

0.001: (UNSTACK B009 B025) [1]
1.002: (PUTDOWN B009) [1]
2.003: (UNSTACK B025 B007) [1]
3.004: (PUTDOWN B025) [1]
4.005: (UNSTACK B007 B006) [1]
5.006: (PUTDOWN B007) [1]
6.007: (UNSTACK B006 B016) [1]
7.008: (STACK B006 B035) [1]
8.009: (PICKUP B032) [1]
9.010: (STACK B032 B016) [1]
10.011: (UNSTACK B032 B016) [1]
11.012: (STACK B032 B006) [1]
12.013: (UNSTACK B031 B034) [1]
13.014: (STACK B031 B007) [1]
14.015: (UNSTACK B034 B033) [1]
15.016: (STACK B034 B025) [1]
16.017: (PICKUP B016) [1]
17.018: (STACK B016 B033) [1]
18.019: (UNSTACK B016 B033) [1]
19.020: (STACK B016 B037) [1]
20.021: (UNSTACK B015 B020) [1]
21.022: (STACK B015 B016) [1]
22.023: (UNSTACK B020 B003) [1]
23.024: (PUTDOWN B020) [1]
24.025: (UNSTACK B003 B012) [1]
25.026: (STACK B003 B009) [1]
26.027: (UNSTACK B033 B036) [1]
27.028: (STACK B033 B012) [1]
28.029: (UNSTACK B033 B012) [1]
29.030: (STACK B033 B000) [1]
30.031: (UNSTACK B012 B004) [1]
31.032: (PUTDOWN B012) [1]
32.033: (UNSTACK B033 B000) [1]
33.034: (STACK B033 B012) [1]
34.035: (UNSTACK B015 B016) [1]
35.036: (STACK B015 B004) [1]
36.037: (UNSTACK B016 B037) [1]
37.038: (STACK B016 B033) [1]
38.039: (UNSTACK B032 B006) [1]
39.040: (STACK B032 B016) [1]
