#
# (C) Copyright 2008, University of Illinois, Urbana-Champaign
#
# All rights reserved. Use of this software is permitted ONLY for
# non-commercial research purposes, and it may be copied only
# for that use only. All copies must include this copyright message.
# This software is made available AS IS, and neither the authors
# nor the University of Illinois, make any warranty about the
# software or its performance.
#

Parsing domain file
 domain 'BLOCKS4' defined
Parsing problem file
 problem 'PROBNAME' defined



checking for cyclic := effects --- OK.


; Time 1.37
; ParsingTime 0.13
; NrActions 50
; MakeSpan
; MetricValue
; PlanningTechnique Modified-FF(enforced hill-climbing search) as the subplanner

0.001: (UNSTACK B010 B017) [1]
1.002: (PUTDOWN B010) [1]
2.003: (UNSTACK B029 B019) [1]
3.004: (PUTDOWN B029) [1]
4.005: (UNSTACK B017 B009) [1]
5.006: (STACK B017 B024) [1]
6.007: (UNSTACK B019 B012) [1]
7.008: (STACK B019 B009) [1]
8.009: (UNSTACK B019 B009) [1]
9.010: (PUTDOWN B019) [1]
10.011: (UNSTACK B009 B004) [1]
11.012: (PUTDOWN B009) [1]
12.013: (UNSTACK B004 B005) [1]
13.014: (STACK B004 B036) [1]
14.015: (PICKUP B009) [1]
15.016: (STACK B009 B005) [1]
16.017: (UNSTACK B009 B005) [1]
17.018: (PUTDOWN B009) [1]
18.019: (UNSTACK B018 B007) [1]
19.020: (STACK B018 B037) [1]
20.021: (PICKUP B005) [1]
21.022: (STACK B005 B007) [1]
22.023: (UNSTACK B005 B007) [1]
23.024: (STACK B005 B018) [1]
24.025: (UNSTACK B017 B024) [1]
25.026: (STACK B017 B005) [1]
26.027: (UNSTACK B024 B023) [1]
27.028: (STACK B024 B017) [1]
28.029: (UNSTACK B007 B033) [1]
29.030: (STACK B007 B023) [1]
30.031: (UNSTACK B007 B023) [1]
31.032: (STACK B007 B024) [1]
32.033: (UNSTACK B023 B015) [1]
33.034: (PUTDOWN B023) [1]
34.035: (UNSTACK B007 B024) [1]
35.036: (STACK B007 B023) [1]
36.037: (PICKUP B019) [1]
37.038: (STACK B019 B009) [1]
38.039: (UNSTACK B024 B017) [1]
39.040: (STACK B024 B004) [1]
40.041: (UNSTACK B017 B005) [1]
41.042: (PUTDOWN B017) [1]
42.043: (UNSTACK B005 B018) [1]
43.044: (STACK B005 B007) [1]
44.045: (UNSTACK B019 B009) [1]
45.046: (PUTDOWN B019) [1]
46.047: (PICKUP B009) [1]
47.048: (STACK B009 B005) [1]
48.049: (PICKUP B019) [1]
49.050: (STACK B019 B009) [1]
