#
# (C) Copyright 2008, University of Illinois, Urbana-Champaign
#
# All rights reserved. Use of this software is permitted ONLY for
# non-commercial research purposes, and it may be copied only
# for that use only. All copies must include this copyright message.
# This software is made available AS IS, and neither the authors
# nor the University of Illinois, make any warranty about the
# software or its performance.
#

Parsing domain file
 domain 'BLOCKS4' defined
Parsing problem file
 problem 'PROBNAME' defined



checking for cyclic := effects --- OK.


; Time 0.52
; ParsingTime 0.14
; NrActions 30
; MakeSpan
; MetricValue
; PlanningTechnique Modified-FF(enforced hill-climbing search) as the subplanner

0.001: (UNSTACK B031 B034) [1]
1.002: (PUTDOWN B031) [1]
2.003: (UNSTACK B034 B033) [1]
3.004: (PUTDOWN B034) [1]
4.005: (UNSTACK B033 B028) [1]
5.006: (PUTDOWN B033) [1]
6.007: (UNSTACK B028 B032) [1]
7.008: (STACK B028 B009) [1]
8.009: (PICKUP B034) [1]
9.010: (STACK B034 B032) [1]
10.011: (UNSTACK B034 B032) [1]
11.012: (STACK B034 B028) [1]
12.013: (UNSTACK B025 B030) [1]
13.014: (STACK B025 B018) [1]
14.015: (PICKUP B032) [1]
15.016: (STACK B032 B030) [1]
16.017: (UNSTACK B032 B030) [1]
17.018: (PUTDOWN B032) [1]
18.019: (UNSTACK B030 B027) [1]
19.020: (STACK B030 B031) [1]
20.021: (UNSTACK B030 B031) [1]
21.022: (STACK B030 B039) [1]
22.023: (PICKUP B031) [1]
23.024: (STACK B031 B033) [1]
24.025: (UNSTACK B030 B039) [1]
25.026: (STACK B030 B031) [1]
26.027: (PICKUP B032) [1]
27.028: (STACK B032 B030) [1]
28.029: (UNSTACK B034 B028) [1]
29.030: (STACK B034 B032) [1]
