#
# (C) Copyright 2008, University of Illinois, Urbana-Champaign
#
# All rights reserved. Use of this software is permitted ONLY for
# non-commercial research purposes, and it may be copied only
# for that use only. All copies must include this copyright message.
# This software is made available AS IS, and neither the authors
# nor the University of Illinois, make any warranty about the
# software or its performance.
#

Parsing domain file
 domain 'BLOCKS4' defined
Parsing problem file
 problem 'PROBNAME' defined



checking for cyclic := effects --- OK.


; Time 0.37
; ParsingTime 0.15
; NrActions 34
; MakeSpan
; MetricValue
; PlanningTechnique Modified-FF(enforced hill-climbing search) as the subplanner

0.001: (UNSTACK B037 B035) [1]
1.002: (PUTDOWN B037) [1]
2.003: (UNSTACK B035 B036) [1]
3.004: (PUTDOWN B035) [1]
4.005: (UNSTACK B036 B039) [1]
5.006: (PUTDOWN B036) [1]
6.007: (UNSTACK B039 B038) [1]
7.008: (STACK B039 B032) [1]
8.009: (PICKUP B038) [1]
9.010: (STACK B038 B037) [1]
10.011: (UNSTACK B038 B037) [1]
11.012: (PUTDOWN B038) [1]
12.013: (PICKUP B037) [1]
13.014: (STACK B037 B036) [1]
14.015: (UNSTACK B037 B036) [1]
15.016: (STACK B037 B002) [1]
16.017: (PICKUP B036) [1]
17.018: (STACK B036 B035) [1]
18.019: (UNSTACK B036 B035) [1]
19.020: (STACK B036 B004) [1]
20.021: (PICKUP B035) [1]
21.022: (STACK B035 B039) [1]
22.023: (UNSTACK B035 B039) [1]
23.024: (STACK B035 B023) [1]
24.025: (UNSTACK B039 B032) [1]
25.026: (PUTDOWN B039) [1]
26.027: (UNSTACK B035 B023) [1]
27.028: (STACK B035 B039) [1]
28.029: (UNSTACK B036 B004) [1]
29.030: (STACK B036 B035) [1]
30.031: (UNSTACK B037 B002) [1]
31.032: (STACK B037 B036) [1]
32.033: (PICKUP B038) [1]
33.034: (STACK B038 B037) [1]
