#
# (C) Copyright 2008, University of Illinois, Urbana-Champaign
#
# All rights reserved. Use of this software is permitted ONLY for
# non-commercial research purposes, and it may be copied only
# for that use only. All copies must include this copyright message.
# This software is made available AS IS, and neither the authors
# nor the University of Illinois, make any warranty about the
# software or its performance.
#

Parsing domain file
 domain 'BLOCKS4' defined
Parsing problem file
 problem 'PROBNAME' defined



checking for cyclic := effects --- OK.


; Time 1.68
; ParsingTime 0.16
; NrActions 60
; MakeSpan
; MetricValue
; PlanningTechnique Modified-FF(enforced hill-climbing search) as the subplanner

0.001: (UNSTACK B010 B005) [1]
1.002: (PUTDOWN B010) [1]
2.003: (UNSTACK B011 B015) [1]
3.004: (PUTDOWN B011) [1]
4.005: (UNSTACK B005 B007) [1]
5.006: (STACK B005 B028) [1]
6.007: (UNSTACK B007 B023) [1]
7.008: (STACK B007 B015) [1]
8.009: (UNSTACK B007 B015) [1]
9.010: (PUTDOWN B007) [1]
10.011: (UNSTACK B012 B016) [1]
11.012: (STACK B012 B023) [1]
12.013: (UNSTACK B016 B019) [1]
13.014: (PUTDOWN B016) [1]
14.015: (UNSTACK B019 B025) [1]
15.016: (STACK B019 B039) [1]
16.017: (UNSTACK B015 B026) [1]
17.018: (STACK B015 B025) [1]
18.019: (UNSTACK B015 B025) [1]
19.020: (PUTDOWN B015) [1]
20.021: (UNSTACK B035 B033) [1]
21.022: (STACK B035 B007) [1]
22.023: (UNSTACK B033 B036) [1]
23.024: (STACK B033 B035) [1]
24.025: (UNSTACK B025 B032) [1]
25.026: (STACK B025 B036) [1]
26.027: (UNSTACK B025 B036) [1]
27.028: (PUTDOWN B025) [1]
28.029: (UNSTACK B009 B014) [1]
29.030: (STACK B009 B032) [1]
30.031: (UNSTACK B014 B018) [1]
31.032: (STACK B014 B025) [1]
32.033: (UNSTACK B018 B001) [1]
33.034: (STACK B018 B033) [1]
34.035: (UNSTACK B036 B034) [1]
35.036: (STACK B036 B001) [1]
36.037: (UNSTACK B036 B001) [1]
37.038: (STACK B036 B034) [1]
38.039: (UNSTACK B001 B021) [1]
39.040: (PUTDOWN B001) [1]
40.041: (UNSTACK B036 B034) [1]
41.042: (STACK B036 B001) [1]
42.043: (UNSTACK B018 B033) [1]
43.044: (STACK B018 B021) [1]
44.045: (UNSTACK B033 B035) [1]
45.046: (STACK B033 B034) [1]
46.047: (UNSTACK B035 B007) [1]
47.048: (STACK B035 B018) [1]
48.049: (PICKUP B007) [1]
49.050: (STACK B007 B015) [1]
50.051: (UNSTACK B014 B025) [1]
51.052: (PUTDOWN B014) [1]
52.053: (PICKUP B025) [1]
53.054: (STACK B025 B036) [1]
54.055: (UNSTACK B007 B015) [1]
55.056: (PUTDOWN B007) [1]
56.057: (PICKUP B015) [1]
57.058: (STACK B015 B025) [1]
58.059: (PICKUP B007) [1]
59.060: (STACK B007 B015) [1]
