#
# (C) Copyright 2008, University of Illinois, Urbana-Champaign
#
# All rights reserved. Use of this software is permitted ONLY for
# non-commercial research purposes, and it may be copied only
# for that use only. All copies must include this copyright message.
# This software is made available AS IS, and neither the authors
# nor the University of Illinois, make any warranty about the
# software or its performance.
#

Parsing domain file
 domain 'BLOCKS4' defined
Parsing problem file
 problem 'PROBNAME' defined



checking for cyclic := effects --- OK.


; Time 0.29
; ParsingTime 0.17
; NrActions 14
; MakeSpan
; MetricValue
; PlanningTechnique Modified-FF(enforced hill-climbing search) as the subplanner

0.001: (UNSTACK B039 B036) [1]
1.002: (PUTDOWN B039) [1]
2.003: (UNSTACK B036 B037) [1]
3.004: (STACK B036 B039) [1]
4.005: (UNSTACK B041 B040) [1]
5.006: (STACK B041 B037) [1]
6.007: (UNSTACK B041 B037) [1]
7.008: (PUTDOWN B041) [1]
8.009: (UNSTACK B040 B042) [1]
9.010: (STACK B040 B036) [1]
10.011: (UNSTACK B037 B038) [1]
11.012: (STACK B037 B042) [1]
12.013: (PICKUP B041) [1]
13.014: (STACK B041 B037) [1]
