#
# (C) Copyright 2008, University of Illinois, Urbana-Champaign
#
# All rights reserved. Use of this software is permitted ONLY for
# non-commercial research purposes, and it may be copied only
# for that use only. All copies must include this copyright message.
# This software is made available AS IS, and neither the authors
# nor the University of Illinois, make any warranty about the
# software or its performance.
#

Parsing domain file
 domain 'BLOCKS4' defined
Parsing problem file
 problem 'PROBNAME' defined



checking for cyclic := effects --- OK.


; Time 0.84
; ParsingTime 0.18
; NrActions 52
; MakeSpan
; MetricValue
; PlanningTechnique Modified-FF(enforced hill-climbing search) as the subplanner

0.001: (UNSTACK B017 B014) [1]
1.002: (PUTDOWN B017) [1]
2.003: (UNSTACK B014 B005) [1]
3.004: (PUTDOWN B014) [1]
4.005: (UNSTACK B005 B002) [1]
5.006: (PUTDOWN B005) [1]
6.007: (UNSTACK B002 B016) [1]
7.008: (STACK B002 B019) [1]
8.009: (PICKUP B016) [1]
9.010: (STACK B016 B014) [1]
10.011: (UNSTACK B016 B014) [1]
11.012: (STACK B016 B018) [1]
12.013: (UNSTACK B015 B011) [1]
13.014: (STACK B015 B016) [1]
14.015: (UNSTACK B011 B021) [1]
15.016: (STACK B011 B040) [1]
16.017: (PICKUP B014) [1]
17.018: (STACK B014 B021) [1]
18.019: (UNSTACK B014 B021) [1]
19.020: (PUTDOWN B014) [1]
20.021: (UNSTACK B002 B019) [1]
21.022: (STACK B002 B030) [1]
22.023: (UNSTACK B021 B012) [1]
23.024: (STACK B021 B019) [1]
24.025: (UNSTACK B021 B019) [1]
25.026: (PUTDOWN B021) [1]
26.027: (UNSTACK B034 B033) [1]
27.028: (STACK B034 B002) [1]
28.029: (UNSTACK B033 B025) [1]
29.030: (STACK B033 B021) [1]
30.031: (UNSTACK B019 B026) [1]
31.032: (STACK B019 B025) [1]
32.033: (UNSTACK B019 B025) [1]
33.034: (STACK B019 B026) [1]
34.035: (UNSTACK B025 B036) [1]
35.036: (PUTDOWN B025) [1]
36.037: (UNSTACK B019 B026) [1]
37.038: (STACK B019 B025) [1]
38.039: (UNSTACK B015 B016) [1]
39.040: (STACK B015 B036) [1]
40.041: (UNSTACK B016 B018) [1]
41.042: (STACK B016 B014) [1]
42.043: (UNSTACK B033 B021) [1]
43.044: (STACK B033 B012) [1]
44.045: (PICKUP B021) [1]
45.046: (STACK B021 B019) [1]
46.047: (UNSTACK B016 B014) [1]
47.048: (STACK B016 B018) [1]
48.049: (PICKUP B014) [1]
49.050: (STACK B014 B021) [1]
50.051: (UNSTACK B016 B018) [1]
51.052: (STACK B016 B014) [1]
