#
# (C) Copyright 2008, University of Illinois, Urbana-Champaign
#
# All rights reserved. Use of this software is permitted ONLY for
# non-commercial research purposes, and it may be copied only
# for that use only. All copies must include this copyright message.
# This software is made available AS IS, and neither the authors
# nor the University of Illinois, make any warranty about the
# software or its performance.
#

Parsing domain file
 domain 'BLOCKS4' defined
Parsing problem file
 problem 'PROBNAME' defined



checking for cyclic := effects --- OK.


; Time 3.44
; ParsingTime 0.18
; NrActions 52
; MakeSpan
; MetricValue
; PlanningTechnique Modified-FF(enforced hill-climbing search) as the subplanner

0.001: (UNSTACK B034 B031) [1]
1.002: (PUTDOWN B034) [1]
2.003: (UNSTACK B022 B015) [1]
3.004: (PUTDOWN B022) [1]
4.005: (UNSTACK B031 B024) [1]
5.006: (PUTDOWN B031) [1]
6.007: (UNSTACK B015 B002) [1]
7.008: (PUTDOWN B015) [1]
8.009: (UNSTACK B002 B004) [1]
9.010: (PUTDOWN B002) [1]
10.011: (UNSTACK B004 B016) [1]
11.012: (STACK B004 B011) [1]
12.013: (PICKUP B016) [1]
13.014: (STACK B016 B024) [1]
14.015: (UNSTACK B016 B024) [1]
15.016: (STACK B016 B022) [1]
16.017: (UNSTACK B007 B006) [1]
17.018: (STACK B007 B016) [1]
18.019: (UNSTACK B006 B013) [1]
19.020: (STACK B006 B004) [1]
20.021: (UNSTACK B013 B017) [1]
21.022: (STACK B013 B031) [1]
22.023: (UNSTACK B024 B038) [1]
23.024: (STACK B024 B017) [1]
24.025: (UNSTACK B024 B017) [1]
25.026: (PUTDOWN B024) [1]
26.027: (UNSTACK B006 B004) [1]
27.028: (STACK B006 B038) [1]
28.029: (UNSTACK B004 B011) [1]
29.030: (PUTDOWN B004) [1]
30.031: (UNSTACK B011 B025) [1]
31.032: (STACK B011 B004) [1]
32.033: (UNSTACK B025 B018) [1]
33.034: (PUTDOWN B025) [1]
34.035: (UNSTACK B018 B023) [1]
35.036: (STACK B018 B025) [1]
36.037: (UNSTACK B017 B005) [1]
37.038: (STACK B017 B023) [1]
38.039: (UNSTACK B017 B023) [1]
39.040: (PUTDOWN B017) [1]
40.041: (UNSTACK B007 B016) [1]
41.042: (STACK B007 B005) [1]
42.043: (UNSTACK B016 B022) [1]
43.044: (PUTDOWN B016) [1]
44.045: (UNSTACK B023 B009) [1]
45.046: (STACK B023 B022) [1]
46.047: (PICKUP B017) [1]
47.048: (STACK B017 B023) [1]
48.049: (PICKUP B024) [1]
49.050: (STACK B024 B017) [1]
50.051: (PICKUP B016) [1]
51.052: (STACK B016 B024) [1]
