#
# (C) Copyright 2008, University of Illinois, Urbana-Champaign
#
# All rights reserved. Use of this software is permitted ONLY for
# non-commercial research purposes, and it may be copied only
# for that use only. All copies must include this copyright message.
# This software is made available AS IS, and neither the authors
# nor the University of Illinois, make any warranty about the
# software or its performance.
#

Parsing domain file
 domain 'BLOCKS4' defined
Parsing problem file
 problem 'PROBNAME' defined



checking for cyclic := effects --- OK.


; Time 0.42
; ParsingTime 0.18
; NrActions 24
; MakeSpan
; MetricValue
; PlanningTechnique Modified-FF(enforced hill-climbing search) as the subplanner

0.001: (UNSTACK B033 B035) [1]
1.002: (STACK B033 B003) [1]
2.003: (UNSTACK B035 B030) [1]
3.004: (STACK B035 B012) [1]
4.005: (UNSTACK B035 B012) [1]
5.006: (PUTDOWN B035) [1]
6.007: (UNSTACK B004 B015) [1]
7.008: (STACK B004 B030) [1]
8.009: (UNSTACK B015 B011) [1]
9.010: (PUTDOWN B015) [1]
10.011: (UNSTACK B011 B014) [1]
11.012: (STACK B011 B035) [1]
12.013: (UNSTACK B012 B010) [1]
13.014: (STACK B012 B014) [1]
14.015: (UNSTACK B012 B014) [1]
15.016: (STACK B012 B033) [1]
16.017: (UNSTACK B014 B006) [1]
17.018: (PUTDOWN B014) [1]
18.019: (UNSTACK B012 B033) [1]
19.020: (STACK B012 B014) [1]
20.021: (UNSTACK B011 B035) [1]
21.022: (STACK B011 B006) [1]
22.023: (PICKUP B035) [1]
23.024: (STACK B035 B012) [1]
