#
# (C) Copyright 2008, University of Illinois, Urbana-Champaign
#
# All rights reserved. Use of this software is permitted ONLY for
# non-commercial research purposes, and it may be copied only
# for that use only. All copies must include this copyright message.
# This software is made available AS IS, and neither the authors
# nor the University of Illinois, make any warranty about the
# software or its performance.
#

Parsing domain file
 domain 'BLOCKS4' defined
Parsing problem file
 problem 'PROBNAME' defined



checking for cyclic := effects --- OK.


; Time 0.54
; ParsingTime 0.17
; NrActions 30
; MakeSpan
; MetricValue
; PlanningTechnique Modified-FF(enforced hill-climbing search) as the subplanner

0.001: (UNSTACK B039 B041) [1]
1.002: (PUTDOWN B039) [1]
2.003: (UNSTACK B041 B035) [1]
3.004: (PUTDOWN B041) [1]
4.005: (UNSTACK B035 B040) [1]
5.006: (PUTDOWN B035) [1]
6.007: (UNSTACK B040 B037) [1]
7.008: (STACK B040 B029) [1]
8.009: (UNSTACK B042 B043) [1]
9.010: (STACK B042 B037) [1]
10.011: (UNSTACK B042 B037) [1]
11.012: (STACK B042 B014) [1]
12.013: (PICKUP B037) [1]
13.014: (STACK B037 B035) [1]
14.015: (UNSTACK B037 B035) [1]
15.016: (PUTDOWN B037) [1]
16.017: (PICKUP B035) [1]
17.018: (STACK B035 B040) [1]
18.019: (UNSTACK B035 B040) [1]
19.020: (STACK B035 B037) [1]
20.021: (UNSTACK B043 B036) [1]
21.022: (STACK B043 B031) [1]
22.023: (UNSTACK B040 B029) [1]
23.024: (STACK B040 B036) [1]
24.025: (UNSTACK B035 B037) [1]
25.026: (STACK B035 B040) [1]
26.027: (PICKUP B037) [1]
27.028: (STACK B037 B035) [1]
28.029: (UNSTACK B042 B014) [1]
29.030: (STACK B042 B037) [1]
