#
# (C) Copyright 2008, University of Illinois, Urbana-Champaign
#
# All rights reserved. Use of this software is permitted ONLY for
# non-commercial research purposes, and it may be copied only
# for that use only. All copies must include this copyright message.
# This software is made available AS IS, and neither the authors
# nor the University of Illinois, make any warranty about the
# software or its performance.
#

Parsing domain file
 domain 'BLOCKS4' defined
Parsing problem file
 problem 'PROBNAME' defined



checking for cyclic := effects --- OK.


; Time 0.82
; ParsingTime 0.16
; NrActions 32
; MakeSpan
; MetricValue
; PlanningTechnique Modified-FF(enforced hill-climbing search) as the subplanner

0.001: (UNSTACK B000 B031) [1]
1.002: (PUTDOWN B000) [1]
2.003: (UNSTACK B023 B043) [1]
3.004: (PUTDOWN B023) [1]
4.005: (UNSTACK B043 B010) [1]
5.006: (PUTDOWN B043) [1]
6.007: (UNSTACK B010 B042) [1]
7.008: (STACK B010 B000) [1]
8.009: (PICKUP B042) [1]
9.010: (STACK B042 B031) [1]
10.011: (UNSTACK B042 B031) [1]
11.012: (PUTDOWN B042) [1]
12.013: (UNSTACK B031 B006) [1]
13.014: (STACK B031 B029) [1]
14.015: (UNSTACK B031 B029) [1]
15.016: (STACK B031 B042) [1]
16.017: (UNSTACK B020 B016) [1]
17.018: (STACK B020 B031) [1]
18.019: (PICKUP B029) [1]
19.020: (STACK B029 B016) [1]
20.021: (UNSTACK B029 B016) [1]
21.022: (PUTDOWN B029) [1]
22.023: (UNSTACK B016 B022) [1]
23.024: (PUTDOWN B016) [1]
24.025: (PICKUP B029) [1]
25.026: (STACK B029 B016) [1]
26.027: (UNSTACK B020 B031) [1]
27.028: (STACK B020 B022) [1]
28.029: (UNSTACK B031 B042) [1]
29.030: (STACK B031 B029) [1]
30.031: (PICKUP B042) [1]
31.032: (STACK B042 B031) [1]
