
ff: parsing domain file
domain 'BLOCKS4' defined
 ... done.
ff: parsing problem file
problem 'PROBNAME' defined
 ... done.



Cueing down from goal distance:    3 into depth [1][2]
                                   2            [1]
                                   1            [1]
                                   0            

Cueing down from goal distance:    2 into depth [1]
                                   1            [1]
                                   0            

Cueing down from goal distance:    3 into depth [1][2]
                                   2            [1]
                                   1            [1]
                                   0            

ff: found legal plan as follows

step    0: UNSTACK B006 B005
        1: STACK B006 B002
        2: UNSTACK B005 B003
        3: PUTDOWN B005
        4: UNSTACK B006 B002
        5: STACK B006 B005
        6: UNSTACK B001 B000
        7: STACK B001 B002
        8: PICKUP B000
        9: STACK B000 B006
     

time spent:    0.00 seconds instantiating 144 easy, 0 hard action templates
               0.00 seconds reachability analysis, yielding 89 facts and 144 actions
               0.00 seconds creating final representation with 89 relevant facts
               0.00 seconds building connectivity graph
               0.00 seconds searching, evaluating 13 states, to a max depth of 2
               0.00 seconds total time

