
ff: parsing domain file
domain 'BLOCKS4' defined
 ... done.
ff: parsing problem file
problem 'PROBNAME' defined
 ... done.



Cueing down from goal distance:    3 into depth [1][2]
                                   2            [1]
                                   1            [1]
                                   0            

Cueing down from goal distance:    4 into depth [1][2]
                                   3            [1][2]
                                   2            [1]
                                   1            [1]
                                   0            

Cueing down from goal distance:    3 into depth [1][2]
                                   2            [1]
                                   1            [1]
                                   0            

Cueing down from goal distance:    2 into depth [1]
                                   1            [1]
                                   0            

ff: found legal plan as follows

step    0: UNSTACK B006 B005
        1: STACK B006 B003
        2: PICKUP B007
        3: STACK B007 B005
        4: UNSTACK B006 B003
        5: PUTDOWN B006
        6: UNSTACK B003 B001
        7: STACK B003 B006
        8: UNSTACK B001 B004
        9: STACK B001 B007
       10: UNSTACK B004 B002
       11: STACK B004 B003
       12: UNSTACK B002 B000
       13: STACK B002 B001
       14: PICKUP B000
       15: STACK B000 B002
     

time spent:    0.00 seconds instantiating 144 easy, 0 hard action templates
               0.00 seconds reachability analysis, yielding 89 facts and 144 actions
               0.00 seconds creating final representation with 89 relevant facts
               0.00 seconds building connectivity graph
               0.00 seconds searching, evaluating 24 states, to a max depth of 2
               0.00 seconds total time

