
ff: parsing domain file
domain 'BLOCKS4' defined
 ... done.
ff: parsing problem file
problem 'PROBNAME' defined
 ... done.



Cueing down from goal distance:    2 into depth [1]
                                   1            [1]
                                   0            

Cueing down from goal distance:    3 into depth [1][2]
                                   2            [1]
                                   1            [1]
                                   0            

Cueing down from goal distance:    3 into depth [1][2]
                                   2            [1]
                                   1            [1]
                                   0            

Cueing down from goal distance:    5 into depth [1][2]
                                   4            [1][2]
                                   3            [1][2]
                                   2            [1]
                                   1            [1]
                                   0            

Cueing down from goal distance:    4 into depth [1][2]
                                   3            [1][2]
                                   2            [1]
                                   1            [1]
                                   0            

ff: found legal plan as follows

step    0: UNSTACK B000 B006
        1: PUTDOWN B000
        2: UNSTACK B001 B002
        3: STACK B001 B008
        4: UNSTACK B002 B009
        5: STACK B002 B000
        6: UNSTACK B004 B003
        7: STACK B004 B001
        8: PICKUP B003
        9: STACK B003 B002
       10: UNSTACK B004 B001
       11: STACK B004 B006
       12: UNSTACK B001 B008
       13: STACK B001 B004
       14: UNSTACK B008 B005
       15: STACK B008 B001
       16: UNSTACK B005 B007
       17: STACK B005 B003
       18: UNSTACK B008 B001
       19: PUTDOWN B008
       20: UNSTACK B001 B004
       21: STACK B001 B008
       22: UNSTACK B004 B006
       23: STACK B004 B005
     

time spent:    0.00 seconds instantiating 220 easy, 0 hard action templates
               0.00 seconds reachability analysis, yielding 131 facts and 220 actions
               0.00 seconds creating final representation with 131 relevant facts
               0.00 seconds building connectivity graph
               0.00 seconds searching, evaluating 29 states, to a max depth of 2
               0.00 seconds total time

