
ff: parsing domain file
domain 'BLOCKS4' defined
 ... done.
ff: parsing problem file
problem 'PROBNAME' defined
 ... done.



Cueing down from goal distance:    4 into depth [1][2]
                                   3            [1][2]
                                   2            [1]
                                   1            [1]
                                   0            

Cueing down from goal distance:    2 into depth [1]
                                   1            [1]
                                   0            

Cueing down from goal distance:    2 into depth [1]
                                   1            [1]
                                   0            

Cueing down from goal distance:    2 into depth [1]
                                   1            [1]
                                   0            

Cueing down from goal distance:    2 into depth [1]
                                   1            [1]
                                   0            

ff: found legal plan as follows

step    0: UNSTACK B003 B000
        1: STACK B003 B011
        2: UNSTACK B000 B002
        3: STACK B000 B003
        4: UNSTACK B002 B004
        5: PUTDOWN B002
        6: UNSTACK B004 B001
        7: STACK B004 B002
        8: UNSTACK B000 B003
        9: STACK B000 B004
       10: PICKUP B001
       11: STACK B001 B000
       12: UNSTACK B003 B011
       13: STACK B003 B001
     

time spent:    0.00 seconds instantiating 312 easy, 0 hard action templates
               0.00 seconds reachability analysis, yielding 181 facts and 312 actions
               0.00 seconds creating final representation with 181 relevant facts
               0.00 seconds building connectivity graph
               0.00 seconds searching, evaluating 19 states, to a max depth of 2
               0.00 seconds total time

