
ff: parsing domain file
domain 'BLOCKS4' defined
 ... done.
ff: parsing problem file
problem 'PROBNAME' defined
 ... done.



Cueing down from goal distance:    2 into depth [1]
                                   1            [1]
                                   0            

Cueing down from goal distance:    2 into depth [1]
                                   1            [1]
                                   0            

ff: found legal plan as follows

step    0: UNSTACK B013 B006
        1: PUTDOWN B013
        2: UNSTACK B006 B011
        3: STACK B006 B013
     

time spent:    0.00 seconds instantiating 420 easy, 0 hard action templates
               0.00 seconds reachability analysis, yielding 239 facts and 420 actions
               0.00 seconds creating final representation with 239 relevant facts
               0.00 seconds building connectivity graph
               0.00 seconds searching, evaluating 6 states, to a max depth of 1
               0.00 seconds total time

