
ff: parsing domain file
domain 'BLOCKS4' defined
 ... done.
ff: parsing problem file
problem 'PROBNAME' defined
 ... done.



Cueing down from goal distance:    4 into depth [1][2]
                                   3            [1][2]
                                   2            [1]
                                   1            [1]
                                   0            

Cueing down from goal distance:    4 into depth [1][2]
                                   3            [1][2]
                                   2            [1]
                                   1            [1]
                                   0            

ff: found legal plan as follows

step    0: UNSTACK B000 B006
        1: STACK B000 B007
        2: UNSTACK B006 B002
        3: STACK B006 B011
        4: UNSTACK B002 B013
        5: PUTDOWN B002
        6: UNSTACK B009 B008
        7: STACK B009 B012
        8: UNSTACK B008 B003
        9: STACK B008 B009
       10: PICKUP B003
       11: STACK B003 B002
     

time spent:    0.00 seconds instantiating 420 easy, 0 hard action templates
               0.00 seconds reachability analysis, yielding 239 facts and 420 actions
               0.00 seconds creating final representation with 239 relevant facts
               0.00 seconds building connectivity graph
               0.00 seconds searching, evaluating 14 states, to a max depth of 2
               0.00 seconds total time

