
ff: parsing domain file
domain 'BLOCKS4' defined
 ... done.
ff: parsing problem file
problem 'PROBNAME' defined
 ... done.



Cueing down from goal distance:    2 into depth [1]
                                   1            [1]
                                   0            

Cueing down from goal distance:    4 into depth [1][2]
                                   3            [1][2]
                                   2            [1]
                                   1            [1]
                                   0            

Cueing down from goal distance:    5 into depth [1][2]
                                   4            [1][2]
                                   3            [1][2]
                                   2            [1]
                                   1            [1]
                                   0            

Cueing down from goal distance:    4 into depth [1][2]
                                   3            [1][2]
                                   2            [1]
                                   1            [1]
                                   0            

ff: found legal plan as follows

step    0: UNSTACK B013 B009
        1: PUTDOWN B013
        2: UNSTACK B003 B000
        3: STACK B003 B010
        4: UNSTACK B000 B005
        5: STACK B000 B003
        6: PICKUP B005
        7: STACK B005 B013
        8: UNSTACK B008 B002
        9: STACK B008 B000
       10: UNSTACK B002 B007
       11: STACK B002 B009
       12: UNSTACK B007 B012
       13: STACK B007 B002
       14: PICKUP B012
       15: STACK B012 B005
       16: UNSTACK B008 B000
       17: PUTDOWN B008
       18: UNSTACK B000 B003
       19: STACK B000 B007
       20: UNSTACK B003 B010
       21: STACK B003 B012
     

time spent:    0.00 seconds instantiating 420 easy, 0 hard action templates
               0.00 seconds reachability analysis, yielding 239 facts and 420 actions
               0.00 seconds creating final representation with 239 relevant facts
               0.00 seconds building connectivity graph
               0.00 seconds searching, evaluating 26 states, to a max depth of 2
               0.00 seconds total time

