
ff: parsing domain file
domain 'BLOCKS4' defined
 ... done.
ff: parsing problem file
problem 'PROBNAME' defined
 ... done.



Cueing down from goal distance:    3 into depth [1][2]
                                   2            [1]
                                   1            [1]
                                   0            

Cueing down from goal distance:    4 into depth [1][2]
                                   3            [1][2]
                                   2            [1]
                                   1            [1]
                                   0            

Cueing down from goal distance:    2 into depth [1]
                                   1            [1]
                                   0            

Cueing down from goal distance:    5 into depth [1][2]
                                   4            [1][2]
                                   3            [1][2]
                                   2            [1]
                                   1            [1]
                                   0            

ff: found legal plan as follows

step    0: UNSTACK B012 B010
        1: STACK B012 B008
        2: UNSTACK B010 B005
        3: PUTDOWN B010
        4: UNSTACK B012 B008
        5: STACK B012 B011
        6: UNSTACK B008 B009
        7: STACK B008 B012
        8: PICKUP B009
        9: STACK B009 B010
       10: UNSTACK B005 B007
       11: STACK B005 B009
       12: UNSTACK B008 B012
       13: STACK B008 B003
       14: UNSTACK B012 B011
       15: STACK B012 B008
       16: UNSTACK B011 B013
       17: STACK B011 B012
       18: PICKUP B013
       19: STACK B013 B005
     

time spent:    0.00 seconds instantiating 420 easy, 0 hard action templates
               0.00 seconds reachability analysis, yielding 239 facts and 420 actions
               0.00 seconds creating final representation with 239 relevant facts
               0.00 seconds building connectivity graph
               0.00 seconds searching, evaluating 24 states, to a max depth of 2
               0.00 seconds total time

