
ff: parsing domain file
domain 'BLOCKS4' defined
 ... done.
ff: parsing problem file
problem 'PROBNAME' defined
 ... done.



Cueing down from goal distance:    3 into depth [1][2][3][4]
                                   2            [1]
                                   1            [1]
                                   0            

Cueing down from goal distance:    3 into depth [1][2]
                                   2            [1]
                                   1            [1]
                                   0            

ff: found legal plan as follows

step    0: UNSTACK B007 B004
        1: STACK B007 B011
        2: UNSTACK B004 B005
        3: STACK B004 B013
        4: UNSTACK B007 B011
        5: STACK B007 B005
        6: UNSTACK B001 B015
        7: STACK B001 B011
        8: PICKUP B015
        9: STACK B015 B007
     

time spent:    0.00 seconds instantiating 544 easy, 0 hard action templates
               0.00 seconds reachability analysis, yielding 305 facts and 544 actions
               0.00 seconds creating final representation with 305 relevant facts
               0.00 seconds building connectivity graph
               0.00 seconds searching, evaluating 24 states, to a max depth of 4
               0.00 seconds total time

