
ff: parsing domain file
domain 'BLOCKS4' defined
 ... done.
ff: parsing problem file
problem 'PROBNAME' defined
 ... done.



Cueing down from goal distance:    2 into depth [1]
                                   1            [1]
                                   0            

Cueing down from goal distance:    4 into depth [1][2]
                                   3            [1][2]
                                   2            [1]
                                   1            [1]
                                   0            

Cueing down from goal distance:    2 into depth [1]
                                   1            [1]
                                   0            

ff: found legal plan as follows

step    0: UNSTACK B017 B012
        1: PUTDOWN B017
        2: UNSTACK B006 B002
        3: STACK B006 B012
        4: UNSTACK B002 B008
        5: STACK B002 B000
        6: UNSTACK B008 B016
        7: STACK B008 B017
        8: UNSTACK B009 B015
        9: STACK B009 B008
     

time spent:    0.00 seconds instantiating 684 easy, 0 hard action templates
               0.00 seconds reachability analysis, yielding 379 facts and 684 actions
               0.00 seconds creating final representation with 379 relevant facts
               0.00 seconds building connectivity graph
               0.00 seconds searching, evaluating 13 states, to a max depth of 2
               0.00 seconds total time

