
ff: parsing domain file
domain 'BLOCKS4' defined
 ... done.
ff: parsing problem file
problem 'PROBNAME' defined
 ... done.



Cueing down from goal distance:    2 into depth [1]
                                   1            [1]
                                   0            

Cueing down from goal distance:    2 into depth [1]
                                   1            [1]
                                   0            

Cueing down from goal distance:    3 into depth [1][2]
                                   2            [1]
                                   1            [1]
                                   0            

Cueing down from goal distance:    4 into depth [1][2]
                                   3            [1][2]
                                   2            [1]
                                   1            [1]
                                   0            

Cueing down from goal distance:    2 into depth [1]
                                   1            [1]
                                   0            

ff: found legal plan as follows

step    0: UNSTACK B014 B003
        1: PUTDOWN B014
        2: UNSTACK B005 B000
        3: STACK B005 B014
        4: UNSTACK B010 B006
        5: STACK B010 B003
        6: UNSTACK B006 B012
        7: STACK B006 B005
        8: UNSTACK B000 B016
        9: STACK B000 B012
       10: UNSTACK B016 B015
       11: STACK B016 B010
       12: UNSTACK B015 B008
       13: STACK B015 B006
       14: UNSTACK B001 B002
       15: STACK B001 B015
     

time spent:    0.00 seconds instantiating 684 easy, 0 hard action templates
               0.00 seconds reachability analysis, yielding 379 facts and 684 actions
               0.00 seconds creating final representation with 379 relevant facts
               0.00 seconds building connectivity graph
               0.00 seconds searching, evaluating 21 states, to a max depth of 2
               0.00 seconds total time

