
ff: parsing domain file
domain 'BLOCKS4' defined
 ... done.
ff: parsing problem file
problem 'PROBNAME' defined
 ... done.



Cueing down from goal distance:    2 into depth [1]
                                   1            [1]
                                   0            

Cueing down from goal distance:    3 into depth [1][2]
                                   2            [1]
                                   1            [1]
                                   0            

Cueing down from goal distance:    4 into depth [1][2]
                                   3            [1][2]
                                   2            [1]
                                   1            [1]
                                   0            

Cueing down from goal distance:    3 into depth [1][2]
                                   2            [1]
                                   1            [1]
                                   0            

Cueing down from goal distance:    2 into depth [1]
                                   1            [1]
                                   0            

ff: found legal plan as follows

step    0: UNSTACK B003 B017
        1: PUTDOWN B003
        2: UNSTACK B005 B004
        3: STACK B005 B015
        4: UNSTACK B004 B002
        5: STACK B004 B003
        6: UNSTACK B005 B015
        7: STACK B005 B017
        8: UNSTACK B015 B008
        9: STACK B015 B005
       10: UNSTACK B008 B012
       11: STACK B008 B004
       12: UNSTACK B013 B014
       13: STACK B013 B015
       14: PICKUP B014
       15: STACK B014 B008
       16: UNSTACK B012 B006
       17: STACK B012 B014
     

time spent:    0.00 seconds instantiating 684 easy, 0 hard action templates
               0.00 seconds reachability analysis, yielding 379 facts and 684 actions
               0.00 seconds creating final representation with 379 relevant facts
               0.00 seconds building connectivity graph
               0.01 seconds searching, evaluating 23 states, to a max depth of 2
               0.01 seconds total time

