
ff: parsing domain file
domain 'BLOCKS4' defined
 ... done.
ff: parsing problem file
problem 'PROBNAME' defined
 ... done.



Cueing down from goal distance:    3 into depth [1][2]
                                   2            [1]
                                   1            [1]
                                   0            

Cueing down from goal distance:    2 into depth [1]
                                   1            [1]
                                   0            

Cueing down from goal distance:    5 into depth [1][2]
                                   4            [1][2]
                                   3            [1][2]
                                   2            [1]
                                   1            [1]
                                   0            

Cueing down from goal distance:    4 into depth [1][2]
                                   3            [1][2]
                                   2            [1]
                                   1            [1]
                                   0            

Cueing down from goal distance:    2 into depth [1]
                                   1            [1]
                                   0            

ff: found legal plan as follows

step    0: UNSTACK B002 B001
        1: STACK B002 B013
        2: UNSTACK B001 B008
        3: PUTDOWN B001
        4: UNSTACK B002 B013
        5: STACK B002 B001
        6: UNSTACK B013 B010
        7: STACK B013 B016
        8: UNSTACK B010 B004
        9: STACK B010 B013
       10: UNSTACK B004 B000
       11: STACK B004 B010
       12: PICKUP B000
       13: STACK B000 B002
       14: UNSTACK B008 B007
       15: STACK B008 B004
       16: UNSTACK B007 B005
       17: STACK B007 B017
       18: PICKUP B005
       19: STACK B005 B000
       20: UNSTACK B007 B017
       21: STACK B007 B005
     

time spent:    0.00 seconds instantiating 684 easy, 0 hard action templates
               0.00 seconds reachability analysis, yielding 379 facts and 684 actions
               0.00 seconds creating final representation with 379 relevant facts
               0.00 seconds building connectivity graph
               0.00 seconds searching, evaluating 27 states, to a max depth of 2
               0.00 seconds total time

