
ff: parsing domain file
domain 'BLOCKS4' defined
 ... done.
ff: parsing problem file
problem 'PROBNAME' defined
 ... done.



Cueing down from goal distance:    4 into depth [1][2]
                                   3            [1][2]
                                   2            [1]
                                   1            [1]
                                   0            

Cueing down from goal distance:    2 into depth [1]
                                   1            [1]
                                   0            

Cueing down from goal distance:    4 into depth [1][2]
                                   3            [1][2]
                                   2            [1]
                                   1            [1]
                                   0            

Cueing down from goal distance:    3 into depth [1][2]
                                   2            [1]
                                   1            [1]
                                   0            

Cueing down from goal distance:    4 into depth [1][2]
                                   3            [1][2]
                                   2            [1]
                                   1            [1]
                                   0            

ff: found legal plan as follows

step    0: UNSTACK B004 B001
        1: STACK B004 B016
        2: UNSTACK B001 B000
        3: STACK B001 B008
        4: UNSTACK B000 B003
        5: PUTDOWN B000
        6: UNSTACK B003 B002
        7: STACK B003 B000
        8: UNSTACK B001 B008
        9: STACK B001 B015
       10: UNSTACK B008 B006
       11: STACK B008 B001
       12: UNSTACK B006 B005
       13: STACK B006 B003
       14: UNSTACK B008 B001
       15: STACK B008 B004
       16: UNSTACK B001 B015
       17: STACK B001 B006
       18: UNSTACK B005 B009
       19: STACK B005 B008
       20: UNSTACK B009 B007
       21: STACK B009 B005
       22: PICKUP B007
       23: STACK B007 B001
     

time spent:    0.00 seconds instantiating 684 easy, 0 hard action templates
               0.00 seconds reachability analysis, yielding 379 facts and 684 actions
               0.00 seconds creating final representation with 379 relevant facts
               0.00 seconds building connectivity graph
               0.00 seconds searching, evaluating 29 states, to a max depth of 2
               0.00 seconds total time

