
ff: parsing domain file
domain 'BLOCKS4' defined
 ... done.
ff: parsing problem file
problem 'PROBNAME' defined
 ... done.



Cueing down from goal distance:    4 into depth [1][2]
                                   3            [1][2]
                                   2            [1]
                                   1            [1]
                                   0            

Cueing down from goal distance:    6 into depth [1][2]
                                   5            [1][2]
                                   4            [1][2]
                                   3            [1][2]
                                   2            [1]
                                   1            [1]
                                   0            

ff: found legal plan as follows

step    0: UNSTACK B014 B003
        1: STACK B014 B009
        2: UNSTACK B003 B012
        3: STACK B003 B014
        4: UNSTACK B012 B005
        5: PUTDOWN B012
        6: UNSTACK B015 B010
        7: STACK B015 B003
        8: UNSTACK B010 B016
        9: STACK B010 B015
       10: UNSTACK B016 B011
       11: STACK B016 B005
       12: UNSTACK B011 B008
       13: STACK B011 B016
       14: PICKUP B008
       15: STACK B008 B012
     

time spent:    0.00 seconds instantiating 684 easy, 0 hard action templates
               0.00 seconds reachability analysis, yielding 379 facts and 684 actions
               0.00 seconds creating final representation with 379 relevant facts
               0.00 seconds building connectivity graph
               0.00 seconds searching, evaluating 18 states, to a max depth of 2
               0.00 seconds total time

