
ff: parsing domain file
domain 'BLOCKS4' defined
 ... done.
ff: parsing problem file
problem 'PROBNAME' defined
 ... done.



Cueing down from goal distance:    3 into depth [1][2]
                                   2            [1]
                                   1            [1]
                                   0            

Cueing down from goal distance:    5 into depth [1][2]
                                   4            [1][2]
                                   3            [1][2]
                                   2            [1]
                                   1            [1]
                                   0            

Cueing down from goal distance:    4 into depth [1][2]
                                   3            [1][2]
                                   2            [1]
                                   1            [1]
                                   0            

Cueing down from goal distance:    7 into depth [1][2]
                                   6            [1][2]
                                   5            [1][2]
                                   4            [1][2]
                                   3            [1][2]
                                   2            [1]
                                   1            [1]
                                   0            

Cueing down from goal distance:    2 into depth [1]
                                   1            [1]
                                   0            

ff: found legal plan as follows

step    0: UNSTACK B016 B000
        1: STACK B016 B011
        2: UNSTACK B000 B006
        3: PUTDOWN B000
        4: UNSTACK B008 B012
        5: STACK B008 B014
        6: UNSTACK B012 B003
        7: STACK B012 B008
        8: UNSTACK B003 B005
        9: STACK B003 B012
       10: UNSTACK B005 B002
       11: STACK B005 B000
       12: UNSTACK B016 B011
       13: PUTDOWN B016
       14: UNSTACK B011 B001
       15: STACK B011 B016
       16: UNSTACK B001 B004
       17: STACK B001 B005
       18: UNSTACK B003 B012
       19: STACK B003 B004
       20: UNSTACK B012 B008
       21: STACK B012 B011
       22: UNSTACK B008 B014
       23: STACK B008 B012
       24: UNSTACK B014 B013
       25: STACK B014 B008
       26: UNSTACK B013 B007
       27: STACK B013 B003
       28: UNSTACK B007 B015
       29: STACK B007 B001
       30: UNSTACK B006 B018
       31: STACK B006 B007
     

time spent:    0.00 seconds instantiating 840 easy, 0 hard action templates
               0.00 seconds reachability analysis, yielding 461 facts and 840 actions
               0.00 seconds creating final representation with 461 relevant facts
               0.00 seconds building connectivity graph
               0.01 seconds searching, evaluating 37 states, to a max depth of 2
               0.01 seconds total time

