
ff: parsing domain file
domain 'BLOCKS4' defined
 ... done.
ff: parsing problem file
problem 'PROBNAME' defined
 ... done.



Cueing down from goal distance:    6 into depth [1][2]
                                   5            [1][2]
                                   4            [1][2]
                                   3            [1][2]
                                   2            [1]
                                   1            [1]
                                   0            

Cueing down from goal distance:    2 into depth [1]
                                   1            [1]
                                   0            

Cueing down from goal distance:    4 into depth [1][2]
                                   3            [1][2]
                                   2            [1]
                                   1            [1]
                                   0            

Cueing down from goal distance:    4 into depth [1][2]
                                   3            [1][2]
                                   2            [1]
                                   1            [1]
                                   0            

ff: found legal plan as follows

step    0: UNSTACK B008 B003
        1: STACK B008 B006
        2: UNSTACK B003 B009
        3: STACK B003 B019
        4: UNSTACK B009 B005
        5: STACK B009 B003
        6: UNSTACK B005 B007
        7: STACK B005 B009
        8: UNSTACK B002 B000
        9: STACK B002 B007
       10: UNSTACK B005 B009
       11: STACK B005 B002
       12: UNSTACK B008 B006
       13: STACK B008 B000
       14: UNSTACK B006 B001
       15: STACK B006 B008
       16: UNSTACK B001 B013
       17: STACK B001 B005
       18: UNSTACK B006 B008
       19: STACK B006 B015
       20: UNSTACK B008 B000
       21: STACK B008 B006
       22: UNSTACK B000 B011
       23: STACK B000 B001
     

time spent:    0.00 seconds instantiating 840 easy, 0 hard action templates
               0.00 seconds reachability analysis, yielding 461 facts and 840 actions
               0.00 seconds creating final representation with 461 relevant facts
               0.00 seconds building connectivity graph
               0.00 seconds searching, evaluating 38 states, to a max depth of 2
               0.00 seconds total time

