
ff: parsing domain file
domain 'BLOCKS4' defined
 ... done.
ff: parsing problem file
problem 'PROBNAME' defined
 ... done.



Cueing down from goal distance:    3 into depth [1][2]
                                   2            [1]
                                   1            [1]
                                   0            

Cueing down from goal distance:    4 into depth [1][2]
                                   3            [1][2]
                                   2            [1]
                                   1            [1]
                                   0            

Cueing down from goal distance:    7 into depth [1][2]
                                   6            [1][2]
                                   5            [1][2]
                                   4            [1][2]
                                   3            [1][2]
                                   2            [1]
                                   1            [1]
                                   0            

Cueing down from goal distance:    6 into depth [1][2]
                                   5            [1][2]
                                   4            [1][2]
                                   3            [1][2]
                                   2            [1]
                                   1            [1]
                                   0            

Cueing down from goal distance:    2 into depth [1]
                                   1            [1]
                                   0            

ff: found legal plan as follows

step    0: UNSTACK B001 B002
        1: STACK B001 B008
        2: UNSTACK B002 B003
        3: PUTDOWN B002
        4: UNSTACK B003 B009
        5: STACK B003 B015
        6: UNSTACK B009 B004
        7: STACK B009 B012
        8: PICKUP B004
        9: STACK B004 B002
       10: UNSTACK B001 B008
       11: STACK B001 B018
       12: UNSTACK B008 B006
       13: STACK B008 B001
       14: UNSTACK B006 B005
       15: STACK B006 B008
       16: UNSTACK B005 B007
       17: STACK B005 B006
       18: UNSTACK B007 B000
       19: STACK B007 B005
       20: PICKUP B000
       21: STACK B000 B004
       22: UNSTACK B007 B005
       23: STACK B007 B009
       24: UNSTACK B005 B006
       25: STACK B005 B007
       26: UNSTACK B006 B008
       27: STACK B006 B005
       28: UNSTACK B008 B001
       29: STACK B008 B006
       30: UNSTACK B001 B018
       31: STACK B001 B000
       32: UNSTACK B003 B015
       33: STACK B003 B001
     

time spent:    0.00 seconds instantiating 840 easy, 0 hard action templates
               0.00 seconds reachability analysis, yielding 461 facts and 840 actions
               0.00 seconds creating final representation with 461 relevant facts
               0.00 seconds building connectivity graph
               0.01 seconds searching, evaluating 39 states, to a max depth of 2
               0.01 seconds total time

