
ff: parsing domain file
domain 'BLOCKS4' defined
 ... done.
ff: parsing problem file
problem 'PROBNAME' defined
 ... done.



Cueing down from goal distance:    2 into depth [1]
                                   1            [1]
                                   0            

Cueing down from goal distance:    2 into depth [1]
                                   1            [1]
                                   0            

Cueing down from goal distance:    3 into depth [1][2]
                                   2            [1]
                                   1            [1]
                                   0            

Cueing down from goal distance:    3 into depth [1][2]
                                   2            [1]
                                   1            [1]
                                   0            

Cueing down from goal distance:    3 into depth [1][2]
                                   2            [1]
                                   1            [1]
                                   0            

ff: found legal plan as follows

step    0: UNSTACK B002 B007
        1: PUTDOWN B002
        2: UNSTACK B007 B000
        3: STACK B007 B002
        4: UNSTACK B000 B008
        5: STACK B000 B018
        6: UNSTACK B008 B003
        7: STACK B008 B007
        8: UNSTACK B006 B009
        9: STACK B006 B010
       10: UNSTACK B009 B014
       11: STACK B009 B008
       12: UNSTACK B014 B004
       13: STACK B014 B000
       14: PICKUP B004
       15: STACK B004 B009
     

time spent:    0.00 seconds instantiating 1012 easy, 0 hard action templates
               0.00 seconds reachability analysis, yielding 551 facts and 1012 actions
               0.00 seconds creating final representation with 551 relevant facts
               0.00 seconds building connectivity graph
               0.01 seconds searching, evaluating 21 states, to a max depth of 2
               0.01 seconds total time

