
ff: parsing domain file
domain 'BLOCKS4' defined
 ... done.
ff: parsing problem file
problem 'PROBNAME' defined
 ... done.



Cueing down from goal distance:    2 into depth [1]
                                   1            [1]
                                   0            

Cueing down from goal distance:    4 into depth [1][2]
                                   3            [1][2]
                                   2            [1]
                                   1            [1]
                                   0            

Cueing down from goal distance:    2 into depth [1]
                                   1            [1]
                                   0            

Cueing down from goal distance:    2 into depth [1]
                                   1            [1]
                                   0            

ff: found legal plan as follows

step    0: UNSTACK B015 B014
        1: PUTDOWN B015
        2: UNSTACK B017 B013
        3: STACK B017 B007
        4: UNSTACK B013 B008
        5: STACK B013 B001
        6: UNSTACK B008 B005
        7: STACK B008 B015
        8: UNSTACK B005 B009
        9: STACK B005 B008
       10: PICKUP B009
       11: STACK B009 B005
     

time spent:    0.00 seconds instantiating 1012 easy, 0 hard action templates
               0.00 seconds reachability analysis, yielding 551 facts and 1012 actions
               0.00 seconds creating final representation with 551 relevant facts
               0.00 seconds building connectivity graph
               0.01 seconds searching, evaluating 16 states, to a max depth of 2
               0.01 seconds total time

