
ff: parsing domain file
domain 'BLOCKS4' defined
 ... done.
ff: parsing problem file
problem 'PROBNAME' defined
 ... done.



Cueing down from goal distance:    4 into depth [1][2]
                                   3            [1][2]
                                   2            [1]
                                   1            [1]
                                   0            

Cueing down from goal distance:    4 into depth [1][2]
                                   3            [1][2]
                                   2            [1]
                                   1            [1]
                                   0            

Cueing down from goal distance:    2 into depth [1]
                                   1            [1]
                                   0            

Cueing down from goal distance:    4 into depth [1][2]
                                   3            [1][2]
                                   2            [1]
                                   1            [1]
                                   0            

ff: found legal plan as follows

step    0: UNSTACK B013 B000
        1: STACK B013 B017
        2: UNSTACK B005 B001
        3: STACK B005 B004
        4: UNSTACK B000 B010
        5: STACK B000 B001
        6: UNSTACK B015 B016
        7: STACK B015 B013
        8: UNSTACK B016 B006
        9: STACK B016 B015
       10: PICKUP B006
       11: STACK B006 B000
       12: UNSTACK B009 B018
       13: STACK B009 B006
       14: UNSTACK B021 B007
       15: STACK B021 B016
       16: UNSTACK B007 B008
       17: STACK B007 B010
       18: PICKUP B008
       19: STACK B008 B009
     

time spent:    0.00 seconds instantiating 1012 easy, 0 hard action templates
               0.00 seconds reachability analysis, yielding 551 facts and 1012 actions
               0.00 seconds creating final representation with 551 relevant facts
               0.00 seconds building connectivity graph
               0.01 seconds searching, evaluating 36 states, to a max depth of 2
               0.01 seconds total time

