
ff: parsing domain file
domain 'BLOCKS4' defined
 ... done.
ff: parsing problem file
problem 'PROBNAME' defined
 ... done.



Cueing down from goal distance:    3 into depth [1][2]
                                   2            [1]
                                   1            [1]
                                   0            

Cueing down from goal distance:    2 into depth [1]
                                   1            [1]
                                   0            

Cueing down from goal distance:    2 into depth [1]
                                   1            [1]
                                   0            

Cueing down from goal distance:    3 into depth [1][2]
                                   2            [1]
                                   1            [1]
                                   0            

ff: found legal plan as follows

step    0: UNSTACK B023 B019
        1: STACK B023 B009
        2: UNSTACK B019 B013
        3: PUTDOWN B019
        4: UNSTACK B010 B020
        5: STACK B010 B019
        6: UNSTACK B020 B003
        7: STACK B020 B010
        8: UNSTACK B003 B018
        9: STACK B003 B013
       10: PICKUP B018
       11: STACK B018 B020
     

time spent:    0.00 seconds instantiating 1200 easy, 0 hard action templates
               0.00 seconds reachability analysis, yielding 649 facts and 1200 actions
               0.00 seconds creating final representation with 649 relevant facts
               0.00 seconds building connectivity graph
               0.01 seconds searching, evaluating 16 states, to a max depth of 2
               0.01 seconds total time

