
ff: parsing domain file
domain 'BLOCKS4' defined
 ... done.
ff: parsing problem file
problem 'PROBNAME' defined
 ... done.



Cueing down from goal distance:    4 into depth [1][2]
                                   3            [1][2]
                                   2            [1]
                                   1            [1]
                                   0            

Cueing down from goal distance:    3 into depth [1][2]
                                   2            [1]
                                   1            [1]
                                   0            

Cueing down from goal distance:    2 into depth [1]
                                   1            [1]
                                   0            

Cueing down from goal distance:    5 into depth [1][2]
                                   4            [1][2]
                                   3            [1][2]
                                   2            [1]
                                   1            [1]
                                   0            

Cueing down from goal distance:    7 into depth [1][2]
                                   6            [1][2]
                                   5            [1][2]
                                   4            [1][2]
                                   3            [1][2]
                                   2            [1]
                                   1            [1]
                                   0            

ff: found legal plan as follows

step    0: UNSTACK B006 B001
        1: STACK B006 B012
        2: UNSTACK B001 B008
        3: STACK B001 B006
        4: UNSTACK B008 B007
        5: PUTDOWN B008
        6: UNSTACK B001 B006
        7: STACK B001 B020
        8: UNSTACK B006 B012
        9: STACK B006 B008
       10: UNSTACK B014 B018
       11: STACK B014 B006
       12: UNSTACK B018 B016
       13: STACK B018 B001
       14: UNSTACK B016 B021
       15: STACK B016 B007
       16: UNSTACK B021 B013
       17: STACK B021 B012
       18: PICKUP B013
       19: STACK B013 B014
       20: UNSTACK B021 B012
       21: STACK B021 B005
       22: UNSTACK B012 B019
       23: STACK B012 B018
       24: UNSTACK B019 B010
       25: STACK B019 B012
       26: UNSTACK B010 B011
       27: STACK B010 B019
       28: UNSTACK B011 B017
       29: STACK B011 B010
       30: PICKUP B017
       31: STACK B017 B013
     

time spent:    0.00 seconds instantiating 1200 easy, 0 hard action templates
               0.00 seconds reachability analysis, yielding 649 facts and 1200 actions
               0.00 seconds creating final representation with 649 relevant facts
               0.00 seconds building connectivity graph
               0.02 seconds searching, evaluating 37 states, to a max depth of 2
               0.02 seconds total time

