
ff: parsing domain file
domain 'BLOCKS4' defined
 ... done.
ff: parsing problem file
problem 'PROBNAME' defined
 ... done.



Cueing down from goal distance:    2 into depth [1]
                                   1            [1]
                                   0            

Cueing down from goal distance:    2 into depth [1]
                                   1            [1]
                                   0            

Cueing down from goal distance:    2 into depth [1]
                                   1            [1]
                                   0            

Cueing down from goal distance:    2 into depth [1]
                                   1            [1]
                                   0            

Cueing down from goal distance:    3 into depth [1][2]
                                   2            [1]
                                   1            [1]
                                   0            

ff: found legal plan as follows

step    0: UNSTACK B016 B006
        1: PUTDOWN B016
        2: PICKUP B022
        3: STACK B022 B016
        4: UNSTACK B011 B007
        5: STACK B011 B022
        6: UNSTACK B013 B010
        7: STACK B013 B011
        8: UNSTACK B021 B017
        9: STACK B021 B019
       10: UNSTACK B017 B012
       11: STACK B017 B013
     

time spent:    0.00 seconds instantiating 1200 easy, 0 hard action templates
               0.00 seconds reachability analysis, yielding 649 facts and 1200 actions
               0.00 seconds creating final representation with 649 relevant facts
               0.00 seconds building connectivity graph
               0.01 seconds searching, evaluating 17 states, to a max depth of 2
               0.01 seconds total time

