
ff: parsing domain file
domain 'BLOCKS4' defined
 ... done.
ff: parsing problem file
problem 'PROBNAME' defined
 ... done.



Cueing down from goal distance:    3 into depth [1][2]
                                   2            [1]
                                   1            [1]
                                   0            

Cueing down from goal distance:    4 into depth [1][2]
                                   3            [1][2]
                                   2            [1]
                                   1            [1]
                                   0            

Cueing down from goal distance:    7 into depth [1][2]
                                   6            [1][2]
                                   5            [1][2]
                                   4            [1][2]
                                   3            [1][2]
                                   2            [1]
                                   1            [1]
                                   0            

Cueing down from goal distance:    4 into depth [1][2]
                                   3            [1][2]
                                   2            [1]
                                   1            [1]
                                   0            

Cueing down from goal distance:    7 into depth [1][2]
                                   6            [1][2]
                                   5            [1][2]
                                   4            [1][2]
                                   3            [1][2]
                                   2            [1]
                                   1            [1]
                                   0            

ff: found legal plan as follows

step    0: UNSTACK B007 B000
        1: STACK B007 B009
        2: UNSTACK B000 B008
        3: PUTDOWN B000
        4: UNSTACK B008 B005
        5: STACK B008 B018
        6: UNSTACK B005 B002
        7: STACK B005 B014
        8: PICKUP B002
        9: STACK B002 B000
       10: UNSTACK B007 B009
       11: STACK B007 B020
       12: UNSTACK B009 B003
       13: STACK B009 B007
       14: UNSTACK B003 B012
       15: STACK B003 B009
       16: UNSTACK B012 B011
       17: STACK B012 B003
       18: UNSTACK B011 B001
       19: STACK B011 B012
       20: PICKUP B001
       21: STACK B001 B002
       22: UNSTACK B011 B012
       23: STACK B011 B005
       24: UNSTACK B012 B003
       25: STACK B012 B011
       26: UNSTACK B003 B009
       27: STACK B003 B001
       28: UNSTACK B012 B011
       29: STACK B012 B009
       30: UNSTACK B011 B005
       31: STACK B011 B012
       32: UNSTACK B005 B014
       33: STACK B005 B011
       34: UNSTACK B014 B013
       35: PUTDOWN B014
       36: UNSTACK B013 B004
       37: STACK B013 B014
       38: UNSTACK B004 B015
       39: STACK B004 B003
     

time spent:    0.00 seconds instantiating 1200 easy, 0 hard action templates
               0.00 seconds reachability analysis, yielding 649 facts and 1200 actions
               0.00 seconds creating final representation with 649 relevant facts
               0.00 seconds building connectivity graph
               0.01 seconds searching, evaluating 45 states, to a max depth of 2
               0.01 seconds total time

