
ff: parsing domain file
domain 'BLOCKS4' defined
 ... done.
ff: parsing problem file
problem 'PROBNAME' defined
 ... done.



Cueing down from goal distance:    9 into depth [1][2]
                                   8            [1][2]
                                   7            [1][2]
                                   6            [1][2]
                                   5            [1][2]
                                   4            [1][2]
                                   3            [1][2]
                                   2            [1]
                                   1            [1]
                                   0            

Cueing down from goal distance:    2 into depth [1]
                                   1            [1]
                                   0            

Cueing down from goal distance:    5 into depth [1][2]
                                   4            [1][2]
                                   3            [1][2]
                                   2            [1]
                                   1            [1]
                                   0            

ff: found legal plan as follows

step    0: UNSTACK B015 B020
        1: STACK B015 B009
        2: UNSTACK B003 B008
        3: STACK B003 B018
        4: UNSTACK B020 B016
        5: STACK B020 B003
        6: UNSTACK B008 B011
        7: STACK B008 B013
        8: UNSTACK B016 B022
        9: STACK B016 B008
       10: UNSTACK B011 B012
       11: STACK B011 B016
       12: UNSTACK B012 B010
       13: STACK B012 B011
       14: UNSTACK B022 B021
       15: STACK B022 B010
       16: UNSTACK B015 B009
       17: STACK B015 B022
       18: UNSTACK B012 B011
       19: STACK B012 B009
       20: UNSTACK B011 B016
       21: STACK B011 B012
       22: UNSTACK B016 B008
       23: STACK B016 B011
       24: UNSTACK B008 B013
       25: STACK B008 B015
     

time spent:    0.00 seconds instantiating 1200 easy, 0 hard action templates
               0.00 seconds reachability analysis, yielding 649 facts and 1200 actions
               0.00 seconds creating final representation with 649 relevant facts
               0.00 seconds building connectivity graph
               0.02 seconds searching, evaluating 45 states, to a max depth of 2
               0.02 seconds total time

