
ff: parsing domain file
domain 'BLOCKS4' defined
 ... done.
ff: parsing problem file
problem 'PROBNAME' defined
 ... done.



Cueing down from goal distance:    2 into depth [1]
                                   1            [1]
                                   0            

Cueing down from goal distance:    2 into depth [1]
                                   1            [1]
                                   0            

Cueing down from goal distance:    2 into depth [1]
                                   1            [1]
                                   0            

Cueing down from goal distance:    5 into depth [1][2]
                                   4            [1][2]
                                   3            [1][2]
                                   2            [1]
                                   1            [1]
                                   0            

Cueing down from goal distance:    4 into depth [1][2]
                                   3            [1][2]
                                   2            [1]
                                   1            [1]
                                   0            

ff: found legal plan as follows

step    0: UNSTACK B021 B020
        1: PUTDOWN B021
        2: PICKUP B020
        3: STACK B020 B021
        4: UNSTACK B014 B013
        5: STACK B014 B020
        6: UNSTACK B019 B015
        7: STACK B019 B022
        8: UNSTACK B015 B007
        9: STACK B015 B005
       10: UNSTACK B007 B011
       11: STACK B007 B013
       12: PICKUP B011
       13: STACK B011 B014
       14: UNSTACK B002 B000
       15: STACK B002 B012
       16: UNSTACK B000 B003
       17: STACK B000 B007
       18: UNSTACK B003 B001
       19: STACK B003 B011
     

time spent:    0.00 seconds instantiating 1200 easy, 0 hard action templates
               0.00 seconds reachability analysis, yielding 649 facts and 1200 actions
               0.00 seconds creating final representation with 649 relevant facts
               0.00 seconds building connectivity graph
               0.02 seconds searching, evaluating 25 states, to a max depth of 2
               0.02 seconds total time

