
ff: parsing domain file
domain 'BLOCKS4' defined
 ... done.
ff: parsing problem file
problem 'PROBNAME' defined
 ... done.



Cueing down from goal distance:    3 into depth [1][2]
                                   2            [1]
                                   1            [1]
                                   0            

Cueing down from goal distance:    6 into depth [1][2]
                                   5            [1][2]
                                   4            [1][2]
                                   3            [1][2]
                                   2            [1]
                                   1            [1]
                                   0            

Cueing down from goal distance:    2 into depth [1]
                                   1            [1]
                                   0            

Cueing down from goal distance:    9 into depth [1][2]
                                   8            [1][2]
                                   7            [1][2]
                                   6            [1][2]
                                   5            [1][2]
                                   4            [1][2]
                                   3            [1][2]
                                   2            [1]
                                   1            [1]
                                   0            

Cueing down from goal distance:    2 into depth [1]
                                   1            [1]
                                   0            

ff: found legal plan as follows

step    0: UNSTACK B019 B009
        1: STACK B019 B002
        2: UNSTACK B009 B008
        3: PUTDOWN B009
        4: UNSTACK B017 B001
        5: STACK B017 B019
        6: UNSTACK B001 B003
        7: STACK B001 B017
        8: UNSTACK B003 B015
        9: STACK B003 B001
       10: UNSTACK B015 B007
       11: STACK B015 B003
       12: PICKUP B007
       13: STACK B007 B009
       14: PICKUP B014
       15: STACK B014 B007
       16: UNSTACK B015 B003
       17: STACK B015 B008
       18: UNSTACK B003 B001
       19: STACK B003 B015
       20: UNSTACK B001 B017
       21: STACK B001 B003
       22: UNSTACK B017 B019
       23: STACK B017 B001
       24: UNSTACK B019 B002
       25: STACK B019 B017
       26: UNSTACK B002 B020
       27: STACK B002 B019
       28: UNSTACK B020 B010
       29: STACK B020 B002
       30: UNSTACK B010 B013
       31: STACK B010 B014
       32: PICKUP B013
       33: STACK B013 B010
     

time spent:    0.00 seconds instantiating 1200 easy, 0 hard action templates
               0.00 seconds reachability analysis, yielding 649 facts and 1200 actions
               0.00 seconds creating final representation with 649 relevant facts
               0.00 seconds building connectivity graph
               0.02 seconds searching, evaluating 39 states, to a max depth of 2
               0.02 seconds total time

