
ff: parsing domain file
domain 'BLOCKS4' defined
 ... done.
ff: parsing problem file
problem 'PROBNAME' defined
 ... done.



Cueing down from goal distance:    5 into depth [1][2]
                                   4            [1][2]
                                   3            [1][2]
                                   2            [1]
                                   1            [1]
                                   0            

Cueing down from goal distance:    2 into depth [1]
                                   1            [1]
                                   0            

Cueing down from goal distance:    6 into depth [1][2]
                                   5            [1][2]
                                   4            [1][2]
                                   3            [1][2]
                                   2            [1]
                                   1            [1]
                                   0            

Cueing down from goal distance:    2 into depth [1]
                                   1            [1]
                                   0            

Cueing down from goal distance:    8 into depth [1][2]
                                   7            [1][2]
                                   6            [1][2]
                                   5            [1][2]
                                   4            [1][2]
                                   3            [1][2]
                                   2            [1]
                                   1            [1]
                                   0            

ff: found legal plan as follows

step    0: UNSTACK B001 B013
        1: STACK B001 B021
        2: UNSTACK B013 B012
        3: STACK B013 B019
        4: UNSTACK B012 B000
        5: STACK B012 B025
        6: UNSTACK B000 B005
        7: PUTDOWN B000
        8: UNSTACK B001 B021
        9: STACK B001 B000
       10: UNSTACK B021 B003
       11: STACK B021 B007
       12: UNSTACK B003 B022
       13: STACK B003 B021
       14: UNSTACK B022 B014
       15: STACK B022 B003
       16: UNSTACK B014 B002
       17: STACK B014 B022
       18: PICKUP B002
       19: STACK B002 B001
       20: PICKUP B005
       21: STACK B005 B002
       22: UNSTACK B014 B022
       23: STACK B014 B012
       24: UNSTACK B022 B003
       25: STACK B022 B014
       26: UNSTACK B003 B021
       27: STACK B003 B022
       28: UNSTACK B021 B007
       29: STACK B021 B003
       30: UNSTACK B007 B017
       31: STACK B007 B021
       32: UNSTACK B017 B008
       33: STACK B017 B007
       34: UNSTACK B008 B020
       35: STACK B008 B005
     

time spent:    0.00 seconds instantiating 1404 easy, 0 hard action templates
               0.00 seconds reachability analysis, yielding 755 facts and 1404 actions
               0.00 seconds creating final representation with 755 relevant facts
               0.00 seconds building connectivity graph
               0.02 seconds searching, evaluating 41 states, to a max depth of 2
               0.02 seconds total time

