
ff: parsing domain file
domain 'BLOCKS4' defined
 ... done.
ff: parsing problem file
problem 'PROBNAME' defined
 ... done.



Cueing down from goal distance:    3 into depth [1][2]
                                   2            [1]
                                   1            [1]
                                   0            

Cueing down from goal distance:    3 into depth [1][2]
                                   2            [1]
                                   1            [1]
                                   0            

Cueing down from goal distance:    6 into depth [1][2]
                                   5            [1][2]
                                   4            [1][2]
                                   3            [1][2]
                                   2            [1]
                                   1            [1]
                                   0            

Cueing down from goal distance:    4 into depth [1][2]
                                   3            [1][2]
                                   2            [1]
                                   1            [1]
                                   0            

Cueing down from goal distance:    4 into depth [1][2]
                                   3            [1][2]
                                   2            [1]
                                   1            [1]
                                   0            

ff: found legal plan as follows

step    0: UNSTACK B015 B017
        1: STACK B015 B028
        2: UNSTACK B017 B012
        3: PUTDOWN B017
        4: UNSTACK B019 B020
        5: STACK B019 B005
        6: UNSTACK B020 B022
        7: STACK B020 B017
        8: UNSTACK B019 B005
        9: STACK B019 B015
       10: UNSTACK B005 B001
       11: STACK B005 B019
       12: UNSTACK B001 B003
       13: STACK B001 B005
       14: UNSTACK B003 B004
       15: STACK B003 B001
       16: UNSTACK B004 B002
       17: STACK B004 B020
       18: UNSTACK B012 B011
       19: STACK B012 B003
       20: UNSTACK B011 B010
       21: STACK B011 B002
       22: PICKUP B010
       23: STACK B010 B004
       24: UNSTACK B024 B014
       25: STACK B024 B029
       26: UNSTACK B014 B023
       27: STACK B014 B022
       28: UNSTACK B023 B018
       29: STACK B023 B010
     

time spent:    0.00 seconds instantiating 1860 easy, 0 hard action templates
               0.00 seconds reachability analysis, yielding 991 facts and 1860 actions
               0.00 seconds creating final representation with 991 relevant facts
               0.00 seconds building connectivity graph
               0.02 seconds searching, evaluating 35 states, to a max depth of 2
               0.02 seconds total time

