
ff: parsing domain file
domain 'BLOCKS4' defined
 ... done.
ff: parsing problem file
problem 'PROBNAME' defined
 ... done.



Cueing down from goal distance:    2 into depth [1]
                                   1            [1]
                                   0            

Cueing down from goal distance:    6 into depth [1][2]
                                   5            [1][2]
                                   4            [1][2]
                                   3            [1][2]
                                   2            [1]
                                   1            [1]
                                   0            

Cueing down from goal distance:    3 into depth [1][2]
                                   2            [1]
                                   1            [1]
                                   0            

Cueing down from goal distance:    4 into depth [1][2]
                                   3            [1][2]
                                   2            [1]
                                   1            [1]
                                   0            

ff: found legal plan as follows

step    0: UNSTACK B021 B023
        1: PUTDOWN B021
        2: UNSTACK B008 B013
        3: STACK B008 B011
        4: UNSTACK B013 B002
        5: STACK B013 B029
        6: UNSTACK B002 B014
        7: STACK B002 B019
        8: UNSTACK B014 B017
        9: STACK B014 B002
       10: PICKUP B017
       11: STACK B017 B021
       12: UNSTACK B018 B016
       13: STACK B018 B013
       14: UNSTACK B016 B003
       15: STACK B016 B017
       16: UNSTACK B023 B024
       17: STACK B023 B008
       18: UNSTACK B024 B022
       19: STACK B024 B014
       20: UNSTACK B022 B020
       21: STACK B022 B016
     

time spent:    0.00 seconds instantiating 1860 easy, 0 hard action templates
               0.00 seconds reachability analysis, yielding 991 facts and 1860 actions
               0.00 seconds creating final representation with 991 relevant facts
               0.01 seconds building connectivity graph
               0.01 seconds searching, evaluating 26 states, to a max depth of 2
               0.02 seconds total time

