
ff: parsing domain file
domain 'BLOCKS4' defined
 ... done.
ff: parsing problem file
problem 'PROBNAME' defined
 ... done.



Cueing down from goal distance:    2 into depth [1]
                                   1            [1]
                                   0            

Cueing down from goal distance:    2 into depth [1]
                                   1            [1]
                                   0            

Cueing down from goal distance:    3 into depth [1][2]
                                   2            [1]
                                   1            [1]
                                   0            

Cueing down from goal distance:    6 into depth [1][2]
                                   5            [1][2]
                                   4            [1][2]
                                   3            [1][2]
                                   2            [1]
                                   1            [1]
                                   0            

Cueing down from goal distance:    2 into depth [1]
                                   1            [1]
                                   0            

ff: found legal plan as follows

step    0: UNSTACK B000 B002
        1: PUTDOWN B000
        2: UNSTACK B002 B014
        3: STACK B002 B000
        4: UNSTACK B011 B013
        5: STACK B011 B009
        6: UNSTACK B013 B007
        7: STACK B013 B002
        8: UNSTACK B017 B005
        9: STACK B017 B018
       10: UNSTACK B005 B006
       11: STACK B005 B017
       12: UNSTACK B006 B001
       13: STACK B006 B005
       14: UNSTACK B001 B003
       15: STACK B001 B006
       16: PICKUP B003
       17: STACK B003 B013
       18: UNSTACK B001 B006
       19: STACK B001 B003
     

time spent:    0.00 seconds instantiating 1860 easy, 0 hard action templates
               0.00 seconds reachability analysis, yielding 991 facts and 1860 actions
               0.00 seconds creating final representation with 991 relevant facts
               0.01 seconds building connectivity graph
               0.02 seconds searching, evaluating 25 states, to a max depth of 2
               0.03 seconds total time

