
ff: parsing domain file
domain 'BLOCKS4' defined
 ... done.
ff: parsing problem file
problem 'PROBNAME' defined
 ... done.



Cueing down from goal distance:    3 into depth [1][2]
                                   2            [1]
                                   1            [1]
                                   0            

Cueing down from goal distance:    4 into depth [1][2]
                                   3            [1][2]
                                   2            [1]
                                   1            [1]
                                   0            

Cueing down from goal distance:    5 into depth [1][2]
                                   4            [1][2]
                                   3            [1][2]
                                   2            [1]
                                   1            [1]
                                   0            

Cueing down from goal distance:    3 into depth [1][2]
                                   2            [1]
                                   1            [1]
                                   0            

Cueing down from goal distance:    2 into depth [1]
                                   1            [1]
                                   0            

ff: found legal plan as follows

step    0: UNSTACK B000 B001
        1: STACK B000 B028
        2: UNSTACK B001 B007
        3: PUTDOWN B001
        4: UNSTACK B015 B012
        5: STACK B015 B000
        6: UNSTACK B012 B003
        7: STACK B012 B007
        8: UNSTACK B003 B018
        9: STACK B003 B001
       10: UNSTACK B012 B007
       11: STACK B012 B026
       12: UNSTACK B007 B002
       13: STACK B007 B017
       14: UNSTACK B002 B004
       15: STACK B002 B007
       16: PICKUP B004
       17: STACK B004 B003
       18: UNSTACK B015 B000
       19: STACK B015 B029
       20: UNSTACK B000 B028
       21: STACK B000 B004
       22: UNSTACK B002 B007
       23: STACK B002 B000
     

time spent:    0.00 seconds instantiating 1860 easy, 0 hard action templates
               0.00 seconds reachability analysis, yielding 991 facts and 1860 actions
               0.00 seconds creating final representation with 991 relevant facts
               0.00 seconds building connectivity graph
               0.02 seconds searching, evaluating 29 states, to a max depth of 2
               0.02 seconds total time

