
ff: parsing domain file
domain 'BLOCKS4' defined
 ... done.
ff: parsing problem file
problem 'PROBNAME' defined
 ... done.



Cueing down from goal distance:    3 into depth [1][2]
                                   2            [1]
                                   1            [1]
                                   0            

Cueing down from goal distance:    4 into depth [1][2]
                                   3            [1][2]
                                   2            [1]
                                   1            [1]
                                   0            

Cueing down from goal distance:    3 into depth [1][2]
                                   2            [1]
                                   1            [1]
                                   0            

Cueing down from goal distance:    2 into depth [1]
                                   1            [1]
                                   0            

Cueing down from goal distance:    3 into depth [1][2]
                                   2            [1]
                                   1            [1]
                                   0            

ff: found legal plan as follows

step    0: UNSTACK B015 B025
        1: STACK B015 B030
        2: UNSTACK B025 B031
        3: PUTDOWN B025
        4: UNSTACK B015 B030
        5: STACK B015 B009
        6: UNSTACK B030 B027
        7: STACK B030 B015
        8: UNSTACK B027 B024
        9: STACK B027 B025
       10: UNSTACK B020 B028
       11: STACK B020 B030
       12: UNSTACK B028 B014
       13: STACK B028 B027
       14: UNSTACK B026 B016
       15: STACK B026 B028
       16: UNSTACK B014 B029
       17: STACK B014 B024
       18: PICKUP B029
       19: STACK B029 B026
     

time spent:    0.00 seconds instantiating 2112 easy, 0 hard action templates
               0.00 seconds reachability analysis, yielding 1121 facts and 2112 actions
               0.00 seconds creating final representation with 1121 relevant facts
               0.00 seconds building connectivity graph
               0.02 seconds searching, evaluating 25 states, to a max depth of 2
               0.02 seconds total time

