
ff: parsing domain file
domain 'BLOCKS4' defined
 ... done.
ff: parsing problem file
problem 'PROBNAME' defined
 ... done.



Cueing down from goal distance:    6 into depth [1][2]
                                   5            [1][2]
                                   4            [1][2]
                                   3            [1][2]
                                   2            [1]
                                   1            [1]
                                   0            

Cueing down from goal distance:    6 into depth [1][2]
                                   5            [1][2]
                                   4            [1][2]
                                   3            [1][2]
                                   2            [1]
                                   1            [1]
                                   0            

ff: found legal plan as follows

step    0: UNSTACK B007 B002
        1: STACK B007 B010
        2: UNSTACK B002 B003
        3: STACK B002 B008
        4: UNSTACK B003 B001
        5: STACK B003 B023
        6: UNSTACK B031 B030
        7: STACK B031 B002
        8: UNSTACK B001 B006
        9: STACK B001 B030
       10: UNSTACK B031 B002
       11: STACK B031 B007
       12: UNSTACK B002 B008
       13: STACK B002 B003
       14: UNSTACK B008 B009
       15: STACK B008 B002
       16: UNSTACK B009 B000
       17: STACK B009 B008
       18: UNSTACK B000 B004
       19: STACK B000 B001
     

time spent:    0.00 seconds instantiating 2112 easy, 0 hard action templates
               0.00 seconds reachability analysis, yielding 1121 facts and 2112 actions
               0.00 seconds creating final representation with 1121 relevant facts
               0.01 seconds building connectivity graph
               0.01 seconds searching, evaluating 34 states, to a max depth of 2
               0.02 seconds total time

