
ff: parsing domain file
domain 'BLOCKS4' defined
 ... done.
ff: parsing problem file
problem 'PROBNAME' defined
 ... done.



Cueing down from goal distance:    5 into depth [1][2]
                                   4            [1][2]
                                   3            [1][2]
                                   2            [1]
                                   1            [1]
                                   0            

ff: found legal plan as follows

step    0: UNSTACK B010 B022
        1: STACK B010 B021
        2: UNSTACK B022 B013
        3: STACK B022 B011
        4: UNSTACK B013 B026
        5: STACK B013 B029
        6: UNSTACK B026 B004
        7: PUTDOWN B026
     

time spent:    0.00 seconds instantiating 2112 easy, 0 hard action templates
               0.00 seconds reachability analysis, yielding 1121 facts and 2112 actions
               0.00 seconds creating final representation with 1121 relevant facts
               0.00 seconds building connectivity graph
               0.03 seconds searching, evaluating 9 states, to a max depth of 2
               0.03 seconds total time

