
ff: parsing domain file
domain 'BLOCKS4' defined
 ... done.
ff: parsing problem file
problem 'PROBNAME' defined
 ... done.



Cueing down from goal distance:    2 into depth [1]
                                   1            [1]
                                   0            

Cueing down from goal distance:    5 into depth [1][2]
                                   4            [1][2]
                                   3            [1][2]
                                   2            [1]
                                   1            [1]
                                   0            

Cueing down from goal distance:    4 into depth [1][2]
                                   3            [1][2]
                                   2            [1]
                                   1            [1]
                                   0            

Cueing down from goal distance:    8 into depth [1][2]
                                   7            [1][2]
                                   6            [1][2]
                                   5            [1][2]
                                   4            [1][2]
                                   3            [1][2]
                                   2            [1]
                                   1            [1]
                                   0            

Cueing down from goal distance:    7 into depth [1][2]
                                   6            [1][2]
                                   5            [1][2]
                                   4            [1][2]
                                   3            [1][2]
                                   2            [1]
                                   1            [1]
                                   0            

ff: found legal plan as follows

step    0: UNSTACK B009 B000
        1: PUTDOWN B009
        2: UNSTACK B023 B024
        3: STACK B023 B010
        4: UNSTACK B024 B020
        5: STACK B024 B000
        6: UNSTACK B020 B017
        7: STACK B020 B029
        8: UNSTACK B017 B021
        9: STACK B017 B009
       10: UNSTACK B022 B018
       11: STACK B022 B014
       12: UNSTACK B018 B013
       13: STACK B018 B022
       14: UNSTACK B013 B015
       15: STACK B013 B017
       16: UNSTACK B018 B022
       17: STACK B018 B030
       18: UNSTACK B022 B014
       19: STACK B022 B018
       20: UNSTACK B014 B011
       21: STACK B014 B022
       22: UNSTACK B011 B003
       23: STACK B011 B014
       24: UNSTACK B003 B004
       25: STACK B003 B011
       26: UNSTACK B004 B016
       27: STACK B004 B003
       28: PICKUP B016
       29: STACK B016 B013
       30: UNSTACK B004 B003
       31: STACK B004 B015
       32: UNSTACK B003 B011
       33: STACK B003 B004
       34: UNSTACK B011 B014
       35: STACK B011 B003
       36: UNSTACK B014 B022
       37: STACK B014 B011
       38: UNSTACK B022 B018
       39: STACK B022 B014
       40: UNSTACK B018 B030
       41: STACK B018 B016
     

time spent:    0.00 seconds instantiating 2380 easy, 0 hard action templates
               0.00 seconds reachability analysis, yielding 1259 facts and 2380 actions
               0.00 seconds creating final representation with 1259 relevant facts
               0.01 seconds building connectivity graph
               0.03 seconds searching, evaluating 47 states, to a max depth of 2
               0.04 seconds total time

