
ff: parsing domain file
domain 'BLOCKS4' defined
 ... done.
ff: parsing problem file
problem 'PROBNAME' defined
 ... done.



Cueing down from goal distance:    2 into depth [1]
                                   1            [1]
                                   0            

Cueing down from goal distance:    4 into depth [1][2]
                                   3            [1][2]
                                   2            [1]
                                   1            [1]
                                   0            

Cueing down from goal distance:    3 into depth [1][2]
                                   2            [1]
                                   1            [1]
                                   0            

Cueing down from goal distance:    2 into depth [1]
                                   1            [1]
                                   0            

Cueing down from goal distance:    4 into depth [1][2]
                                   3            [1][2]
                                   2            [1]
                                   1            [1]
                                   0            

ff: found legal plan as follows

step    0: UNSTACK B004 B002
        1: PUTDOWN B004
        2: UNSTACK B002 B001
        3: STACK B002 B011
        4: UNSTACK B001 B009
        5: STACK B001 B020
        6: UNSTACK B009 B000
        7: STACK B009 B004
        8: UNSTACK B014 B003
        9: STACK B014 B031
       10: UNSTACK B003 B005
       11: STACK B003 B009
       12: UNSTACK B005 B018
       13: STACK B005 B003
       14: UNSTACK B014 B031
       15: STACK B014 B007
       16: UNSTACK B031 B006
       17: STACK B031 B021
       18: UNSTACK B006 B029
       19: STACK B006 B005
     

time spent:    0.00 seconds instantiating 2380 easy, 0 hard action templates
               0.00 seconds reachability analysis, yielding 1259 facts and 2380 actions
               0.00 seconds creating final representation with 1259 relevant facts
               0.00 seconds building connectivity graph
               0.03 seconds searching, evaluating 25 states, to a max depth of 2
               0.03 seconds total time

