
ff: parsing domain file
domain 'BLOCKS4' defined
 ... done.
ff: parsing problem file
problem 'PROBNAME' defined
 ... done.



Cueing down from goal distance:    3 into depth [1][2]
                                   2            [1]
                                   1            [1]
                                   0            

Cueing down from goal distance:    4 into depth [1][2]
                                   3            [1][2]
                                   2            [1]
                                   1            [1]
                                   0            

Cueing down from goal distance:    2 into depth [1]
                                   1            [1]
                                   0            

Cueing down from goal distance:    3 into depth [1][2]
                                   2            [1]
                                   1            [1]
                                   0            

Cueing down from goal distance:    4 into depth [1][2]
                                   3            [1][2]
                                   2            [1]
                                   1            [1]
                                   0            

ff: found legal plan as follows

step    0: UNSTACK B000 B002
        1: STACK B000 B006
        2: UNSTACK B002 B007
        3: PUTDOWN B002
        4: UNSTACK B010 B004
        5: STACK B010 B000
        6: UNSTACK B004 B005
        7: STACK B004 B007
        8: UNSTACK B005 B009
        9: STACK B005 B002
       10: UNSTACK B004 B007
       11: STACK B004 B005
       12: UNSTACK B010 B000
       13: STACK B010 B015
       14: UNSTACK B000 B006
       15: STACK B000 B004
       16: UNSTACK B007 B003
       17: STACK B007 B006
       18: UNSTACK B003 B001
       19: STACK B003 B007
       20: PICKUP B001
       21: STACK B001 B000
     

time spent:    0.00 seconds instantiating 2664 easy, 0 hard action templates
               0.00 seconds reachability analysis, yielding 1405 facts and 2664 actions
               0.00 seconds creating final representation with 1405 relevant facts
               0.01 seconds building connectivity graph
               0.03 seconds searching, evaluating 27 states, to a max depth of 2
               0.04 seconds total time

