
ff: parsing domain file
domain 'BLOCKS4' defined
 ... done.
ff: parsing problem file
problem 'PROBNAME' defined
 ... done.



Cueing down from goal distance:    5 into depth [1][2]
                                   4            [1][2]
                                   3            [1][2]
                                   2            [1]
                                   1            [1]
                                   0            

Cueing down from goal distance:    2 into depth [1]
                                   1            [1]
                                   0            

Cueing down from goal distance:    5 into depth [1][2]
                                   4            [1][2]
                                   3            [1][2]
                                   2            [1]
                                   1            [1]
                                   0            

Cueing down from goal distance:    3 into depth [1][2]
                                   2            [1]
                                   1            [1]
                                   0            

Cueing down from goal distance:    5 into depth [1][2]
                                   4            [1][2]
                                   3            [1][2]
                                   2            [1]
                                   1            [1]
                                   0            

ff: found legal plan as follows

step    0: UNSTACK B001 B002
        1: STACK B001 B006
        2: UNSTACK B002 B000
        3: STACK B002 B035
        4: UNSTACK B000 B005
        5: STACK B000 B034
        6: UNSTACK B005 B004
        7: PUTDOWN B005
        8: PICKUP B004
        9: STACK B004 B005
       10: UNSTACK B007 B013
       11: STACK B007 B008
       12: UNSTACK B013 B011
       13: STACK B013 B007
       14: UNSTACK B011 B016
       15: STACK B011 B013
       16: UNSTACK B016 B014
       17: STACK B016 B004
       18: UNSTACK B001 B006
       19: STACK B001 B028
       20: UNSTACK B006 B003
       21: STACK B006 B016
       22: UNSTACK B003 B012
       23: STACK B003 B011
       24: UNSTACK B012 B015
       25: STACK B012 B003
       26: UNSTACK B015 B010
       27: STACK B015 B012
       28: PICKUP B010
       29: STACK B010 B006
     

time spent:    0.00 seconds instantiating 2664 easy, 0 hard action templates
               0.00 seconds reachability analysis, yielding 1405 facts and 2664 actions
               0.00 seconds creating final representation with 1405 relevant facts
               0.01 seconds building connectivity graph
               0.03 seconds searching, evaluating 35 states, to a max depth of 2
               0.04 seconds total time

