
ff: parsing domain file
domain 'BLOCKS4' defined
 ... done.
ff: parsing problem file
problem 'PROBNAME' defined
 ... done.



Cueing down from goal distance:    2 into depth [1]
                                   1            [1]
                                   0            

Cueing down from goal distance:    2 into depth [1]
                                   1            [1]
                                   0            

Cueing down from goal distance:    2 into depth [1]
                                   1            [1]
                                   0            

Cueing down from goal distance:    2 into depth [1]
                                   1            [1]
                                   0            

Cueing down from goal distance:    4 into depth [1][2]
                                   3            [1][2]
                                   2            [1]
                                   1            [1]
                                   0            

ff: found legal plan as follows

step    0: UNSTACK B018 B011
        1: PUTDOWN B018
        2: UNSTACK B010 B006
        3: STACK B010 B018
        4: UNSTACK B013 B001
        5: STACK B013 B010
        6: UNSTACK B011 B027
        7: STACK B011 B013
        8: UNSTACK B008 B015
        9: STACK B008 B030
       10: UNSTACK B015 B014
       11: STACK B015 B008
       12: UNSTACK B014 B035
       13: STACK B014 B011
     

time spent:    0.00 seconds instantiating 2964 easy, 0 hard action templates
               0.00 seconds reachability analysis, yielding 1559 facts and 2964 actions
               0.00 seconds creating final representation with 1559 relevant facts
               0.01 seconds building connectivity graph
               0.02 seconds searching, evaluating 19 states, to a max depth of 2
               0.03 seconds total time

