
ff: parsing domain file
domain 'BLOCKS4' defined
 ... done.
ff: parsing problem file
problem 'PROBNAME' defined
 ... done.



Cueing down from goal distance:    5 into depth [1][2]
                                   4            [1][2]
                                   3            [1][2]
                                   2            [1]
                                   1            [1]
                                   0            

Cueing down from goal distance:    2 into depth [1]
                                   1            [1]
                                   0            

Cueing down from goal distance:    3 into depth [1][2]
                                   2            [1]
                                   1            [1]
                                   0            

Cueing down from goal distance:    4 into depth [1][2]
                                   3            [1][2]
                                   2            [1]
                                   1            [1]
                                   0            

Cueing down from goal distance:    2 into depth [1]
                                   1            [1]
                                   0            

ff: found legal plan as follows

step    0: UNSTACK B006 B001
        1: STACK B006 B037
        2: UNSTACK B001 B003
        3: STACK B001 B014
        4: UNSTACK B003 B005
        5: STACK B003 B036
        6: UNSTACK B005 B000
        7: PUTDOWN B005
        8: PICKUP B000
        9: STACK B000 B005
       10: UNSTACK B009 B002
       11: STACK B009 B001
       12: UNSTACK B002 B007
       13: STACK B002 B000
       14: UNSTACK B009 B001
       15: STACK B009 B006
       16: UNSTACK B001 B014
       17: STACK B001 B007
       18: UNSTACK B014 B016
       19: STACK B014 B002
       20: UNSTACK B013 B015
       21: STACK B013 B014
     

time spent:    0.00 seconds instantiating 3280 easy, 0 hard action templates
               0.00 seconds reachability analysis, yielding 1721 facts and 3280 actions
               0.00 seconds creating final representation with 1721 relevant facts
               0.01 seconds building connectivity graph
               0.04 seconds searching, evaluating 27 states, to a max depth of 2
               0.05 seconds total time

