
ff: parsing domain file
domain 'BLOCKS4' defined
 ... done.
ff: parsing problem file
problem 'PROBNAME' defined
 ... done.



Cueing down from goal distance:    3 into depth [1][2]
                                   2            [1]
                                   1            [1]
                                   0            

Cueing down from goal distance:    2 into depth [1]
                                   1            [1]
                                   0            

Cueing down from goal distance:    3 into depth [1][2]
                                   2            [1]
                                   1            [1]
                                   0            

Cueing down from goal distance:    2 into depth [1]
                                   1            [1]
                                   0            

Cueing down from goal distance:    5 into depth [1][2]
                                   4            [1][2]
                                   3            [1][2]
                                   2            [1]
                                   1            [1]
                                   0            

ff: found legal plan as follows

step    0: UNSTACK B039 B037
        1: STACK B039 B008
        2: UNSTACK B037 B036
        3: PUTDOWN B037
        4: UNSTACK B023 B000
        5: STACK B023 B037
        6: UNSTACK B036 B038
        7: STACK B036 B039
        8: UNSTACK B038 B035
        9: STACK B038 B023
       10: UNSTACK B036 B039
       11: STACK B036 B038
       12: UNSTACK B000 B003
       13: STACK B000 B039
       14: UNSTACK B003 B001
       15: STACK B003 B007
       16: UNSTACK B001 B026
       17: STACK B001 B035
       18: PICKUP B026
       19: STACK B026 B036
     

time spent:    0.00 seconds instantiating 3280 easy, 0 hard action templates
               0.00 seconds reachability analysis, yielding 1721 facts and 3280 actions
               0.00 seconds creating final representation with 1721 relevant facts
               0.01 seconds building connectivity graph
               0.03 seconds searching, evaluating 25 states, to a max depth of 2
               0.04 seconds total time

