
ff: parsing domain file
domain 'BLOCKS4' defined
 ... done.
ff: parsing problem file
problem 'PROBNAME' defined
 ... done.



Cueing down from goal distance:    3 into depth [1][2]
                                   2            [1]
                                   1            [1]
                                   0            

Cueing down from goal distance:    4 into depth [1][2]
                                   3            [1][2]
                                   2            [1]
                                   1            [1]
                                   0            

Cueing down from goal distance:    4 into depth [1][2]
                                   3            [1][2]
                                   2            [1]
                                   1            [1]
                                   0            

Cueing down from goal distance:    2 into depth [1]
                                   1            [1]
                                   0            

Cueing down from goal distance:    3 into depth [1][2]
                                   2            [1]
                                   1            [1]
                                   0            

ff: found legal plan as follows

step    0: UNSTACK B004 B020
        1: STACK B004 B033
        2: UNSTACK B020 B018
        3: PUTDOWN B020
        4: UNSTACK B023 B022
        5: STACK B023 B039
        6: UNSTACK B022 B021
        7: STACK B022 B007
        8: UNSTACK B021 B014
        9: STACK B021 B020
       10: UNSTACK B004 B033
       11: STACK B004 B028
       12: UNSTACK B033 B001
       13: STACK B033 B004
       14: UNSTACK B001 B034
       15: STACK B001 B021
       16: UNSTACK B022 B007
       17: STACK B022 B001
       18: UNSTACK B033 B004
       19: STACK B033 B007
       20: UNSTACK B004 B028
       21: STACK B004 B022
     

time spent:    0.00 seconds instantiating 3280 easy, 0 hard action templates
               0.00 seconds reachability analysis, yielding 1721 facts and 3280 actions
               0.01 seconds creating final representation with 1721 relevant facts
               0.00 seconds building connectivity graph
               0.04 seconds searching, evaluating 27 states, to a max depth of 2
               0.05 seconds total time

