
ff: parsing domain file
domain 'BLOCKS4' defined
 ... done.
ff: parsing problem file
problem 'PROBNAME' defined
 ... done.



Cueing down from goal distance:    2 into depth [1]
                                   1            [1]
                                   0            

Cueing down from goal distance:    2 into depth [1]
                                   1            [1]
                                   0            

ff: found legal plan as follows

step    0: UNSTACK B039 B002
        1: STACK B039 B038
        2: UNSTACK B028 B032
        3: STACK B028 B039
     

time spent:    0.00 seconds instantiating 3280 easy, 0 hard action templates
               0.00 seconds reachability analysis, yielding 1721 facts and 3280 actions
               0.01 seconds creating final representation with 1721 relevant facts
               0.00 seconds building connectivity graph
               0.03 seconds searching, evaluating 7 states, to a max depth of 1
               0.04 seconds total time

