
ff: parsing domain file
domain 'BLOCKS4' defined
 ... done.
ff: parsing problem file
problem 'PROBNAME' defined
 ... done.



Cueing down from goal distance:    4 into depth [1][2]
                                   3            [1][2]
                                   2            [1]
                                   1            [1]
                                   0            

Cueing down from goal distance:    4 into depth [1][2]
                                   3            [1][2]
                                   2            [1]
                                   1            [1]
                                   0            

Cueing down from goal distance:    2 into depth [1]
                                   1            [1]
                                   0            

Cueing down from goal distance:    3 into depth [1][2]
                                   2            [1]
                                   1            [1]
                                   0            

Cueing down from goal distance:    2 into depth [1]
                                   1            [1]
                                   0            

ff: found legal plan as follows

step    0: UNSTACK B033 B030
        1: STACK B033 B017
        2: UNSTACK B030 B027
        3: STACK B030 B003
        4: UNSTACK B027 B031
        5: PUTDOWN B027
        6: UNSTACK B016 B013
        7: STACK B016 B029
        8: UNSTACK B013 B028
        9: STACK B013 B030
       10: UNSTACK B028 B020
       11: STACK B028 B027
       12: UNSTACK B031 B032
       13: STACK B031 B028
       14: UNSTACK B013 B030
       15: STACK B013 B033
       16: UNSTACK B030 B003
       17: STACK B030 B031
       18: UNSTACK B024 B006
       19: STACK B024 B030
     

time spent:    0.00 seconds instantiating 3612 easy, 0 hard action templates
               0.00 seconds reachability analysis, yielding 1891 facts and 3612 actions
               0.00 seconds creating final representation with 1891 relevant facts
               0.01 seconds building connectivity graph
               0.04 seconds searching, evaluating 25 states, to a max depth of 2
               0.05 seconds total time

