
ff: parsing domain file
domain 'BLOCKS4' defined
 ... done.
ff: parsing problem file
problem 'PROBNAME' defined
 ... done.



Cueing down from goal distance:    4 into depth [1][2]
                                   3            [1][2]
                                   2            [1]
                                   1            [1]
                                   0            

Cueing down from goal distance:    2 into depth [1]
                                   1            [1]
                                   0            

Cueing down from goal distance:    4 into depth [1][2]
                                   3            [1][2]
                                   2            [1]
                                   1            [1]
                                   0            

Cueing down from goal distance:    6 into depth [1][2]
                                   5            [1][2]
                                   4            [1][2]
                                   3            [1][2]
                                   2            [1]
                                   1            [1]
                                   0            

Cueing down from goal distance:    5 into depth [1][2]
                                   4            [1][2]
                                   3            [1][2]
                                   2            [1]
                                   1            [1]
                                   0            

ff: found legal plan as follows

step    0: UNSTACK B024 B027
        1: STACK B024 B012
        2: UNSTACK B027 B019
        3: STACK B027 B009
        4: UNSTACK B019 B008
        5: PUTDOWN B019
        6: UNSTACK B023 B006
        7: STACK B023 B019
        8: UNSTACK B014 B003
        9: STACK B014 B006
       10: UNSTACK B003 B002
       11: STACK B003 B027
       12: UNSTACK B002 B004
       13: STACK B002 B023
       14: UNSTACK B003 B027
       15: STACK B003 B024
       16: UNSTACK B027 B009
       17: STACK B027 B034
       18: UNSTACK B009 B020
       19: STACK B009 B027
       20: UNSTACK B020 B028
       21: STACK B020 B009
       22: UNSTACK B028 B010
       23: STACK B028 B002
       24: UNSTACK B014 B006
       25: STACK B014 B020
       26: UNSTACK B006 B021
       27: STACK B006 B039
       28: UNSTACK B021 B001
       29: STACK B021 B010
       30: UNSTACK B001 B007
       31: STACK B001 B028
     

time spent:    0.00 seconds instantiating 3612 easy, 0 hard action templates
               0.00 seconds reachability analysis, yielding 1891 facts and 3612 actions
               0.01 seconds creating final representation with 1891 relevant facts
               0.00 seconds building connectivity graph
               0.05 seconds searching, evaluating 37 states, to a max depth of 2
               0.06 seconds total time

