
ff: parsing domain file
domain 'BLOCKS4' defined
 ... done.
ff: parsing problem file
problem 'PROBNAME' defined
 ... done.



Cueing down from goal distance:    5 into depth [1][2]
                                   4            [1][2]
                                   3            [1][2]
                                   2            [1]
                                   1            [1]
                                   0            

Cueing down from goal distance:    2 into depth [1]
                                   1            [1]
                                   0            

Cueing down from goal distance:    5 into depth [1][2]
                                   4            [1][2]
                                   3            [1][2]
                                   2            [1]
                                   1            [1]
                                   0            

Cueing down from goal distance:    6 into depth [1][2]
                                   5            [1][2]
                                   4            [1][2]
                                   3            [1][2]
                                   2            [1]
                                   1            [1]
                                   0            

Cueing down from goal distance:    5 into depth [1][2]
                                   4            [1][2]
                                   3            [1][2]
                                   2            [1]
                                   1            [1]
                                   0            

ff: found legal plan as follows

step    0: UNSTACK B024 B030
        1: STACK B024 B003
        2: UNSTACK B030 B027
        3: STACK B030 B022
        4: UNSTACK B027 B026
        5: STACK B027 B038
        6: UNSTACK B026 B028
        7: PUTDOWN B026
        8: UNSTACK B015 B008
        9: STACK B015 B026
       10: UNSTACK B036 B032
       11: STACK B036 B017
       12: UNSTACK B032 B037
       13: STACK B032 B027
       14: UNSTACK B037 B029
       15: STACK B037 B030
       16: UNSTACK B029 B033
       17: STACK B029 B015
       18: UNSTACK B036 B017
       19: STACK B036 B024
       20: UNSTACK B017 B019
       21: STACK B017 B008
       22: UNSTACK B019 B021
       23: STACK B019 B017
       24: UNSTACK B021 B011
       25: STACK B021 B019
       26: UNSTACK B011 B013
       27: STACK B011 B029
       28: UNSTACK B036 B024
       29: STACK B036 B032
       30: UNSTACK B024 B003
       31: STACK B024 B036
       32: UNSTACK B003 B001
       33: STACK B003 B024
       34: UNSTACK B001 B006
       35: STACK B001 B011
     

time spent:    0.00 seconds instantiating 3960 easy, 0 hard action templates
               0.00 seconds reachability analysis, yielding 2069 facts and 3960 actions
               0.01 seconds creating final representation with 2069 relevant facts
               0.00 seconds building connectivity graph
               0.05 seconds searching, evaluating 41 states, to a max depth of 2
               0.06 seconds total time

