
ff: parsing domain file
domain 'BLOCKS4' defined
 ... done.
ff: parsing problem file
problem 'PROBNAME' defined
 ... done.



Cueing down from goal distance:    3 into depth [1][2]
                                   2            [1]
                                   1            [1]
                                   0            

Cueing down from goal distance:    5 into depth [1][2]
                                   4            [1][2]
                                   3            [1][2]
                                   2            [1]
                                   1            [1]
                                   0            

Cueing down from goal distance:    3 into depth [1][2]
                                   2            [1]
                                   1            [1]
                                   0            

Cueing down from goal distance:    6 into depth [1][2]
                                   5            [1][2]
                                   4            [1][2]
                                   3            [1][2]
                                   2            [1]
                                   1            [1]
                                   0            

Cueing down from goal distance:    3 into depth [1][2]
                                   2            [1]
                                   1            [1]
                                   0            

ff: found legal plan as follows

step    0: UNSTACK B006 B018
        1: STACK B006 B033
        2: UNSTACK B018 B024
        3: PUTDOWN B018
        4: UNSTACK B006 B033
        5: STACK B006 B007
        6: UNSTACK B033 B030
        7: STACK B033 B005
        8: UNSTACK B030 B034
        9: STACK B030 B033
       10: UNSTACK B034 B032
       11: STACK B034 B018
       12: UNSTACK B030 B033
       13: STACK B030 B043
       14: UNSTACK B033 B005
       15: STACK B033 B034
       16: UNSTACK B020 B004
       17: STACK B020 B030
       18: UNSTACK B004 B019
       19: STACK B004 B005
       20: UNSTACK B019 B022
       21: STACK B019 B032
       22: UNSTACK B022 B021
       23: STACK B022 B038
       24: PICKUP B021
       25: STACK B021 B033
       26: UNSTACK B019 B032
       27: STACK B019 B010
       28: UNSTACK B032 B031
       29: STACK B032 B021
     

time spent:    0.00 seconds instantiating 3960 easy, 0 hard action templates
               0.00 seconds reachability analysis, yielding 2069 facts and 3960 actions
               0.00 seconds creating final representation with 2069 relevant facts
               0.01 seconds building connectivity graph
               0.05 seconds searching, evaluating 35 states, to a max depth of 2
               0.06 seconds total time

