
Plan found!
	( !UNSTACK B008 - BLOCK B003 - BLOCK )
	( !PUTDOWN B008 - BLOCK )
	( !UNSTACK B003 - BLOCK B015 - BLOCK )
	( !PUTDOWN B003 - BLOCK )
	( !UNSTACK B015 - BLOCK B010 - BLOCK )
	( !PUTDOWN B015 - BLOCK )
	( !UNSTACK B010 - BLOCK B000 - BLOCK )
	( !PUTDOWN B010 - BLOCK )
	( !UNSTACK B004 - BLOCK B006 - BLOCK )
	( !PUTDOWN B004 - BLOCK )
	( !PICKUP B006 - BLOCK )
	( !STACK B006 - BLOCK B010 - BLOCK )
	( !UNSTACK B012 - BLOCK B011 - BLOCK )
	( !PUTDOWN B012 - BLOCK )
	( !UNSTACK B011 - BLOCK B001 - BLOCK )
	( !PUTDOWN B011 - BLOCK )
	( !UNSTACK B001 - BLOCK B002 - BLOCK )
	( !PUTDOWN B001 - BLOCK )
	( !PICKUP B002 - BLOCK )
	( !STACK B002 - BLOCK B006 - BLOCK )
	( !PICKUP B004 - BLOCK )
	( !STACK B004 - BLOCK B002 - BLOCK )
	( !UNSTACK B014 - BLOCK B005 - BLOCK )
	( !PUTDOWN B014 - BLOCK )
	( !PICKUP B005 - BLOCK )
	( !STACK B005 - BLOCK B004 - BLOCK )
