
Plan found!
	( !UNSTACK B007 - BLOCK B008 - BLOCK )
	( !PUTDOWN B007 - BLOCK )
	( !UNSTACK B008 - BLOCK B015 - BLOCK )
	( !PUTDOWN B008 - BLOCK )
	( !UNSTACK B016 - BLOCK B012 - BLOCK )
	( !PUTDOWN B016 - BLOCK )
	( !UNSTACK B012 - BLOCK B017 - BLOCK )
	( !PUTDOWN B012 - BLOCK )
	( !UNSTACK B017 - BLOCK B005 - BLOCK )
	( !PUTDOWN B017 - BLOCK )
	( !PICKUP B005 - BLOCK )
	( !STACK B005 - BLOCK B008 - BLOCK )
	( !UNSTACK B002 - BLOCK B014 - BLOCK )
	( !PUTDOWN B002 - BLOCK )
	( !UNSTACK B014 - BLOCK B009 - BLOCK )
	( !STACK B014 - BLOCK B005 - BLOCK )
	( !UNSTACK B001 - BLOCK B004 - BLOCK )
	( !PUTDOWN B001 - BLOCK )
	( !UNSTACK B004 - BLOCK B000 - BLOCK )
	( !STACK B004 - BLOCK B014 - BLOCK )
	( !PICKUP B007 - BLOCK )
	( !STACK B007 - BLOCK B004 - BLOCK )
