
Plan found!
	( !UNSTACK B007 - BLOCK B016 - BLOCK )
	( !PUTDOWN B007 - BLOCK )
	( !UNSTACK B016 - BLOCK B004 - BLOCK )
	( !PUTDOWN B016 - BLOCK )
	( !UNSTACK B004 - BLOCK B010 - BLOCK )
	( !PUTDOWN B004 - BLOCK )
	( !UNSTACK B003 - BLOCK B013 - BLOCK )
	( !PUTDOWN B003 - BLOCK )
	( !UNSTACK B013 - BLOCK B001 - BLOCK )
	( !PUTDOWN B013 - BLOCK )
	( !UNSTACK B001 - BLOCK B012 - BLOCK )
	( !PUTDOWN B001 - BLOCK )
	( !UNSTACK B012 - BLOCK B009 - BLOCK )
	( !PUTDOWN B012 - BLOCK )
	( !PICKUP B009 - BLOCK )
	( !STACK B009 - BLOCK B004 - BLOCK )
	( !PICKUP B007 - BLOCK )
	( !STACK B007 - BLOCK B009 - BLOCK )
	( !UNSTACK B005 - BLOCK B002 - BLOCK )
	( !STACK B005 - BLOCK B007 - BLOCK )
	( !PICKUP B003 - BLOCK )
	( !STACK B003 - BLOCK B005 - BLOCK )
