
Plan found!
	( !UNSTACK B003 - BLOCK B008 - BLOCK )
	( !PUTDOWN B003 - BLOCK )
	( !UNSTACK B015 - BLOCK B020 - BLOCK )
	( !PUTDOWN B015 - BLOCK )
	( !UNSTACK B020 - BLOCK B016 - BLOCK )
	( !PUTDOWN B020 - BLOCK )
	( !UNSTACK B008 - BLOCK B011 - BLOCK )
	( !PUTDOWN B008 - BLOCK )
	( !UNSTACK B011 - BLOCK B012 - BLOCK )
	( !PUTDOWN B011 - BLOCK )
	( !UNSTACK B012 - BLOCK B010 - BLOCK )
	( !PUTDOWN B012 - BLOCK )
	( !UNSTACK B016 - BLOCK B022 - BLOCK )
	( !PUTDOWN B016 - BLOCK )
	( !UNSTACK B022 - BLOCK B021 - BLOCK )
	( !STACK B022 - BLOCK B010 - BLOCK )
	( !PICKUP B015 - BLOCK )
	( !STACK B015 - BLOCK B022 - BLOCK )
	( !PICKUP B008 - BLOCK )
	( !STACK B008 - BLOCK B015 - BLOCK )
