
Plan found!
	( !UNSTACK B023 - BLOCK B014 - BLOCK )
	( !PUTDOWN B023 - BLOCK )
	( !UNSTACK B014 - BLOCK B010 - BLOCK )
	( !PUTDOWN B014 - BLOCK )
	( !UNSTACK B022 - BLOCK B019 - BLOCK )
	( !PUTDOWN B022 - BLOCK )
	( !UNSTACK B019 - BLOCK B011 - BLOCK )
	( !PUTDOWN B019 - BLOCK )
	( !PICKUP B011 - BLOCK )
	( !STACK B011 - BLOCK B014 - BLOCK )
	( !PICKUP B023 - BLOCK )
	( !STACK B023 - BLOCK B011 - BLOCK )
	( !UNSTACK B002 - BLOCK B016 - BLOCK )
	( !PUTDOWN B002 - BLOCK )
	( !UNSTACK B016 - BLOCK B006 - BLOCK )
	( !PUTDOWN B016 - BLOCK )
	( !UNSTACK B006 - BLOCK B017 - BLOCK )
	( !PUTDOWN B006 - BLOCK )
	( !UNSTACK B017 - BLOCK B020 - BLOCK )
	( !PUTDOWN B017 - BLOCK )
	( !PICKUP B020 - BLOCK )
	( !STACK B020 - BLOCK B023 - BLOCK )
	( !UNSTACK B012 - BLOCK B024 - BLOCK )
	( !PUTDOWN B012 - BLOCK )
	( !PICKUP B024 - BLOCK )
	( !STACK B024 - BLOCK B020 - BLOCK )
