
Plan found!
	( !UNSTACK B031 - BLOCK B024 - BLOCK )
	( !PUTDOWN B031 - BLOCK )
	( !UNSTACK B026 - BLOCK B009 - BLOCK )
	( !PUTDOWN B026 - BLOCK )
	( !UNSTACK B024 - BLOCK B027 - BLOCK )
	( !PUTDOWN B024 - BLOCK )
	( !UNSTACK B009 - BLOCK B025 - BLOCK )
	( !PUTDOWN B009 - BLOCK )
	( !UNSTACK B025 - BLOCK B023 - BLOCK )
	( !STACK B025 - BLOCK B027 - BLOCK )
	( !PICKUP B026 - BLOCK )
	( !STACK B026 - BLOCK B025 - BLOCK )
	( !UNSTACK B010 - BLOCK B030 - BLOCK )
	( !PUTDOWN B010 - BLOCK )
	( !UNSTACK B030 - BLOCK B029 - BLOCK )
	( !PUTDOWN B030 - BLOCK )
	( !UNSTACK B029 - BLOCK B011 - BLOCK )
	( !STACK B029 - BLOCK B026 - BLOCK )
	( !UNSTACK B019 - BLOCK B020 - BLOCK )
	( !PUTDOWN B019 - BLOCK )
	( !UNSTACK B020 - BLOCK B028 - BLOCK )
	( !PUTDOWN B020 - BLOCK )
	( !UNSTACK B028 - BLOCK B008 - BLOCK )
	( !STACK B028 - BLOCK B029 - BLOCK )
