
Plan found!
	( !UNSTACK B009 - BLOCK B000 - BLOCK )
	( !PUTDOWN B009 - BLOCK )
	( !UNSTACK B023 - BLOCK B024 - BLOCK )
	( !PUTDOWN B023 - BLOCK )
	( !UNSTACK B024 - BLOCK B020 - BLOCK )
	( !PUTDOWN B024 - BLOCK )
	( !UNSTACK B020 - BLOCK B017 - BLOCK )
	( !PUTDOWN B020 - BLOCK )
	( !UNSTACK B017 - BLOCK B021 - BLOCK )
	( !STACK B017 - BLOCK B009 - BLOCK )
	( !UNSTACK B022 - BLOCK B018 - BLOCK )
	( !PUTDOWN B022 - BLOCK )
	( !UNSTACK B018 - BLOCK B013 - BLOCK )
	( !PUTDOWN B018 - BLOCK )
	( !UNSTACK B013 - BLOCK B015 - BLOCK )
	( !STACK B013 - BLOCK B017 - BLOCK )
	( !UNSTACK B014 - BLOCK B011 - BLOCK )
	( !PUTDOWN B014 - BLOCK )
	( !UNSTACK B011 - BLOCK B003 - BLOCK )
	( !PUTDOWN B011 - BLOCK )
	( !UNSTACK B003 - BLOCK B004 - BLOCK )
	( !PUTDOWN B003 - BLOCK )
	( !UNSTACK B004 - BLOCK B016 - BLOCK )
	( !PUTDOWN B004 - BLOCK )
	( !PICKUP B016 - BLOCK )
	( !STACK B016 - BLOCK B013 - BLOCK )
	( !PICKUP B018 - BLOCK )
	( !STACK B018 - BLOCK B016 - BLOCK )
