
Plan found!
	( !UNSTACK B027 - BLOCK B028 - BLOCK )
	( !PUTDOWN B027 - BLOCK )
	( !UNSTACK B028 - BLOCK B029 - BLOCK )
	( !PUTDOWN B028 - BLOCK )
	( !UNSTACK B029 - BLOCK B030 - BLOCK )
	( !PUTDOWN B029 - BLOCK )
	( !UNSTACK B030 - BLOCK B016 - BLOCK )
	( !PUTDOWN B030 - BLOCK )
	( !UNSTACK B003 - BLOCK B004 - BLOCK )
	( !PUTDOWN B003 - BLOCK )
	( !UNSTACK B004 - BLOCK B000 - BLOCK )
	( !PUTDOWN B004 - BLOCK )
	( !UNSTACK B000 - BLOCK B008 - BLOCK )
	( !PUTDOWN B000 - BLOCK )
	( !UNSTACK B008 - BLOCK B007 - BLOCK )
	( !PUTDOWN B008 - BLOCK )
	( !PICKUP B007 - BLOCK )
	( !STACK B007 - BLOCK B030 - BLOCK )
	( !UNSTACK B001 - BLOCK B009 - BLOCK )
	( !PUTDOWN B001 - BLOCK )
	( !UNSTACK B009 - BLOCK B002 - BLOCK )
	( !STACK B009 - BLOCK B007 - BLOCK )
	( !UNSTACK B011 - BLOCK B012 - BLOCK )
	( !PUTDOWN B011 - BLOCK )
	( !UNSTACK B012 - BLOCK B010 - BLOCK )
	( !STACK B012 - BLOCK B009 - BLOCK )
	( !UNSTACK B033 - BLOCK B024 - BLOCK )
	( !PUTDOWN B033 - BLOCK )
	( !PICKUP B024 - BLOCK )
	( !STACK B024 - BLOCK B012 - BLOCK )
