
Plan found!
	( !UNSTACK B006 - BLOCK B001 - BLOCK )
	( !PUTDOWN B006 - BLOCK )
	( !UNSTACK B001 - BLOCK B003 - BLOCK )
	( !PUTDOWN B001 - BLOCK )
	( !UNSTACK B003 - BLOCK B000 - BLOCK )
	( !PUTDOWN B003 - BLOCK )
	( !UNSTACK B013 - BLOCK B007 - BLOCK )
	( !PUTDOWN B013 - BLOCK )
	( !UNSTACK B007 - BLOCK B012 - BLOCK )
	( !PUTDOWN B007 - BLOCK )
	( !UNSTACK B012 - BLOCK B014 - BLOCK )
	( !PUTDOWN B012 - BLOCK )
	( !UNSTACK B014 - BLOCK B011 - BLOCK )
	( !PUTDOWN B014 - BLOCK )
	( !PICKUP B011 - BLOCK )
	( !STACK B011 - BLOCK B003 - BLOCK )
	( !UNSTACK B020 - BLOCK B009 - BLOCK )
	( !PUTDOWN B020 - BLOCK )
	( !UNSTACK B009 - BLOCK B021 - BLOCK )
	( !STACK B009 - BLOCK B011 - BLOCK )
	( !UNSTACK B002 - BLOCK B010 - BLOCK )
	( !PUTDOWN B002 - BLOCK )
	( !UNSTACK B010 - BLOCK B017 - BLOCK )
	( !PUTDOWN B010 - BLOCK )
	( !UNSTACK B017 - BLOCK B016 - BLOCK )
	( !PUTDOWN B017 - BLOCK )
	( !UNSTACK B016 - BLOCK B008 - BLOCK )
	( !PUTDOWN B016 - BLOCK )
	( !PICKUP B008 - BLOCK )
	( !STACK B008 - BLOCK B009 - BLOCK )
	( !PICKUP B010 - BLOCK )
	( !STACK B010 - BLOCK B008 - BLOCK )
