
Plan found!
	( !UNSTACK B000 - BLOCK B002 - BLOCK )
	( !PUTDOWN B000 - BLOCK )
	( !UNSTACK B002 - BLOCK B001 - BLOCK )
	( !PUTDOWN B002 - BLOCK )
	( !UNSTACK B030 - BLOCK B025 - BLOCK )
	( !PUTDOWN B030 - BLOCK )
	( !UNSTACK B025 - BLOCK B027 - BLOCK )
	( !PUTDOWN B025 - BLOCK )
	( !UNSTACK B027 - BLOCK B017 - BLOCK )
	( !PUTDOWN B027 - BLOCK )
	( !UNSTACK B017 - BLOCK B021 - BLOCK )
	( !STACK B017 - BLOCK B002 - BLOCK )
	( !UNSTACK B004 - BLOCK B008 - BLOCK )
	( !PUTDOWN B004 - BLOCK )
	( !UNSTACK B008 - BLOCK B013 - BLOCK )
	( !STACK B008 - BLOCK B017 - BLOCK )
	( !UNSTACK B023 - BLOCK B015 - BLOCK )
	( !PUTDOWN B023 - BLOCK )
	( !UNSTACK B015 - BLOCK B007 - BLOCK )
	( !PUTDOWN B015 - BLOCK )
	( !UNSTACK B007 - BLOCK B003 - BLOCK )
	( !STACK B007 - BLOCK B008 - BLOCK )
	( !PICKUP B000 - BLOCK )
	( !STACK B000 - BLOCK B007 - BLOCK )
