
Plan found!
	( !UNSTACK B021 - BLOCK B009 - BLOCK )
	( !PUTDOWN B021 - BLOCK )
	( !UNSTACK B009 - BLOCK B020 - BLOCK )
	( !PUTDOWN B009 - BLOCK )
	( !UNSTACK B020 - BLOCK B019 - BLOCK )
	( !PUTDOWN B020 - BLOCK )
	( !UNSTACK B019 - BLOCK B011 - BLOCK )
	( !PUTDOWN B019 - BLOCK )
	( !UNSTACK B015 - BLOCK B017 - BLOCK )
	( !PUTDOWN B015 - BLOCK )
	( !UNSTACK B017 - BLOCK B016 - BLOCK )
	( !STACK B017 - BLOCK B019 - BLOCK )
	( !UNSTACK B005 - BLOCK B006 - BLOCK )
	( !STACK B005 - BLOCK B017 - BLOCK )
	( !UNSTACK B006 - BLOCK B002 - BLOCK )
	( !PUTDOWN B006 - BLOCK )
	( !UNSTACK B002 - BLOCK B014 - BLOCK )
	( !PUTDOWN B002 - BLOCK )
	( !UNSTACK B014 - BLOCK B007 - BLOCK )
	( !STACK B014 - BLOCK B005 - BLOCK )
	( !PICKUP B006 - BLOCK )
	( !STACK B006 - BLOCK B014 - BLOCK )
