
Plan found!
	( !UNSTACK B028 - BLOCK B012 - BLOCK )
	( !PUTDOWN B028 - BLOCK )
	( !UNSTACK B012 - BLOCK B011 - BLOCK )
	( !PUTDOWN B012 - BLOCK )
	( !UNSTACK B009 - BLOCK B027 - BLOCK )
	( !PUTDOWN B009 - BLOCK )
	( !UNSTACK B027 - BLOCK B023 - BLOCK )
	( !PUTDOWN B027 - BLOCK )
	( !UNSTACK B023 - BLOCK B010 - BLOCK )
	( !PUTDOWN B023 - BLOCK )
	( !UNSTACK B010 - BLOCK B014 - BLOCK )
	( !PUTDOWN B010 - BLOCK )
	( !PICKUP B014 - BLOCK )
	( !STACK B014 - BLOCK B012 - BLOCK )
	( !PICKUP B010 - BLOCK )
	( !STACK B010 - BLOCK B014 - BLOCK )
	( !UNSTACK B007 - BLOCK B004 - BLOCK )
	( !PUTDOWN B007 - BLOCK )
	( !UNSTACK B004 - BLOCK B013 - BLOCK )
	( !PUTDOWN B004 - BLOCK )
	( !UNSTACK B013 - BLOCK B018 - BLOCK )
	( !STACK B013 - BLOCK B010 - BLOCK )
	( !UNSTACK B011 - BLOCK B016 - BLOCK )
	( !STACK B011 - BLOCK B013 - BLOCK )
