
Plan found!
	( !UNSTACK B031 - BLOCK B033 - BLOCK )
	( !PUTDOWN B031 - BLOCK )
	( !UNSTACK B037 - BLOCK B032 - BLOCK )
	( !PUTDOWN B037 - BLOCK )
	( !UNSTACK B033 - BLOCK B035 - BLOCK )
	( !PUTDOWN B033 - BLOCK )
	( !UNSTACK B032 - BLOCK B036 - BLOCK )
	( !PUTDOWN B032 - BLOCK )
	( !UNSTACK B035 - BLOCK B029 - BLOCK )
	( !PUTDOWN B035 - BLOCK )
	( !UNSTACK B029 - BLOCK B034 - BLOCK )
	( !PUTDOWN B029 - BLOCK )
	( !PICKUP B034 - BLOCK )
	( !STACK B034 - BLOCK B036 - BLOCK )
	( !PICKUP B029 - BLOCK )
	( !STACK B029 - BLOCK B034 - BLOCK )
	( !UNSTACK B017 - BLOCK B023 - BLOCK )
	( !PUTDOWN B017 - BLOCK )
	( !UNSTACK B023 - BLOCK B020 - BLOCK )
	( !STACK B023 - BLOCK B029 - BLOCK )
