
Plan found!
	( !UNSTACK B013 - BLOCK B027 - BLOCK )
	( !PUTDOWN B013 - BLOCK )
	( !UNSTACK B027 - BLOCK B012 - BLOCK )
	( !PUTDOWN B027 - BLOCK )
	( !UNSTACK B031 - BLOCK B032 - BLOCK )
	( !PUTDOWN B031 - BLOCK )
	( !UNSTACK B032 - BLOCK B030 - BLOCK )
	( !PUTDOWN B032 - BLOCK )
	( !UNSTACK B030 - BLOCK B029 - BLOCK )
	( !PUTDOWN B030 - BLOCK )
	( !UNSTACK B029 - BLOCK B026 - BLOCK )
	( !PUTDOWN B029 - BLOCK )
	( !PICKUP B026 - BLOCK )
	( !STACK B026 - BLOCK B027 - BLOCK )
	( !UNSTACK B022 - BLOCK B015 - BLOCK )
	( !PUTDOWN B022 - BLOCK )
	( !UNSTACK B015 - BLOCK B024 - BLOCK )
	( !PUTDOWN B015 - BLOCK )
	( !UNSTACK B024 - BLOCK B017 - BLOCK )
	( !STACK B024 - BLOCK B026 - BLOCK )
	( !UNSTACK B000 - BLOCK B002 - BLOCK )
	( !PUTDOWN B000 - BLOCK )
	( !UNSTACK B002 - BLOCK B001 - BLOCK )
	( !PUTDOWN B002 - BLOCK )
	( !UNSTACK B001 - BLOCK B019 - BLOCK )
	( !PUTDOWN B001 - BLOCK )
	( !UNSTACK B019 - BLOCK B008 - BLOCK )
	( !PUTDOWN B019 - BLOCK )
	( !PICKUP B008 - BLOCK )
	( !STACK B008 - BLOCK B024 - BLOCK )
	( !UNSTACK B025 - BLOCK B005 - BLOCK )
	( !PUTDOWN B025 - BLOCK )
	( !UNSTACK B005 - BLOCK B010 - BLOCK )
	( !PUTDOWN B005 - BLOCK )
	( !UNSTACK B010 - BLOCK B023 - BLOCK )
	( !PUTDOWN B010 - BLOCK )
	( !UNSTACK B023 - BLOCK B020 - BLOCK )
	( !PUTDOWN B023 - BLOCK )
	( !PICKUP B020 - BLOCK )
	( !STACK B020 - BLOCK B008 - BLOCK )
