
Plan found!
	( !UNSTACK B015 - BLOCK B018 - BLOCK )
	( !PUTDOWN B015 - BLOCK )
	( !UNSTACK B018 - BLOCK B029 - BLOCK )
	( !PUTDOWN B018 - BLOCK )
	( !UNSTACK B006 - BLOCK B022 - BLOCK )
	( !PUTDOWN B006 - BLOCK )
	( !UNSTACK B022 - BLOCK B005 - BLOCK )
	( !PUTDOWN B022 - BLOCK )
	( !UNSTACK B005 - BLOCK B021 - BLOCK )
	( !STACK B005 - BLOCK B018 - BLOCK )
	( !UNSTACK B013 - BLOCK B017 - BLOCK )
	( !PUTDOWN B013 - BLOCK )
	( !UNSTACK B017 - BLOCK B014 - BLOCK )
	( !STACK B017 - BLOCK B005 - BLOCK )
	( !UNSTACK B000 - BLOCK B008 - BLOCK )
	( !PUTDOWN B000 - BLOCK )
	( !UNSTACK B008 - BLOCK B012 - BLOCK )
	( !PUTDOWN B008 - BLOCK )
	( !UNSTACK B012 - BLOCK B001 - BLOCK )
	( !PUTDOWN B012 - BLOCK )
	( !UNSTACK B001 - BLOCK B019 - BLOCK )
	( !PUTDOWN B001 - BLOCK )
	( !PICKUP B019 - BLOCK )
	( !STACK B019 - BLOCK B017 - BLOCK )
	( !PICKUP B000 - BLOCK )
	( !STACK B000 - BLOCK B019 - BLOCK )
