
Plan found!
	( !UNSTACK B004 - BLOCK B007 - BLOCK )
	( !PUTDOWN B004 - BLOCK )
	( !UNSTACK B006 - BLOCK B013 - BLOCK )
	( !PUTDOWN B006 - BLOCK )
	( !UNSTACK B013 - BLOCK B005 - BLOCK )
	( !PUTDOWN B013 - BLOCK )
	( !UNSTACK B005 - BLOCK B009 - BLOCK )
	( !STACK B005 - BLOCK B004 - BLOCK )
	( !UNSTACK B007 - BLOCK B003 - BLOCK )
	( !STACK B007 - BLOCK B005 - BLOCK )
	( !UNSTACK B014 - BLOCK B000 - BLOCK )
	( !PUTDOWN B014 - BLOCK )
	( !UNSTACK B000 - BLOCK B015 - BLOCK )
	( !STACK B000 - BLOCK B007 - BLOCK )
	( !UNSTACK B003 - BLOCK B002 - BLOCK )
	( !PUTDOWN B003 - BLOCK )
	( !UNSTACK B002 - BLOCK B001 - BLOCK )
	( !PUTDOWN B002 - BLOCK )
	( !PICKUP B001 - BLOCK )
	( !STACK B001 - BLOCK B000 - BLOCK )
