
Plan found!
	( !UNSTACK B018 - BLOCK B019 - BLOCK )
	( !PUTDOWN B018 - BLOCK )
	( !UNSTACK B019 - BLOCK B017 - BLOCK )
	( !PUTDOWN B019 - BLOCK )
	( !UNSTACK B033 - BLOCK B038 - BLOCK )
	( !PUTDOWN B033 - BLOCK )
	( !UNSTACK B038 - BLOCK B036 - BLOCK )
	( !PUTDOWN B038 - BLOCK )
	( !UNSTACK B036 - BLOCK B029 - BLOCK )
	( !PUTDOWN B036 - BLOCK )
	( !UNSTACK B029 - BLOCK B034 - BLOCK )
	( !PUTDOWN B029 - BLOCK )
	( !PICKUP B034 - BLOCK )
	( !STACK B034 - BLOCK B019 - BLOCK )
	( !PICKUP B038 - BLOCK )
	( !STACK B038 - BLOCK B034 - BLOCK )
	( !UNSTACK B005 - BLOCK B006 - BLOCK )
	( !PUTDOWN B005 - BLOCK )
	( !UNSTACK B006 - BLOCK B013 - BLOCK )
	( !PUTDOWN B006 - BLOCK )
	( !UNSTACK B013 - BLOCK B011 - BLOCK )
	( !PUTDOWN B013 - BLOCK )
	( !UNSTACK B011 - BLOCK B014 - BLOCK )
	( !STACK B011 - BLOCK B038 - BLOCK )
	( !UNSTACK B010 - BLOCK B008 - BLOCK )
	( !PUTDOWN B010 - BLOCK )
	( !UNSTACK B008 - BLOCK B012 - BLOCK )
	( !PUTDOWN B008 - BLOCK )
	( !UNSTACK B012 - BLOCK B007 - BLOCK )
	( !PUTDOWN B012 - BLOCK )
	( !UNSTACK B007 - BLOCK B009 - BLOCK )
	( !PUTDOWN B007 - BLOCK )
	( !PICKUP B009 - BLOCK )
	( !STACK B009 - BLOCK B011 - BLOCK )
