
Plan found!
	( !UNSTACK B042 - BLOCK B043 - BLOCK )
	( !PUTDOWN B042 - BLOCK )
	( !UNSTACK B043 - BLOCK B041 - BLOCK )
	( !PUTDOWN B043 - BLOCK )
	( !UNSTACK B041 - BLOCK B040 - BLOCK )
	( !PUTDOWN B041 - BLOCK )
	( !PICKUP B043 - BLOCK )
	( !STACK B043 - BLOCK B041 - BLOCK )
	( !PICKUP B042 - BLOCK )
	( !STACK B042 - BLOCK B043 - BLOCK )
	( !UNSTACK B038 - BLOCK B036 - BLOCK )
	( !PUTDOWN B038 - BLOCK )
	( !UNSTACK B036 - BLOCK B035 - BLOCK )
	( !PUTDOWN B036 - BLOCK )
	( !UNSTACK B035 - BLOCK B037 - BLOCK )
	( !PUTDOWN B035 - BLOCK )
	( !UNSTACK B037 - BLOCK B039 - BLOCK )
	( !PUTDOWN B037 - BLOCK )
	( !PICKUP B039 - BLOCK )
	( !STACK B039 - BLOCK B042 - BLOCK )
