
Plan found!
	( !UNSTACK B037 - BLOCK B023 - BLOCK )
	( !PUTDOWN B037 - BLOCK )
	( !UNSTACK B023 - BLOCK B020 - BLOCK )
	( !PUTDOWN B023 - BLOCK )
	( !UNSTACK B020 - BLOCK B038 - BLOCK )
	( !PUTDOWN B020 - BLOCK )
	( !UNSTACK B015 - BLOCK B030 - BLOCK )
	( !PUTDOWN B015 - BLOCK )
	( !UNSTACK B030 - BLOCK B004 - BLOCK )
	( !STACK B030 - BLOCK B020 - BLOCK )
	( !UNSTACK B007 - BLOCK B041 - BLOCK )
	( !PUTDOWN B007 - BLOCK )
	( !UNSTACK B041 - BLOCK B001 - BLOCK )
	( !PUTDOWN B041 - BLOCK )
	( !UNSTACK B001 - BLOCK B003 - BLOCK )
	( !PUTDOWN B001 - BLOCK )
	( !UNSTACK B003 - BLOCK B043 - BLOCK )
	( !STACK B003 - BLOCK B030 - BLOCK )
	( !PICKUP B001 - BLOCK )
	( !STACK B001 - BLOCK B003 - BLOCK )
	( !UNSTACK B018 - BLOCK B008 - BLOCK )
	( !PUTDOWN B018 - BLOCK )
	( !UNSTACK B008 - BLOCK B016 - BLOCK )
	( !STACK B008 - BLOCK B001 - BLOCK )
