
Plan found!
	( !UNSTACK B009 - BLOCK B008 - BLOCK )
	( !STACK B009 - BLOCK B003 - BLOCK )
	( !UNSTACK B008 - BLOCK B001 - BLOCK )
	( !PUTDOWN B008 - BLOCK )
	( !UNSTACK B009 - BLOCK B003 - BLOCK )
	( !STACK B009 - BLOCK B008 - BLOCK )
	( !UNSTACK B003 - BLOCK B000 - BLOCK )
	( !STACK B003 - BLOCK B001 - BLOCK )
	( !UNSTACK B000 - BLOCK B004 - BLOCK )
	( !STACK B000 - BLOCK B010 - BLOCK )
	( !UNSTACK B004 - BLOCK B002 - BLOCK )
	( !STACK B004 - BLOCK B003 - BLOCK )
	( !UNSTACK B002 - BLOCK B007 - BLOCK )
	( !STACK B002 - BLOCK B007 - BLOCK )
	( !UNSTACK B002 - BLOCK B007 - BLOCK )
	( !STACK B002 - BLOCK B009 - BLOCK )
	( !UNSTACK B002 - BLOCK B009 - BLOCK )
	( !STACK B002 - BLOCK B000 - BLOCK )
	( !PICKUP B007 - BLOCK )
	( !STACK B007 - BLOCK B009 - BLOCK )
	( !UNSTACK B002 - BLOCK B000 - BLOCK )
	( !STACK B002 - BLOCK B007 - BLOCK )
	( !UNSTACK B004 - BLOCK B003 - BLOCK )
	( !STACK B004 - BLOCK B000 - BLOCK )
	( !UNSTACK B003 - BLOCK B001 - BLOCK )
	( !STACK B003 - BLOCK B004 - BLOCK )
	( !UNSTACK B001 - BLOCK B006 - BLOCK )
	( !STACK B001 - BLOCK B006 - BLOCK )
	( !UNSTACK B001 - BLOCK B006 - BLOCK )
	( !STACK B001 - BLOCK B006 - BLOCK )
	( !UNSTACK B001 - BLOCK B006 - BLOCK )
	( !STACK B001 - BLOCK B003 - BLOCK )
	( !PICKUP B006 - BLOCK )
	( !STACK B006 - BLOCK B002 - BLOCK )
