
Plan found!
	( !UNSTACK B013 - BLOCK B012 - BLOCK )
	( !STACK B013 - BLOCK B002 - BLOCK )
	( !UNSTACK B012 - BLOCK B000 - BLOCK )
	( !STACK B012 - BLOCK B015 - BLOCK )
	( !UNSTACK B000 - BLOCK B009 - BLOCK )
	( !PUTDOWN B000 - BLOCK )
	( !UNSTACK B012 - BLOCK B015 - BLOCK )
	( !PUTDOWN B012 - BLOCK )
	( !UNSTACK B015 - BLOCK B021 - BLOCK )
	( !STACK B015 - BLOCK B000 - BLOCK )
	( !UNSTACK B010 - BLOCK B011 - BLOCK )
	( !PUTDOWN B010 - BLOCK )
	( !UNSTACK B011 - BLOCK B004 - BLOCK )
	( !STACK B011 - BLOCK B015 - BLOCK )
	( !UNSTACK B013 - BLOCK B002 - BLOCK )
	( !PUTDOWN B013 - BLOCK )
	( !UNSTACK B002 - BLOCK B003 - BLOCK )
	( !STACK B002 - BLOCK B016 - BLOCK )
	( !UNSTACK B003 - BLOCK B006 - BLOCK )
	( !STACK B003 - BLOCK B012 - BLOCK )
	( !UNSTACK B006 - BLOCK B001 - BLOCK )
	( !STACK B006 - BLOCK B001 - BLOCK )
	( !UNSTACK B006 - BLOCK B001 - BLOCK )
	( !STACK B006 - BLOCK B002 - BLOCK )
	( !UNSTACK B001 - BLOCK B005 - BLOCK )
	( !STACK B001 - BLOCK B005 - BLOCK )
	( !UNSTACK B001 - BLOCK B005 - BLOCK )
	( !STACK B001 - BLOCK B011 - BLOCK )
	( !UNSTACK B001 - BLOCK B011 - BLOCK )
	( !STACK B001 - BLOCK B021 - BLOCK )
	( !PICKUP B005 - BLOCK )
	( !STACK B005 - BLOCK B011 - BLOCK )
	( !UNSTACK B001 - BLOCK B021 - BLOCK )
	( !STACK B001 - BLOCK B004 - BLOCK )
	( !UNSTACK B021 - BLOCK B020 - BLOCK )
	( !STACK B021 - BLOCK B020 - BLOCK )
	( !UNSTACK B021 - BLOCK B020 - BLOCK )
	( !STACK B021 - BLOCK B009 - BLOCK )
	( !UNSTACK B020 - BLOCK B018 - BLOCK )
	( !STACK B020 - BLOCK B003 - BLOCK )
	( !UNSTACK B018 - BLOCK B014 - BLOCK )
	( !STACK B018 - BLOCK B021 - BLOCK )
	( !PICKUP B014 - BLOCK )
	( !STACK B014 - BLOCK B005 - BLOCK )
