
Plan found!
	( !UNSTACK B005 - BLOCK B001 - BLOCK )
	( !PUTDOWN B005 - BLOCK )
	( !UNSTACK B013 - BLOCK B000 - BLOCK )
	( !PUTDOWN B013 - BLOCK )
	( !UNSTACK B000 - BLOCK B010 - BLOCK )
	( !STACK B000 - BLOCK B001 - BLOCK )
	( !UNSTACK B015 - BLOCK B016 - BLOCK )
	( !STACK B015 - BLOCK B012 - BLOCK )
	( !UNSTACK B016 - BLOCK B006 - BLOCK )
	( !STACK B016 - BLOCK B000 - BLOCK )
	( !UNSTACK B016 - BLOCK B000 - BLOCK )
	( !STACK B016 - BLOCK B005 - BLOCK )
	( !PICKUP B006 - BLOCK )
	( !STACK B006 - BLOCK B000 - BLOCK )
	( !UNSTACK B009 - BLOCK B018 - BLOCK )
	( !STACK B009 - BLOCK B006 - BLOCK )
	( !UNSTACK B021 - BLOCK B007 - BLOCK )
	( !STACK B021 - BLOCK B014 - BLOCK )
	( !UNSTACK B007 - BLOCK B008 - BLOCK )
	( !STACK B007 - BLOCK B004 - BLOCK )
	( !PICKUP B008 - BLOCK )
	( !STACK B008 - BLOCK B009 - BLOCK )
