
Plan found!
	( !UNSTACK B007 - BLOCK B000 - BLOCK )
	( !STACK B007 - BLOCK B018 - BLOCK )
	( !UNSTACK B000 - BLOCK B008 - BLOCK )
	( !PUTDOWN B000 - BLOCK )
	( !UNSTACK B008 - BLOCK B005 - BLOCK )
	( !STACK B008 - BLOCK B014 - BLOCK )
	( !UNSTACK B005 - BLOCK B002 - BLOCK )
	( !STACK B005 - BLOCK B009 - BLOCK )
	( !PICKUP B002 - BLOCK )
	( !STACK B002 - BLOCK B000 - BLOCK )
	( !UNSTACK B005 - BLOCK B009 - BLOCK )
	( !PUTDOWN B005 - BLOCK )
	( !UNSTACK B009 - BLOCK B003 - BLOCK )
	( !STACK B009 - BLOCK B007 - BLOCK )
	( !UNSTACK B003 - BLOCK B012 - BLOCK )
	( !STACK B003 - BLOCK B009 - BLOCK )
	( !UNSTACK B012 - BLOCK B011 - BLOCK )
	( !STACK B012 - BLOCK B020 - BLOCK )
	( !UNSTACK B011 - BLOCK B001 - BLOCK )
	( !STACK B011 - BLOCK B012 - BLOCK )
	( !PICKUP B001 - BLOCK )
	( !STACK B001 - BLOCK B002 - BLOCK )
	( !UNSTACK B003 - BLOCK B009 - BLOCK )
	( !STACK B003 - BLOCK B001 - BLOCK )
	( !UNSTACK B008 - BLOCK B014 - BLOCK )
	( !PUTDOWN B008 - BLOCK )
	( !UNSTACK B014 - BLOCK B013 - BLOCK )
	( !PUTDOWN B014 - BLOCK )
	( !UNSTACK B013 - BLOCK B004 - BLOCK )
	( !PUTDOWN B013 - BLOCK )
	( !UNSTACK B004 - BLOCK B015 - BLOCK )
	( !STACK B004 - BLOCK B003 - BLOCK )
