
Plan found!
	( !UNSTACK B018 - BLOCK B021 - BLOCK )
	( !PUTDOWN B018 - BLOCK )
	( !UNSTACK B022 - BLOCK B009 - BLOCK )
	( !PUTDOWN B022 - BLOCK )
	( !UNSTACK B009 - BLOCK B016 - BLOCK )
	( !PUTDOWN B009 - BLOCK )
	( !UNSTACK B016 - BLOCK B024 - BLOCK )
	( !PUTDOWN B016 - BLOCK )
	( !UNSTACK B024 - BLOCK B023 - BLOCK )
	( !STACK B024 - BLOCK B018 - BLOCK )
	( !UNSTACK B017 - BLOCK B020 - BLOCK )
	( !STACK B017 - BLOCK B024 - BLOCK )
	( !UNSTACK B011 - BLOCK B014 - BLOCK )
	( !STACK B011 - BLOCK B021 - BLOCK )
	( !UNSTACK B014 - BLOCK B007 - BLOCK )
	( !STACK B014 - BLOCK B009 - BLOCK )
	( !UNSTACK B007 - BLOCK B012 - BLOCK )
	( !STACK B007 - BLOCK B012 - BLOCK )
	( !UNSTACK B007 - BLOCK B012 - BLOCK )
	( !STACK B007 - BLOCK B025 - BLOCK )
	( !UNSTACK B012 - BLOCK B015 - BLOCK )
	( !STACK B012 - BLOCK B014 - BLOCK )
	( !PICKUP B015 - BLOCK )
	( !STACK B015 - BLOCK B017 - BLOCK )
	( !UNSTACK B011 - BLOCK B021 - BLOCK )
	( !PUTDOWN B011 - BLOCK )
	( !UNSTACK B021 - BLOCK B019 - BLOCK )
	( !STACK B021 - BLOCK B015 - BLOCK )
