
Plan found!
	( !UNSTACK B017 - BLOCK B009 - BLOCK )
	( !STACK B017 - BLOCK B000 - BLOCK )
	( !UNSTACK B009 - BLOCK B022 - BLOCK )
	( !STACK B009 - BLOCK B007 - BLOCK )
	( !UNSTACK B022 - BLOCK B023 - BLOCK )
	( !PUTDOWN B022 - BLOCK )
	( !UNSTACK B019 - BLOCK B025 - BLOCK )
	( !PUTDOWN B019 - BLOCK )
	( !UNSTACK B025 - BLOCK B029 - BLOCK )
	( !PUTDOWN B025 - BLOCK )
	( !UNSTACK B029 - BLOCK B024 - BLOCK )
	( !PUTDOWN B029 - BLOCK )
	( !UNSTACK B024 - BLOCK B028 - BLOCK )
	( !STACK B024 - BLOCK B022 - BLOCK )
	( !PICKUP B019 - BLOCK )
	( !STACK B019 - BLOCK B024 - BLOCK )
	( !UNSTACK B027 - BLOCK B026 - BLOCK )
	( !PUTDOWN B027 - BLOCK )
	( !UNSTACK B026 - BLOCK B020 - BLOCK )
	( !PUTDOWN B026 - BLOCK )
	( !UNSTACK B020 - BLOCK B021 - BLOCK )
	( !STACK B020 - BLOCK B019 - BLOCK )
	( !UNSTACK B009 - BLOCK B007 - BLOCK )
	( !PUTDOWN B009 - BLOCK )
	( !UNSTACK B007 - BLOCK B014 - BLOCK )
	( !PUTDOWN B007 - BLOCK )
	( !UNSTACK B014 - BLOCK B016 - BLOCK )
	( !PUTDOWN B014 - BLOCK )
	( !UNSTACK B016 - BLOCK B004 - BLOCK )
	( !STACK B016 - BLOCK B020 - BLOCK )
