
Plan found!
	( !UNSTACK B023 - BLOCK B019 - BLOCK )
	( !STACK B023 - BLOCK B028 - BLOCK )
	( !UNSTACK B019 - BLOCK B025 - BLOCK )
	( !PUTDOWN B019 - BLOCK )
	( !UNSTACK B023 - BLOCK B028 - BLOCK )
	( !PUTDOWN B023 - BLOCK )
	( !UNSTACK B028 - BLOCK B003 - BLOCK )
	( !PUTDOWN B028 - BLOCK )
	( !UNSTACK B003 - BLOCK B002 - BLOCK )
	( !PUTDOWN B003 - BLOCK )
	( !UNSTACK B002 - BLOCK B018 - BLOCK )
	( !STACK B002 - BLOCK B019 - BLOCK )
	( !UNSTACK B008 - BLOCK B006 - BLOCK )
	( !STACK B008 - BLOCK B028 - BLOCK )
	( !UNSTACK B006 - BLOCK B016 - BLOCK )
	( !STACK B006 - BLOCK B008 - BLOCK )
	( !UNSTACK B016 - BLOCK B004 - BLOCK )
	( !STACK B016 - BLOCK B023 - BLOCK )
	( !UNSTACK B004 - BLOCK B000 - BLOCK )
	( !STACK B004 - BLOCK B021 - BLOCK )
	( !PICKUP B000 - BLOCK )
	( !STACK B000 - BLOCK B002 - BLOCK )
	( !UNSTACK B004 - BLOCK B021 - BLOCK )
	( !PUTDOWN B004 - BLOCK )
	( !UNSTACK B021 - BLOCK B026 - BLOCK )
	( !STACK B021 - BLOCK B017 - BLOCK )
	( !UNSTACK B026 - BLOCK B027 - BLOCK )
	( !STACK B026 - BLOCK B016 - BLOCK )
	( !UNSTACK B027 - BLOCK B029 - BLOCK )
	( !STACK B027 - BLOCK B000 - BLOCK )
	( !UNSTACK B027 - BLOCK B000 - BLOCK )
	( !STACK B027 - BLOCK B006 - BLOCK )
	( !UNSTACK B029 - BLOCK B011 - BLOCK )
	( !STACK B029 - BLOCK B004 - BLOCK )
	( !PICKUP B011 - BLOCK )
	( !STACK B011 - BLOCK B000 - BLOCK )
	( !UNSTACK B021 - BLOCK B017 - BLOCK )
	( !STACK B021 - BLOCK B029 - BLOCK )
	( !UNSTACK B017 - BLOCK B032 - BLOCK )
	( !PUTDOWN B017 - BLOCK )
	( !UNSTACK B032 - BLOCK B033 - BLOCK )
	( !PUTDOWN B032 - BLOCK )
	( !UNSTACK B033 - BLOCK B001 - BLOCK )
	( !PUTDOWN B033 - BLOCK )
	( !UNSTACK B001 - BLOCK B010 - BLOCK )
	( !STACK B001 - BLOCK B011 - BLOCK )
