
Plan found!
	( !UNSTACK B002 - BLOCK B005 - BLOCK )
	( !PUTDOWN B002 - BLOCK )
	( !UNSTACK B032 - BLOCK B028 - BLOCK )
	( !PUTDOWN B032 - BLOCK )
	( !UNSTACK B028 - BLOCK B029 - BLOCK )
	( !PUTDOWN B028 - BLOCK )
	( !UNSTACK B029 - BLOCK B024 - BLOCK )
	( !PUTDOWN B029 - BLOCK )
	( !UNSTACK B024 - BLOCK B015 - BLOCK )
	( !STACK B024 - BLOCK B002 - BLOCK )
	( !UNSTACK B004 - BLOCK B022 - BLOCK )
	( !STACK B004 - BLOCK B018 - BLOCK )
	( !UNSTACK B022 - BLOCK B020 - BLOCK )
	( !STACK B022 - BLOCK B008 - BLOCK )
	( !UNSTACK B020 - BLOCK B011 - BLOCK )
	( !STACK B020 - BLOCK B031 - BLOCK )
	( !UNSTACK B011 - BLOCK B016 - BLOCK )
	( !STACK B011 - BLOCK B022 - BLOCK )
	( !PICKUP B016 - BLOCK )
	( !STACK B016 - BLOCK B024 - BLOCK )
	( !UNSTACK B011 - BLOCK B022 - BLOCK )
	( !PUTDOWN B011 - BLOCK )
	( !UNSTACK B022 - BLOCK B008 - BLOCK )
	( !PUTDOWN B022 - BLOCK )
	( !UNSTACK B008 - BLOCK B023 - BLOCK )
	( !PUTDOWN B008 - BLOCK )
	( !UNSTACK B023 - BLOCK B007 - BLOCK )
	( !STACK B023 - BLOCK B016 - BLOCK )
	( !PICKUP B022 - BLOCK )
	( !STACK B022 - BLOCK B023 - BLOCK )
