
Plan found!
	( !UNSTACK B013 - BLOCK B024 - BLOCK )
	( !PUTDOWN B013 - BLOCK )
	( !UNSTACK B006 - BLOCK B009 - BLOCK )
	( !PUTDOWN B006 - BLOCK )
	( !UNSTACK B009 - BLOCK B001 - BLOCK )
	( !PUTDOWN B009 - BLOCK )
	( !UNSTACK B024 - BLOCK B012 - BLOCK )
	( !PUTDOWN B024 - BLOCK )
	( !UNSTACK B012 - BLOCK B022 - BLOCK )
	( !STACK B012 - BLOCK B039 - BLOCK )
	( !UNSTACK B022 - BLOCK B017 - BLOCK )
	( !PUTDOWN B022 - BLOCK )
	( !UNSTACK B001 - BLOCK B010 - BLOCK )
	( !PUTDOWN B001 - BLOCK )
	( !UNSTACK B010 - BLOCK B007 - BLOCK )
	( !STACK B010 - BLOCK B017 - BLOCK )
	( !UNSTACK B008 - BLOCK B020 - BLOCK )
	( !PUTDOWN B008 - BLOCK )
	( !UNSTACK B020 - BLOCK B023 - BLOCK )
	( !PUTDOWN B020 - BLOCK )
	( !UNSTACK B023 - BLOCK B011 - BLOCK )
	( !STACK B023 - BLOCK B010 - BLOCK )
	( !UNSTACK B029 - BLOCK B018 - BLOCK )
	( !PUTDOWN B029 - BLOCK )
	( !UNSTACK B018 - BLOCK B026 - BLOCK )
	( !STACK B018 - BLOCK B023 - BLOCK )
	( !UNSTACK B016 - BLOCK B025 - BLOCK )
	( !STACK B016 - BLOCK B006 - BLOCK )
	( !UNSTACK B025 - BLOCK B027 - BLOCK )
	( !STACK B025 - BLOCK B024 - BLOCK )
	( !UNSTACK B027 - BLOCK B019 - BLOCK )
	( !STACK B027 - BLOCK B025 - BLOCK )
	( !UNSTACK B019 - BLOCK B014 - BLOCK )
	( !STACK B019 - BLOCK B013 - BLOCK )
	( !PICKUP B014 - BLOCK )
	( !STACK B014 - BLOCK B018 - BLOCK )
