
Plan found!
	( !UNSTACK B012 - BLOCK B024 - BLOCK )
	( !PUTDOWN B012 - BLOCK )
	( !UNSTACK B024 - BLOCK B003 - BLOCK )
	( !STACK B024 - BLOCK B029 - BLOCK )
	( !UNSTACK B003 - BLOCK B004 - BLOCK )
	( !STACK B003 - BLOCK B038 - BLOCK )
	( !UNSTACK B004 - BLOCK B028 - BLOCK )
	( !PUTDOWN B004 - BLOCK )
	( !UNSTACK B020 - BLOCK B002 - BLOCK )
	( !PUTDOWN B020 - BLOCK )
	( !UNSTACK B002 - BLOCK B041 - BLOCK )
	( !STACK B002 - BLOCK B004 - BLOCK )
	( !UNSTACK B003 - BLOCK B038 - BLOCK )
	( !STACK B003 - BLOCK B002 - BLOCK )
	( !UNSTACK B006 - BLOCK B000 - BLOCK )
	( !PUTDOWN B006 - BLOCK )
	( !UNSTACK B000 - BLOCK B026 - BLOCK )
	( !STACK B000 - BLOCK B003 - BLOCK )
	( !UNSTACK B005 - BLOCK B011 - BLOCK )
	( !STACK B005 - BLOCK B014 - BLOCK )
	( !UNSTACK B011 - BLOCK B039 - BLOCK )
	( !STACK B011 - BLOCK B041 - BLOCK )
	( !UNSTACK B039 - BLOCK B017 - BLOCK )
	( !STACK B039 - BLOCK B006 - BLOCK )
	( !UNSTACK B017 - BLOCK B001 - BLOCK )
	( !STACK B017 - BLOCK B024 - BLOCK )
	( !PICKUP B001 - BLOCK )
	( !STACK B001 - BLOCK B000 - BLOCK )
