
Plan found!
	( !UNSTACK B027 - BLOCK B010 - BLOCK )
	( !PUTDOWN B027 - BLOCK )
	( !UNSTACK B010 - BLOCK B004 - BLOCK )
	( !STACK B010 - BLOCK B034 - BLOCK )
	( !UNSTACK B004 - BLOCK B020 - BLOCK )
	( !STACK B004 - BLOCK B029 - BLOCK )
	( !UNSTACK B020 - BLOCK B005 - BLOCK )
	( !PUTDOWN B020 - BLOCK )
	( !UNSTACK B025 - BLOCK B031 - BLOCK )
	( !STACK B025 - BLOCK B003 - BLOCK )
	( !UNSTACK B031 - BLOCK B026 - BLOCK )
	( !STACK B031 - BLOCK B004 - BLOCK )
	( !UNSTACK B026 - BLOCK B035 - BLOCK )
	( !STACK B026 - BLOCK B005 - BLOCK )
	( !UNSTACK B035 - BLOCK B018 - BLOCK )
	( !STACK B035 - BLOCK B026 - BLOCK )
	( !PICKUP B018 - BLOCK )
	( !STACK B018 - BLOCK B020 - BLOCK )
	( !UNSTACK B011 - BLOCK B006 - BLOCK )
	( !PUTDOWN B011 - BLOCK )
	( !UNSTACK B006 - BLOCK B007 - BLOCK )
	( !STACK B006 - BLOCK B018 - BLOCK )
	( !UNSTACK B007 - BLOCK B016 - BLOCK )
	( !STACK B007 - BLOCK B011 - BLOCK )
	( !UNSTACK B016 - BLOCK B015 - BLOCK )
	( !STACK B016 - BLOCK B022 - BLOCK )
	( !PICKUP B015 - BLOCK )
	( !STACK B015 - BLOCK B006 - BLOCK )
	( !UNSTACK B025 - BLOCK B003 - BLOCK )
	( !PUTDOWN B025 - BLOCK )
	( !UNSTACK B003 - BLOCK B012 - BLOCK )
	( !STACK B003 - BLOCK B015 - BLOCK )
