
Plan found!
	( !UNSTACK B009 - BLOCK B003 - BLOCK )
	( !PUTDOWN B009 - BLOCK )
	( !UNSTACK B003 - BLOCK B004 - BLOCK )
	( !STACK B003 - BLOCK B030 - BLOCK )
	( !UNSTACK B004 - BLOCK B006 - BLOCK )
	( !STACK B004 - BLOCK B005 - BLOCK )
	( !UNSTACK B006 - BLOCK B000 - BLOCK )
	( !PUTDOWN B006 - BLOCK )
	( !UNSTACK B018 - BLOCK B015 - BLOCK )
	( !PUTDOWN B018 - BLOCK )
	( !UNSTACK B015 - BLOCK B017 - BLOCK )
	( !PUTDOWN B015 - BLOCK )
	( !UNSTACK B017 - BLOCK B016 - BLOCK )
	( !PUTDOWN B017 - BLOCK )
	( !UNSTACK B016 - BLOCK B019 - BLOCK )
	( !STACK B016 - BLOCK B006 - BLOCK )
	( !UNSTACK B004 - BLOCK B005 - BLOCK )
	( !PUTDOWN B004 - BLOCK )
	( !UNSTACK B005 - BLOCK B002 - BLOCK )
	( !STACK B005 - BLOCK B010 - BLOCK )
	( !UNSTACK B002 - BLOCK B001 - BLOCK )
	( !STACK B002 - BLOCK B015 - BLOCK )
	( !UNSTACK B001 - BLOCK B007 - BLOCK )
	( !STACK B001 - BLOCK B019 - BLOCK )
	( !UNSTACK B007 - BLOCK B011 - BLOCK )
	( !STACK B007 - BLOCK B003 - BLOCK )
	( !PICKUP B011 - BLOCK )
	( !STACK B011 - BLOCK B016 - BLOCK )
	( !UNSTACK B022 - BLOCK B021 - BLOCK )
	( !STACK B022 - BLOCK B018 - BLOCK )
	( !UNSTACK B021 - BLOCK B025 - BLOCK )
	( !STACK B021 - BLOCK B024 - BLOCK )
	( !UNSTACK B025 - BLOCK B023 - BLOCK )
	( !STACK B025 - BLOCK B021 - BLOCK )
	( !UNSTACK B023 - BLOCK B020 - BLOCK )
	( !STACK B023 - BLOCK B007 - BLOCK )
	( !PICKUP B020 - BLOCK )
	( !STACK B020 - BLOCK B011 - BLOCK )
	( !UNSTACK B022 - BLOCK B018 - BLOCK )
	( !STACK B022 - BLOCK B020 - BLOCK )
	( !UNSTACK B022 - BLOCK B020 - BLOCK )
	( !STACK B022 - BLOCK B018 - BLOCK )
	( !UNSTACK B022 - BLOCK B018 - BLOCK )
	( !STACK B022 - BLOCK B039 - BLOCK )
	( !PICKUP B018 - BLOCK )
	( !STACK B018 - BLOCK B020 - BLOCK )
