#
# (C) Copyright 2008, University of Illinois, Urbana-Champaign
#
# All rights reserved. Use of this software is permitted ONLY for
# non-commercial research purposes, and it may be copied only
# for that use only. All copies must include this copyright message.
# This software is made available AS IS, and neither the authors
# nor the University of Illinois, make any warranty about the
# software or its performance.
#

Parsing domain file
 domain 'BLOCKS4' defined
Parsing problem file
 problem 'PROBNAME' defined



checking for cyclic := effects --- OK.


; Time 0.06
; ParsingTime 0.05
; NrActions 28
; MakeSpan
; MetricValue
; PlanningTechnique Modified-FF(enforced hill-climbing search) as the subplanner

0.001: (UNSTACK B006 B005) [1]
1.002: (PUTDOWN B006) [1]
2.003: (UNSTACK B005 B011) [1]
3.004: (STACK B005 B009) [1]
4.005: (PICKUP B006) [1]
5.006: (STACK B006 B011) [1]
6.007: (UNSTACK B006 B011) [1]
7.008: (PUTDOWN B006) [1]
8.009: (UNSTACK B007 B002) [1]
9.010: (PUTDOWN B007) [1]
10.011: (UNSTACK B002 B001) [1]
11.012: (STACK B002 B005) [1]
12.013: (UNSTACK B011 B010) [1]
13.014: (STACK B011 B001) [1]
14.015: (UNSTACK B011 B001) [1]
15.016: (STACK B011 B010) [1]
16.017: (PICKUP B001) [1]
17.018: (STACK B001 B002) [1]
18.019: (UNSTACK B001 B002) [1]
19.020: (PUTDOWN B001) [1]
20.021: (UNSTACK B002 B005) [1]
21.022: (PUTDOWN B002) [1]
22.023: (PICKUP B001) [1]
23.024: (STACK B001 B002) [1]
24.025: (UNSTACK B011 B010) [1]
25.026: (STACK B011 B001) [1]
26.027: (PICKUP B006) [1]
27.028: (STACK B006 B011) [1]
