#
# (C) Copyright 2008, University of Illinois, Urbana-Champaign
#
# All rights reserved. Use of this software is permitted ONLY for
# non-commercial research purposes, and it may be copied only
# for that use only. All copies must include this copyright message.
# This software is made available AS IS, and neither the authors
# nor the University of Illinois, make any warranty about the
# software or its performance.
#

Parsing domain file
 domain 'BLOCKS4' defined
Parsing problem file
 problem 'PROBNAME' defined



checking for cyclic := effects --- OK.


; Time 0.07
; ParsingTime 0.05
; NrActions 30
; MakeSpan
; MetricValue
; PlanningTechnique Modified-FF(enforced hill-climbing search) as the subplanner

0.001: (UNSTACK B003 B000) [1]
1.002: (PUTDOWN B003) [1]
2.003: (UNSTACK B009 B008) [1]
3.004: (PUTDOWN B009) [1]
4.005: (UNSTACK B008 B001) [1]
5.006: (PUTDOWN B008) [1]
6.007: (UNSTACK B000 B004) [1]
7.008: (PUTDOWN B000) [1]
8.009: (UNSTACK B001 B006) [1]
9.010: (PUTDOWN B001) [1]
10.011: (UNSTACK B004 B002) [1]
11.012: (STACK B004 B011) [1]
12.013: (PICKUP B006) [1]
13.014: (STACK B006 B002) [1]
14.015: (UNSTACK B006 B002) [1]
15.016: (STACK B006 B003) [1]
16.017: (UNSTACK B002 B007) [1]
17.018: (STACK B002 B010) [1]
18.019: (PICKUP B007) [1]
19.020: (STACK B007 B009) [1]
20.021: (UNSTACK B007 B009) [1]
21.022: (PUTDOWN B007) [1]
22.023: (PICKUP B009) [1]
23.024: (STACK B009 B008) [1]
24.025: (PICKUP B007) [1]
25.026: (STACK B007 B009) [1]
26.027: (UNSTACK B002 B010) [1]
27.028: (STACK B002 B007) [1]
28.029: (UNSTACK B006 B003) [1]
29.030: (STACK B006 B002) [1]
