#
# (C) Copyright 2008, University of Illinois, Urbana-Champaign
#
# All rights reserved. Use of this software is permitted ONLY for
# non-commercial research purposes, and it may be copied only
# for that use only. All copies must include this copyright message.
# This software is made available AS IS, and neither the authors
# nor the University of Illinois, make any warranty about the
# software or its performance.
#

Parsing domain file
 domain 'BLOCKS4' defined
Parsing problem file
 problem 'PROBNAME' defined



checking for cyclic := effects --- OK.


; Time 0.05
; ParsingTime 0.05
; NrActions 24
; MakeSpan
; MetricValue
; PlanningTechnique Modified-FF(enforced hill-climbing search) as the subplanner

0.001: (UNSTACK B008 B011) [1]
1.002: (PUTDOWN B008) [1]
2.003: (UNSTACK B011 B001) [1]
3.004: (PUTDOWN B011) [1]
4.005: (UNSTACK B001 B006) [1]
5.006: (STACK B001 B007) [1]
6.007: (UNSTACK B010 B000) [1]
7.008: (STACK B010 B006) [1]
8.009: (UNSTACK B010 B006) [1]
9.010: (STACK B010 B000) [1]
10.011: (PICKUP B006) [1]
11.012: (STACK B006 B001) [1]
12.013: (UNSTACK B006 B001) [1]
13.014: (STACK B006 B005) [1]
14.015: (UNSTACK B001 B007) [1]
15.016: (STACK B001 B010) [1]
16.017: (PICKUP B007) [1]
17.018: (STACK B007 B008) [1]
18.019: (UNSTACK B001 B010) [1]
19.020: (STACK B001 B007) [1]
20.021: (UNSTACK B006 B005) [1]
21.022: (STACK B006 B001) [1]
22.023: (UNSTACK B010 B000) [1]
23.024: (STACK B010 B006) [1]
