#
# (C) Copyright 2008, University of Illinois, Urbana-Champaign
#
# All rights reserved. Use of this software is permitted ONLY for
# non-commercial research purposes, and it may be copied only
# for that use only. All copies must include this copyright message.
# This software is made available AS IS, and neither the authors
# nor the University of Illinois, make any warranty about the
# software or its performance.
#

Parsing domain file
 domain 'BLOCKS4' defined
Parsing problem file
 problem 'PROBNAME' defined



checking for cyclic := effects --- OK.


; Time 0.06
; ParsingTime 0.05
; NrActions 42
; MakeSpan
; MetricValue
; PlanningTechnique Modified-FF(enforced hill-climbing search) as the subplanner

0.001: (UNSTACK B009 B003) [1]
1.002: (STACK B009 B007) [1]
2.003: (PICKUP B003) [1]
3.004: (STACK B003 B009) [1]
4.005: (UNSTACK B003 B009) [1]
5.006: (STACK B003 B010) [1]
6.007: (UNSTACK B000 B004) [1]
7.008: (PUTDOWN B000) [1]
8.009: (UNSTACK B004 B001) [1]
9.010: (STACK B004 B003) [1]
10.011: (UNSTACK B009 B007) [1]
11.012: (STACK B009 B001) [1]
12.013: (UNSTACK B009 B001) [1]
13.014: (STACK B009 B007) [1]
14.015: (UNSTACK B001 B011) [1]
15.016: (STACK B001 B000) [1]
16.017: (UNSTACK B001 B000) [1]
17.018: (PUTDOWN B001) [1]
18.019: (UNSTACK B009 B007) [1]
19.020: (STACK B009 B011) [1]
20.021: (UNSTACK B007 B002) [1]
21.022: (STACK B007 B001) [1]
22.023: (UNSTACK B002 B005) [1]
23.024: (STACK B002 B007) [1]
24.025: (PICKUP B000) [1]
25.026: (STACK B000 B005) [1]
26.027: (UNSTACK B002 B007) [1]
27.028: (PUTDOWN B002) [1]
28.029: (UNSTACK B004 B003) [1]
29.030: (PUTDOWN B004) [1]
30.031: (UNSTACK B003 B010) [1]
31.032: (STACK B003 B009) [1]
32.033: (UNSTACK B007 B001) [1]
33.034: (PUTDOWN B007) [1]
34.035: (PICKUP B001) [1]
35.036: (STACK B001 B000) [1]
36.037: (UNSTACK B003 B009) [1]
37.038: (STACK B003 B010) [1]
38.039: (UNSTACK B009 B011) [1]
39.040: (STACK B009 B001) [1]
40.041: (UNSTACK B003 B010) [1]
41.042: (STACK B003 B009) [1]
