#
# (C) Copyright 2008, University of Illinois, Urbana-Champaign
#
# All rights reserved. Use of this software is permitted ONLY for
# non-commercial research purposes, and it may be copied only
# for that use only. All copies must include this copyright message.
# This software is made available AS IS, and neither the authors
# nor the University of Illinois, make any warranty about the
# software or its performance.
#

Parsing domain file
 domain 'BLOCKS4' defined
Parsing problem file
 problem 'PROBNAME' defined



checking for cyclic := effects --- OK.


; Time 0.08
; ParsingTime 0.06
; NrActions 30
; MakeSpan
; MetricValue
; PlanningTechnique Modified-FF(enforced hill-climbing search) as the subplanner

0.001: (UNSTACK B008 B002) [1]
1.002: (PUTDOWN B008) [1]
2.003: (UNSTACK B002 B007) [1]
3.004: (PUTDOWN B002) [1]
4.005: (UNSTACK B007 B012) [1]
5.006: (STACK B007 B010) [1]
6.007: (UNSTACK B003 B000) [1]
7.008: (STACK B003 B012) [1]
8.009: (UNSTACK B003 B012) [1]
9.010: (STACK B003 B007) [1]
10.011: (UNSTACK B000 B005) [1]
11.012: (STACK B000 B003) [1]
12.013: (PICKUP B012) [1]
13.014: (STACK B012 B005) [1]
14.015: (UNSTACK B012 B005) [1]
15.016: (PUTDOWN B012) [1]
16.017: (PICKUP B005) [1]
17.018: (STACK B005 B013) [1]
18.019: (UNSTACK B005 B013) [1]
19.020: (PUTDOWN B005) [1]
20.021: (UNSTACK B013 B009) [1]
21.022: (PUTDOWN B013) [1]
22.023: (PICKUP B005) [1]
23.024: (STACK B005 B013) [1]
24.025: (PICKUP B012) [1]
25.026: (STACK B012 B005) [1]
26.027: (UNSTACK B000 B003) [1]
27.028: (PUTDOWN B000) [1]
28.029: (UNSTACK B003 B007) [1]
29.030: (STACK B003 B012) [1]
