#
# (C) Copyright 2008, University of Illinois, Urbana-Champaign
#
# All rights reserved. Use of this software is permitted ONLY for
# non-commercial research purposes, and it may be copied only
# for that use only. All copies must include this copyright message.
# This software is made available AS IS, and neither the authors
# nor the University of Illinois, make any warranty about the
# software or its performance.
#

Parsing domain file
 domain 'BLOCKS4' defined
Parsing problem file
 problem 'PROBNAME' defined



checking for cyclic := effects --- OK.


; Time 0.08
; ParsingTime 0.06
; NrActions 32
; MakeSpan
; MetricValue
; PlanningTechnique Modified-FF(enforced hill-climbing search) as the subplanner

0.001: (UNSTACK B012 B010) [1]
1.002: (PUTDOWN B012) [1]
2.003: (UNSTACK B011 B013) [1]
3.004: (PUTDOWN B011) [1]
4.005: (UNSTACK B010 B005) [1]
5.006: (STACK B010 B012) [1]
6.007: (PICKUP B013) [1]
7.008: (STACK B013 B005) [1]
8.009: (UNSTACK B013 B005) [1]
9.010: (STACK B013 B006) [1]
10.011: (UNSTACK B008 B009) [1]
11.012: (STACK B008 B010) [1]
12.013: (UNSTACK B005 B007) [1]
13.014: (STACK B005 B009) [1]
14.015: (UNSTACK B005 B009) [1]
15.016: (PUTDOWN B005) [1]
16.017: (UNSTACK B008 B010) [1]
17.018: (STACK B008 B013) [1]
18.019: (PICKUP B009) [1]
19.020: (STACK B009 B010) [1]
20.021: (UNSTACK B009 B010) [1]
21.022: (PUTDOWN B009) [1]
22.023: (UNSTACK B010 B012) [1]
23.024: (PUTDOWN B010) [1]
24.025: (PICKUP B009) [1]
25.026: (STACK B009 B010) [1]
26.027: (PICKUP B005) [1]
27.028: (STACK B005 B009) [1]
28.029: (UNSTACK B008 B013) [1]
29.030: (STACK B008 B007) [1]
30.031: (UNSTACK B013 B006) [1]
31.032: (STACK B013 B005) [1]
