#
# (C) Copyright 2008, University of Illinois, Urbana-Champaign
#
# All rights reserved. Use of this software is permitted ONLY for
# non-commercial research purposes, and it may be copied only
# for that use only. All copies must include this copyright message.
# This software is made available AS IS, and neither the authors
# nor the University of Illinois, make any warranty about the
# software or its performance.
#

Parsing domain file
 domain 'BLOCKS4' defined
Parsing problem file
 problem 'PROBNAME' defined



checking for cyclic := effects --- OK.


; Time 0.11
; ParsingTime 0.06
; NrActions 34
; MakeSpan
; MetricValue
; PlanningTechnique Modified-FF(enforced hill-climbing search) as the subplanner

0.001: (UNSTACK B013 B015) [1]
1.002: (PUTDOWN B013) [1]
2.003: (UNSTACK B016 B009) [1]
3.004: (PUTDOWN B016) [1]
4.005: (UNSTACK B015 B017) [1]
5.006: (PUTDOWN B015) [1]
6.007: (UNSTACK B009 B010) [1]
7.008: (PUTDOWN B009) [1]
8.009: (UNSTACK B017 B012) [1]
9.010: (PUTDOWN B017) [1]
10.011: (UNSTACK B012 B007) [1]
11.012: (STACK B012 B002) [1]
12.013: (PICKUP B007) [1]
13.014: (STACK B007 B010) [1]
14.015: (UNSTACK B007 B010) [1]
15.016: (PUTDOWN B007) [1]
16.017: (UNSTACK B010 B004) [1]
17.018: (STACK B010 B011) [1]
18.019: (UNSTACK B010 B011) [1]
19.020: (STACK B010 B017) [1]
20.021: (UNSTACK B011 B003) [1]
21.022: (STACK B011 B012) [1]
22.023: (UNSTACK B011 B012) [1]
23.024: (STACK B011 B007) [1]
24.025: (UNSTACK B004 B008) [1]
25.026: (STACK B004 B015) [1]
26.027: (UNSTACK B012 B002) [1]
27.028: (STACK B012 B008) [1]
28.029: (UNSTACK B011 B007) [1]
29.030: (STACK B011 B012) [1]
30.031: (UNSTACK B010 B017) [1]
31.032: (STACK B010 B011) [1]
32.033: (PICKUP B007) [1]
33.034: (STACK B007 B010) [1]
