#
# (C) Copyright 2008, University of Illinois, Urbana-Champaign
#
# All rights reserved. Use of this software is permitted ONLY for
# non-commercial research purposes, and it may be copied only
# for that use only. All copies must include this copyright message.
# This software is made available AS IS, and neither the authors
# nor the University of Illinois, make any warranty about the
# software or its performance.
#

Parsing domain file
 domain 'BLOCKS4' defined
Parsing problem file
 problem 'PROBNAME' defined



checking for cyclic := effects --- OK.


; Time 0.13
; ParsingTime 0.06
; NrActions 46
; MakeSpan
; MetricValue
; PlanningTechnique Modified-FF(enforced hill-climbing search) as the subplanner

0.001: (UNSTACK B005 B000) [1]
1.002: (PUTDOWN B005) [1]
2.003: (UNSTACK B000 B016) [1]
3.004: (PUTDOWN B000) [1]
4.005: (UNSTACK B016 B015) [1]
5.006: (STACK B016 B010) [1]
6.007: (UNSTACK B001 B002) [1]
7.008: (STACK B001 B015) [1]
8.009: (UNSTACK B001 B015) [1]
9.010: (PUTDOWN B001) [1]
10.011: (UNSTACK B016 B010) [1]
11.012: (PUTDOWN B016) [1]
12.013: (UNSTACK B010 B006) [1]
13.014: (STACK B010 B014) [1]
14.015: (UNSTACK B015 B008) [1]
15.016: (STACK B015 B006) [1]
16.017: (UNSTACK B015 B006) [1]
17.018: (STACK B015 B010) [1]
18.019: (UNSTACK B006 B012) [1]
19.020: (STACK B006 B005) [1]
20.021: (UNSTACK B006 B005) [1]
21.022: (STACK B006 B008) [1]
22.023: (UNSTACK B015 B010) [1]
23.024: (PUTDOWN B015) [1]
24.025: (UNSTACK B010 B014) [1]
25.026: (STACK B010 B006) [1]
26.027: (PICKUP B005) [1]
27.028: (STACK B005 B014) [1]
28.029: (UNSTACK B005 B014) [1]
29.030: (STACK B005 B010) [1]
30.031: (UNSTACK B014 B003) [1]
31.032: (PUTDOWN B014) [1]
32.033: (UNSTACK B005 B010) [1]
33.034: (STACK B005 B014) [1]
34.035: (PICKUP B001) [1]
35.036: (STACK B001 B015) [1]
36.037: (UNSTACK B010 B006) [1]
37.038: (STACK B010 B016) [1]
38.039: (UNSTACK B006 B008) [1]
39.040: (STACK B006 B005) [1]
40.041: (UNSTACK B001 B015) [1]
41.042: (STACK B001 B008) [1]
42.043: (PICKUP B015) [1]
43.044: (STACK B015 B006) [1]
44.045: (UNSTACK B001 B008) [1]
45.046: (STACK B001 B015) [1]
