#
# (C) Copyright 2008, University of Illinois, Urbana-Champaign
#
# All rights reserved. Use of this software is permitted ONLY for
# non-commercial research purposes, and it may be copied only
# for that use only. All copies must include this copyright message.
# This software is made available AS IS, and neither the authors
# nor the University of Illinois, make any warranty about the
# software or its performance.
#

Parsing domain file
 domain 'BLOCKS4' defined
Parsing problem file
 problem 'PROBNAME' defined



checking for cyclic := effects --- OK.


; Time 0.08
; ParsingTime 0.06
; NrActions 22
; MakeSpan
; MetricValue
; PlanningTechnique Modified-FF(enforced hill-climbing search) as the subplanner

0.001: (UNSTACK B011 B016) [1]
1.002: (PUTDOWN B011) [1]
2.003: (UNSTACK B013 B015) [1]
3.004: (STACK B013 B009) [1]
4.005: (UNSTACK B016 B005) [1]
5.006: (STACK B016 B015) [1]
6.007: (UNSTACK B016 B015) [1]
7.008: (PUTDOWN B016) [1]
8.009: (UNSTACK B017 B007) [1]
9.010: (STACK B017 B005) [1]
10.011: (UNSTACK B007 B006) [1]
11.012: (PUTDOWN B007) [1]
12.013: (UNSTACK B006 B014) [1]
13.014: (STACK B006 B016) [1]
14.015: (PICKUP B015) [1]
15.016: (STACK B015 B014) [1]
16.017: (UNSTACK B006 B016) [1]
17.018: (PUTDOWN B006) [1]
18.019: (PICKUP B016) [1]
19.020: (STACK B016 B015) [1]
20.021: (PICKUP B011) [1]
21.022: (STACK B011 B016) [1]
