#
# (C) Copyright 2008, University of Illinois, Urbana-Champaign
#
# All rights reserved. Use of this software is permitted ONLY for
# non-commercial research purposes, and it may be copied only
# for that use only. All copies must include this copyright message.
# This software is made available AS IS, and neither the authors
# nor the University of Illinois, make any warranty about the
# software or its performance.
#

Parsing domain file
 domain 'BLOCKS4' defined
Parsing problem file
 problem 'PROBNAME' defined



checking for cyclic := effects --- OK.


; Time 0.07
; ParsingTime 0.06
; NrActions 10
; MakeSpan
; MetricValue
; PlanningTechnique Modified-FF(enforced hill-climbing search) as the subplanner

0.001: (UNSTACK B010 B009) [1]
1.002: (STACK B010 B014) [1]
2.003: (UNSTACK B009 B005) [1]
3.004: (STACK B009 B017) [1]
4.005: (UNSTACK B009 B017) [1]
5.006: (STACK B009 B011) [1]
6.007: (UNSTACK B017 B008) [1]
7.008: (PUTDOWN B017) [1]
8.009: (UNSTACK B009 B011) [1]
9.010: (STACK B009 B017) [1]
