#
# (C) Copyright 2008, University of Illinois, Urbana-Champaign
#
# All rights reserved. Use of this software is permitted ONLY for
# non-commercial research purposes, and it may be copied only
# for that use only. All copies must include this copyright message.
# This software is made available AS IS, and neither the authors
# nor the University of Illinois, make any warranty about the
# software or its performance.
#

Parsing domain file
 domain 'BLOCKS4' defined
Parsing problem file
 problem 'PROBNAME' defined



checking for cyclic := effects --- OK.


; Time 0.10
; ParsingTime 0.05
; NrActions 20
; MakeSpan
; MetricValue
; PlanningTechnique Modified-FF(enforced hill-climbing search) as the subplanner

0.001: (UNSTACK B014 B003) [1]
1.002: (PUTDOWN B014) [1]
2.003: (UNSTACK B015 B010) [1]
3.004: (PUTDOWN B015) [1]
4.005: (UNSTACK B003 B012) [1]
5.006: (PUTDOWN B003) [1]
6.007: (UNSTACK B010 B016) [1]
7.008: (PUTDOWN B010) [1]
8.009: (UNSTACK B016 B011) [1]
9.010: (PUTDOWN B016) [1]
10.011: (UNSTACK B011 B008) [1]
11.012: (STACK B011 B003) [1]
12.013: (PICKUP B008) [1]
13.014: (STACK B008 B012) [1]
14.015: (UNSTACK B008 B012) [1]
15.016: (PUTDOWN B008) [1]
16.017: (UNSTACK B012 B005) [1]
17.018: (PUTDOWN B012) [1]
18.019: (PICKUP B008) [1]
19.020: (STACK B008 B012) [1]
