#
# (C) Copyright 2008, University of Illinois, Urbana-Champaign
#
# All rights reserved. Use of this software is permitted ONLY for
# non-commercial research purposes, and it may be copied only
# for that use only. All copies must include this copyright message.
# This software is made available AS IS, and neither the authors
# nor the University of Illinois, make any warranty about the
# software or its performance.
#

Parsing domain file
 domain 'BLOCKS4' defined
Parsing problem file
 problem 'PROBNAME' defined



checking for cyclic := effects --- OK.


; Time 0.17
; ParsingTime 0.07
; NrActions 48
; MakeSpan
; MetricValue
; PlanningTechnique Modified-FF(enforced hill-climbing search) as the subplanner

0.001: (UNSTACK B016 B000) [1]
1.002: (PUTDOWN B016) [1]
2.003: (UNSTACK B014 B013) [1]
3.004: (PUTDOWN B014) [1]
4.005: (UNSTACK B013 B007) [1]
5.006: (PUTDOWN B013) [1]
6.007: (UNSTACK B000 B006) [1]
7.008: (STACK B000 B011) [1]
8.009: (UNSTACK B006 B018) [1]
9.010: (STACK B006 B007) [1]
10.011: (UNSTACK B006 B007) [1]
11.012: (PUTDOWN B006) [1]
12.013: (UNSTACK B000 B011) [1]
13.014: (STACK B000 B018) [1]
14.015: (UNSTACK B011 B001) [1]
15.016: (STACK B011 B008) [1]
16.017: (UNSTACK B007 B015) [1]
17.018: (STACK B007 B001) [1]
18.019: (UNSTACK B007 B001) [1]
19.020: (PUTDOWN B007) [1]
20.021: (UNSTACK B011 B008) [1]
21.022: (STACK B011 B015) [1]
22.023: (UNSTACK B008 B012) [1]
23.024: (STACK B008 B006) [1]
24.025: (UNSTACK B012 B003) [1]
25.026: (PUTDOWN B012) [1]
26.027: (UNSTACK B003 B005) [1]
27.028: (STACK B003 B011) [1]
28.029: (UNSTACK B001 B004) [1]
29.030: (STACK B001 B005) [1]
30.031: (UNSTACK B001 B005) [1]
31.032: (STACK B001 B004) [1]
32.033: (UNSTACK B005 B002) [1]
33.034: (STACK B005 B000) [1]
34.035: (UNSTACK B005 B000) [1]
35.036: (STACK B005 B001) [1]
36.037: (UNSTACK B000 B018) [1]
37.038: (PUTDOWN B000) [1]
38.039: (UNSTACK B005 B001) [1]
39.040: (STACK B005 B000) [1]
40.041: (UNSTACK B001 B004) [1]
41.042: (STACK B001 B005) [1]
42.043: (PICKUP B007) [1]
43.044: (STACK B007 B001) [1]
44.045: (UNSTACK B008 B006) [1]
45.046: (STACK B008 B002) [1]
46.047: (PICKUP B006) [1]
47.048: (STACK B006 B007) [1]
