#
# (C) Copyright 2008, University of Illinois, Urbana-Champaign
#
# All rights reserved. Use of this software is permitted ONLY for
# non-commercial research purposes, and it may be copied only
# for that use only. All copies must include this copyright message.
# This software is made available AS IS, and neither the authors
# nor the University of Illinois, make any warranty about the
# software or its performance.
#

Parsing domain file
 domain 'BLOCKS4' defined
Parsing problem file
 problem 'PROBNAME' defined



checking for cyclic := effects --- OK.


; Time 0.10
; ParsingTime 0.07
; NrActions 32
; MakeSpan
; MetricValue
; PlanningTechnique Modified-FF(enforced hill-climbing search) as the subplanner

0.001: (UNSTACK B006 B001) [1]
1.002: (PUTDOWN B006) [1]
2.003: (UNSTACK B002 B000) [1]
3.004: (STACK B002 B006) [1]
4.005: (UNSTACK B000 B011) [1]
5.006: (STACK B000 B001) [1]
6.007: (UNSTACK B000 B001) [1]
7.008: (PUTDOWN B000) [1]
8.009: (UNSTACK B008 B003) [1]
9.010: (STACK B008 B011) [1]
10.011: (UNSTACK B003 B009) [1]
11.012: (PUTDOWN B003) [1]
12.013: (UNSTACK B009 B005) [1]
13.014: (STACK B009 B000) [1]
14.015: (UNSTACK B001 B013) [1]
15.016: (STACK B001 B005) [1]
16.017: (UNSTACK B001 B005) [1]
17.018: (STACK B001 B013) [1]
18.019: (UNSTACK B005 B007) [1]
19.020: (STACK B005 B002) [1]
20.021: (UNSTACK B005 B002) [1]
21.022: (STACK B005 B001) [1]
22.023: (UNSTACK B002 B006) [1]
23.024: (STACK B002 B007) [1]
24.025: (UNSTACK B005 B001) [1]
25.026: (STACK B005 B002) [1]
26.027: (UNSTACK B001 B013) [1]
27.028: (STACK B001 B005) [1]
28.029: (UNSTACK B009 B000) [1]
29.030: (PUTDOWN B009) [1]
30.031: (PICKUP B000) [1]
31.032: (STACK B000 B001) [1]
