#
# (C) Copyright 2008, University of Illinois, Urbana-Champaign
#
# All rights reserved. Use of this software is permitted ONLY for
# non-commercial research purposes, and it may be copied only
# for that use only. All copies must include this copyright message.
# This software is made available AS IS, and neither the authors
# nor the University of Illinois, make any warranty about the
# software or its performance.
#

Parsing domain file
 domain 'BLOCKS4' defined
Parsing problem file
 problem 'PROBNAME' defined



checking for cyclic := effects --- OK.


; Time 0.12
; ParsingTime 0.07
; NrActions 34
; MakeSpan
; MetricValue
; PlanningTechnique Modified-FF(enforced hill-climbing search) as the subplanner

0.001: (UNSTACK B002 B004) [1]
1.002: (PUTDOWN B002) [1]
2.003: (UNSTACK B010 B006) [1]
3.004: (PUTDOWN B010) [1]
4.005: (UNSTACK B006 B013) [1]
5.006: (PUTDOWN B006) [1]
6.007: (UNSTACK B013 B014) [1]
7.008: (STACK B013 B011) [1]
8.009: (UNSTACK B004 B001) [1]
9.010: (STACK B004 B014) [1]
10.011: (UNSTACK B004 B014) [1]
11.012: (PUTDOWN B004) [1]
12.013: (UNSTACK B013 B011) [1]
13.014: (PUTDOWN B013) [1]
14.015: (UNSTACK B011 B009) [1]
15.016: (STACK B011 B001) [1]
16.017: (UNSTACK B009 B008) [1]
17.018: (STACK B009 B011) [1]
18.019: (UNSTACK B014 B000) [1]
19.020: (STACK B014 B008) [1]
20.021: (UNSTACK B014 B008) [1]
21.022: (STACK B014 B009) [1]
22.023: (UNSTACK B008 B007) [1]
23.024: (STACK B008 B006) [1]
24.025: (UNSTACK B008 B006) [1]
25.026: (STACK B008 B007) [1]
26.027: (PICKUP B006) [1]
27.028: (STACK B006 B013) [1]
28.029: (UNSTACK B008 B007) [1]
29.030: (STACK B008 B006) [1]
30.031: (UNSTACK B014 B009) [1]
31.032: (STACK B014 B008) [1]
32.033: (PICKUP B004) [1]
33.034: (STACK B004 B014) [1]
