#
# (C) Copyright 2008, University of Illinois, Urbana-Champaign
#
# All rights reserved. Use of this software is permitted ONLY for
# non-commercial research purposes, and it may be copied only
# for that use only. All copies must include this copyright message.
# This software is made available AS IS, and neither the authors
# nor the University of Illinois, make any warranty about the
# software or its performance.
#

Parsing domain file
 domain 'BLOCKS4' defined
Parsing problem file
 problem 'PROBNAME' defined



checking for cyclic := effects --- OK.


; Time 0.11
; ParsingTime 0.08
; NrActions 32
; MakeSpan
; MetricValue
; PlanningTechnique Modified-FF(enforced hill-climbing search) as the subplanner

0.001: (UNSTACK B003 B000) [1]
1.002: (PUTDOWN B003) [1]
2.003: (UNSTACK B012 B015) [1]
3.004: (PUTDOWN B012) [1]
4.005: (UNSTACK B015 B016) [1]
5.006: (PUTDOWN B015) [1]
6.007: (UNSTACK B016 B011) [1]
7.008: (STACK B016 B003) [1]
8.009: (UNSTACK B000 B005) [1]
9.010: (STACK B000 B011) [1]
10.011: (UNSTACK B000 B011) [1]
11.012: (PUTDOWN B000) [1]
12.013: (UNSTACK B014 B018) [1]
13.014: (STACK B014 B000) [1]
14.015: (UNSTACK B011 B010) [1]
15.016: (STACK B011 B018) [1]
16.017: (UNSTACK B011 B018) [1]
17.018: (STACK B011 B005) [1]
18.019: (UNSTACK B018 B021) [1]
19.020: (STACK B018 B020) [1]
20.021: (UNSTACK B018 B020) [1]
21.022: (STACK B018 B007) [1]
22.023: (UNSTACK B020 B019) [1]
23.024: (STACK B020 B021) [1]
24.025: (UNSTACK B018 B007) [1]
25.026: (STACK B018 B020) [1]
26.027: (UNSTACK B011 B005) [1]
27.028: (STACK B011 B018) [1]
28.029: (UNSTACK B014 B000) [1]
29.030: (STACK B014 B010) [1]
30.031: (PICKUP B000) [1]
31.032: (STACK B000 B011) [1]
