#
# (C) Copyright 2008, University of Illinois, Urbana-Champaign
#
# All rights reserved. Use of this software is permitted ONLY for
# non-commercial research purposes, and it may be copied only
# for that use only. All copies must include this copyright message.
# This software is made available AS IS, and neither the authors
# nor the University of Illinois, make any warranty about the
# software or its performance.
#

Parsing domain file
 domain 'BLOCKS4' defined
Parsing problem file
 problem 'PROBNAME' defined



checking for cyclic := effects --- OK.


; Time 0.32
; ParsingTime 0.08
; NrActions 60
; MakeSpan
; MetricValue
; PlanningTechnique Modified-FF(enforced hill-climbing search) as the subplanner

0.001: (UNSTACK B016 B015) [1]
1.002: (PUTDOWN B016) [1]
2.003: (UNSTACK B010 B006) [1]
3.004: (PUTDOWN B010) [1]
4.005: (UNSTACK B015 B020) [1]
5.006: (PUTDOWN B015) [1]
6.007: (UNSTACK B020 B017) [1]
7.008: (STACK B020 B015) [1]
8.009: (UNSTACK B006 B003) [1]
9.010: (STACK B006 B017) [1]
10.011: (UNSTACK B006 B017) [1]
11.012: (PUTDOWN B006) [1]
12.013: (UNSTACK B001 B008) [1]
13.014: (STACK B001 B003) [1]
14.015: (UNSTACK B008 B007) [1]
15.016: (PUTDOWN B008) [1]
16.017: (UNSTACK B007 B002) [1]
17.018: (PUTDOWN B007) [1]
18.019: (UNSTACK B002 B005) [1]
19.020: (STACK B002 B020) [1]
20.021: (UNSTACK B017 B011) [1]
21.022: (STACK B017 B005) [1]
22.023: (UNSTACK B017 B005) [1]
23.024: (PUTDOWN B017) [1]
24.025: (UNSTACK B018 B004) [1]
25.026: (STACK B018 B011) [1]
26.027: (UNSTACK B004 B013) [1]
27.028: (STACK B004 B002) [1]
28.029: (UNSTACK B013 B019) [1]
29.030: (STACK B013 B017) [1]
30.031: (PICKUP B005) [1]
31.032: (STACK B005 B019) [1]
32.033: (UNSTACK B005 B019) [1]
33.034: (STACK B005 B021) [1]
34.035: (UNSTACK B004 B002) [1]
35.036: (STACK B004 B005) [1]
36.037: (UNSTACK B002 B020) [1]
37.038: (STACK B002 B016) [1]
38.039: (UNSTACK B019 B000) [1]
39.040: (STACK B019 B020) [1]
40.041: (UNSTACK B019 B020) [1]
41.042: (STACK B019 B000) [1]
42.043: (UNSTACK B020 B015) [1]
43.044: (PUTDOWN B020) [1]
44.045: (UNSTACK B019 B000) [1]
45.046: (STACK B019 B020) [1]
46.047: (UNSTACK B013 B017) [1]
47.048: (STACK B013 B000) [1]
48.049: (PICKUP B006) [1]
49.050: (STACK B006 B017) [1]
50.051: (UNSTACK B004 B005) [1]
51.052: (STACK B004 B002) [1]
52.053: (UNSTACK B005 B021) [1]
53.054: (STACK B005 B019) [1]
54.055: (UNSTACK B006 B017) [1]
55.056: (PUTDOWN B006) [1]
56.057: (PICKUP B017) [1]
57.058: (STACK B017 B005) [1]
58.059: (PICKUP B006) [1]
59.060: (STACK B006 B017) [1]
