#
# (C) Copyright 2008, University of Illinois, Urbana-Champaign
#
# All rights reserved. Use of this software is permitted ONLY for
# non-commercial research purposes, and it may be copied only
# for that use only. All copies must include this copyright message.
# This software is made available AS IS, and neither the authors
# nor the University of Illinois, make any warranty about the
# software or its performance.
#

Parsing domain file
 domain 'BLOCKS4' defined
Parsing problem file
 problem 'PROBNAME' defined



checking for cyclic := effects --- OK.


; Time 0.11
; ParsingTime 0.08
; NrActions 20
; MakeSpan
; MetricValue
; PlanningTechnique Modified-FF(enforced hill-climbing search) as the subplanner

0.001: (UNSTACK B021 B020) [1]
1.002: (STACK B021 B017) [1]
2.003: (UNSTACK B021 B017) [1]
3.004: (PUTDOWN B021) [1]
4.005: (UNSTACK B017 B014) [1]
5.006: (PUTDOWN B017) [1]
6.007: (UNSTACK B014 B018) [1]
7.008: (PUTDOWN B014) [1]
8.009: (UNSTACK B018 B019) [1]
9.010: (STACK B018 B011) [1]
10.011: (PICKUP B017) [1]
11.012: (STACK B017 B019) [1]
12.013: (UNSTACK B017 B019) [1]
13.014: (STACK B017 B020) [1]
14.015: (UNSTACK B019 B016) [1]
15.016: (PUTDOWN B019) [1]
16.017: (UNSTACK B017 B020) [1]
17.018: (STACK B017 B019) [1]
18.019: (PICKUP B021) [1]
19.020: (STACK B021 B017) [1]
