#
# (C) Copyright 2008, University of Illinois, Urbana-Champaign
#
# All rights reserved. Use of this software is permitted ONLY for
# non-commercial research purposes, and it may be copied only
# for that use only. All copies must include this copyright message.
# This software is made available AS IS, and neither the authors
# nor the University of Illinois, make any warranty about the
# software or its performance.
#

Parsing domain file
 domain 'BLOCKS4' defined
Parsing problem file
 problem 'PROBNAME' defined



checking for cyclic := effects --- OK.


; Time 0.16
; ParsingTime 0.08
; NrActions 38
; MakeSpan
; MetricValue
; PlanningTechnique Modified-FF(enforced hill-climbing search) as the subplanner

0.001: (UNSTACK B006 B009) [1]
1.002: (PUTDOWN B006) [1]
2.003: (UNSTACK B009 B014) [1]
3.004: (PUTDOWN B009) [1]
4.005: (UNSTACK B014 B004) [1]
5.006: (STACK B014 B018) [1]
6.007: (PICKUP B004) [1]
7.008: (STACK B004 B009) [1]
8.009: (UNSTACK B004 B009) [1]
9.010: (STACK B004 B021) [1]
10.011: (UNSTACK B002 B007) [1]
11.012: (STACK B002 B004) [1]
12.013: (UNSTACK B007 B000) [1]
13.014: (PUTDOWN B007) [1]
14.015: (UNSTACK B000 B008) [1]
15.016: (STACK B000 B010) [1]
16.017: (PICKUP B009) [1]
17.018: (STACK B009 B008) [1]
18.019: (UNSTACK B009 B008) [1]
19.020: (STACK B009 B000) [1]
20.021: (UNSTACK B008 B003) [1]
21.022: (STACK B008 B007) [1]
22.023: (UNSTACK B008 B007) [1]
23.024: (STACK B008 B003) [1]
24.025: (PICKUP B007) [1]
25.026: (STACK B007 B002) [1]
26.027: (UNSTACK B007 B002) [1]
27.028: (STACK B007 B015) [1]
28.029: (UNSTACK B002 B004) [1]
29.030: (PUTDOWN B002) [1]
30.031: (UNSTACK B007 B015) [1]
31.032: (STACK B007 B002) [1]
32.033: (UNSTACK B008 B003) [1]
33.034: (STACK B008 B007) [1]
34.035: (UNSTACK B009 B000) [1]
35.036: (STACK B009 B008) [1]
36.037: (UNSTACK B004 B021) [1]
37.038: (STACK B004 B009) [1]
