#
# (C) Copyright 2008, University of Illinois, Urbana-Champaign
#
# All rights reserved. Use of this software is permitted ONLY for
# non-commercial research purposes, and it may be copied only
# for that use only. All copies must include this copyright message.
# This software is made available AS IS, and neither the authors
# nor the University of Illinois, make any warranty about the
# software or its performance.
#

Parsing domain file
 domain 'BLOCKS4' defined
Parsing problem file
 problem 'PROBNAME' defined



checking for cyclic := effects --- OK.


; Time 0.26
; ParsingTime 0.08
; NrActions 50
; MakeSpan
; MetricValue
; PlanningTechnique Modified-FF(enforced hill-climbing search) as the subplanner

0.001: (UNSTACK B015 B021) [1]
1.002: (PUTDOWN B015) [1]
2.003: (UNSTACK B002 B003) [1]
3.004: (PUTDOWN B002) [1]
4.005: (UNSTACK B021 B020) [1]
5.006: (PUTDOWN B021) [1]
6.007: (UNSTACK B003 B006) [1]
7.008: (PUTDOWN B003) [1]
8.009: (UNSTACK B020 B018) [1]
9.010: (PUTDOWN B020) [1]
10.011: (UNSTACK B006 B001) [1]
11.012: (PUTDOWN B006) [1]
12.013: (UNSTACK B018 B014) [1]
13.014: (PUTDOWN B018) [1]
14.015: (UNSTACK B001 B005) [1]
15.016: (STACK B001 B018) [1]
16.017: (PICKUP B014) [1]
17.018: (STACK B014 B005) [1]
18.019: (UNSTACK B014 B005) [1]
19.020: (STACK B014 B016) [1]
20.021: (UNSTACK B010 B011) [1]
21.022: (STACK B010 B021) [1]
22.023: (PICKUP B005) [1]
23.024: (STACK B005 B011) [1]
24.025: (UNSTACK B005 B011) [1]
25.026: (PUTDOWN B005) [1]
26.027: (UNSTACK B011 B004) [1]
27.028: (STACK B011 B015) [1]
28.029: (UNSTACK B011 B015) [1]
29.030: (STACK B011 B005) [1]
30.031: (UNSTACK B013 B012) [1]
31.032: (STACK B013 B014) [1]
32.033: (UNSTACK B012 B000) [1]
33.034: (STACK B012 B020) [1]
34.035: (PICKUP B015) [1]
35.036: (STACK B015 B000) [1]
36.037: (UNSTACK B015 B000) [1]
37.038: (STACK B015 B003) [1]
38.039: (UNSTACK B000 B009) [1]
39.040: (PUTDOWN B000) [1]
40.041: (UNSTACK B015 B003) [1]
41.042: (STACK B015 B000) [1]
42.043: (UNSTACK B011 B005) [1]
43.044: (STACK B011 B015) [1]
44.045: (PICKUP B005) [1]
45.046: (STACK B005 B011) [1]
46.047: (UNSTACK B013 B014) [1]
47.048: (STACK B013 B009) [1]
48.049: (UNSTACK B014 B016) [1]
49.050: (STACK B014 B005) [1]
