#
# (C) Copyright 2008, University of Illinois, Urbana-Champaign
#
# All rights reserved. Use of this software is permitted ONLY for
# non-commercial research purposes, and it may be copied only
# for that use only. All copies must include this copyright message.
# This software is made available AS IS, and neither the authors
# nor the University of Illinois, make any warranty about the
# software or its performance.
#

Parsing domain file
 domain 'BLOCKS4' defined
Parsing problem file
 problem 'PROBNAME' defined



checking for cyclic := effects --- OK.


; Time 0.22
; ParsingTime 0.08
; NrActions 34
; MakeSpan
; MetricValue
; PlanningTechnique Modified-FF(enforced hill-climbing search) as the subplanner

0.001: (UNSTACK B010 B020) [1]
1.002: (PUTDOWN B010) [1]
2.003: (UNSTACK B020 B003) [1]
3.004: (PUTDOWN B020) [1]
4.005: (UNSTACK B003 B018) [1]
5.006: (STACK B003 B009) [1]
6.007: (PICKUP B018) [1]
7.008: (STACK B018 B020) [1]
8.009: (UNSTACK B018 B020) [1]
9.010: (PUTDOWN B018) [1]
10.011: (PICKUP B020) [1]
11.012: (STACK B020 B010) [1]
12.013: (UNSTACK B020 B010) [1]
13.014: (STACK B020 B018) [1]
14.015: (UNSTACK B023 B019) [1]
15.016: (STACK B023 B021) [1]
16.017: (PICKUP B010) [1]
17.018: (STACK B010 B019) [1]
18.019: (UNSTACK B010 B019) [1]
19.020: (STACK B010 B023) [1]
20.021: (UNSTACK B019 B013) [1]
21.022: (PUTDOWN B019) [1]
22.023: (UNSTACK B020 B018) [1]
23.024: (STACK B020 B010) [1]
24.025: (PICKUP B018) [1]
25.026: (STACK B018 B003) [1]
26.027: (UNSTACK B020 B010) [1]
27.028: (STACK B020 B018) [1]
28.029: (UNSTACK B010 B023) [1]
29.030: (STACK B010 B019) [1]
30.031: (UNSTACK B020 B018) [1]
31.032: (STACK B020 B010) [1]
32.033: (UNSTACK B018 B003) [1]
33.034: (STACK B018 B020) [1]
