#
# (C) Copyright 2008, University of Illinois, Urbana-Champaign
#
# All rights reserved. Use of this software is permitted ONLY for
# non-commercial research purposes, and it may be copied only
# for that use only. All copies must include this copyright message.
# This software is made available AS IS, and neither the authors
# nor the University of Illinois, make any warranty about the
# software or its performance.
#

Parsing domain file
 domain 'BLOCKS4' defined
Parsing problem file
 problem 'PROBNAME' defined



checking for cyclic := effects --- OK.


; Time 0.50
; ParsingTime 0.08
; NrActions 50
; MakeSpan
; MetricValue
; PlanningTechnique Modified-FF(enforced hill-climbing search) as the subplanner

0.001: (UNSTACK B012 B019) [1]
1.002: (PUTDOWN B012) [1]
2.003: (UNSTACK B014 B018) [1]
3.004: (PUTDOWN B014) [1]
4.005: (UNSTACK B019 B010) [1]
5.006: (PUTDOWN B019) [1]
6.007: (UNSTACK B018 B016) [1]
7.008: (PUTDOWN B018) [1]
8.009: (UNSTACK B010 B011) [1]
9.010: (PUTDOWN B010) [1]
10.011: (UNSTACK B016 B021) [1]
11.012: (PUTDOWN B016) [1]
12.013: (UNSTACK B011 B017) [1]
13.014: (PUTDOWN B011) [1]
14.015: (UNSTACK B021 B013) [1]
15.016: (STACK B021 B006) [1]
16.017: (PICKUP B017) [1]
17.018: (STACK B017 B013) [1]
18.019: (UNSTACK B017 B013) [1]
19.020: (PUTDOWN B017) [1]
20.021: (PICKUP B013) [1]
21.022: (STACK B013 B014) [1]
22.023: (UNSTACK B013 B014) [1]
23.024: (STACK B013 B015) [1]
24.025: (UNSTACK B021 B006) [1]
25.026: (STACK B021 B017) [1]
26.027: (PICKUP B014) [1]
27.028: (STACK B014 B006) [1]
28.029: (UNSTACK B014 B006) [1]
29.030: (STACK B014 B013) [1]
30.031: (UNSTACK B006 B001) [1]
31.032: (STACK B006 B021) [1]
32.033: (UNSTACK B001 B008) [1]
33.034: (STACK B001 B010) [1]
34.035: (UNSTACK B006 B021) [1]
35.036: (STACK B006 B008) [1]
36.037: (UNSTACK B006 B008) [1]
37.038: (STACK B006 B001) [1]
38.039: (UNSTACK B008 B007) [1]
39.040: (PUTDOWN B008) [1]
40.041: (UNSTACK B006 B001) [1]
41.042: (STACK B006 B008) [1]
42.043: (UNSTACK B014 B013) [1]
43.044: (STACK B014 B006) [1]
44.045: (UNSTACK B013 B015) [1]
45.046: (STACK B013 B014) [1]
46.047: (UNSTACK B021 B017) [1]
47.048: (PUTDOWN B021) [1]
48.049: (PICKUP B017) [1]
49.050: (STACK B017 B013) [1]
