#
# (C) Copyright 2008, University of Illinois, Urbana-Champaign
#
# All rights reserved. Use of this software is permitted ONLY for
# non-commercial research purposes, and it may be copied only
# for that use only. All copies must include this copyright message.
# This software is made available AS IS, and neither the authors
# nor the University of Illinois, make any warranty about the
# software or its performance.
#

Parsing domain file
 domain 'BLOCKS4' defined
Parsing problem file
 problem 'PROBNAME' defined



checking for cyclic := effects --- OK.


; Time 0.56
; ParsingTime 0.09
; NrActions 44
; MakeSpan
; MetricValue
; PlanningTechnique Modified-FF(enforced hill-climbing search) as the subplanner

0.001: (UNSTACK B007 B017) [1]
1.002: (PUTDOWN B007) [1]
2.003: (UNSTACK B001 B013) [1]
3.004: (PUTDOWN B001) [1]
4.005: (UNSTACK B017 B008) [1]
5.006: (PUTDOWN B017) [1]
6.007: (UNSTACK B013 B012) [1]
7.008: (PUTDOWN B013) [1]
8.009: (UNSTACK B012 B000) [1]
9.010: (PUTDOWN B012) [1]
10.011: (UNSTACK B000 B005) [1]
11.012: (STACK B000 B021) [1]
12.013: (UNSTACK B008 B020) [1]
13.014: (STACK B008 B005) [1]
14.015: (UNSTACK B008 B005) [1]
15.016: (PUTDOWN B008) [1]
16.017: (UNSTACK B000 B021) [1]
17.018: (PUTDOWN B000) [1]
18.019: (UNSTACK B021 B003) [1]
19.020: (STACK B021 B000) [1]
20.021: (UNSTACK B003 B022) [1]
21.022: (STACK B003 B020) [1]
22.023: (UNSTACK B022 B014) [1]
23.024: (PUTDOWN B022) [1]
24.025: (UNSTACK B014 B002) [1]
25.026: (STACK B014 B022) [1]
26.027: (PICKUP B005) [1]
27.028: (STACK B005 B002) [1]
28.029: (UNSTACK B005 B002) [1]
29.030: (PUTDOWN B005) [1]
30.031: (PICKUP B002) [1]
31.032: (STACK B002 B001) [1]
32.033: (UNSTACK B002 B001) [1]
33.034: (STACK B002 B010) [1]
34.035: (UNSTACK B021 B000) [1]
35.036: (STACK B021 B003) [1]
36.037: (PICKUP B001) [1]
37.038: (STACK B001 B000) [1]
38.039: (UNSTACK B002 B010) [1]
39.040: (STACK B002 B001) [1]
40.041: (PICKUP B005) [1]
41.042: (STACK B005 B002) [1]
42.043: (PICKUP B008) [1]
43.044: (STACK B008 B005) [1]
