#
# (C) Copyright 2008, University of Illinois, Urbana-Champaign
#
# All rights reserved. Use of this software is permitted ONLY for
# non-commercial research purposes, and it may be copied only
# for that use only. All copies must include this copyright message.
# This software is made available AS IS, and neither the authors
# nor the University of Illinois, make any warranty about the
# software or its performance.
#

Parsing domain file
 domain 'BLOCKS4' defined
Parsing problem file
 problem 'PROBNAME' defined



checking for cyclic := effects --- OK.


; Time 0.11
; ParsingTime 0.08
; NrActions 20
; MakeSpan
; MetricValue
; PlanningTechnique Modified-FF(enforced hill-climbing search) as the subplanner

0.001: (UNSTACK B021 B024) [1]
1.002: (PUTDOWN B021) [1]
2.003: (UNSTACK B007 B008) [1]
3.004: (PUTDOWN B007) [1]
4.005: (UNSTACK B024 B020) [1]
5.006: (STACK B024 B007) [1]
6.007: (UNSTACK B008 B003) [1]
7.008: (STACK B008 B020) [1]
8.009: (UNSTACK B008 B020) [1]
9.010: (STACK B008 B003) [1]
10.011: (UNSTACK B020 B022) [1]
11.012: (STACK B020 B013) [1]
12.013: (UNSTACK B020 B013) [1]
13.014: (STACK B020 B008) [1]
14.015: (UNSTACK B013 B006) [1]
15.016: (PUTDOWN B013) [1]
16.017: (UNSTACK B020 B008) [1]
17.018: (STACK B020 B013) [1]
18.019: (UNSTACK B008 B003) [1]
19.020: (STACK B008 B020) [1]
