#
# (C) Copyright 2008, University of Illinois, Urbana-Champaign
#
# All rights reserved. Use of this software is permitted ONLY for
# non-commercial research purposes, and it may be copied only
# for that use only. All copies must include this copyright message.
# This software is made available AS IS, and neither the authors
# nor the University of Illinois, make any warranty about the
# software or its performance.
#

Parsing domain file
 domain 'BLOCKS4' defined
Parsing problem file
 problem 'PROBNAME' defined



checking for cyclic := effects --- OK.


; Time 0.37
; ParsingTime 0.09
; NrActions 46
; MakeSpan
; MetricValue
; PlanningTechnique Modified-FF(enforced hill-climbing search) as the subplanner

0.001: (UNSTACK B002 B016) [1]
1.002: (PUTDOWN B002) [1]
2.003: (UNSTACK B012 B024) [1]
3.004: (PUTDOWN B012) [1]
4.005: (UNSTACK B016 B006) [1]
5.006: (PUTDOWN B016) [1]
6.007: (UNSTACK B006 B017) [1]
7.008: (PUTDOWN B006) [1]
8.009: (UNSTACK B017 B020) [1]
9.010: (STACK B017 B012) [1]
10.011: (PICKUP B024) [1]
11.012: (STACK B024 B020) [1]
12.013: (UNSTACK B024 B020) [1]
13.014: (PUTDOWN B024) [1]
14.015: (PICKUP B020) [1]
15.016: (STACK B020 B023) [1]
16.017: (UNSTACK B020 B023) [1]
17.018: (STACK B020 B002) [1]
18.019: (UNSTACK B022 B019) [1]
19.020: (STACK B022 B020) [1]
20.021: (UNSTACK B019 B011) [1]
21.022: (STACK B019 B024) [1]
22.023: (UNSTACK B023 B014) [1]
23.024: (STACK B023 B011) [1]
24.025: (UNSTACK B023 B011) [1]
25.026: (STACK B023 B019) [1]
26.027: (PICKUP B011) [1]
27.028: (STACK B011 B014) [1]
28.029: (UNSTACK B011 B014) [1]
29.030: (PUTDOWN B011) [1]
30.031: (UNSTACK B014 B010) [1]
31.032: (PUTDOWN B014) [1]
32.033: (UNSTACK B023 B019) [1]
33.034: (STACK B023 B017) [1]
34.035: (PICKUP B011) [1]
35.036: (STACK B011 B014) [1]
36.037: (UNSTACK B023 B017) [1]
37.038: (STACK B023 B011) [1]
38.039: (UNSTACK B019 B024) [1]
39.040: (STACK B019 B017) [1]
40.041: (UNSTACK B022 B020) [1]
41.042: (STACK B022 B006) [1]
42.043: (UNSTACK B020 B002) [1]
43.044: (STACK B020 B023) [1]
44.045: (PICKUP B024) [1]
45.046: (STACK B024 B020) [1]
