#
# (C) Copyright 2008, University of Illinois, Urbana-Champaign
#
# All rights reserved. Use of this software is permitted ONLY for
# non-commercial research purposes, and it may be copied only
# for that use only. All copies must include this copyright message.
# This software is made available AS IS, and neither the authors
# nor the University of Illinois, make any warranty about the
# software or its performance.
#

Parsing domain file
 domain 'BLOCKS4' defined
Parsing problem file
 problem 'PROBNAME' defined



checking for cyclic := effects --- OK.


; Time 0.17
; ParsingTime 0.09
; NrActions 32
; MakeSpan
; MetricValue
; PlanningTechnique Modified-FF(enforced hill-climbing search) as the subplanner

0.001: (UNSTACK B017 B004) [1]
1.002: (PUTDOWN B017) [1]
2.003: (UNSTACK B004 B002) [1]
3.004: (STACK B004 B022) [1]
4.005: (UNSTACK B002 B008) [1]
5.006: (STACK B002 B004) [1]
6.007: (UNSTACK B002 B004) [1]
7.008: (STACK B002 B001) [1]
8.009: (UNSTACK B004 B022) [1]
9.010: (STACK B004 B017) [1]
10.011: (UNSTACK B004 B017) [1]
11.012: (STACK B004 B022) [1]
12.013: (PICKUP B017) [1]
13.014: (STACK B017 B008) [1]
14.015: (UNSTACK B017 B008) [1]
15.016: (STACK B017 B002) [1]
16.017: (UNSTACK B023 B003) [1]
17.018: (PUTDOWN B023) [1]
18.019: (UNSTACK B003 B006) [1]
19.020: (PUTDOWN B003) [1]
20.021: (UNSTACK B006 B021) [1]
21.022: (PUTDOWN B006) [1]
22.023: (UNSTACK B021 B011) [1]
23.024: (STACK B021 B006) [1]
24.025: (UNSTACK B008 B014) [1]
25.026: (STACK B008 B011) [1]
26.027: (UNSTACK B017 B002) [1]
27.028: (STACK B017 B008) [1]
28.029: (UNSTACK B004 B022) [1]
29.030: (STACK B004 B017) [1]
30.031: (UNSTACK B002 B001) [1]
31.032: (STACK B002 B004) [1]
