#
# (C) Copyright 2008, University of Illinois, Urbana-Champaign
#
# All rights reserved. Use of this software is permitted ONLY for
# non-commercial research purposes, and it may be copied only
# for that use only. All copies must include this copyright message.
# This software is made available AS IS, and neither the authors
# nor the University of Illinois, make any warranty about the
# software or its performance.
#

Parsing domain file
 domain 'BLOCKS4' defined
Parsing problem file
 problem 'PROBNAME' defined



checking for cyclic := effects --- OK.


; Time 0.17
; ParsingTime 0.08
; NrActions 34
; MakeSpan
; MetricValue
; PlanningTechnique Modified-FF(enforced hill-climbing search) as the subplanner

0.001: (UNSTACK B018 B013) [1]
1.002: (PUTDOWN B018) [1]
2.003: (UNSTACK B017 B012) [1]
3.004: (PUTDOWN B017) [1]
4.005: (UNSTACK B012 B005) [1]
5.006: (STACK B012 B018) [1]
6.007: (UNSTACK B013 B016) [1]
7.008: (STACK B013 B005) [1]
8.009: (UNSTACK B013 B005) [1]
9.010: (PUTDOWN B013) [1]
10.011: (UNSTACK B007 B008) [1]
11.012: (STACK B007 B013) [1]
12.013: (UNSTACK B005 B022) [1]
13.014: (STACK B005 B008) [1]
14.015: (UNSTACK B005 B008) [1]
15.016: (PUTDOWN B005) [1]
16.017: (UNSTACK B024 B015) [1]
17.018: (STACK B024 B022) [1]
18.019: (UNSTACK B015 B019) [1]
19.020: (STACK B015 B016) [1]
20.021: (UNSTACK B008 B009) [1]
21.022: (STACK B008 B019) [1]
22.023: (UNSTACK B008 B019) [1]
23.024: (STACK B008 B005) [1]
24.025: (UNSTACK B019 B023) [1]
25.026: (PUTDOWN B019) [1]
26.027: (UNSTACK B008 B005) [1]
27.028: (STACK B008 B019) [1]
28.029: (PICKUP B005) [1]
29.030: (STACK B005 B008) [1]
30.031: (UNSTACK B007 B013) [1]
31.032: (STACK B007 B023) [1]
32.033: (PICKUP B013) [1]
33.034: (STACK B013 B005) [1]
