#
# (C) Copyright 2008, University of Illinois, Urbana-Champaign
#
# All rights reserved. Use of this software is permitted ONLY for
# non-commercial research purposes, and it may be copied only
# for that use only. All copies must include this copyright message.
# This software is made available AS IS, and neither the authors
# nor the University of Illinois, make any warranty about the
# software or its performance.
#

Parsing domain file
 domain 'BLOCKS4' defined
Parsing problem file
 problem 'PROBNAME' defined



checking for cyclic := effects --- OK.


; Time 0.13
; ParsingTime 0.10
; NrActions 8
; MakeSpan
; MetricValue
; PlanningTechnique Modified-FF(enforced hill-climbing search) as the subplanner

0.001: (UNSTACK B024 B022) [1]
1.002: (PUTDOWN B024) [1]
2.003: (UNSTACK B022 B021) [1]
3.004: (PUTDOWN B022) [1]
4.005: (UNSTACK B021 B020) [1]
5.006: (STACK B021 B022) [1]
6.007: (UNSTACK B020 B025) [1]
7.008: (PUTDOWN B020) [1]
