#
# (C) Copyright 2008, University of Illinois, Urbana-Champaign
#
# All rights reserved. Use of this software is permitted ONLY for
# non-commercial research purposes, and it may be copied only
# for that use only. All copies must include this copyright message.
# This software is made available AS IS, and neither the authors
# nor the University of Illinois, make any warranty about the
# software or its performance.
#

Parsing domain file
 domain 'BLOCKS4' defined
Parsing problem file
 problem 'PROBNAME' defined



checking for cyclic := effects --- OK.


; Time 0.33
; ParsingTime 0.09
; NrActions 36
; MakeSpan
; MetricValue
; PlanningTechnique Modified-FF(enforced hill-climbing search) as the subplanner

0.001: (UNSTACK B001 B011) [1]
1.002: (PUTDOWN B001) [1]
2.003: (UNSTACK B011 B002) [1]
3.004: (PUTDOWN B011) [1]
4.005: (UNSTACK B002 B005) [1]
5.006: (PUTDOWN B002) [1]
6.007: (UNSTACK B005 B004) [1]
7.008: (STACK B005 B006) [1]
8.009: (PICKUP B004) [1]
9.010: (STACK B004 B002) [1]
10.011: (UNSTACK B004 B002) [1]
11.012: (STACK B004 B026) [1]
12.013: (UNSTACK B012 B010) [1]
13.014: (STACK B012 B004) [1]
14.015: (UNSTACK B010 B009) [1]
15.016: (STACK B010 B005) [1]
16.017: (UNSTACK B009 B003) [1]
17.018: (PUTDOWN B009) [1]
18.019: (UNSTACK B003 B016) [1]
19.020: (STACK B003 B019) [1]
20.021: (PICKUP B002) [1]
21.022: (STACK B002 B016) [1]
22.023: (UNSTACK B002 B016) [1]
23.024: (STACK B002 B013) [1]
24.025: (PICKUP B016) [1]
25.026: (STACK B016 B009) [1]
26.027: (UNSTACK B002 B013) [1]
27.028: (STACK B002 B016) [1]
28.029: (UNSTACK B010 B005) [1]
29.030: (STACK B010 B003) [1]
30.031: (UNSTACK B012 B004) [1]
31.032: (PUTDOWN B012) [1]
32.033: (UNSTACK B004 B026) [1]
33.034: (STACK B004 B002) [1]
34.035: (UNSTACK B005 B006) [1]
35.036: (STACK B005 B004) [1]
