#
# (C) Copyright 2008, University of Illinois, Urbana-Champaign
#
# All rights reserved. Use of this software is permitted ONLY for
# non-commercial research purposes, and it may be copied only
# for that use only. All copies must include this copyright message.
# This software is made available AS IS, and neither the authors
# nor the University of Illinois, make any warranty about the
# software or its performance.
#

Parsing domain file
 domain 'BLOCKS4' defined
Parsing problem file
 problem 'PROBNAME' defined



checking for cyclic := effects --- OK.


; Time 0.18
; ParsingTime 0.10
; NrActions 16
; MakeSpan
; MetricValue
; PlanningTechnique Modified-FF(enforced hill-climbing search) as the subplanner

0.001: (UNSTACK B022 B020) [1]
1.002: (PUTDOWN B022) [1]
2.003: (UNSTACK B021 B026) [1]
3.004: (PUTDOWN B021) [1]
4.005: (UNSTACK B020 B029) [1]
5.006: (PUTDOWN B020) [1]
6.007: (UNSTACK B026 B023) [1]
7.008: (STACK B026 B020) [1]
8.009: (PICKUP B023) [1]
9.010: (STACK B023 B029) [1]
10.011: (UNSTACK B023 B029) [1]
11.012: (PUTDOWN B023) [1]
12.013: (UNSTACK B029 B025) [1]
13.014: (PUTDOWN B029) [1]
14.015: (PICKUP B023) [1]
15.016: (STACK B023 B029) [1]
