#
# (C) Copyright 2008, University of Illinois, Urbana-Champaign
#
# All rights reserved. Use of this software is permitted ONLY for
# non-commercial research purposes, and it may be copied only
# for that use only. All copies must include this copyright message.
# This software is made available AS IS, and neither the authors
# nor the University of Illinois, make any warranty about the
# software or its performance.
#

Parsing domain file
 domain 'BLOCKS4' defined
Parsing problem file
 problem 'PROBNAME' defined



checking for cyclic := effects --- OK.


; Time 0.36
; ParsingTime 0.09
; NrActions 38
; MakeSpan
; MetricValue
; PlanningTechnique Modified-FF(enforced hill-climbing search) as the subplanner

0.001: (UNSTACK B011 B007) [1]
1.002: (PUTDOWN B011) [1]
2.003: (UNSTACK B006 B003) [1]
3.004: (PUTDOWN B006) [1]
4.005: (UNSTACK B007 B002) [1]
5.006: (PUTDOWN B007) [1]
6.007: (UNSTACK B003 B005) [1]
7.008: (PUTDOWN B003) [1]
8.009: (UNSTACK B002 B000) [1]
9.010: (STACK B002 B007) [1]
10.011: (UNSTACK B000 B014) [1]
11.012: (STACK B000 B005) [1]
12.013: (UNSTACK B000 B005) [1]
13.014: (STACK B000 B014) [1]
14.015: (UNSTACK B005 B004) [1]
15.016: (STACK B005 B003) [1]
16.017: (UNSTACK B005 B003) [1]
17.018: (STACK B005 B000) [1]
18.019: (PICKUP B003) [1]
19.020: (STACK B003 B006) [1]
20.021: (UNSTACK B003 B006) [1]
21.022: (STACK B003 B004) [1]
22.023: (UNSTACK B002 B007) [1]
23.024: (STACK B002 B011) [1]
24.025: (PICKUP B006) [1]
25.026: (STACK B006 B007) [1]
26.027: (UNSTACK B005 B000) [1]
27.028: (STACK B005 B003) [1]
28.029: (UNSTACK B000 B014) [1]
29.030: (PUTDOWN B000) [1]
30.031: (UNSTACK B005 B003) [1]
31.032: (STACK B005 B014) [1]
32.033: (UNSTACK B003 B004) [1]
33.034: (STACK B003 B006) [1]
34.035: (UNSTACK B005 B014) [1]
35.036: (STACK B005 B003) [1]
36.037: (PICKUP B000) [1]
37.038: (STACK B000 B005) [1]
