#
# (C) Copyright 2008, University of Illinois, Urbana-Champaign
#
# All rights reserved. Use of this software is permitted ONLY for
# non-commercial research purposes, and it may be copied only
# for that use only. All copies must include this copyright message.
# This software is made available AS IS, and neither the authors
# nor the University of Illinois, make any warranty about the
# software or its performance.
#

Parsing domain file
 domain 'BLOCKS4' defined
Parsing problem file
 problem 'PROBNAME' defined



checking for cyclic := effects --- OK.


; Time 0.36
; ParsingTime 0.10
; NrActions 48
; MakeSpan
; MetricValue
; PlanningTechnique Modified-FF(enforced hill-climbing search) as the subplanner

0.001: (UNSTACK B026 B004) [1]
1.002: (PUTDOWN B026) [1]
2.003: (UNSTACK B004 B019) [1]
3.004: (PUTDOWN B004) [1]
4.005: (UNSTACK B019 B020) [1]
5.006: (PUTDOWN B019) [1]
6.007: (UNSTACK B020 B016) [1]
7.008: (STACK B020 B008) [1]
8.009: (PICKUP B016) [1]
9.010: (STACK B016 B019) [1]
10.011: (UNSTACK B016 B019) [1]
11.012: (STACK B016 B026) [1]
12.013: (UNSTACK B012 B006) [1]
13.014: (STACK B012 B016) [1]
14.015: (UNSTACK B006 B010) [1]
15.016: (STACK B006 B000) [1]
16.017: (PICKUP B019) [1]
17.018: (STACK B019 B010) [1]
18.019: (UNSTACK B019 B010) [1]
19.020: (PUTDOWN B019) [1]
20.021: (UNSTACK B020 B008) [1]
21.022: (PUTDOWN B020) [1]
22.023: (UNSTACK B008 B027) [1]
23.024: (STACK B008 B020) [1]
24.025: (UNSTACK B027 B025) [1]
25.026: (PUTDOWN B027) [1]
26.027: (UNSTACK B025 B018) [1]
27.028: (STACK B025 B027) [1]
28.029: (UNSTACK B010 B014) [1]
29.030: (STACK B010 B018) [1]
30.031: (UNSTACK B010 B018) [1]
31.032: (STACK B010 B025) [1]
32.033: (UNSTACK B018 B007) [1]
33.034: (STACK B018 B017) [1]
34.035: (UNSTACK B018 B017) [1]
35.036: (STACK B018 B007) [1]
36.037: (UNSTACK B017 B013) [1]
37.038: (PUTDOWN B017) [1]
38.039: (UNSTACK B018 B007) [1]
39.040: (STACK B018 B017) [1]
40.041: (UNSTACK B010 B025) [1]
41.042: (STACK B010 B018) [1]
42.043: (PICKUP B019) [1]
43.044: (STACK B019 B010) [1]
44.045: (UNSTACK B012 B016) [1]
45.046: (STACK B012 B007) [1]
46.047: (UNSTACK B016 B026) [1]
47.048: (STACK B016 B019) [1]
