#
# (C) Copyright 2008, University of Illinois, Urbana-Champaign
#
# All rights reserved. Use of this software is permitted ONLY for
# non-commercial research purposes, and it may be copied only
# for that use only. All copies must include this copyright message.
# This software is made available AS IS, and neither the authors
# nor the University of Illinois, make any warranty about the
# software or its performance.
#

Parsing domain file
 domain 'BLOCKS4' defined
Parsing problem file
 problem 'PROBNAME' defined



checking for cyclic := effects --- OK.


; Time 0.29
; ParsingTime 0.10
; NrActions 32
; MakeSpan
; MetricValue
; PlanningTechnique Modified-FF(enforced hill-climbing search) as the subplanner

0.001: (UNSTACK B021 B023) [1]
1.002: (PUTDOWN B021) [1]
2.003: (UNSTACK B018 B016) [1]
3.004: (PUTDOWN B018) [1]
4.005: (UNSTACK B023 B024) [1]
5.006: (PUTDOWN B023) [1]
6.007: (UNSTACK B024 B022) [1]
7.008: (STACK B024 B011) [1]
8.009: (UNSTACK B022 B020) [1]
9.010: (STACK B022 B016) [1]
10.011: (UNSTACK B022 B016) [1]
11.012: (PUTDOWN B022) [1]
12.013: (UNSTACK B008 B013) [1]
13.014: (STACK B008 B020) [1]
14.015: (UNSTACK B013 B002) [1]
15.016: (STACK B013 B022) [1]
16.017: (UNSTACK B002 B014) [1]
17.018: (PUTDOWN B002) [1]
18.019: (UNSTACK B014 B017) [1]
19.020: (STACK B014 B029) [1]
20.021: (UNSTACK B016 B003) [1]
21.022: (STACK B016 B017) [1]
22.023: (UNSTACK B016 B017) [1]
23.024: (STACK B016 B019) [1]
24.025: (PICKUP B017) [1]
25.026: (STACK B017 B021) [1]
26.027: (UNSTACK B016 B019) [1]
27.028: (STACK B016 B017) [1]
28.029: (UNSTACK B013 B022) [1]
29.030: (STACK B013 B014) [1]
30.031: (PICKUP B022) [1]
31.032: (STACK B022 B016) [1]
