#
# (C) Copyright 2008, University of Illinois, Urbana-Champaign
#
# All rights reserved. Use of this software is permitted ONLY for
# non-commercial research purposes, and it may be copied only
# for that use only. All copies must include this copyright message.
# This software is made available AS IS, and neither the authors
# nor the University of Illinois, make any warranty about the
# software or its performance.
#

Parsing domain file
 domain 'BLOCKS4' defined
Parsing problem file
 problem 'PROBNAME' defined



checking for cyclic := effects --- OK.


; Time 0.45
; ParsingTime 0.10
; NrActions 42
; MakeSpan
; MetricValue
; PlanningTechnique Modified-FF(enforced hill-climbing search) as the subplanner

0.001: (UNSTACK B025 B027) [1]
1.002: (PUTDOWN B025) [1]
2.003: (UNSTACK B027 B024) [1]
3.004: (PUTDOWN B027) [1]
4.005: (UNSTACK B024 B020) [1]
5.006: (STACK B024 B013) [1]
6.007: (UNSTACK B016 B006) [1]
7.008: (STACK B016 B020) [1]
8.009: (UNSTACK B016 B020) [1]
9.010: (STACK B016 B024) [1]
10.011: (UNSTACK B029 B028) [1]
11.012: (PUTDOWN B029) [1]
12.013: (UNSTACK B028 B021) [1]
13.014: (STACK B028 B008) [1]
14.015: (UNSTACK B020 B026) [1]
15.016: (STACK B020 B021) [1]
16.017: (UNSTACK B020 B021) [1]
17.018: (PUTDOWN B020) [1]
18.019: (UNSTACK B016 B024) [1]
19.020: (STACK B016 B026) [1]
20.021: (UNSTACK B024 B013) [1]
21.022: (PUTDOWN B024) [1]
22.023: (UNSTACK B013 B010) [1]
23.024: (STACK B013 B020) [1]
24.025: (UNSTACK B010 B017) [1]
25.026: (PUTDOWN B010) [1]
26.027: (UNSTACK B017 B018) [1]
27.028: (STACK B017 B010) [1]
28.029: (PICKUP B021) [1]
29.030: (STACK B021 B018) [1]
30.031: (UNSTACK B021 B018) [1]
31.032: (PUTDOWN B021) [1]
32.033: (UNSTACK B018 B019) [1]
33.034: (PUTDOWN B018) [1]
34.035: (PICKUP B021) [1]
35.036: (STACK B021 B018) [1]
36.037: (UNSTACK B013 B020) [1]
37.038: (STACK B013 B019) [1]
38.039: (PICKUP B020) [1]
39.040: (STACK B020 B021) [1]
40.041: (UNSTACK B016 B026) [1]
41.042: (STACK B016 B020) [1]
