#
# (C) Copyright 2008, University of Illinois, Urbana-Champaign
#
# All rights reserved. Use of this software is permitted ONLY for
# non-commercial research purposes, and it may be copied only
# for that use only. All copies must include this copyright message.
# This software is made available AS IS, and neither the authors
# nor the University of Illinois, make any warranty about the
# software or its performance.
#

Parsing domain file
 domain 'BLOCKS4' defined
Parsing problem file
 problem 'PROBNAME' defined



checking for cyclic := effects --- OK.


; Time 0.22
; ParsingTime 0.11
; NrActions 34
; MakeSpan
; MetricValue
; PlanningTechnique Modified-FF(enforced hill-climbing search) as the subplanner

0.001: (UNSTACK B000 B001) [1]
1.002: (PUTDOWN B000) [1]
2.003: (UNSTACK B001 B007) [1]
3.004: (PUTDOWN B001) [1]
4.005: (UNSTACK B007 B002) [1]
5.006: (STACK B007 B028) [1]
6.007: (UNSTACK B002 B004) [1]
7.008: (STACK B002 B000) [1]
8.009: (UNSTACK B002 B000) [1]
9.010: (STACK B002 B007) [1]
10.011: (PICKUP B000) [1]
11.012: (STACK B000 B004) [1]
12.013: (UNSTACK B000 B004) [1]
13.014: (STACK B000 B002) [1]
14.015: (UNSTACK B015 B012) [1]
15.016: (PUTDOWN B015) [1]
16.017: (UNSTACK B012 B003) [1]
17.018: (STACK B012 B001) [1]
18.019: (PICKUP B004) [1]
19.020: (STACK B004 B003) [1]
20.021: (UNSTACK B004 B003) [1]
21.022: (STACK B004 B008) [1]
22.023: (UNSTACK B012 B001) [1]
23.024: (STACK B012 B000) [1]
24.025: (UNSTACK B003 B018) [1]
25.026: (STACK B003 B001) [1]
26.027: (UNSTACK B004 B008) [1]
27.028: (STACK B004 B003) [1]
28.029: (UNSTACK B012 B000) [1]
29.030: (STACK B012 B018) [1]
30.031: (UNSTACK B000 B002) [1]
31.032: (STACK B000 B004) [1]
32.033: (UNSTACK B002 B007) [1]
33.034: (STACK B002 B000) [1]
