#
# (C) Copyright 2008, University of Illinois, Urbana-Champaign
#
# All rights reserved. Use of this software is permitted ONLY for
# non-commercial research purposes, and it may be copied only
# for that use only. All copies must include this copyright message.
# This software is made available AS IS, and neither the authors
# nor the University of Illinois, make any warranty about the
# software or its performance.
#

Parsing domain file
 domain 'BLOCKS4' defined
Parsing problem file
 problem 'PROBNAME' defined



checking for cyclic := effects --- OK.


; Time 0.27
; ParsingTime 0.09
; NrActions 44
; MakeSpan
; MetricValue
; PlanningTechnique Modified-FF(enforced hill-climbing search) as the subplanner

0.001: (UNSTACK B006 B002) [1]
1.002: (PUTDOWN B006) [1]
2.003: (UNSTACK B002 B011) [1]
3.004: (PUTDOWN B002) [1]
4.005: (UNSTACK B011 B017) [1]
5.006: (STACK B011 B022) [1]
6.007: (PICKUP B017) [1]
7.008: (STACK B017 B004) [1]
8.009: (UNSTACK B017 B004) [1]
9.010: (STACK B017 B009) [1]
10.011: (UNSTACK B019 B010) [1]
11.012: (STACK B019 B017) [1]
12.013: (UNSTACK B010 B025) [1]
13.014: (PUTDOWN B010) [1]
14.015: (UNSTACK B025 B024) [1]
15.016: (PUTDOWN B025) [1]
16.017: (UNSTACK B024 B012) [1]
17.018: (STACK B024 B025) [1]
18.019: (UNSTACK B004 B003) [1]
19.020: (STACK B004 B012) [1]
20.021: (UNSTACK B004 B012) [1]
21.022: (STACK B004 B019) [1]
22.023: (PICKUP B012) [1]
23.024: (STACK B012 B010) [1]
24.025: (UNSTACK B012 B010) [1]
25.026: (STACK B012 B004) [1]
26.027: (UNSTACK B011 B022) [1]
27.028: (STACK B011 B024) [1]
28.029: (PICKUP B010) [1]
29.030: (STACK B010 B022) [1]
30.031: (UNSTACK B010 B022) [1]
31.032: (STACK B010 B028) [1]
32.033: (UNSTACK B022 B021) [1]
33.034: (PUTDOWN B022) [1]
34.035: (UNSTACK B010 B028) [1]
35.036: (STACK B010 B022) [1]
36.037: (UNSTACK B012 B004) [1]
37.038: (STACK B012 B010) [1]
38.039: (UNSTACK B004 B019) [1]
39.040: (STACK B004 B012) [1]
40.041: (UNSTACK B019 B017) [1]
41.042: (STACK B019 B011) [1]
42.043: (UNSTACK B017 B009) [1]
43.044: (STACK B017 B004) [1]
