#
# (C) Copyright 2008, University of Illinois, Urbana-Champaign
#
# All rights reserved. Use of this software is permitted ONLY for
# non-commercial research purposes, and it may be copied only
# for that use only. All copies must include this copyright message.
# This software is made available AS IS, and neither the authors
# nor the University of Illinois, make any warranty about the
# software or its performance.
#

Parsing domain file
 domain 'BLOCKS4' defined
Parsing problem file
 problem 'PROBNAME' defined



checking for cyclic := effects --- OK.


; Time 0.31
; ParsingTime 0.11
; NrActions 36
; MakeSpan
; MetricValue
; PlanningTechnique Modified-FF(enforced hill-climbing search) as the subplanner

0.001: (UNSTACK B012 B019) [1]
1.002: (PUTDOWN B012) [1]
2.003: (UNSTACK B019 B022) [1]
3.004: (STACK B019 B005) [1]
4.005: (UNSTACK B022 B010) [1]
5.006: (STACK B022 B020) [1]
6.007: (UNSTACK B022 B020) [1]
7.008: (PUTDOWN B022) [1]
8.009: (UNSTACK B014 B008) [1]
9.010: (STACK B014 B024) [1]
10.011: (UNSTACK B020 B030) [1]
11.012: (STACK B020 B008) [1]
12.013: (UNSTACK B020 B008) [1]
13.014: (STACK B020 B010) [1]
14.015: (UNSTACK B026 B031) [1]
15.016: (STACK B026 B022) [1]
16.017: (UNSTACK B031 B021) [1]
17.018: (STACK B031 B019) [1]
18.019: (UNSTACK B008 B016) [1]
19.020: (STACK B008 B021) [1]
20.021: (UNSTACK B008 B021) [1]
21.022: (PUTDOWN B008) [1]
22.023: (UNSTACK B020 B010) [1]
23.024: (STACK B020 B016) [1]
24.025: (UNSTACK B010 B009) [1]
25.026: (STACK B010 B012) [1]
26.027: (UNSTACK B021 B027) [1]
27.028: (STACK B021 B009) [1]
28.029: (PICKUP B008) [1]
29.030: (STACK B008 B021) [1]
30.031: (UNSTACK B020 B016) [1]
31.032: (STACK B020 B008) [1]
32.033: (UNSTACK B026 B022) [1]
33.034: (STACK B026 B027) [1]
34.035: (PICKUP B022) [1]
35.036: (STACK B022 B020) [1]
