#
# (C) Copyright 2008, University of Illinois, Urbana-Champaign
#
# All rights reserved. Use of this software is permitted ONLY for
# non-commercial research purposes, and it may be copied only
# for that use only. All copies must include this copyright message.
# This software is made available AS IS, and neither the authors
# nor the University of Illinois, make any warranty about the
# software or its performance.
#

Parsing domain file
 domain 'BLOCKS4' defined
Parsing problem file
 problem 'PROBNAME' defined



checking for cyclic := effects --- OK.


; Time 0.54
; ParsingTime 0.11
; NrActions 54
; MakeSpan
; MetricValue
; PlanningTechnique Modified-FF(enforced hill-climbing search) as the subplanner

0.001: (UNSTACK B009 B006) [1]
1.002: (PUTDOWN B009) [1]
2.003: (UNSTACK B006 B012) [1]
3.004: (PUTDOWN B006) [1]
4.005: (UNSTACK B012 B008) [1]
5.006: (STACK B012 B023) [1]
6.007: (UNSTACK B008 B004) [1]
7.008: (STACK B008 B011) [1]
8.009: (UNSTACK B008 B011) [1]
9.010: (PUTDOWN B008) [1]
10.011: (UNSTACK B020 B016) [1]
11.012: (STACK B020 B004) [1]
12.013: (UNSTACK B016 B017) [1]
13.014: (STACK B016 B008) [1]
14.015: (UNSTACK B017 B013) [1]
15.016: (STACK B017 B016) [1]
16.017: (UNSTACK B011 B014) [1]
17.018: (STACK B011 B013) [1]
18.019: (UNSTACK B011 B013) [1]
19.020: (STACK B011 B012) [1]
20.021: (UNSTACK B017 B016) [1]
21.022: (STACK B017 B014) [1]
22.023: (UNSTACK B013 B019) [1]
23.024: (STACK B013 B016) [1]
24.025: (UNSTACK B013 B016) [1]
25.026: (PUTDOWN B013) [1]
26.027: (UNSTACK B017 B014) [1]
27.028: (STACK B017 B019) [1]
28.029: (UNSTACK B014 B002) [1]
29.030: (STACK B014 B013) [1]
30.031: (UNSTACK B002 B015) [1]
31.032: (STACK B002 B014) [1]
32.033: (UNSTACK B016 B008) [1]
33.034: (STACK B016 B015) [1]
34.035: (UNSTACK B016 B015) [1]
35.036: (STACK B016 B002) [1]
36.037: (UNSTACK B015 B005) [1]
37.038: (PUTDOWN B015) [1]
38.039: (UNSTACK B016 B002) [1]
39.040: (STACK B016 B015) [1]
40.041: (PICKUP B008) [1]
41.042: (STACK B008 B011) [1]
42.043: (UNSTACK B002 B014) [1]
43.044: (STACK B002 B005) [1]
44.045: (UNSTACK B014 B013) [1]
45.046: (PUTDOWN B014) [1]
46.047: (PICKUP B013) [1]
47.048: (STACK B013 B016) [1]
48.049: (UNSTACK B008 B011) [1]
49.050: (PUTDOWN B008) [1]
50.051: (UNSTACK B011 B012) [1]
51.052: (STACK B011 B013) [1]
52.053: (PICKUP B008) [1]
53.054: (STACK B008 B011) [1]
