#
# (C) Copyright 2008, University of Illinois, Urbana-Champaign
#
# All rights reserved. Use of this software is permitted ONLY for
# non-commercial research purposes, and it may be copied only
# for that use only. All copies must include this copyright message.
# This software is made available AS IS, and neither the authors
# nor the University of Illinois, make any warranty about the
# software or its performance.
#

Parsing domain file
 domain 'BLOCKS4' defined
Parsing problem file
 problem 'PROBNAME' defined



checking for cyclic := effects --- OK.


; Time 0.86
; ParsingTime 0.10
; NrActions 42
; MakeSpan
; MetricValue
; PlanningTechnique Modified-FF(enforced hill-climbing search) as the subplanner

0.001: (UNSTACK B000 B006) [1]
1.002: (PUTDOWN B000) [1]
2.003: (UNSTACK B006 B005) [1]
3.004: (STACK B006 B015) [1]
4.005: (UNSTACK B005 B004) [1]
5.006: (STACK B005 B003) [1]
6.007: (UNSTACK B005 B003) [1]
7.008: (STACK B005 B025) [1]
8.009: (UNSTACK B003 B011) [1]
9.010: (STACK B003 B004) [1]
10.011: (UNSTACK B003 B004) [1]
11.012: (STACK B003 B005) [1]
12.013: (UNSTACK B017 B019) [1]
13.014: (PUTDOWN B017) [1]
14.015: (UNSTACK B019 B018) [1]
15.016: (PUTDOWN B019) [1]
16.017: (UNSTACK B018 B002) [1]
17.018: (STACK B018 B019) [1]
18.019: (UNSTACK B004 B010) [1]
19.020: (STACK B004 B002) [1]
20.021: (UNSTACK B004 B002) [1]
21.022: (PUTDOWN B004) [1]
22.023: (UNSTACK B011 B007) [1]
23.024: (STACK B011 B010) [1]
24.025: (UNSTACK B007 B012) [1]
25.026: (PUTDOWN B007) [1]
26.027: (UNSTACK B012 B009) [1]
27.028: (STACK B012 B018) [1]
28.029: (UNSTACK B002 B008) [1]
29.030: (STACK B002 B009) [1]
30.031: (UNSTACK B003 B005) [1]
31.032: (STACK B003 B004) [1]
32.033: (UNSTACK B005 B025) [1]
33.034: (STACK B005 B008) [1]
34.035: (UNSTACK B003 B004) [1]
35.036: (STACK B003 B012) [1]
36.037: (PICKUP B004) [1]
37.038: (STACK B004 B002) [1]
38.039: (UNSTACK B003 B012) [1]
39.040: (STACK B003 B004) [1]
40.041: (UNSTACK B005 B008) [1]
41.042: (STACK B005 B003) [1]
