#
# (C) Copyright 2008, University of Illinois, Urbana-Champaign
#
# All rights reserved. Use of this software is permitted ONLY for
# non-commercial research purposes, and it may be copied only
# for that use only. All copies must include this copyright message.
# This software is made available AS IS, and neither the authors
# nor the University of Illinois, make any warranty about the
# software or its performance.
#

Parsing domain file
 domain 'BLOCKS4' defined
Parsing problem file
 problem 'PROBNAME' defined



checking for cyclic := effects --- OK.


; Time 0.86
; ParsingTime 0.10
; NrActions 48
; MakeSpan
; MetricValue
; PlanningTechnique Modified-FF(enforced hill-climbing search) as the subplanner

0.001: (UNSTACK B008 B009) [1]
1.002: (PUTDOWN B008) [1]
2.003: (UNSTACK B009 B023) [1]
3.004: (PUTDOWN B009) [1]
4.005: (UNSTACK B023 B013) [1]
5.006: (STACK B023 B029) [1]
6.007: (UNSTACK B010 B018) [1]
7.008: (STACK B010 B013) [1]
8.009: (UNSTACK B010 B013) [1]
9.010: (STACK B010 B023) [1]
10.011: (UNSTACK B001 B015) [1]
11.012: (STACK B001 B021) [1]
12.013: (UNSTACK B013 B007) [1]
13.014: (STACK B013 B015) [1]
14.015: (UNSTACK B013 B015) [1]
15.016: (PUTDOWN B013) [1]
16.017: (UNSTACK B018 B014) [1]
17.018: (STACK B018 B007) [1]
18.019: (UNSTACK B014 B026) [1]
19.020: (PUTDOWN B014) [1]
20.021: (UNSTACK B026 B011) [1]
21.022: (STACK B026 B024) [1]
22.023: (UNSTACK B015 B022) [1]
23.024: (STACK B015 B011) [1]
24.025: (UNSTACK B015 B011) [1]
25.026: (STACK B015 B013) [1]
26.027: (UNSTACK B026 B024) [1]
27.028: (PUTDOWN B026) [1]
28.029: (UNSTACK B024 B003) [1]
29.030: (STACK B024 B026) [1]
30.031: (UNSTACK B003 B004) [1]
31.032: (PUTDOWN B003) [1]
32.033: (UNSTACK B004 B012) [1]
33.034: (STACK B004 B003) [1]
34.035: (PICKUP B011) [1]
35.036: (STACK B011 B012) [1]
36.037: (UNSTACK B011 B012) [1]
37.038: (PUTDOWN B011) [1]
38.039: (UNSTACK B012 B025) [1]
39.040: (PUTDOWN B012) [1]
40.041: (PICKUP B011) [1]
41.042: (STACK B011 B012) [1]
42.043: (UNSTACK B015 B013) [1]
43.044: (STACK B015 B011) [1]
44.045: (PICKUP B013) [1]
45.046: (STACK B013 B015) [1]
46.047: (UNSTACK B010 B023) [1]
47.048: (STACK B010 B013) [1]
