#
# (C) Copyright 2008, University of Illinois, Urbana-Champaign
#
# All rights reserved. Use of this software is permitted ONLY for
# non-commercial research purposes, and it may be copied only
# for that use only. All copies must include this copyright message.
# This software is made available AS IS, and neither the authors
# nor the University of Illinois, make any warranty about the
# software or its performance.
#

Parsing domain file
 domain 'BLOCKS4' defined
Parsing problem file
 problem 'PROBNAME' defined



checking for cyclic := effects --- OK.


; Time 0.69
; ParsingTime 0.11
; NrActions 44
; MakeSpan
; MetricValue
; PlanningTechnique Modified-FF(enforced hill-climbing search) as the subplanner

0.001: (UNSTACK B007 B001) [1]
1.002: (PUTDOWN B007) [1]
2.003: (UNSTACK B000 B012) [1]
3.004: (PUTDOWN B000) [1]
4.005: (UNSTACK B012 B002) [1]
5.006: (PUTDOWN B012) [1]
6.007: (UNSTACK B001 B003) [1]
7.008: (STACK B001 B012) [1]
8.009: (UNSTACK B002 B006) [1]
9.010: (STACK B002 B003) [1]
10.011: (UNSTACK B002 B003) [1]
11.012: (STACK B002 B006) [1]
12.013: (UNSTACK B003 B005) [1]
13.014: (STACK B003 B013) [1]
14.015: (UNSTACK B003 B013) [1]
15.016: (PUTDOWN B003) [1]
16.017: (UNSTACK B009 B010) [1]
17.018: (STACK B009 B005) [1]
18.019: (UNSTACK B010 B011) [1]
19.020: (PUTDOWN B010) [1]
20.021: (UNSTACK B011 B008) [1]
21.022: (PUTDOWN B011) [1]
22.023: (UNSTACK B008 B016) [1]
23.024: (STACK B008 B002) [1]
24.025: (UNSTACK B013 B017) [1]
25.026: (STACK B013 B016) [1]
26.027: (UNSTACK B013 B016) [1]
27.028: (STACK B013 B003) [1]
28.029: (UNSTACK B008 B002) [1]
29.030: (PUTDOWN B008) [1]
30.031: (UNSTACK B002 B006) [1]
31.032: (PUTDOWN B002) [1]
32.033: (UNSTACK B006 B004) [1]
33.034: (STACK B006 B002) [1]
34.035: (PICKUP B016) [1]
35.036: (STACK B016 B004) [1]
36.037: (UNSTACK B013 B003) [1]
37.038: (STACK B013 B016) [1]
38.039: (PICKUP B003) [1]
39.040: (STACK B003 B013) [1]
40.041: (UNSTACK B006 B002) [1]
41.042: (PUTDOWN B006) [1]
42.043: (PICKUP B002) [1]
43.044: (STACK B002 B003) [1]
