#
# (C) Copyright 2008, University of Illinois, Urbana-Champaign
#
# All rights reserved. Use of this software is permitted ONLY for
# non-commercial research purposes, and it may be copied only
# for that use only. All copies must include this copyright message.
# This software is made available AS IS, and neither the authors
# nor the University of Illinois, make any warranty about the
# software or its performance.
#

Parsing domain file
 domain 'BLOCKS4' defined
Parsing problem file
 problem 'PROBNAME' defined



checking for cyclic := effects --- OK.


; Time 0.40
; ParsingTime 0.11
; NrActions 40
; MakeSpan
; MetricValue
; PlanningTechnique Modified-FF(enforced hill-climbing search) as the subplanner

0.001: (UNSTACK B023 B015) [1]
1.002: (PUTDOWN B023) [1]
2.003: (UNSTACK B015 B007) [1]
3.004: (STACK B015 B004) [1]
4.005: (UNSTACK B000 B002) [1]
5.006: (STACK B000 B007) [1]
6.007: (UNSTACK B000 B007) [1]
7.008: (PUTDOWN B000) [1]
8.009: (UNSTACK B015 B004) [1]
9.010: (PUTDOWN B015) [1]
10.011: (UNSTACK B004 B008) [1]
11.012: (STACK B004 B010) [1]
12.013: (UNSTACK B007 B003) [1]
13.014: (STACK B007 B008) [1]
14.015: (UNSTACK B007 B008) [1]
15.016: (PUTDOWN B007) [1]
16.017: (UNSTACK B030 B025) [1]
17.018: (STACK B030 B003) [1]
18.019: (UNSTACK B025 B027) [1]
19.020: (PUTDOWN B025) [1]
20.021: (UNSTACK B027 B017) [1]
21.022: (STACK B027 B004) [1]
22.023: (UNSTACK B008 B013) [1]
23.024: (STACK B008 B017) [1]
24.025: (UNSTACK B008 B017) [1]
25.026: (STACK B008 B013) [1]
26.027: (UNSTACK B017 B021) [1]
27.028: (STACK B017 B002) [1]
28.029: (UNSTACK B017 B002) [1]
29.030: (STACK B017 B008) [1]
30.031: (UNSTACK B002 B001) [1]
31.032: (PUTDOWN B002) [1]
32.033: (UNSTACK B017 B008) [1]
33.034: (STACK B017 B002) [1]
34.035: (UNSTACK B008 B013) [1]
35.036: (STACK B008 B017) [1]
36.037: (PICKUP B007) [1]
37.038: (STACK B007 B008) [1]
38.039: (PICKUP B000) [1]
39.040: (STACK B000 B007) [1]
