#
# (C) Copyright 2008, University of Illinois, Urbana-Champaign
#
# All rights reserved. Use of this software is permitted ONLY for
# non-commercial research purposes, and it may be copied only
# for that use only. All copies must include this copyright message.
# This software is made available AS IS, and neither the authors
# nor the University of Illinois, make any warranty about the
# software or its performance.
#

Parsing domain file
 domain 'BLOCKS4' defined
Parsing problem file
 problem 'PROBNAME' defined



checking for cyclic := effects --- OK.


; Time 0.25
; ParsingTime 0.11
; NrActions 20
; MakeSpan
; MetricValue
; PlanningTechnique Modified-FF(enforced hill-climbing search) as the subplanner

0.001: (UNSTACK B012 B001) [1]
1.002: (STACK B012 B019) [1]
2.003: (UNSTACK B012 B019) [1]
3.004: (PUTDOWN B012) [1]
4.005: (UNSTACK B030 B033) [1]
5.006: (PUTDOWN B030) [1]
6.007: (UNSTACK B033 B016) [1]
7.008: (STACK B033 B028) [1]
8.009: (UNSTACK B019 B025) [1]
9.010: (STACK B019 B016) [1]
10.011: (UNSTACK B019 B016) [1]
11.012: (PUTDOWN B019) [1]
12.013: (UNSTACK B027 B032) [1]
13.014: (STACK B027 B020) [1]
14.015: (UNSTACK B016 B010) [1]
15.016: (STACK B016 B032) [1]
16.017: (PICKUP B019) [1]
17.018: (STACK B019 B016) [1]
18.019: (PICKUP B012) [1]
19.020: (STACK B012 B019) [1]
