#
# (C) Copyright 2008, University of Illinois, Urbana-Champaign
#
# All rights reserved. Use of this software is permitted ONLY for
# non-commercial research purposes, and it may be copied only
# for that use only. All copies must include this copyright message.
# This software is made available AS IS, and neither the authors
# nor the University of Illinois, make any warranty about the
# software or its performance.
#

Parsing domain file
 domain 'BLOCKS4' defined
Parsing problem file
 problem 'PROBNAME' defined



checking for cyclic := effects --- OK.


; Time 0.47
; ParsingTime 0.11
; NrActions 38
; MakeSpan
; MetricValue
; PlanningTechnique Modified-FF(enforced hill-climbing search) as the subplanner

0.001: (UNSTACK B027 B009) [1]
1.002: (PUTDOWN B027) [1]
2.003: (UNSTACK B002 B004) [1]
3.004: (PUTDOWN B002) [1]
4.005: (UNSTACK B004 B000) [1]
5.006: (PUTDOWN B004) [1]
6.007: (UNSTACK B000 B007) [1]
7.008: (STACK B000 B031) [1]
8.009: (UNSTACK B009 B005) [1]
9.010: (STACK B009 B007) [1]
10.011: (UNSTACK B009 B007) [1]
11.012: (PUTDOWN B009) [1]
12.013: (UNSTACK B019 B020) [1]
13.014: (STACK B019 B000) [1]
14.015: (UNSTACK B020 B016) [1]
15.016: (PUTDOWN B020) [1]
16.017: (UNSTACK B016 B010) [1]
17.018: (PUTDOWN B016) [1]
18.019: (UNSTACK B010 B001) [1]
19.020: (STACK B010 B016) [1]
20.021: (UNSTACK B007 B006) [1]
21.022: (STACK B007 B001) [1]
22.023: (UNSTACK B007 B001) [1]
23.024: (PUTDOWN B007) [1]
24.025: (UNSTACK B019 B000) [1]
25.026: (STACK B019 B020) [1]
26.027: (PICKUP B001) [1]
27.028: (STACK B001 B000) [1]
28.029: (UNSTACK B001 B000) [1]
29.030: (PUTDOWN B001) [1]
30.031: (UNSTACK B000 B031) [1]
31.032: (STACK B000 B002) [1]
32.033: (PICKUP B001) [1]
33.034: (STACK B001 B000) [1]
34.035: (PICKUP B007) [1]
35.036: (STACK B007 B001) [1]
36.037: (PICKUP B009) [1]
37.038: (STACK B009 B007) [1]
