#
# (C) Copyright 2008, University of Illinois, Urbana-Champaign
#
# All rights reserved. Use of this software is permitted ONLY for
# non-commercial research purposes, and it may be copied only
# for that use only. All copies must include this copyright message.
# This software is made available AS IS, and neither the authors
# nor the University of Illinois, make any warranty about the
# software or its performance.
#

Parsing domain file
 domain 'BLOCKS4' defined
Parsing problem file
 problem 'PROBNAME' defined



checking for cyclic := effects --- OK.


; Time 0.30
; ParsingTime 0.13
; NrActions 36
; MakeSpan
; MetricValue
; PlanningTechnique Modified-FF(enforced hill-climbing search) as the subplanner

0.001: (UNSTACK B026 B033) [1]
1.002: (STACK B026 B023) [1]
2.003: (PICKUP B033) [1]
3.004: (STACK B033 B017) [1]
4.005: (UNSTACK B033 B017) [1]
5.006: (STACK B033 B028) [1]
6.007: (UNSTACK B032 B022) [1]
7.008: (STACK B032 B033) [1]
8.009: (UNSTACK B017 B030) [1]
9.010: (STACK B017 B022) [1]
10.011: (UNSTACK B017 B022) [1]
11.012: (PUTDOWN B017) [1]
12.013: (UNSTACK B026 B023) [1]
13.014: (PUTDOWN B026) [1]
14.015: (UNSTACK B023 B009) [1]
15.016: (PUTDOWN B023) [1]
16.017: (UNSTACK B009 B014) [1]
17.018: (STACK B009 B026) [1]
18.019: (UNSTACK B022 B015) [1]
19.020: (STACK B022 B014) [1]
20.021: (UNSTACK B022 B014) [1]
21.022: (STACK B022 B009) [1]
22.023: (UNSTACK B014 B031) [1]
23.024: (STACK B014 B032) [1]
24.025: (UNSTACK B014 B032) [1]
25.026: (STACK B014 B031) [1]
26.027: (UNSTACK B032 B033) [1]
27.028: (PUTDOWN B032) [1]
28.029: (UNSTACK B014 B031) [1]
29.030: (STACK B014 B032) [1]
30.031: (UNSTACK B022 B009) [1]
31.032: (STACK B022 B014) [1]
32.033: (PICKUP B017) [1]
33.034: (STACK B017 B022) [1]
34.035: (UNSTACK B033 B028) [1]
35.036: (STACK B033 B017) [1]
