#
# (C) Copyright 2008, University of Illinois, Urbana-Champaign
#
# All rights reserved. Use of this software is permitted ONLY for
# non-commercial research purposes, and it may be copied only
# for that use only. All copies must include this copyright message.
# This software is made available AS IS, and neither the authors
# nor the University of Illinois, make any warranty about the
# software or its performance.
#

Parsing domain file
 domain 'BLOCKS4' defined
Parsing problem file
 problem 'PROBNAME' defined



checking for cyclic := effects --- OK.


; Time 0.31
; ParsingTime 0.12
; NrActions 34
; MakeSpan
; MetricValue
; PlanningTechnique Modified-FF(enforced hill-climbing search) as the subplanner

0.001: (UNSTACK B031 B029) [1]
1.002: (PUTDOWN B031) [1]
2.003: (UNSTACK B029 B026) [1]
3.004: (PUTDOWN B029) [1]
4.005: (UNSTACK B026 B014) [1]
5.006: (PUTDOWN B026) [1]
6.007: (UNSTACK B014 B025) [1]
7.008: (STACK B014 B019) [1]
8.009: (PICKUP B025) [1]
9.010: (STACK B025 B026) [1]
10.011: (UNSTACK B025 B026) [1]
11.012: (PUTDOWN B025) [1]
12.013: (PICKUP B026) [1]
13.014: (STACK B026 B028) [1]
14.015: (UNSTACK B026 B028) [1]
15.016: (STACK B026 B006) [1]
16.017: (UNSTACK B028 B027) [1]
17.018: (STACK B028 B029) [1]
18.019: (UNSTACK B028 B029) [1]
19.020: (STACK B028 B031) [1]
20.021: (PICKUP B029) [1]
21.022: (STACK B029 B027) [1]
22.023: (UNSTACK B029 B027) [1]
23.024: (STACK B029 B028) [1]
24.025: (UNSTACK B027 B008) [1]
25.026: (PUTDOWN B027) [1]
26.027: (UNSTACK B029 B028) [1]
27.028: (STACK B029 B027) [1]
28.029: (UNSTACK B028 B031) [1]
29.030: (STACK B028 B029) [1]
30.031: (UNSTACK B026 B006) [1]
31.032: (STACK B026 B028) [1]
32.033: (PICKUP B025) [1]
33.034: (STACK B025 B026) [1]
