#
# (C) Copyright 2008, University of Illinois, Urbana-Champaign
#
# All rights reserved. Use of this software is permitted ONLY for
# non-commercial research purposes, and it may be copied only
# for that use only. All copies must include this copyright message.
# This software is made available AS IS, and neither the authors
# nor the University of Illinois, make any warranty about the
# software or its performance.
#

Parsing domain file
 domain 'BLOCKS4' defined
Parsing problem file
 problem 'PROBNAME' defined



checking for cyclic := effects --- OK.


; Time 0.55
; ParsingTime 0.11
; NrActions 36
; MakeSpan
; MetricValue
; PlanningTechnique Modified-FF(enforced hill-climbing search) as the subplanner

0.001: (UNSTACK B028 B012) [1]
1.002: (PUTDOWN B028) [1]
2.003: (UNSTACK B007 B004) [1]
3.004: (PUTDOWN B007) [1]
4.005: (UNSTACK B012 B011) [1]
5.006: (PUTDOWN B012) [1]
6.007: (UNSTACK B004 B013) [1]
7.008: (STACK B004 B012) [1]
8.009: (UNSTACK B011 B016) [1]
9.010: (STACK B011 B013) [1]
10.011: (UNSTACK B011 B013) [1]
11.012: (PUTDOWN B011) [1]
12.013: (UNSTACK B009 B027) [1]
13.014: (STACK B009 B016) [1]
14.015: (UNSTACK B027 B023) [1]
15.016: (PUTDOWN B027) [1]
16.017: (UNSTACK B023 B010) [1]
17.018: (STACK B023 B011) [1]
18.019: (UNSTACK B013 B018) [1]
19.020: (STACK B013 B010) [1]
20.021: (UNSTACK B013 B010) [1]
21.022: (PUTDOWN B013) [1]
22.023: (UNSTACK B004 B012) [1]
23.024: (STACK B004 B018) [1]
24.025: (UNSTACK B010 B014) [1]
25.026: (STACK B010 B028) [1]
26.027: (PICKUP B014) [1]
27.028: (STACK B014 B012) [1]
28.029: (UNSTACK B010 B028) [1]
29.030: (STACK B010 B014) [1]
30.031: (PICKUP B013) [1]
31.032: (STACK B013 B010) [1]
32.033: (UNSTACK B023 B011) [1]
33.034: (PUTDOWN B023) [1]
34.035: (PICKUP B011) [1]
35.036: (STACK B011 B013) [1]
