#
# (C) Copyright 2008, University of Illinois, Urbana-Champaign
#
# All rights reserved. Use of this software is permitted ONLY for
# non-commercial research purposes, and it may be copied only
# for that use only. All copies must include this copyright message.
# This software is made available AS IS, and neither the authors
# nor the University of Illinois, make any warranty about the
# software or its performance.
#

Parsing domain file
 domain 'BLOCKS4' defined
Parsing problem file
 problem 'PROBNAME' defined



checking for cyclic := effects --- OK.


; Time 0.49
; ParsingTime 0.12
; NrActions 28
; MakeSpan
; MetricValue
; PlanningTechnique Modified-FF(enforced hill-climbing search) as the subplanner

0.001: (UNSTACK B030 B019) [1]
1.002: (STACK B030 B021) [1]
2.003: (UNSTACK B033 B000) [1]
3.004: (STACK B033 B019) [1]
4.005: (UNSTACK B033 B019) [1]
5.006: (PUTDOWN B033) [1]
6.007: (UNSTACK B030 B021) [1]
7.008: (PUTDOWN B030) [1]
8.009: (UNSTACK B021 B023) [1]
9.010: (STACK B021 B018) [1]
10.011: (PICKUP B019) [1]
11.012: (STACK B019 B023) [1]
12.013: (UNSTACK B019 B023) [1]
13.014: (STACK B019 B017) [1]
14.015: (UNSTACK B005 B003) [1]
15.016: (PUTDOWN B005) [1]
16.017: (UNSTACK B003 B008) [1]
17.018: (PUTDOWN B003) [1]
18.019: (UNSTACK B008 B004) [1]
19.020: (PUTDOWN B008) [1]
20.021: (UNSTACK B004 B011) [1]
21.022: (STACK B004 B021) [1]
22.023: (PICKUP B023) [1]
23.024: (STACK B023 B011) [1]
24.025: (UNSTACK B019 B017) [1]
25.026: (STACK B019 B023) [1]
26.027: (PICKUP B033) [1]
27.028: (STACK B033 B019) [1]
