#
# (C) Copyright 2008, University of Illinois, Urbana-Champaign
#
# All rights reserved. Use of this software is permitted ONLY for
# non-commercial research purposes, and it may be copied only
# for that use only. All copies must include this copyright message.
# This software is made available AS IS, and neither the authors
# nor the University of Illinois, make any warranty about the
# software or its performance.
#

Parsing domain file
 domain 'BLOCKS4' defined
Parsing problem file
 problem 'PROBNAME' defined



checking for cyclic := effects --- OK.


; Time 0.33
; ParsingTime 0.12
; NrActions 38
; MakeSpan
; MetricValue
; PlanningTechnique Modified-FF(enforced hill-climbing search) as the subplanner

0.001: (UNSTACK B008 B000) [1]
1.002: (PUTDOWN B008) [1]
2.003: (UNSTACK B000 B003) [1]
3.004: (STACK B000 B032) [1]
4.005: (UNSTACK B020 B018) [1]
5.006: (STACK B020 B003) [1]
6.007: (UNSTACK B020 B003) [1]
7.008: (PUTDOWN B020) [1]
8.009: (UNSTACK B003 B013) [1]
9.010: (STACK B003 B000) [1]
10.011: (UNSTACK B013 B005) [1]
11.012: (STACK B013 B019) [1]
12.013: (UNSTACK B013 B019) [1]
13.014: (PUTDOWN B013) [1]
14.015: (UNSTACK B018 B017) [1]
15.016: (STACK B018 B005) [1]
16.017: (UNSTACK B017 B016) [1]
17.018: (STACK B017 B013) [1]
18.019: (UNSTACK B019 B024) [1]
19.020: (STACK B019 B016) [1]
20.021: (UNSTACK B019 B016) [1]
21.022: (STACK B019 B008) [1]
22.023: (UNSTACK B016 B014) [1]
23.024: (PUTDOWN B016) [1]
24.025: (UNSTACK B019 B008) [1]
25.026: (STACK B019 B016) [1]
26.027: (PICKUP B020) [1]
27.028: (STACK B020 B003) [1]
28.029: (UNSTACK B017 B013) [1]
29.030: (STACK B017 B014) [1]
30.031: (PICKUP B013) [1]
31.032: (STACK B013 B019) [1]
32.033: (UNSTACK B020 B003) [1]
33.034: (STACK B020 B017) [1]
34.035: (UNSTACK B003 B000) [1]
35.036: (STACK B003 B013) [1]
36.037: (UNSTACK B020 B017) [1]
37.038: (STACK B020 B003) [1]
