#
# (C) Copyright 2008, University of Illinois, Urbana-Champaign
#
# All rights reserved. Use of this software is permitted ONLY for
# non-commercial research purposes, and it may be copied only
# for that use only. All copies must include this copyright message.
# This software is made available AS IS, and neither the authors
# nor the University of Illinois, make any warranty about the
# software or its performance.
#

Parsing domain file
 domain 'BLOCKS4' defined
Parsing problem file
 problem 'PROBNAME' defined



checking for cyclic := effects --- OK.


; Time 0.43
; ParsingTime 0.12
; NrActions 36
; MakeSpan
; MetricValue
; PlanningTechnique Modified-FF(enforced hill-climbing search) as the subplanner

0.001: (UNSTACK B028 B030) [1]
1.002: (PUTDOWN B028) [1]
2.003: (UNSTACK B030 B034) [1]
3.004: (PUTDOWN B030) [1]
4.005: (UNSTACK B034 B027) [1]
5.006: (PUTDOWN B034) [1]
6.007: (UNSTACK B027 B033) [1]
7.008: (STACK B027 B034) [1]
8.009: (PICKUP B033) [1]
9.010: (STACK B033 B030) [1]
10.011: (UNSTACK B033 B030) [1]
11.012: (PUTDOWN B033) [1]
12.013: (PICKUP B030) [1]
13.014: (STACK B030 B035) [1]
14.015: (UNSTACK B030 B035) [1]
15.016: (STACK B030 B033) [1]
16.017: (UNSTACK B031 B026) [1]
17.018: (STACK B031 B027) [1]
18.019: (UNSTACK B026 B029) [1]
19.020: (PUTDOWN B026) [1]
20.021: (UNSTACK B029 B032) [1]
21.022: (STACK B029 B030) [1]
22.023: (PICKUP B035) [1]
23.024: (STACK B035 B032) [1]
24.025: (UNSTACK B035 B032) [1]
25.026: (PUTDOWN B035) [1]
26.027: (UNSTACK B032 B018) [1]
27.028: (PUTDOWN B032) [1]
28.029: (PICKUP B035) [1]
29.030: (STACK B035 B032) [1]
30.031: (UNSTACK B029 B030) [1]
31.032: (STACK B029 B018) [1]
32.033: (UNSTACK B030 B033) [1]
33.034: (STACK B030 B035) [1]
34.035: (PICKUP B033) [1]
35.036: (STACK B033 B030) [1]
