#
# (C) Copyright 2008, University of Illinois, Urbana-Champaign
#
# All rights reserved. Use of this software is permitted ONLY for
# non-commercial research purposes, and it may be copied only
# for that use only. All copies must include this copyright message.
# This software is made available AS IS, and neither the authors
# nor the University of Illinois, make any warranty about the
# software or its performance.
#

Parsing domain file
 domain 'BLOCKS4' defined
Parsing problem file
 problem 'PROBNAME' defined



checking for cyclic := effects --- OK.


; Time 0.44
; ParsingTime 0.13
; NrActions 26
; MakeSpan
; MetricValue
; PlanningTechnique Modified-FF(enforced hill-climbing search) as the subplanner

0.001: (UNSTACK B017 B018) [1]
1.002: (PUTDOWN B017) [1]
2.003: (UNSTACK B033 B031) [1]
3.004: (PUTDOWN B033) [1]
4.005: (UNSTACK B018 B019) [1]
5.006: (PUTDOWN B018) [1]
6.007: (UNSTACK B031 B030) [1]
7.008: (PUTDOWN B031) [1]
8.009: (UNSTACK B030 B034) [1]
9.010: (PUTDOWN B030) [1]
10.011: (UNSTACK B034 B032) [1]
11.012: (STACK B034 B028) [1]
12.013: (UNSTACK B019 B000) [1]
13.014: (STACK B019 B032) [1]
14.015: (UNSTACK B019 B032) [1]
15.016: (STACK B019 B037) [1]
16.017: (PICKUP B032) [1]
17.018: (STACK B032 B001) [1]
18.019: (UNSTACK B032 B001) [1]
19.020: (PUTDOWN B032) [1]
20.021: (UNSTACK B001 B004) [1]
21.022: (PUTDOWN B001) [1]
22.023: (PICKUP B032) [1]
23.024: (STACK B032 B001) [1]
24.025: (UNSTACK B019 B037) [1]
25.026: (STACK B019 B032) [1]
