#
# (C) Copyright 2008, University of Illinois, Urbana-Champaign
#
# All rights reserved. Use of this software is permitted ONLY for
# non-commercial research purposes, and it may be copied only
# for that use only. All copies must include this copyright message.
# This software is made available AS IS, and neither the authors
# nor the University of Illinois, make any warranty about the
# software or its performance.
#

Parsing domain file
 domain 'BLOCKS4' defined
Parsing problem file
 problem 'PROBNAME' defined



checking for cyclic := effects --- OK.


; Time 0.40
; ParsingTime 0.13
; NrActions 36
; MakeSpan
; MetricValue
; PlanningTechnique Modified-FF(enforced hill-climbing search) as the subplanner

0.001: (UNSTACK B008 B015) [1]
1.002: (STACK B008 B031) [1]
2.003: (UNSTACK B015 B006) [1]
3.004: (STACK B015 B018) [1]
4.005: (UNSTACK B015 B018) [1]
5.006: (PUTDOWN B015) [1]
6.007: (UNSTACK B018 B027) [1]
7.008: (STACK B018 B006) [1]
8.009: (UNSTACK B027 B019) [1]
9.010: (STACK B027 B015) [1]
10.011: (UNSTACK B018 B006) [1]
11.012: (STACK B018 B019) [1]
12.013: (UNSTACK B018 B019) [1]
13.014: (PUTDOWN B018) [1]
14.015: (UNSTACK B006 B012) [1]
15.016: (STACK B006 B008) [1]
16.017: (UNSTACK B019 B022) [1]
17.018: (STACK B019 B012) [1]
18.019: (UNSTACK B019 B012) [1]
19.020: (STACK B019 B006) [1]
20.021: (UNSTACK B012 B016) [1]
21.022: (STACK B012 B009) [1]
22.023: (UNSTACK B012 B009) [1]
23.024: (STACK B012 B016) [1]
24.025: (UNSTACK B009 B000) [1]
25.026: (PUTDOWN B009) [1]
26.027: (UNSTACK B012 B016) [1]
27.028: (STACK B012 B009) [1]
28.029: (UNSTACK B019 B006) [1]
29.030: (STACK B019 B012) [1]
30.031: (PICKUP B018) [1]
31.032: (STACK B018 B019) [1]
32.033: (UNSTACK B027 B015) [1]
33.034: (STACK B027 B016) [1]
34.035: (PICKUP B015) [1]
35.036: (STACK B015 B018) [1]
