#
# (C) Copyright 2008, University of Illinois, Urbana-Champaign
#
# All rights reserved. Use of this software is permitted ONLY for
# non-commercial research purposes, and it may be copied only
# for that use only. All copies must include this copyright message.
# This software is made available AS IS, and neither the authors
# nor the University of Illinois, make any warranty about the
# software or its performance.
#

Parsing domain file
 domain 'BLOCKS4' defined
Parsing problem file
 problem 'PROBNAME' defined



checking for cyclic := effects --- OK.


; Time 0.67
; ParsingTime 0.14
; NrActions 46
; MakeSpan
; MetricValue
; PlanningTechnique Modified-FF(enforced hill-climbing search) as the subplanner

0.001: (UNSTACK B024 B028) [1]
1.002: (PUTDOWN B024) [1]
2.003: (UNSTACK B026 B017) [1]
3.004: (PUTDOWN B026) [1]
4.005: (UNSTACK B028 B029) [1]
5.006: (PUTDOWN B028) [1]
6.007: (UNSTACK B017 B009) [1]
7.008: (PUTDOWN B017) [1]
8.009: (UNSTACK B009 B027) [1]
9.010: (STACK B009 B016) [1]
10.011: (UNSTACK B029 B022) [1]
11.012: (STACK B029 B027) [1]
12.013: (UNSTACK B029 B027) [1]
13.014: (PUTDOWN B029) [1]
14.015: (UNSTACK B031 B032) [1]
15.016: (STACK B031 B022) [1]
16.017: (UNSTACK B032 B034) [1]
17.018: (PUTDOWN B032) [1]
18.019: (UNSTACK B034 B030) [1]
19.020: (STACK B034 B029) [1]
20.021: (UNSTACK B027 B013) [1]
21.022: (STACK B027 B030) [1]
22.023: (UNSTACK B027 B030) [1]
23.024: (STACK B027 B028) [1]
24.025: (UNSTACK B030 B033) [1]
25.026: (STACK B030 B026) [1]
26.027: (UNSTACK B030 B026) [1]
27.028: (PUTDOWN B030) [1]
28.029: (UNSTACK B012 B025) [1]
29.030: (STACK B012 B024) [1]
30.031: (PICKUP B026) [1]
31.032: (STACK B026 B025) [1]
32.033: (UNSTACK B026 B025) [1]
33.034: (STACK B026 B039) [1]
34.035: (UNSTACK B025 B008) [1]
35.036: (PUTDOWN B025) [1]
36.037: (UNSTACK B026 B039) [1]
37.038: (STACK B026 B025) [1]
38.039: (PICKUP B030) [1]
39.040: (STACK B030 B026) [1]
40.041: (UNSTACK B027 B028) [1]
41.042: (STACK B027 B030) [1]
42.043: (UNSTACK B034 B029) [1]
43.044: (STACK B034 B033) [1]
44.045: (PICKUP B029) [1]
45.046: (STACK B029 B027) [1]
