#
# (C) Copyright 2008, University of Illinois, Urbana-Champaign
#
# All rights reserved. Use of this software is permitted ONLY for
# non-commercial research purposes, and it may be copied only
# for that use only. All copies must include this copyright message.
# This software is made available AS IS, and neither the authors
# nor the University of Illinois, make any warranty about the
# software or its performance.
#

Parsing domain file
 domain 'BLOCKS4' defined
Parsing problem file
 problem 'PROBNAME' defined



checking for cyclic := effects --- OK.


; Time 0.50
; ParsingTime 0.14
; NrActions 36
; MakeSpan
; MetricValue
; PlanningTechnique Modified-FF(enforced hill-climbing search) as the subplanner

0.001: (UNSTACK B019 B018) [1]
1.002: (PUTDOWN B019) [1]
2.003: (UNSTACK B018 B017) [1]
3.004: (PUTDOWN B018) [1]
4.005: (UNSTACK B017 B016) [1]
5.006: (PUTDOWN B017) [1]
6.007: (UNSTACK B016 B015) [1]
7.008: (STACK B016 B014) [1]
8.009: (PICKUP B019) [1]
9.010: (STACK B019 B015) [1]
10.011: (UNSTACK B019 B015) [1]
11.012: (STACK B019 B016) [1]
12.013: (UNSTACK B004 B005) [1]
13.014: (STACK B004 B017) [1]
14.015: (UNSTACK B005 B010) [1]
15.016: (STACK B005 B022) [1]
16.017: (PICKUP B015) [1]
17.018: (STACK B015 B010) [1]
18.019: (UNSTACK B015 B010) [1]
19.020: (STACK B015 B033) [1]
20.021: (UNSTACK B019 B016) [1]
21.022: (STACK B019 B035) [1]
22.023: (UNSTACK B010 B012) [1]
23.024: (STACK B010 B016) [1]
24.025: (UNSTACK B010 B016) [1]
25.026: (STACK B010 B015) [1]
26.027: (UNSTACK B004 B017) [1]
27.028: (STACK B004 B011) [1]
28.029: (UNSTACK B016 B014) [1]
29.030: (STACK B016 B017) [1]
30.031: (UNSTACK B010 B015) [1]
31.032: (STACK B010 B016) [1]
32.033: (UNSTACK B015 B033) [1]
33.034: (STACK B015 B010) [1]
34.035: (UNSTACK B019 B035) [1]
35.036: (STACK B019 B015) [1]
