#
# (C) Copyright 2008, University of Illinois, Urbana-Champaign
#
# All rights reserved. Use of this software is permitted ONLY for
# non-commercial research purposes, and it may be copied only
# for that use only. All copies must include this copyright message.
# This software is made available AS IS, and neither the authors
# nor the University of Illinois, make any warranty about the
# software or its performance.
#

Parsing domain file
 domain 'BLOCKS4' defined
Parsing problem file
 problem 'PROBNAME' defined



checking for cyclic := effects --- OK.


; Time 0.46
; ParsingTime 0.15
; NrActions 46
; MakeSpan
; MetricValue
; PlanningTechnique Modified-FF(enforced hill-climbing search) as the subplanner

0.001: (UNSTACK B000 B008) [1]
1.002: (PUTDOWN B000) [1]
2.003: (UNSTACK B008 B012) [1]
3.004: (PUTDOWN B008) [1]
4.005: (UNSTACK B012 B001) [1]
5.006: (PUTDOWN B012) [1]
6.007: (UNSTACK B001 B019) [1]
7.008: (STACK B001 B032) [1]
8.009: (PICKUP B000) [1]
9.010: (STACK B000 B019) [1]
10.011: (UNSTACK B000 B019) [1]
11.012: (STACK B000 B001) [1]
12.013: (UNSTACK B013 B017) [1]
13.014: (STACK B013 B008) [1]
14.015: (PICKUP B019) [1]
15.016: (STACK B019 B017) [1]
16.017: (UNSTACK B019 B017) [1]
17.018: (STACK B019 B024) [1]
18.019: (UNSTACK B006 B022) [1]
19.020: (STACK B006 B019) [1]
20.021: (UNSTACK B022 B005) [1]
21.022: (STACK B022 B012) [1]
22.023: (UNSTACK B017 B014) [1]
23.024: (STACK B017 B005) [1]
24.025: (UNSTACK B017 B005) [1]
25.026: (PUTDOWN B017) [1]
26.027: (UNSTACK B015 B018) [1]
27.028: (STACK B015 B000) [1]
28.029: (UNSTACK B005 B021) [1]
29.030: (STACK B005 B018) [1]
30.031: (UNSTACK B005 B018) [1]
31.032: (STACK B005 B036) [1]
32.033: (UNSTACK B018 B029) [1]
33.034: (PUTDOWN B018) [1]
34.035: (UNSTACK B005 B036) [1]
35.036: (STACK B005 B018) [1]
36.037: (PICKUP B017) [1]
37.038: (STACK B017 B005) [1]
38.039: (UNSTACK B015 B000) [1]
39.040: (STACK B015 B021) [1]
40.041: (UNSTACK B006 B019) [1]
41.042: (STACK B006 B029) [1]
42.043: (UNSTACK B019 B024) [1]
43.044: (STACK B019 B017) [1]
44.045: (UNSTACK B000 B001) [1]
45.046: (STACK B000 B019) [1]
