#
# (C) Copyright 2008, University of Illinois, Urbana-Champaign
#
# All rights reserved. Use of this software is permitted ONLY for
# non-commercial research purposes, and it may be copied only
# for that use only. All copies must include this copyright message.
# This software is made available AS IS, and neither the authors
# nor the University of Illinois, make any warranty about the
# software or its performance.
#

Parsing domain file
 domain 'BLOCKS4' defined
Parsing problem file
 problem 'PROBNAME' defined



checking for cyclic := effects --- OK.


; Time 0.66
; ParsingTime 0.15
; NrActions 40
; MakeSpan
; MetricValue
; PlanningTechnique Modified-FF(enforced hill-climbing search) as the subplanner

0.001: (UNSTACK B022 B029) [1]
1.002: (PUTDOWN B022) [1]
2.003: (UNSTACK B029 B034) [1]
3.004: (PUTDOWN B029) [1]
4.005: (UNSTACK B034 B027) [1]
5.006: (STACK B034 B024) [1]
6.007: (UNSTACK B027 B039) [1]
7.008: (STACK B027 B022) [1]
8.009: (UNSTACK B027 B022) [1]
9.010: (PUTDOWN B027) [1]
10.011: (UNSTACK B034 B024) [1]
11.012: (STACK B034 B039) [1]
12.013: (UNSTACK B024 B014) [1]
13.014: (STACK B024 B009) [1]
14.015: (PICKUP B022) [1]
15.016: (STACK B022 B014) [1]
16.017: (UNSTACK B022 B014) [1]
17.018: (STACK B022 B024) [1]
18.019: (UNSTACK B014 B021) [1]
19.020: (STACK B014 B026) [1]
20.021: (UNSTACK B014 B026) [1]
21.022: (STACK B014 B027) [1]
22.023: (UNSTACK B022 B024) [1]
23.024: (STACK B022 B014) [1]
24.025: (PICKUP B026) [1]
25.026: (STACK B026 B024) [1]
26.027: (UNSTACK B026 B024) [1]
27.028: (PUTDOWN B026) [1]
28.029: (UNSTACK B024 B009) [1]
29.030: (PUTDOWN B024) [1]
30.031: (PICKUP B026) [1]
31.032: (STACK B026 B024) [1]
32.033: (UNSTACK B022 B014) [1]
33.034: (STACK B022 B034) [1]
34.035: (UNSTACK B014 B027) [1]
35.036: (STACK B014 B026) [1]
36.037: (UNSTACK B022 B034) [1]
37.038: (STACK B022 B014) [1]
38.039: (PICKUP B027) [1]
39.040: (STACK B027 B022) [1]
