#
# (C) Copyright 2008, University of Illinois, Urbana-Champaign
#
# All rights reserved. Use of this software is permitted ONLY for
# non-commercial research purposes, and it may be copied only
# for that use only. All copies must include this copyright message.
# This software is made available AS IS, and neither the authors
# nor the University of Illinois, make any warranty about the
# software or its performance.
#

Parsing domain file
 domain 'BLOCKS4' defined
Parsing problem file
 problem 'PROBNAME' defined



checking for cyclic := effects --- OK.


; Time 0.60
; ParsingTime 0.16
; NrActions 36
; MakeSpan
; MetricValue
; PlanningTechnique Modified-FF(enforced hill-climbing search) as the subplanner

0.001: (UNSTACK B022 B012) [1]
1.002: (PUTDOWN B022) [1]
2.003: (UNSTACK B006 B002) [1]
3.004: (STACK B006 B035) [1]
4.005: (UNSTACK B002 B017) [1]
5.006: (STACK B002 B012) [1]
6.007: (UNSTACK B002 B012) [1]
7.008: (PUTDOWN B002) [1]
8.009: (UNSTACK B000 B011) [1]
9.010: (STACK B000 B017) [1]
10.011: (UNSTACK B011 B021) [1]
11.012: (STACK B011 B022) [1]
12.013: (UNSTACK B012 B013) [1]
13.014: (STACK B012 B021) [1]
14.015: (UNSTACK B012 B021) [1]
15.016: (PUTDOWN B012) [1]
16.017: (UNSTACK B004 B014) [1]
17.018: (STACK B004 B012) [1]
18.019: (UNSTACK B021 B005) [1]
19.020: (STACK B021 B014) [1]
20.021: (UNSTACK B021 B014) [1]
21.022: (PUTDOWN B021) [1]
22.023: (UNSTACK B014 B003) [1]
23.024: (STACK B014 B013) [1]
24.025: (UNSTACK B003 B018) [1]
25.026: (PUTDOWN B003) [1]
26.027: (UNSTACK B014 B013) [1]
27.028: (STACK B014 B003) [1]
28.029: (PICKUP B021) [1]
29.030: (STACK B021 B014) [1]
30.031: (UNSTACK B004 B012) [1]
31.032: (STACK B004 B005) [1]
32.033: (PICKUP B012) [1]
33.034: (STACK B012 B021) [1]
34.035: (PICKUP B002) [1]
35.036: (STACK B002 B012) [1]
