#
# (C) Copyright 2008, University of Illinois, Urbana-Champaign
#
# All rights reserved. Use of this software is permitted ONLY for
# non-commercial research purposes, and it may be copied only
# for that use only. All copies must include this copyright message.
# This software is made available AS IS, and neither the authors
# nor the University of Illinois, make any warranty about the
# software or its performance.
#

Parsing domain file
 domain 'BLOCKS4' defined
Parsing problem file
 problem 'PROBNAME' defined



checking for cyclic := effects --- OK.


; Time 0.58
; ParsingTime 0.16
; NrActions 20
; MakeSpan
; MetricValue
; PlanningTechnique Modified-FF(enforced hill-climbing search) as the subplanner

0.001: (UNSTACK B000 B003) [1]
1.002: (PUTDOWN B000) [1]
2.003: (UNSTACK B003 B002) [1]
3.004: (PUTDOWN B003) [1]
4.005: (UNSTACK B002 B001) [1]
5.006: (PUTDOWN B002) [1]
6.007: (UNSTACK B001 B012) [1]
7.008: (STACK B001 B034) [1]
8.009: (PICKUP B012) [1]
9.010: (STACK B012 B041) [1]
10.011: (UNSTACK B012 B041) [1]
11.012: (STACK B012 B027) [1]
12.013: (UNSTACK B041 B030) [1]
13.014: (STACK B041 B017) [1]
14.015: (UNSTACK B030 B018) [1]
15.016: (STACK B030 B036) [1]
16.017: (UNSTACK B041 B017) [1]
17.018: (STACK B041 B030) [1]
18.019: (UNSTACK B012 B027) [1]
19.020: (STACK B012 B041) [1]
