#
# (C) Copyright 2008, University of Illinois, Urbana-Champaign
#
# All rights reserved. Use of this software is permitted ONLY for
# non-commercial research purposes, and it may be copied only
# for that use only. All copies must include this copyright message.
# This software is made available AS IS, and neither the authors
# nor the University of Illinois, make any warranty about the
# software or its performance.
#

Parsing domain file
 domain 'BLOCKS4' defined
Parsing problem file
 problem 'PROBNAME' defined



checking for cyclic := effects --- OK.


; Time 0.67
; ParsingTime 0.16
; NrActions 40
; MakeSpan
; MetricValue
; PlanningTechnique Modified-FF(enforced hill-climbing search) as the subplanner

0.001: (UNSTACK B033 B030) [1]
1.002: (STACK B033 B017) [1]
2.003: (UNSTACK B024 B006) [1]
3.004: (STACK B024 B030) [1]
4.005: (UNSTACK B024 B030) [1]
5.006: (PUTDOWN B024) [1]
6.007: (UNSTACK B030 B027) [1]
7.008: (PUTDOWN B030) [1]
8.009: (UNSTACK B027 B031) [1]
9.010: (STACK B027 B003) [1]
10.011: (PICKUP B030) [1]
11.012: (STACK B030 B031) [1]
12.013: (UNSTACK B030 B031) [1]
13.014: (PUTDOWN B030) [1]
14.015: (UNSTACK B016 B013) [1]
15.016: (STACK B016 B027) [1]
16.017: (UNSTACK B013 B028) [1]
17.018: (STACK B013 B029) [1]
18.019: (UNSTACK B031 B032) [1]
19.020: (STACK B031 B028) [1]
20.021: (UNSTACK B031 B028) [1]
21.022: (PUTDOWN B031) [1]
22.023: (UNSTACK B016 B027) [1]
23.024: (STACK B016 B030) [1]
24.025: (UNSTACK B028 B020) [1]
25.026: (STACK B028 B027) [1]
26.027: (UNSTACK B028 B027) [1]
27.028: (STACK B028 B031) [1]
28.029: (UNSTACK B027 B003) [1]
29.030: (PUTDOWN B027) [1]
30.031: (UNSTACK B028 B031) [1]
31.032: (STACK B028 B027) [1]
32.033: (PICKUP B031) [1]
33.034: (STACK B031 B028) [1]
34.035: (UNSTACK B016 B030) [1]
35.036: (STACK B016 B032) [1]
36.037: (PICKUP B030) [1]
37.038: (STACK B030 B031) [1]
38.039: (PICKUP B024) [1]
39.040: (STACK B024 B030) [1]
