#
# (C) Copyright 2008, University of Illinois, Urbana-Champaign
#
# All rights reserved. Use of this software is permitted ONLY for
# non-commercial research purposes, and it may be copied only
# for that use only. All copies must include this copyright message.
# This software is made available AS IS, and neither the authors
# nor the University of Illinois, make any warranty about the
# software or its performance.
#

Parsing domain file
 domain 'BLOCKS4' defined
Parsing problem file
 problem 'PROBNAME' defined



checking for cyclic := effects --- OK.


; Time 0.35
; ParsingTime 0.15
; NrActions 32
; MakeSpan
; MetricValue
; PlanningTechnique Modified-FF(enforced hill-climbing search) as the subplanner

0.001: (UNSTACK B032 B039) [1]
1.002: (PUTDOWN B032) [1]
2.003: (UNSTACK B039 B036) [1]
3.004: (PUTDOWN B039) [1]
4.005: (UNSTACK B036 B037) [1]
5.006: (STACK B036 B003) [1]
6.007: (PICKUP B040) [1]
7.008: (STACK B040 B037) [1]
8.009: (UNSTACK B040 B037) [1]
9.010: (PUTDOWN B040) [1]
10.011: (UNSTACK B037 B038) [1]
11.012: (STACK B037 B039) [1]
12.013: (UNSTACK B037 B039) [1]
13.014: (STACK B037 B023) [1]
14.015: (PICKUP B039) [1]
15.016: (STACK B039 B038) [1]
16.017: (UNSTACK B039 B038) [1]
17.018: (STACK B039 B036) [1]
18.019: (PICKUP B038) [1]
19.020: (STACK B038 B035) [1]
20.021: (UNSTACK B038 B035) [1]
21.022: (PUTDOWN B038) [1]
22.023: (UNSTACK B035 B034) [1]
23.024: (PUTDOWN B035) [1]
24.025: (PICKUP B038) [1]
25.026: (STACK B038 B035) [1]
26.027: (UNSTACK B039 B036) [1]
27.028: (STACK B039 B038) [1]
28.029: (UNSTACK B037 B023) [1]
29.030: (STACK B037 B039) [1]
30.031: (PICKUP B040) [1]
31.032: (STACK B040 B037) [1]
