#
# (C) Copyright 2008, University of Illinois, Urbana-Champaign
#
# All rights reserved. Use of this software is permitted ONLY for
# non-commercial research purposes, and it may be copied only
# for that use only. All copies must include this copyright message.
# This software is made available AS IS, and neither the authors
# nor the University of Illinois, make any warranty about the
# software or its performance.
#

Parsing domain file
 domain 'BLOCKS4' defined
Parsing problem file
 problem 'PROBNAME' defined



checking for cyclic := effects --- OK.


; Time 1.51
; ParsingTime 0.17
; NrActions 62
; MakeSpan
; MetricValue
; PlanningTechnique Modified-FF(enforced hill-climbing search) as the subplanner

0.001: (UNSTACK B022 B021) [1]
1.002: (PUTDOWN B022) [1]
2.003: (UNSTACK B021 B025) [1]
3.004: (PUTDOWN B021) [1]
4.005: (UNSTACK B025 B023) [1]
5.006: (PUTDOWN B025) [1]
6.007: (UNSTACK B023 B020) [1]
7.008: (STACK B023 B024) [1]
8.009: (UNSTACK B018 B015) [1]
9.010: (STACK B018 B020) [1]
10.011: (UNSTACK B018 B020) [1]
11.012: (STACK B018 B023) [1]
12.013: (UNSTACK B005 B002) [1]
13.014: (STACK B005 B025) [1]
14.015: (UNSTACK B002 B001) [1]
15.016: (PUTDOWN B002) [1]
16.017: (UNSTACK B001 B007) [1]
17.018: (PUTDOWN B001) [1]
18.019: (UNSTACK B007 B011) [1]
19.020: (STACK B007 B009) [1]
20.021: (PICKUP B020) [1]
21.022: (STACK B020 B011) [1]
22.023: (UNSTACK B020 B011) [1]
23.024: (STACK B020 B039) [1]
24.025: (UNSTACK B015 B017) [1]
25.026: (STACK B015 B020) [1]
26.027: (UNSTACK B017 B016) [1]
27.028: (STACK B017 B010) [1]
28.029: (PICKUP B011) [1]
29.030: (STACK B011 B016) [1]
30.031: (UNSTACK B011 B016) [1]
31.032: (STACK B011 B005) [1]
32.033: (UNSTACK B007 B009) [1]
33.034: (PUTDOWN B007) [1]
34.035: (UNSTACK B009 B003) [1]
35.036: (STACK B009 B011) [1]
36.037: (UNSTACK B003 B004) [1]
37.038: (STACK B003 B007) [1]
38.039: (UNSTACK B004 B006) [1]
39.040: (STACK B004 B003) [1]
40.041: (UNSTACK B016 B019) [1]
41.042: (STACK B016 B006) [1]
42.043: (UNSTACK B016 B006) [1]
43.044: (STACK B016 B004) [1]
44.045: (UNSTACK B006 B000) [1]
45.046: (PUTDOWN B006) [1]
46.047: (UNSTACK B016 B004) [1]
47.048: (STACK B016 B006) [1]
48.049: (UNSTACK B015 B020) [1]
49.050: (STACK B015 B019) [1]
50.051: (UNSTACK B018 B023) [1]
51.052: (STACK B018 B020) [1]
52.053: (UNSTACK B009 B011) [1]
53.054: (STACK B009 B000) [1]
54.055: (UNSTACK B011 B005) [1]
55.056: (STACK B011 B016) [1]
56.057: (UNSTACK B018 B020) [1]
57.058: (STACK B018 B023) [1]
58.059: (UNSTACK B020 B039) [1]
59.060: (STACK B020 B011) [1]
60.061: (UNSTACK B018 B023) [1]
61.062: (STACK B018 B020) [1]
