#
# (C) Copyright 2008, University of Illinois, Urbana-Champaign
#
# All rights reserved. Use of this software is permitted ONLY for
# non-commercial research purposes, and it may be copied only
# for that use only. All copies must include this copyright message.
# This software is made available AS IS, and neither the authors
# nor the University of Illinois, make any warranty about the
# software or its performance.
#

Parsing domain file
 domain 'BLOCKS4' defined
Parsing problem file
 problem 'PROBNAME' defined



checking for cyclic := effects --- OK.


; Time 0.86
; ParsingTime 0.16
; NrActions 38
; MakeSpan
; MetricValue
; PlanningTechnique Modified-FF(enforced hill-climbing search) as the subplanner

0.001: (UNSTACK B018 B008) [1]
1.002: (PUTDOWN B018) [1]
2.003: (UNSTACK B007 B041) [1]
3.004: (PUTDOWN B007) [1]
4.005: (UNSTACK B041 B001) [1]
5.006: (STACK B041 B007) [1]
6.007: (UNSTACK B008 B016) [1]
7.008: (STACK B008 B001) [1]
8.009: (UNSTACK B008 B001) [1]
9.010: (PUTDOWN B008) [1]
10.011: (UNSTACK B015 B030) [1]
11.012: (STACK B015 B016) [1]
12.013: (UNSTACK B001 B003) [1]
13.014: (STACK B001 B041) [1]
14.015: (UNSTACK B003 B043) [1]
15.016: (STACK B003 B030) [1]
16.017: (UNSTACK B003 B030) [1]
17.018: (PUTDOWN B003) [1]
18.019: (UNSTACK B037 B023) [1]
19.020: (STACK B037 B043) [1]
20.021: (UNSTACK B023 B020) [1]
21.022: (STACK B023 B001) [1]
22.023: (UNSTACK B030 B004) [1]
23.024: (STACK B030 B020) [1]
24.025: (UNSTACK B030 B020) [1]
25.026: (STACK B030 B035) [1]
26.027: (UNSTACK B020 B038) [1]
27.028: (PUTDOWN B020) [1]
28.029: (UNSTACK B030 B035) [1]
29.030: (STACK B030 B020) [1]
30.031: (PICKUP B003) [1]
31.032: (STACK B003 B030) [1]
32.033: (UNSTACK B023 B001) [1]
33.034: (STACK B023 B038) [1]
34.035: (UNSTACK B001 B041) [1]
35.036: (STACK B001 B003) [1]
36.037: (PICKUP B008) [1]
37.038: (STACK B008 B001) [1]
