
Plan found!
	( !UNSTACK B013 - BLOCK B009 - BLOCK )
	( !PUTDOWN B013 - BLOCK )
	( !UNSTACK B003 - BLOCK B000 - BLOCK )
	( !STACK B003 - BLOCK B010 - BLOCK )
	( !UNSTACK B000 - BLOCK B005 - BLOCK )
	( !STACK B000 - BLOCK B008 - BLOCK )
	( !PICKUP B005 - BLOCK )
	( !STACK B005 - BLOCK B013 - BLOCK )
	( !UNSTACK B000 - BLOCK B008 - BLOCK )
	( !PUTDOWN B000 - BLOCK )
	( !UNSTACK B008 - BLOCK B002 - BLOCK )
	( !STACK B008 - BLOCK B005 - BLOCK )
	( !UNSTACK B002 - BLOCK B007 - BLOCK )
	( !STACK B002 - BLOCK B007 - BLOCK )
	( !UNSTACK B002 - BLOCK B007 - BLOCK )
	( !STACK B002 - BLOCK B003 - BLOCK )
	( !UNSTACK B008 - BLOCK B005 - BLOCK )
	( !STACK B008 - BLOCK B000 - BLOCK )
	( !UNSTACK B007 - BLOCK B012 - BLOCK )
	( !STACK B007 - BLOCK B002 - BLOCK )
	( !PICKUP B012 - BLOCK )
	( !STACK B012 - BLOCK B005 - BLOCK )
	( !UNSTACK B007 - BLOCK B002 - BLOCK )
	( !PUTDOWN B007 - BLOCK )
	( !UNSTACK B002 - BLOCK B003 - BLOCK )
	( !PUTDOWN B002 - BLOCK )
	( !UNSTACK B003 - BLOCK B010 - BLOCK )
	( !STACK B003 - BLOCK B012 - BLOCK )
