
Plan found!
	( !UNSTACK B009 - BLOCK B008 - BLOCK )
	( !STACK B009 - BLOCK B012 - BLOCK )
	( !UNSTACK B008 - BLOCK B010 - BLOCK )
	( !STACK B008 - BLOCK B014 - BLOCK )
	( !UNSTACK B010 - BLOCK B013 - BLOCK )
	( !PUTDOWN B010 - BLOCK )
	( !UNSTACK B006 - BLOCK B007 - BLOCK )
	( !STACK B006 - BLOCK B009 - BLOCK )
	( !PICKUP B007 - BLOCK )
	( !STACK B007 - BLOCK B010 - BLOCK )
	( !UNSTACK B006 - BLOCK B009 - BLOCK )
	( !PUTDOWN B006 - BLOCK )
	( !UNSTACK B009 - BLOCK B012 - BLOCK )
	( !STACK B009 - BLOCK B007 - BLOCK )
	( !UNSTACK B012 - BLOCK B005 - BLOCK )
	( !STACK B012 - BLOCK B009 - BLOCK )
	( !UNSTACK B015 - BLOCK B003 - BLOCK )
	( !STACK B015 - BLOCK B008 - BLOCK )
	( !UNSTACK B003 - BLOCK B004 - BLOCK )
	( !STACK B003 - BLOCK B006 - BLOCK )
	( !PICKUP B004 - BLOCK )
	( !STACK B004 - BLOCK B012 - BLOCK )
