
Plan found!
	( !UNSTACK B002 - BLOCK B001 - BLOCK )
	( !STACK B002 - BLOCK B015 - BLOCK )
	( !UNSTACK B001 - BLOCK B008 - BLOCK )
	( !PUTDOWN B001 - BLOCK )
	( !UNSTACK B002 - BLOCK B015 - BLOCK )
	( !STACK B002 - BLOCK B001 - BLOCK )
	( !UNSTACK B013 - BLOCK B010 - BLOCK )
	( !STACK B013 - BLOCK B006 - BLOCK )
	( !UNSTACK B010 - BLOCK B004 - BLOCK )
	( !STACK B010 - BLOCK B015 - BLOCK )
	( !UNSTACK B004 - BLOCK B000 - BLOCK )
	( !STACK B004 - BLOCK B010 - BLOCK )
	( !PICKUP B000 - BLOCK )
	( !STACK B000 - BLOCK B002 - BLOCK )
	( !UNSTACK B008 - BLOCK B007 - BLOCK )
	( !STACK B008 - BLOCK B000 - BLOCK )
	( !UNSTACK B008 - BLOCK B000 - BLOCK )
	( !STACK B008 - BLOCK B016 - BLOCK )
	( !UNSTACK B007 - BLOCK B005 - BLOCK )
	( !STACK B007 - BLOCK B008 - BLOCK )
	( !PICKUP B005 - BLOCK )
	( !STACK B005 - BLOCK B000 - BLOCK )
	( !UNSTACK B007 - BLOCK B008 - BLOCK )
	( !STACK B007 - BLOCK B005 - BLOCK )
