
Plan found!
	( !UNSTACK B004 - BLOCK B010 - BLOCK )
	( !STACK B004 - BLOCK B015 - BLOCK )
	( !UNSTACK B010 - BLOCK B012 - BLOCK )
	( !STACK B010 - BLOCK B009 - BLOCK )
	( !UNSTACK B012 - BLOCK B013 - BLOCK )
	( !PUTDOWN B012 - BLOCK )
	( !UNSTACK B011 - BLOCK B008 - BLOCK )
	( !STACK B011 - BLOCK B004 - BLOCK )
	( !UNSTACK B008 - BLOCK B018 - BLOCK )
	( !STACK B008 - BLOCK B013 - BLOCK )
	( !UNSTACK B018 - BLOCK B006 - BLOCK )
	( !STACK B018 - BLOCK B008 - BLOCK )
	( !PICKUP B006 - BLOCK )
	( !STACK B006 - BLOCK B012 - BLOCK )
	( !UNSTACK B011 - BLOCK B004 - BLOCK )
	( !PUTDOWN B011 - BLOCK )
	( !UNSTACK B004 - BLOCK B015 - BLOCK )
	( !PUTDOWN B004 - BLOCK )
	( !UNSTACK B015 - BLOCK B005 - BLOCK )
	( !STACK B015 - BLOCK B006 - BLOCK )
	( !PICKUP B004 - BLOCK )
	( !STACK B004 - BLOCK B015 - BLOCK )
	( !UNSTACK B005 - BLOCK B007 - BLOCK )
	( !STACK B005 - BLOCK B004 - BLOCK )
