
Plan found!
	( !UNSTACK B010 - BLOCK B004 - BLOCK )
	( !STACK B010 - BLOCK B015 - BLOCK )
	( !UNSTACK B004 - BLOCK B012 - BLOCK )
	( !PUTDOWN B004 - BLOCK )
	( !UNSTACK B010 - BLOCK B015 - BLOCK )
	( !PUTDOWN B010 - BLOCK )
	( !UNSTACK B015 - BLOCK B005 - BLOCK )
	( !PUTDOWN B015 - BLOCK )
	( !UNSTACK B005 - BLOCK B002 - BLOCK )
	( !PUTDOWN B005 - BLOCK )
	( !UNSTACK B002 - BLOCK B003 - BLOCK )
	( !PUTDOWN B002 - BLOCK )
	( !UNSTACK B003 - BLOCK B007 - BLOCK )
	( !STACK B003 - BLOCK B004 - BLOCK )
	( !PICKUP B002 - BLOCK )
	( !STACK B002 - BLOCK B003 - BLOCK )
	( !UNSTACK B011 - BLOCK B000 - BLOCK )
	( !PUTDOWN B011 - BLOCK )
	( !UNSTACK B000 - BLOCK B006 - BLOCK )
	( !STACK B000 - BLOCK B012 - BLOCK )
	( !UNSTACK B006 - BLOCK B008 - BLOCK )
	( !STACK B006 - BLOCK B002 - BLOCK )
	( !UNSTACK B006 - BLOCK B002 - BLOCK )
	( !STACK B006 - BLOCK B000 - BLOCK )
	( !UNSTACK B008 - BLOCK B001 - BLOCK )
	( !STACK B008 - BLOCK B013 - BLOCK )
	( !PICKUP B001 - BLOCK )
	( !STACK B001 - BLOCK B002 - BLOCK )
	( !UNSTACK B006 - BLOCK B000 - BLOCK )
	( !PUTDOWN B006 - BLOCK )
	( !UNSTACK B000 - BLOCK B012 - BLOCK )
	( !STACK B000 - BLOCK B001 - BLOCK )
