
Plan found!
	( !UNSTACK B006 - BLOCK B001 - BLOCK )
	( !STACK B006 - BLOCK B015 - BLOCK )
	( !UNSTACK B001 - BLOCK B008 - BLOCK )
	( !STACK B001 - BLOCK B020 - BLOCK )
	( !UNSTACK B008 - BLOCK B007 - BLOCK )
	( !PUTDOWN B008 - BLOCK )
	( !UNSTACK B006 - BLOCK B015 - BLOCK )
	( !STACK B006 - BLOCK B008 - BLOCK )
	( !UNSTACK B014 - BLOCK B018 - BLOCK )
	( !STACK B014 - BLOCK B006 - BLOCK )
	( !UNSTACK B018 - BLOCK B016 - BLOCK )
	( !STACK B018 - BLOCK B014 - BLOCK )
	( !UNSTACK B018 - BLOCK B014 - BLOCK )
	( !STACK B018 - BLOCK B015 - BLOCK )
	( !UNSTACK B016 - BLOCK B021 - BLOCK )
	( !STACK B016 - BLOCK B012 - BLOCK )
	( !UNSTACK B021 - BLOCK B013 - BLOCK )
	( !STACK B021 - BLOCK B001 - BLOCK )
	( !PICKUP B013 - BLOCK )
	( !STACK B013 - BLOCK B014 - BLOCK )
	( !UNSTACK B016 - BLOCK B012 - BLOCK )
	( !STACK B016 - BLOCK B018 - BLOCK )
	( !UNSTACK B012 - BLOCK B019 - BLOCK )
	( !PUTDOWN B012 - BLOCK )
	( !UNSTACK B019 - BLOCK B010 - BLOCK )
	( !STACK B019 - BLOCK B012 - BLOCK )
	( !UNSTACK B010 - BLOCK B011 - BLOCK )
	( !STACK B010 - BLOCK B011 - BLOCK )
	( !UNSTACK B010 - BLOCK B011 - BLOCK )
	( !STACK B010 - BLOCK B019 - BLOCK )
	( !UNSTACK B011 - BLOCK B017 - BLOCK )
	( !STACK B011 - BLOCK B005 - BLOCK )
	( !PICKUP B017 - BLOCK )
	( !STACK B017 - BLOCK B013 - BLOCK )
