
Plan found!
	( !UNSTACK B001 - BLOCK B013 - BLOCK )
	( !PUTDOWN B001 - BLOCK )
	( !UNSTACK B013 - BLOCK B012 - BLOCK )
	( !STACK B013 - BLOCK B007 - BLOCK )
	( !UNSTACK B012 - BLOCK B000 - BLOCK )
	( !STACK B012 - BLOCK B000 - BLOCK )
	( !UNSTACK B012 - BLOCK B000 - BLOCK )
	( !STACK B012 - BLOCK B010 - BLOCK )
	( !UNSTACK B000 - BLOCK B005 - BLOCK )
	( !PUTDOWN B000 - BLOCK )
	( !PICKUP B001 - BLOCK )
	( !STACK B001 - BLOCK B000 - BLOCK )
	( !UNSTACK B021 - BLOCK B003 - BLOCK )
	( !PUTDOWN B021 - BLOCK )
	( !UNSTACK B003 - BLOCK B022 - BLOCK )
	( !STACK B003 - BLOCK B012 - BLOCK )
	( !UNSTACK B022 - BLOCK B014 - BLOCK )
	( !STACK B022 - BLOCK B019 - BLOCK )
	( !UNSTACK B014 - BLOCK B002 - BLOCK )
	( !STACK B014 - BLOCK B009 - BLOCK )
	( !PICKUP B002 - BLOCK )
	( !STACK B002 - BLOCK B001 - BLOCK )
	( !PICKUP B005 - BLOCK )
	( !STACK B005 - BLOCK B002 - BLOCK )
	( !UNSTACK B013 - BLOCK B007 - BLOCK )
	( !PUTDOWN B013 - BLOCK )
	( !UNSTACK B007 - BLOCK B017 - BLOCK )
	( !PUTDOWN B007 - BLOCK )
	( !UNSTACK B017 - BLOCK B008 - BLOCK )
	( !PUTDOWN B017 - BLOCK )
	( !UNSTACK B008 - BLOCK B020 - BLOCK )
	( !STACK B008 - BLOCK B005 - BLOCK )
