
Plan found!
	( !UNSTACK B008 - BLOCK B009 - BLOCK )
	( !STACK B008 - BLOCK B005 - BLOCK )
	( !UNSTACK B009 - BLOCK B007 - BLOCK )
	( !STACK B009 - BLOCK B014 - BLOCK )
	( !UNSTACK B007 - BLOCK B015 - BLOCK )
	( !PUTDOWN B007 - BLOCK )
	( !PICKUP B021 - BLOCK )
	( !STACK B021 - BLOCK B007 - BLOCK )
	( !UNSTACK B023 - BLOCK B017 - BLOCK )
	( !STACK B023 - BLOCK B012 - BLOCK )
	( !PICKUP B017 - BLOCK )
	( !STACK B017 - BLOCK B021 - BLOCK )
	( !UNSTACK B009 - BLOCK B014 - BLOCK )
	( !STACK B009 - BLOCK B017 - BLOCK )
	( !UNSTACK B025 - BLOCK B010 - BLOCK )
	( !STACK B025 - BLOCK B015 - BLOCK )
	( !UNSTACK B010 - BLOCK B024 - BLOCK )
	( !STACK B010 - BLOCK B018 - BLOCK )
	( !UNSTACK B024 - BLOCK B020 - BLOCK )
	( !STACK B024 - BLOCK B011 - BLOCK )
	( !PICKUP B020 - BLOCK )
	( !STACK B020 - BLOCK B009 - BLOCK )
