
Plan found!
	( !UNSTACK B003 - BLOCK B011 - BLOCK )
	( !PUTDOWN B003 - BLOCK )
	( !UNSTACK B019 - BLOCK B016 - BLOCK )
	( !PUTDOWN B019 - BLOCK )
	( !UNSTACK B011 - BLOCK B000 - BLOCK )
	( !PUTDOWN B011 - BLOCK )
	( !UNSTACK B016 - BLOCK B014 - BLOCK )
	( !PUTDOWN B016 - BLOCK )
	( !UNSTACK B014 - BLOCK B006 - BLOCK )
	( !PUTDOWN B014 - BLOCK )
	( !UNSTACK B000 - BLOCK B009 - BLOCK )
	( !STACK B000 - BLOCK B006 - BLOCK )
	( !UNSTACK B009 - BLOCK B007 - BLOCK )
	( !PUTDOWN B009 - BLOCK )
	( !UNSTACK B000 - BLOCK B006 - BLOCK )
	( !PUTDOWN B000 - BLOCK )
	( !UNSTACK B006 - BLOCK B008 - BLOCK )
	( !STACK B006 - BLOCK B007 - BLOCK )
	( !UNSTACK B012 - BLOCK B005 - BLOCK )
	( !PUTDOWN B012 - BLOCK )
	( !UNSTACK B005 - BLOCK B004 - BLOCK )
	( !PUTDOWN B005 - BLOCK )
	( !UNSTACK B004 - BLOCK B001 - BLOCK )
	( !STACK B004 - BLOCK B006 - BLOCK )
	( !PICKUP B012 - BLOCK )
	( !STACK B012 - BLOCK B004 - BLOCK )
	( !PICKUP B009 - BLOCK )
	( !STACK B009 - BLOCK B012 - BLOCK )
