
Plan found!
	( !UNSTACK B016 - BLOCK B019 - BLOCK )
	( !PUTDOWN B016 - BLOCK )
	( !UNSTACK B026 - BLOCK B027 - BLOCK )
	( !PUTDOWN B026 - BLOCK )
	( !UNSTACK B027 - BLOCK B025 - BLOCK )
	( !STACK B027 - BLOCK B016 - BLOCK )
	( !UNSTACK B000 - BLOCK B001 - BLOCK )
	( !PUTDOWN B000 - BLOCK )
	( !UNSTACK B001 - BLOCK B010 - BLOCK )
	( !STACK B001 - BLOCK B012 - BLOCK )
	( !UNSTACK B010 - BLOCK B013 - BLOCK )
	( !STACK B010 - BLOCK B025 - BLOCK )
	( !UNSTACK B013 - BLOCK B009 - BLOCK )
	( !STACK B013 - BLOCK B010 - BLOCK )
	( !PICKUP B009 - BLOCK )
	( !STACK B009 - BLOCK B027 - BLOCK )
	( !UNSTACK B019 - BLOCK B017 - BLOCK )
	( !PUTDOWN B019 - BLOCK )
	( !UNSTACK B017 - BLOCK B014 - BLOCK )
	( !PUTDOWN B017 - BLOCK )
	( !UNSTACK B014 - BLOCK B020 - BLOCK )
	( !STACK B014 - BLOCK B009 - BLOCK )
	( !PICKUP B000 - BLOCK )
	( !STACK B000 - BLOCK B014 - BLOCK )
