
Plan found!
	( !UNSTACK B018 - BLOCK B009 - BLOCK )
	( !PUTDOWN B018 - BLOCK )
	( !UNSTACK B017 - BLOCK B001 - BLOCK )
	( !STACK B017 - BLOCK B018 - BLOCK )
	( !UNSTACK B013 - BLOCK B019 - BLOCK )
	( !PUTDOWN B013 - BLOCK )
	( !UNSTACK B019 - BLOCK B022 - BLOCK )
	( !STACK B019 - BLOCK B017 - BLOCK )
	( !UNSTACK B001 - BLOCK B015 - BLOCK )
	( !PUTDOWN B001 - BLOCK )
	( !UNSTACK B015 - BLOCK B021 - BLOCK )
	( !STACK B015 - BLOCK B019 - BLOCK )
	( !UNSTACK B009 - BLOCK B025 - BLOCK )
	( !STACK B009 - BLOCK B015 - BLOCK )
	( !UNSTACK B009 - BLOCK B015 - BLOCK )
	( !STACK B009 - BLOCK B022 - BLOCK )
	( !UNSTACK B025 - BLOCK B023 - BLOCK )
	( !STACK B025 - BLOCK B014 - BLOCK )
	( !UNSTACK B023 - BLOCK B016 - BLOCK )
	( !STACK B023 - BLOCK B024 - BLOCK )
	( !PICKUP B016 - BLOCK )
	( !STACK B016 - BLOCK B015 - BLOCK )
