
Plan found!
	( !UNSTACK B012 - BLOCK B019 - BLOCK )
	( !PUTDOWN B012 - BLOCK )
	( !UNSTACK B019 - BLOCK B022 - BLOCK )
	( !PUTDOWN B019 - BLOCK )
	( !UNSTACK B026 - BLOCK B031 - BLOCK )
	( !PUTDOWN B026 - BLOCK )
	( !UNSTACK B031 - BLOCK B021 - BLOCK )
	( !PUTDOWN B031 - BLOCK )
	( !UNSTACK B022 - BLOCK B010 - BLOCK )
	( !STACK B022 - BLOCK B021 - BLOCK )
	( !UNSTACK B010 - BLOCK B009 - BLOCK )
	( !PUTDOWN B010 - BLOCK )
	( !UNSTACK B022 - BLOCK B021 - BLOCK )
	( !PUTDOWN B022 - BLOCK )
	( !UNSTACK B021 - BLOCK B027 - BLOCK )
	( !STACK B021 - BLOCK B009 - BLOCK )
	( !UNSTACK B014 - BLOCK B008 - BLOCK )
	( !PUTDOWN B014 - BLOCK )
	( !UNSTACK B008 - BLOCK B016 - BLOCK )
	( !STACK B008 - BLOCK B021 - BLOCK )
	( !UNSTACK B020 - BLOCK B030 - BLOCK )
	( !STACK B020 - BLOCK B008 - BLOCK )
	( !PICKUP B022 - BLOCK )
	( !STACK B022 - BLOCK B020 - BLOCK )
