
Plan found!
	( !UNSTACK B020 - BLOCK B018 - BLOCK )
	( !PUTDOWN B020 - BLOCK )
	( !UNSTACK B018 - BLOCK B008 - BLOCK )
	( !STACK B018 - BLOCK B020 - BLOCK )
	( !UNSTACK B008 - BLOCK B022 - BLOCK )
	( !STACK B008 - BLOCK B018 - BLOCK )
	( !UNSTACK B022 - BLOCK B017 - BLOCK )
	( !PUTDOWN B022 - BLOCK )
	( !UNSTACK B028 - BLOCK B027 - BLOCK )
	( !PUTDOWN B028 - BLOCK )
	( !UNSTACK B027 - BLOCK B025 - BLOCK )
	( !PUTDOWN B027 - BLOCK )
	( !UNSTACK B025 - BLOCK B016 - BLOCK )
	( !STACK B025 - BLOCK B022 - BLOCK )
	( !UNSTACK B015 - BLOCK B005 - BLOCK )
	( !PUTDOWN B015 - BLOCK )
	( !UNSTACK B005 - BLOCK B013 - BLOCK )
	( !STACK B005 - BLOCK B025 - BLOCK )
	( !UNSTACK B008 - BLOCK B018 - BLOCK )
	( !STACK B008 - BLOCK B005 - BLOCK )
	( !UNSTACK B013 - BLOCK B003 - BLOCK )
	( !STACK B013 - BLOCK B016 - BLOCK )
	( !UNSTACK B003 - BLOCK B011 - BLOCK )
	( !STACK B003 - BLOCK B024 - BLOCK )
	( !UNSTACK B008 - BLOCK B005 - BLOCK )
	( !STACK B008 - BLOCK B011 - BLOCK )
	( !UNSTACK B005 - BLOCK B025 - BLOCK )
	( !STACK B005 - BLOCK B033 - BLOCK )
	( !UNSTACK B008 - BLOCK B011 - BLOCK )
	( !STACK B008 - BLOCK B028 - BLOCK )
	( !PICKUP B011 - BLOCK )
	( !STACK B011 - BLOCK B025 - BLOCK )
	( !UNSTACK B003 - BLOCK B024 - BLOCK )
	( !PUTDOWN B003 - BLOCK )
	( !UNSTACK B024 - BLOCK B032 - BLOCK )
	( !PUTDOWN B024 - BLOCK )
	( !UNSTACK B032 - BLOCK B019 - BLOCK )
	( !PUTDOWN B032 - BLOCK )
	( !UNSTACK B019 - BLOCK B031 - BLOCK )
	( !STACK B019 - BLOCK B011 - BLOCK )
	( !PICKUP B024 - BLOCK )
	( !STACK B024 - BLOCK B019 - BLOCK )
