
Plan found!
	( !UNSTACK B005 - BLOCK B003 - BLOCK )
	( !STACK B005 - BLOCK B022 - BLOCK )
	( !UNSTACK B003 - BLOCK B025 - BLOCK )
	( !STACK B003 - BLOCK B013 - BLOCK )
	( !UNSTACK B025 - BLOCK B002 - BLOCK )
	( !PUTDOWN B025 - BLOCK )
	( !UNSTACK B032 - BLOCK B034 - BLOCK )
	( !STACK B032 - BLOCK B005 - BLOCK )
	( !UNSTACK B034 - BLOCK B033 - BLOCK )
	( !STACK B034 - BLOCK B016 - BLOCK )
	( !UNSTACK B033 - BLOCK B027 - BLOCK )
	( !STACK B033 - BLOCK B025 - BLOCK )
	( !UNSTACK B033 - BLOCK B025 - BLOCK )
	( !STACK B033 - BLOCK B024 - BLOCK )
	( !PICKUP B027 - BLOCK )
	( !STACK B027 - BLOCK B025 - BLOCK )
	( !UNSTACK B028 - BLOCK B036 - BLOCK )
	( !STACK B028 - BLOCK B027 - BLOCK )
	( !UNSTACK B033 - BLOCK B024 - BLOCK )
	( !PUTDOWN B033 - BLOCK )
	( !UNSTACK B024 - BLOCK B026 - BLOCK )
	( !PUTDOWN B024 - BLOCK )
	( !UNSTACK B026 - BLOCK B021 - BLOCK )
	( !STACK B026 - BLOCK B028 - BLOCK )
	( !UNSTACK B035 - BLOCK B037 - BLOCK )
	( !PUTDOWN B035 - BLOCK )
	( !UNSTACK B037 - BLOCK B029 - BLOCK )
	( !PUTDOWN B037 - BLOCK )
	( !UNSTACK B029 - BLOCK B009 - BLOCK )
	( !STACK B029 - BLOCK B026 - BLOCK )
