
Plan found!
	( !UNSTACK B035 - BLOCK B032 - BLOCK )
	( !PUTDOWN B035 - BLOCK )
	( !UNSTACK B032 - BLOCK B033 - BLOCK )
	( !PUTDOWN B032 - BLOCK )
	( !UNSTACK B034 - BLOCK B038 - BLOCK )
	( !PUTDOWN B034 - BLOCK )
	( !UNSTACK B033 - BLOCK B027 - BLOCK )
	( !STACK B033 - BLOCK B038 - BLOCK )
	( !UNSTACK B027 - BLOCK B037 - BLOCK )
	( !PUTDOWN B027 - BLOCK )
	( !UNSTACK B033 - BLOCK B038 - BLOCK )
	( !PUTDOWN B033 - BLOCK )
	( !UNSTACK B038 - BLOCK B028 - BLOCK )
	( !STACK B038 - BLOCK B037 - BLOCK )
	( !UNSTACK B028 - BLOCK B036 - BLOCK )
	( !STACK B028 - BLOCK B027 - BLOCK )
	( !UNSTACK B036 - BLOCK B039 - BLOCK )
	( !STACK B036 - BLOCK B000 - BLOCK )
	( !PICKUP B039 - BLOCK )
	( !STACK B039 - BLOCK B038 - BLOCK )
	( !UNSTACK B036 - BLOCK B000 - BLOCK )
	( !STACK B036 - BLOCK B039 - BLOCK )
	( !PICKUP B035 - BLOCK )
	( !STACK B035 - BLOCK B036 - BLOCK )
