
Plan found!
	( !UNSTACK B042 - BLOCK B043 - BLOCK )
	( !PUTDOWN B042 - BLOCK )
	( !UNSTACK B039 - BLOCK B041 - BLOCK )
	( !STACK B039 - BLOCK B043 - BLOCK )
	( !UNSTACK B041 - BLOCK B035 - BLOCK )
	( !PUTDOWN B041 - BLOCK )
	( !UNSTACK B035 - BLOCK B040 - BLOCK )
	( !PUTDOWN B035 - BLOCK )
	( !UNSTACK B039 - BLOCK B043 - BLOCK )
	( !STACK B039 - BLOCK B040 - BLOCK )
	( !UNSTACK B043 - BLOCK B036 - BLOCK )
	( !PUTDOWN B043 - BLOCK )
	( !UNSTACK B039 - BLOCK B040 - BLOCK )
	( !PUTDOWN B039 - BLOCK )
	( !UNSTACK B040 - BLOCK B037 - BLOCK )
	( !STACK B040 - BLOCK B036 - BLOCK )
	( !PICKUP B035 - BLOCK )
	( !STACK B035 - BLOCK B040 - BLOCK )
	( !PICKUP B037 - BLOCK )
	( !STACK B037 - BLOCK B035 - BLOCK )
	( !PICKUP B042 - BLOCK )
	( !STACK B042 - BLOCK B037 - BLOCK )
