
Plan found!
	( !SWITCH_ON INST003-001 - INSTRUMENT SAT003 - SATELLITE )
	( !TURN_TO SAT003 - SATELLITE DIR007 - DIRECTION DIR008 - DIRECTION )
	( !CALIBRATE SAT003 - SATELLITE INST003-001 - INSTRUMENT DIR007 - DIRECTION )
	( !TURN_TO SAT003 - SATELLITE DIR001 - DIRECTION DIR007 - DIRECTION )
	( !TAKE_IMAGE SAT003 - SATELLITE DIR001 - DIRECTION INST003-001 - INSTRUMENT MODE000 - MODE )
	( !SWITCH_ON INST002-001 - INSTRUMENT SAT002 - SATELLITE )
	( !TURN_TO SAT002 - SATELLITE DIR016 - DIRECTION DIR002 - DIRECTION )
	( !CALIBRATE SAT002 - SATELLITE INST002-001 - INSTRUMENT DIR016 - DIRECTION )
	( !TURN_TO SAT002 - SATELLITE DIR003 - DIRECTION DIR016 - DIRECTION )
	( !TAKE_IMAGE SAT002 - SATELLITE DIR003 - DIRECTION INST002-001 - INSTRUMENT MODE002 - MODE )
	( !SWITCH_ON INST000-002 - INSTRUMENT SAT000 - SATELLITE )
	( !TURN_TO SAT000 - SATELLITE DIR006 - DIRECTION DIR017 - DIRECTION )
	( !CALIBRATE SAT000 - SATELLITE INST000-002 - INSTRUMENT DIR006 - DIRECTION )
	( !TURN_TO SAT000 - SATELLITE DIR008 - DIRECTION DIR006 - DIRECTION )
	( !TAKE_IMAGE SAT000 - SATELLITE DIR008 - DIRECTION INST000-002 - INSTRUMENT MODE001 - MODE )
	( !TURN_TO SAT000 - SATELLITE DIR010 - DIRECTION DIR008 - DIRECTION )
	( !TAKE_IMAGE SAT000 - SATELLITE DIR010 - DIRECTION INST000-002 - INSTRUMENT MODE001 - MODE )
	( !TURN_TO SAT002 - SATELLITE DIR008 - DIRECTION DIR003 - DIRECTION )
	( !TAKE_IMAGE SAT002 - SATELLITE DIR008 - DIRECTION INST002-001 - INSTRUMENT MODE002 - MODE )
