
Plan found!
	( !SWITCH_ON INST002-001 - INSTRUMENT SAT002 - SATELLITE )
	( !TURN_TO SAT002 - SATELLITE DIR005 - DIRECTION DIR017 - DIRECTION )
	( !CALIBRATE SAT002 - SATELLITE INST002-001 - INSTRUMENT DIR005 - DIRECTION )
	( !TURN_TO SAT002 - SATELLITE DIR015 - DIRECTION DIR005 - DIRECTION )
	( !TAKE_IMAGE SAT002 - SATELLITE DIR015 - DIRECTION INST002-001 - INSTRUMENT MODE001 - MODE )
	( !SWITCH_ON INST001-001 - INSTRUMENT SAT001 - SATELLITE )
	( !TURN_TO SAT001 - SATELLITE DIR018 - DIRECTION DIR014 - DIRECTION )
	( !CALIBRATE SAT001 - SATELLITE INST001-001 - INSTRUMENT DIR018 - DIRECTION )
	( !TURN_TO SAT001 - SATELLITE DIR008 - DIRECTION DIR018 - DIRECTION )
	( !TAKE_IMAGE SAT001 - SATELLITE DIR008 - DIRECTION INST001-001 - INSTRUMENT MODE002 - MODE )
	( !SWITCH_OFF INST001-001 - INSTRUMENT SAT001 - SATELLITE )
	( !SWITCH_ON INST001-000 - INSTRUMENT SAT001 - SATELLITE )
	( !TURN_TO SAT001 - SATELLITE DIR004 - DIRECTION DIR008 - DIRECTION )
	( !CALIBRATE SAT001 - SATELLITE INST001-000 - INSTRUMENT DIR004 - DIRECTION )
	( !TURN_TO SAT001 - SATELLITE DIR019 - DIRECTION DIR004 - DIRECTION )
	( !TAKE_IMAGE SAT001 - SATELLITE DIR019 - DIRECTION INST001-000 - INSTRUMENT MODE003 - MODE )
	( !SWITCH_ON INST000-000 - INSTRUMENT SAT000 - SATELLITE )
	( !TURN_TO SAT000 - SATELLITE DIR008 - DIRECTION DIR007 - DIRECTION )
	( !CALIBRATE SAT000 - SATELLITE INST000-000 - INSTRUMENT DIR008 - DIRECTION )
	( !TURN_TO SAT000 - SATELLITE DIR012 - DIRECTION DIR008 - DIRECTION )
	( !TAKE_IMAGE SAT000 - SATELLITE DIR012 - DIRECTION INST000-000 - INSTRUMENT MODE000 - MODE )
