
Plan found!
	( !SWITCH_ON INST000-002 - INSTRUMENT SAT000 - SATELLITE )
	( !TURN_TO SAT000 - SATELLITE DIR016 - DIRECTION DIR019 - DIRECTION )
	( !CALIBRATE SAT000 - SATELLITE INST000-002 - INSTRUMENT DIR016 - DIRECTION )
	( !TURN_TO SAT000 - SATELLITE DIR003 - DIRECTION DIR016 - DIRECTION )
	( !TAKE_IMAGE SAT000 - SATELLITE DIR003 - DIRECTION INST000-002 - INSTRUMENT MODE002 - MODE )
	( !SWITCH_ON INST003-000 - INSTRUMENT SAT003 - SATELLITE )
	( !TURN_TO SAT003 - SATELLITE DIR017 - DIRECTION DIR018 - DIRECTION )
	( !CALIBRATE SAT003 - SATELLITE INST003-000 - INSTRUMENT DIR017 - DIRECTION )
	( !TURN_TO SAT003 - SATELLITE DIR007 - DIRECTION DIR017 - DIRECTION )
	( !TAKE_IMAGE SAT003 - SATELLITE DIR007 - DIRECTION INST003-000 - INSTRUMENT MODE004 - MODE )
	( !TURN_TO SAT003 - SATELLITE DIR017 - DIRECTION DIR007 - DIRECTION )
	( !TAKE_IMAGE SAT003 - SATELLITE DIR017 - DIRECTION INST003-000 - INSTRUMENT MODE004 - MODE )
	( !TURN_TO SAT003 - SATELLITE DIR021 - DIRECTION DIR017 - DIRECTION )
	( !TAKE_IMAGE SAT003 - SATELLITE DIR021 - DIRECTION INST003-000 - INSTRUMENT MODE004 - MODE )
	( !SWITCH_ON INST002-000 - INSTRUMENT SAT002 - SATELLITE )
	( !TURN_TO SAT002 - SATELLITE DIR010 - DIRECTION DIR009 - DIRECTION )
	( !CALIBRATE SAT002 - SATELLITE INST002-000 - INSTRUMENT DIR010 - DIRECTION )
	( !TURN_TO SAT002 - SATELLITE DIR013 - DIRECTION DIR010 - DIRECTION )
	( !TAKE_IMAGE SAT002 - SATELLITE DIR013 - DIRECTION INST002-000 - INSTRUMENT MODE003 - MODE )
