#
# (C) Copyright 2008, University of Illinois, Urbana-Champaign
#
# All rights reserved. Use of this software is permitted ONLY for
# non-commercial research purposes, and it may be copied only
# for that use only. All copies must include this copyright message.
# This software is made available AS IS, and neither the authors
# nor the University of Illinois, make any warranty about the
# software or its performance.
#

Parsing domain file
 domain 'SATELLITE' defined
Parsing problem file
 problem 'PROBNAME' defined



checking for cyclic := effects --- OK.










Solution found.

; Time 0.09
; ParsingTime 0.00
; NrActions 13
; MakeSpan
; MetricValue

	 0.00100:  (SWITCH_ON INST003-001 SAT003)[1.00000]
	 1.00200:  (CALIBRATE SAT003 INST003-001 DIR002)[1.00000]
	 2.00300:  (TAKE_IMAGE SAT003 DIR002 INST003-001 MODE000)[1.00000]
	 3.00400:  (SWITCH_ON INST005-000 SAT005)[1.00000]
	 4.00500:  (TURN_TO SAT005 DIR003 DIR000)[1.00000]
	 5.00600:  (CALIBRATE SAT005 INST005-000 DIR003)[1.00000]
	 6.00700:  (TURN_TO SAT005 DIR000 DIR003)[1.00000]
	 7.00800:  (TAKE_IMAGE SAT005 DIR000 INST005-000 MODE001)[1.00000]
	 8.00900:  (SWITCH_ON INST001-002 SAT001)[1.00000]
	 9.01000:  (CALIBRATE SAT001 INST001-002 DIR001)[1.00000]
	 10.01100:  (TAKE_IMAGE SAT001 DIR001 INST001-002 MODE002)[1.00000]
	 11.01200:  (TURN_TO SAT005 DIR003 DIR000)[1.00000]
	 12.01300:  (TAKE_IMAGE SAT005 DIR003 INST005-000 MODE001)[1.00000]
