#
# (C) Copyright 2008, University of Illinois, Urbana-Champaign
#
# All rights reserved. Use of this software is permitted ONLY for
# non-commercial research purposes, and it may be copied only
# for that use only. All copies must include this copyright message.
# This software is made available AS IS, and neither the authors
# nor the University of Illinois, make any warranty about the
# software or its performance.
#

Parsing domain file
 domain 'SATELLITE' defined
Parsing problem file
 problem 'PROBNAME' defined



checking for cyclic := effects --- OK.










Solution found.

; Time 0.09
; ParsingTime 0.00
; NrActions 14
; MakeSpan
; MetricValue

	 0.00100:  (SWITCH_ON INST003-000 SAT003)[1.00000]
	 1.00200:  (TURN_TO SAT003 DIR000 DIR003)[1.00000]
	 2.00300:  (CALIBRATE SAT003 INST003-000 DIR000)[1.00000]
	 3.00400:  (TURN_TO SAT003 DIR003 DIR000)[1.00000]
	 4.00500:  (TAKE_IMAGE SAT003 DIR003 INST003-000 MODE000)[1.00000]
	 5.00600:  (TURN_TO SAT003 DIR000 DIR003)[1.00000]
	 6.00700:  (TAKE_IMAGE SAT003 DIR000 INST003-000 MODE000)[1.00000]
	 7.00800:  (SWITCH_ON INST001-000 SAT001)[1.00000]
	 8.00900:  (TURN_TO SAT001 DIR000 DIR003)[1.00000]
	 9.01000:  (CALIBRATE SAT001 INST001-000 DIR000)[1.00000]
	 10.01100:  (TURN_TO SAT001 DIR003 DIR000)[1.00000]
	 11.01200:  (TAKE_IMAGE SAT001 DIR003 INST001-000 MODE001)[1.00000]
	 12.01300:  (TURN_TO SAT003 DIR001 DIR000)[1.00000]
	 13.01400:  (TAKE_IMAGE SAT003 DIR001 INST003-000 MODE000)[1.00000]
