#
# (C) Copyright 2008, University of Illinois, Urbana-Champaign
#
# All rights reserved. Use of this software is permitted ONLY for
# non-commercial research purposes, and it may be copied only
# for that use only. All copies must include this copyright message.
# This software is made available AS IS, and neither the authors
# nor the University of Illinois, make any warranty about the
# software or its performance.
#

Parsing domain file
 domain 'SATELLITE' defined
Parsing problem file
 problem 'PROBNAME' defined



checking for cyclic := effects --- OK.








Solution found.

; Time 0.09
; ParsingTime 0.00
; NrActions 8
; MakeSpan
; MetricValue

	 0.00100:  (TURN_TO SAT000 DIR002 DIR003)[1.00000]
	 1.00200:  (SWITCH_ON INST000-000 SAT000)[1.00000]
	 2.00300:  (CALIBRATE SAT000 INST000-000 DIR002)[1.00000]
	 3.00400:  (TAKE_IMAGE SAT000 DIR002 INST000-000 MODE000)[1.00000]
	 4.00500:  (TURN_TO SAT000 DIR000 DIR002)[1.00000]
	 5.00600:  (TAKE_IMAGE SAT000 DIR000 INST000-000 MODE000)[1.00000]
	 6.00700:  (TURN_TO SAT000 DIR001 DIR000)[1.00000]
	 7.00800:  (TAKE_IMAGE SAT000 DIR001 INST000-000 MODE000)[1.00000]
