#
# (C) Copyright 2008, University of Illinois, Urbana-Champaign
#
# All rights reserved. Use of this software is permitted ONLY for
# non-commercial research purposes, and it may be copied only
# for that use only. All copies must include this copyright message.
# This software is made available AS IS, and neither the authors
# nor the University of Illinois, make any warranty about the
# software or its performance.
#

Parsing domain file
 domain 'SATELLITE' defined
Parsing problem file
 problem 'PROBNAME' defined



checking for cyclic := effects --- OK.










Solution found.

; Time 0.09
; ParsingTime 0.00
; NrActions 14
; MakeSpan
; MetricValue

	 0.00100:  (SWITCH_ON INST003-001 SAT003)[1.00000]
	 1.00200:  (TURN_TO SAT003 DIR009 DIR007)[1.00000]
	 2.00300:  (CALIBRATE SAT003 INST003-001 DIR009)[1.00000]
	 3.00400:  (TURN_TO SAT003 DIR007 DIR009)[1.00000]
	 4.00500:  (TAKE_IMAGE SAT003 DIR007 INST003-001 MODE000)[1.00000]
	 5.00600:  (TURN_TO SAT000 DIR009 DIR003)[1.00000]
	 6.00700:  (SWITCH_ON INST000-000 SAT000)[1.00000]
	 7.00800:  (CALIBRATE SAT000 INST000-000 DIR009)[1.00000]
	 8.00900:  (TURN_TO SAT000 DIR002 DIR009)[1.00000]
	 9.01000:  (TAKE_IMAGE SAT000 DIR002 INST000-000 MODE001)[1.00000]
	 10.01100:  (TURN_TO SAT003 DIR006 DIR007)[1.00000]
	 11.01200:  (TAKE_IMAGE SAT003 DIR006 INST003-001 MODE000)[1.00000]
	 12.01300:  (TURN_TO SAT003 DIR001 DIR006)[1.00000]
	 13.01400:  (TAKE_IMAGE SAT003 DIR001 INST003-001 MODE000)[1.00000]
