#
# (C) Copyright 2008, University of Illinois, Urbana-Champaign
#
# All rights reserved. Use of this software is permitted ONLY for
# non-commercial research purposes, and it may be copied only
# for that use only. All copies must include this copyright message.
# This software is made available AS IS, and neither the authors
# nor the University of Illinois, make any warranty about the
# software or its performance.
#

Parsing domain file
 domain 'SATELLITE' defined
Parsing problem file
 problem 'PROBNAME' defined



checking for cyclic := effects --- OK.










Solution found.

; Time 0.09
; ParsingTime 0.00
; NrActions 15
; MakeSpan
; MetricValue

	 0.00100:  (TURN_TO SAT000 DIR007 DIR008)[1.00000]
	 1.00200:  (SWITCH_ON INST000-001 SAT000)[1.00000]
	 2.00300:  (CALIBRATE SAT000 INST000-001 DIR007)[1.00000]
	 3.00400:  (TURN_TO SAT000 DIR006 DIR007)[1.00000]
	 4.00500:  (TAKE_IMAGE SAT000 DIR006 INST000-001 MODE004)[1.00000]
	 5.00600:  (SWITCH_OFF INST000-001 SAT000)[1.00000]
	 6.00700:  (TURN_TO SAT000 DIR013 DIR006)[1.00000]
	 7.00800:  (SWITCH_ON INST000-002 SAT000)[1.00000]
	 8.00900:  (CALIBRATE SAT000 INST000-002 DIR013)[1.00000]
	 9.01000:  (TURN_TO SAT000 DIR000 DIR013)[1.00000]
	 10.01100:  (TAKE_IMAGE SAT000 DIR000 INST000-002 MODE000)[1.00000]
	 11.01200:  (TURN_TO SAT000 DIR006 DIR000)[1.00000]
	 12.01300:  (TAKE_IMAGE SAT000 DIR006 INST000-002 MODE000)[1.00000]
	 13.01400:  (TURN_TO SAT000 DIR009 DIR006)[1.00000]
	 14.01500:  (TAKE_IMAGE SAT000 DIR009 INST000-002 MODE000)[1.00000]
