#
# (C) Copyright 2008, University of Illinois, Urbana-Champaign
#
# All rights reserved. Use of this software is permitted ONLY for
# non-commercial research purposes, and it may be copied only
# for that use only. All copies must include this copyright message.
# This software is made available AS IS, and neither the authors
# nor the University of Illinois, make any warranty about the
# software or its performance.
#

Parsing domain file
 domain 'SATELLITE' defined
Parsing problem file
 problem 'PROBNAME' defined



checking for cyclic := effects --- OK.






Solution found.

; Time 0.12
; ParsingTime 0.00
; NrActions 9
; MakeSpan
; MetricValue

	 0.00100:  (SWITCH_ON INST001-001 SAT001)[1.00000]
	 1.00200:  (CALIBRATE SAT001 INST001-001 DIR004)[1.00000]
	 2.00300:  (TURN_TO SAT001 DIR012 DIR004)[1.00000]
	 3.00400:  (TAKE_IMAGE SAT001 DIR012 INST001-001 MODE003)[1.00000]
	 4.00500:  (TURN_TO SAT002 DIR013 DIR015)[1.00000]
	 5.00600:  (SWITCH_ON INST002-002 SAT002)[1.00000]
	 6.00700:  (CALIBRATE SAT002 INST002-002 DIR013)[1.00000]
	 7.00800:  (TURN_TO SAT002 DIR003 DIR013)[1.00000]
	 8.00900:  (TAKE_IMAGE SAT002 DIR003 INST002-002 MODE002)[1.00000]
