#
# (C) Copyright 2008, University of Illinois, Urbana-Champaign
#
# All rights reserved. Use of this software is permitted ONLY for
# non-commercial research purposes, and it may be copied only
# for that use only. All copies must include this copyright message.
# This software is made available AS IS, and neither the authors
# nor the University of Illinois, make any warranty about the
# software or its performance.
#

Parsing domain file
 domain 'SATELLITE' defined
Parsing problem file
 problem 'PROBNAME' defined



checking for cyclic := effects --- OK.








Solution found.

; Time 0.12
; ParsingTime 0.00
; NrActions 11
; MakeSpan
; MetricValue

	 0.00100:  (TURN_TO SAT000 DIR004 DIR010)[1.00000]
	 1.00200:  (SWITCH_ON INST000-002 SAT000)[1.00000]
	 2.00300:  (CALIBRATE SAT000 INST000-002 DIR004)[1.00000]
	 3.00400:  (TAKE_IMAGE SAT000 DIR004 INST000-002 MODE002)[1.00000]
	 4.00500:  (TURN_TO SAT000 DIR013 DIR004)[1.00000]
	 5.00600:  (TAKE_IMAGE SAT000 DIR013 INST000-002 MODE002)[1.00000]
	 6.00700:  (TURN_TO SAT001 DIR004 DIR009)[1.00000]
	 7.00800:  (SWITCH_ON INST001-000 SAT001)[1.00000]
	 8.00900:  (CALIBRATE SAT001 INST001-000 DIR004)[1.00000]
	 9.01000:  (TURN_TO SAT001 DIR012 DIR004)[1.00000]
	 10.01100:  (TAKE_IMAGE SAT001 DIR012 INST001-000 MODE001)[1.00000]
