#
# (C) Copyright 2008, University of Illinois, Urbana-Champaign
#
# All rights reserved. Use of this software is permitted ONLY for
# non-commercial research purposes, and it may be copied only
# for that use only. All copies must include this copyright message.
# This software is made available AS IS, and neither the authors
# nor the University of Illinois, make any warranty about the
# software or its performance.
#

Parsing domain file
 domain 'SATELLITE' defined
Parsing problem file
 problem 'PROBNAME' defined



checking for cyclic := effects --- OK.










Solution found.

; Time 0.17
; ParsingTime 0.00
; NrActions 11
; MakeSpan
; MetricValue

	 0.00100:  (TURN_TO SAT000 DIR006 DIR004)[1.00000]
	 1.00200:  (SWITCH_ON INST000-000 SAT000)[1.00000]
	 2.00300:  (CALIBRATE SAT000 INST000-000 DIR006)[1.00000]
	 3.00400:  (TURN_TO SAT000 DIR012 DIR006)[1.00000]
	 4.00500:  (TAKE_IMAGE SAT000 DIR012 INST000-000 MODE000)[1.00000]
	 5.00600:  (TURN_TO SAT000 DIR011 DIR012)[1.00000]
	 6.00700:  (TAKE_IMAGE SAT000 DIR011 INST000-000 MODE000)[1.00000]
	 7.00800:  (TURN_TO SAT000 DIR019 DIR011)[1.00000]
	 8.00900:  (TAKE_IMAGE SAT000 DIR019 INST000-000 MODE000)[1.00000]
	 9.01000:  (TURN_TO SAT000 DIR004 DIR019)[1.00000]
	 10.01100:  (TAKE_IMAGE SAT000 DIR004 INST000-000 MODE000)[1.00000]
