#
# (C) Copyright 2008, University of Illinois, Urbana-Champaign
#
# All rights reserved. Use of this software is permitted ONLY for
# non-commercial research purposes, and it may be copied only
# for that use only. All copies must include this copyright message.
# This software is made available AS IS, and neither the authors
# nor the University of Illinois, make any warranty about the
# software or its performance.
#

Parsing domain file
 domain 'SATELLITE' defined
Parsing problem file
 problem 'PROBNAME' defined



checking for cyclic := effects --- OK.










Solution found.

; Time 0.18
; ParsingTime 0.00
; NrActions 21
; MakeSpan
; MetricValue

	 0.00100:  (SWITCH_ON INST001-000 SAT001)[1.00000]
	 1.00200:  (TURN_TO SAT001 DIR013 DIR005)[1.00000]
	 2.00300:  (CALIBRATE SAT001 INST001-000 DIR013)[1.00000]
	 3.00400:  (TURN_TO SAT001 DIR005 DIR013)[1.00000]
	 4.00500:  (TAKE_IMAGE SAT001 DIR005 INST001-000 MODE002)[1.00000]
	 5.00600:  (TURN_TO SAT003 DIR006 DIR015)[1.00000]
	 6.00700:  (SWITCH_ON INST003-000 SAT003)[1.00000]
	 7.00800:  (CALIBRATE SAT003 INST003-000 DIR006)[1.00000]
	 8.00900:  (TURN_TO SAT003 DIR014 DIR006)[1.00000]
	 9.01000:  (TAKE_IMAGE SAT003 DIR014 INST003-000 MODE004)[1.00000]
	 10.01100:  (SWITCH_OFF INST001-000 SAT001)[1.00000]
	 11.01200:  (TURN_TO SAT001 DIR002 DIR005)[1.00000]
	 12.01300:  (SWITCH_ON INST001-002 SAT001)[1.00000]
	 13.01400:  (CALIBRATE SAT001 INST001-002 DIR002)[1.00000]
	 14.01500:  (TURN_TO SAT001 DIR016 DIR002)[1.00000]
	 15.01600:  (TAKE_IMAGE SAT001 DIR016 INST001-002 MODE003)[1.00000]
	 16.01700:  (TURN_TO SAT002 DIR002 DIR023)[1.00000]
	 17.01800:  (SWITCH_ON INST002-000 SAT002)[1.00000]
	 18.01900:  (CALIBRATE SAT002 INST002-000 DIR002)[1.00000]
	 19.02000:  (TURN_TO SAT002 DIR020 DIR002)[1.00000]
	 20.02100:  (TAKE_IMAGE SAT002 DIR020 INST002-000 MODE000)[1.00000]
