#
# (C) Copyright 2008, University of Illinois, Urbana-Champaign
#
# All rights reserved. Use of this software is permitted ONLY for
# non-commercial research purposes, and it may be copied only
# for that use only. All copies must include this copyright message.
# This software is made available AS IS, and neither the authors
# nor the University of Illinois, make any warranty about the
# software or its performance.
#

Parsing domain file
 domain 'SATELLITE' defined
Parsing problem file
 problem 'PROBNAME' defined



checking for cyclic := effects --- OK.








Solution found.

; Time 0.22
; ParsingTime 0.00
; NrActions 15
; MakeSpan
; MetricValue

	 0.00100:  (TURN_TO SAT000 DIR023 DIR019)[1.00000]
	 1.00200:  (SWITCH_ON INST000-000 SAT000)[1.00000]
	 2.00300:  (CALIBRATE SAT000 INST000-000 DIR023)[1.00000]
	 3.00400:  (TURN_TO SAT000 DIR006 DIR023)[1.00000]
	 4.00500:  (TAKE_IMAGE SAT000 DIR006 INST000-000 MODE001)[1.00000]
	 5.00600:  (TURN_TO SAT001 DIR014 DIR001)[1.00000]
	 6.00700:  (SWITCH_ON INST001-001 SAT001)[1.00000]
	 7.00800:  (CALIBRATE SAT001 INST001-001 DIR014)[1.00000]
	 8.00900:  (TURN_TO SAT001 DIR023 DIR014)[1.00000]
	 9.01000:  (TAKE_IMAGE SAT001 DIR023 INST001-001 MODE002)[1.00000]
	 10.01100:  (TURN_TO SAT002 DIR003 DIR006)[1.00000]
	 11.01200:  (SWITCH_ON INST002-000 SAT002)[1.00000]
	 12.01300:  (CALIBRATE SAT002 INST002-000 DIR003)[1.00000]
	 13.01400:  (TURN_TO SAT002 DIR013 DIR003)[1.00000]
	 14.01500:  (TAKE_IMAGE SAT002 DIR013 INST002-000 MODE000)[1.00000]
