#
# (C) Copyright 2008, University of Illinois, Urbana-Champaign
#
# All rights reserved. Use of this software is permitted ONLY for
# non-commercial research purposes, and it may be copied only
# for that use only. All copies must include this copyright message.
# This software is made available AS IS, and neither the authors
# nor the University of Illinois, make any warranty about the
# software or its performance.
#

Parsing domain file
 domain 'SATELLITE' defined
Parsing problem file
 problem 'PROBNAME' defined



checking for cyclic := effects --- OK.










Solution found.

; Time 0.21
; ParsingTime 0.00
; NrActions 17
; MakeSpan
; MetricValue

	 0.00100:  (TURN_TO SAT001 DIR004 DIR017)[1.00000]
	 1.00200:  (SWITCH_ON INST001-000 SAT001)[1.00000]
	 2.00300:  (CALIBRATE SAT001 INST001-000 DIR004)[1.00000]
	 3.00400:  (TURN_TO SAT001 DIR021 DIR004)[1.00000]
	 4.00500:  (TAKE_IMAGE SAT001 DIR021 INST001-000 MODE001)[1.00000]
	 5.00600:  (TURN_TO SAT001 DIR010 DIR021)[1.00000]
	 6.00700:  (TAKE_IMAGE SAT001 DIR010 INST001-000 MODE001)[1.00000]
	 7.00800:  (TURN_TO SAT000 DIR004 DIR012)[1.00000]
	 8.00900:  (SWITCH_ON INST000-000 SAT000)[1.00000]
	 9.01000:  (CALIBRATE SAT000 INST000-000 DIR004)[1.00000]
	 10.01100:  (TURN_TO SAT000 DIR017 DIR004)[1.00000]
	 11.01200:  (TAKE_IMAGE SAT000 DIR017 INST000-000 MODE000)[1.00000]
	 12.01300:  (TURN_TO SAT002 DIR021 DIR014)[1.00000]
	 13.01400:  (SWITCH_ON INST002-000 SAT002)[1.00000]
	 14.01500:  (CALIBRATE SAT002 INST002-000 DIR021)[1.00000]
	 15.01600:  (TURN_TO SAT002 DIR020 DIR021)[1.00000]
	 16.01700:  (TAKE_IMAGE SAT002 DIR020 INST002-000 MODE002)[1.00000]
