#
# (C) Copyright 2008, University of Illinois, Urbana-Champaign
#
# All rights reserved. Use of this software is permitted ONLY for
# non-commercial research purposes, and it may be copied only
# for that use only. All copies must include this copyright message.
# This software is made available AS IS, and neither the authors
# nor the University of Illinois, make any warranty about the
# software or its performance.
#

Parsing domain file
 domain 'SATELLITE' defined
Parsing problem file
 problem 'PROBNAME' defined



checking for cyclic := effects --- OK.












Solution found.

; Time 0.19
; ParsingTime 0.00
; NrActions 19
; MakeSpan
; MetricValue

	 0.00100:  (TURN_TO SAT000 DIR015 DIR010)[1.00000]
	 1.00200:  (SWITCH_ON INST000-000 SAT000)[1.00000]
	 2.00300:  (CALIBRATE SAT000 INST000-000 DIR015)[1.00000]
	 3.00400:  (TURN_TO SAT000 DIR014 DIR015)[1.00000]
	 4.00500:  (TAKE_IMAGE SAT000 DIR014 INST000-000 MODE001)[1.00000]
	 5.00600:  (TURN_TO SAT001 DIR011 DIR010)[1.00000]
	 6.00700:  (SWITCH_ON INST001-003 SAT001)[1.00000]
	 7.00800:  (CALIBRATE SAT001 INST001-003 DIR011)[1.00000]
	 8.00900:  (TURN_TO SAT001 DIR014 DIR011)[1.00000]
	 9.01000:  (TAKE_IMAGE SAT001 DIR014 INST001-003 MODE000)[1.00000]
	 10.01100:  (TURN_TO SAT003 DIR003 DIR002)[1.00000]
	 11.01200:  (SWITCH_ON INST003-000 SAT003)[1.00000]
	 12.01300:  (CALIBRATE SAT003 INST003-000 DIR003)[1.00000]
	 13.01400:  (TURN_TO SAT003 DIR008 DIR003)[1.00000]
	 14.01500:  (TAKE_IMAGE SAT003 DIR008 INST003-000 MODE003)[1.00000]
	 15.01600:  (TURN_TO SAT000 DIR002 DIR014)[1.00000]
	 16.01700:  (TAKE_IMAGE SAT000 DIR002 INST000-000 MODE001)[1.00000]
	 17.01800:  (TURN_TO SAT000 DIR018 DIR002)[1.00000]
	 18.01900:  (TAKE_IMAGE SAT000 DIR018 INST000-000 MODE001)[1.00000]
