
Plan found!
	( !SWITCH_ON INST003-002 - INSTRUMENT SAT003 - SATELLITE )
	( !TURN_TO SAT003 - SATELLITE DIR001 - DIRECTION DIR002 - DIRECTION )
	( !CALIBRATE SAT003 - SATELLITE INST003-002 - INSTRUMENT DIR001 - DIRECTION )
	( !TURN_TO SAT003 - SATELLITE DIR000 - DIRECTION DIR001 - DIRECTION )
	( !TAKE_IMAGE SAT003 - SATELLITE DIR000 - DIRECTION INST003-002 - INSTRUMENT MODE004 - MODE )
	( !SWITCH_ON INST004-002 - INSTRUMENT SAT004 - SATELLITE )
	( !TURN_TO SAT004 - SATELLITE DIR000 - DIRECTION DIR001 - DIRECTION )
	( !CALIBRATE SAT004 - SATELLITE INST004-002 - INSTRUMENT DIR000 - DIRECTION )
	( !TURN_TO SAT004 - SATELLITE DIR001 - DIRECTION DIR000 - DIRECTION )
	( !TAKE_IMAGE SAT004 - SATELLITE DIR001 - DIRECTION INST004-002 - INSTRUMENT MODE000 - MODE )
	( !SWITCH_ON INST002-001 - INSTRUMENT SAT002 - SATELLITE )
	( !TURN_TO SAT002 - SATELLITE DIR003 - DIRECTION DIR001 - DIRECTION )
	( !CALIBRATE SAT002 - SATELLITE INST002-001 - INSTRUMENT DIR003 - DIRECTION )
	( !TAKE_IMAGE SAT002 - SATELLITE DIR003 - DIRECTION INST002-001 - INSTRUMENT MODE001 - MODE )
	( !TURN_TO SAT003 - SATELLITE DIR003 - DIRECTION DIR000 - DIRECTION )
	( !TAKE_IMAGE SAT003 - SATELLITE DIR003 - DIRECTION INST003-002 - INSTRUMENT MODE004 - MODE )
	( !SWITCH_ON INST000-000 - INSTRUMENT SAT000 - SATELLITE )
	( !CALIBRATE SAT000 - SATELLITE INST000-000 - INSTRUMENT DIR000 - DIRECTION )
	( !TAKE_IMAGE SAT000 - SATELLITE DIR000 - DIRECTION INST000-000 - INSTRUMENT MODE002 - MODE )
