
Plan found!
	( !SWITCH_ON INST002-000 - INSTRUMENT SAT002 - SATELLITE )
	( !TURN_TO SAT002 - SATELLITE DIR000 - DIRECTION DIR009 - DIRECTION )
	( !CALIBRATE SAT002 - SATELLITE INST002-000 - INSTRUMENT DIR000 - DIRECTION )
	( !TURN_TO SAT002 - SATELLITE DIR006 - DIRECTION DIR000 - DIRECTION )
	( !TAKE_IMAGE SAT002 - SATELLITE DIR006 - DIRECTION INST002-000 - INSTRUMENT MODE004 - MODE )
	( !SWITCH_ON INST004-002 - INSTRUMENT SAT004 - SATELLITE )
	( !TURN_TO SAT004 - SATELLITE DIR005 - DIRECTION DIR006 - DIRECTION )
	( !CALIBRATE SAT004 - SATELLITE INST004-002 - INSTRUMENT DIR005 - DIRECTION )
	( !TURN_TO SAT004 - SATELLITE DIR002 - DIRECTION DIR005 - DIRECTION )
	( !TAKE_IMAGE SAT004 - SATELLITE DIR002 - DIRECTION INST004-002 - INSTRUMENT MODE002 - MODE )
	( !SWITCH_ON INST001-000 - INSTRUMENT SAT001 - SATELLITE )
	( !TURN_TO SAT001 - SATELLITE DIR001 - DIRECTION DIR008 - DIRECTION )
	( !CALIBRATE SAT001 - SATELLITE INST001-000 - INSTRUMENT DIR001 - DIRECTION )
	( !TURN_TO SAT001 - SATELLITE DIR003 - DIRECTION DIR001 - DIRECTION )
	( !TAKE_IMAGE SAT001 - SATELLITE DIR003 - DIRECTION INST001-000 - INSTRUMENT MODE000 - MODE )
	( !SWITCH_ON INST000-002 - INSTRUMENT SAT000 - SATELLITE )
	( !TURN_TO SAT000 - SATELLITE DIR009 - DIRECTION DIR007 - DIRECTION )
	( !CALIBRATE SAT000 - SATELLITE INST000-002 - INSTRUMENT DIR009 - DIRECTION )
	( !TURN_TO SAT000 - SATELLITE DIR006 - DIRECTION DIR009 - DIRECTION )
	( !TAKE_IMAGE SAT000 - SATELLITE DIR006 - DIRECTION INST000-002 - INSTRUMENT MODE003 - MODE )
