
Plan found!
	( !SWITCH_ON INST005-000 - INSTRUMENT SAT005 - SATELLITE )
	( !TURN_TO SAT005 - SATELLITE DIR007 - DIRECTION DIR000 - DIRECTION )
	( !CALIBRATE SAT005 - SATELLITE INST005-000 - INSTRUMENT DIR007 - DIRECTION )
	( !TURN_TO SAT005 - SATELLITE DIR009 - DIRECTION DIR007 - DIRECTION )
	( !TAKE_IMAGE SAT005 - SATELLITE DIR009 - DIRECTION INST005-000 - INSTRUMENT MODE004 - MODE )
	( !SWITCH_ON INST002-001 - INSTRUMENT SAT002 - SATELLITE )
	( !TURN_TO SAT002 - SATELLITE DIR010 - DIRECTION DIR002 - DIRECTION )
	( !CALIBRATE SAT002 - SATELLITE INST002-001 - INSTRUMENT DIR010 - DIRECTION )
	( !TURN_TO SAT002 - SATELLITE DIR015 - DIRECTION DIR010 - DIRECTION )
	( !TAKE_IMAGE SAT002 - SATELLITE DIR015 - DIRECTION INST002-001 - INSTRUMENT MODE001 - MODE )
	( !TURN_TO SAT002 - SATELLITE DIR001 - DIRECTION DIR015 - DIRECTION )
	( !TAKE_IMAGE SAT002 - SATELLITE DIR001 - DIRECTION INST002-001 - INSTRUMENT MODE001 - MODE )
	( !SWITCH_ON INST000-003 - INSTRUMENT SAT000 - SATELLITE )
	( !TURN_TO SAT000 - SATELLITE DIR007 - DIRECTION DIR010 - DIRECTION )
	( !CALIBRATE SAT000 - SATELLITE INST000-003 - INSTRUMENT DIR007 - DIRECTION )
	( !TURN_TO SAT000 - SATELLITE DIR005 - DIRECTION DIR007 - DIRECTION )
	( !TAKE_IMAGE SAT000 - SATELLITE DIR005 - DIRECTION INST000-003 - INSTRUMENT MODE003 - MODE )
	( !SWITCH_ON INST001-003 - INSTRUMENT SAT001 - SATELLITE )
	( !TURN_TO SAT001 - SATELLITE DIR004 - DIRECTION DIR012 - DIRECTION )
	( !CALIBRATE SAT001 - SATELLITE INST001-003 - INSTRUMENT DIR004 - DIRECTION )
	( !TURN_TO SAT001 - SATELLITE DIR010 - DIRECTION DIR004 - DIRECTION )
	( !TAKE_IMAGE SAT001 - SATELLITE DIR010 - DIRECTION INST001-003 - INSTRUMENT MODE000 - MODE )
