
Plan found!
	( !SWITCH_ON INST004-002 - INSTRUMENT SAT004 - SATELLITE )
	( !TURN_TO SAT004 - SATELLITE DIR016 - DIRECTION DIR012 - DIRECTION )
	( !CALIBRATE SAT004 - SATELLITE INST004-002 - INSTRUMENT DIR016 - DIRECTION )
	( !TURN_TO SAT004 - SATELLITE DIR011 - DIRECTION DIR016 - DIRECTION )
	( !TAKE_IMAGE SAT004 - SATELLITE DIR011 - DIRECTION INST004-002 - INSTRUMENT MODE001 - MODE )
	( !SWITCH_ON INST005-000 - INSTRUMENT SAT005 - SATELLITE )
	( !TURN_TO SAT005 - SATELLITE DIR009 - DIRECTION DIR017 - DIRECTION )
	( !CALIBRATE SAT005 - SATELLITE INST005-000 - INSTRUMENT DIR009 - DIRECTION )
	( !TURN_TO SAT005 - SATELLITE DIR002 - DIRECTION DIR009 - DIRECTION )
	( !TAKE_IMAGE SAT005 - SATELLITE DIR002 - DIRECTION INST005-000 - INSTRUMENT MODE003 - MODE )
	( !TURN_TO SAT005 - SATELLITE DIR006 - DIRECTION DIR002 - DIRECTION )
	( !TAKE_IMAGE SAT005 - SATELLITE DIR006 - DIRECTION INST005-000 - INSTRUMENT MODE003 - MODE )
	( !SWITCH_ON INST001-001 - INSTRUMENT SAT001 - SATELLITE )
	( !TURN_TO SAT001 - SATELLITE DIR014 - DIRECTION DIR010 - DIRECTION )
	( !CALIBRATE SAT001 - SATELLITE INST001-001 - INSTRUMENT DIR014 - DIRECTION )
	( !TURN_TO SAT001 - SATELLITE DIR008 - DIRECTION DIR014 - DIRECTION )
	( !TAKE_IMAGE SAT001 - SATELLITE DIR008 - DIRECTION INST001-001 - INSTRUMENT MODE002 - MODE )
	( !SWITCH_ON INST002-000 - INSTRUMENT SAT002 - SATELLITE )
	( !TURN_TO SAT002 - SATELLITE DIR014 - DIRECTION DIR003 - DIRECTION )
	( !CALIBRATE SAT002 - SATELLITE INST002-000 - INSTRUMENT DIR014 - DIRECTION )
	( !TURN_TO SAT002 - SATELLITE DIR013 - DIRECTION DIR014 - DIRECTION )
	( !TAKE_IMAGE SAT002 - SATELLITE DIR013 - DIRECTION INST002-000 - INSTRUMENT MODE000 - MODE )
