
Plan found!
	( !SWITCH_ON INST002-003 - INSTRUMENT SAT002 - SATELLITE )
	( !TURN_TO SAT002 - SATELLITE DIR014 - DIRECTION DIR019 - DIRECTION )
	( !CALIBRATE SAT002 - SATELLITE INST002-003 - INSTRUMENT DIR014 - DIRECTION )
	( !TURN_TO SAT002 - SATELLITE DIR002 - DIRECTION DIR014 - DIRECTION )
	( !TAKE_IMAGE SAT002 - SATELLITE DIR002 - DIRECTION INST002-003 - INSTRUMENT MODE003 - MODE )
	( !SWITCH_ON INST000-001 - INSTRUMENT SAT000 - SATELLITE )
	( !TURN_TO SAT000 - SATELLITE DIR008 - DIRECTION DIR016 - DIRECTION )
	( !CALIBRATE SAT000 - SATELLITE INST000-001 - INSTRUMENT DIR008 - DIRECTION )
	( !TURN_TO SAT000 - SATELLITE DIR009 - DIRECTION DIR008 - DIRECTION )
	( !TAKE_IMAGE SAT000 - SATELLITE DIR009 - DIRECTION INST000-001 - INSTRUMENT MODE000 - MODE )
	( !SWITCH_OFF INST000-001 - INSTRUMENT SAT000 - SATELLITE )
	( !SWITCH_ON INST000-002 - INSTRUMENT SAT000 - SATELLITE )
	( !TURN_TO SAT000 - SATELLITE DIR008 - DIRECTION DIR009 - DIRECTION )
	( !CALIBRATE SAT000 - SATELLITE INST000-002 - INSTRUMENT DIR008 - DIRECTION )
	( !TURN_TO SAT000 - SATELLITE DIR019 - DIRECTION DIR008 - DIRECTION )
	( !TAKE_IMAGE SAT000 - SATELLITE DIR019 - DIRECTION INST000-002 - INSTRUMENT MODE004 - MODE )
	( !SWITCH_ON INST001-000 - INSTRUMENT SAT001 - SATELLITE )
	( !TURN_TO SAT001 - SATELLITE DIR008 - DIRECTION DIR000 - DIRECTION )
	( !CALIBRATE SAT001 - SATELLITE INST001-000 - INSTRUMENT DIR008 - DIRECTION )
	( !TURN_TO SAT001 - SATELLITE DIR000 - DIRECTION DIR008 - DIRECTION )
	( !TAKE_IMAGE SAT001 - SATELLITE DIR000 - DIRECTION INST001-000 - INSTRUMENT MODE002 - MODE )
	( !SWITCH_OFF INST002-003 - INSTRUMENT SAT002 - SATELLITE )
	( !SWITCH_ON INST002-000 - INSTRUMENT SAT002 - SATELLITE )
	( !TURN_TO SAT002 - SATELLITE DIR015 - DIRECTION DIR002 - DIRECTION )
	( !CALIBRATE SAT002 - SATELLITE INST002-000 - INSTRUMENT DIR015 - DIRECTION )
	( !TURN_TO SAT002 - SATELLITE DIR008 - DIRECTION DIR015 - DIRECTION )
	( !TAKE_IMAGE SAT002 - SATELLITE DIR008 - DIRECTION INST002-000 - INSTRUMENT MODE000 - MODE )
