
Plan found!
	( !SWITCH_ON INST002-000 - INSTRUMENT SAT002 - SATELLITE )
	( !TURN_TO SAT002 - SATELLITE DIR002 - DIRECTION DIR023 - DIRECTION )
	( !CALIBRATE SAT002 - SATELLITE INST002-000 - INSTRUMENT DIR002 - DIRECTION )
	( !TURN_TO SAT002 - SATELLITE DIR020 - DIRECTION DIR002 - DIRECTION )
	( !TAKE_IMAGE SAT002 - SATELLITE DIR020 - DIRECTION INST002-000 - INSTRUMENT MODE000 - MODE )
	( !SWITCH_ON INST001-002 - INSTRUMENT SAT001 - SATELLITE )
	( !TURN_TO SAT001 - SATELLITE DIR002 - DIRECTION DIR005 - DIRECTION )
	( !CALIBRATE SAT001 - SATELLITE INST001-002 - INSTRUMENT DIR002 - DIRECTION )
	( !TURN_TO SAT001 - SATELLITE DIR016 - DIRECTION DIR002 - DIRECTION )
	( !TAKE_IMAGE SAT001 - SATELLITE DIR016 - DIRECTION INST001-002 - INSTRUMENT MODE003 - MODE )
	( !SWITCH_ON INST003-000 - INSTRUMENT SAT003 - SATELLITE )
	( !TURN_TO SAT003 - SATELLITE DIR006 - DIRECTION DIR015 - DIRECTION )
	( !CALIBRATE SAT003 - SATELLITE INST003-000 - INSTRUMENT DIR006 - DIRECTION )
	( !TURN_TO SAT003 - SATELLITE DIR014 - DIRECTION DIR006 - DIRECTION )
	( !TAKE_IMAGE SAT003 - SATELLITE DIR014 - DIRECTION INST003-000 - INSTRUMENT MODE004 - MODE )
	( !SWITCH_ON INST004-002 - INSTRUMENT SAT004 - SATELLITE )
	( !TURN_TO SAT004 - SATELLITE DIR011 - DIRECTION DIR014 - DIRECTION )
	( !CALIBRATE SAT004 - SATELLITE INST004-002 - INSTRUMENT DIR011 - DIRECTION )
	( !TURN_TO SAT004 - SATELLITE DIR005 - DIRECTION DIR011 - DIRECTION )
	( !TAKE_IMAGE SAT004 - SATELLITE DIR005 - DIRECTION INST004-002 - INSTRUMENT MODE002 - MODE )
