
ff: parsing domain file
domain 'BLOCKS4' defined
 ... done.
ff: parsing problem file
problem 'PROBNAME' defined
 ... done.



Cueing down from goal distance:    2 into depth [1]
                                   1            [1]
                                   0            

Cueing down from goal distance:    2 into depth [1]
                                   1            [1]
                                   0            

ff: found legal plan as follows

step    0: UNSTACK B001 B003
        1: STACK B001 B000
        2: PICKUP B003
        3: STACK B003 B001
     

time spent:    0.00 seconds instantiating 40 easy, 0 hard action templates
               0.00 seconds reachability analysis, yielding 29 facts and 40 actions
               0.00 seconds creating final representation with 29 relevant facts
               0.00 seconds building connectivity graph
               0.00 seconds searching, evaluating 8 states, to a max depth of 1
               0.00 seconds total time

