
ff: parsing domain file
domain 'BLOCKS4' defined
 ... done.
ff: parsing problem file
problem 'PROBNAME' defined
 ... done.



Cueing down from goal distance:    4 into depth [1][2]
                                   3            [1][2]
                                   2            [1]
                                   1            [1]
                                   0            

Cueing down from goal distance:    3 into depth [1][2]
                                   2            [1]
                                   1            [1]
                                   0            

Cueing down from goal distance:    2 into depth [1]
                                   1            [1]
                                   0            

Cueing down from goal distance:    3 into depth [1][2]
                                   2            [1]
                                   1            [1]
                                   0            

Cueing down from goal distance:    3 into depth [1][2]
                                   2            [1]
                                   1            [1]
                                   0            

ff: found legal plan as follows

step    0: UNSTACK B000 B002
        1: STACK B000 B005
        2: UNSTACK B002 B004
        3: STACK B002 B000
        4: UNSTACK B004 B003
        5: PUTDOWN B004
        6: UNSTACK B002 B000
        7: PUTDOWN B002
        8: UNSTACK B000 B005
        9: STACK B000 B004
       10: PICKUP B005
       11: STACK B005 B000
       12: UNSTACK B003 B001
       13: STACK B003 B002
       14: PICKUP B001
       15: STACK B001 B005
       16: UNSTACK B003 B002
       17: PUTDOWN B003
       18: PICKUP B002
       19: STACK B002 B001
     

time spent:    0.00 seconds instantiating 84 easy, 0 hard action templates
               0.00 seconds reachability analysis, yielding 55 facts and 84 actions
               0.00 seconds creating final representation with 55 relevant facts
               0.00 seconds building connectivity graph
               0.00 seconds searching, evaluating 25 states, to a max depth of 2
               0.00 seconds total time

