
ff: parsing domain file
domain 'BLOCKS4' defined
 ... done.
ff: parsing problem file
problem 'PROBNAME' defined
 ... done.



Cueing down from goal distance:    2 into depth [1]
                                   1            [1]
                                   0            

Cueing down from goal distance:    2 into depth [1]
                                   1            [1]
                                   0            

ff: found legal plan as follows

step    0: UNSTACK B005 B003
        1: PUTDOWN B005
        2: UNSTACK B002 B000
        3: STACK B002 B005
     

time spent:    0.00 seconds instantiating 84 easy, 0 hard action templates
               0.00 seconds reachability analysis, yielding 55 facts and 84 actions
               0.00 seconds creating final representation with 55 relevant facts
               0.00 seconds building connectivity graph
               0.00 seconds searching, evaluating 6 states, to a max depth of 1
               0.00 seconds total time

