
ff: parsing domain file
domain 'BLOCKS4' defined
 ... done.
ff: parsing problem file
problem 'PROBNAME' defined
 ... done.



Cueing down from goal distance:    4 into depth [1][2]
                                   3            [1][2]
                                   2            [1]
                                   1            [1]
                                   0            

Cueing down from goal distance:    2 into depth [1]
                                   1            [1]
                                   0            

Cueing down from goal distance:    4 into depth [1][2]
                                   3            [1][2]
                                   2            [1]
                                   1            [1]
                                   0            

Cueing down from goal distance:    2 into depth [1]
                                   1            [1]
                                   0            

ff: found legal plan as follows

step    0: UNSTACK B002 B001
        1: STACK B002 B003
        2: UNSTACK B001 B000
        3: STACK B001 B002
        4: UNSTACK B000 B004
        5: PUTDOWN B000
        6: PICKUP B004
        7: STACK B004 B000
        8: UNSTACK B001 B002
        9: STACK B001 B005
       10: UNSTACK B002 B003
       11: STACK B002 B001
       12: PICKUP B003
       13: STACK B003 B004
       14: UNSTACK B002 B001
       15: STACK B002 B003
     

time spent:    0.00 seconds instantiating 84 easy, 0 hard action templates
               0.00 seconds reachability analysis, yielding 55 facts and 84 actions
               0.00 seconds creating final representation with 55 relevant facts
               0.00 seconds building connectivity graph
               0.00 seconds searching, evaluating 20 states, to a max depth of 2
               0.00 seconds total time

