
ff: parsing domain file
domain 'BLOCKS4' defined
 ... done.
ff: parsing problem file
problem 'PROBNAME' defined
 ... done.



Cueing down from goal distance:    2 into depth [1]
                                   1            [1]
                                   0            

Cueing down from goal distance:    2 into depth [1]
                                   1            [1]
                                   0            

Cueing down from goal distance:    4 into depth [1][2]
                                   3            [1][2]
                                   2            [1]
                                   1            [1]
                                   0            

Cueing down from goal distance:    3 into depth [1][2]
                                   2            [1]
                                   1            [1]
                                   0            

Cueing down from goal distance:    3 into depth [1][2]
                                   2            [1]
                                   1            [1]
                                   0            

ff: found legal plan as follows

step    0: UNSTACK B006 B002
        1: PUTDOWN B006
        2: UNSTACK B011 B004
        3: STACK B011 B006
        4: UNSTACK B002 B003
        5: STACK B002 B005
        6: UNSTACK B003 B001
        7: STACK B003 B002
        8: UNSTACK B001 B000
        9: STACK B001 B011
       10: UNSTACK B003 B002
       11: STACK B003 B004
       12: UNSTACK B002 B005
       13: STACK B002 B001
       14: UNSTACK B003 B004
       15: STACK B003 B005
       16: PICKUP B004
       17: STACK B004 B002
     

time spent:    0.00 seconds instantiating 312 easy, 0 hard action templates
               0.00 seconds reachability analysis, yielding 181 facts and 312 actions
               0.00 seconds creating final representation with 181 relevant facts
               0.00 seconds building connectivity graph
               0.00 seconds searching, evaluating 23 states, to a max depth of 2
               0.00 seconds total time

