
ff: parsing domain file
domain 'BLOCKS4' defined
 ... done.
ff: parsing problem file
problem 'PROBNAME' defined
 ... done.



Cueing down from goal distance:    2 into depth [1]
                                   1            [1]
                                   0            

Cueing down from goal distance:    4 into depth [1][2]
                                   3            [1][2]
                                   2            [1]
                                   1            [1]
                                   0            

Cueing down from goal distance:    5 into depth [1][2]
                                   4            [1][2]
                                   3            [1][2]
                                   2            [1]
                                   1            [1]
                                   0            

Cueing down from goal distance:    2 into depth [1]
                                   1            [1]
                                   0            

ff: found legal plan as follows

step    0: UNSTACK B001 B011
        1: STACK B001 B005
        2: UNSTACK B011 B010
        3: STACK B011 B000
        4: UNSTACK B010 B002
        5: STACK B010 B011
        6: PICKUP B002
        7: STACK B002 B001
        8: UNSTACK B010 B011
        9: STACK B010 B006
       10: UNSTACK B011 B000
       11: STACK B011 B010
       12: UNSTACK B000 B003
       13: STACK B000 B011
       14: PICKUP B003
       15: STACK B003 B002
       16: UNSTACK B000 B011
       17: STACK B000 B003
     

time spent:    0.00 seconds instantiating 312 easy, 0 hard action templates
               0.00 seconds reachability analysis, yielding 181 facts and 312 actions
               0.00 seconds creating final representation with 181 relevant facts
               0.00 seconds building connectivity graph
               0.00 seconds searching, evaluating 23 states, to a max depth of 2
               0.00 seconds total time

