
ff: parsing domain file
domain 'BLOCKS4' defined
 ... done.
ff: parsing problem file
problem 'PROBNAME' defined
 ... done.



Cueing down from goal distance:    2 into depth [1]
                                   1            [1]
                                   0            

Cueing down from goal distance:    2 into depth [1]
                                   1            [1]
                                   0            

Cueing down from goal distance:    4 into depth [1][2]
                                   3            [1][2]
                                   2            [1]
                                   1            [1]
                                   0            

Cueing down from goal distance:    3 into depth [1][2]
                                   2            [1]
                                   1            [1]
                                   0            

Cueing down from goal distance:    3 into depth [1][2]
                                   2            [1]
                                   1            [1]
                                   0            

ff: found legal plan as follows

step    0: UNSTACK B004 B005
        1: PUTDOWN B004
        2: UNSTACK B011 B008
        3: STACK B011 B004
        4: UNSTACK B005 B010
        5: STACK B005 B001
        6: UNSTACK B010 B007
        7: STACK B010 B002
        8: UNSTACK B007 B003
        9: STACK B007 B011
       10: UNSTACK B005 B001
       11: STACK B005 B000
       12: PICKUP B001
       13: STACK B001 B007
       14: UNSTACK B010 B002
       15: STACK B010 B008
       16: UNSTACK B002 B009
       17: STACK B002 B001
     

time spent:    0.00 seconds instantiating 312 easy, 0 hard action templates
               0.00 seconds reachability analysis, yielding 181 facts and 312 actions
               0.00 seconds creating final representation with 181 relevant facts
               0.00 seconds building connectivity graph
               0.00 seconds searching, evaluating 23 states, to a max depth of 2
               0.00 seconds total time

