
ff: parsing domain file
domain 'BLOCKS4' defined
 ... done.
ff: parsing problem file
problem 'PROBNAME' defined
 ... done.



Cueing down from goal distance:    3 into depth [1][2]
                                   2            [1]
                                   1            [1]
                                   0            

Cueing down from goal distance:    5 into depth [1][2]
                                   4            [1][2]
                                   3            [1][2]
                                   2            [1]
                                   1            [1]
                                   0            

Cueing down from goal distance:    2 into depth [1]
                                   1            [1]
                                   0            

ff: found legal plan as follows

step    0: UNSTACK B005 B011
        1: STACK B005 B003
        2: UNSTACK B011 B006
        3: PUTDOWN B011
        4: UNSTACK B002 B009
        5: STACK B002 B005
        6: UNSTACK B009 B001
        7: STACK B009 B006
        8: UNSTACK B001 B007
        9: STACK B001 B009
       10: UNSTACK B007 B000
       11: STACK B007 B011
       12: UNSTACK B002 B005
       13: STACK B002 B007
     

time spent:    0.00 seconds instantiating 312 easy, 0 hard action templates
               0.00 seconds reachability analysis, yielding 181 facts and 312 actions
               0.00 seconds creating final representation with 181 relevant facts
               0.00 seconds building connectivity graph
               0.00 seconds searching, evaluating 17 states, to a max depth of 2
               0.00 seconds total time

