
ff: parsing domain file
domain 'BLOCKS4' defined
 ... done.
ff: parsing problem file
problem 'PROBNAME' defined
 ... done.



Cueing down from goal distance:    2 into depth [1]
                                   1            [1]
                                   0            

Cueing down from goal distance:    2 into depth [1]
                                   1            [1]
                                   0            

Cueing down from goal distance:    4 into depth [1][2]
                                   3            [1][2]
                                   2            [1]
                                   1            [1]
                                   0            

Cueing down from goal distance:    2 into depth [1]
                                   1            [1]
                                   0            

Cueing down from goal distance:    3 into depth [1][2]
                                   2            [1]
                                   1            [1]
                                   0            

ff: found legal plan as follows

step    0: UNSTACK B001 B007
        1: PUTDOWN B001
        2: PICKUP B005
        3: STACK B005 B001
        4: UNSTACK B011 B013
        5: STACK B011 B009
        6: UNSTACK B013 B004
        7: STACK B013 B008
        8: UNSTACK B004 B003
        9: STACK B004 B005
       10: UNSTACK B003 B012
       11: STACK B003 B004
       12: UNSTACK B007 B002
       13: STACK B007 B013
       14: UNSTACK B002 B006
       15: STACK B002 B003
     

time spent:    0.00 seconds instantiating 420 easy, 0 hard action templates
               0.00 seconds reachability analysis, yielding 239 facts and 420 actions
               0.00 seconds creating final representation with 239 relevant facts
               0.00 seconds building connectivity graph
               0.00 seconds searching, evaluating 21 states, to a max depth of 2
               0.00 seconds total time

