
ff: parsing domain file
domain 'BLOCKS4' defined
 ... done.
ff: parsing problem file
problem 'PROBNAME' defined
 ... done.



Cueing down from goal distance:    2 into depth [1]
                                   1            [1]
                                   0            

Cueing down from goal distance:    2 into depth [1]
                                   1            [1]
                                   0            

Cueing down from goal distance:    2 into depth [1]
                                   1            [1]
                                   0            

Cueing down from goal distance:    5 into depth [1][2]
                                   4            [1][2]
                                   3            [1][2]
                                   2            [1]
                                   1            [1]
                                   0            

Cueing down from goal distance:    2 into depth [1]
                                   1            [1]
                                   0            

ff: found legal plan as follows

step    0: UNSTACK B011 B007
        1: PUTDOWN B011
        2: UNSTACK B012 B003
        3: STACK B012 B011
        4: UNSTACK B003 B002
        5: STACK B003 B012
        6: UNSTACK B013 B008
        7: STACK B013 B004
        8: UNSTACK B008 B006
        9: STACK B008 B013
       10: UNSTACK B006 B015
       11: STACK B006 B008
       12: UNSTACK B015 B005
       13: STACK B015 B003
       14: UNSTACK B007 B001
       15: STACK B007 B015
     

time spent:    0.00 seconds instantiating 544 easy, 0 hard action templates
               0.00 seconds reachability analysis, yielding 305 facts and 544 actions
               0.00 seconds creating final representation with 305 relevant facts
               0.00 seconds building connectivity graph
               0.00 seconds searching, evaluating 21 states, to a max depth of 2
               0.00 seconds total time

