
ff: parsing domain file
domain 'BLOCKS4' defined
 ... done.
ff: parsing problem file
problem 'PROBNAME' defined
 ... done.



Cueing down from goal distance:    6 into depth [1][2]
                                   5            [1][2]
                                   4            [1][2]
                                   3            [1][2]
                                   2            [1]
                                   1            [1]
                                   0            

Cueing down from goal distance:    4 into depth [1][2]
                                   3            [1][2]
                                   2            [1]
                                   1            [1]
                                   0            

Cueing down from goal distance:    2 into depth [1]
                                   1            [1]
                                   0            

ff: found legal plan as follows

step    0: UNSTACK B017 B007
        1: STACK B017 B009
        2: UNSTACK B013 B015
        3: STACK B013 B011
        4: UNSTACK B007 B006
        5: STACK B007 B017
        6: UNSTACK B006 B014
        7: STACK B006 B007
        8: PICKUP B015
        9: STACK B015 B014
       10: UNSTACK B013 B011
       11: STACK B013 B008
       12: UNSTACK B011 B016
       13: STACK B011 B013
       14: UNSTACK B016 B005
       15: STACK B016 B015
       16: UNSTACK B011 B013
       17: STACK B011 B016
     

time spent:    0.00 seconds instantiating 684 easy, 0 hard action templates
               0.00 seconds reachability analysis, yielding 379 facts and 684 actions
               0.00 seconds creating final representation with 379 relevant facts
               0.00 seconds building connectivity graph
               0.01 seconds searching, evaluating 30 states, to a max depth of 2
               0.01 seconds total time

