
ff: parsing domain file
domain 'BLOCKS4' defined
 ... done.
ff: parsing problem file
problem 'PROBNAME' defined
 ... done.



Cueing down from goal distance:    6 into depth [1][2]
                                   5            [1][2]
                                   4            [1][2]
                                   3            [1][2]
                                   2            [1]
                                   1            [1]
                                   0            

Cueing down from goal distance:    7 into depth [1][2]
                                   6            [1][2]
                                   5            [1][2]
                                   4            [1][2]
                                   3            [1][2]
                                   2            [1]
                                   1            [1]
                                   0            

Cueing down from goal distance:    2 into depth [1]
                                   1            [1]
                                   0            

Cueing down from goal distance:    3 into depth [1][2]
                                   2            [1]
                                   1            [1]
                                   0            

ff: found legal plan as follows

step    0: UNSTACK B017 B010
        1: STACK B017 B000
        2: UNSTACK B006 B005
        3: STACK B006 B016
        4: UNSTACK B010 B015
        5: STACK B010 B009
        6: UNSTACK B015 B002
        7: STACK B015 B013
        8: UNSTACK B005 B001
        9: STACK B005 B002
       10: UNSTACK B010 B009
       11: STACK B010 B015
       12: UNSTACK B009 B004
       13: STACK B009 B010
       14: UNSTACK B004 B007
       15: STACK B004 B009
       16: UNSTACK B007 B008
       17: STACK B007 B004
       18: UNSTACK B008 B003
       19: STACK B008 B007
       20: PICKUP B003
       21: STACK B003 B005
       22: UNSTACK B008 B007
       23: STACK B008 B003
       24: UNSTACK B017 B000
       25: STACK B017 B006
       26: PICKUP B000
       27: STACK B000 B008
     

time spent:    0.00 seconds instantiating 684 easy, 0 hard action templates
               0.00 seconds reachability analysis, yielding 379 facts and 684 actions
               0.00 seconds creating final representation with 379 relevant facts
               0.00 seconds building connectivity graph
               0.01 seconds searching, evaluating 43 states, to a max depth of 2
               0.01 seconds total time

