
ff: parsing domain file
domain 'BLOCKS4' defined
 ... done.
ff: parsing problem file
problem 'PROBNAME' defined
 ... done.



Cueing down from goal distance:    4 into depth [1][2]
                                   3            [1][2]
                                   2            [1]
                                   1            [1]
                                   0            

Cueing down from goal distance:    6 into depth [1][2]
                                   5            [1][2]
                                   4            [1][2]
                                   3            [1][2]
                                   2            [1]
                                   1            [1]
                                   0            

Cueing down from goal distance:    2 into depth [1]
                                   1            [1]
                                   0            

Cueing down from goal distance:    3 into depth [1][2]
                                   2            [1]
                                   1            [1]
                                   0            

Cueing down from goal distance:    5 into depth [1][2]
                                   4            [1][2]
                                   3            [1][2]
                                   2            [1]
                                   1            [1]
                                   0            

ff: found legal plan as follows

step    0: UNSTACK B007 B016
        1: STACK B007 B008
        2: UNSTACK B016 B004
        3: STACK B016 B005
        4: UNSTACK B004 B010
        5: PUTDOWN B004
        6: UNSTACK B003 B013
        7: STACK B003 B014
        8: UNSTACK B013 B001
        9: STACK B013 B003
       10: UNSTACK B001 B012
       11: STACK B001 B013
       12: UNSTACK B012 B009
       13: STACK B012 B001
       14: PICKUP B009
       15: STACK B009 B004
       16: UNSTACK B007 B008
       17: STACK B007 B009
       18: UNSTACK B016 B005
       19: STACK B016 B008
       20: UNSTACK B005 B002
       21: STACK B005 B007
       22: UNSTACK B012 B001
       23: STACK B012 B002
       24: UNSTACK B001 B013
       25: STACK B001 B012
       26: UNSTACK B013 B003
       27: STACK B013 B001
       28: UNSTACK B003 B014
       29: STACK B003 B005
     

time spent:    0.00 seconds instantiating 840 easy, 0 hard action templates
               0.00 seconds reachability analysis, yielding 461 facts and 840 actions
               0.00 seconds creating final representation with 461 relevant facts
               0.00 seconds building connectivity graph
               0.01 seconds searching, evaluating 35 states, to a max depth of 2
               0.01 seconds total time

