
ff: parsing domain file
domain 'BLOCKS4' defined
 ... done.
ff: parsing problem file
problem 'PROBNAME' defined
 ... done.



Cueing down from goal distance:    2 into depth [1]
                                   1            [1]
                                   0            

Cueing down from goal distance:    2 into depth [1]
                                   1            [1]
                                   0            

ff: found legal plan as follows

step    0: UNSTACK B001 B010
        1: STACK B001 B018
        2: UNSTACK B010 B015
        3: STACK B010 B001
     

time spent:    0.00 seconds instantiating 840 easy, 0 hard action templates
               0.00 seconds reachability analysis, yielding 461 facts and 840 actions
               0.00 seconds creating final representation with 461 relevant facts
               0.00 seconds building connectivity graph
               0.01 seconds searching, evaluating 7 states, to a max depth of 1
               0.01 seconds total time

