
ff: parsing domain file
domain 'BLOCKS4' defined
 ... done.
ff: parsing problem file
problem 'PROBNAME' defined
 ... done.



Cueing down from goal distance:    4 into depth [1][2]
                                   3            [1][2]
                                   2            [1]
                                   1            [1]
                                   0            

Cueing down from goal distance:    2 into depth [1]
                                   1            [1]
                                   0            

Cueing down from goal distance:    3 into depth [1][2]
                                   2            [1]
                                   1            [1]
                                   0            

Cueing down from goal distance:    6 into depth [1][2]
                                   5            [1][2]
                                   4            [1][2]
                                   3            [1][2]
                                   2            [1]
                                   1            [1]
                                   0            

ff: found legal plan as follows

step    0: UNSTACK B003 B009
        1: STACK B003 B020
        2: UNSTACK B009 B005
        3: STACK B009 B021
        4: UNSTACK B005 B001
        5: PUTDOWN B005
        6: UNSTACK B012 B011
        7: STACK B012 B005
        8: UNSTACK B004 B008
        9: STACK B004 B011
       10: UNSTACK B008 B000
       11: STACK B008 B012
       12: UNSTACK B004 B011
       13: STACK B004 B009
       14: UNSTACK B011 B015
       15: STACK B011 B000
       16: UNSTACK B015 B010
       17: STACK B015 B011
       18: UNSTACK B010 B013
       19: STACK B010 B015
       20: PICKUP B013
       21: STACK B013 B008
     

time spent:    0.00 seconds instantiating 1012 easy, 0 hard action templates
               0.00 seconds reachability analysis, yielding 551 facts and 1012 actions
               0.00 seconds creating final representation with 551 relevant facts
               0.00 seconds building connectivity graph
               0.01 seconds searching, evaluating 26 states, to a max depth of 2
               0.01 seconds total time

