
ff: parsing domain file
domain 'BLOCKS4' defined
 ... done.
ff: parsing problem file
problem 'PROBNAME' defined
 ... done.



Cueing down from goal distance:    4 into depth [1][2]
                                   3            [1][2]
                                   2            [1]
                                   1            [1]
                                   0            

Cueing down from goal distance:    3 into depth [1][2]
                                   2            [1]
                                   1            [1]
                                   0            

Cueing down from goal distance:    2 into depth [1]
                                   1            [1]
                                   0            

Cueing down from goal distance:    4 into depth [1][2]
                                   3            [1][2]
                                   2            [1]
                                   1            [1]
                                   0            

ff: found legal plan as follows

step    0: UNSTACK B018 B011
        1: STACK B018 B005
        2: UNSTACK B011 B010
        3: STACK B011 B009
        4: UNSTACK B010 B013
        5: STACK B010 B021
        6: UNSTACK B013 B022
        7: STACK B013 B017
        8: PICKUP B022
        9: STACK B022 B010
       10: UNSTACK B018 B005
       11: STACK B018 B022
       12: UNSTACK B011 B009
       13: STACK B011 B005
       14: UNSTACK B009 B020
       15: STACK B009 B016
       16: UNSTACK B020 B003
       17: STACK B020 B018
     

time spent:    0.00 seconds instantiating 1200 easy, 0 hard action templates
               0.00 seconds reachability analysis, yielding 649 facts and 1200 actions
               0.00 seconds creating final representation with 649 relevant facts
               0.00 seconds building connectivity graph
               0.01 seconds searching, evaluating 23 states, to a max depth of 2
               0.01 seconds total time

