
ff: parsing domain file
domain 'BLOCKS4' defined
 ... done.
ff: parsing problem file
problem 'PROBNAME' defined
 ... done.



Cueing down from goal distance:    2 into depth [1]
                                   1            [1]
                                   0            

Cueing down from goal distance:    2 into depth [1]
                                   1            [1]
                                   0            

ff: found legal plan as follows

step    0: UNSTACK B020 B011
        1: PUTDOWN B020
        2: PICKUP B023
        3: STACK B023 B020
     

time spent:    0.00 seconds instantiating 1404 easy, 0 hard action templates
               0.00 seconds reachability analysis, yielding 755 facts and 1404 actions
               0.00 seconds creating final representation with 755 relevant facts
               0.00 seconds building connectivity graph
               0.02 seconds searching, evaluating 6 states, to a max depth of 1
               0.02 seconds total time

