
ff: parsing domain file
domain 'BLOCKS4' defined
 ... done.
ff: parsing problem file
problem 'PROBNAME' defined
 ... done.



Cueing down from goal distance:    5 into depth [1][2]
                                   4            [1][2]
                                   3            [1][2]
                                   2            [1]
                                   1            [1]
                                   0            

ff: found legal plan as follows

step    0: UNSTACK B009 B014
        1: STACK B009 B021
        2: UNSTACK B014 B004
        3: STACK B014 B009
        4: UNSTACK B004 B012
        5: STACK B004 B014
        6: UNSTACK B012 B013
        7: PUTDOWN B012
     

time spent:    0.00 seconds instantiating 1404 easy, 0 hard action templates
               0.00 seconds reachability analysis, yielding 755 facts and 1404 actions
               0.00 seconds creating final representation with 755 relevant facts
               0.00 seconds building connectivity graph
               0.02 seconds searching, evaluating 9 states, to a max depth of 2
               0.02 seconds total time

