
ff: parsing domain file
domain 'BLOCKS4' defined
 ... done.
ff: parsing problem file
problem 'PROBNAME' defined
 ... done.



Cueing down from goal distance:    5 into depth [1][2]
                                   4            [1][2]
                                   3            [1][2]
                                   2            [1]
                                   1            [1]
                                   0            

Cueing down from goal distance:    3 into depth [1][2]
                                   2            [1]
                                   1            [1]
                                   0            

Cueing down from goal distance:    6 into depth [1][2]
                                   5            [1][2]
                                   4            [1][2]
                                   3            [1][2]
                                   2            [1]
                                   1            [1]
                                   0            

Cueing down from goal distance:    3 into depth [1][2]
                                   2            [1]
                                   1            [1]
                                   0            

Cueing down from goal distance:    5 into depth [1][2]
                                   4            [1][2]
                                   3            [1][2]
                                   2            [1]
                                   1            [1]
                                   0            

ff: found legal plan as follows

step    0: UNSTACK B022 B017
        1: STACK B022 B007
        2: UNSTACK B017 B018
        3: STACK B017 B010
        4: UNSTACK B018 B020
        5: STACK B018 B017
        6: UNSTACK B020 B015
        7: PUTDOWN B020
        8: UNSTACK B022 B007
        9: STACK B022 B027
       10: UNSTACK B007 B005
       11: STACK B007 B020
       12: UNSTACK B012 B006
       13: STACK B012 B005
       14: UNSTACK B006 B001
       15: STACK B006 B018
       16: UNSTACK B001 B000
       17: STACK B001 B022
       18: UNSTACK B000 B004
       19: STACK B000 B015
       20: PICKUP B004
       21: STACK B004 B007
       22: UNSTACK B024 B021
       23: STACK B024 B023
       24: UNSTACK B021 B025
       25: STACK B021 B004
       26: UNSTACK B001 B022
       27: STACK B001 B025
       28: UNSTACK B022 B027
       29: STACK B022 B024
       30: UNSTACK B027 B019
       31: STACK B027 B022
       32: PICKUP B019
       33: STACK B019 B021
     

time spent:    0.00 seconds instantiating 1624 easy, 0 hard action templates
               0.00 seconds reachability analysis, yielding 869 facts and 1624 actions
               0.00 seconds creating final representation with 869 relevant facts
               0.00 seconds building connectivity graph
               0.02 seconds searching, evaluating 39 states, to a max depth of 2
               0.02 seconds total time

