
ff: parsing domain file
domain 'BLOCKS4' defined
 ... done.
ff: parsing problem file
problem 'PROBNAME' defined
 ... done.



Cueing down from goal distance:    3 into depth [1][2]
                                   2            [1]
                                   1            [1]
                                   0            

Cueing down from goal distance:    3 into depth [1][2]
                                   2            [1]
                                   1            [1]
                                   0            

ff: found legal plan as follows

step    0: UNSTACK B012 B026
        1: STACK B012 B019
        2: UNSTACK B026 B024
        3: PUTDOWN B026
        4: UNSTACK B018 B022
        5: STACK B018 B012
        6: UNSTACK B022 B027
        7: STACK B022 B026
     

time spent:    0.00 seconds instantiating 1624 easy, 0 hard action templates
               0.00 seconds reachability analysis, yielding 869 facts and 1624 actions
               0.00 seconds creating final representation with 869 relevant facts
               0.00 seconds building connectivity graph
               0.02 seconds searching, evaluating 10 states, to a max depth of 2
               0.02 seconds total time

