
ff: parsing domain file
domain 'BLOCKS4' defined
 ... done.
ff: parsing problem file
problem 'PROBNAME' defined
 ... done.



Cueing down from goal distance:    4 into depth [1][2]
                                   3            [1][2]
                                   2            [1]
                                   1            [1]
                                   0            

ff: found legal plan as follows

step    0: UNSTACK B029 B025
        1: STACK B029 B004
        2: UNSTACK B025 B026
        3: STACK B025 B029
        4: UNSTACK B026 B028
        5: PUTDOWN B026
     

time spent:    0.00 seconds instantiating 1860 easy, 0 hard action templates
               0.00 seconds reachability analysis, yielding 991 facts and 1860 actions
               0.00 seconds creating final representation with 991 relevant facts
               0.00 seconds building connectivity graph
               0.03 seconds searching, evaluating 7 states, to a max depth of 2
               0.03 seconds total time

