
ff: parsing domain file
domain 'BLOCKS4' defined
 ... done.
ff: parsing problem file
problem 'PROBNAME' defined
 ... done.



Cueing down from goal distance:    5 into depth [1][2]
                                   4            [1][2]
                                   3            [1][2]
                                   2            [1]
                                   1            [1]
                                   0            

Cueing down from goal distance:    2 into depth [1]
                                   1            [1]
                                   0            

Cueing down from goal distance:    4 into depth [1][2]
                                   3            [1][2]
                                   2            [1]
                                   1            [1]
                                   0            

ff: found legal plan as follows

step    0: UNSTACK B022 B027
        1: STACK B022 B025
        2: UNSTACK B027 B028
        3: STACK B027 B020
        4: UNSTACK B028 B029
        5: STACK B028 B027
        6: PICKUP B029
        7: STACK B029 B026
        8: UNSTACK B022 B025
        9: STACK B022 B029
       10: UNSTACK B028 B027
       11: STACK B028 B025
       12: UNSTACK B027 B020
       13: STACK B027 B028
       14: UNSTACK B020 B018
       15: STACK B020 B022
     

time spent:    0.00 seconds instantiating 1860 easy, 0 hard action templates
               0.00 seconds reachability analysis, yielding 991 facts and 1860 actions
               0.00 seconds creating final representation with 991 relevant facts
               0.00 seconds building connectivity graph
               0.03 seconds searching, evaluating 20 states, to a max depth of 2
               0.03 seconds total time

