
ff: parsing domain file
domain 'BLOCKS4' defined
 ... done.
ff: parsing problem file
problem 'PROBNAME' defined
 ... done.



Cueing down from goal distance:    2 into depth [1]
                                   1            [1]
                                   0            

Cueing down from goal distance:    3 into depth [1][2]
                                   2            [1]
                                   1            [1]
                                   0            

Cueing down from goal distance:    3 into depth [1][2]
                                   2            [1]
                                   1            [1]
                                   0            

Cueing down from goal distance:    4 into depth [1][2]
                                   3            [1][2]
                                   2            [1]
                                   1            [1]
                                   0            

ff: found legal plan as follows

step    0: UNSTACK B019 B016
        1: PUTDOWN B019
        2: UNSTACK B028 B029
        3: STACK B028 B021
        4: UNSTACK B029 B026
        5: STACK B029 B019
        6: UNSTACK B008 B007
        7: STACK B008 B000
        8: UNSTACK B007 B014
        9: STACK B007 B029
       10: UNSTACK B014 B011
       11: STACK B014 B016
       12: UNSTACK B011 B015
       13: STACK B011 B026
       14: PICKUP B015
       15: STACK B015 B007
     

time spent:    0.00 seconds instantiating 1860 easy, 0 hard action templates
               0.00 seconds reachability analysis, yielding 991 facts and 1860 actions
               0.00 seconds creating final representation with 991 relevant facts
               0.00 seconds building connectivity graph
               0.03 seconds searching, evaluating 20 states, to a max depth of 2
               0.03 seconds total time

