
ff: parsing domain file
domain 'BLOCKS4' defined
 ... done.
ff: parsing problem file
problem 'PROBNAME' defined
 ... done.



Cueing down from goal distance:    3 into depth [1][2]
                                   2            [1]
                                   1            [1]
                                   0            

Cueing down from goal distance:    3 into depth [1][2]
                                   2            [1]
                                   1            [1]
                                   0            

Cueing down from goal distance:    4 into depth [1][2]
                                   3            [1][2]
                                   2            [1]
                                   1            [1]
                                   0            

Cueing down from goal distance:    2 into depth [1]
                                   1            [1]
                                   0            

Cueing down from goal distance:    3 into depth [1][2]
                                   2            [1]
                                   1            [1]
                                   0            

ff: found legal plan as follows

step    0: UNSTACK B010 B007
        1: STACK B010 B020
        2: UNSTACK B007 B011
        3: PUTDOWN B007
        4: UNSTACK B000 B005
        5: STACK B000 B027
        6: UNSTACK B005 B002
        7: STACK B005 B007
        8: UNSTACK B002 B009
        9: STACK B002 B011
       10: UNSTACK B009 B004
       11: STACK B009 B010
       12: PICKUP B004
       13: STACK B004 B005
       14: UNSTACK B002 B011
       15: STACK B002 B004
       16: UNSTACK B011 B001
       17: STACK B011 B009
       18: UNSTACK B001 B008
       19: STACK B001 B002
     

time spent:    0.00 seconds instantiating 2112 easy, 0 hard action templates
               0.00 seconds reachability analysis, yielding 1121 facts and 2112 actions
               0.00 seconds creating final representation with 1121 relevant facts
               0.01 seconds building connectivity graph
               0.01 seconds searching, evaluating 25 states, to a max depth of 2
               0.02 seconds total time

