
ff: parsing domain file
domain 'BLOCKS4' defined
 ... done.
ff: parsing problem file
problem 'PROBNAME' defined
 ... done.



Cueing down from goal distance:    5 into depth [1][2]
                                   4            [1][2]
                                   3            [1][2]
                                   2            [1]
                                   1            [1]
                                   0            

Cueing down from goal distance:    5 into depth [1][2]
                                   4            [1][2]
                                   3            [1][2]
                                   2            [1]
                                   1            [1]
                                   0            

Cueing down from goal distance:    6 into depth [1][2]
                                   5            [1][2]
                                   4            [1][2]
                                   3            [1][2]
                                   2            [1]
                                   1            [1]
                                   0            

Cueing down from goal distance:    2 into depth [1]
                                   1            [1]
                                   0            

Cueing down from goal distance:    5 into depth [1][2]
                                   4            [1][2]
                                   3            [1][2]
                                   2            [1]
                                   1            [1]
                                   0            

ff: found legal plan as follows

step    0: UNSTACK B018 B024
        1: STACK B018 B027
        2: UNSTACK B024 B022
        3: STACK B024 B030
        4: UNSTACK B022 B004
        5: STACK B022 B026
        6: UNSTACK B004 B013
        7: PUTDOWN B004
        8: UNSTACK B022 B026
        9: STACK B022 B028
       10: UNSTACK B026 B029
       11: STACK B026 B008
       12: UNSTACK B029 B006
       13: STACK B029 B026
       14: UNSTACK B006 B020
       15: STACK B006 B004
       16: UNSTACK B029 B026
       17: STACK B029 B017
       18: UNSTACK B026 B008
       19: STACK B026 B029
       20: UNSTACK B008 B002
       21: STACK B008 B026
       22: UNSTACK B002 B003
       23: STACK B002 B008
       24: UNSTACK B003 B001
       25: STACK B003 B006
       26: UNSTACK B002 B008
       27: STACK B002 B003
       28: UNSTACK B011 B016
       29: STACK B011 B008
       30: UNSTACK B016 B000
       31: STACK B016 B014
       32: UNSTACK B000 B007
       33: STACK B000 B020
       34: PICKUP B007
       35: STACK B007 B002
     

time spent:    0.00 seconds instantiating 2112 easy, 0 hard action templates
               0.00 seconds reachability analysis, yielding 1121 facts and 2112 actions
               0.00 seconds creating final representation with 1121 relevant facts
               0.01 seconds building connectivity graph
               0.02 seconds searching, evaluating 41 states, to a max depth of 2
               0.03 seconds total time

