
ff: parsing domain file
domain 'BLOCKS4' defined
 ... done.
ff: parsing problem file
problem 'PROBNAME' defined
 ... done.



Cueing down from goal distance:    5 into depth [1][2]
                                   4            [1][2]
                                   3            [1][2]
                                   2            [1]
                                   1            [1]
                                   0            

Cueing down from goal distance:    2 into depth [1]
                                   1            [1]
                                   0            

Cueing down from goal distance:    5 into depth [1][2]
                                   4            [1][2]
                                   3            [1][2]
                                   2            [1]
                                   1            [1]
                                   0            

Cueing down from goal distance:    5 into depth [1][2]
                                   4            [1][2]
                                   3            [1][2]
                                   2            [1]
                                   1            [1]
                                   0            

Cueing down from goal distance:    3 into depth [1][2]
                                   2            [1]
                                   1            [1]
                                   0            

ff: found legal plan as follows

step    0: UNSTACK B010 B019
        1: STACK B010 B025
        2: UNSTACK B019 B007
        3: STACK B019 B001
        4: UNSTACK B007 B020
        5: STACK B007 B004
        6: UNSTACK B020 B009
        7: PUTDOWN B020
        8: UNSTACK B007 B004
        9: STACK B007 B020
       10: UNSTACK B019 B001
       11: STACK B019 B004
       12: UNSTACK B001 B005
       13: STACK B001 B029
       14: UNSTACK B005 B015
       15: STACK B005 B001
       16: UNSTACK B015 B016
       17: STACK B015 B007
       18: UNSTACK B012 B003
       19: STACK B012 B005
       20: UNSTACK B003 B008
       21: STACK B003 B022
       22: UNSTACK B008 B017
       23: STACK B008 B016
       24: UNSTACK B017 B011
       25: STACK B017 B015
       26: UNSTACK B008 B016
       27: STACK B008 B019
       28: UNSTACK B016 B014
       29: STACK B016 B017
     

time spent:    0.00 seconds instantiating 2112 easy, 0 hard action templates
               0.00 seconds reachability analysis, yielding 1121 facts and 2112 actions
               0.00 seconds creating final representation with 1121 relevant facts
               0.01 seconds building connectivity graph
               0.01 seconds searching, evaluating 35 states, to a max depth of 2
               0.02 seconds total time

