
ff: parsing domain file
domain 'BLOCKS4' defined
 ... done.
ff: parsing problem file
problem 'PROBNAME' defined
 ... done.



Cueing down from goal distance:    3 into depth [1][2]
                                   2            [1]
                                   1            [1]
                                   0            

ff: found legal plan as follows

step    0: UNSTACK B027 B028
        1: STACK B027 B001
        2: UNSTACK B028 B026
        3: STACK B028 B032
     

time spent:    0.00 seconds instantiating 2380 easy, 0 hard action templates
               0.00 seconds reachability analysis, yielding 1259 facts and 2380 actions
               0.00 seconds creating final representation with 1259 relevant facts
               0.01 seconds building connectivity graph
               0.02 seconds searching, evaluating 6 states, to a max depth of 2
               0.03 seconds total time

