
ff: parsing domain file
domain 'BLOCKS4' defined
 ... done.
ff: parsing problem file
problem 'PROBNAME' defined
 ... done.



Cueing down from goal distance:    2 into depth [1]
                                   1            [1]
                                   0            

Cueing down from goal distance:    6 into depth [1][2]
                                   5            [1][2]
                                   4            [1][2]
                                   3            [1][2]
                                   2            [1]
                                   1            [1]
                                   0            

Cueing down from goal distance:    3 into depth [1][2]
                                   2            [1]
                                   1            [1]
                                   0            

Cueing down from goal distance:    6 into depth [1][2]
                                   5            [1][2]
                                   4            [1][2]
                                   3            [1][2]
                                   2            [1]
                                   1            [1]
                                   0            

Cueing down from goal distance:    2 into depth [1]
                                   1            [1]
                                   0            

ff: found legal plan as follows

step    0: UNSTACK B022 B033
        1: PUTDOWN B022
        2: UNSTACK B016 B015
        3: STACK B016 B030
        4: UNSTACK B015 B008
        5: STACK B015 B001
        6: UNSTACK B008 B014
        7: STACK B008 B004
        8: UNSTACK B014 B011
        9: STACK B014 B025
       10: PICKUP B011
       11: STACK B011 B022
       12: UNSTACK B031 B019
       13: STACK B031 B033
       14: UNSTACK B019 B021
       15: STACK B019 B011
       16: UNSTACK B008 B004
       17: STACK B008 B021
       18: UNSTACK B004 B012
       19: STACK B004 B031
       20: UNSTACK B012 B005
       21: STACK B012 B004
       22: UNSTACK B005 B013
       23: STACK B005 B012
       24: UNSTACK B013 B006
       25: STACK B013 B019
       26: PICKUP B006
       27: STACK B006 B013
     

time spent:    0.00 seconds instantiating 2380 easy, 0 hard action templates
               0.00 seconds reachability analysis, yielding 1259 facts and 2380 actions
               0.00 seconds creating final representation with 1259 relevant facts
               0.01 seconds building connectivity graph
               0.02 seconds searching, evaluating 33 states, to a max depth of 2
               0.03 seconds total time

