
ff: parsing domain file
domain 'BLOCKS4' defined
 ... done.
ff: parsing problem file
problem 'PROBNAME' defined
 ... done.



Cueing down from goal distance:    3 into depth [1][2]
                                   2            [1]
                                   1            [1]
                                   0            

Cueing down from goal distance:    5 into depth [1][2]
                                   4            [1][2]
                                   3            [1][2]
                                   2            [1]
                                   1            [1]
                                   0            

Cueing down from goal distance:    5 into depth [1][2]
                                   4            [1][2]
                                   3            [1][2]
                                   2            [1]
                                   1            [1]
                                   0            

Cueing down from goal distance:    4 into depth [1][2]
                                   3            [1][2]
                                   2            [1]
                                   1            [1]
                                   0            

Cueing down from goal distance:    4 into depth [1][2]
                                   3            [1][2]
                                   2            [1]
                                   1            [1]
                                   0            

ff: found legal plan as follows

step    0: UNSTACK B000 B002
        1: STACK B000 B004
        2: UNSTACK B002 B001
        3: PUTDOWN B002
        4: UNSTACK B030 B025
        5: STACK B030 B010
        6: UNSTACK B025 B027
        7: STACK B025 B001
        8: UNSTACK B027 B017
        9: STACK B027 B000
       10: UNSTACK B017 B021
       11: STACK B017 B002
       12: UNSTACK B027 B000
       13: STACK B027 B022
       14: UNSTACK B000 B004
       15: STACK B000 B029
       16: UNSTACK B004 B008
       17: STACK B004 B000
       18: UNSTACK B008 B013
       19: STACK B008 B017
       20: UNSTACK B023 B015
       21: STACK B023 B004
       22: UNSTACK B015 B007
       23: STACK B015 B013
       24: UNSTACK B007 B003
       25: STACK B007 B008
       26: UNSTACK B023 B004
       27: STACK B023 B025
       28: UNSTACK B004 B000
       29: STACK B004 B030
       30: UNSTACK B000 B029
       31: STACK B000 B007
     

time spent:    0.00 seconds instantiating 2380 easy, 0 hard action templates
               0.00 seconds reachability analysis, yielding 1259 facts and 2380 actions
               0.00 seconds creating final representation with 1259 relevant facts
               0.01 seconds building connectivity graph
               0.03 seconds searching, evaluating 37 states, to a max depth of 2
               0.04 seconds total time

