
ff: parsing domain file
domain 'BLOCKS4' defined
 ... done.
ff: parsing problem file
problem 'PROBNAME' defined
 ... done.



Cueing down from goal distance:    5 into depth [1][2]
                                   4            [1][2]
                                   3            [1][2]
                                   2            [1]
                                   1            [1]
                                   0            

Cueing down from goal distance:    5 into depth [1][2]
                                   4            [1][2]
                                   3            [1][2]
                                   2            [1]
                                   1            [1]
                                   0            

Cueing down from goal distance:    3 into depth [1][2]
                                   2            [1]
                                   1            [1]
                                   0            

Cueing down from goal distance:    4 into depth [1][2]
                                   3            [1][2]
                                   2            [1]
                                   1            [1]
                                   0            

ff: found legal plan as follows

step    0: UNSTACK B025 B007
        1: STACK B025 B006
        2: UNSTACK B007 B021
        3: STACK B007 B024
        4: UNSTACK B021 B018
        5: STACK B021 B027
        6: UNSTACK B018 B008
        7: PUTDOWN B018
        8: UNSTACK B013 B004
        9: STACK B013 B007
       10: UNSTACK B004 B001
       11: STACK B004 B021
       12: UNSTACK B001 B014
       13: STACK B001 B025
       14: UNSTACK B014 B009
       15: STACK B014 B018
       16: UNSTACK B004 B021
       17: STACK B004 B011
       18: UNSTACK B021 B027
       19: STACK B021 B014
       20: UNSTACK B004 B011
       21: STACK B004 B027
       22: UNSTACK B011 B005
       23: STACK B011 B032
       24: UNSTACK B005 B000
       25: STACK B005 B021
     

time spent:    0.00 seconds instantiating 2380 easy, 0 hard action templates
               0.00 seconds reachability analysis, yielding 1259 facts and 2380 actions
               0.00 seconds creating final representation with 1259 relevant facts
               0.00 seconds building connectivity graph
               0.03 seconds searching, evaluating 30 states, to a max depth of 2
               0.03 seconds total time

