
ff: parsing domain file
domain 'BLOCKS4' defined
 ... done.
ff: parsing problem file
problem 'PROBNAME' defined
 ... done.



Cueing down from goal distance:    2 into depth [1]
                                   1            [1]
                                   0            

Cueing down from goal distance:    4 into depth [1][2]
                                   3            [1][2]
                                   2            [1]
                                   1            [1]
                                   0            

Cueing down from goal distance:    2 into depth [1]
                                   1            [1]
                                   0            

Cueing down from goal distance:    2 into depth [1]
                                   1            [1]
                                   0            

Cueing down from goal distance:    5 into depth [1][2]
                                   4            [1][2]
                                   3            [1][2]
                                   2            [1]
                                   1            [1]
                                   0            

ff: found legal plan as follows

step    0: UNSTACK B032 B022
        1: PUTDOWN B032
        2: UNSTACK B023 B009
        3: STACK B023 B026
        4: UNSTACK B009 B014
        5: STACK B009 B023
        6: UNSTACK B014 B031
        7: STACK B014 B032
        8: UNSTACK B022 B015
        9: STACK B022 B014
       10: UNSTACK B017 B030
       11: STACK B017 B022
       12: UNSTACK B009 B023
       13: STACK B009 B030
       14: UNSTACK B023 B026
       15: STACK B023 B009
       16: UNSTACK B026 B033
       17: STACK B026 B023
       18: PICKUP B033
       19: STACK B033 B017
     

time spent:    0.00 seconds instantiating 2664 easy, 0 hard action templates
               0.00 seconds reachability analysis, yielding 1405 facts and 2664 actions
               0.00 seconds creating final representation with 1405 relevant facts
               0.01 seconds building connectivity graph
               0.03 seconds searching, evaluating 25 states, to a max depth of 2
               0.04 seconds total time

