
ff: parsing domain file
domain 'BLOCKS4' defined
 ... done.
ff: parsing problem file
problem 'PROBNAME' defined
 ... done.



Cueing down from goal distance:    3 into depth [1][2]
                                   2            [1]
                                   1            [1]
                                   0            

Cueing down from goal distance:    2 into depth [1]
                                   1            [1]
                                   0            

ff: found legal plan as follows

step    0: UNSTACK B027 B030
        1: STACK B027 B000
        2: UNSTACK B030 B021
        3: PUTDOWN B030
        4: UNSTACK B023 B020
        5: STACK B023 B030
     

time spent:    0.00 seconds instantiating 2664 easy, 0 hard action templates
               0.00 seconds reachability analysis, yielding 1405 facts and 2664 actions
               0.00 seconds creating final representation with 1405 relevant facts
               0.01 seconds building connectivity graph
               0.02 seconds searching, evaluating 8 states, to a max depth of 2
               0.03 seconds total time

