
ff: parsing domain file
domain 'BLOCKS4' defined
 ... done.
ff: parsing problem file
problem 'PROBNAME' defined
 ... done.



Cueing down from goal distance:    5 into depth [1][2]
                                   4            [1][2]
                                   3            [1][2]
                                   2            [1]
                                   1            [1]
                                   0            

Cueing down from goal distance:    2 into depth [1]
                                   1            [1]
                                   0            

ff: found legal plan as follows

step    0: UNSTACK B029 B030
        1: STACK B029 B008
        2: UNSTACK B030 B032
        3: STACK B030 B029
        4: UNSTACK B032 B033
        5: STACK B032 B030
        6: UNSTACK B033 B034
        7: PUTDOWN B033
        8: UNSTACK B037 B035
        9: STACK B037 B033
     

time spent:    0.00 seconds instantiating 2964 easy, 0 hard action templates
               0.00 seconds reachability analysis, yielding 1559 facts and 2964 actions
               0.01 seconds creating final representation with 1559 relevant facts
               0.00 seconds building connectivity graph
               0.03 seconds searching, evaluating 12 states, to a max depth of 2
               0.04 seconds total time

