
ff: parsing domain file
domain 'BLOCKS4' defined
 ... done.
ff: parsing problem file
problem 'PROBNAME' defined
 ... done.



Cueing down from goal distance:    5 into depth [1][2]
                                   4            [1][2]
                                   3            [1][2]
                                   2            [1]
                                   1            [1]
                                   0            

Cueing down from goal distance:    5 into depth [1][2]
                                   4            [1][2]
                                   3            [1][2]
                                   2            [1]
                                   1            [1]
                                   0            

Cueing down from goal distance:    2 into depth [1]
                                   1            [1]
                                   0            

Cueing down from goal distance:    2 into depth [1]
                                   1            [1]
                                   0            

Cueing down from goal distance:    5 into depth [1][2]
                                   4            [1][2]
                                   3            [1][2]
                                   2            [1]
                                   1            [1]
                                   0            

ff: found legal plan as follows

step    0: UNSTACK B015 B012
        1: STACK B015 B034
        2: UNSTACK B012 B003
        3: STACK B012 B035
        4: UNSTACK B003 B016
        5: STACK B003 B021
        6: UNSTACK B016 B018
        7: PUTDOWN B016
        8: UNSTACK B022 B013
        9: STACK B022 B000
       10: UNSTACK B013 B008
       11: STACK B013 B009
       12: UNSTACK B008 B007
       13: STACK B008 B003
       14: UNSTACK B007 B020
       15: STACK B007 B016
       16: UNSTACK B008 B003
       17: STACK B008 B007
       18: UNSTACK B011 B025
       19: STACK B011 B008
       20: UNSTACK B022 B000
       21: STACK B022 B012
       22: UNSTACK B000 B002
       23: STACK B000 B015
       24: UNSTACK B002 B006
       25: STACK B002 B000
       26: UNSTACK B006 B010
       27: STACK B006 B011
     

time spent:    0.00 seconds instantiating 2964 easy, 0 hard action templates
               0.00 seconds reachability analysis, yielding 1559 facts and 2964 actions
               0.01 seconds creating final representation with 1559 relevant facts
               0.00 seconds building connectivity graph
               0.03 seconds searching, evaluating 33 states, to a max depth of 2
               0.04 seconds total time

