
ff: parsing domain file
domain 'BLOCKS4' defined
 ... done.
ff: parsing problem file
problem 'PROBNAME' defined
 ... done.



Cueing down from goal distance:    3 into depth [1][2]
                                   2            [1]
                                   1            [1]
                                   0            

Cueing down from goal distance:    2 into depth [1]
                                   1            [1]
                                   0            

Cueing down from goal distance:    4 into depth [1][2]
                                   3            [1][2]
                                   2            [1]
                                   1            [1]
                                   0            

Cueing down from goal distance:    5 into depth [1][2]
                                   4            [1][2]
                                   3            [1][2]
                                   2            [1]
                                   1            [1]
                                   0            

Cueing down from goal distance:    4 into depth [1][2]
                                   3            [1][2]
                                   2            [1]
                                   1            [1]
                                   0            

ff: found legal plan as follows

step    0: UNSTACK B018 B019
        1: STACK B018 B033
        2: UNSTACK B019 B017
        3: PUTDOWN B019
        4: UNSTACK B018 B033
        5: STACK B018 B019
        6: UNSTACK B009 B010
        7: STACK B009 B033
        8: UNSTACK B010 B008
        9: STACK B010 B012
       10: UNSTACK B008 B014
       11: STACK B008 B018
       12: UNSTACK B024 B023
       13: STACK B024 B025
       14: UNSTACK B023 B021
       15: STACK B023 B010
       16: UNSTACK B021 B020
       17: STACK B021 B014
       18: UNSTACK B020 B022
       19: STACK B020 B008
       20: UNSTACK B023 B010
       21: STACK B023 B009
       22: UNSTACK B010 B012
       23: STACK B010 B037
       24: UNSTACK B012 B011
       25: STACK B012 B020
     

time spent:    0.00 seconds instantiating 2964 easy, 0 hard action templates
               0.00 seconds reachability analysis, yielding 1559 facts and 2964 actions
               0.00 seconds creating final representation with 1559 relevant facts
               0.01 seconds building connectivity graph
               0.03 seconds searching, evaluating 31 states, to a max depth of 2
               0.04 seconds total time

