
ff: parsing domain file
domain 'BLOCKS4' defined
 ... done.
ff: parsing problem file
problem 'PROBNAME' defined
 ... done.



Cueing down from goal distance:    2 into depth [1]
                                   1            [1]
                                   0            

Cueing down from goal distance:    5 into depth [1][2]
                                   4            [1][2]
                                   3            [1][2]
                                   2            [1]
                                   1            [1]
                                   0            

Cueing down from goal distance:    7 into depth [1][2]
                                   6            [1][2]
                                   5            [1][2]
                                   4            [1][2]
                                   3            [1][2]
                                   2            [1]
                                   1            [1]
                                   0            

Cueing down from goal distance:    2 into depth [1]
                                   1            [1]
                                   0            

Cueing down from goal distance:    3 into depth [1][2]
                                   2            [1]
                                   1            [1]
                                   0            

ff: found legal plan as follows

step    0: UNSTACK B017 B014
        1: PUTDOWN B017
        2: UNSTACK B008 B010
        3: STACK B008 B000
        4: UNSTACK B010 B006
        5: STACK B010 B024
        6: UNSTACK B006 B009
        7: STACK B006 B020
        8: UNSTACK B009 B011
        9: STACK B009 B017
       10: UNSTACK B006 B020
       11: STACK B006 B014
       12: UNSTACK B020 B026
       13: STACK B020 B010
       14: UNSTACK B026 B019
       15: STACK B026 B020
       16: UNSTACK B019 B012
       17: STACK B019 B026
       18: UNSTACK B012 B021
       19: STACK B012 B019
       20: PICKUP B021
       21: STACK B021 B009
       22: UNSTACK B006 B014
       23: STACK B006 B021
       24: UNSTACK B012 B019
       25: STACK B012 B014
       26: UNSTACK B019 B026
       27: STACK B019 B006
     

time spent:    0.00 seconds instantiating 2964 easy, 0 hard action templates
               0.00 seconds reachability analysis, yielding 1559 facts and 2964 actions
               0.01 seconds creating final representation with 1559 relevant facts
               0.00 seconds building connectivity graph
               0.03 seconds searching, evaluating 33 states, to a max depth of 2
               0.04 seconds total time

