
ff: parsing domain file
domain 'BLOCKS4' defined
 ... done.
ff: parsing problem file
problem 'PROBNAME' defined
 ... done.



Cueing down from goal distance:    2 into depth [1]
                                   1            [1]
                                   0            

Cueing down from goal distance:    5 into depth [1][2]
                                   4            [1][2]
                                   3            [1][2]
                                   2            [1]
                                   1            [1]
                                   0            

Cueing down from goal distance:    7 into depth [1][2]
                                   6            [1][2]
                                   5            [1][2]
                                   4            [1][2]
                                   3            [1][2]
                                   2            [1]
                                   1            [1]
                                   0            

Cueing down from goal distance:    3 into depth [1][2]
                                   2            [1]
                                   1            [1]
                                   0            

Cueing down from goal distance:    3 into depth [1][2]
                                   2            [1]
                                   1            [1]
                                   0            

ff: found legal plan as follows

step    0: UNSTACK B009 B000
        1: PUTDOWN B009
        2: UNSTACK B008 B015
        3: STACK B008 B018
        4: UNSTACK B015 B006
        5: STACK B015 B008
        6: UNSTACK B006 B012
        7: STACK B006 B015
        8: UNSTACK B012 B016
        9: STACK B012 B009
       10: UNSTACK B006 B015
       11: STACK B006 B031
       12: UNSTACK B015 B008
       13: STACK B015 B006
       14: UNSTACK B008 B018
       15: STACK B008 B015
       16: UNSTACK B018 B027
       17: STACK B018 B008
       18: UNSTACK B027 B019
       19: STACK B027 B018
       20: UNSTACK B019 B022
       21: STACK B019 B012
       22: UNSTACK B027 B018
       23: STACK B027 B000
       24: UNSTACK B018 B008
       25: STACK B018 B019
       26: UNSTACK B008 B015
       27: STACK B008 B027
       28: UNSTACK B015 B006
       29: STACK B015 B018
     

time spent:    0.00 seconds instantiating 2964 easy, 0 hard action templates
               0.00 seconds reachability analysis, yielding 1559 facts and 2964 actions
               0.00 seconds creating final representation with 1559 relevant facts
               0.01 seconds building connectivity graph
               0.04 seconds searching, evaluating 35 states, to a max depth of 2
               0.05 seconds total time

