
ff: parsing domain file
domain 'BLOCKS4' defined
 ... done.
ff: parsing problem file
problem 'PROBNAME' defined
 ... done.



Cueing down from goal distance:    5 into depth [1][2]
                                   4            [1][2]
                                   3            [1][2]
                                   2            [1]
                                   1            [1]
                                   0            

Cueing down from goal distance:    3 into depth [1][2]
                                   2            [1]
                                   1            [1]
                                   0            

Cueing down from goal distance:    2 into depth [1]
                                   1            [1]
                                   0            

Cueing down from goal distance:    3 into depth [1][2]
                                   2            [1]
                                   1            [1]
                                   0            

Cueing down from goal distance:    3 into depth [1][2]
                                   2            [1]
                                   1            [1]
                                   0            

ff: found legal plan as follows

step    0: UNSTACK B031 B034
        1: STACK B031 B002
        2: UNSTACK B034 B035
        3: STACK B034 B008
        4: UNSTACK B035 B033
        5: STACK B035 B039
        6: UNSTACK B033 B018
        7: PUTDOWN B033
        8: UNSTACK B026 B032
        9: STACK B026 B034
       10: UNSTACK B032 B028
       11: STACK B032 B033
       12: UNSTACK B031 B002
       13: STACK B031 B032
       14: UNSTACK B026 B034
       15: STACK B026 B002
       16: UNSTACK B034 B008
       17: STACK B034 B031
       18: UNSTACK B022 B023
       19: STACK B022 B008
       20: UNSTACK B023 B012
       21: STACK B023 B034
     

time spent:    0.00 seconds instantiating 3280 easy, 0 hard action templates
               0.00 seconds reachability analysis, yielding 1721 facts and 3280 actions
               0.00 seconds creating final representation with 1721 relevant facts
               0.01 seconds building connectivity graph
               0.04 seconds searching, evaluating 27 states, to a max depth of 2
               0.05 seconds total time

