
ff: parsing domain file
domain 'BLOCKS4' defined
 ... done.
ff: parsing problem file
problem 'PROBNAME' defined
 ... done.



Cueing down from goal distance:    9 into depth [1][2]
                                   8            [1][2]
                                   7            [1][2]
                                   6            [1][2]
                                   5            [1][2]
                                   4            [1][2]
                                   3            [1][2]
                                   2            [1]
                                   1            [1]
                                   0            

Cueing down from goal distance:    2 into depth [1]
                                   1            [1]
                                   0            

Cueing down from goal distance:    2 into depth [1]
                                   1            [1]
                                   0            

Cueing down from goal distance:    4 into depth [1][2]
                                   3            [1][2]
                                   2            [1]
                                   1            [1]
                                   0            

ff: found legal plan as follows

step    0: UNSTACK B007 B006
        1: STACK B007 B024
        2: UNSTACK B012 B011
        3: STACK B012 B031
        4: UNSTACK B006 B004
        5: STACK B006 B012
        6: UNSTACK B011 B013
        7: STACK B011 B009
        8: UNSTACK B004 B008
        9: STACK B004 B011
       10: UNSTACK B013 B016
       11: STACK B013 B029
       12: UNSTACK B016 B018
       13: STACK B016 B013
       14: UNSTACK B008 B005
       15: STACK B008 B018
       16: UNSTACK B007 B024
       17: STACK B007 B008
       18: UNSTACK B023 B032
       19: STACK B023 B007
       20: UNSTACK B022 B001
       21: STACK B022 B024
       22: UNSTACK B001 B015
       23: STACK B001 B022
       24: UNSTACK B015 B014
       25: STACK B015 B023
     

time spent:    0.00 seconds instantiating 3280 easy, 0 hard action templates
               0.00 seconds reachability analysis, yielding 1721 facts and 3280 actions
               0.01 seconds creating final representation with 1721 relevant facts
               0.00 seconds building connectivity graph
               0.05 seconds searching, evaluating 49 states, to a max depth of 2
               0.06 seconds total time

