
ff: parsing domain file
domain 'BLOCKS4' defined
 ... done.
ff: parsing problem file
problem 'PROBNAME' defined
 ... done.



Cueing down from goal distance:    2 into depth [1]
                                   1            [1]
                                   0            

Cueing down from goal distance:    4 into depth [1][2]
                                   3            [1][2]
                                   2            [1]
                                   1            [1]
                                   0            

Cueing down from goal distance:    2 into depth [1]
                                   1            [1]
                                   0            

Cueing down from goal distance:    3 into depth [1][2]
                                   2            [1]
                                   1            [1]
                                   0            

Cueing down from goal distance:    4 into depth [1][2]
                                   3            [1][2]
                                   2            [1]
                                   1            [1]
                                   0            

ff: found legal plan as follows

step    0: UNSTACK B004 B007
        1: PUTDOWN B004
        2: UNSTACK B006 B013
        3: STACK B006 B020
        4: UNSTACK B013 B005
        5: STACK B013 B006
        6: UNSTACK B005 B009
        7: STACK B005 B004
        8: UNSTACK B007 B003
        9: STACK B007 B005
       10: UNSTACK B014 B000
       11: STACK B014 B013
       12: UNSTACK B000 B015
       13: STACK B000 B007
       14: UNSTACK B003 B002
       15: STACK B003 B009
       16: UNSTACK B002 B001
       17: STACK B002 B010
       18: PICKUP B001
       19: STACK B001 B000
     

time spent:    0.00 seconds instantiating 3612 easy, 0 hard action templates
               0.00 seconds reachability analysis, yielding 1891 facts and 3612 actions
               0.00 seconds creating final representation with 1891 relevant facts
               0.01 seconds building connectivity graph
               0.04 seconds searching, evaluating 25 states, to a max depth of 2
               0.05 seconds total time

