
ff: parsing domain file
domain 'BLOCKS4' defined
 ... done.
ff: parsing problem file
problem 'PROBNAME' defined
 ... done.



Cueing down from goal distance:    2 into depth [1]
                                   1            [1]
                                   0            

Cueing down from goal distance:    3 into depth [1][2]
                                   2            [1]
                                   1            [1]
                                   0            

Cueing down from goal distance:    4 into depth [1][2]
                                   3            [1][2]
                                   2            [1]
                                   1            [1]
                                   0            

Cueing down from goal distance:    3 into depth [1][2]
                                   2            [1]
                                   1            [1]
                                   0            

Cueing down from goal distance:    3 into depth [1][2]
                                   2            [1]
                                   1            [1]
                                   0            

ff: found legal plan as follows

step    0: UNSTACK B026 B011
        1: PUTDOWN B026
        2: UNSTACK B005 B032
        3: STACK B005 B035
        4: UNSTACK B032 B006
        5: STACK B032 B026
        6: UNSTACK B005 B035
        7: STACK B005 B039
        8: UNSTACK B035 B034
        9: STACK B035 B011
       10: UNSTACK B034 B012
       11: STACK B034 B032
       12: UNSTACK B030 B029
       13: STACK B030 B035
       14: UNSTACK B029 B036
       15: STACK B029 B034
       16: UNSTACK B036 B027
       17: STACK B036 B012
       18: UNSTACK B027 B014
       19: STACK B027 B029
     

time spent:    0.00 seconds instantiating 3612 easy, 0 hard action templates
               0.00 seconds reachability analysis, yielding 1891 facts and 3612 actions
               0.01 seconds creating final representation with 1891 relevant facts
               0.01 seconds building connectivity graph
               0.04 seconds searching, evaluating 25 states, to a max depth of 2
               0.06 seconds total time

