
ff: parsing domain file
domain 'BLOCKS4' defined
 ... done.
ff: parsing problem file
problem 'PROBNAME' defined
 ... done.



Cueing down from goal distance:    7 into depth [1][2]
                                   6            [1][2]
                                   5            [1][2]
                                   4            [1][2]
                                   3            [1][2]
                                   2            [1]
                                   1            [1]
                                   0            

Cueing down from goal distance:    4 into depth [1][2]
                                   3            [1][2]
                                   2            [1]
                                   1            [1]
                                   0            

Cueing down from goal distance:    2 into depth [1]
                                   1            [1]
                                   0            

Cueing down from goal distance:    2 into depth [1]
                                   1            [1]
                                   0            

ff: found legal plan as follows

step    0: UNSTACK B035 B032
        1: STACK B035 B021
        2: UNSTACK B032 B033
        3: STACK B032 B031
        4: UNSTACK B034 B038
        5: STACK B034 B000
        6: UNSTACK B033 B027
        7: STACK B033 B040
        8: UNSTACK B027 B037
        9: STACK B027 B023
       10: UNSTACK B038 B028
       11: STACK B038 B037
       12: UNSTACK B028 B036
       13: STACK B028 B005
       14: UNSTACK B036 B039
       15: STACK B036 B010
       16: PICKUP B039
       17: STACK B039 B038
       18: UNSTACK B036 B010
       19: STACK B036 B039
       20: UNSTACK B035 B021
       21: STACK B035 B036
     

time spent:    0.00 seconds instantiating 3612 easy, 0 hard action templates
               0.00 seconds reachability analysis, yielding 1891 facts and 3612 actions
               0.01 seconds creating final representation with 1891 relevant facts
               0.00 seconds building connectivity graph
               0.05 seconds searching, evaluating 41 states, to a max depth of 2
               0.06 seconds total time

