
ff: parsing domain file
domain 'BLOCKS4' defined
 ... done.
ff: parsing problem file
problem 'PROBNAME' defined
 ... done.



Cueing down from goal distance:    3 into depth [1][2]
                                   2            [1]
                                   1            [1]
                                   0            

Cueing down from goal distance:    6 into depth [1][2]
                                   5            [1][2]
                                   4            [1][2]
                                   3            [1][2]
                                   2            [1]
                                   1            [1]
                                   0            

Cueing down from goal distance:    2 into depth [1]
                                   1            [1]
                                   0            

Cueing down from goal distance:    6 into depth [1][2]
                                   5            [1][2]
                                   4            [1][2]
                                   3            [1][2]
                                   2            [1]
                                   1            [1]
                                   0            

Cueing down from goal distance:    6 into depth [1][2]
                                   5            [1][2]
                                   4            [1][2]
                                   3            [1][2]
                                   2            [1]
                                   1            [1]
                                   0            

ff: found legal plan as follows

step    0: UNSTACK B018 B019
        1: STACK B018 B028
        2: UNSTACK B019 B017
        3: PUTDOWN B019
        4: UNSTACK B033 B038
        5: STACK B033 B005
        6: UNSTACK B038 B036
        7: STACK B038 B030
        8: UNSTACK B036 B029
        9: STACK B036 B004
       10: UNSTACK B029 B034
       11: STACK B029 B017
       12: PICKUP B034
       13: STACK B034 B019
       14: UNSTACK B038 B030
       15: STACK B038 B034
       16: UNSTACK B033 B005
       17: STACK B033 B030
       18: UNSTACK B005 B006
       19: STACK B005 B018
       20: UNSTACK B006 B013
       21: STACK B006 B005
       22: UNSTACK B013 B011
       23: STACK B013 B006
       24: UNSTACK B011 B014
       25: STACK B011 B038
       26: UNSTACK B010 B008
       27: STACK B010 B040
       28: UNSTACK B008 B012
       29: STACK B008 B013
       30: UNSTACK B012 B007
       31: STACK B012 B022
       32: UNSTACK B007 B009
       33: STACK B007 B014
       34: PICKUP B009
       35: STACK B009 B011
     

time spent:    0.00 seconds instantiating 3612 easy, 0 hard action templates
               0.00 seconds reachability analysis, yielding 1891 facts and 3612 actions
               0.01 seconds creating final representation with 1891 relevant facts
               0.00 seconds building connectivity graph
               0.05 seconds searching, evaluating 41 states, to a max depth of 2
               0.06 seconds total time

