
ff: parsing domain file
domain 'BLOCKS4' defined
 ... done.
ff: parsing problem file
problem 'PROBNAME' defined
 ... done.



Cueing down from goal distance:    6 into depth [1][2]
                                   5            [1][2]
                                   4            [1][2]
                                   3            [1][2]
                                   2            [1]
                                   1            [1]
                                   0            

Cueing down from goal distance:    4 into depth [1][2]
                                   3            [1][2]
                                   2            [1]
                                   1            [1]
                                   0            

Cueing down from goal distance:    2 into depth [1]
                                   1            [1]
                                   0            

Cueing down from goal distance:    7 into depth [1][2]
                                   6            [1][2]
                                   5            [1][2]
                                   4            [1][2]
                                   3            [1][2]
                                   2            [1]
                                   1            [1]
                                   0            

ff: found legal plan as follows

step    0: UNSTACK B013 B003
        1: STACK B013 B004
        2: UNSTACK B003 B008
        3: STACK B003 B020
        4: UNSTACK B008 B009
        5: STACK B008 B035
        6: UNSTACK B009 B021
        7: STACK B009 B036
        8: UNSTACK B024 B010
        9: STACK B024 B021
       10: UNSTACK B010 B017
       11: STACK B010 B034
       12: UNSTACK B017 B026
       13: STACK B017 B039
       14: UNSTACK B026 B023
       15: STACK B026 B024
       16: UNSTACK B010 B034
       17: STACK B010 B026
       18: UNSTACK B003 B020
       19: STACK B003 B034
       20: UNSTACK B020 B027
       21: STACK B020 B003
       22: UNSTACK B027 B030
       23: STACK B027 B020
       24: UNSTACK B030 B028
       25: STACK B030 B027
       26: UNSTACK B028 B019
       27: STACK B028 B030
       28: PICKUP B019
       29: STACK B019 B010
     

time spent:    0.00 seconds instantiating 3960 easy, 0 hard action templates
               0.00 seconds reachability analysis, yielding 2069 facts and 3960 actions
               0.00 seconds creating final representation with 2069 relevant facts
               0.02 seconds building connectivity graph
               0.05 seconds searching, evaluating 50 states, to a max depth of 2
               0.07 seconds total time

