
ff: parsing domain file
domain 'BLOCKS4' defined
 ... done.
ff: parsing problem file
problem 'PROBNAME' defined
 ... done.



Cueing down from goal distance:    4 into depth [1][2]
                                   3            [1][2]
                                   2            [1]
                                   1            [1]
                                   0            

Cueing down from goal distance:    2 into depth [1]
                                   1            [1]
                                   0            

Cueing down from goal distance:    2 into depth [1]
                                   1            [1]
                                   0            

Cueing down from goal distance:    6 into depth [1][2]
                                   5            [1][2]
                                   4            [1][2]
                                   3            [1][2]
                                   2            [1]
                                   1            [1]
                                   0            

ff: found legal plan as follows

step    0: UNSTACK B042 B043
        1: STACK B042 B038
        2: UNSTACK B043 B041
        3: STACK B043 B010
        4: UNSTACK B041 B040
        5: PUTDOWN B041
        6: UNSTACK B043 B010
        7: STACK B043 B041
        8: UNSTACK B042 B038
        9: STACK B042 B043
       10: UNSTACK B038 B036
       11: STACK B038 B010
       12: UNSTACK B036 B035
       13: STACK B036 B038
       14: UNSTACK B035 B037
       15: STACK B035 B036
       16: UNSTACK B037 B039
       17: STACK B037 B035
       18: PICKUP B039
       19: STACK B039 B042
     

time spent:    0.00 seconds instantiating 3960 easy, 0 hard action templates
               0.00 seconds reachability analysis, yielding 2069 facts and 3960 actions
               0.01 seconds creating final representation with 2069 relevant facts
               0.01 seconds building connectivity graph
               0.04 seconds searching, evaluating 24 states, to a max depth of 2
               0.06 seconds total time

