
ff: parsing domain file
domain 'BLOCKS4' defined
 ... done.
ff: parsing problem file
problem 'PROBNAME' defined
 ... done.



Cueing down from goal distance:    3 into depth [1][2]
                                   2            [1]
                                   1            [1]
                                   0            

Cueing down from goal distance:    2 into depth [1]
                                   1            [1]
                                   0            

Cueing down from goal distance:    5 into depth [1][2]
                                   4            [1][2]
                                   3            [1][2]
                                   2            [1]
                                   1            [1]
                                   0            

Cueing down from goal distance:    2 into depth [1]
                                   1            [1]
                                   0            

Cueing down from goal distance:    2 into depth [1]
                                   1            [1]
                                   0            

ff: found legal plan as follows

step    0: UNSTACK B004 B007
        1: STACK B004 B042
        2: UNSTACK B007 B003
        3: PUTDOWN B007
        4: UNSTACK B004 B042
        5: STACK B004 B007
        6: UNSTACK B008 B002
        7: STACK B008 B042
        8: UNSTACK B002 B009
        9: STACK B002 B013
       10: UNSTACK B009 B001
       11: STACK B009 B022
       12: UNSTACK B001 B006
       13: STACK B001 B004
       14: UNSTACK B003 B005
       15: STACK B003 B001
       16: UNSTACK B002 B013
       17: STACK B002 B003
     

time spent:    0.00 seconds instantiating 3960 easy, 0 hard action templates
               0.00 seconds reachability analysis, yielding 2069 facts and 3960 actions
               0.01 seconds creating final representation with 2069 relevant facts
               0.00 seconds building connectivity graph
               0.05 seconds searching, evaluating 23 states, to a max depth of 2
               0.06 seconds total time

