
ff: parsing domain file
domain 'SATELLITE' defined
 ... done.
ff: parsing problem file
problem 'PROBNAME' defined
 ... done.



Cueing down from goal distance:   15 into depth [1]
                                  14            [1]
                                  12            [1]
                                  11            [1]
                                  10            [1]
                                   9            [1]
                                   8            [1]
                                   7            [1]
                                   6            [1]
                                   5            [1]
                                   4            [1]
                                   3            [1]
                                   2            [1]
                                   1            [1]
                                   0            

ff: found legal plan as follows

step    0: TURN_TO SAT003 DIR001 DIR003
        1: TURN_TO SAT005 DIR003 DIR004
        2: TURN_TO SAT002 DIR004 DIR000
        3: SWITCH_ON INST003-000 SAT003
        4: CALIBRATE SAT003 INST003-000 DIR001
        5: TURN_TO SAT003 DIR002 DIR001
        6: TAKE_IMAGE SAT003 DIR002 INST003-000 MODE003
        7: TURN_TO SAT003 DIR004 DIR002
        8: TAKE_IMAGE SAT003 DIR004 INST003-000 MODE003
        9: SWITCH_ON INST002-000 SAT002
       10: CALIBRATE SAT002 INST002-000 DIR004
       11: TAKE_IMAGE SAT002 DIR004 INST002-000 MODE001
       12: TURN_TO SAT002 DIR003 DIR004
       13: TAKE_IMAGE SAT002 DIR003 INST002-000 MODE001
     

time spent:    0.00 seconds instantiating 224 easy, 0 hard action templates
               0.00 seconds reachability analysis, yielding 95 facts and 224 actions
               0.00 seconds creating final representation with 95 relevant facts
               0.00 seconds building connectivity graph
               0.00 seconds searching, evaluating 21 states, to a max depth of 1
               0.00 seconds total time

