
ff: parsing domain file
domain 'SATELLITE' defined
 ... done.
ff: parsing problem file
problem 'PROBNAME' defined
 ... done.



Cueing down from goal distance:   16 into depth [1]
                                  15            [1]
                                  14            [1]
                                  13            [1]
                                  12            [1][2][3]
                                  11            [1][2][3]
                                  10            [1]
                                   9            [1]
                                   8            [1][2]
                                   7            [1]
                                   6            [1]
                                   5            [1]
                                   4            [1]
                                   3            [1]
                                   2            [1][2][3][4]
                                   1            [1]
                                   0            

ff: found legal plan as follows

step    0: SWITCH_ON INST001-000 SAT001
        1: CALIBRATE SAT001 INST001-000 DIR002
        2: TURN_TO SAT001 DIR001 DIR002
        3: TAKE_IMAGE SAT001 DIR001 INST001-000 MODE001
        4: TURN_TO SAT000 DIR001 DIR000
        5: SWITCH_ON INST000-002 SAT000
        6: CALIBRATE SAT000 INST000-002 DIR001
        7: SWITCH_OFF INST000-002 SAT000
        8: SWITCH_ON INST000-001 SAT000
        9: CALIBRATE SAT000 INST000-001 DIR001
       10: TAKE_IMAGE SAT000 DIR001 INST000-001 MODE000
       11: SWITCH_OFF INST000-001 SAT000
       12: SWITCH_ON INST000-003 SAT000
       13: CALIBRATE SAT000 INST000-003 DIR001
       14: TAKE_IMAGE SAT000 DIR001 INST000-003 MODE002
       15: TURN_TO SAT000 DIR002 DIR001
       16: TAKE_IMAGE SAT000 DIR002 INST000-003 MODE002
       17: SWITCH_OFF INST000-003 SAT000
       18: TURN_TO SAT000 DIR000 DIR002
       19: SWITCH_ON INST000-002 SAT000
       20: TURN_TO SAT000 DIR001 DIR000
       21: CALIBRATE SAT000 INST000-002 DIR001
       22: TURN_TO SAT000 DIR000 DIR001
       23: TAKE_IMAGE SAT000 DIR000 INST000-002 MODE003
     

time spent:    0.00 seconds instantiating 48 easy, 0 hard action templates
               0.00 seconds reachability analysis, yielding 41 facts and 48 actions
               0.00 seconds creating final representation with 41 relevant facts
               0.00 seconds building connectivity graph
               0.00 seconds searching, evaluating 70 states, to a max depth of 4
               0.00 seconds total time

