
ff: parsing domain file
domain 'SATELLITE' defined
 ... done.
ff: parsing problem file
problem 'PROBNAME' defined
 ... done.



Cueing down from goal distance:   11 into depth [1]
                                  10            [1]
                                   9            [1]
                                   8            [1][2]
                                   7            [1]
                                   6            [1]
                                   5            [1]
                                   4            [1]
                                   3            [1][2]
                                   2            [1]
                                   1            [1]
                                   0            

ff: found legal plan as follows

step    0: SWITCH_ON INST001-000 SAT001
        1: CALIBRATE SAT001 INST001-000 DIR000
        2: TAKE_IMAGE SAT001 DIR000 INST001-000 MODE002
        3: SWITCH_ON INST000-001 SAT000
        4: SWITCH_OFF INST001-000 SAT001
        5: CALIBRATE SAT000 INST000-001 DIR003
        6: TURN_TO SAT000 DIR001 DIR003
        7: TAKE_IMAGE SAT000 DIR001 INST000-001 MODE001
        8: SWITCH_ON INST001-001 SAT001
        9: TURN_TO SAT001 DIR002 DIR000
       10: CALIBRATE SAT001 INST001-001 DIR002
       11: TURN_TO SAT001 DIR000 DIR002
       12: TAKE_IMAGE SAT001 DIR000 INST001-001 MODE000
     

time spent:    0.00 seconds instantiating 132 easy, 0 hard action templates
               0.00 seconds reachability analysis, yielding 60 facts and 132 actions
               0.00 seconds creating final representation with 60 relevant facts
               0.00 seconds building connectivity graph
               0.00 seconds searching, evaluating 29 states, to a max depth of 2
               0.00 seconds total time

