
ff: parsing domain file
domain 'SATELLITE' defined
 ... done.
ff: parsing problem file
problem 'PROBNAME' defined
 ... done.



Cueing down from goal distance:   13 into depth [1]
                                  12            [1]
                                  11            [1]
                                  10            [1][2]
                                   9            [1]
                                   8            [1]
                                   7            [1][2]
                                   6            [1]
                                   5            [1]
                                   4            [1]
                                   3            [1]
                                   2            [1]
                                   1            [1]
                                   0            

ff: found legal plan as follows

step    0: SWITCH_ON INST004-001 SAT004
        1: TURN_TO SAT001 DIR004 DIR002
        2: SWITCH_ON INST001-000 SAT001
        3: TURN_TO SAT001 DIR000 DIR004
        4: CALIBRATE SAT001 INST001-000 DIR000
        5: TURN_TO SAT001 DIR004 DIR000
        6: TAKE_IMAGE SAT001 DIR004 INST001-000 MODE000
        7: TURN_TO SAT004 DIR001 DIR004
        8: CALIBRATE SAT004 INST004-001 DIR001
        9: TURN_TO SAT004 DIR004 DIR001
       10: TAKE_IMAGE SAT004 DIR004 INST004-001 MODE001
       11: TURN_TO SAT004 DIR000 DIR004
       12: TAKE_IMAGE SAT004 DIR000 INST004-001 MODE001
       13: TURN_TO SAT004 DIR003 DIR000
       14: TAKE_IMAGE SAT004 DIR003 INST004-001 MODE001
     

time spent:    0.00 seconds instantiating 232 easy, 0 hard action templates
               0.00 seconds reachability analysis, yielding 88 facts and 232 actions
               0.00 seconds creating final representation with 88 relevant facts
               0.00 seconds building connectivity graph
               0.00 seconds searching, evaluating 32 states, to a max depth of 2
               0.00 seconds total time

