
ff: parsing domain file
domain 'SATELLITE' defined
 ... done.
ff: parsing problem file
problem 'PROBNAME' defined
 ... done.



Cueing down from goal distance:    4 into depth [1]
                                   3            [1][2]
                                   2            [1]
                                   1            [1]
                                   0            

ff: found legal plan as follows

step    0: SWITCH_ON INST004-001 SAT004
        1: TURN_TO SAT004 DIR003 DIR004
        2: CALIBRATE SAT004 INST004-001 DIR003
        3: TURN_TO SAT004 DIR004 DIR003
        4: TAKE_IMAGE SAT004 DIR004 INST004-001 MODE001
     

time spent:    0.00 seconds instantiating 264 easy, 0 hard action templates
               0.00 seconds reachability analysis, yielding 110 facts and 264 actions
               0.00 seconds creating final representation with 110 relevant facts
               0.00 seconds building connectivity graph
               0.00 seconds searching, evaluating 7 states, to a max depth of 2
               0.00 seconds total time

