
ff: parsing domain file
domain 'SATELLITE' defined
 ... done.
ff: parsing problem file
problem 'PROBNAME' defined
 ... done.



Cueing down from goal distance:   14 into depth [1][2]
                                  13            [1]
                                  12            [1]
                                  11            [1]
                                  10            [1][2]
                                   9            [1]
                                   8            [1]
                                   7            [1][2]
                                   6            [1]
                                   5            [1]
                                   4            [1]
                                   3            [1][2]
                                   2            [1]
                                   1            [1]
                                   0            

ff: found legal plan as follows

step    0: SWITCH_ON INST000-001 SAT000
        1: CALIBRATE SAT000 INST000-001 DIR002
        2: TAKE_IMAGE SAT000 DIR002 INST000-001 MODE004
        3: SWITCH_OFF INST000-001 SAT000
        4: SWITCH_ON INST000-000 SAT000
        5: TURN_TO SAT000 DIR003 DIR002
        6: CALIBRATE SAT000 INST000-000 DIR003
        7: TURN_TO SAT000 DIR002 DIR003
        8: TAKE_IMAGE SAT000 DIR002 INST000-000 MODE002
        9: SWITCH_ON INST001-000 SAT001
       10: SWITCH_ON INST003-000 SAT003
       11: CALIBRATE SAT003 INST003-000 DIR000
       12: TURN_TO SAT003 DIR003 DIR000
       13: TAKE_IMAGE SAT003 DIR003 INST003-000 MODE003
       14: TURN_TO SAT001 DIR000 DIR003
       15: CALIBRATE SAT001 INST001-000 DIR000
       16: TURN_TO SAT001 DIR003 DIR000
       17: TAKE_IMAGE SAT001 DIR003 INST001-000 MODE001
     

time spent:    0.00 seconds instantiating 163 easy, 0 hard action templates
               0.00 seconds reachability analysis, yielding 89 facts and 163 actions
               0.00 seconds creating final representation with 89 relevant facts
               0.00 seconds building connectivity graph
               0.00 seconds searching, evaluating 52 states, to a max depth of 2
               0.00 seconds total time

