
ff: parsing domain file
domain 'SATELLITE' defined
 ... done.
ff: parsing problem file
problem 'PROBNAME' defined
 ... done.



Cueing down from goal distance:    9 into depth [1]
                                   8            [1]
                                   7            [1]
                                   6            [1]
                                   5            [1]
                                   4            [1]
                                   3            [1]
                                   2            [1]
                                   1            [1]
                                   0            

ff: found legal plan as follows

step    0: TURN_TO SAT001 DIR003 DIR001
        1: TURN_TO SAT002 DIR003 DIR001
        2: SWITCH_ON INST002-000 SAT002
        3: CALIBRATE SAT002 INST002-000 DIR003
        4: TAKE_IMAGE SAT002 DIR003 INST002-000 MODE000
        5: SWITCH_ON INST001-000 SAT001
        6: CALIBRATE SAT001 INST001-000 DIR003
        7: TURN_TO SAT001 DIR002 DIR003
        8: TAKE_IMAGE SAT001 DIR002 INST001-000 MODE004
     

time spent:    0.00 seconds instantiating 71 easy, 0 hard action templates
               0.00 seconds reachability analysis, yielding 50 facts and 71 actions
               0.00 seconds creating final representation with 50 relevant facts
               0.00 seconds building connectivity graph
               0.00 seconds searching, evaluating 12 states, to a max depth of 1
               0.00 seconds total time

