
ff: parsing domain file
domain 'SATELLITE' defined
 ... done.
ff: parsing problem file
problem 'PROBNAME' defined
 ... done.



Cueing down from goal distance:    6 into depth [1]
                                   5            [1][2]
                                   4            [1]
                                   3            [1]
                                   2            [1]
                                   1            [1]
                                   0            

ff: found legal plan as follows

step    0: SWITCH_ON INST001-000 SAT001
        1: TURN_TO SAT001 DIR003 DIR001
        2: CALIBRATE SAT001 INST001-000 DIR003
        3: TURN_TO SAT001 DIR001 DIR003
        4: TAKE_IMAGE SAT001 DIR001 INST001-000 MODE004
        5: TURN_TO SAT001 DIR000 DIR001
        6: TAKE_IMAGE SAT001 DIR000 INST001-000 MODE004
     

time spent:    0.00 seconds instantiating 151 easy, 0 hard action templates
               0.00 seconds reachability analysis, yielding 84 facts and 151 actions
               0.00 seconds creating final representation with 84 relevant facts
               0.00 seconds building connectivity graph
               0.00 seconds searching, evaluating 11 states, to a max depth of 2
               0.00 seconds total time

