
ff: parsing domain file
domain 'SATELLITE' defined
 ... done.
ff: parsing problem file
problem 'PROBNAME' defined
 ... done.



Cueing down from goal distance:   18 into depth [1]
                                  17            [1]
                                  15            [1]
                                  14            [1]
                                  13            [1]
                                  12            [1]
                                  11            [1]
                                  10            [1]
                                   9            [1]
                                   8            [1]
                                   7            [1]
                                   6            [1]
                                   5            [1]
                                   4            [1]
                                   3            [1]
                                   2            [1]
                                   1            [1]
                                   0            

ff: found legal plan as follows

step    0: TURN_TO SAT000 DIR002 DIR004
        1: TURN_TO SAT003 DIR000 DIR003
        2: SWITCH_ON INST001-001 SAT001
        3: TURN_TO SAT001 DIR002 DIR001
        4: CALIBRATE SAT001 INST001-001 DIR002
        5: TURN_TO SAT001 DIR000 DIR002
        6: TAKE_IMAGE SAT001 DIR000 INST001-001 MODE000
        7: SWITCH_ON INST000-000 SAT000
        8: CALIBRATE SAT000 INST000-000 DIR002
        9: TURN_TO SAT000 DIR003 DIR002
       10: TAKE_IMAGE SAT000 DIR003 INST000-000 MODE002
       11: SWITCH_ON INST003-000 SAT003
       12: CALIBRATE SAT003 INST003-000 DIR000
       13: TURN_TO SAT003 DIR001 DIR000
       14: TAKE_IMAGE SAT003 DIR001 INST003-000 MODE001
       15: TURN_TO SAT003 DIR003 DIR001
       16: TAKE_IMAGE SAT003 DIR003 INST003-000 MODE001
     

time spent:    0.00 seconds instantiating 212 easy, 0 hard action templates
               0.00 seconds reachability analysis, yielding 87 facts and 212 actions
               0.00 seconds creating final representation with 87 relevant facts
               0.00 seconds building connectivity graph
               0.00 seconds searching, evaluating 32 states, to a max depth of 1
               0.00 seconds total time

