
ff: parsing domain file
domain 'SATELLITE' defined
 ... done.
ff: parsing problem file
problem 'PROBNAME' defined
 ... done.



Cueing down from goal distance:   13 into depth [1]
                                  11            [1]
                                  10            [1]
                                   9            [1]
                                   8            [1]
                                   7            [1]
                                   6            [1]
                                   5            [1]
                                   4            [1][2]
                                   3            [1]
                                   2            [1]
                                   1            [1]
                                   0            

ff: found legal plan as follows

step    0: TURN_TO SAT003 DIR000 DIR001
        1: SWITCH_ON INST000-000 SAT000
        2: SWITCH_ON INST001-003 SAT001
        3: CALIBRATE SAT001 INST001-003 DIR000
        4: TURN_TO SAT001 DIR003 DIR000
        5: TAKE_IMAGE SAT001 DIR003 INST001-003 MODE001
        6: TURN_TO SAT001 DIR001 DIR003
        7: TAKE_IMAGE SAT001 DIR001 INST001-003 MODE001
        8: TURN_TO SAT000 DIR003 DIR002
        9: CALIBRATE SAT000 INST000-000 DIR003
       10: TAKE_IMAGE SAT000 DIR003 INST000-000 MODE000
       11: TURN_TO SAT000 DIR002 DIR003
       12: TAKE_IMAGE SAT000 DIR002 INST000-000 MODE000
     

time spent:    0.00 seconds instantiating 146 easy, 0 hard action templates
               0.00 seconds reachability analysis, yielding 70 facts and 146 actions
               0.00 seconds creating final representation with 70 relevant facts
               0.00 seconds building connectivity graph
               0.00 seconds searching, evaluating 23 states, to a max depth of 2
               0.00 seconds total time

