
ff: parsing domain file
domain 'SATELLITE' defined
 ... done.
ff: parsing problem file
problem 'PROBNAME' defined
 ... done.



Cueing down from goal distance:   13 into depth [1]
                                  11            [1]
                                   9            [1]
                                   8            [1]
                                   7            [1]
                                   6            [1]
                                   5            [1]
                                   4            [1]
                                   3            [1]
                                   2            [1]
                                   1            [1]
                                   0            

ff: found legal plan as follows

step    0: TURN_TO SAT002 DIR003 DIR000
        1: SWITCH_ON INST001-004 SAT001
        2: CALIBRATE SAT001 INST001-004 DIR003
        3: TAKE_IMAGE SAT001 DIR003 INST001-004 MODE001
        4: TURN_TO SAT001 DIR000 DIR003
        5: TAKE_IMAGE SAT001 DIR000 INST001-004 MODE001
        6: SWITCH_ON INST000-000 SAT000
        7: CALIBRATE SAT000 INST000-000 DIR001
        8: TAKE_IMAGE SAT000 DIR001 INST000-000 MODE000
        9: TURN_TO SAT000 DIR000 DIR001
       10: TAKE_IMAGE SAT000 DIR000 INST000-000 MODE000
     

time spent:    0.00 seconds instantiating 134 easy, 0 hard action templates
               0.00 seconds reachability analysis, yielding 65 facts and 134 actions
               0.00 seconds creating final representation with 65 relevant facts
               0.00 seconds building connectivity graph
               0.00 seconds searching, evaluating 15 states, to a max depth of 1
               0.00 seconds total time

