
ff: parsing domain file
domain 'SATELLITE' defined
 ... done.
ff: parsing problem file
problem 'PROBNAME' defined
 ... done.



Cueing down from goal distance:    8 into depth [1]
                                   7            [1]
                                   6            [1][2]
                                   5            [1]
                                   4            [1]
                                   3            [1][2]
                                   2            [1]
                                   1            [1]
                                   0            

ff: found legal plan as follows

step    0: SWITCH_ON INST003-000 SAT003
        1: SWITCH_ON INST000-001 SAT000
        2: TURN_TO SAT003 DIR003 DIR000
        3: CALIBRATE SAT003 INST003-000 DIR003
        4: TURN_TO SAT003 DIR000 DIR003
        5: TAKE_IMAGE SAT003 DIR000 INST003-000 MODE001
        6: TURN_TO SAT000 DIR003 DIR002
        7: CALIBRATE SAT000 INST000-001 DIR003
        8: TURN_TO SAT000 DIR002 DIR003
        9: TAKE_IMAGE SAT000 DIR002 INST000-001 MODE000
     

time spent:    0.00 seconds instantiating 360 easy, 0 hard action templates
               0.00 seconds reachability analysis, yielding 114 facts and 360 actions
               0.00 seconds creating final representation with 114 relevant facts
               0.00 seconds building connectivity graph
               0.00 seconds searching, evaluating 18 states, to a max depth of 2
               0.00 seconds total time

