
ff: parsing domain file
domain 'SATELLITE' defined
 ... done.
ff: parsing problem file
problem 'PROBNAME' defined
 ... done.



Cueing down from goal distance:   12 into depth [1]
                                  11            [1][2]
                                  10            [1]
                                   9            [1]
                                   8            [1]
                                   7            [1]
                                   6            [1]
                                   5            [1]
                                   4            [1]
                                   3            [1]
                                   2            [1]
                                   1            [1]
                                   0            

ff: found legal plan as follows

step    0: TURN_TO SAT002 DIR003 DIR002
        1: SWITCH_ON INST000-000 SAT000
        2: CALIBRATE SAT000 INST000-000 DIR000
        3: TURN_TO SAT000 DIR003 DIR000
        4: TAKE_IMAGE SAT000 DIR003 INST000-000 MODE001
        5: TURN_TO SAT000 DIR002 DIR003
        6: TAKE_IMAGE SAT000 DIR002 INST000-000 MODE001
        7: TURN_TO SAT000 DIR001 DIR002
        8: TAKE_IMAGE SAT000 DIR001 INST000-000 MODE001
        9: SWITCH_ON INST002-000 SAT002
       10: CALIBRATE SAT002 INST002-000 DIR003
       11: TURN_TO SAT002 DIR002 DIR003
       12: TAKE_IMAGE SAT002 DIR002 INST002-000 MODE000
     

time spent:    0.00 seconds instantiating 85 easy, 0 hard action templates
               0.00 seconds reachability analysis, yielding 44 facts and 85 actions
               0.00 seconds creating final representation with 44 relevant facts
               0.00 seconds building connectivity graph
               0.00 seconds searching, evaluating 25 states, to a max depth of 2
               0.00 seconds total time

