
ff: parsing domain file
domain 'SATELLITE' defined
 ... done.
ff: parsing problem file
problem 'PROBNAME' defined
 ... done.



Cueing down from goal distance:   10 into depth [1]
                                   8            [1][2]
                                   7            [1]
                                   6            [1]
                                   5            [1]
                                   4            [1]
                                   3            [1]
                                   2            [1]
                                   1            [1]
                                   0            

ff: found legal plan as follows

step    0: TURN_TO SAT001 DIR000 DIR001
        1: SWITCH_ON INST000-001 SAT000
        2: CALIBRATE SAT000 INST000-001 DIR002
        3: TAKE_IMAGE SAT000 DIR002 INST000-001 MODE001
        4: SWITCH_ON INST001-002 SAT001
        5: CALIBRATE SAT001 INST001-002 DIR000
        6: TURN_TO SAT001 DIR002 DIR000
        7: TAKE_IMAGE SAT001 DIR002 INST001-002 MODE000
        8: TURN_TO SAT001 DIR001 DIR002
        9: TAKE_IMAGE SAT001 DIR001 INST001-002 MODE000
     

time spent:    0.00 seconds instantiating 102 easy, 0 hard action templates
               0.00 seconds reachability analysis, yielding 67 facts and 102 actions
               0.00 seconds creating final representation with 67 relevant facts
               0.00 seconds building connectivity graph
               0.00 seconds searching, evaluating 18 states, to a max depth of 2
               0.00 seconds total time

