
ff: parsing domain file
domain 'SATELLITE' defined
 ... done.
ff: parsing problem file
problem 'PROBNAME' defined
 ... done.



Cueing down from goal distance:   14 into depth [1]
                                  13            [1]
                                  12            [1][2]
                                  11            [1][2]
                                  10            [1]
                                   9            [1][2][3]
                                   8            [1][2]
                                   7            [1]
                                   6            [1][2]
                                   5            [1]
                                   4            [1]
                                   3            [1][2]
                                   2            [1]
                                   1            [1]
                                   0            

ff: found legal plan as follows

step    0: TURN_TO SAT002 DIR005 DIR004
        1: TURN_TO SAT000 DIR003 DIR001
        2: SWITCH_ON INST000-000 SAT000
        3: CALIBRATE SAT000 INST000-000 DIR003
        4: TURN_TO SAT000 DIR004 DIR003
        5: TAKE_IMAGE SAT000 DIR004 INST000-000 MODE002
        6: SWITCH_OFF INST000-000 SAT000
        7: TURN_TO SAT000 DIR003 DIR004
        8: SWITCH_ON INST000-003 SAT000
        9: CALIBRATE SAT000 INST000-003 DIR003
       10: TURN_TO SAT000 DIR004 DIR003
       11: TAKE_IMAGE SAT000 DIR004 INST000-003 MODE003
       12: TURN_TO SAT000 DIR003 DIR004
       13: TURN_TO SAT000 DIR005 DIR003
       14: TAKE_IMAGE SAT000 DIR005 INST000-003 MODE003
       15: SWITCH_OFF INST000-003 SAT000
       16: SWITCH_ON INST000-001 SAT000
       17: TURN_TO SAT000 DIR003 DIR005
       18: CALIBRATE SAT000 INST000-001 DIR003
       19: TURN_TO SAT000 DIR005 DIR003
       20: TAKE_IMAGE SAT000 DIR005 INST000-001 MODE001
     

time spent:    0.00 seconds instantiating 153 easy, 0 hard action templates
               0.00 seconds reachability analysis, yielding 66 facts and 153 actions
               0.00 seconds creating final representation with 66 relevant facts
               0.00 seconds building connectivity graph
               0.00 seconds searching, evaluating 57 states, to a max depth of 3
               0.00 seconds total time

