
ff: parsing domain file
domain 'SATELLITE' defined
 ... done.
ff: parsing problem file
problem 'PROBNAME' defined
 ... done.



Cueing down from goal distance:    7 into depth [1][2]
                                   6            [1][2]
                                   5            [1]
                                   4            [1]
                                   3            [1][2]
                                   2            [1]
                                   1            [1]
                                   0            

ff: found legal plan as follows

step    0: SWITCH_ON INST000-000 SAT000
        1: SWITCH_ON INST003-000 SAT003
        2: TURN_TO SAT000 DIR001 DIR000
        3: CALIBRATE SAT000 INST000-000 DIR001
        4: TURN_TO SAT000 DIR000 DIR001
        5: TAKE_IMAGE SAT000 DIR000 INST000-000 MODE000
        6: TURN_TO SAT003 DIR002 DIR000
        7: CALIBRATE SAT003 INST003-000 DIR002
        8: TURN_TO SAT003 DIR000 DIR002
        9: TAKE_IMAGE SAT003 DIR000 INST003-000 MODE001
     

time spent:    0.00 seconds instantiating 120 easy, 0 hard action templates
               0.00 seconds reachability analysis, yielding 71 facts and 120 actions
               0.00 seconds creating final representation with 71 relevant facts
               0.00 seconds building connectivity graph
               0.00 seconds searching, evaluating 21 states, to a max depth of 2
               0.00 seconds total time

