
ff: parsing domain file
domain 'SATELLITE' defined
 ... done.
ff: parsing problem file
problem 'PROBNAME' defined
 ... done.



Cueing down from goal distance:   17 into depth [1]
                                  16            [1]
                                  15            [1]
                                  14            [1]
                                  13            [1]
                                  12            [1]
                                  11            [1]
                                  10            [1]
                                   9            [1]
                                   8            [1]
                                   7            [1]
                                   6            [1]
                                   5            [1][2]
                                   4            [1]
                                   3            [1]
                                   2            [1]
                                   1            [1]
                                   0            

ff: found legal plan as follows

step    0: TURN_TO SAT001 DIR005 DIR004
        1: SWITCH_ON INST001-000 SAT001
        2: CALIBRATE SAT001 INST001-000 DIR005
        3: TURN_TO SAT001 DIR001 DIR005
        4: TAKE_IMAGE SAT001 DIR001 INST001-000 MODE001
        5: TURN_TO SAT001 DIR002 DIR001
        6: TAKE_IMAGE SAT001 DIR002 INST001-000 MODE001
        7: SWITCH_ON INST000-000 SAT000
        8: TURN_TO SAT003 DIR004 DIR000
        9: SWITCH_ON INST003-001 SAT003
       10: CALIBRATE SAT003 INST003-001 DIR004
       11: TAKE_IMAGE SAT003 DIR004 INST003-001 MODE002
       12: TURN_TO SAT000 DIR005 DIR001
       13: CALIBRATE SAT000 INST000-000 DIR005
       14: TURN_TO SAT000 DIR001 DIR005
       15: TAKE_IMAGE SAT000 DIR001 INST000-000 MODE000
       16: TURN_TO SAT000 DIR004 DIR001
       17: TAKE_IMAGE SAT000 DIR004 INST000-000 MODE000
     

time spent:    0.00 seconds instantiating 294 easy, 0 hard action templates
               0.00 seconds reachability analysis, yielding 101 facts and 294 actions
               0.00 seconds creating final representation with 101 relevant facts
               0.00 seconds building connectivity graph
               0.00 seconds searching, evaluating 42 states, to a max depth of 2
               0.00 seconds total time

