
ff: parsing domain file
domain 'SATELLITE' defined
 ... done.
ff: parsing problem file
problem 'PROBNAME' defined
 ... done.



Cueing down from goal distance:   17 into depth [1]
                                  16            [1]
                                  15            [1][2]
                                  14            [1]
                                  13            [1]
                                  12            [1][2][3]
                                  11            [1][2]
                                  10            [1]
                                   9            [1]
                                   8            [1]
                                   7            [1][2][3]
                                   6            [1]
                                   5            [1]
                                   4            [1]
                                   3            [1][2]
                                   2            [1]
                                   1            [1]
                                   0            

ff: found legal plan as follows

step    0: TURN_TO SAT000 DIR004 DIR003
        1: SWITCH_ON INST005-002 SAT005
        2: TURN_TO SAT005 DIR000 DIR002
        3: CALIBRATE SAT005 INST005-002 DIR000
        4: TURN_TO SAT005 DIR002 DIR000
        5: TAKE_IMAGE SAT005 DIR002 INST005-002 MODE003
        6: TURN_TO SAT000 DIR000 DIR004
        7: SWITCH_ON INST000-002 SAT000
        8: TURN_TO SAT003 DIR001 DIR000
        9: TURN_TO SAT000 DIR001 DIR000
       10: CALIBRATE SAT000 INST000-002 DIR001
       11: TAKE_IMAGE SAT000 DIR001 INST000-002 MODE001
       12: TURN_TO SAT000 DIR000 DIR001
       13: TAKE_IMAGE SAT000 DIR000 INST000-002 MODE001
       14: SWITCH_ON INST003-001 SAT003
       15: TURN_TO SAT002 DIR003 DIR000
       16: SWITCH_ON INST002-002 SAT002
       17: CALIBRATE SAT002 INST002-002 DIR003
       18: TURN_TO SAT002 DIR001 DIR003
       19: TAKE_IMAGE SAT002 DIR001 INST002-002 MODE000
       20: TURN_TO SAT003 DIR000 DIR001
       21: CALIBRATE SAT003 INST003-001 DIR000
       22: TURN_TO SAT003 DIR001 DIR000
       23: TAKE_IMAGE SAT003 DIR001 INST003-001 MODE004
     

time spent:    0.00 seconds instantiating 256 easy, 0 hard action templates
               0.00 seconds reachability analysis, yielding 112 facts and 256 actions
               0.00 seconds creating final representation with 112 relevant facts
               0.00 seconds building connectivity graph
               0.00 seconds searching, evaluating 90 states, to a max depth of 3
               0.00 seconds total time

