
ff: parsing domain file
domain 'SATELLITE' defined
 ... done.
ff: parsing problem file
problem 'PROBNAME' defined
 ... done.



Cueing down from goal distance:    6 into depth [1]
                                   5            [1]
                                   4            [1][2]
                                   3            [1]
                                   2            [1]
                                   1            [1]
                                   0            

ff: found legal plan as follows

step    0: TURN_TO SAT000 DIR000 DIR001
        1: SWITCH_ON INST000-003 SAT000
        2: TURN_TO SAT000 DIR002 DIR000
        3: CALIBRATE SAT000 INST000-003 DIR002
        4: TAKE_IMAGE SAT000 DIR002 INST000-003 MODE003
        5: TURN_TO SAT000 DIR000 DIR002
        6: TAKE_IMAGE SAT000 DIR000 INST000-003 MODE003
     

time spent:    0.00 seconds instantiating 120 easy, 0 hard action templates
               0.00 seconds reachability analysis, yielding 79 facts and 120 actions
               0.00 seconds creating final representation with 79 relevant facts
               0.00 seconds building connectivity graph
               0.00 seconds searching, evaluating 9 states, to a max depth of 2
               0.00 seconds total time

