
ff: parsing domain file
domain 'SATELLITE' defined
 ... done.
ff: parsing problem file
problem 'PROBNAME' defined
 ... done.



Cueing down from goal distance:   20 into depth [1]
                                  17            [1]
                                  16            [1]
                                  14            [1]
                                  13            [1]
                                  12            [1]
                                  11            [1]
                                  10            [1]
                                   9            [1]
                                   8            [1]
                                   5            [1][2]
                                   4            [1]
                                   3            [1]
                                   2            [1]
                                   1            [1]
                                   0            

ff: found legal plan as follows

step    0: TURN_TO SAT002 DIR002 DIR003
        1: TURN_TO SAT000 DIR000 DIR001
        2: SWITCH_ON INST003-001 SAT003
        3: CALIBRATE SAT003 INST003-001 DIR000
        4: TAKE_IMAGE SAT003 DIR000 INST003-001 MODE000
        5: TURN_TO SAT003 DIR003 DIR000
        6: TAKE_IMAGE SAT003 DIR003 INST003-001 MODE000
        7: TURN_TO SAT003 DIR001 DIR003
        8: TAKE_IMAGE SAT003 DIR001 INST003-001 MODE000
        9: SWITCH_ON INST001-001 SAT001
       10: TURN_TO SAT001 DIR001 DIR002
       11: CALIBRATE SAT001 INST001-001 DIR001
       12: TURN_TO SAT001 DIR002 DIR001
       13: TAKE_IMAGE SAT001 DIR002 INST001-001 MODE001
       14: TURN_TO SAT001 DIR004 DIR002
       15: TAKE_IMAGE SAT001 DIR004 INST001-001 MODE001
     

time spent:    0.00 seconds instantiating 184 easy, 0 hard action templates
               0.00 seconds reachability analysis, yielding 73 facts and 184 actions
               0.00 seconds creating final representation with 73 relevant facts
               0.00 seconds building connectivity graph
               0.00 seconds searching, evaluating 27 states, to a max depth of 2
               0.00 seconds total time

