
ff: parsing domain file
domain 'SATELLITE' defined
 ... done.
ff: parsing problem file
problem 'PROBNAME' defined
 ... done.



Cueing down from goal distance:   15 into depth [1][2]
                                  14            [1][2]
                                  13            [1]
                                  12            [1]
                                  11            [1][2]
                                  10            [1][2]
                                   9            [1]
                                   8            [1][2]
                                   7            [1]
                                   6            [1]
                                   5            [1]
                                   4            [1]
                                   3            [1]
                                   2            [1]
                                   1            [1]
                                   0            

ff: found legal plan as follows

step    0: SWITCH_ON INST000-004 SAT000
        1: CALIBRATE SAT000 INST000-004 DIR000
        2: TURN_TO SAT000 DIR002 DIR000
        3: TAKE_IMAGE SAT000 DIR002 INST000-004 MODE001
        4: SWITCH_OFF INST000-004 SAT000
        5: TURN_TO SAT000 DIR000 DIR002
        6: SWITCH_ON INST000-001 SAT000
        7: CALIBRATE SAT000 INST000-001 DIR000
        8: TURN_TO SAT000 DIR001 DIR000
        9: TAKE_IMAGE SAT000 DIR001 INST000-001 MODE002
       10: SWITCH_OFF INST000-001 SAT000
       11: SWITCH_ON INST000-002 SAT000
       12: CALIBRATE SAT000 INST000-002 DIR001
       13: TURN_TO SAT000 DIR000 DIR001
       14: TAKE_IMAGE SAT000 DIR000 INST000-002 MODE004
       15: SWITCH_OFF INST000-002 SAT000
       16: TURN_TO SAT000 DIR003 DIR000
       17: SWITCH_ON INST000-000 SAT000
       18: CALIBRATE SAT000 INST000-000 DIR003
       19: TAKE_IMAGE SAT000 DIR003 INST000-000 MODE000
     

time spent:    0.00 seconds instantiating 73 easy, 0 hard action templates
               0.00 seconds reachability analysis, yielding 51 facts and 73 actions
               0.00 seconds creating final representation with 51 relevant facts
               0.00 seconds building connectivity graph
               0.00 seconds searching, evaluating 74 states, to a max depth of 2
               0.00 seconds total time

