
ff: parsing domain file
domain 'SATELLITE' defined
 ... done.
ff: parsing problem file
problem 'PROBNAME' defined
 ... done.



Cueing down from goal distance:    5 into depth [1]
                                   4            [1]
                                   3            [1]
                                   2            [1]
                                   1            [1]
                                   0            

ff: found legal plan as follows

step    0: SWITCH_ON INST000-001 SAT000
        1: CALIBRATE SAT000 INST000-001 DIR001
        2: TAKE_IMAGE SAT000 DIR001 INST000-001 MODE001
        3: TURN_TO SAT000 DIR000 DIR001
        4: TAKE_IMAGE SAT000 DIR000 INST000-001 MODE001
     

time spent:    0.00 seconds instantiating 90 easy, 0 hard action templates
               0.00 seconds reachability analysis, yielding 56 facts and 90 actions
               0.00 seconds creating final representation with 56 relevant facts
               0.00 seconds building connectivity graph
               0.00 seconds searching, evaluating 7 states, to a max depth of 1
               0.00 seconds total time

