
ff: parsing domain file
domain 'SATELLITE' defined
 ... done.
ff: parsing problem file
problem 'PROBNAME' defined
 ... done.



Cueing down from goal distance:   16 into depth [1]
                                  14            [1]
                                  13            [1]
                                  12            [1][2]
                                  11            [1]
                                  10            [1]
                                   9            [1][2]
                                   8            [1]
                                   7            [1]
                                   6            [1]
                                   5            [1]
                                   4            [1]
                                   3            [1]
                                   2            [1]
                                   1            [1]
                                   0            

ff: found legal plan as follows

step    0: TURN_TO SAT002 DIR000 DIR001
        1: TURN_TO SAT001 DIR004 DIR003
        2: SWITCH_ON INST004-002 SAT004
        3: TURN_TO SAT004 DIR003 DIR000
        4: CALIBRATE SAT004 INST004-002 DIR003
        5: TURN_TO SAT004 DIR000 DIR003
        6: TAKE_IMAGE SAT004 DIR000 INST004-002 MODE000
        7: SWITCH_ON INST001-003 SAT001
        8: CALIBRATE SAT001 INST001-003 DIR004
        9: TURN_TO SAT001 DIR002 DIR004
       10: TAKE_IMAGE SAT001 DIR002 INST001-003 MODE002
       11: SWITCH_ON INST002-000 SAT002
       12: CALIBRATE SAT002 INST002-000 DIR000
       13: TURN_TO SAT002 DIR001 DIR000
       14: TAKE_IMAGE SAT002 DIR001 INST002-000 MODE003
       15: TURN_TO SAT002 DIR002 DIR001
       16: TAKE_IMAGE SAT002 DIR002 INST002-000 MODE003
     

time spent:    0.00 seconds instantiating 188 easy, 0 hard action templates
               0.00 seconds reachability analysis, yielding 88 facts and 188 actions
               0.00 seconds creating final representation with 88 relevant facts
               0.00 seconds building connectivity graph
               0.00 seconds searching, evaluating 36 states, to a max depth of 2
               0.00 seconds total time

