
ff: parsing domain file
domain 'SATELLITE' defined
 ... done.
ff: parsing problem file
problem 'PROBNAME' defined
 ... done.



Cueing down from goal distance:   13 into depth [1]
                                  12            [1][2]
                                  11            [1]
                                  10            [1]
                                   9            [1][2]
                                   8            [1]
                                   7            [1]
                                   6            [1]
                                   5            [1]
                                   4            [1][2]
                                   3            [1]
                                   2            [1]
                                   1            [1]
                                   0            

ff: found legal plan as follows

step    0: SWITCH_ON INST002-000 SAT002
        1: TURN_TO SAT002 DIR000 DIR003
        2: CALIBRATE SAT002 INST002-000 DIR000
        3: TURN_TO SAT002 DIR003 DIR000
        4: TAKE_IMAGE SAT002 DIR003 INST002-000 MODE000
        5: TURN_TO SAT001 DIR000 DIR002
        6: SWITCH_ON INST001-002 SAT001
        7: CALIBRATE SAT001 INST001-002 DIR000
        8: TAKE_IMAGE SAT001 DIR000 INST001-002 MODE001
        9: TURN_TO SAT003 DIR002 DIR000
       10: SWITCH_ON INST003-001 SAT003
       11: TURN_TO SAT003 DIR003 DIR002
       12: CALIBRATE SAT003 INST003-001 DIR003
       13: TAKE_IMAGE SAT003 DIR003 INST003-001 MODE003
       14: TURN_TO SAT003 DIR002 DIR003
       15: TAKE_IMAGE SAT003 DIR002 INST003-001 MODE003
     

time spent:    0.00 seconds instantiating 104 easy, 0 hard action templates
               0.00 seconds reachability analysis, yielding 60 facts and 104 actions
               0.00 seconds creating final representation with 60 relevant facts
               0.00 seconds building connectivity graph
               0.00 seconds searching, evaluating 28 states, to a max depth of 2
               0.00 seconds total time

