
ff: parsing domain file
domain 'SATELLITE' defined
 ... done.
ff: parsing problem file
problem 'PROBNAME' defined
 ... done.



Cueing down from goal distance:   10 into depth [1][2]
                                   9            [1]
                                   8            [1][2]
                                   7            [1]
                                   6            [1]
                                   5            [1]
                                   4            [1][2]
                                   3            [1]
                                   2            [1]
                                   1            [1]
                                   0            

ff: found legal plan as follows

step    0: TURN_TO SAT000 DIR003 DIR001
        1: SWITCH_ON INST000-000 SAT000
        2: SWITCH_ON INST001-000 SAT001
        3: TURN_TO SAT000 DIR002 DIR003
        4: CALIBRATE SAT000 INST000-000 DIR002
        5: TAKE_IMAGE SAT000 DIR002 INST000-000 MODE000
        6: TURN_TO SAT000 DIR003 DIR002
        7: TAKE_IMAGE SAT000 DIR003 INST000-000 MODE000
        8: TURN_TO SAT001 DIR002 DIR001
        9: CALIBRATE SAT001 INST001-000 DIR002
       10: TAKE_IMAGE SAT001 DIR002 INST001-000 MODE001
       11: TURN_TO SAT001 DIR001 DIR002
       12: TAKE_IMAGE SAT001 DIR001 INST001-000 MODE001
     

time spent:    0.00 seconds instantiating 80 easy, 0 hard action templates
               0.00 seconds reachability analysis, yielding 42 facts and 80 actions
               0.00 seconds creating final representation with 42 relevant facts
               0.00 seconds building connectivity graph
               0.00 seconds searching, evaluating 21 states, to a max depth of 2
               0.00 seconds total time

