
ff: parsing domain file
domain 'SATELLITE' defined
 ... done.
ff: parsing problem file
problem 'PROBNAME' defined
 ... done.



Cueing down from goal distance:   15 into depth [1][2][3]
                                  14            [1]
                                  13            [1]
                                  12            [1][2][3]
                                  11            [1]
                                  10            [1]
                                   9            [1][2]
                                   8            [1]
                                   7            [1][2]
                                   6            [1]
                                   5            [1]
                                   4            [1][2]
                                   3            [1]
                                   2            [1]
                                   1            [1]
                                   0            

ff: found legal plan as follows

step    0: TURN_TO SAT000 DIR000 DIR002
        1: SWITCH_ON INST000-001 SAT000
        2: CALIBRATE SAT000 INST000-001 DIR000
        3: TURN_TO SAT000 DIR001 DIR000
        4: TAKE_IMAGE SAT000 DIR001 INST000-001 MODE000
        5: SWITCH_ON INST001-000 SAT001
        6: SWITCH_OFF INST000-001 SAT000
        7: CALIBRATE SAT001 INST001-000 DIR000
        8: TURN_TO SAT001 DIR002 DIR000
        9: TAKE_IMAGE SAT001 DIR002 INST001-000 MODE004
       10: SWITCH_ON INST000-000 SAT000
       11: SWITCH_OFF INST001-000 SAT001
       12: SWITCH_ON INST001-004 SAT001
       13: TURN_TO SAT000 DIR002 DIR001
       14: CALIBRATE SAT000 INST000-000 DIR002
       15: TURN_TO SAT000 DIR001 DIR002
       16: TAKE_IMAGE SAT000 DIR001 INST000-000 MODE002
       17: TURN_TO SAT001 DIR001 DIR002
       18: CALIBRATE SAT001 INST001-004 DIR001
       19: TAKE_IMAGE SAT001 DIR001 INST001-004 MODE001
       20: TURN_TO SAT001 DIR002 DIR001
       21: TAKE_IMAGE SAT001 DIR002 INST001-004 MODE001
     

time spent:    0.00 seconds instantiating 126 easy, 0 hard action templates
               0.00 seconds reachability analysis, yielding 82 facts and 126 actions
               0.00 seconds creating final representation with 82 relevant facts
               0.00 seconds building connectivity graph
               0.01 seconds searching, evaluating 141 states, to a max depth of 3
               0.01 seconds total time

