
ff: parsing domain file
domain 'SATELLITE' defined
 ... done.
ff: parsing problem file
problem 'PROBNAME' defined
 ... done.



Cueing down from goal distance:   16 into depth [1]
                                  14            [1][2]
                                  13            [1]
                                  12            [1]
                                  11            [1]
                                  10            [1]
                                   9            [1]
                                   8            [1]
                                   7            [1]
                                   6            [1]
                                   5            [1]
                                   4            [1][2]
                                   3            [1]
                                   2            [1]
                                   1            [1]
                                   0            

ff: found legal plan as follows

step    0: TURN_TO SAT001 DIR002 DIR003
        1: SWITCH_ON INST001-001 SAT001
        2: TURN_TO SAT000 DIR001 DIR003
        3: CALIBRATE SAT001 INST001-001 DIR002
        4: TURN_TO SAT001 DIR004 DIR002
        5: TAKE_IMAGE SAT001 DIR004 INST001-001 MODE001
        6: TURN_TO SAT002 DIR001 DIR000
        7: SWITCH_ON INST002-001 SAT002
        8: SWITCH_ON INST000-000 SAT000
        9: CALIBRATE SAT000 INST000-000 DIR001
       10: TURN_TO SAT000 DIR002 DIR001
       11: TAKE_IMAGE SAT000 DIR002 INST000-000 MODE002
       12: TURN_TO SAT002 DIR003 DIR001
       13: CALIBRATE SAT002 INST002-001 DIR003
       14: TAKE_IMAGE SAT002 DIR003 INST002-001 MODE000
       15: TURN_TO SAT002 DIR001 DIR003
       16: TAKE_IMAGE SAT002 DIR001 INST002-001 MODE000
     

time spent:    0.00 seconds instantiating 148 easy, 0 hard action templates
               0.00 seconds reachability analysis, yielding 66 facts and 148 actions
               0.00 seconds creating final representation with 66 relevant facts
               0.00 seconds building connectivity graph
               0.00 seconds searching, evaluating 48 states, to a max depth of 2
               0.00 seconds total time

