
ff: parsing domain file
domain 'SATELLITE' defined
 ... done.
ff: parsing problem file
problem 'PROBNAME' defined
 ... done.



Cueing down from goal distance:   16 into depth [1]
                                  15            [1]
                                  14            [1][2]
                                  13            [1]
                                  12            [1]
                                  11            [1][2]
                                  10            [1]
                                   9            [1]
                                   8            [1][2]
                                   7            [1]
                                   6            [1][2]
                                   5            [1]
                                   4            [1]
                                   3            [1][2]
                                   2            [1]
                                   1            [1]
                                   0            

ff: found legal plan as follows

step    0: SWITCH_ON INST001-001 SAT001
        1: SWITCH_ON INST002-002 SAT002
        2: TURN_TO SAT001 DIR000 DIR001
        3: CALIBRATE SAT001 INST001-001 DIR000
        4: TURN_TO SAT001 DIR001 DIR000
        5: TAKE_IMAGE SAT001 DIR001 INST001-001 MODE001
        6: TURN_TO SAT002 DIR002 DIR001
        7: CALIBRATE SAT002 INST002-002 DIR002
        8: TURN_TO SAT002 DIR001 DIR002
        9: TAKE_IMAGE SAT002 DIR001 INST002-002 MODE004
       10: SWITCH_ON INST000-001 SAT000
       11: CALIBRATE SAT000 INST000-001 DIR001
       12: TAKE_IMAGE SAT000 DIR001 INST000-001 MODE003
       13: TURN_TO SAT000 DIR002 DIR001
       14: TAKE_IMAGE SAT000 DIR002 INST000-001 MODE003
       15: SWITCH_OFF INST002-002 SAT002
       16: SWITCH_ON INST002-000 SAT002
       17: TURN_TO SAT002 DIR002 DIR001
       18: CALIBRATE SAT002 INST002-000 DIR002
       19: TURN_TO SAT002 DIR001 DIR002
       20: TAKE_IMAGE SAT002 DIR001 INST002-000 MODE000
     

time spent:    0.00 seconds instantiating 72 easy, 0 hard action templates
               0.00 seconds reachability analysis, yielding 54 facts and 72 actions
               0.00 seconds creating final representation with 54 relevant facts
               0.00 seconds building connectivity graph
               0.00 seconds searching, evaluating 46 states, to a max depth of 2
               0.00 seconds total time

