
ff: parsing domain file
domain 'SATELLITE' defined
 ... done.
ff: parsing problem file
problem 'PROBNAME' defined
 ... done.



Cueing down from goal distance:   12 into depth [1]
                                  11            [1]
                                  10            [1]
                                   9            [1]
                                   8            [1]
                                   7            [1]
                                   6            [1]
                                   5            [1]
                                   4            [1]
                                   3            [1][2]
                                   2            [1]
                                   1            [1]
                                   0            

ff: found legal plan as follows

step    0: TURN_TO SAT002 DIR002 DIR003
        1: SWITCH_ON INST002-001 SAT002
        2: CALIBRATE SAT002 INST002-001 DIR002
        3: TAKE_IMAGE SAT002 DIR002 INST002-001 MODE002
        4: SWITCH_ON INST003-000 SAT003
        5: TURN_TO SAT004 DIR003 DIR001
        6: SWITCH_ON INST004-000 SAT004
        7: CALIBRATE SAT004 INST004-000 DIR003
        8: TAKE_IMAGE SAT004 DIR003 INST004-000 MODE001
        9: TURN_TO SAT003 DIR002 DIR000
       10: CALIBRATE SAT003 INST003-000 DIR002
       11: TURN_TO SAT003 DIR000 DIR002
       12: TAKE_IMAGE SAT003 DIR000 INST003-000 MODE000
     

time spent:    0.00 seconds instantiating 151 easy, 0 hard action templates
               0.00 seconds reachability analysis, yielding 76 facts and 151 actions
               0.00 seconds creating final representation with 76 relevant facts
               0.00 seconds building connectivity graph
               0.00 seconds searching, evaluating 24 states, to a max depth of 2
               0.00 seconds total time

