
ff: parsing domain file
domain 'SATELLITE' defined
 ... done.
ff: parsing problem file
problem 'PROBNAME' defined
 ... done.



Cueing down from goal distance:   10 into depth [1]
                                   8            [1]
                                   7            [1]
                                   6            [1]
                                   5            [1]
                                   4            [1]
                                   3            [1]
                                   2            [1]
                                   1            [1]
                                   0            

ff: found legal plan as follows

step    0: SWITCH_ON INST005-001 SAT005
        1: TURN_TO SAT000 DIR000 DIR001
        2: CALIBRATE SAT005 INST005-001 DIR000
        3: TAKE_IMAGE SAT005 DIR000 INST005-001 MODE000
        4: TURN_TO SAT005 DIR001 DIR000
        5: TAKE_IMAGE SAT005 DIR001 INST005-001 MODE000
        6: SWITCH_ON INST001-000 SAT001
        7: CALIBRATE SAT001 INST001-000 DIR001
        8: TAKE_IMAGE SAT001 DIR001 INST001-000 MODE001
     

time spent:    0.00 seconds instantiating 138 easy, 0 hard action templates
               0.00 seconds reachability analysis, yielding 81 facts and 138 actions
               0.00 seconds creating final representation with 81 relevant facts
               0.00 seconds building connectivity graph
               0.00 seconds searching, evaluating 11 states, to a max depth of 1
               0.00 seconds total time

