
ff: parsing domain file
domain 'SATELLITE' defined
 ... done.
ff: parsing problem file
problem 'PROBNAME' defined
 ... done.



Cueing down from goal distance:   16 into depth [1]
                                  13            [1]
                                  12            [1]
                                  11            [1]
                                  10            [1]
                                   9            [1]
                                   8            [1]
                                   7            [1]
                                   6            [1]
                                   5            [1]
                                   4            [1]
                                   3            [1]
                                   2            [1]
                                   1            [1]
                                   0            

ff: found legal plan as follows

step    0: TURN_TO SAT001 DIR001 DIR000
        1: SWITCH_ON INST002-001 SAT002
        2: TURN_TO SAT002 DIR004 DIR002
        3: CALIBRATE SAT002 INST002-001 DIR004
        4: TURN_TO SAT002 DIR002 DIR004
        5: TAKE_IMAGE SAT002 DIR002 INST002-001 MODE000
        6: TURN_TO SAT002 DIR001 DIR002
        7: TAKE_IMAGE SAT002 DIR001 INST002-001 MODE000
        8: SWITCH_ON INST000-000 SAT000
        9: CALIBRATE SAT000 INST000-000 DIR001
       10: TURN_TO SAT000 DIR000 DIR001
       11: TAKE_IMAGE SAT000 DIR000 INST000-000 MODE001
       12: TURN_TO SAT000 DIR004 DIR000
       13: TAKE_IMAGE SAT000 DIR004 INST000-000 MODE001
     

time spent:    0.00 seconds instantiating 132 easy, 0 hard action templates
               0.00 seconds reachability analysis, yielding 55 facts and 132 actions
               0.00 seconds creating final representation with 55 relevant facts
               0.00 seconds building connectivity graph
               0.00 seconds searching, evaluating 23 states, to a max depth of 1
               0.00 seconds total time

