
ff: parsing domain file
domain 'SATELLITE' defined
 ... done.
ff: parsing problem file
problem 'PROBNAME' defined
 ... done.



Cueing down from goal distance:   12 into depth [1]
                                  10            [1]
                                   8            [1]
                                   7            [1]
                                   6            [1]
                                   5            [1]
                                   4            [1]
                                   3            [1]
                                   2            [1]
                                   1            [1]
                                   0            

ff: found legal plan as follows

step    0: TURN_TO SAT001 DIR001 DIR003
        1: SWITCH_ON INST000-001 SAT000
        2: TURN_TO SAT000 DIR005 DIR001
        3: CALIBRATE SAT000 INST000-001 DIR005
        4: TAKE_IMAGE SAT000 DIR005 INST000-001 MODE001
        5: SWITCH_ON INST001-002 SAT001
        6: CALIBRATE SAT001 INST001-002 DIR001
        7: TAKE_IMAGE SAT001 DIR001 INST001-002 MODE002
        8: TURN_TO SAT001 DIR003 DIR001
        9: TAKE_IMAGE SAT001 DIR003 INST001-002 MODE002
     

time spent:    0.00 seconds instantiating 141 easy, 0 hard action templates
               0.00 seconds reachability analysis, yielding 59 facts and 141 actions
               0.00 seconds creating final representation with 59 relevant facts
               0.00 seconds building connectivity graph
               0.00 seconds searching, evaluating 18 states, to a max depth of 1
               0.00 seconds total time

