
ff: parsing domain file
domain 'SATELLITE' defined
 ... done.
ff: parsing problem file
problem 'PROBNAME' defined
 ... done.



Cueing down from goal distance:   12 into depth [1]
                                   9            [1]
                                   8            [1]
                                   7            [1]
                                   6            [1]
                                   5            [1]
                                   4            [1][2]
                                   3            [1]
                                   2            [1]
                                   1            [1]
                                   0            

ff: found legal plan as follows

step    0: SWITCH_ON INST001-000 SAT001
        1: SWITCH_ON INST000-002 SAT000
        2: CALIBRATE SAT000 INST000-002 DIR001
        3: TAKE_IMAGE SAT000 DIR001 INST000-002 MODE000
        4: TURN_TO SAT000 DIR002 DIR001
        5: TAKE_IMAGE SAT000 DIR002 INST000-002 MODE000
        6: TURN_TO SAT001 DIR002 DIR000
        7: CALIBRATE SAT001 INST001-000 DIR002
        8: TAKE_IMAGE SAT001 DIR002 INST001-000 MODE003
        9: TURN_TO SAT001 DIR000 DIR002
       10: TAKE_IMAGE SAT001 DIR000 INST001-000 MODE003
     

time spent:    0.00 seconds instantiating 66 easy, 0 hard action templates
               0.00 seconds reachability analysis, yielding 48 facts and 66 actions
               0.00 seconds creating final representation with 48 relevant facts
               0.00 seconds building connectivity graph
               0.00 seconds searching, evaluating 17 states, to a max depth of 2
               0.00 seconds total time

