
ff: parsing domain file
domain 'SATELLITE' defined
 ... done.
ff: parsing problem file
problem 'PROBNAME' defined
 ... done.



Cueing down from goal distance:    4 into depth [1]
                                   3            [1][2]
                                   2            [1]
                                   1            [1]
                                   0            

ff: found legal plan as follows

step    0: SWITCH_ON INST003-003 SAT003
        1: TURN_TO SAT003 DIR002 DIR001
        2: CALIBRATE SAT003 INST003-003 DIR002
        3: TURN_TO SAT003 DIR001 DIR002
        4: TAKE_IMAGE SAT003 DIR001 INST003-003 MODE000
     

time spent:    0.00 seconds instantiating 192 easy, 0 hard action templates
               0.00 seconds reachability analysis, yielding 81 facts and 192 actions
               0.00 seconds creating final representation with 81 relevant facts
               0.00 seconds building connectivity graph
               0.00 seconds searching, evaluating 7 states, to a max depth of 2
               0.00 seconds total time

