
ff: parsing domain file
domain 'SATELLITE' defined
 ... done.
ff: parsing problem file
problem 'PROBNAME' defined
 ... done.



Cueing down from goal distance:    9 into depth [1]
                                   8            [1][2]
                                   7            [1]
                                   6            [1]
                                   5            [1]
                                   4            [1]
                                   3            [1]
                                   2            [1]
                                   1            [1]
                                   0            

ff: found legal plan as follows

step    0: TURN_TO SAT002 DIR005 DIR000
        1: SWITCH_ON INST000-000 SAT000
        2: TURN_TO SAT001 DIR002 DIR001
        3: CALIBRATE SAT000 INST000-000 DIR004
        4: TURN_TO SAT000 DIR000 DIR004
        5: TAKE_IMAGE SAT000 DIR000 INST000-000 MODE002
        6: SWITCH_ON INST001-001 SAT001
        7: CALIBRATE SAT001 INST001-001 DIR002
        8: TURN_TO SAT001 DIR003 DIR002
        9: TAKE_IMAGE SAT001 DIR003 INST001-001 MODE001
     

time spent:    0.00 seconds instantiating 219 easy, 0 hard action templates
               0.00 seconds reachability analysis, yielding 79 facts and 219 actions
               0.00 seconds creating final representation with 79 relevant facts
               0.00 seconds building connectivity graph
               0.00 seconds searching, evaluating 19 states, to a max depth of 2
               0.00 seconds total time

