
ff: parsing domain file
domain 'SATELLITE' defined
 ... done.
ff: parsing problem file
problem 'PROBNAME' defined
 ... done.



Cueing down from goal distance:   18 into depth [1]
                                  16            [1]
                                  15            [1]
                                  14            [1]
                                  13            [1]
                                  12            [1]
                                  11            [1]
                                  10            [1][2][3]
                                   9            [1]
                                   8            [1]
                                   7            [1]
                                   6            [1]
                                   5            [1]
                                   4            [1]
                                   3            [1]
                                   2            [1]
                                   1            [1]
                                   0            

ff: found legal plan as follows

step    0: TURN_TO SAT002 DIR000 DIR004
        1: SWITCH_ON INST000-002 SAT000
        2: CALIBRATE SAT000 INST000-002 DIR000
        3: TURN_TO SAT000 DIR001 DIR000
        4: TAKE_IMAGE SAT000 DIR001 INST000-002 MODE001
        5: TURN_TO SAT000 DIR003 DIR001
        6: TAKE_IMAGE SAT000 DIR003 INST000-002 MODE001
        7: SWITCH_ON INST002-000 SAT002
        8: SWITCH_OFF INST000-002 SAT000
        9: TURN_TO SAT000 DIR005 DIR003
       10: CALIBRATE SAT002 INST002-000 DIR000
       11: TURN_TO SAT002 DIR004 DIR000
       12: TAKE_IMAGE SAT002 DIR004 INST002-000 MODE002
       13: TURN_TO SAT002 DIR002 DIR004
       14: TAKE_IMAGE SAT002 DIR002 INST002-000 MODE002
       15: SWITCH_ON INST000-000 SAT000
       16: CALIBRATE SAT000 INST000-000 DIR005
       17: TURN_TO SAT000 DIR004 DIR005
       18: TAKE_IMAGE SAT000 DIR004 INST000-000 MODE003
     

time spent:    0.00 seconds instantiating 180 easy, 0 hard action templates
               0.00 seconds reachability analysis, yielding 75 facts and 180 actions
               0.00 seconds creating final representation with 75 relevant facts
               0.00 seconds building connectivity graph
               0.00 seconds searching, evaluating 66 states, to a max depth of 3
               0.00 seconds total time

