
ff: parsing domain file
domain 'SATELLITE' defined
 ... done.
ff: parsing problem file
problem 'PROBNAME' defined
 ... done.



Cueing down from goal distance:   13 into depth [1]
                                  12            [1][2]
                                  11            [1]
                                  10            [1]
                                   9            [1][2][3]
                                   8            [1][2]
                                   7            [1]
                                   6            [1]
                                   5            [1][2]
                                   4            [1]
                                   3            [1]
                                   2            [1]
                                   1            [1]
                                   0            

ff: found legal plan as follows

step    0: SWITCH_ON INST002-000 SAT002
        1: TURN_TO SAT002 DIR002 DIR003
        2: CALIBRATE SAT002 INST002-000 DIR002
        3: TURN_TO SAT002 DIR003 DIR002
        4: TAKE_IMAGE SAT002 DIR003 INST002-000 MODE004
        5: TURN_TO SAT000 DIR000 DIR001
        6: SWITCH_ON INST000-000 SAT000
        7: CALIBRATE SAT000 INST000-000 DIR000
        8: TURN_TO SAT000 DIR002 DIR000
        9: TAKE_IMAGE SAT000 DIR002 INST000-000 MODE003
       10: SWITCH_OFF INST000-000 SAT000
       11: SWITCH_ON INST000-002 SAT000
       12: TURN_TO SAT000 DIR000 DIR002
       13: CALIBRATE SAT000 INST000-002 DIR000
       14: TURN_TO SAT000 DIR001 DIR000
       15: TAKE_IMAGE SAT000 DIR001 INST000-002 MODE001
       16: TURN_TO SAT000 DIR002 DIR001
       17: TAKE_IMAGE SAT000 DIR002 INST000-002 MODE001
     

time spent:    0.00 seconds instantiating 99 easy, 0 hard action templates
               0.00 seconds reachability analysis, yielding 62 facts and 99 actions
               0.00 seconds creating final representation with 62 relevant facts
               0.00 seconds building connectivity graph
               0.00 seconds searching, evaluating 43 states, to a max depth of 3
               0.00 seconds total time

