
ff: parsing domain file
domain 'SATELLITE' defined
 ... done.
ff: parsing problem file
problem 'PROBNAME' defined
 ... done.



Cueing down from goal distance:   19 into depth [1]
                                  16            [1]
                                  15            [1][2]
                                  14            [1]
                                  13            [1]
                                  12            [1][2]
                                  11            [1]
                                  10            [1]
                                   9            [1]
                                   8            [1]
                                   7            [1]
                                   6            [1]
                                   5            [1]
                                   4            [1][2]
                                   3            [1]
                                   2            [1]
                                   1            [1]
                                   0            

ff: found legal plan as follows

step    0: TURN_TO SAT001 DIR001 DIR002
        1: SWITCH_ON INST001-001 SAT001
        2: TURN_TO SAT001 DIR003 DIR001
        3: CALIBRATE SAT001 INST001-001 DIR003
        4: TURN_TO SAT001 DIR001 DIR003
        5: TAKE_IMAGE SAT001 DIR001 INST001-001 MODE000
        6: SWITCH_ON INST000-001 SAT000
        7: TURN_TO SAT002 DIR002 DIR000
        8: SWITCH_ON INST002-000 SAT002
        9: CALIBRATE SAT002 INST002-000 DIR002
       10: TAKE_IMAGE SAT002 DIR002 INST002-000 MODE002
       11: SWITCH_ON INST003-000 SAT003
       12: CALIBRATE SAT003 INST003-000 DIR001
       13: TURN_TO SAT003 DIR002 DIR001
       14: TAKE_IMAGE SAT003 DIR002 INST003-000 MODE003
       15: TURN_TO SAT000 DIR002 DIR000
       16: CALIBRATE SAT000 INST000-001 DIR002
       17: TAKE_IMAGE SAT000 DIR002 INST000-001 MODE004
       18: TURN_TO SAT000 DIR000 DIR002
       19: TAKE_IMAGE SAT000 DIR000 INST000-001 MODE004
     

time spent:    0.00 seconds instantiating 179 easy, 0 hard action templates
               0.00 seconds reachability analysis, yielding 96 facts and 179 actions
               0.00 seconds creating final representation with 96 relevant facts
               0.00 seconds building connectivity graph
               0.00 seconds searching, evaluating 61 states, to a max depth of 2
               0.00 seconds total time

