
ff: parsing domain file
domain 'SATELLITE' defined
 ... done.
ff: parsing problem file
problem 'PROBNAME' defined
 ... done.



Cueing down from goal distance:   20 into depth [1]
                                  16            [1]
                                  14            [1]
                                  13            [1]
                                  12            [1]
                                  11            [1]
                                  10            [1]
                                   9            [1]
                                   8            [1]
                                   7            [1]
                                   6            [1][2]
                                   5            [1]
                                   4            [1]
                                   3            [1][2]
                                   2            [1]
                                   1            [1]
                                   0            

ff: found legal plan as follows

step    0: TURN_TO SAT002 DIR002 DIR003
        1: SWITCH_ON INST002-000 SAT002
        2: CALIBRATE SAT002 INST002-000 DIR002
        3: TAKE_IMAGE SAT002 DIR002 INST002-000 MODE003
        4: TURN_TO SAT002 DIR000 DIR002
        5: TAKE_IMAGE SAT002 DIR000 INST002-000 MODE003
        6: TURN_TO SAT002 DIR003 DIR000
        7: TAKE_IMAGE SAT002 DIR003 INST002-000 MODE003
        8: SWITCH_ON INST001-001 SAT001
        9: SWITCH_ON INST000-001 SAT000
       10: TURN_TO SAT001 DIR000 DIR001
       11: CALIBRATE SAT001 INST001-001 DIR000
       12: TURN_TO SAT001 DIR001 DIR000
       13: TAKE_IMAGE SAT001 DIR001 INST001-001 MODE001
       14: TURN_TO SAT000 DIR003 DIR000
       15: CALIBRATE SAT000 INST000-001 DIR003
       16: TURN_TO SAT000 DIR000 DIR003
       17: TAKE_IMAGE SAT000 DIR000 INST000-001 MODE000
     

time spent:    0.00 seconds instantiating 165 easy, 0 hard action templates
               0.00 seconds reachability analysis, yielding 86 facts and 165 actions
               0.00 seconds creating final representation with 86 relevant facts
               0.00 seconds building connectivity graph
               0.00 seconds searching, evaluating 39 states, to a max depth of 2
               0.00 seconds total time

