
ff: parsing domain file
domain 'SATELLITE' defined
 ... done.
ff: parsing problem file
problem 'PROBNAME' defined
 ... done.



Cueing down from goal distance:    4 into depth [1]
                                   3            [1][2]
                                   2            [1]
                                   1            [1]
                                   0            

ff: found legal plan as follows

step    0: SWITCH_ON INST000-001 SAT000
        1: TURN_TO SAT000 DIR003 DIR000
        2: CALIBRATE SAT000 INST000-001 DIR003
        3: TURN_TO SAT000 DIR000 DIR003
        4: TAKE_IMAGE SAT000 DIR000 INST000-001 MODE000
     

time spent:    0.00 seconds instantiating 303 easy, 0 hard action templates
               0.00 seconds reachability analysis, yielding 98 facts and 303 actions
               0.00 seconds creating final representation with 98 relevant facts
               0.00 seconds building connectivity graph
               0.00 seconds searching, evaluating 7 states, to a max depth of 2
               0.00 seconds total time

