
ff: parsing domain file
domain 'SATELLITE' defined
 ... done.
ff: parsing problem file
problem 'PROBNAME' defined
 ... done.



Cueing down from goal distance:   11 into depth [1]
                                   8            [1]
                                   7            [1]
                                   6            [1]
                                   5            [1]
                                   4            [1]
                                   3            [1]
                                   2            [1]
                                   1            [1]
                                   0            

ff: found legal plan as follows

step    0: SWITCH_ON INST001-000 SAT001
        1: CALIBRATE SAT001 INST001-000 DIR001
        2: TAKE_IMAGE SAT001 DIR001 INST001-000 MODE001
        3: TURN_TO SAT001 DIR000 DIR001
        4: TAKE_IMAGE SAT001 DIR000 INST001-000 MODE001
        5: SWITCH_ON INST000-001 SAT000
        6: CALIBRATE SAT000 INST000-001 DIR000
        7: TURN_TO SAT000 DIR001 DIR000
        8: TAKE_IMAGE SAT000 DIR001 INST000-001 MODE002
     

time spent:    0.00 seconds instantiating 120 easy, 0 hard action templates
               0.00 seconds reachability analysis, yielding 77 facts and 120 actions
               0.00 seconds creating final representation with 77 relevant facts
               0.00 seconds building connectivity graph
               0.00 seconds searching, evaluating 13 states, to a max depth of 1
               0.00 seconds total time

