
ff: parsing domain file
domain 'SATELLITE' defined
 ... done.
ff: parsing problem file
problem 'PROBNAME' defined
 ... done.



Cueing down from goal distance:    8 into depth [1]
                                   7            [1]
                                   6            [1]
                                   5            [1]
                                   4            [1]
                                   3            [1][2]
                                   2            [1]
                                   1            [1]
                                   0            

ff: found legal plan as follows

step    0: SWITCH_ON INST002-000 SAT002
        1: SWITCH_ON INST000-003 SAT000
        2: CALIBRATE SAT000 INST000-003 DIR004
        3: TURN_TO SAT000 DIR003 DIR004
        4: TAKE_IMAGE SAT000 DIR003 INST000-003 MODE001
        5: TURN_TO SAT002 DIR004 DIR000
        6: CALIBRATE SAT002 INST002-000 DIR004
        7: TURN_TO SAT002 DIR000 DIR004
        8: TAKE_IMAGE SAT002 DIR000 INST002-000 MODE000
     

time spent:    0.00 seconds instantiating 272 easy, 0 hard action templates
               0.00 seconds reachability analysis, yielding 118 facts and 272 actions
               0.00 seconds creating final representation with 118 relevant facts
               0.00 seconds building connectivity graph
               0.00 seconds searching, evaluating 16 states, to a max depth of 2
               0.00 seconds total time

