
ff: parsing domain file
domain 'SATELLITE' defined
 ... done.
ff: parsing problem file
problem 'PROBNAME' defined
 ... done.



Cueing down from goal distance:    7 into depth [1]
                                   5            [1]
                                   4            [1]
                                   3            [1]
                                   2            [1]
                                   1            [1]
                                   0            

ff: found legal plan as follows

step    0: TURN_TO SAT000 DIR001 DIR002
        1: SWITCH_ON INST000-000 SAT000
        2: CALIBRATE SAT000 INST000-000 DIR001
        3: TAKE_IMAGE SAT000 DIR001 INST000-000 MODE003
        4: TURN_TO SAT000 DIR002 DIR001
        5: TAKE_IMAGE SAT000 DIR002 INST000-000 MODE003
     

time spent:    0.00 seconds instantiating 138 easy, 0 hard action templates
               0.00 seconds reachability analysis, yielding 90 facts and 138 actions
               0.00 seconds creating final representation with 90 relevant facts
               0.00 seconds building connectivity graph
               0.00 seconds searching, evaluating 9 states, to a max depth of 1
               0.00 seconds total time

