
ff: parsing domain file
domain 'SATELLITE' defined
 ... done.
ff: parsing problem file
problem 'PROBNAME' defined
 ... done.



Cueing down from goal distance:   14 into depth [1]
                                  13            [1]
                                  12            [1]
                                  11            [1]
                                  10            [1]
                                   9            [1]
                                   8            [1]
                                   7            [1]
                                   6            [1]
                                   5            [1]
                                   4            [1]
                                   3            [1]
                                   2            [1]
                                   1            [1]
                                   0            

ff: found legal plan as follows

step    0: SWITCH_ON INST000-000 SAT000
        1: TURN_TO SAT001 DIR000 DIR001
        2: CALIBRATE SAT000 INST000-000 DIR000
        3: TAKE_IMAGE SAT000 DIR000 INST000-000 MODE000
        4: SWITCH_ON INST002-004 SAT002
        5: TURN_TO SAT002 DIR003 DIR001
        6: CALIBRATE SAT002 INST002-004 DIR003
        7: TAKE_IMAGE SAT002 DIR003 INST002-004 MODE004
        8: SWITCH_ON INST001-000 SAT001
        9: CALIBRATE SAT001 INST001-000 DIR000
       10: TURN_TO SAT001 DIR004 DIR000
       11: TAKE_IMAGE SAT001 DIR004 INST001-000 MODE002
       12: TURN_TO SAT001 DIR003 DIR004
       13: TAKE_IMAGE SAT001 DIR003 INST001-000 MODE002
     

time spent:    0.00 seconds instantiating 276 easy, 0 hard action templates
               0.00 seconds reachability analysis, yielding 121 facts and 276 actions
               0.00 seconds creating final representation with 121 relevant facts
               0.00 seconds building connectivity graph
               0.00 seconds searching, evaluating 28 states, to a max depth of 1
               0.00 seconds total time

