
ff: parsing domain file
domain 'SATELLITE' defined
 ... done.
ff: parsing problem file
problem 'PROBNAME' defined
 ... done.



Cueing down from goal distance:    7 into depth [1][2]
                                   6            [1]
                                   5            [1]
                                   4            [1]
                                   3            [1]
                                   2            [1]
                                   1            [1]
                                   0            

ff: found legal plan as follows

step    0: SWITCH_ON INST000-003 SAT000
        1: TURN_TO SAT001 DIR003 DIR004
        2: CALIBRATE SAT000 INST000-003 DIR004
        3: TAKE_IMAGE SAT000 DIR004 INST000-003 MODE002
        4: SWITCH_ON INST001-000 SAT001
        5: CALIBRATE SAT001 INST001-000 DIR003
        6: TURN_TO SAT001 DIR002 DIR003
        7: TAKE_IMAGE SAT001 DIR002 INST001-000 MODE001
     

time spent:    0.00 seconds instantiating 160 easy, 0 hard action templates
               0.00 seconds reachability analysis, yielding 74 facts and 160 actions
               0.00 seconds creating final representation with 74 relevant facts
               0.00 seconds building connectivity graph
               0.00 seconds searching, evaluating 14 states, to a max depth of 2
               0.00 seconds total time

