
ff: parsing domain file
domain 'SATELLITE' defined
 ... done.
ff: parsing problem file
problem 'PROBNAME' defined
 ... done.



Cueing down from goal distance:   12 into depth [1]
                                  11            [1][2]
                                  10            [1]
                                   9            [1]
                                   8            [1][2]
                                   7            [1]
                                   6            [1]
                                   5            [1]
                                   4            [1]
                                   3            [1]
                                   2            [1]
                                   1            [1]
                                   0            

ff: found legal plan as follows

step    0: SWITCH_ON INST001-000 SAT001
        1: TURN_TO SAT001 DIR003 DIR001
        2: CALIBRATE SAT001 INST001-000 DIR003
        3: TURN_TO SAT001 DIR001 DIR003
        4: TAKE_IMAGE SAT001 DIR001 INST001-000 MODE002
        5: SWITCH_ON INST000-002 SAT000
        6: CALIBRATE SAT000 INST000-002 DIR001
        7: TURN_TO SAT000 DIR002 DIR001
        8: TAKE_IMAGE SAT000 DIR002 INST000-002 MODE001
        9: SWITCH_OFF INST000-002 SAT000
       10: SWITCH_ON INST000-000 SAT000
       11: CALIBRATE SAT000 INST000-000 DIR002
       12: TURN_TO SAT000 DIR000 DIR002
       13: TAKE_IMAGE SAT000 DIR000 INST000-000 MODE000
     

time spent:    0.00 seconds instantiating 73 easy, 0 hard action templates
               0.00 seconds reachability analysis, yielding 51 facts and 73 actions
               0.00 seconds creating final representation with 51 relevant facts
               0.00 seconds building connectivity graph
               0.00 seconds searching, evaluating 31 states, to a max depth of 2
               0.00 seconds total time

