
ff: parsing domain file
domain 'SATELLITE' defined
 ... done.
ff: parsing problem file
problem 'PROBNAME' defined
 ... done.



Cueing down from goal distance:    9 into depth [1]
                                   8            [1]
                                   7            [1]
                                   6            [1]
                                   5            [1]
                                   4            [1]
                                   3            [1]
                                   2            [1]
                                   1            [1]
                                   0            

ff: found legal plan as follows

step    0: TURN_TO SAT000 DIR001 DIR000
        1: SWITCH_ON INST000-000 SAT000
        2: CALIBRATE SAT000 INST000-000 DIR001
        3: TURN_TO SAT000 DIR002 DIR001
        4: TAKE_IMAGE SAT000 DIR002 INST000-000 MODE000
        5: TURN_TO SAT001 DIR003 DIR000
        6: SWITCH_ON INST001-000 SAT001
        7: CALIBRATE SAT001 INST001-000 DIR003
        8: TAKE_IMAGE SAT001 DIR003 INST001-000 MODE002
     

time spent:    0.00 seconds instantiating 106 easy, 0 hard action templates
               0.00 seconds reachability analysis, yielding 57 facts and 106 actions
               0.00 seconds creating final representation with 57 relevant facts
               0.00 seconds building connectivity graph
               0.00 seconds searching, evaluating 12 states, to a max depth of 1
               0.00 seconds total time

