
ff: parsing domain file
domain 'SATELLITE' defined
 ... done.
ff: parsing problem file
problem 'PROBNAME' defined
 ... done.



Cueing down from goal distance:   13 into depth [1]
                                  12            [1]
                                  10            [1]
                                   9            [1]
                                   8            [1]
                                   7            [1]
                                   6            [1]
                                   5            [1]
                                   4            [1]
                                   3            [1]
                                   2            [1]
                                   1            [1]
                                   0            

ff: found legal plan as follows

step    0: TURN_TO SAT000 DIR002 DIR000
        1: TURN_TO SAT002 DIR002 DIR001
        2: SWITCH_ON INST000-001 SAT000
        3: CALIBRATE SAT000 INST000-001 DIR002
        4: TAKE_IMAGE SAT000 DIR002 INST000-001 MODE000
        5: TURN_TO SAT000 DIR001 DIR002
        6: TAKE_IMAGE SAT000 DIR001 INST000-001 MODE000
        7: SWITCH_ON INST001-000 SAT001
        8: CALIBRATE SAT001 INST001-000 DIR001
        9: TAKE_IMAGE SAT001 DIR001 INST001-000 MODE002
       10: TURN_TO SAT001 DIR000 DIR001
       11: TAKE_IMAGE SAT001 DIR000 INST001-000 MODE002
     

time spent:    0.00 seconds instantiating 66 easy, 0 hard action templates
               0.00 seconds reachability analysis, yielding 45 facts and 66 actions
               0.00 seconds creating final representation with 45 relevant facts
               0.00 seconds building connectivity graph
               0.00 seconds searching, evaluating 18 states, to a max depth of 1
               0.00 seconds total time

