
ff: parsing domain file
domain 'SATELLITE' defined
 ... done.
ff: parsing problem file
problem 'PROBNAME' defined
 ... done.



Cueing down from goal distance:   13 into depth [1]
                                  12            [1]
                                  11            [1]
                                  10            [1]
                                   9            [1]
                                   8            [1]
                                   7            [1]
                                   6            [1]
                                   5            [1]
                                   4            [1]
                                   3            [1][2]
                                   2            [1]
                                   1            [1]
                                   0            

ff: found legal plan as follows

step    0: TURN_TO SAT000 DIR001 DIR002
        1: SWITCH_ON INST003-002 SAT003
        2: SWITCH_ON INST001-001 SAT001
        3: CALIBRATE SAT001 INST001-001 DIR001
        4: TAKE_IMAGE SAT001 DIR001 INST001-001 MODE001
        5: TURN_TO SAT001 DIR000 DIR001
        6: TAKE_IMAGE SAT001 DIR000 INST001-001 MODE001
        7: SWITCH_ON INST002-001 SAT002
        8: CALIBRATE SAT002 INST002-001 DIR002
        9: TAKE_IMAGE SAT002 DIR002 INST002-001 MODE000
       10: TURN_TO SAT003 DIR001 DIR002
       11: CALIBRATE SAT003 INST003-002 DIR001
       12: TURN_TO SAT003 DIR002 DIR001
       13: TAKE_IMAGE SAT003 DIR002 INST003-002 MODE004
     

time spent:    0.00 seconds instantiating 132 easy, 0 hard action templates
               0.00 seconds reachability analysis, yielding 86 facts and 132 actions
               0.00 seconds creating final representation with 86 relevant facts
               0.00 seconds building connectivity graph
               0.00 seconds searching, evaluating 24 states, to a max depth of 2
               0.00 seconds total time

