
ff: parsing domain file
domain 'SATELLITE' defined
 ... done.
ff: parsing problem file
problem 'PROBNAME' defined
 ... done.



Cueing down from goal distance:    9 into depth [1]
                                   8            [1]
                                   7            [1]
                                   6            [1]
                                   5            [1]
                                   4            [1]
                                   3            [1][2]
                                   2            [1]
                                   1            [1]
                                   0            

ff: found legal plan as follows

step    0: TURN_TO SAT002 DIR003 DIR002
        1: SWITCH_ON INST002-000 SAT002
        2: CALIBRATE SAT002 INST002-000 DIR003
        3: TURN_TO SAT002 DIR001 DIR003
        4: TAKE_IMAGE SAT002 DIR001 INST002-000 MODE003
        5: SWITCH_ON INST004-000 SAT004
        6: TURN_TO SAT004 DIR000 DIR003
        7: CALIBRATE SAT004 INST004-000 DIR000
        8: TURN_TO SAT004 DIR003 DIR000
        9: TAKE_IMAGE SAT004 DIR003 INST004-000 MODE004
     

time spent:    0.00 seconds instantiating 137 easy, 0 hard action templates
               0.00 seconds reachability analysis, yielding 78 facts and 137 actions
               0.00 seconds creating final representation with 78 relevant facts
               0.00 seconds building connectivity graph
               0.00 seconds searching, evaluating 16 states, to a max depth of 2
               0.00 seconds total time

