
ff: parsing domain file
domain 'SATELLITE' defined
 ... done.
ff: parsing problem file
problem 'PROBNAME' defined
 ... done.



Cueing down from goal distance:   19 into depth [1]
                                  18            [1]
                                  17            [1]
                                  16            [1]
                                  15            [1]
                                  14            [1]
                                  13            [1]
                                  12            [1]
                                  11            [1]
                                  10            [1]
                                   7            [1][2]
                                   6            [1]
                                   5            [1]
                                   4            [1]
                                   3            [1]
                                   2            [1]
                                   1            [1]
                                   0            

ff: found legal plan as follows

step    0: TURN_TO SAT001 DIR001 DIR002
        1: TURN_TO SAT005 DIR000 DIR002
        2: TURN_TO SAT000 DIR003 DIR000
        3: SWITCH_ON INST000-000 SAT000
        4: CALIBRATE SAT000 INST000-000 DIR003
        5: TURN_TO SAT000 DIR002 DIR003
        6: TAKE_IMAGE SAT000 DIR002 INST000-000 MODE001
        7: TURN_TO SAT000 DIR001 DIR002
        8: TAKE_IMAGE SAT000 DIR001 INST000-000 MODE001
        9: SWITCH_ON INST002-000 SAT002
       10: TURN_TO SAT002 DIR001 DIR003
       11: CALIBRATE SAT002 INST002-000 DIR001
       12: TURN_TO SAT002 DIR002 DIR001
       13: TAKE_IMAGE SAT002 DIR002 INST002-000 MODE000
       14: TURN_TO SAT002 DIR003 DIR002
       15: TAKE_IMAGE SAT002 DIR003 INST002-000 MODE000
       16: TURN_TO SAT002 DIR000 DIR003
       17: TAKE_IMAGE SAT002 DIR000 INST002-000 MODE000
     

time spent:    0.00 seconds instantiating 184 easy, 0 hard action templates
               0.00 seconds reachability analysis, yielding 86 facts and 184 actions
               0.00 seconds creating final representation with 86 relevant facts
               0.00 seconds building connectivity graph
               0.00 seconds searching, evaluating 34 states, to a max depth of 2
               0.00 seconds total time

