
ff: parsing domain file
domain 'SATELLITE' defined
 ... done.
ff: parsing problem file
problem 'PROBNAME' defined
 ... done.



Cueing down from goal distance:   17 into depth [1]
                                  16            [1]
                                  15            [1]
                                  14            [1]
                                  13            [1]
                                  12            [1][2]
                                  11            [1]
                                  10            [1]
                                   9            [1][2]
                                   8            [1]
                                   7            [1]
                                   6            [1]
                                   5            [1][2]
                                   4            [1]
                                   3            [1]
                                   2            [1]
                                   1            [1]
                                   0            

ff: found legal plan as follows

step    0: TURN_TO SAT000 DIR001 DIR000
        1: SWITCH_ON INST004-000 SAT004
        2: CALIBRATE SAT004 INST004-000 DIR002
        3: TAKE_IMAGE SAT004 DIR002 INST004-000 MODE003
        4: SWITCH_ON INST000-001 SAT000
        5: TURN_TO SAT000 DIR002 DIR001
        6: CALIBRATE SAT000 INST000-001 DIR002
        7: TURN_TO SAT000 DIR001 DIR002
        8: TAKE_IMAGE SAT000 DIR001 INST000-001 MODE000
        9: SWITCH_ON INST001-001 SAT001
       10: TURN_TO SAT003 DIR001 DIR003
       11: SWITCH_ON INST003-000 SAT003
       12: CALIBRATE SAT003 INST003-000 DIR001
       13: TAKE_IMAGE SAT003 DIR001 INST003-000 MODE002
       14: TURN_TO SAT001 DIR002 DIR003
       15: CALIBRATE SAT001 INST001-001 DIR002
       16: TURN_TO SAT001 DIR001 DIR002
       17: TAKE_IMAGE SAT001 DIR001 INST001-001 MODE001
       18: TURN_TO SAT001 DIR003 DIR001
       19: TAKE_IMAGE SAT001 DIR003 INST001-001 MODE001
     

time spent:    0.00 seconds instantiating 177 easy, 0 hard action templates
               0.00 seconds reachability analysis, yielding 91 facts and 177 actions
               0.00 seconds creating final representation with 91 relevant facts
               0.00 seconds building connectivity graph
               0.00 seconds searching, evaluating 52 states, to a max depth of 2
               0.00 seconds total time

