
ff: parsing domain file
domain 'SATELLITE' defined
 ... done.
ff: parsing problem file
problem 'PROBNAME' defined
 ... done.



Cueing down from goal distance:    4 into depth [1]
                                   3            [1]
                                   2            [1]
                                   1            [1]
                                   0            

ff: found legal plan as follows

step    0: SWITCH_ON INST000-000 SAT000
        1: CALIBRATE SAT000 INST000-000 DIR002
        2: TURN_TO SAT000 DIR003 DIR002
        3: TAKE_IMAGE SAT000 DIR003 INST000-000 MODE000
     

time spent:    0.00 seconds instantiating 52 easy, 0 hard action templates
               0.00 seconds reachability analysis, yielding 34 facts and 52 actions
               0.00 seconds creating final representation with 34 relevant facts
               0.00 seconds building connectivity graph
               0.00 seconds searching, evaluating 6 states, to a max depth of 1
               0.00 seconds total time

