
ff: parsing domain file
domain 'SATELLITE' defined
 ... done.
ff: parsing problem file
problem 'PROBNAME' defined
 ... done.



Cueing down from goal distance:   14 into depth [1][2][3]
                                  13            [1]
                                  12            [1]
                                  11            [1][2][3]
                                  10            [1]
                                   9            [1]
                                   8            [1][2]
                                   7            [1][2]
                                   6            [1]
                                   5            [1]
                                   4            [1]
                                   3            [1]
                                   2            [1]
                                   1            [1]
                                   0            

ff: found legal plan as follows

step    0: TURN_TO SAT001 DIR002 DIR001
        1: SWITCH_ON INST004-001 SAT004
        2: TURN_TO SAT001 DIR001 DIR002
        3: CALIBRATE SAT004 INST004-001 DIR001
        4: TAKE_IMAGE SAT004 DIR001 INST004-001 MODE004
        5: SWITCH_ON INST001-004 SAT001
        6: SWITCH_ON INST003-002 SAT003
        7: CALIBRATE SAT003 INST003-002 DIR002
        8: TURN_TO SAT003 DIR001 DIR002
        9: TAKE_IMAGE SAT003 DIR001 INST003-002 MODE001
       10: TURN_TO SAT001 DIR000 DIR001
       11: CALIBRATE SAT001 INST001-004 DIR000
       12: TURN_TO SAT001 DIR001 DIR000
       13: TAKE_IMAGE SAT001 DIR001 INST001-004 MODE002
       14: SWITCH_OFF INST001-004 SAT001
       15: TURN_TO SAT001 DIR002 DIR001
       16: SWITCH_ON INST001-002 SAT001
       17: CALIBRATE SAT001 INST001-002 DIR002
       18: TURN_TO SAT001 DIR000 DIR002
       19: TAKE_IMAGE SAT001 DIR000 INST001-002 MODE000
     

time spent:    0.00 seconds instantiating 132 easy, 0 hard action templates
               0.00 seconds reachability analysis, yielding 87 facts and 132 actions
               0.00 seconds creating final representation with 87 relevant facts
               0.00 seconds building connectivity graph
               0.00 seconds searching, evaluating 152 states, to a max depth of 3
               0.00 seconds total time

