
ff: parsing domain file
domain 'SATELLITE' defined
 ... done.
ff: parsing problem file
problem 'PROBNAME' defined
 ... done.



Cueing down from goal distance:    9 into depth [1][2][3]
                                   8            [1]
                                   7            [1]
                                   6            [1]
                                   5            [1][2]
                                   4            [1]
                                   3            [1]
                                   2            [1]
                                   1            [1]
                                   0            

ff: found legal plan as follows

step    0: TURN_TO SAT000 DIR004 DIR002
        1: SWITCH_ON INST003-000 SAT003
        2: SWITCH_ON INST000-000 SAT000
        3: CALIBRATE SAT000 INST000-000 DIR004
        4: TURN_TO SAT000 DIR003 DIR004
        5: TAKE_IMAGE SAT000 DIR003 INST000-000 MODE001
        6: TURN_TO SAT003 DIR004 DIR002
        7: CALIBRATE SAT003 INST003-000 DIR004
        8: TURN_TO SAT003 DIR003 DIR004
        9: TAKE_IMAGE SAT003 DIR003 INST003-000 MODE000
       10: TURN_TO SAT003 DIR002 DIR003
       11: TAKE_IMAGE SAT003 DIR002 INST003-000 MODE000
     

time spent:    0.00 seconds instantiating 369 easy, 0 hard action templates
               0.00 seconds reachability analysis, yielding 117 facts and 369 actions
               0.00 seconds creating final representation with 117 relevant facts
               0.00 seconds building connectivity graph
               0.00 seconds searching, evaluating 44 states, to a max depth of 3
               0.00 seconds total time

