
ff: parsing domain file
domain 'SATELLITE' defined
 ... done.
ff: parsing problem file
problem 'PROBNAME' defined
 ... done.



Cueing down from goal distance:    8 into depth [1]
                                   7            [1]
                                   6            [1][2]
                                   5            [1]
                                   4            [1]
                                   3            [1][2]
                                   2            [1]
                                   1            [1]
                                   0            

ff: found legal plan as follows

step    0: SWITCH_ON INST002-000 SAT002
        1: SWITCH_ON INST004-000 SAT004
        2: TURN_TO SAT002 DIR001 DIR004
        3: CALIBRATE SAT002 INST002-000 DIR001
        4: TURN_TO SAT002 DIR004 DIR001
        5: TAKE_IMAGE SAT002 DIR004 INST002-000 MODE002
        6: TURN_TO SAT004 DIR000 DIR002
        7: CALIBRATE SAT004 INST004-000 DIR000
        8: TURN_TO SAT004 DIR002 DIR000
        9: TAKE_IMAGE SAT004 DIR002 INST004-000 MODE003
     

time spent:    0.00 seconds instantiating 244 easy, 0 hard action templates
               0.00 seconds reachability analysis, yielding 109 facts and 244 actions
               0.00 seconds creating final representation with 109 relevant facts
               0.00 seconds building connectivity graph
               0.00 seconds searching, evaluating 18 states, to a max depth of 2
               0.00 seconds total time

