
ff: parsing domain file
domain 'SATELLITE' defined
 ... done.
ff: parsing problem file
problem 'PROBNAME' defined
 ... done.



Cueing down from goal distance:   11 into depth [1]
                                  10            [1]
                                   8            [1]
                                   7            [1]
                                   6            [1]
                                   5            [1]
                                   4            [1]
                                   3            [1][2]
                                   2            [1]
                                   1            [1]
                                   0            

ff: found legal plan as follows

step    0: TURN_TO SAT000 DIR003 DIR002
        1: SWITCH_ON INST000-001 SAT000
        2: CALIBRATE SAT000 INST000-001 DIR003
        3: TAKE_IMAGE SAT000 DIR003 INST000-001 MODE002
        4: TURN_TO SAT000 DIR001 DIR003
        5: TAKE_IMAGE SAT000 DIR001 INST000-001 MODE002
        6: SWITCH_ON INST002-002 SAT002
        7: TURN_TO SAT002 DIR000 DIR001
        8: CALIBRATE SAT002 INST002-002 DIR000
        9: TURN_TO SAT002 DIR001 DIR000
       10: TAKE_IMAGE SAT002 DIR001 INST002-002 MODE001
     

time spent:    0.00 seconds instantiating 165 easy, 0 hard action templates
               0.00 seconds reachability analysis, yielding 86 facts and 165 actions
               0.00 seconds creating final representation with 86 relevant facts
               0.00 seconds building connectivity graph
               0.00 seconds searching, evaluating 20 states, to a max depth of 2
               0.00 seconds total time

