
ff: parsing domain file
domain 'SATELLITE' defined
 ... done.
ff: parsing problem file
problem 'PROBNAME' defined
 ... done.



Cueing down from goal distance:   17 into depth [1]
                                  15            [1]
                                  14            [1]
                                  13            [1]
                                  12            [1]
                                  11            [1]
                                  10            [1]
                                   9            [1]
                                   8            [1]
                                   7            [1]
                                   6            [1]
                                   5            [1]
                                   4            [1]
                                   3            [1][2]
                                   2            [1]
                                   1            [1]
                                   0            

ff: found legal plan as follows

step    0: TURN_TO SAT000 DIR005 DIR000
        1: SWITCH_ON INST000-000 SAT000
        2: SWITCH_ON INST001-001 SAT001
        3: CALIBRATE SAT001 INST001-001 DIR002
        4: TURN_TO SAT001 DIR001 DIR002
        5: TAKE_IMAGE SAT001 DIR001 INST001-001 MODE000
        6: SWITCH_ON INST002-001 SAT002
        7: CALIBRATE SAT002 INST002-001 DIR005
        8: TAKE_IMAGE SAT002 DIR005 INST002-001 MODE001
        9: TURN_TO SAT002 DIR004 DIR005
       10: TAKE_IMAGE SAT002 DIR004 INST002-001 MODE001
       11: TURN_TO SAT002 DIR000 DIR004
       12: TAKE_IMAGE SAT002 DIR000 INST002-001 MODE001
       13: TURN_TO SAT000 DIR004 DIR005
       14: CALIBRATE SAT000 INST000-000 DIR004
       15: TURN_TO SAT000 DIR005 DIR004
       16: TAKE_IMAGE SAT000 DIR005 INST000-000 MODE002
     

time spent:    0.00 seconds instantiating 258 easy, 0 hard action templates
               0.00 seconds reachability analysis, yielding 89 facts and 258 actions
               0.00 seconds creating final representation with 89 relevant facts
               0.00 seconds building connectivity graph
               0.00 seconds searching, evaluating 39 states, to a max depth of 2
               0.00 seconds total time

