
ff: parsing domain file
domain 'SATELLITE' defined
 ... done.
ff: parsing problem file
problem 'PROBNAME' defined
 ... done.



Cueing down from goal distance:   13 into depth [1][2]
                                  12            [1]
                                  11            [1]
                                  10            [1][2]
                                   9            [1]
                                   8            [1]
                                   7            [1]
                                   6            [1]
                                   5            [1]
                                   4            [1]
                                   3            [1]
                                   2            [1]
                                   1            [1]
                                   0            

ff: found legal plan as follows

step    0: TURN_TO SAT000 DIR000 DIR001
        1: SWITCH_ON INST002-001 SAT002
        2: CALIBRATE SAT002 INST002-001 DIR001
        3: TAKE_IMAGE SAT002 DIR001 INST002-001 MODE003
        4: SWITCH_ON INST000-002 SAT000
        5: CALIBRATE SAT000 INST000-002 DIR000
        6: TAKE_IMAGE SAT000 DIR000 INST000-002 MODE004
        7: SWITCH_OFF INST000-002 SAT000
        8: SWITCH_ON INST000-004 SAT000
        9: CALIBRATE SAT000 INST000-004 DIR000
       10: TAKE_IMAGE SAT000 DIR000 INST000-004 MODE000
       11: TURN_TO SAT005 DIR000 DIR002
       12: SWITCH_ON INST005-000 SAT005
       13: CALIBRATE SAT005 INST005-000 DIR000
       14: TAKE_IMAGE SAT005 DIR000 INST005-000 MODE001
     

time spent:    0.00 seconds instantiating 132 easy, 0 hard action templates
               0.00 seconds reachability analysis, yielding 87 facts and 132 actions
               0.00 seconds creating final representation with 87 relevant facts
               0.00 seconds building connectivity graph
               0.00 seconds searching, evaluating 32 states, to a max depth of 2
               0.00 seconds total time

