
ff: parsing domain file
domain 'SATELLITE' defined
 ... done.
ff: parsing problem file
problem 'PROBNAME' defined
 ... done.



Cueing down from goal distance:   15 into depth [1][2][3][4]
                                  14            [1]
                                  13            [1]
                                  12            [1]
                                  11            [1][2][3]
                                  10            [1]
                                   9            [1]
                                   8            [1][2]
                                   7            [1]
                                   6            [1]
                                   5            [1]
                                   4            [1]
                                   3            [1]
                                   2            [1]
                                   1            [1]
                                   0            

ff: found legal plan as follows

step    0: TURN_TO SAT000 DIR004 DIR002
        1: SWITCH_ON INST000-003 SAT000
        2: TURN_TO SAT001 DIR001 DIR005
        3: CALIBRATE SAT000 INST000-003 DIR004
        4: TAKE_IMAGE SAT000 DIR004 INST000-003 MODE003
        5: TURN_TO SAT000 DIR002 DIR004
        6: TAKE_IMAGE SAT000 DIR002 INST000-003 MODE003
        7: TURN_TO SAT001 DIR003 DIR001
        8: SWITCH_ON INST001-002 SAT001
        9: SWITCH_OFF INST000-003 SAT000
       10: CALIBRATE SAT001 INST001-002 DIR003
       11: TAKE_IMAGE SAT001 DIR003 INST001-002 MODE000
       12: SWITCH_ON INST000-001 SAT000
       13: TURN_TO SAT002 DIR004 DIR005
       14: CALIBRATE SAT000 INST000-001 DIR002
       15: TURN_TO SAT000 DIR004 DIR002
       16: TAKE_IMAGE SAT000 DIR004 INST000-001 MODE001
       17: SWITCH_ON INST002-000 SAT002
       18: CALIBRATE SAT002 INST002-000 DIR004
       19: TURN_TO SAT002 DIR003 DIR004
       20: TAKE_IMAGE SAT002 DIR003 INST002-000 MODE002
     

time spent:    0.00 seconds instantiating 339 easy, 0 hard action templates
               0.00 seconds reachability analysis, yielding 122 facts and 339 actions
               0.00 seconds creating final representation with 122 relevant facts
               0.00 seconds building connectivity graph
               0.02 seconds searching, evaluating 292 states, to a max depth of 4
               0.02 seconds total time

