
ff: parsing domain file
domain 'SATELLITE' defined
 ... done.
ff: parsing problem file
problem 'PROBNAME' defined
 ... done.



Cueing down from goal distance:   10 into depth [1]
                                   9            [1]
                                   8            [1][2]
                                   7            [1]
                                   6            [1]
                                   5            [1]
                                   4            [1]
                                   3            [1][2]
                                   2            [1]
                                   1            [1]
                                   0            

ff: found legal plan as follows

step    0: SWITCH_ON INST000-001 SAT000
        1: SWITCH_ON INST004-000 SAT004
        2: TURN_TO SAT000 DIR001 DIR000
        3: CALIBRATE SAT000 INST000-001 DIR001
        4: TURN_TO SAT000 DIR000 DIR001
        5: TAKE_IMAGE SAT000 DIR000 INST000-001 MODE000
        6: TURN_TO SAT000 DIR002 DIR000
        7: TAKE_IMAGE SAT000 DIR002 INST000-001 MODE000
        8: TURN_TO SAT004 DIR000 DIR003
        9: CALIBRATE SAT004 INST004-000 DIR000
       10: TURN_TO SAT004 DIR003 DIR000
       11: TAKE_IMAGE SAT004 DIR003 INST004-000 MODE001
     

time spent:    0.00 seconds instantiating 191 easy, 0 hard action templates
               0.00 seconds reachability analysis, yielding 89 facts and 191 actions
               0.00 seconds creating final representation with 89 relevant facts
               0.00 seconds building connectivity graph
               0.00 seconds searching, evaluating 24 states, to a max depth of 2
               0.00 seconds total time

