
ff: parsing domain file
domain 'SATELLITE' defined
 ... done.
ff: parsing problem file
problem 'PROBNAME' defined
 ... done.



Cueing down from goal distance:    3 into depth [1]
                                   2            [1]
                                   1            [1]
                                   0            

ff: found legal plan as follows

step    0: SWITCH_ON INST004-000 SAT004
        1: CALIBRATE SAT004 INST004-000 DIR003
        2: TAKE_IMAGE SAT004 DIR003 INST004-000 MODE002
     

time spent:    0.00 seconds instantiating 137 easy, 0 hard action templates
               0.00 seconds reachability analysis, yielding 78 facts and 137 actions
               0.00 seconds creating final representation with 78 relevant facts
               0.00 seconds building connectivity graph
               0.00 seconds searching, evaluating 4 states, to a max depth of 1
               0.00 seconds total time

