
ff: parsing domain file
domain 'SATELLITE' defined
 ... done.
ff: parsing problem file
problem 'PROBNAME' defined
 ... done.



Cueing down from goal distance:   13 into depth [1][2]
                                  12            [1]
                                  11            [1]
                                  10            [1]
                                   9            [1]
                                   8            [1][2][3]
                                   7            [1]
                                   6            [1]
                                   5            [1]
                                   4            [1]
                                   3            [1]
                                   2            [1]
                                   1            [1]
                                   0            

ff: found legal plan as follows

step    0: SWITCH_ON INST000-002 SAT000
        1: CALIBRATE SAT000 INST000-002 DIR000
        2: TAKE_IMAGE SAT000 DIR000 INST000-002 MODE002
        3: TURN_TO SAT000 DIR001 DIR000
        4: TAKE_IMAGE SAT000 DIR001 INST000-002 MODE002
        5: SWITCH_OFF INST000-002 SAT000
        6: TURN_TO SAT000 DIR002 DIR001
        7: SWITCH_ON INST000-000 SAT000
        8: CALIBRATE SAT000 INST000-000 DIR002
        9: TAKE_IMAGE SAT000 DIR002 INST000-000 MODE003
       10: SWITCH_OFF INST000-000 SAT000
       11: SWITCH_ON INST000-003 SAT000
       12: CALIBRATE SAT000 INST000-003 DIR002
       13: TAKE_IMAGE SAT000 DIR002 INST000-003 MODE001
       14: TURN_TO SAT000 DIR001 DIR002
       15: TAKE_IMAGE SAT000 DIR001 INST000-003 MODE001
     

time spent:    0.00 seconds instantiating 54 easy, 0 hard action templates
               0.00 seconds reachability analysis, yielding 41 facts and 54 actions
               0.00 seconds creating final representation with 41 relevant facts
               0.00 seconds building connectivity graph
               0.00 seconds searching, evaluating 33 states, to a max depth of 3
               0.00 seconds total time

