
ff: parsing domain file
domain 'SATELLITE' defined
 ... done.
ff: parsing problem file
problem 'PROBNAME' defined
 ... done.



Cueing down from goal distance:   15 into depth [1]
                                  13            [1][2]
                                  12            [1]
                                  11            [1][2]
                                  10            [1]
                                   9            [1]
                                   8            [1]
                                   7            [1]
                                   6            [1][2]
                                   5            [1]
                                   4            [1]
                                   3            [1]
                                   2            [1]
                                   1            [1]
                                   0            

ff: found legal plan as follows

step    0: TURN_TO SAT001 DIR003 DIR002
        1: TURN_TO SAT000 DIR001 DIR003
        2: SWITCH_ON INST001-000 SAT001
        3: SWITCH_ON INST000-001 SAT000
        4: TURN_TO SAT001 DIR000 DIR003
        5: CALIBRATE SAT001 INST001-000 DIR000
        6: TURN_TO SAT001 DIR003 DIR000
        7: TAKE_IMAGE SAT001 DIR003 INST001-000 MODE001
        8: TURN_TO SAT001 DIR004 DIR003
        9: TAKE_IMAGE SAT001 DIR004 INST001-000 MODE001
       10: TURN_TO SAT000 DIR000 DIR001
       11: CALIBRATE SAT000 INST000-001 DIR000
       12: TAKE_IMAGE SAT000 DIR000 INST000-001 MODE000
       13: TURN_TO SAT000 DIR001 DIR000
       14: TAKE_IMAGE SAT000 DIR001 INST000-001 MODE000
       15: TURN_TO SAT000 DIR002 DIR001
       16: TAKE_IMAGE SAT000 DIR002 INST000-001 MODE000
     

time spent:    0.00 seconds instantiating 124 easy, 0 hard action templates
               0.00 seconds reachability analysis, yielding 52 facts and 124 actions
               0.00 seconds creating final representation with 52 relevant facts
               0.00 seconds building connectivity graph
               0.00 seconds searching, evaluating 32 states, to a max depth of 2
               0.00 seconds total time

