
ff: parsing domain file
domain 'SATELLITE' defined
 ... done.
ff: parsing problem file
problem 'PROBNAME' defined
 ... done.



Cueing down from goal distance:    3 into depth [1]
                                   2            [1]
                                   1            [1]
                                   0            

ff: found legal plan as follows

step    0: SWITCH_ON INST003-003 SAT003
        1: CALIBRATE SAT003 INST003-003 DIR002
        2: TAKE_IMAGE SAT003 DIR002 INST003-003 MODE000
     

time spent:    0.00 seconds instantiating 132 easy, 0 hard action templates
               0.00 seconds reachability analysis, yielding 84 facts and 132 actions
               0.00 seconds creating final representation with 84 relevant facts
               0.00 seconds building connectivity graph
               0.00 seconds searching, evaluating 4 states, to a max depth of 1
               0.00 seconds total time

