
ff: parsing domain file
domain 'SATELLITE' defined
 ... done.
ff: parsing problem file
problem 'PROBNAME' defined
 ... done.



Cueing down from goal distance:   11 into depth [1]
                                   9            [1]
                                   8            [1]
                                   7            [1]
                                   6            [1]
                                   5            [1]
                                   4            [1]
                                   3            [1]
                                   2            [1]
                                   1            [1]
                                   0            

ff: found legal plan as follows

step    0: TURN_TO SAT003 DIR000 DIR005
        1: SWITCH_ON INST004-000 SAT004
        2: CALIBRATE SAT004 INST004-000 DIR000
        3: TAKE_IMAGE SAT004 DIR000 INST004-000 MODE000
        4: SWITCH_ON INST001-000 SAT001
        5: CALIBRATE SAT001 INST001-000 DIR003
        6: TURN_TO SAT001 DIR004 DIR003
        7: TAKE_IMAGE SAT001 DIR004 INST001-000 MODE002
        8: TURN_TO SAT001 DIR005 DIR004
        9: TAKE_IMAGE SAT001 DIR005 INST001-000 MODE002
     

time spent:    0.00 seconds instantiating 267 easy, 0 hard action templates
               0.00 seconds reachability analysis, yielding 104 facts and 267 actions
               0.00 seconds creating final representation with 104 relevant facts
               0.00 seconds building connectivity graph
               0.00 seconds searching, evaluating 16 states, to a max depth of 1
               0.00 seconds total time

