
ff: parsing domain file
domain 'SATELLITE' defined
 ... done.
ff: parsing problem file
problem 'PROBNAME' defined
 ... done.



Cueing down from goal distance:   13 into depth [1]
                                  12            [1]
                                  11            [1]
                                  10            [1]
                                   9            [1]
                                   8            [1]
                                   7            [1]
                                   6            [1]
                                   5            [1]
                                   4            [1]
                                   3            [1]
                                   2            [1]
                                   1            [1]
                                   0            

ff: found legal plan as follows

step    0: TURN_TO SAT001 DIR000 DIR001
        1: TURN_TO SAT000 DIR000 DIR002
        2: SWITCH_ON INST001-000 SAT001
        3: CALIBRATE SAT001 INST001-000 DIR000
        4: TURN_TO SAT001 DIR003 DIR000
        5: TAKE_IMAGE SAT001 DIR003 INST001-000 MODE004
        6: SWITCH_ON INST000-000 SAT000
        7: CALIBRATE SAT000 INST000-000 DIR000
        8: TURN_TO SAT000 DIR001 DIR000
        9: TAKE_IMAGE SAT000 DIR001 INST000-000 MODE001
       10: SWITCH_ON INST003-001 SAT003
       11: CALIBRATE SAT003 INST003-001 DIR000
       12: TAKE_IMAGE SAT003 DIR000 INST003-001 MODE002
     

time spent:    0.00 seconds instantiating 125 easy, 0 hard action templates
               0.00 seconds reachability analysis, yielding 73 facts and 125 actions
               0.00 seconds creating final representation with 73 relevant facts
               0.00 seconds building connectivity graph
               0.00 seconds searching, evaluating 17 states, to a max depth of 1
               0.00 seconds total time

