
ff: parsing domain file
domain 'SATELLITE' defined
 ... done.
ff: parsing problem file
problem 'PROBNAME' defined
 ... done.



Cueing down from goal distance:   15 into depth [1]
                                  14            [1]
                                  13            [1]
                                  12            [1]
                                  11            [1]
                                  10            [1]
                                   9            [1]
                                   8            [1]
                                   7            [1]
                                   6            [1]
                                   5            [1]
                                   4            [1]
                                   3            [1]
                                   2            [1]
                                   1            [1]
                                   0            

ff: found legal plan as follows

step    0: TURN_TO SAT002 DIR004 DIR002
        1: SWITCH_ON INST000-000 SAT000
        2: TURN_TO SAT000 DIR004 DIR003
        3: CALIBRATE SAT000 INST000-000 DIR004
        4: TURN_TO SAT000 DIR001 DIR004
        5: TAKE_IMAGE SAT000 DIR001 INST000-000 MODE003
        6: SWITCH_ON INST001-001 SAT001
        7: CALIBRATE SAT001 INST001-001 DIR003
        8: TAKE_IMAGE SAT001 DIR003 INST001-001 MODE001
        9: TURN_TO SAT001 DIR000 DIR003
       10: TAKE_IMAGE SAT001 DIR000 INST001-001 MODE001
       11: SWITCH_ON INST002-002 SAT002
       12: CALIBRATE SAT002 INST002-002 DIR004
       13: TURN_TO SAT002 DIR002 DIR004
       14: TAKE_IMAGE SAT002 DIR002 INST002-002 MODE000
     

time spent:    0.00 seconds instantiating 272 easy, 0 hard action templates
               0.00 seconds reachability analysis, yielding 113 facts and 272 actions
               0.00 seconds creating final representation with 113 relevant facts
               0.00 seconds building connectivity graph
               0.00 seconds searching, evaluating 26 states, to a max depth of 1
               0.00 seconds total time

