
ff: parsing domain file
domain 'SATELLITE' defined
 ... done.
ff: parsing problem file
problem 'PROBNAME' defined
 ... done.



Cueing down from goal distance:   17 into depth [1]
                                  15            [1]
                                  14            [1]
                                  13            [1]
                                  12            [1]
                                  11            [1]
                                  10            [1]
                                   8            [1]
                                   7            [1]
                                   6            [1]
                                   5            [1]
                                   4            [1]
                                   3            [1]
                                   2            [1]
                                   1            [1]
                                   0            

ff: found legal plan as follows

step    0: TURN_TO SAT002 DIR000 DIR002
        1: SWITCH_ON INST000-002 SAT000
        2: TURN_TO SAT001 DIR001 DIR004
        3: CALIBRATE SAT000 INST000-002 DIR003
        4: TURN_TO SAT000 DIR001 DIR003
        5: TAKE_IMAGE SAT000 DIR001 INST000-002 MODE001
        6: SWITCH_ON INST002-002 SAT002
        7: CALIBRATE SAT002 INST002-002 DIR000
        8: TAKE_IMAGE SAT002 DIR000 INST002-002 MODE002
        9: TURN_TO SAT002 DIR002 DIR000
       10: TAKE_IMAGE SAT002 DIR002 INST002-002 MODE002
       11: SWITCH_ON INST001-002 SAT001
       12: CALIBRATE SAT001 INST001-002 DIR001
       13: TURN_TO SAT001 DIR002 DIR001
       14: TAKE_IMAGE SAT001 DIR002 INST001-002 MODE003
     

time spent:    0.00 seconds instantiating 264 easy, 0 hard action templates
               0.00 seconds reachability analysis, yielding 110 facts and 264 actions
               0.00 seconds creating final representation with 110 relevant facts
               0.00 seconds building connectivity graph
               0.00 seconds searching, evaluating 24 states, to a max depth of 1
               0.00 seconds total time

