
ff: parsing domain file
domain 'SATELLITE' defined
 ... done.
ff: parsing problem file
problem 'PROBNAME' defined
 ... done.



Cueing down from goal distance:   16 into depth [1]
                                  14            [1]
                                  13            [1]
                                  11            [1]
                                  10            [1]
                                   9            [1]
                                   8            [1]
                                   7            [1]
                                   6            [1]
                                   5            [1]
                                   4            [1]
                                   3            [1]
                                   2            [1]
                                   1            [1]
                                   0            

ff: found legal plan as follows

step    0: TURN_TO SAT000 DIR000 DIR002
        1: TURN_TO SAT003 DIR000 DIR001
        2: SWITCH_ON INST002-001 SAT002
        3: CALIBRATE SAT002 INST002-001 DIR002
        4: TAKE_IMAGE SAT002 DIR002 INST002-001 MODE000
        5: TURN_TO SAT002 DIR001 DIR002
        6: TAKE_IMAGE SAT002 DIR001 INST002-001 MODE000
        7: SWITCH_ON INST000-003 SAT000
        8: CALIBRATE SAT000 INST000-003 DIR000
        9: TAKE_IMAGE SAT000 DIR000 INST000-003 MODE001
       10: SWITCH_ON INST001-002 SAT001
       11: CALIBRATE SAT001 INST001-002 DIR000
       12: TURN_TO SAT001 DIR001 DIR000
       13: TAKE_IMAGE SAT001 DIR001 INST001-002 MODE004
     

time spent:    0.00 seconds instantiating 126 easy, 0 hard action templates
               0.00 seconds reachability analysis, yielding 82 facts and 126 actions
               0.00 seconds creating final representation with 82 relevant facts
               0.00 seconds building connectivity graph
               0.00 seconds searching, evaluating 18 states, to a max depth of 1
               0.00 seconds total time

