
ff: parsing domain file
domain 'SATELLITE' defined
 ... done.
ff: parsing problem file
problem 'PROBNAME' defined
 ... done.



Cueing down from goal distance:    4 into depth [1]
                                   3            [1]
                                   2            [1]
                                   1            [1]
                                   0            

ff: found legal plan as follows

step    0: TURN_TO SAT000 DIR000 DIR003
        1: SWITCH_ON INST003-001 SAT003
        2: CALIBRATE SAT003 INST003-001 DIR003
        3: TAKE_IMAGE SAT003 DIR003 INST003-001 MODE000
     

time spent:    0.00 seconds instantiating 220 easy, 0 hard action templates
               0.00 seconds reachability analysis, yielding 95 facts and 220 actions
               0.00 seconds creating final representation with 95 relevant facts
               0.00 seconds building connectivity graph
               0.00 seconds searching, evaluating 5 states, to a max depth of 1
               0.00 seconds total time

