
ff: parsing domain file
domain 'SATELLITE' defined
 ... done.
ff: parsing problem file
problem 'PROBNAME' defined
 ... done.



Cueing down from goal distance:    4 into depth [1]
                                   3            [1]
                                   2            [1]
                                   1            [1]
                                   0            

ff: found legal plan as follows

step    0: SWITCH_ON INST001-001 SAT001
        1: CALIBRATE SAT001 INST001-001 DIR003
        2: TURN_TO SAT001 DIR000 DIR003
        3: TAKE_IMAGE SAT001 DIR000 INST001-001 MODE002
     

time spent:    0.00 seconds instantiating 165 easy, 0 hard action templates
               0.00 seconds reachability analysis, yielding 90 facts and 165 actions
               0.00 seconds creating final representation with 90 relevant facts
               0.00 seconds building connectivity graph
               0.00 seconds searching, evaluating 6 states, to a max depth of 1
               0.00 seconds total time

