
ff: parsing domain file
domain 'SATELLITE' defined
 ... done.
ff: parsing problem file
problem 'PROBNAME' defined
 ... done.



Cueing down from goal distance:   16 into depth [1]
                                  15            [1]
                                  14            [1]
                                  13            [1]
                                  12            [1]
                                  11            [1]
                                  10            [1]
                                   9            [1]
                                   8            [1]
                                   7            [1]
                                   6            [1]
                                   5            [1]
                                   4            [1]
                                   3            [1][2]
                                   2            [1]
                                   1            [1]
                                   0            

ff: found legal plan as follows

step    0: TURN_TO SAT002 DIR001 DIR002
        1: SWITCH_ON INST000-001 SAT000
        2: TURN_TO SAT000 DIR004 DIR003
        3: CALIBRATE SAT000 INST000-001 DIR004
        4: TURN_TO SAT000 DIR000 DIR004
        5: TAKE_IMAGE SAT000 DIR000 INST000-001 MODE001
        6: TURN_TO SAT000 DIR002 DIR000
        7: TAKE_IMAGE SAT000 DIR002 INST000-001 MODE001
        8: SWITCH_ON INST001-000 SAT001
        9: CALIBRATE SAT001 INST001-000 DIR001
       10: TURN_TO SAT001 DIR004 DIR001
       11: TAKE_IMAGE SAT001 DIR004 INST001-000 MODE002
       12: SWITCH_ON INST005-001 SAT005
       13: TURN_TO SAT005 DIR000 DIR003
       14: CALIBRATE SAT005 INST005-001 DIR000
       15: TURN_TO SAT005 DIR003 DIR000
       16: TAKE_IMAGE SAT005 DIR003 INST005-001 MODE000
     

time spent:    0.00 seconds instantiating 256 easy, 0 hard action templates
               0.00 seconds reachability analysis, yielding 102 facts and 256 actions
               0.00 seconds creating final representation with 102 relevant facts
               0.00 seconds building connectivity graph
               0.00 seconds searching, evaluating 32 states, to a max depth of 2
               0.00 seconds total time

