
ff: parsing domain file
domain 'SATELLITE' defined
 ... done.
ff: parsing problem file
problem 'PROBNAME' defined
 ... done.



Cueing down from goal distance:    9 into depth [1]
                                   8            [1]
                                   7            [1]
                                   5            [1]
                                   4            [1]
                                   3            [1]
                                   2            [1]
                                   1            [1]
                                   0            

ff: found legal plan as follows

step    0: TURN_TO SAT001 DIR002 DIR001
        1: TURN_TO SAT000 DIR000 DIR003
        2: SWITCH_ON INST000-001 SAT000
        3: CALIBRATE SAT000 INST000-001 DIR000
        4: TURN_TO SAT000 DIR001 DIR000
        5: TAKE_IMAGE SAT000 DIR001 INST000-001 MODE001
        6: TURN_TO SAT000 DIR002 DIR001
        7: TAKE_IMAGE SAT000 DIR002 INST000-001 MODE001
     

time spent:    0.00 seconds instantiating 153 easy, 0 hard action templates
               0.00 seconds reachability analysis, yielding 73 facts and 153 actions
               0.00 seconds creating final representation with 73 relevant facts
               0.00 seconds building connectivity graph
               0.00 seconds searching, evaluating 11 states, to a max depth of 1
               0.00 seconds total time

