
ff: parsing domain file
domain 'SATELLITE' defined
 ... done.
ff: parsing problem file
problem 'PROBNAME' defined
 ... done.



Cueing down from goal distance:   14 into depth [1]
                                  13            [1]
                                  11            [1]
                                  10            [1]
                                   9            [1]
                                   8            [1]
                                   7            [1]
                                   6            [1]
                                   5            [1]
                                   4            [1][2]
                                   3            [1]
                                   2            [1]
                                   1            [1]
                                   0            

ff: found legal plan as follows

step    0: TURN_TO SAT000 DIR001 DIR000
        1: SWITCH_ON INST001-000 SAT001
        2: SWITCH_ON INST000-000 SAT000
        3: CALIBRATE SAT000 INST000-000 DIR001
        4: TAKE_IMAGE SAT000 DIR001 INST000-000 MODE000
        5: TURN_TO SAT000 DIR002 DIR001
        6: TAKE_IMAGE SAT000 DIR002 INST000-000 MODE000
        7: TURN_TO SAT000 DIR000 DIR002
        8: TAKE_IMAGE SAT000 DIR000 INST000-000 MODE000
        9: TURN_TO SAT001 DIR002 DIR000
       10: CALIBRATE SAT001 INST001-000 DIR002
       11: TAKE_IMAGE SAT001 DIR002 INST001-000 MODE001
       12: TURN_TO SAT001 DIR000 DIR002
       13: TAKE_IMAGE SAT001 DIR000 INST001-000 MODE001
     

time spent:    0.00 seconds instantiating 198 easy, 0 hard action templates
               0.00 seconds reachability analysis, yielding 92 facts and 198 actions
               0.00 seconds creating final representation with 92 relevant facts
               0.00 seconds building connectivity graph
               0.00 seconds searching, evaluating 23 states, to a max depth of 2
               0.00 seconds total time

