
ff: parsing domain file
domain 'SATELLITE' defined
 ... done.
ff: parsing problem file
problem 'PROBNAME' defined
 ... done.



Cueing down from goal distance:   14 into depth [1]
                                  13            [1]
                                  12            [1]
                                  11            [1]
                                  10            [1]
                                   9            [1]
                                   8            [1]
                                   7            [1]
                                   6            [1]
                                   5            [1]
                                   4            [1]
                                   3            [1]
                                   2            [1]
                                   1            [1]
                                   0            

ff: found legal plan as follows

step    0: TURN_TO SAT001 DIR001 DIR002
        1: TURN_TO SAT000 DIR004 DIR003
        2: SWITCH_ON INST001-000 SAT001
        3: CALIBRATE SAT001 INST001-000 DIR001
        4: TURN_TO SAT001 DIR005 DIR001
        5: TAKE_IMAGE SAT001 DIR005 INST001-000 MODE002
        6: SWITCH_ON INST000-001 SAT000
        7: CALIBRATE SAT000 INST000-001 DIR004
        8: TURN_TO SAT000 DIR002 DIR004
        9: TAKE_IMAGE SAT000 DIR002 INST000-001 MODE003
       10: SWITCH_ON INST002-001 SAT002
       11: CALIBRATE SAT002 INST002-001 DIR000
       12: TURN_TO SAT002 DIR005 DIR000
       13: TAKE_IMAGE SAT002 DIR005 INST002-001 MODE004
     

time spent:    0.00 seconds instantiating 324 easy, 0 hard action templates
               0.00 seconds reachability analysis, yielding 120 facts and 324 actions
               0.00 seconds creating final representation with 120 relevant facts
               0.00 seconds building connectivity graph
               0.00 seconds searching, evaluating 23 states, to a max depth of 1
               0.00 seconds total time

