
ff: parsing domain file
domain 'SATELLITE' defined
 ... done.
ff: parsing problem file
problem 'PROBNAME' defined
 ... done.



Cueing down from goal distance:    8 into depth [1]
                                   7            [1]
                                   6            [1]
                                   5            [1]
                                   4            [1]
                                   3            [1][2]
                                   2            [1]
                                   1            [1]
                                   0            

ff: found legal plan as follows

step    0: TURN_TO SAT000 DIR001 DIR000
        1: SWITCH_ON INST000-002 SAT000
        2: CALIBRATE SAT000 INST000-002 DIR001
        3: TAKE_IMAGE SAT000 DIR001 INST000-002 MODE002
        4: SWITCH_ON INST001-002 SAT001
        5: TURN_TO SAT001 DIR001 DIR002
        6: CALIBRATE SAT001 INST001-002 DIR001
        7: TURN_TO SAT001 DIR002 DIR001
        8: TAKE_IMAGE SAT001 DIR002 INST001-002 MODE000
     

time spent:    0.00 seconds instantiating 167 easy, 0 hard action templates
               0.00 seconds reachability analysis, yielding 91 facts and 167 actions
               0.00 seconds creating final representation with 91 relevant facts
               0.00 seconds building connectivity graph
               0.00 seconds searching, evaluating 14 states, to a max depth of 2
               0.00 seconds total time

