
ff: parsing domain file
domain 'SATELLITE' defined
 ... done.
ff: parsing problem file
problem 'PROBNAME' defined
 ... done.



Cueing down from goal distance:    8 into depth [1]
                                   7            [1]
                                   6            [1][2]
                                   5            [1]
                                   4            [1]
                                   3            [1][2]
                                   2            [1]
                                   1            [1]
                                   0            

ff: found legal plan as follows

step    0: SWITCH_ON INST002-002 SAT002
        1: SWITCH_ON INST001-000 SAT001
        2: TURN_TO SAT002 DIR001 DIR003
        3: CALIBRATE SAT002 INST002-002 DIR001
        4: TURN_TO SAT002 DIR003 DIR001
        5: TAKE_IMAGE SAT002 DIR003 INST002-002 MODE002
        6: TURN_TO SAT001 DIR001 DIR004
        7: CALIBRATE SAT001 INST001-000 DIR001
        8: TURN_TO SAT001 DIR004 DIR001
        9: TAKE_IMAGE SAT001 DIR004 INST001-000 MODE004
     

time spent:    0.00 seconds instantiating 236 easy, 0 hard action templates
               0.00 seconds reachability analysis, yielding 106 facts and 236 actions
               0.00 seconds creating final representation with 106 relevant facts
               0.00 seconds building connectivity graph
               0.00 seconds searching, evaluating 18 states, to a max depth of 2
               0.00 seconds total time

