
ff: parsing domain file
domain 'SATELLITE' defined
 ... done.
ff: parsing problem file
problem 'PROBNAME' defined
 ... done.



Cueing down from goal distance:   19 into depth [1]
                                  16            [1]
                                  14            [1][2]
                                  13            [1]
                                  12            [1]
                                  11            [1]
                                  10            [1]
                                   9            [1]
                                   8            [1]
                                   7            [1]
                                   6            [1][2]
                                   5            [1]
                                   4            [1]
                                   3            [1]
                                   2            [1]
                                   1            [1]
                                   0            

ff: found legal plan as follows

step    0: TURN_TO SAT001 DIR005 DIR004
        1: TURN_TO SAT003 DIR003 DIR000
        2: SWITCH_ON INST000-002 SAT000
        3: SWITCH_ON INST001-001 SAT001
        4: CALIBRATE SAT001 INST001-001 DIR005
        5: TURN_TO SAT001 DIR004 DIR005
        6: TAKE_IMAGE SAT001 DIR004 INST001-001 MODE001
        7: SWITCH_ON INST003-000 SAT003
        8: CALIBRATE SAT003 INST003-000 DIR003
        9: TURN_TO SAT003 DIR000 DIR003
       10: TAKE_IMAGE SAT003 DIR000 INST003-000 MODE000
       11: TURN_TO SAT000 DIR000 DIR001
       12: CALIBRATE SAT000 INST000-002 DIR000
       13: TAKE_IMAGE SAT000 DIR000 INST000-002 MODE002
       14: TURN_TO SAT000 DIR001 DIR000
       15: TAKE_IMAGE SAT000 DIR001 INST000-002 MODE002
       16: TURN_TO SAT000 DIR004 DIR001
       17: TAKE_IMAGE SAT000 DIR004 INST000-002 MODE002
     

time spent:    0.00 seconds instantiating 294 easy, 0 hard action templates
               0.00 seconds reachability analysis, yielding 101 facts and 294 actions
               0.00 seconds creating final representation with 101 relevant facts
               0.00 seconds building connectivity graph
               0.00 seconds searching, evaluating 60 states, to a max depth of 2
               0.00 seconds total time

