
ff: parsing domain file
domain 'SATELLITE' defined
 ... done.
ff: parsing problem file
problem 'PROBNAME' defined
 ... done.



Cueing down from goal distance:   13 into depth [1]
                                  10            [1]
                                   9            [1]
                                   8            [1]
                                   7            [1]
                                   6            [1]
                                   5            [1]
                                   4            [1]
                                   3            [1]
                                   2            [1]
                                   1            [1]
                                   0            

ff: found legal plan as follows

step    0: SWITCH_ON INST001-000 SAT001
        1: CALIBRATE SAT001 INST001-000 DIR000
        2: TURN_TO SAT001 DIR001 DIR000
        3: TAKE_IMAGE SAT001 DIR001 INST001-000 MODE000
        4: TURN_TO SAT001 DIR003 DIR001
        5: TAKE_IMAGE SAT001 DIR003 INST001-000 MODE000
        6: TURN_TO SAT001 DIR002 DIR003
        7: TAKE_IMAGE SAT001 DIR002 INST001-000 MODE000
        8: SWITCH_ON INST000-000 SAT000
        9: CALIBRATE SAT000 INST000-000 DIR000
       10: TAKE_IMAGE SAT000 DIR000 INST000-000 MODE001
     

time spent:    0.00 seconds instantiating 165 easy, 0 hard action templates
               0.00 seconds reachability analysis, yielding 78 facts and 165 actions
               0.00 seconds creating final representation with 78 relevant facts
               0.00 seconds building connectivity graph
               0.00 seconds searching, evaluating 17 states, to a max depth of 1
               0.00 seconds total time

