
ff: parsing domain file
domain 'SATELLITE' defined
 ... done.
ff: parsing problem file
problem 'PROBNAME' defined
 ... done.



Cueing down from goal distance:    4 into depth [1]
                                   3            [1][2]
                                   2            [1]
                                   1            [1]
                                   0            

ff: found legal plan as follows

step    0: SWITCH_ON INST005-000 SAT005
        1: TURN_TO SAT005 DIR001 DIR004
        2: CALIBRATE SAT005 INST005-000 DIR001
        3: TURN_TO SAT005 DIR004 DIR001
        4: TAKE_IMAGE SAT005 DIR004 INST005-000 MODE003
     

time spent:    0.00 seconds instantiating 304 easy, 0 hard action templates
               0.00 seconds reachability analysis, yielding 125 facts and 304 actions
               0.00 seconds creating final representation with 125 relevant facts
               0.00 seconds building connectivity graph
               0.00 seconds searching, evaluating 7 states, to a max depth of 2
               0.00 seconds total time

