
ff: parsing domain file
domain 'SATELLITE' defined
 ... done.
ff: parsing problem file
problem 'PROBNAME' defined
 ... done.



Cueing down from goal distance:    9 into depth [1]
                                   8            [1]
                                   7            [1]
                                   6            [1]
                                   5            [1]
                                   4            [1]
                                   3            [1][2]
                                   2            [1]
                                   1            [1]
                                   0            

ff: found legal plan as follows

step    0: TURN_TO SAT001 DIR000 DIR003
        1: SWITCH_ON INST001-000 SAT001
        2: CALIBRATE SAT001 INST001-000 DIR000
        3: TURN_TO SAT001 DIR004 DIR000
        4: TAKE_IMAGE SAT001 DIR004 INST001-000 MODE000
        5: SWITCH_ON INST000-001 SAT000
        6: TURN_TO SAT000 DIR001 DIR005
        7: CALIBRATE SAT000 INST000-001 DIR001
        8: TURN_TO SAT000 DIR005 DIR001
        9: TAKE_IMAGE SAT000 DIR005 INST000-001 MODE002
     

time spent:    0.00 seconds instantiating 315 easy, 0 hard action templates
               0.00 seconds reachability analysis, yielding 105 facts and 315 actions
               0.00 seconds creating final representation with 105 relevant facts
               0.00 seconds building connectivity graph
               0.00 seconds searching, evaluating 16 states, to a max depth of 2
               0.00 seconds total time

