
ff: parsing domain file
domain 'SATELLITE' defined
 ... done.
ff: parsing problem file
problem 'PROBNAME' defined
 ... done.



Cueing down from goal distance:   15 into depth [1]
                                  14            [1]
                                  13            [1]
                                  12            [1]
                                  11            [1]
                                  10            [1]
                                   8            [1]
                                   7            [1]
                                   6            [1]
                                   5            [1]
                                   4            [1]
                                   3            [1][2]
                                   2            [1]
                                   1            [1]
                                   0            

ff: found legal plan as follows

step    0: SWITCH_ON INST003-001 SAT003
        1: SWITCH_ON INST001-002 SAT001
        2: CALIBRATE SAT001 INST001-002 DIR000
        3: TAKE_IMAGE SAT001 DIR000 INST001-002 MODE000
        4: SWITCH_ON INST002-001 SAT002
        5: TURN_TO SAT002 DIR001 DIR000
        6: CALIBRATE SAT002 INST002-001 DIR001
        7: TURN_TO SAT002 DIR000 DIR001
        8: TAKE_IMAGE SAT002 DIR000 INST002-001 MODE003
        9: TURN_TO SAT002 DIR003 DIR000
       10: TAKE_IMAGE SAT002 DIR003 INST002-001 MODE003
       11: TURN_TO SAT003 DIR002 DIR003
       12: CALIBRATE SAT003 INST003-001 DIR002
       13: TURN_TO SAT003 DIR003 DIR002
       14: TAKE_IMAGE SAT003 DIR003 INST003-001 MODE001
     

time spent:    0.00 seconds instantiating 219 easy, 0 hard action templates
               0.00 seconds reachability analysis, yielding 113 facts and 219 actions
               0.00 seconds creating final representation with 113 relevant facts
               0.00 seconds building connectivity graph
               0.00 seconds searching, evaluating 33 states, to a max depth of 2
               0.00 seconds total time

