
ff: parsing domain file
domain 'SATELLITE' defined
 ... done.
ff: parsing problem file
problem 'PROBNAME' defined
 ... done.



Cueing down from goal distance:   13 into depth [1]
                                  12            [1]
                                  11            [1]
                                  10            [1]
                                   9            [1]
                                   8            [1]
                                   7            [1]
                                   6            [1]
                                   5            [1]
                                   4            [1]
                                   3            [1][2]
                                   2            [1]
                                   1            [1]
                                   0            

ff: found legal plan as follows

step    0: TURN_TO SAT000 DIR004 DIR003
        1: SWITCH_ON INST001-000 SAT001
        2: SWITCH_ON INST000-002 SAT000
        3: CALIBRATE SAT000 INST000-002 DIR004
        4: TURN_TO SAT000 DIR002 DIR004
        5: TAKE_IMAGE SAT000 DIR002 INST000-002 MODE002
        6: SWITCH_ON INST002-000 SAT002
        7: CALIBRATE SAT002 INST002-000 DIR001
        8: TURN_TO SAT002 DIR005 DIR001
        9: TAKE_IMAGE SAT002 DIR005 INST002-000 MODE000
       10: TURN_TO SAT001 DIR000 DIR001
       11: CALIBRATE SAT001 INST001-000 DIR000
       12: TURN_TO SAT001 DIR001 DIR000
       13: TAKE_IMAGE SAT001 DIR001 INST001-000 MODE001
     

time spent:    0.00 seconds instantiating 162 easy, 0 hard action templates
               0.00 seconds reachability analysis, yielding 63 facts and 162 actions
               0.00 seconds creating final representation with 63 relevant facts
               0.00 seconds building connectivity graph
               0.00 seconds searching, evaluating 30 states, to a max depth of 2
               0.00 seconds total time

