
ff: parsing domain file
domain 'SATELLITE' defined
 ... done.
ff: parsing problem file
problem 'PROBNAME' defined
 ... done.



Cueing down from goal distance:   14 into depth [1]
                                  13            [1]
                                  12            [1]
                                  11            [1]
                                  10            [1]
                                   9            [1]
                                   8            [1]
                                   7            [1]
                                   6            [1]
                                   5            [1][2]
                                   4            [1]
                                   3            [1]
                                   2            [1]
                                   1            [1]
                                   0            

ff: found legal plan as follows

step    0: SWITCH_ON INST001-000 SAT001
        1: SWITCH_ON INST000-000 SAT000
        2: CALIBRATE SAT000 INST000-000 DIR002
        3: TURN_TO SAT000 DIR000 DIR002
        4: TAKE_IMAGE SAT000 DIR000 INST000-000 MODE001
        5: TURN_TO SAT000 DIR003 DIR000
        6: TAKE_IMAGE SAT000 DIR003 INST000-000 MODE001
        7: TURN_TO SAT000 DIR001 DIR003
        8: TAKE_IMAGE SAT000 DIR001 INST000-000 MODE001
        9: TURN_TO SAT001 DIR000 DIR003
       10: CALIBRATE SAT001 INST001-000 DIR000
       11: TURN_TO SAT001 DIR002 DIR000
       12: TAKE_IMAGE SAT001 DIR002 INST001-000 MODE000
       13: TURN_TO SAT001 DIR003 DIR002
       14: TAKE_IMAGE SAT001 DIR003 INST001-000 MODE000
     

time spent:    0.00 seconds instantiating 108 easy, 0 hard action templates
               0.00 seconds reachability analysis, yielding 61 facts and 108 actions
               0.00 seconds creating final representation with 61 relevant facts
               0.00 seconds building connectivity graph
               0.00 seconds searching, evaluating 33 states, to a max depth of 2
               0.00 seconds total time

