
ff: parsing domain file
domain 'SATELLITE' defined
 ... done.
ff: parsing problem file
problem 'PROBNAME' defined
 ... done.



Cueing down from goal distance:   10 into depth [1][2]
                                   9            [1]
                                   8            [1]
                                   7            [1]
                                   6            [1]
                                   5            [1][2]
                                   4            [1]
                                   3            [1]
                                   2            [1]
                                   1            [1]
                                   0            

ff: found legal plan as follows

step    0: SWITCH_ON INST000-001 SAT000
        1: TURN_TO SAT001 DIR001 DIR004
        2: SWITCH_ON INST001-002 SAT001
        3: CALIBRATE SAT001 INST001-002 DIR001
        4: TURN_TO SAT001 DIR002 DIR001
        5: TAKE_IMAGE SAT001 DIR002 INST001-002 MODE003
        6: TURN_TO SAT000 DIR004 DIR003
        7: CALIBRATE SAT000 INST000-001 DIR004
        8: TURN_TO SAT000 DIR003 DIR004
        9: TAKE_IMAGE SAT000 DIR003 INST000-001 MODE000
       10: TURN_TO SAT000 DIR002 DIR003
       11: TAKE_IMAGE SAT000 DIR002 INST000-001 MODE000
     

time spent:    0.00 seconds instantiating 80 easy, 0 hard action templates
               0.00 seconds reachability analysis, yielding 47 facts and 80 actions
               0.00 seconds creating final representation with 47 relevant facts
               0.00 seconds building connectivity graph
               0.00 seconds searching, evaluating 29 states, to a max depth of 2
               0.00 seconds total time

