
ff: parsing domain file
domain 'SATELLITE' defined
 ... done.
ff: parsing problem file
problem 'PROBNAME' defined
 ... done.



Cueing down from goal distance:    5 into depth [1]
                                   4            [1][2]
                                   3            [1]
                                   2            [1]
                                   1            [1]
                                   0            

ff: found legal plan as follows

step    0: SWITCH_ON INST000-000 SAT000
        1: TURN_TO SAT000 DIR002 DIR005
        2: CALIBRATE SAT000 INST000-000 DIR002
        3: TAKE_IMAGE SAT000 DIR002 INST000-000 MODE001
        4: TURN_TO SAT000 DIR005 DIR002
        5: TAKE_IMAGE SAT000 DIR005 INST000-000 MODE001
     

time spent:    0.00 seconds instantiating 228 easy, 0 hard action templates
               0.00 seconds reachability analysis, yielding 76 facts and 228 actions
               0.00 seconds creating final representation with 76 relevant facts
               0.00 seconds building connectivity graph
               0.00 seconds searching, evaluating 8 states, to a max depth of 2
               0.00 seconds total time

