
ff: parsing domain file
domain 'SATELLITE' defined
 ... done.
ff: parsing problem file
problem 'PROBNAME' defined
 ... done.



Cueing down from goal distance:   17 into depth [1]
                                  16            [1]
                                  15            [1]
                                  14            [1]
                                  11            [1]
                                  10            [1]
                                   9            [1]
                                   8            [1]
                                   7            [1]
                                   6            [1]
                                   5            [1]
                                   4            [1]
                                   3            [1][2]
                                   2            [1]
                                   1            [1]
                                   0            

ff: found legal plan as follows

step    0: TURN_TO SAT000 DIR001 DIR004
        1: TURN_TO SAT002 DIR001 DIR003
        2: SWITCH_ON INST001-001 SAT001
        3: SWITCH_ON INST003-000 SAT003
        4: CALIBRATE SAT003 INST003-000 DIR002
        5: TAKE_IMAGE SAT003 DIR002 INST003-000 MODE001
        6: TURN_TO SAT003 DIR004 DIR002
        7: TAKE_IMAGE SAT003 DIR004 INST003-000 MODE001
        8: SWITCH_ON INST000-000 SAT000
        9: CALIBRATE SAT000 INST000-000 DIR001
       10: TURN_TO SAT000 DIR000 DIR001
       11: TAKE_IMAGE SAT000 DIR000 INST000-000 MODE003
       12: TURN_TO SAT001 DIR003 DIR004
       13: CALIBRATE SAT001 INST001-001 DIR003
       14: TURN_TO SAT001 DIR004 DIR003
       15: TAKE_IMAGE SAT001 DIR004 INST001-001 MODE002
     

time spent:    0.00 seconds instantiating 160 easy, 0 hard action templates
               0.00 seconds reachability analysis, yielding 74 facts and 160 actions
               0.00 seconds creating final representation with 74 relevant facts
               0.00 seconds building connectivity graph
               0.00 seconds searching, evaluating 31 states, to a max depth of 2
               0.00 seconds total time

