
ff: parsing domain file
domain 'SATELLITE' defined
 ... done.
ff: parsing problem file
problem 'PROBNAME' defined
 ... done.



Cueing down from goal distance:    8 into depth [1]
                                   7            [1]
                                   6            [1]
                                   5            [1]
                                   4            [1]
                                   3            [1][2]
                                   2            [1]
                                   1            [1]
                                   0            

ff: found legal plan as follows

step    0: SWITCH_ON INST002-004 SAT002
        1: SWITCH_ON INST001-001 SAT001
        2: CALIBRATE SAT001 INST001-001 DIR004
        3: TURN_TO SAT001 DIR005 DIR004
        4: TAKE_IMAGE SAT001 DIR005 INST001-001 MODE002
        5: TURN_TO SAT002 DIR004 DIR001
        6: CALIBRATE SAT002 INST002-004 DIR004
        7: TURN_TO SAT002 DIR001 DIR004
        8: TAKE_IMAGE SAT002 DIR001 INST002-004 MODE001
     

time spent:    0.00 seconds instantiating 285 easy, 0 hard action templates
               0.00 seconds reachability analysis, yielding 110 facts and 285 actions
               0.00 seconds creating final representation with 110 relevant facts
               0.00 seconds building connectivity graph
               0.00 seconds searching, evaluating 16 states, to a max depth of 2
               0.00 seconds total time

