
ff: parsing domain file
domain 'SATELLITE' defined
 ... done.
ff: parsing problem file
problem 'PROBNAME' defined
 ... done.



Cueing down from goal distance:    5 into depth [1]
                                   4            [1]
                                   3            [1]
                                   2            [1]
                                   1            [1]
                                   0            

ff: found legal plan as follows

step    0: SWITCH_ON INST001-002 SAT001
        1: CALIBRATE SAT001 INST001-002 DIR002
        2: TAKE_IMAGE SAT001 DIR002 INST001-002 MODE004
        3: TURN_TO SAT001 DIR000 DIR002
        4: TAKE_IMAGE SAT001 DIR000 INST001-002 MODE004
     

time spent:    0.00 seconds instantiating 96 easy, 0 hard action templates
               0.00 seconds reachability analysis, yielding 67 facts and 96 actions
               0.00 seconds creating final representation with 67 relevant facts
               0.00 seconds building connectivity graph
               0.00 seconds searching, evaluating 7 states, to a max depth of 1
               0.00 seconds total time

