
ff: parsing domain file
domain 'SATELLITE' defined
 ... done.
ff: parsing problem file
problem 'PROBNAME' defined
 ... done.



Cueing down from goal distance:   19 into depth [1]
                                  18            [1]
                                  17            [1]
                                  16            [1]
                                  15            [1]
                                  14            [1]
                                  13            [1]
                                  12            [1][2]
                                  11            [1]
                                  10            [1]
                                   9            [1][2]
                                   8            [1]
                                   7            [1]
                                   6            [1]
                                   5            [1]
                                   4            [1]
                                   3            [1][2]
                                   2            [1]
                                   1            [1]
                                   0            

ff: found legal plan as follows

step    0: TURN_TO SAT000 DIR004 DIR001
        1: TURN_TO SAT002 DIR001 DIR004
        2: SWITCH_ON INST001-001 SAT001
        3: SWITCH_ON INST000-000 SAT000
        4: CALIBRATE SAT000 INST000-000 DIR004
        5: TURN_TO SAT000 DIR000 DIR004
        6: TAKE_IMAGE SAT000 DIR000 INST000-000 MODE003
        7: TURN_TO SAT001 DIR003 DIR000
        8: CALIBRATE SAT001 INST001-001 DIR003
        9: TURN_TO SAT001 DIR000 DIR003
       10: TAKE_IMAGE SAT001 DIR000 INST001-001 MODE000
       11: SWITCH_ON INST002-001 SAT002
       12: TURN_TO SAT003 DIR001 DIR002
       13: SWITCH_ON INST003-000 SAT003
       14: CALIBRATE SAT003 INST003-000 DIR001
       15: TAKE_IMAGE SAT003 DIR001 INST003-000 MODE002
       16: TURN_TO SAT003 DIR004 DIR001
       17: TAKE_IMAGE SAT003 DIR004 INST003-000 MODE002
       18: TURN_TO SAT002 DIR000 DIR001
       19: CALIBRATE SAT002 INST002-001 DIR000
       20: TURN_TO SAT002 DIR001 DIR000
       21: TAKE_IMAGE SAT002 DIR001 INST002-001 MODE001
     

time spent:    0.00 seconds instantiating 196 easy, 0 hard action templates
               0.00 seconds reachability analysis, yielding 86 facts and 196 actions
               0.00 seconds creating final representation with 86 relevant facts
               0.00 seconds building connectivity graph
               0.00 seconds searching, evaluating 56 states, to a max depth of 2
               0.00 seconds total time

