
ff: parsing domain file
domain 'SATELLITE' defined
 ... done.
ff: parsing problem file
problem 'PROBNAME' defined
 ... done.



Cueing down from goal distance:   17 into depth [1][2][3]
                                  16            [1][2]
                                  15            [1]
                                  14            [1]
                                  13            [1][2][3]
                                  12            [1]
                                  11            [1]
                                  10            [1]
                                   9            [1][2][3]
                                   8            [1][2]
                                   7            [1]
                                   6            [1]
                                   5            [1][2]
                                   4            [1]
                                   3            [1]
                                   2            [1]
                                   1            [1]
                                   0            

ff: found legal plan as follows

step    0: TURN_TO SAT000 DIR002 DIR000
        1: SWITCH_ON INST000-003 SAT000
        2: TURN_TO SAT002 DIR003 DIR001
        3: TURN_TO SAT000 DIR004 DIR002
        4: CALIBRATE SAT000 INST000-003 DIR004
        5: TURN_TO SAT000 DIR002 DIR004
        6: TAKE_IMAGE SAT000 DIR002 INST000-003 MODE001
        7: SWITCH_ON INST002-000 SAT002
        8: SWITCH_OFF INST000-003 SAT000
        9: TURN_TO SAT000 DIR000 DIR002
       10: CALIBRATE SAT002 INST002-000 DIR003
       11: TURN_TO SAT002 DIR000 DIR003
       12: TAKE_IMAGE SAT002 DIR000 INST002-000 MODE002
       13: TURN_TO SAT000 DIR004 DIR000
       14: SWITCH_ON INST000-000 SAT000
       15: CALIBRATE SAT000 INST000-000 DIR004
       16: TURN_TO SAT000 DIR003 DIR004
       17: TAKE_IMAGE SAT000 DIR003 INST000-000 MODE000
       18: SWITCH_OFF INST000-000 SAT000
       19: SWITCH_ON INST000-001 SAT000
       20: TURN_TO SAT000 DIR000 DIR003
       21: CALIBRATE SAT000 INST000-001 DIR000
       22: TURN_TO SAT000 DIR004 DIR000
       23: TAKE_IMAGE SAT000 DIR004 INST000-001 MODE003
       24: TURN_TO SAT000 DIR003 DIR004
       25: TAKE_IMAGE SAT000 DIR003 INST000-001 MODE003
     

time spent:    0.00 seconds instantiating 189 easy, 0 hard action templates
               0.00 seconds reachability analysis, yielding 78 facts and 189 actions
               0.00 seconds creating final representation with 78 relevant facts
               0.00 seconds building connectivity graph
               0.01 seconds searching, evaluating 247 states, to a max depth of 3
               0.01 seconds total time

