
ff: parsing domain file
domain 'SATELLITE' defined
 ... done.
ff: parsing problem file
problem 'PROBNAME' defined
 ... done.



Cueing down from goal distance:    4 into depth [1]
                                   3            [1]
                                   2            [1]
                                   1            [1]
                                   0            

ff: found legal plan as follows

step    0: TURN_TO SAT000 DIR003 DIR000
        1: SWITCH_ON INST000-001 SAT000
        2: CALIBRATE SAT000 INST000-001 DIR003
        3: TAKE_IMAGE SAT000 DIR003 INST000-001 MODE003
     

time spent:    0.00 seconds instantiating 45 easy, 0 hard action templates
               0.00 seconds reachability analysis, yielding 31 facts and 45 actions
               0.00 seconds creating final representation with 31 relevant facts
               0.00 seconds building connectivity graph
               0.00 seconds searching, evaluating 5 states, to a max depth of 1
               0.00 seconds total time

