
ff: parsing domain file
domain 'SATELLITE' defined
 ... done.
ff: parsing problem file
problem 'PROBNAME' defined
 ... done.



Cueing down from goal distance:   10 into depth [1]
                                   9            [1]
                                   8            [1]
                                   7            [1]
                                   6            [1]
                                   5            [1]
                                   4            [1]
                                   3            [1]
                                   2            [1]
                                   1            [1]
                                   0            

ff: found legal plan as follows

step    0: TURN_TO SAT001 DIR004 DIR000
        1: SWITCH_ON INST000-000 SAT000
        2: CALIBRATE SAT000 INST000-000 DIR004
        3: TAKE_IMAGE SAT000 DIR004 INST000-000 MODE001
        4: TURN_TO SAT000 DIR001 DIR004
        5: TAKE_IMAGE SAT000 DIR001 INST000-000 MODE001
        6: SWITCH_ON INST001-001 SAT001
        7: CALIBRATE SAT001 INST001-001 DIR004
        8: TURN_TO SAT001 DIR005 DIR004
        9: TAKE_IMAGE SAT001 DIR005 INST001-001 MODE003
     

time spent:    0.00 seconds instantiating 114 easy, 0 hard action templates
               0.00 seconds reachability analysis, yielding 56 facts and 114 actions
               0.00 seconds creating final representation with 56 relevant facts
               0.00 seconds building connectivity graph
               0.00 seconds searching, evaluating 14 states, to a max depth of 1
               0.00 seconds total time

