
ff: parsing domain file
domain 'SATELLITE' defined
 ... done.
ff: parsing problem file
problem 'PROBNAME' defined
 ... done.



Cueing down from goal distance:   10 into depth [1]
                                   9            [1]
                                   8            [1]
                                   7            [1]
                                   6            [1]
                                   4            [1]
                                   3            [1]
                                   2            [1]
                                   1            [1]
                                   0            

ff: found legal plan as follows

step    0: SWITCH_ON INST002-000 SAT002
        1: CALIBRATE SAT002 INST002-000 DIR002
        2: TAKE_IMAGE SAT002 DIR002 INST002-000 MODE000
        3: SWITCH_ON INST004-000 SAT004
        4: TURN_TO SAT004 DIR001 DIR002
        5: CALIBRATE SAT004 INST004-000 DIR001
        6: TAKE_IMAGE SAT004 DIR001 INST004-000 MODE001
        7: TURN_TO SAT004 DIR002 DIR001
        8: TAKE_IMAGE SAT004 DIR002 INST004-000 MODE001
     

time spent:    0.00 seconds instantiating 150 easy, 0 hard action templates
               0.00 seconds reachability analysis, yielding 86 facts and 150 actions
               0.00 seconds creating final representation with 86 relevant facts
               0.00 seconds building connectivity graph
               0.00 seconds searching, evaluating 14 states, to a max depth of 1
               0.00 seconds total time

