
ff: parsing domain file
domain 'SATELLITE' defined
 ... done.
ff: parsing problem file
problem 'PROBNAME' defined
 ... done.



Cueing down from goal distance:   16 into depth [1]
                                  15            [1]
                                  14            [1]
                                  13            [1]
                                  12            [1]
                                  11            [1]
                                  10            [1]
                                   9            [1]
                                   8            [1]
                                   7            [1]
                                   6            [1]
                                   5            [1]
                                   4            [1]
                                   3            [1]
                                   2            [1]
                                   1            [1]
                                   0            

ff: found legal plan as follows

step    0: TURN_TO SAT004 DIR002 DIR000
        1: SWITCH_ON INST005-003 SAT005
        2: TURN_TO SAT002 DIR001 DIR000
        3: CALIBRATE SAT005 INST005-003 DIR000
        4: TAKE_IMAGE SAT005 DIR000 INST005-003 MODE002
        5: SWITCH_ON INST000-002 SAT000
        6: CALIBRATE SAT000 INST000-002 DIR002
        7: TAKE_IMAGE SAT000 DIR002 INST000-002 MODE000
        8: TURN_TO SAT000 DIR000 DIR002
        9: TAKE_IMAGE SAT000 DIR000 INST000-002 MODE000
       10: TURN_TO SAT000 DIR001 DIR000
       11: TAKE_IMAGE SAT000 DIR001 INST000-002 MODE000
       12: SWITCH_ON INST001-001 SAT001
       13: CALIBRATE SAT001 INST001-001 DIR002
       14: TURN_TO SAT001 DIR000 DIR002
       15: TAKE_IMAGE SAT001 DIR000 INST001-001 MODE003
     

time spent:    0.00 seconds instantiating 174 easy, 0 hard action templates
               0.00 seconds reachability analysis, yielding 105 facts and 174 actions
               0.00 seconds creating final representation with 105 relevant facts
               0.00 seconds building connectivity graph
               0.00 seconds searching, evaluating 23 states, to a max depth of 1
               0.00 seconds total time

