
ff: parsing domain file
domain 'SATELLITE' defined
 ... done.
ff: parsing problem file
problem 'PROBNAME' defined
 ... done.



Cueing down from goal distance:   14 into depth [1]
                                  12            [1]
                                  10            [1]
                                   9            [1][2]
                                   8            [1]
                                   7            [1]
                                   6            [1][2]
                                   5            [1]
                                   4            [1]
                                   3            [1]
                                   2            [1]
                                   1            [1]
                                   0            

ff: found legal plan as follows

step    0: SWITCH_ON INST004-001 SAT004
        1: TURN_TO SAT002 DIR003 DIR001
        2: SWITCH_ON INST005-000 SAT005
        3: TURN_TO SAT005 DIR001 DIR000
        4: CALIBRATE SAT005 INST005-000 DIR001
        5: TURN_TO SAT005 DIR000 DIR001
        6: TAKE_IMAGE SAT005 DIR000 INST005-000 MODE001
        7: TURN_TO SAT004 DIR002 DIR000
        8: CALIBRATE SAT004 INST004-001 DIR002
        9: TAKE_IMAGE SAT004 DIR002 INST004-001 MODE000
       10: TURN_TO SAT004 DIR000 DIR002
       11: TAKE_IMAGE SAT004 DIR000 INST004-001 MODE000
       12: TURN_TO SAT004 DIR001 DIR000
       13: TAKE_IMAGE SAT004 DIR001 INST004-001 MODE000
     

time spent:    0.00 seconds instantiating 184 easy, 0 hard action templates
               0.00 seconds reachability analysis, yielding 90 facts and 184 actions
               0.00 seconds creating final representation with 90 relevant facts
               0.00 seconds building connectivity graph
               0.00 seconds searching, evaluating 26 states, to a max depth of 2
               0.00 seconds total time

