
ff: parsing domain file
domain 'SATELLITE' defined
 ... done.
ff: parsing problem file
problem 'PROBNAME' defined
 ... done.



Cueing down from goal distance:   12 into depth [1]
                                  10            [1]
                                   9            [1]
                                   8            [1][2]
                                   7            [1]
                                   6            [1]
                                   5            [1][2]
                                   4            [1]
                                   3            [1]
                                   2            [1]
                                   1            [1]
                                   0            

ff: found legal plan as follows

step    0: TURN_TO SAT004 DIR005 DIR002
        1: SWITCH_ON INST002-002 SAT002
        2: SWITCH_ON INST000-003 SAT000
        3: TURN_TO SAT002 DIR002 DIR004
        4: CALIBRATE SAT002 INST002-002 DIR002
        5: TURN_TO SAT002 DIR004 DIR002
        6: TAKE_IMAGE SAT002 DIR004 INST002-002 MODE002
        7: TURN_TO SAT000 DIR000 DIR005
        8: CALIBRATE SAT000 INST000-003 DIR000
        9: TURN_TO SAT000 DIR002 DIR000
       10: TAKE_IMAGE SAT000 DIR002 INST000-003 MODE003
       11: TURN_TO SAT000 DIR005 DIR002
       12: TAKE_IMAGE SAT000 DIR005 INST000-003 MODE003
     

time spent:    0.00 seconds instantiating 324 easy, 0 hard action templates
               0.00 seconds reachability analysis, yielding 120 facts and 324 actions
               0.00 seconds creating final representation with 120 relevant facts
               0.00 seconds building connectivity graph
               0.00 seconds searching, evaluating 26 states, to a max depth of 2
               0.00 seconds total time

