
ff: parsing domain file
domain 'SATELLITE' defined
 ... done.
ff: parsing problem file
problem 'PROBNAME' defined
 ... done.



Cueing down from goal distance:   14 into depth [1]
                                  13            [1]
                                  12            [1]
                                  11            [1]
                                  10            [1]
                                   9            [1]
                                   8            [1]
                                   7            [1]
                                   6            [1]
                                   5            [1][2]
                                   4            [1]
                                   3            [1]
                                   2            [1]
                                   1            [1]
                                   0            

ff: found legal plan as follows

step    0: SWITCH_ON INST000-002 SAT000
        1: SWITCH_ON INST002-000 SAT002
        2: CALIBRATE SAT002 INST002-000 DIR003
        3: TAKE_IMAGE SAT002 DIR003 INST002-000 MODE000
        4: TURN_TO SAT002 DIR000 DIR003
        5: TAKE_IMAGE SAT002 DIR000 INST002-000 MODE000
        6: SWITCH_ON INST001-000 SAT001
        7: CALIBRATE SAT001 INST001-000 DIR003
        8: TAKE_IMAGE SAT001 DIR003 INST001-000 MODE001
        9: TURN_TO SAT000 DIR002 DIR003
       10: CALIBRATE SAT000 INST000-002 DIR002
       11: TURN_TO SAT000 DIR003 DIR002
       12: TAKE_IMAGE SAT000 DIR003 INST000-002 MODE002
       13: TURN_TO SAT000 DIR000 DIR003
       14: TAKE_IMAGE SAT000 DIR000 INST000-002 MODE002
     

time spent:    0.00 seconds instantiating 132 easy, 0 hard action templates
               0.00 seconds reachability analysis, yielding 68 facts and 132 actions
               0.00 seconds creating final representation with 68 relevant facts
               0.00 seconds building connectivity graph
               0.00 seconds searching, evaluating 29 states, to a max depth of 2
               0.00 seconds total time

