
ff: parsing domain file
domain 'SATELLITE' defined
 ... done.
ff: parsing problem file
problem 'PROBNAME' defined
 ... done.



Cueing down from goal distance:   18 into depth [1]
                                  15            [1]
                                  14            [1]
                                  13            [1]
                                  12            [1]
                                  11            [1]
                                  10            [1]
                                   9            [1]
                                   8            [1]
                                   7            [1]
                                   6            [1]
                                   5            [1]
                                   4            [1]
                                   3            [1]
                                   2            [1]
                                   1            [1]
                                   0            

ff: found legal plan as follows

step    0: TURN_TO SAT001 DIR004 DIR002
        1: SWITCH_ON INST000-000 SAT000
        2: TURN_TO SAT000 DIR003 DIR000
        3: CALIBRATE SAT000 INST000-000 DIR003
        4: TURN_TO SAT000 DIR002 DIR003
        5: TAKE_IMAGE SAT000 DIR002 INST000-000 MODE000
        6: TURN_TO SAT000 DIR004 DIR002
        7: TAKE_IMAGE SAT000 DIR004 INST000-000 MODE000
        8: SWITCH_ON INST001-001 SAT001
        9: CALIBRATE SAT001 INST001-001 DIR004
       10: TURN_TO SAT001 DIR002 DIR004
       11: TAKE_IMAGE SAT001 DIR002 INST001-001 MODE001
       12: TURN_TO SAT001 DIR001 DIR002
       13: TAKE_IMAGE SAT001 DIR001 INST001-001 MODE001
       14: TURN_TO SAT001 DIR000 DIR001
       15: TAKE_IMAGE SAT001 DIR000 INST001-001 MODE001
     

time spent:    0.00 seconds instantiating 112 easy, 0 hard action templates
               0.00 seconds reachability analysis, yielding 49 facts and 112 actions
               0.00 seconds creating final representation with 49 relevant facts
               0.00 seconds building connectivity graph
               0.00 seconds searching, evaluating 27 states, to a max depth of 1
               0.00 seconds total time

