
ff: parsing domain file
domain 'SATELLITE' defined
 ... done.
ff: parsing problem file
problem 'PROBNAME' defined
 ... done.



Cueing down from goal distance:   10 into depth [1]
                                   9            [1]
                                   8            [1]
                                   7            [1]
                                   6            [1]
                                   5            [1]
                                   4            [1]
                                   3            [1][2]
                                   2            [1]
                                   1            [1]
                                   0            

ff: found legal plan as follows

step    0: SWITCH_ON INST001-000 SAT001
        1: CALIBRATE SAT001 INST001-000 DIR003
        2: TAKE_IMAGE SAT001 DIR003 INST001-000 MODE001
        3: SWITCH_ON INST002-000 SAT002
        4: CALIBRATE SAT002 INST002-000 DIR002
        5: TAKE_IMAGE SAT002 DIR002 INST002-000 MODE000
        6: SWITCH_ON INST003-001 SAT003
        7: TURN_TO SAT003 DIR000 DIR001
        8: CALIBRATE SAT003 INST003-001 DIR000
        9: TURN_TO SAT003 DIR001 DIR000
       10: TAKE_IMAGE SAT003 DIR001 INST003-001 MODE002
     

time spent:    0.00 seconds instantiating 158 easy, 0 hard action templates
               0.00 seconds reachability analysis, yielding 79 facts and 158 actions
               0.00 seconds creating final representation with 79 relevant facts
               0.00 seconds building connectivity graph
               0.00 seconds searching, evaluating 17 states, to a max depth of 2
               0.00 seconds total time

