
ff: parsing domain file
domain 'SATELLITE' defined
 ... done.
ff: parsing problem file
problem 'PROBNAME' defined
 ... done.



Cueing down from goal distance:    4 into depth [1]
                                   3            [1][2]
                                   2            [1]
                                   1            [1]
                                   0            

ff: found legal plan as follows

step    0: SWITCH_ON INST002-000 SAT002
        1: TURN_TO SAT002 DIR002 DIR003
        2: CALIBRATE SAT002 INST002-000 DIR002
        3: TURN_TO SAT002 DIR003 DIR002
        4: TAKE_IMAGE SAT002 DIR003 INST002-000 MODE001
     

time spent:    0.00 seconds instantiating 64 easy, 0 hard action templates
               0.00 seconds reachability analysis, yielding 43 facts and 64 actions
               0.00 seconds creating final representation with 43 relevant facts
               0.00 seconds building connectivity graph
               0.00 seconds searching, evaluating 7 states, to a max depth of 2
               0.00 seconds total time

