
ff: parsing domain file
domain 'SATELLITE' defined
 ... done.
ff: parsing problem file
problem 'PROBNAME' defined
 ... done.



Cueing down from goal distance:   17 into depth [1]
                                  15            [1]
                                  12            [1][2][3]
                                  11            [1]
                                  10            [1]
                                   9            [1]
                                   8            [1]
                                   7            [1]
                                   6            [1]
                                   5            [1]
                                   4            [1]
                                   3            [1][2]
                                   2            [1]
                                   1            [1]
                                   0            

ff: found legal plan as follows

step    0: TURN_TO SAT000 DIR000 DIR002
        1: TURN_TO SAT004 DIR000 DIR001
        2: SWITCH_ON INST000-002 SAT000
        3: CALIBRATE SAT000 INST000-002 DIR000
        4: TURN_TO SAT000 DIR003 DIR000
        5: TAKE_IMAGE SAT000 DIR003 INST000-002 MODE003
        6: SWITCH_ON INST002-001 SAT002
        7: SWITCH_ON INST004-000 SAT004
        8: CALIBRATE SAT004 INST004-000 DIR000
        9: TURN_TO SAT004 DIR001 DIR000
       10: TAKE_IMAGE SAT004 DIR001 INST004-000 MODE001
       11: TURN_TO SAT004 DIR003 DIR001
       12: TAKE_IMAGE SAT004 DIR003 INST004-000 MODE001
       13: TURN_TO SAT002 DIR003 DIR000
       14: CALIBRATE SAT002 INST002-001 DIR003
       15: TURN_TO SAT002 DIR000 DIR003
       16: TAKE_IMAGE SAT002 DIR000 INST002-001 MODE002
     

time spent:    0.00 seconds instantiating 193 easy, 0 hard action templates
               0.00 seconds reachability analysis, yielding 98 facts and 193 actions
               0.00 seconds creating final representation with 98 relevant facts
               0.00 seconds building connectivity graph
               0.00 seconds searching, evaluating 92 states, to a max depth of 3
               0.00 seconds total time

