
ff: parsing domain file
domain 'SATELLITE' defined
 ... done.
ff: parsing problem file
problem 'PROBNAME' defined
 ... done.



Cueing down from goal distance:   19 into depth [1]
                                  18            [1]
                                  16            [1]
                                  13            [1]
                                  12            [1]
                                  11            [1]
                                  10            [1][2][3]
                                   9            [1]
                                   8            [1][2]
                                   7            [1]
                                   6            [1]
                                   5            [1][2]
                                   4            [1]
                                   3            [1]
                                   2            [1]
                                   1            [1]
                                   0            

ff: found legal plan as follows

step    0: TURN_TO SAT000 DIR001 DIR002
        1: TURN_TO SAT002 DIR002 DIR003
        2: SWITCH_ON INST000-001 SAT000
        3: CALIBRATE SAT000 INST000-001 DIR001
        4: TURN_TO SAT000 DIR004 DIR001
        5: TAKE_IMAGE SAT000 DIR004 INST000-001 MODE002
        6: TURN_TO SAT001 DIR004 DIR002
        7: SWITCH_ON INST001-004 SAT001
        8: CALIBRATE SAT001 INST001-004 DIR004
        9: TAKE_IMAGE SAT001 DIR004 INST001-004 MODE000
       10: TURN_TO SAT001 DIR003 DIR004
       11: TAKE_IMAGE SAT001 DIR003 INST001-004 MODE000
       12: SWITCH_OFF INST001-004 SAT001
       13: SWITCH_ON INST001-000 SAT001
       14: TURN_TO SAT001 DIR002 DIR003
       15: CALIBRATE SAT001 INST001-000 DIR002
       16: TURN_TO SAT001 DIR003 DIR002
       17: TAKE_IMAGE SAT001 DIR003 INST001-000 MODE001
       18: TURN_TO SAT001 DIR004 DIR003
       19: TAKE_IMAGE SAT001 DIR004 INST001-000 MODE001
     

time spent:    0.00 seconds instantiating 180 easy, 0 hard action templates
               0.00 seconds reachability analysis, yielding 69 facts and 180 actions
               0.00 seconds creating final representation with 69 relevant facts
               0.00 seconds building connectivity graph
               0.00 seconds searching, evaluating 48 states, to a max depth of 3
               0.00 seconds total time

