
ff: parsing domain file
domain 'SATELLITE' defined
 ... done.
ff: parsing problem file
problem 'PROBNAME' defined
 ... done.



Cueing down from goal distance:   18 into depth [1]
                                  17            [1]
                                  16            [1]
                                  15            [1]
                                  14            [1]
                                  13            [1]
                                  12            [1][2]
                                  11            [1]
                                  10            [1]
                                   9            [1][2][3]
                                   8            [1][2]
                                   7            [1]
                                   6            [1]
                                   5            [1]
                                   4            [1]
                                   3            [1]
                                   2            [1]
                                   1            [1]
                                   0            

ff: found legal plan as follows

step    0: TURN_TO SAT002 DIR000 DIR003
        1: SWITCH_ON INST000-000 SAT000
        2: SWITCH_ON INST002-000 SAT002
        3: CALIBRATE SAT002 INST002-000 DIR000
        4: TURN_TO SAT002 DIR001 DIR000
        5: TAKE_IMAGE SAT002 DIR001 INST002-000 MODE003
        6: TURN_TO SAT000 DIR001 DIR002
        7: CALIBRATE SAT000 INST000-000 DIR001
        8: TURN_TO SAT000 DIR002 DIR001
        9: TAKE_IMAGE SAT000 DIR002 INST000-000 MODE001
       10: TURN_TO SAT001 DIR002 DIR003
       11: SWITCH_ON INST001-001 SAT001
       12: CALIBRATE SAT001 INST001-001 DIR002
       13: TURN_TO SAT001 DIR000 DIR002
       14: TAKE_IMAGE SAT001 DIR000 INST001-001 MODE004
       15: SWITCH_OFF INST001-001 SAT001
       16: SWITCH_ON INST001-000 SAT001
       17: CALIBRATE SAT001 INST001-000 DIR000
       18: TURN_TO SAT001 DIR002 DIR000
       19: TAKE_IMAGE SAT001 DIR002 INST001-000 MODE000
       20: TURN_TO SAT001 DIR003 DIR002
       21: TAKE_IMAGE SAT001 DIR003 INST001-000 MODE000
     

time spent:    0.00 seconds instantiating 151 easy, 0 hard action templates
               0.00 seconds reachability analysis, yielding 84 facts and 151 actions
               0.00 seconds creating final representation with 84 relevant facts
               0.00 seconds building connectivity graph
               0.00 seconds searching, evaluating 59 states, to a max depth of 3
               0.00 seconds total time

