
ff: parsing domain file
domain 'SATELLITE' defined
 ... done.
ff: parsing problem file
problem 'PROBNAME' defined
 ... done.



Cueing down from goal distance:   14 into depth [1][2][3]
                                  13            [1]
                                  12            [1][2]
                                  11            [1][2]
                                  10            [1]
                                   9            [1][2][3]
                                   8            [1]
                                   7            [1]
                                   6            [1]
                                   5            [1]
                                   4            [1]
                                   3            [1]
                                   2            [1]
                                   1            [1]
                                   0            

ff: found legal plan as follows

step    0: TURN_TO SAT000 DIR001 DIR000
        1: SWITCH_ON INST000-000 SAT000
        2: CALIBRATE SAT000 INST000-000 DIR001
        3: TAKE_IMAGE SAT000 DIR001 INST000-000 MODE000
        4: TURN_TO SAT000 DIR000 DIR001
        5: TAKE_IMAGE SAT000 DIR000 INST000-000 MODE000
        6: TURN_TO SAT000 DIR003 DIR000
        7: TAKE_IMAGE SAT000 DIR003 INST000-000 MODE000
        8: SWITCH_OFF INST000-000 SAT000
        9: TURN_TO SAT000 DIR000 DIR003
       10: SWITCH_ON INST000-001 SAT000
       11: CALIBRATE SAT000 INST000-001 DIR000
       12: TURN_TO SAT000 DIR003 DIR000
       13: TAKE_IMAGE SAT000 DIR003 INST000-001 MODE001
       14: SWITCH_OFF INST000-001 SAT000
       15: TURN_TO SAT000 DIR001 DIR003
       16: SWITCH_ON INST000-002 SAT000
       17: CALIBRATE SAT000 INST000-002 DIR001
       18: TURN_TO SAT000 DIR002 DIR001
       19: TAKE_IMAGE SAT000 DIR002 INST000-002 MODE002
     

time spent:    0.00 seconds instantiating 66 easy, 0 hard action templates
               0.00 seconds reachability analysis, yielding 40 facts and 66 actions
               0.00 seconds creating final representation with 40 relevant facts
               0.00 seconds building connectivity graph
               0.00 seconds searching, evaluating 76 states, to a max depth of 3
               0.00 seconds total time

