
ff: parsing domain file
domain 'SATELLITE' defined
 ... done.
ff: parsing problem file
problem 'PROBNAME' defined
 ... done.



Cueing down from goal distance:   14 into depth [1]
                                  13            [1]
                                  12            [1][2]
                                  11            [1]
                                  10            [1]
                                   9            [1][2][3]
                                   8            [1]
                                   7            [1]
                                   6            [1]
                                   5            [1]
                                   4            [1][2]
                                   3            [1]
                                   2            [1]
                                   1            [1]
                                   0            

ff: found legal plan as follows

step    0: TURN_TO SAT001 DIR002 DIR000
        1: SWITCH_ON INST000-000 SAT000
        2: TURN_TO SAT000 DIR000 DIR001
        3: CALIBRATE SAT000 INST000-000 DIR000
        4: TURN_TO SAT000 DIR001 DIR000
        5: TAKE_IMAGE SAT000 DIR001 INST000-000 MODE003
        6: TURN_TO SAT001 DIR001 DIR002
        7: SWITCH_ON INST001-001 SAT001
        8: CALIBRATE SAT001 INST001-001 DIR001
        9: TAKE_IMAGE SAT001 DIR001 INST001-001 MODE001
       10: SWITCH_OFF INST001-001 SAT001
       11: TURN_TO SAT001 DIR002 DIR001
       12: SWITCH_ON INST001-000 SAT001
       13: TURN_TO SAT001 DIR004 DIR002
       14: CALIBRATE SAT001 INST001-000 DIR004
       15: TAKE_IMAGE SAT001 DIR004 INST001-000 MODE002
       16: TURN_TO SAT001 DIR002 DIR004
       17: TAKE_IMAGE SAT001 DIR002 INST001-000 MODE002
     

time spent:    0.00 seconds instantiating 64 easy, 0 hard action templates
               0.00 seconds reachability analysis, yielding 36 facts and 64 actions
               0.00 seconds creating final representation with 36 relevant facts
               0.00 seconds building connectivity graph
               0.00 seconds searching, evaluating 36 states, to a max depth of 3
               0.00 seconds total time

