
ff: parsing domain file
domain 'SATELLITE' defined
 ... done.
ff: parsing problem file
problem 'PROBNAME' defined
 ... done.



Cueing down from goal distance:   12 into depth [1]
                                  11            [1]
                                   9            [1]
                                   8            [1]
                                   7            [1]
                                   6            [1]
                                   5            [1][2]
                                   4            [1]
                                   3            [1]
                                   2            [1]
                                   1            [1]
                                   0            

ff: found legal plan as follows

step    0: TURN_TO SAT001 DIR000 DIR001
        1: SWITCH_ON INST002-001 SAT002
        2: SWITCH_ON INST001-000 SAT001
        3: CALIBRATE SAT001 INST001-000 DIR000
        4: TURN_TO SAT001 DIR002 DIR000
        5: TAKE_IMAGE SAT001 DIR002 INST001-000 MODE001
        6: TURN_TO SAT002 DIR001 DIR000
        7: CALIBRATE SAT002 INST002-001 DIR001
        8: TURN_TO SAT002 DIR000 DIR001
        9: TAKE_IMAGE SAT002 DIR000 INST002-001 MODE002
       10: TURN_TO SAT002 DIR002 DIR000
       11: TAKE_IMAGE SAT002 DIR002 INST002-001 MODE002
     

time spent:    0.00 seconds instantiating 102 easy, 0 hard action templates
               0.00 seconds reachability analysis, yielding 65 facts and 102 actions
               0.00 seconds creating final representation with 65 relevant facts
               0.00 seconds building connectivity graph
               0.00 seconds searching, evaluating 22 states, to a max depth of 2
               0.00 seconds total time

