
ff: parsing domain file
domain 'SATELLITE' defined
 ... done.
ff: parsing problem file
problem 'PROBNAME' defined
 ... done.



Cueing down from goal distance:    5 into depth [1]
                                   4            [1]
                                   3            [1]
                                   2            [1]
                                   1            [1]
                                   0            

ff: found legal plan as follows

step    0: TURN_TO SAT000 DIR004 DIR005
        1: SWITCH_ON INST000-001 SAT000
        2: CALIBRATE SAT000 INST000-001 DIR004
        3: TURN_TO SAT000 DIR000 DIR004
        4: TAKE_IMAGE SAT000 DIR000 INST000-001 MODE002
     

time spent:    0.00 seconds instantiating 315 easy, 0 hard action templates
               0.00 seconds reachability analysis, yielding 117 facts and 315 actions
               0.00 seconds creating final representation with 117 relevant facts
               0.00 seconds building connectivity graph
               0.00 seconds searching, evaluating 7 states, to a max depth of 1
               0.00 seconds total time

