
ff: parsing domain file
domain 'SATELLITE' defined
 ... done.
ff: parsing problem file
problem 'PROBNAME' defined
 ... done.



Cueing down from goal distance:   12 into depth [1]
                                  11            [1]
                                  10            [1]
                                   9            [1]
                                   8            [1]
                                   7            [1][2][3]
                                   6            [1][2]
                                   5            [1]
                                   4            [1]
                                   3            [1][2]
                                   2            [1]
                                   1            [1]
                                   0            

ff: found legal plan as follows

step    0: SWITCH_ON INST001-000 SAT001
        1: CALIBRATE SAT001 INST001-000 DIR000
        2: TAKE_IMAGE SAT001 DIR000 INST001-000 MODE000
        3: TURN_TO SAT001 DIR001 DIR000
        4: TAKE_IMAGE SAT001 DIR001 INST001-000 MODE000
        5: TURN_TO SAT000 DIR000 DIR001
        6: SWITCH_ON INST000-001 SAT000
        7: CALIBRATE SAT000 INST000-001 DIR000
        8: TURN_TO SAT000 DIR001 DIR000
        9: TAKE_IMAGE SAT000 DIR001 INST000-001 MODE001
       10: SWITCH_OFF INST000-001 SAT000
       11: SWITCH_ON INST000-000 SAT000
       12: TURN_TO SAT000 DIR000 DIR001
       13: CALIBRATE SAT000 INST000-000 DIR000
       14: TURN_TO SAT000 DIR001 DIR000
       15: TAKE_IMAGE SAT000 DIR001 INST000-000 MODE002
     

time spent:    0.00 seconds instantiating 30 easy, 0 hard action templates
               0.00 seconds reachability analysis, yielding 26 facts and 30 actions
               0.00 seconds creating final representation with 26 relevant facts
               0.00 seconds building connectivity graph
               0.00 seconds searching, evaluating 32 states, to a max depth of 3
               0.00 seconds total time

