
ff: parsing domain file
domain 'SATELLITE' defined
 ... done.
ff: parsing problem file
problem 'PROBNAME' defined
 ... done.



Cueing down from goal distance:   14 into depth [1][2]
                                  13            [1]
                                  12            [1]
                                  11            [1]
                                  10            [1]
                                   9            [1]
                                   8            [1][2]
                                   7            [1]
                                   6            [1]
                                   5            [1]
                                   4            [1][2]
                                   3            [1]
                                   2            [1]
                                   1            [1]
                                   0            

ff: found legal plan as follows

step    0: SWITCH_ON INST000-000 SAT000
        1: TURN_TO SAT003 DIR000 DIR002
        2: SWITCH_ON INST002-002 SAT002
        3: CALIBRATE SAT002 INST002-002 DIR003
        4: TURN_TO SAT002 DIR001 DIR003
        5: TAKE_IMAGE SAT002 DIR001 INST002-002 MODE003
        6: SWITCH_ON INST003-000 SAT003
        7: TURN_TO SAT000 DIR002 DIR004
        8: CALIBRATE SAT000 INST000-000 DIR002
        9: TAKE_IMAGE SAT000 DIR002 INST000-000 MODE001
       10: TURN_TO SAT000 DIR004 DIR002
       11: TAKE_IMAGE SAT000 DIR004 INST000-000 MODE001
       12: TURN_TO SAT003 DIR004 DIR000
       13: CALIBRATE SAT003 INST003-000 DIR004
       14: TAKE_IMAGE SAT003 DIR004 INST003-000 MODE004
       15: TURN_TO SAT003 DIR000 DIR004
       16: TAKE_IMAGE SAT003 DIR000 INST003-000 MODE004
     

time spent:    0.00 seconds instantiating 297 easy, 0 hard action templates
               0.00 seconds reachability analysis, yielding 111 facts and 297 actions
               0.00 seconds creating final representation with 111 relevant facts
               0.00 seconds building connectivity graph
               0.00 seconds searching, evaluating 45 states, to a max depth of 2
               0.00 seconds total time

