
ff: parsing domain file
domain 'SATELLITE' defined
 ... done.
ff: parsing problem file
problem 'PROBNAME' defined
 ... done.



Cueing down from goal distance:   14 into depth [1]
                                  13            [1]
                                  12            [1][2]
                                  11            [1]
                                  10            [1]
                                   9            [1]
                                   8            [1][2]
                                   7            [1]
                                   6            [1]
                                   5            [1]
                                   4            [1][2]
                                   3            [1]
                                   2            [1]
                                   1            [1]
                                   0            

ff: found legal plan as follows

step    0: SWITCH_ON INST000-002 SAT000
        1: TURN_TO SAT001 DIR002 DIR001
        2: TURN_TO SAT000 DIR002 DIR001
        3: CALIBRATE SAT000 INST000-002 DIR002
        4: TAKE_IMAGE SAT000 DIR002 INST000-002 MODE002
        5: TURN_TO SAT000 DIR001 DIR002
        6: TAKE_IMAGE SAT000 DIR001 INST000-002 MODE002
        7: SWITCH_ON INST001-001 SAT001
        8: SWITCH_ON INST002-001 SAT002
        9: CALIBRATE SAT002 INST002-001 DIR001
       10: TURN_TO SAT002 DIR000 DIR001
       11: TAKE_IMAGE SAT002 DIR000 INST002-001 MODE000
       12: TURN_TO SAT001 DIR000 DIR002
       13: CALIBRATE SAT001 INST001-001 DIR000
       14: TAKE_IMAGE SAT001 DIR000 INST001-001 MODE001
       15: TURN_TO SAT001 DIR002 DIR000
       16: TAKE_IMAGE SAT001 DIR002 INST001-001 MODE001
     

time spent:    0.00 seconds instantiating 120 easy, 0 hard action templates
               0.00 seconds reachability analysis, yielding 63 facts and 120 actions
               0.00 seconds creating final representation with 63 relevant facts
               0.00 seconds building connectivity graph
               0.00 seconds searching, evaluating 34 states, to a max depth of 2
               0.00 seconds total time

