
ff: parsing domain file
domain 'SATELLITE' defined
 ... done.
ff: parsing problem file
problem 'PROBNAME' defined
 ... done.



Cueing down from goal distance:   14 into depth [1]
                                  13            [1]
                                  11            [1]
                                  10            [1]
                                   9            [1]
                                   8            [1]
                                   7            [1]
                                   6            [1]
                                   5            [1]
                                   4            [1]
                                   3            [1][2]
                                   2            [1]
                                   1            [1]
                                   0            

ff: found legal plan as follows

step    0: TURN_TO SAT000 DIR000 DIR002
        1: SWITCH_ON INST003-000 SAT003
        2: CALIBRATE SAT003 INST003-000 DIR001
        3: TAKE_IMAGE SAT003 DIR001 INST003-000 MODE002
        4: TURN_TO SAT003 DIR002 DIR001
        5: TAKE_IMAGE SAT003 DIR002 INST003-000 MODE002
        6: SWITCH_ON INST000-001 SAT000
        7: CALIBRATE SAT000 INST000-001 DIR000
        8: TAKE_IMAGE SAT000 DIR000 INST000-001 MODE000
        9: SWITCH_ON INST001-000 SAT001
       10: TURN_TO SAT001 DIR000 DIR002
       11: CALIBRATE SAT001 INST001-000 DIR000
       12: TURN_TO SAT001 DIR002 DIR000
       13: TAKE_IMAGE SAT001 DIR002 INST001-000 MODE001
     

time spent:    0.00 seconds instantiating 156 easy, 0 hard action templates
               0.00 seconds reachability analysis, yielding 93 facts and 156 actions
               0.00 seconds creating final representation with 93 relevant facts
               0.00 seconds building connectivity graph
               0.00 seconds searching, evaluating 21 states, to a max depth of 2
               0.00 seconds total time

