
ff: parsing domain file
domain 'SATELLITE' defined
 ... done.
ff: parsing problem file
problem 'PROBNAME' defined
 ... done.



Cueing down from goal distance:   16 into depth [1]
                                  15            [1]
                                  14            [1]
                                  13            [1]
                                  12            [1]
                                  11            [1]
                                  10            [1][2]
                                   9            [1]
                                   8            [1]
                                   7            [1]
                                   6            [1][2]
                                   5            [1]
                                   4            [1]
                                   3            [1]
                                   2            [1]
                                   1            [1]
                                   0            

ff: found legal plan as follows

step    0: TURN_TO SAT001 DIR000 DIR001
        1: TURN_TO SAT002 DIR002 DIR000
        2: SWITCH_ON INST000-000 SAT000
        3: CALIBRATE SAT000 INST000-000 DIR002
        4: TURN_TO SAT000 DIR001 DIR002
        5: TAKE_IMAGE SAT000 DIR001 INST000-000 MODE000
        6: SWITCH_ON INST002-000 SAT002
        7: SWITCH_ON INST001-000 SAT001
        8: CALIBRATE SAT001 INST001-000 DIR000
        9: TURN_TO SAT001 DIR002 DIR000
       10: TAKE_IMAGE SAT001 DIR002 INST001-000 MODE001
       11: TURN_TO SAT002 DIR001 DIR002
       12: CALIBRATE SAT002 INST002-000 DIR001
       13: TAKE_IMAGE SAT002 DIR001 INST002-000 MODE002
       14: TURN_TO SAT002 DIR002 DIR001
       15: TAKE_IMAGE SAT002 DIR002 INST002-000 MODE002
       16: TURN_TO SAT002 DIR000 DIR002
       17: TAKE_IMAGE SAT002 DIR000 INST002-000 MODE002
     

time spent:    0.00 seconds instantiating 54 easy, 0 hard action templates
               0.00 seconds reachability analysis, yielding 42 facts and 54 actions
               0.00 seconds creating final representation with 42 relevant facts
               0.00 seconds building connectivity graph
               0.00 seconds searching, evaluating 36 states, to a max depth of 2
               0.00 seconds total time

