
ff: parsing domain file
domain 'SATELLITE' defined
 ... done.
ff: parsing problem file
problem 'PROBNAME' defined
 ... done.



Cueing down from goal distance:   16 into depth [1][2]
                                  15            [1]
                                  14            [1]
                                  13            [1][2][3]
                                  12            [1]
                                  11            [1]
                                  10            [1][2][3]
                                   9            [1]
                                   8            [1]
                                   7            [1]
                                   6            [1][2]
                                   5            [1]
                                   4            [1]
                                   3            [1][2]
                                   2            [1]
                                   1            [1]
                                   0            

ff: found legal plan as follows

step    0: SWITCH_ON INST000-003 SAT000
        1: CALIBRATE SAT000 INST000-003 DIR002
        2: TURN_TO SAT000 DIR000 DIR002
        3: TAKE_IMAGE SAT000 DIR000 INST000-003 MODE003
        4: TURN_TO SAT001 DIR002 DIR001
        5: SWITCH_ON INST001-000 SAT001
        6: SWITCH_OFF INST000-003 SAT000
        7: CALIBRATE SAT001 INST001-000 DIR002
        8: TAKE_IMAGE SAT001 DIR002 INST001-000 MODE001
        9: TURN_TO SAT000 DIR001 DIR000
       10: SWITCH_ON INST000-001 SAT000
       11: CALIBRATE SAT000 INST000-001 DIR001
       12: TURN_TO SAT000 DIR000 DIR001
       13: TAKE_IMAGE SAT000 DIR000 INST000-001 MODE000
       14: TURN_TO SAT000 DIR002 DIR000
       15: TURN_TO SAT000 DIR003 DIR002
       16: TAKE_IMAGE SAT000 DIR003 INST000-001 MODE000
       17: SWITCH_OFF INST000-001 SAT000
       18: SWITCH_ON INST000-000 SAT000
       19: TURN_TO SAT000 DIR002 DIR003
       20: CALIBRATE SAT000 INST000-000 DIR002
       21: TURN_TO SAT000 DIR003 DIR002
       22: TAKE_IMAGE SAT000 DIR003 INST000-000 MODE002
     

time spent:    0.00 seconds instantiating 87 easy, 0 hard action templates
               0.00 seconds reachability analysis, yielding 53 facts and 87 actions
               0.00 seconds creating final representation with 53 relevant facts
               0.00 seconds building connectivity graph
               0.00 seconds searching, evaluating 86 states, to a max depth of 3
               0.00 seconds total time

