
ff: parsing domain file
domain 'SATELLITE' defined
 ... done.
ff: parsing problem file
problem 'PROBNAME' defined
 ... done.



Cueing down from goal distance:   12 into depth [1]
                                   9            [1][2]
                                   8            [1]
                                   7            [1]
                                   6            [1]
                                   5            [1][2]
                                   4            [1]
                                   3            [1]
                                   2            [1]
                                   1            [1]
                                   0            

ff: found legal plan as follows

step    0: TURN_TO SAT000 DIR001 DIR002
        1: TURN_TO SAT000 DIR000 DIR001
        2: SWITCH_ON INST000-000 SAT000
        3: CALIBRATE SAT000 INST000-000 DIR000
        4: TAKE_IMAGE SAT000 DIR000 INST000-000 MODE002
        5: SWITCH_ON INST001-002 SAT001
        6: TURN_TO SAT001 DIR000 DIR001
        7: CALIBRATE SAT001 INST001-002 DIR000
        8: TURN_TO SAT001 DIR002 DIR000
        9: TAKE_IMAGE SAT001 DIR002 INST001-002 MODE001
       10: TURN_TO SAT001 DIR001 DIR002
       11: TAKE_IMAGE SAT001 DIR001 INST001-002 MODE001
     

time spent:    0.00 seconds instantiating 84 easy, 0 hard action templates
               0.00 seconds reachability analysis, yielding 60 facts and 84 actions
               0.00 seconds creating final representation with 60 relevant facts
               0.00 seconds building connectivity graph
               0.00 seconds searching, evaluating 26 states, to a max depth of 2
               0.00 seconds total time

