
ff: parsing domain file
domain 'SATELLITE' defined
 ... done.
ff: parsing problem file
problem 'PROBNAME' defined
 ... done.



Cueing down from goal distance:   11 into depth [1]
                                  10            [1]
                                   9            [1]
                                   8            [1][2][3]
                                   7            [1]
                                   6            [1]
                                   5            [1]
                                   4            [1]
                                   3            [1]
                                   2            [1]
                                   1            [1]
                                   0            

ff: found legal plan as follows

step    0: SWITCH_ON INST002-000 SAT002
        1: CALIBRATE SAT002 INST002-000 DIR001
        2: TAKE_IMAGE SAT002 DIR001 INST002-000 MODE000
        3: TURN_TO SAT000 DIR002 DIR000
        4: SWITCH_ON INST000-001 SAT000
        5: TURN_TO SAT001 DIR001 DIR002
        6: CALIBRATE SAT000 INST000-001 DIR002
        7: TURN_TO SAT000 DIR001 DIR002
        8: TAKE_IMAGE SAT000 DIR001 INST000-001 MODE002
        9: SWITCH_ON INST001-001 SAT001
       10: CALIBRATE SAT001 INST001-001 DIR001
       11: TURN_TO SAT001 DIR000 DIR001
       12: TAKE_IMAGE SAT001 DIR000 INST001-001 MODE001
     

time spent:    0.00 seconds instantiating 60 easy, 0 hard action templates
               0.00 seconds reachability analysis, yielding 42 facts and 60 actions
               0.00 seconds creating final representation with 42 relevant facts
               0.00 seconds building connectivity graph
               0.00 seconds searching, evaluating 28 states, to a max depth of 3
               0.00 seconds total time

