
ff: parsing domain file
domain 'SATELLITE' defined
 ... done.
ff: parsing problem file
problem 'PROBNAME' defined
 ... done.



Cueing down from goal distance:   12 into depth [1][2]
                                  11            [1]
                                  10            [1]
                                   9            [1]
                                   8            [1][2][3]
                                   7            [1]
                                   6            [1]
                                   5            [1]
                                   4            [1][2]
                                   3            [1]
                                   2            [1]
                                   1            [1]
                                   0            

ff: found legal plan as follows

step    0: SWITCH_ON INST000-000 SAT000
        1: CALIBRATE SAT000 INST000-000 DIR000
        2: TURN_TO SAT000 DIR001 DIR000
        3: TAKE_IMAGE SAT000 DIR001 INST000-000 MODE002
        4: TURN_TO SAT001 DIR002 DIR000
        5: SWITCH_ON INST001-001 SAT001
        6: SWITCH_OFF INST000-000 SAT000
        7: CALIBRATE SAT001 INST001-001 DIR002
        8: TURN_TO SAT001 DIR001 DIR002
        9: TAKE_IMAGE SAT001 DIR001 INST001-001 MODE001
       10: SWITCH_ON INST000-002 SAT000
       11: TURN_TO SAT000 DIR002 DIR001
       12: CALIBRATE SAT000 INST000-002 DIR002
       13: TAKE_IMAGE SAT000 DIR002 INST000-002 MODE000
       14: TURN_TO SAT000 DIR001 DIR002
       15: TAKE_IMAGE SAT000 DIR001 INST000-002 MODE000
     

time spent:    0.00 seconds instantiating 54 easy, 0 hard action templates
               0.00 seconds reachability analysis, yielding 38 facts and 54 actions
               0.00 seconds creating final representation with 38 relevant facts
               0.00 seconds building connectivity graph
               0.00 seconds searching, evaluating 41 states, to a max depth of 3
               0.00 seconds total time

