
ff: parsing domain file
domain 'SATELLITE' defined
 ... done.
ff: parsing problem file
problem 'PROBNAME' defined
 ... done.



Cueing down from goal distance:   18 into depth [1]
                                  17            [1]
                                  16            [1][2]
                                  15            [1]
                                  14            [1]
                                  13            [1][2]
                                  12            [1]
                                  11            [1]
                                  10            [1]
                                   9            [1]
                                   8            [1][2]
                                   7            [1]
                                   6            [1]
                                   5            [1]
                                   4            [1]
                                   3            [1][2]
                                   2            [1]
                                   1            [1]
                                   0            

ff: found legal plan as follows

step    0: TURN_TO SAT001 DIR002 DIR004
        1: SWITCH_ON INST000-000 SAT000
        2: TURN_TO SAT000 DIR001 DIR000
        3: CALIBRATE SAT000 INST000-000 DIR001
        4: TURN_TO SAT000 DIR000 DIR001
        5: TAKE_IMAGE SAT000 DIR000 INST000-000 MODE001
        6: SWITCH_ON INST001-000 SAT001
        7: SWITCH_ON INST002-001 SAT002
        8: CALIBRATE SAT002 INST002-001 DIR002
        9: TURN_TO SAT002 DIR003 DIR002
       10: TAKE_IMAGE SAT002 DIR003 INST002-001 MODE003
       11: SWITCH_ON INST003-000 SAT003
       12: TURN_TO SAT001 DIR001 DIR002
       13: CALIBRATE SAT001 INST001-000 DIR001
       14: TURN_TO SAT001 DIR004 DIR001
       15: TAKE_IMAGE SAT001 DIR004 INST001-000 MODE000
       16: TURN_TO SAT001 DIR002 DIR004
       17: TAKE_IMAGE SAT001 DIR002 INST001-000 MODE000
       18: TURN_TO SAT003 DIR003 DIR002
       19: CALIBRATE SAT003 INST003-000 DIR003
       20: TURN_TO SAT003 DIR002 DIR003
       21: TAKE_IMAGE SAT003 DIR002 INST003-000 MODE002
     

time spent:    0.00 seconds instantiating 196 easy, 0 hard action templates
               0.00 seconds reachability analysis, yielding 91 facts and 196 actions
               0.00 seconds creating final representation with 91 relevant facts
               0.00 seconds building connectivity graph
               0.00 seconds searching, evaluating 79 states, to a max depth of 2
               0.00 seconds total time

