
ff: parsing domain file
domain 'SATELLITE' defined
 ... done.
ff: parsing problem file
problem 'PROBNAME' defined
 ... done.



Cueing down from goal distance:   14 into depth [1]
                                  13            [1]
                                  12            [1]
                                  11            [1]
                                  10            [1]
                                   9            [1][2][3]
                                   8            [1][2]
                                   7            [1]
                                   6            [1]
                                   5            [1][2]
                                   4            [1]
                                   3            [1]
                                   2            [1]
                                   1            [1]
                                   0            

ff: found legal plan as follows

step    0: TURN_TO SAT001 DIR002 DIR000
        1: SWITCH_ON INST001-000 SAT001
        2: CALIBRATE SAT001 INST001-000 DIR002
        3: TURN_TO SAT001 DIR003 DIR002
        4: TAKE_IMAGE SAT001 DIR003 INST001-000 MODE000
        5: TURN_TO SAT000 DIR001 DIR003
        6: SWITCH_ON INST000-002 SAT000
        7: CALIBRATE SAT000 INST000-002 DIR001
        8: TURN_TO SAT000 DIR003 DIR001
        9: TAKE_IMAGE SAT000 DIR003 INST000-002 MODE003
       10: SWITCH_OFF INST000-002 SAT000
       11: SWITCH_ON INST000-001 SAT000
       12: TURN_TO SAT000 DIR001 DIR003
       13: CALIBRATE SAT000 INST000-001 DIR001
       14: TURN_TO SAT000 DIR000 DIR001
       15: TAKE_IMAGE SAT000 DIR000 INST000-001 MODE002
       16: TURN_TO SAT000 DIR003 DIR000
       17: TAKE_IMAGE SAT000 DIR003 INST000-001 MODE002
     

time spent:    0.00 seconds instantiating 80 easy, 0 hard action templates
               0.00 seconds reachability analysis, yielding 50 facts and 80 actions
               0.00 seconds creating final representation with 50 relevant facts
               0.00 seconds building connectivity graph
               0.00 seconds searching, evaluating 40 states, to a max depth of 3
               0.00 seconds total time

