
ff: parsing domain file
domain 'SATELLITE' defined
 ... done.
ff: parsing problem file
problem 'PROBNAME' defined
 ... done.



Cueing down from goal distance:    7 into depth [1]
                                   6            [1]
                                   5            [1]
                                   4            [1]
                                   3            [1]
                                   2            [1]
                                   1            [1]
                                   0            

ff: found legal plan as follows

step    0: SWITCH_ON INST000-003 SAT000
        1: TURN_TO SAT000 DIR002 DIR001
        2: CALIBRATE SAT000 INST000-003 DIR002
        3: TAKE_IMAGE SAT000 DIR002 INST000-003 MODE002
        4: SWITCH_ON INST002-001 SAT002
        5: CALIBRATE SAT002 INST002-001 DIR002
        6: TAKE_IMAGE SAT002 DIR002 INST002-001 MODE000
     

time spent:    0.00 seconds instantiating 156 easy, 0 hard action templates
               0.00 seconds reachability analysis, yielding 95 facts and 156 actions
               0.00 seconds creating final representation with 95 relevant facts
               0.00 seconds building connectivity graph
               0.00 seconds searching, evaluating 9 states, to a max depth of 1
               0.00 seconds total time

