
ff: parsing domain file
domain 'SATELLITE' defined
 ... done.
ff: parsing problem file
problem 'PROBNAME' defined
 ... done.



Cueing down from goal distance:   21 into depth [1]
                                  19            [1]
                                  15            [1]
                                  13            [1][2][3]
                                  12            [1]
                                  11            [1]
                                  10            [1]
                                   9            [1]
                                   8            [1]
                                   7            [1]
                                   6            [1][2]
                                   5            [1]
                                   4            [1]
                                   3            [1]
                                   2            [1]
                                   1            [1]
                                   0            

ff: found legal plan as follows

step    0: TURN_TO SAT004 DIR003 DIR004
        1: TURN_TO SAT000 DIR002 DIR000
        2: TURN_TO SAT004 DIR001 DIR003
        3: SWITCH_ON INST000-001 SAT000
        4: CALIBRATE SAT000 INST000-001 DIR002
        5: SWITCH_ON INST005-002 SAT005
        6: TURN_TO SAT000 DIR004 DIR002
        7: TAKE_IMAGE SAT000 DIR004 INST000-001 MODE002
        8: TURN_TO SAT001 DIR004 DIR001
        9: SWITCH_ON INST001-004 SAT001
       10: CALIBRATE SAT001 INST001-004 DIR004
       11: TAKE_IMAGE SAT001 DIR004 INST001-004 MODE000
       12: TURN_TO SAT005 DIR004 DIR002
       13: CALIBRATE SAT005 INST005-002 DIR004
       14: TAKE_IMAGE SAT005 DIR004 INST005-002 MODE003
       15: TURN_TO SAT005 DIR002 DIR004
       16: TAKE_IMAGE SAT005 DIR002 INST005-002 MODE003
       17: TURN_TO SAT005 DIR003 DIR002
       18: TAKE_IMAGE SAT005 DIR003 INST005-002 MODE003
     

time spent:    0.00 seconds instantiating 320 easy, 0 hard action templates
               0.00 seconds reachability analysis, yielding 131 facts and 320 actions
               0.00 seconds creating final representation with 131 relevant facts
               0.00 seconds building connectivity graph
               0.01 seconds searching, evaluating 133 states, to a max depth of 3
               0.01 seconds total time

