
ff: parsing domain file
domain 'SATELLITE' defined
 ... done.
ff: parsing problem file
problem 'PROBNAME' defined
 ... done.



Cueing down from goal distance:   18 into depth [1]
                                  15            [1]
                                  14            [1][2]
                                  13            [1]
                                  12            [1]
                                  11            [1]
                                  10            [1]
                                   9            [1][2]
                                   8            [1]
                                   7            [1]
                                   6            [1]
                                   5            [1]
                                   4            [1]
                                   3            [1]
                                   2            [1]
                                   1            [1]
                                   0            

ff: found legal plan as follows

step    0: TURN_TO SAT003 DIR000 DIR001
        1: SWITCH_ON INST000-000 SAT000
        2: TURN_TO SAT000 DIR000 DIR001
        3: CALIBRATE SAT000 INST000-000 DIR000
        4: TURN_TO SAT000 DIR001 DIR000
        5: TAKE_IMAGE SAT000 DIR001 INST000-000 MODE001
        6: TURN_TO SAT000 DIR003 DIR001
        7: TAKE_IMAGE SAT000 DIR003 INST000-000 MODE001
        8: TURN_TO SAT001 DIR001 DIR000
        9: SWITCH_ON INST001-000 SAT001
       10: CALIBRATE SAT001 INST001-000 DIR001
       11: TAKE_IMAGE SAT001 DIR001 INST001-000 MODE000
       12: TURN_TO SAT002 DIR003 DIR000
       13: SWITCH_ON INST002-000 SAT002
       14: CALIBRATE SAT002 INST002-000 DIR003
       15: TAKE_IMAGE SAT002 DIR003 INST002-000 MODE002
       16: TURN_TO SAT002 DIR001 DIR003
       17: TAKE_IMAGE SAT002 DIR001 INST002-000 MODE002
     

time spent:    0.00 seconds instantiating 153 easy, 0 hard action templates
               0.00 seconds reachability analysis, yielding 77 facts and 153 actions
               0.00 seconds creating final representation with 77 relevant facts
               0.00 seconds building connectivity graph
               0.00 seconds searching, evaluating 36 states, to a max depth of 2
               0.00 seconds total time

