
ff: parsing domain file
domain 'SATELLITE' defined
 ... done.
ff: parsing problem file
problem 'PROBNAME' defined
 ... done.



Cueing down from goal distance:    8 into depth [1][2]
                                   7            [1]
                                   6            [1]
                                   5            [1]
                                   4            [1]
                                   3            [1][2]
                                   2            [1]
                                   1            [1]
                                   0            

ff: found legal plan as follows

step    0: SWITCH_ON INST000-002 SAT000
        1: TURN_TO SAT001 DIR004 DIR002
        2: SWITCH_ON INST001-000 SAT001
        3: CALIBRATE SAT001 INST001-000 DIR004
        4: TURN_TO SAT001 DIR001 DIR004
        5: TAKE_IMAGE SAT001 DIR001 INST001-000 MODE000
        6: TURN_TO SAT000 DIR001 DIR003
        7: CALIBRATE SAT000 INST000-002 DIR001
        8: TURN_TO SAT000 DIR003 DIR001
        9: TAKE_IMAGE SAT000 DIR003 INST000-002 MODE001
     

time spent:    0.00 seconds instantiating 88 easy, 0 hard action templates
               0.00 seconds reachability analysis, yielding 45 facts and 88 actions
               0.00 seconds creating final representation with 45 relevant facts
               0.00 seconds building connectivity graph
               0.00 seconds searching, evaluating 22 states, to a max depth of 2
               0.00 seconds total time

