
ff: parsing domain file
domain 'SATELLITE' defined
 ... done.
ff: parsing problem file
problem 'PROBNAME' defined
 ... done.



Cueing down from goal distance:   12 into depth [1]
                                  11            [1]
                                  10            [1]
                                   9            [1]
                                   8            [1]
                                   7            [1]
                                   6            [1]
                                   5            [1]
                                   4            [1]
                                   3            [1][2]
                                   2            [1]
                                   1            [1]
                                   0            

ff: found legal plan as follows

step    0: SWITCH_ON INST000-002 SAT000
        1: TURN_TO SAT001 DIR001 DIR002
        2: CALIBRATE SAT000 INST000-002 DIR002
        3: TAKE_IMAGE SAT000 DIR002 INST000-002 MODE000
        4: SWITCH_ON INST004-001 SAT004
        5: SWITCH_ON INST001-001 SAT001
        6: CALIBRATE SAT001 INST001-001 DIR001
        7: TURN_TO SAT001 DIR003 DIR001
        8: TAKE_IMAGE SAT001 DIR003 INST001-001 MODE002
        9: TURN_TO SAT004 DIR003 DIR001
       10: CALIBRATE SAT004 INST004-001 DIR003
       11: TURN_TO SAT004 DIR001 DIR003
       12: TAKE_IMAGE SAT004 DIR001 INST004-001 MODE001
     

time spent:    0.00 seconds instantiating 151 easy, 0 hard action templates
               0.00 seconds reachability analysis, yielding 76 facts and 151 actions
               0.00 seconds creating final representation with 76 relevant facts
               0.00 seconds building connectivity graph
               0.00 seconds searching, evaluating 25 states, to a max depth of 2
               0.00 seconds total time

