
ff: parsing domain file
domain 'SATELLITE' defined
 ... done.
ff: parsing problem file
problem 'PROBNAME' defined
 ... done.



Cueing down from goal distance:   13 into depth [1]
                                  12            [1]
                                  11            [1]
                                  10            [1][2]
                                   9            [1]
                                   8            [1]
                                   7            [1][2]
                                   6            [1]
                                   5            [1]
                                   4            [1][2]
                                   3            [1]
                                   2            [1]
                                   1            [1]
                                   0            

ff: found legal plan as follows

step    0: SWITCH_ON INST000-000 SAT000
        1: SWITCH_ON INST002-002 SAT002
        2: SWITCH_ON INST001-000 SAT001
        3: TURN_TO SAT002 DIR000 DIR001
        4: CALIBRATE SAT002 INST002-002 DIR000
        5: TURN_TO SAT002 DIR001 DIR000
        6: TAKE_IMAGE SAT002 DIR001 INST002-002 MODE001
        7: TURN_TO SAT001 DIR002 DIR000
        8: CALIBRATE SAT001 INST001-000 DIR002
        9: TURN_TO SAT001 DIR000 DIR002
       10: TAKE_IMAGE SAT001 DIR000 INST001-000 MODE003
       11: TURN_TO SAT000 DIR000 DIR002
       12: CALIBRATE SAT000 INST000-000 DIR000
       13: TAKE_IMAGE SAT000 DIR000 INST000-000 MODE000
       14: TURN_TO SAT000 DIR002 DIR000
       15: TAKE_IMAGE SAT000 DIR002 INST000-000 MODE000
     

time spent:    0.00 seconds instantiating 66 easy, 0 hard action templates
               0.00 seconds reachability analysis, yielding 48 facts and 66 actions
               0.00 seconds creating final representation with 48 relevant facts
               0.00 seconds building connectivity graph
               0.00 seconds searching, evaluating 31 states, to a max depth of 2
               0.00 seconds total time

