
ff: parsing domain file
domain 'SATELLITE' defined
 ... done.
ff: parsing problem file
problem 'PROBNAME' defined
 ... done.



Cueing down from goal distance:   16 into depth [1]
                                  15            [1]
                                  13            [1]
                                  12            [1]
                                  11            [1][2]
                                  10            [1]
                                   9            [1]
                                   8            [1][2]
                                   7            [1]
                                   6            [1]
                                   5            [1][2]
                                   4            [1]
                                   3            [1]
                                   2            [1]
                                   1            [1]
                                   0            

ff: found legal plan as follows

step    0: SWITCH_ON INST002-001 SAT002
        1: TURN_TO SAT003 DIR002 DIR000
        2: SWITCH_ON INST003-002 SAT003
        3: SWITCH_ON INST000-003 SAT000
        4: TURN_TO SAT003 DIR000 DIR002
        5: CALIBRATE SAT003 INST003-002 DIR000
        6: TURN_TO SAT003 DIR002 DIR000
        7: TAKE_IMAGE SAT003 DIR002 INST003-002 MODE001
        8: TURN_TO SAT002 DIR001 DIR000
        9: CALIBRATE SAT002 INST002-001 DIR001
       10: TURN_TO SAT002 DIR000 DIR001
       11: TAKE_IMAGE SAT002 DIR000 INST002-001 MODE003
       12: TURN_TO SAT000 DIR001 DIR003
       13: CALIBRATE SAT000 INST000-003 DIR001
       14: TURN_TO SAT000 DIR003 DIR001
       15: TAKE_IMAGE SAT000 DIR003 INST000-003 MODE002
       16: TURN_TO SAT000 DIR000 DIR003
       17: TAKE_IMAGE SAT000 DIR000 INST000-003 MODE002
     

time spent:    0.00 seconds instantiating 255 easy, 0 hard action templates
               0.00 seconds reachability analysis, yielding 103 facts and 255 actions
               0.00 seconds creating final representation with 103 relevant facts
               0.00 seconds building connectivity graph
               0.00 seconds searching, evaluating 46 states, to a max depth of 2
               0.00 seconds total time

