
Plan found!
	( !SWITCH_ON INST001-001 - INSTRUMENT SAT001 - SATELLITE )
	( !TURN_TO SAT001 - SATELLITE DIR008 - DIRECTION DIR006 - DIRECTION )
	( !CALIBRATE SAT001 - SATELLITE INST001-001 - INSTRUMENT DIR008 - DIRECTION )
	( !TURN_TO SAT001 - SATELLITE DIR004 - DIRECTION DIR008 - DIRECTION )
	( !TAKE_IMAGE SAT001 - SATELLITE DIR004 - DIRECTION INST001-001 - INSTRUMENT MODE001 - MODE )
	( !SWITCH_ON INST005-002 - INSTRUMENT SAT005 - SATELLITE )
	( !TURN_TO SAT005 - SATELLITE DIR001 - DIRECTION DIR007 - DIRECTION )
	( !CALIBRATE SAT005 - SATELLITE INST005-002 - INSTRUMENT DIR001 - DIRECTION )
	( !TURN_TO SAT005 - SATELLITE DIR005 - DIRECTION DIR001 - DIRECTION )
	( !TAKE_IMAGE SAT005 - SATELLITE DIR005 - DIRECTION INST005-002 - INSTRUMENT MODE002 - MODE )
	( !SWITCH_ON INST003-004 - INSTRUMENT SAT003 - SATELLITE )
	( !TURN_TO SAT003 - SATELLITE DIR004 - DIRECTION DIR005 - DIRECTION )
	( !CALIBRATE SAT003 - SATELLITE INST003-004 - INSTRUMENT DIR004 - DIRECTION )
	( !TURN_TO SAT003 - SATELLITE DIR007 - DIRECTION DIR004 - DIRECTION )
	( !TAKE_IMAGE SAT003 - SATELLITE DIR007 - DIRECTION INST003-004 - INSTRUMENT MODE000 - MODE )
	( !TURN_TO SAT003 - SATELLITE DIR008 - DIRECTION DIR007 - DIRECTION )
	( !TAKE_IMAGE SAT003 - SATELLITE DIR008 - DIRECTION INST003-004 - INSTRUMENT MODE000 - MODE )
	( !TURN_TO SAT005 - SATELLITE DIR008 - DIRECTION DIR005 - DIRECTION )
	( !TAKE_IMAGE SAT005 - SATELLITE DIR008 - DIRECTION INST005-002 - INSTRUMENT MODE002 - MODE )
