
Plan found!
	( !SWITCH_ON INST005-004 - INSTRUMENT SAT005 - SATELLITE )
	( !TURN_TO SAT005 - SATELLITE DIR000 - DIRECTION DIR003 - DIRECTION )
	( !CALIBRATE SAT005 - SATELLITE INST005-004 - INSTRUMENT DIR000 - DIRECTION )
	( !TURN_TO SAT005 - SATELLITE DIR007 - DIRECTION DIR000 - DIRECTION )
	( !TAKE_IMAGE SAT005 - SATELLITE DIR007 - DIRECTION INST005-004 - INSTRUMENT MODE001 - MODE )
	( !SWITCH_ON INST004-000 - INSTRUMENT SAT004 - SATELLITE )
	( !TURN_TO SAT004 - SATELLITE DIR001 - DIRECTION DIR004 - DIRECTION )
	( !CALIBRATE SAT004 - SATELLITE INST004-000 - INSTRUMENT DIR001 - DIRECTION )
	( !TURN_TO SAT004 - SATELLITE DIR003 - DIRECTION DIR001 - DIRECTION )
	( !TAKE_IMAGE SAT004 - SATELLITE DIR003 - DIRECTION INST004-000 - INSTRUMENT MODE000 - MODE )
	( !TURN_TO SAT004 - SATELLITE DIR000 - DIRECTION DIR003 - DIRECTION )
	( !TAKE_IMAGE SAT004 - SATELLITE DIR000 - DIRECTION INST004-000 - INSTRUMENT MODE000 - MODE )
	( !SWITCH_ON INST002-000 - INSTRUMENT SAT002 - SATELLITE )
	( !TURN_TO SAT002 - SATELLITE DIR002 - DIRECTION DIR005 - DIRECTION )
	( !CALIBRATE SAT002 - SATELLITE INST002-000 - INSTRUMENT DIR002 - DIRECTION )
	( !TURN_TO SAT002 - SATELLITE DIR003 - DIRECTION DIR002 - DIRECTION )
	( !TAKE_IMAGE SAT002 - SATELLITE DIR003 - DIRECTION INST002-000 - INSTRUMENT MODE002 - MODE )
	( !TURN_TO SAT002 - SATELLITE DIR005 - DIRECTION DIR003 - DIRECTION )
	( !TAKE_IMAGE SAT002 - SATELLITE DIR005 - DIRECTION INST002-000 - INSTRUMENT MODE002 - MODE )
