
Plan found!
	( !SWITCH_ON INST004-000 - INSTRUMENT SAT004 - SATELLITE )
	( !TURN_TO SAT004 - SATELLITE DIR010 - DIRECTION DIR006 - DIRECTION )
	( !CALIBRATE SAT004 - SATELLITE INST004-000 - INSTRUMENT DIR010 - DIRECTION )
	( !TURN_TO SAT004 - SATELLITE DIR006 - DIRECTION DIR010 - DIRECTION )
	( !TAKE_IMAGE SAT004 - SATELLITE DIR006 - DIRECTION INST004-000 - INSTRUMENT MODE004 - MODE )
	( !SWITCH_ON INST002-004 - INSTRUMENT SAT002 - SATELLITE )
	( !TURN_TO SAT002 - SATELLITE DIR013 - DIRECTION DIR000 - DIRECTION )
	( !CALIBRATE SAT002 - SATELLITE INST002-004 - INSTRUMENT DIR013 - DIRECTION )
	( !TURN_TO SAT002 - SATELLITE DIR000 - DIRECTION DIR013 - DIRECTION )
	( !TAKE_IMAGE SAT002 - SATELLITE DIR000 - DIRECTION INST002-004 - INSTRUMENT MODE001 - MODE )
	( !SWITCH_ON INST001-000 - INSTRUMENT SAT001 - SATELLITE )
	( !TURN_TO SAT001 - SATELLITE DIR004 - DIRECTION DIR013 - DIRECTION )
	( !CALIBRATE SAT001 - SATELLITE INST001-000 - INSTRUMENT DIR004 - DIRECTION )
	( !TURN_TO SAT001 - SATELLITE DIR000 - DIRECTION DIR004 - DIRECTION )
	( !TAKE_IMAGE SAT001 - SATELLITE DIR000 - DIRECTION INST001-000 - INSTRUMENT MODE003 - MODE )
	( !SWITCH_ON INST003-003 - INSTRUMENT SAT003 - SATELLITE )
	( !TURN_TO SAT003 - SATELLITE DIR005 - DIRECTION DIR006 - DIRECTION )
	( !CALIBRATE SAT003 - SATELLITE INST003-003 - INSTRUMENT DIR005 - DIRECTION )
	( !TURN_TO SAT003 - SATELLITE DIR004 - DIRECTION DIR005 - DIRECTION )
	( !TAKE_IMAGE SAT003 - SATELLITE DIR004 - DIRECTION INST003-003 - INSTRUMENT MODE000 - MODE )
	( !TURN_TO SAT004 - SATELLITE DIR007 - DIRECTION DIR006 - DIRECTION )
	( !TAKE_IMAGE SAT004 - SATELLITE DIR007 - DIRECTION INST004-000 - INSTRUMENT MODE004 - MODE )
