#
# (C) Copyright 2008, University of Illinois, Urbana-Champaign
#
# All rights reserved. Use of this software is permitted ONLY for
# non-commercial research purposes, and it may be copied only
# for that use only. All copies must include this copyright message.
# This software is made available AS IS, and neither the authors
# nor the University of Illinois, make any warranty about the
# software or its performance.
#

Parsing domain file
 domain 'SATELLITE' defined
Parsing problem file
 problem 'PROBNAME' defined



checking for cyclic := effects --- OK.






Solution found.

; Time 0.06
; ParsingTime 0.00
; NrActions 7
; MakeSpan
; MetricValue

	 0.00100:  (SWITCH_ON INST003-001 SAT003)[1.00000]
	 1.00200:  (TURN_TO SAT003 DIR001 DIR000)[1.00000]
	 2.00300:  (CALIBRATE SAT003 INST003-001 DIR001)[1.00000]
	 3.00400:  (TURN_TO SAT003 DIR000 DIR001)[1.00000]
	 4.00500:  (TAKE_IMAGE SAT003 DIR000 INST003-001 MODE001)[1.00000]
	 5.00600:  (TURN_TO SAT003 DIR001 DIR000)[1.00000]
	 6.00700:  (TAKE_IMAGE SAT003 DIR001 INST003-001 MODE001)[1.00000]
