#
# (C) Copyright 2008, University of Illinois, Urbana-Champaign
#
# All rights reserved. Use of this software is permitted ONLY for
# non-commercial research purposes, and it may be copied only
# for that use only. All copies must include this copyright message.
# This software is made available AS IS, and neither the authors
# nor the University of Illinois, make any warranty about the
# software or its performance.
#

Parsing domain file
 domain 'SATELLITE' defined
Parsing problem file
 problem 'PROBNAME' defined



checking for cyclic := effects --- OK.












Solution found.

; Time 0.11
; ParsingTime 0.00
; NrActions 16
; MakeSpan
; MetricValue

	 0.00100:  (SWITCH_ON INST000-000 SAT000)[1.00000]
	 1.00200:  (CALIBRATE SAT000 INST000-000 DIR002)[1.00000]
	 2.00300:  (TURN_TO SAT000 DIR000 DIR002)[1.00000]
	 3.00400:  (TAKE_IMAGE SAT000 DIR000 INST000-000 MODE001)[1.00000]
	 4.00500:  (TURN_TO SAT001 DIR003 DIR002)[1.00000]
	 5.00600:  (SWITCH_ON INST001-000 SAT001)[1.00000]
	 6.00700:  (CALIBRATE SAT001 INST001-000 DIR003)[1.00000]
	 7.00800:  (TURN_TO SAT001 DIR001 DIR003)[1.00000]
	 8.00900:  (TAKE_IMAGE SAT001 DIR001 INST001-000 MODE002)[1.00000]
	 9.01000:  (TURN_TO SAT001 DIR003 DIR001)[1.00000]
	 10.01100:  (TAKE_IMAGE SAT001 DIR003 INST001-000 MODE002)[1.00000]
	 11.01200:  (SWITCH_ON INST002-002 SAT002)[1.00000]
	 12.01300:  (CALIBRATE SAT002 INST002-002 DIR003)[1.00000]
	 13.01400:  (TAKE_IMAGE SAT002 DIR003 INST002-002 MODE003)[1.00000]
	 14.01500:  (TURN_TO SAT002 DIR000 DIR003)[1.00000]
	 15.01600:  (TAKE_IMAGE SAT002 DIR000 INST002-002 MODE003)[1.00000]
