#
# (C) Copyright 2008, University of Illinois, Urbana-Champaign
#
# All rights reserved. Use of this software is permitted ONLY for
# non-commercial research purposes, and it may be copied only
# for that use only. All copies must include this copyright message.
# This software is made available AS IS, and neither the authors
# nor the University of Illinois, make any warranty about the
# software or its performance.
#

Parsing domain file
 domain 'SATELLITE' defined
Parsing problem file
 problem 'PROBNAME' defined



checking for cyclic := effects --- OK.










Solution found.

; Time 0.10
; ParsingTime 0.00
; NrActions 12
; MakeSpan
; MetricValue

	 0.00100:  (SWITCH_ON INST002-003 SAT002)[1.00000]
	 1.00200:  (CALIBRATE SAT002 INST002-003 DIR001)[1.00000]
	 2.00300:  (TAKE_IMAGE SAT002 DIR001 INST002-003 MODE002)[1.00000]
	 3.00400:  (TURN_TO SAT000 DIR007 DIR002)[1.00000]
	 4.00500:  (SWITCH_ON INST000-000 SAT000)[1.00000]
	 5.00600:  (CALIBRATE SAT000 INST000-000 DIR007)[1.00000]
	 6.00700:  (TURN_TO SAT000 DIR009 DIR007)[1.00000]
	 7.00800:  (TAKE_IMAGE SAT000 DIR009 INST000-000 MODE000)[1.00000]
	 8.00900:  (TURN_TO SAT002 DIR005 DIR001)[1.00000]
	 9.01000:  (TAKE_IMAGE SAT002 DIR005 INST002-003 MODE002)[1.00000]
	 10.01100:  (TURN_TO SAT000 DIR000 DIR009)[1.00000]
	 11.01200:  (TAKE_IMAGE SAT000 DIR000 INST000-000 MODE000)[1.00000]
