#
# (C) Copyright 2008, University of Illinois, Urbana-Champaign
#
# All rights reserved. Use of this software is permitted ONLY for
# non-commercial research purposes, and it may be copied only
# for that use only. All copies must include this copyright message.
# This software is made available AS IS, and neither the authors
# nor the University of Illinois, make any warranty about the
# software or its performance.
#

Parsing domain file
 domain 'SATELLITE' defined
Parsing problem file
 problem 'PROBNAME' defined



checking for cyclic := effects --- OK.












Solution found.

; Time 0.11
; ParsingTime 0.00
; NrActions 28
; MakeSpan
; MetricValue

	 0.00100:  (TURN_TO SAT000 DIR007 DIR009)[1.00000]
	 1.00200:  (SWITCH_ON INST000-000 SAT000)[1.00000]
	 2.00300:  (CALIBRATE SAT000 INST000-000 DIR007)[1.00000]
	 3.00400:  (TURN_TO SAT000 DIR008 DIR007)[1.00000]
	 4.00500:  (TAKE_IMAGE SAT000 DIR008 INST000-000 MODE003)[1.00000]
	 5.00600:  (SWITCH_OFF INST000-000 SAT000)[1.00000]
	 6.00700:  (TURN_TO SAT000 DIR002 DIR008)[1.00000]
	 7.00800:  (SWITCH_ON INST000-003 SAT000)[1.00000]
	 8.00900:  (CALIBRATE SAT000 INST000-003 DIR002)[1.00000]
	 9.01000:  (TURN_TO SAT000 DIR000 DIR002)[1.00000]
	 10.01100:  (TAKE_IMAGE SAT000 DIR000 INST000-003 MODE001)[1.00000]
	 11.01200:  (TURN_TO SAT001 DIR000 DIR003)[1.00000]
	 12.01300:  (SWITCH_ON INST001-000 SAT001)[1.00000]
	 13.01400:  (CALIBRATE SAT001 INST001-000 DIR000)[1.00000]
	 14.01500:  (TURN_TO SAT001 DIR008 DIR000)[1.00000]
	 15.01600:  (TAKE_IMAGE SAT001 DIR008 INST001-000 MODE000)[1.00000]
	 16.01700:  (SWITCH_OFF INST000-003 SAT000)[1.00000]
	 17.01800:  (TURN_TO SAT000 DIR007 DIR000)[1.00000]
	 18.01900:  (SWITCH_ON INST000-000 SAT000)[1.00000]
	 19.02000:  (CALIBRATE SAT000 INST000-000 DIR007)[1.00000]
	 20.02100:  (TAKE_IMAGE SAT000 DIR007 INST000-000 MODE003)[1.00000]
	 21.02200:  (SWITCH_OFF INST000-000 SAT000)[1.00000]
	 22.02300:  (TURN_TO SAT000 DIR005 DIR007)[1.00000]
	 23.02400:  (SWITCH_ON INST000-003 SAT000)[1.00000]
	 24.02500:  (TURN_TO SAT000 DIR002 DIR005)[1.00000]
	 25.02600:  (CALIBRATE SAT000 INST000-003 DIR002)[1.00000]
	 26.02700:  (TURN_TO SAT000 DIR005 DIR002)[1.00000]
	 27.02800:  (TAKE_IMAGE SAT000 DIR005 INST000-003 MODE001)[1.00000]
