#
# (C) Copyright 2008, University of Illinois, Urbana-Champaign
#
# All rights reserved. Use of this software is permitted ONLY for
# non-commercial research purposes, and it may be copied only
# for that use only. All copies must include this copyright message.
# This software is made available AS IS, and neither the authors
# nor the University of Illinois, make any warranty about the
# software or its performance.
#

Parsing domain file
 domain 'SATELLITE' defined
Parsing problem file
 problem 'PROBNAME' defined



checking for cyclic := effects --- OK.












Solution found.

; Time 0.09
; ParsingTime 0.00
; NrActions 19
; MakeSpan
; MetricValue

	 0.00100:  (TURN_TO SAT000 DIR004 DIR000)[1.00000]
	 1.00200:  (SWITCH_ON INST000-002 SAT000)[1.00000]
	 2.00300:  (CALIBRATE SAT000 INST000-002 DIR004)[1.00000]
	 3.00400:  (TURN_TO SAT000 DIR002 DIR004)[1.00000]
	 4.00500:  (TAKE_IMAGE SAT000 DIR002 INST000-002 MODE001)[1.00000]
	 5.00600:  (TURN_TO SAT000 DIR006 DIR002)[1.00000]
	 6.00700:  (TAKE_IMAGE SAT000 DIR006 INST000-002 MODE001)[1.00000]
	 7.00800:  (TURN_TO SAT002 DIR009 DIR000)[1.00000]
	 8.00900:  (SWITCH_ON INST002-002 SAT002)[1.00000]
	 9.01000:  (CALIBRATE SAT002 INST002-002 DIR009)[1.00000]
	 10.01100:  (TURN_TO SAT002 DIR002 DIR009)[1.00000]
	 11.01200:  (TAKE_IMAGE SAT002 DIR002 INST002-002 MODE000)[1.00000]
	 12.01300:  (TURN_TO SAT003 DIR005 DIR007)[1.00000]
	 13.01400:  (SWITCH_ON INST003-001 SAT003)[1.00000]
	 14.01500:  (CALIBRATE SAT003 INST003-001 DIR005)[1.00000]
	 15.01600:  (TURN_TO SAT003 DIR001 DIR005)[1.00000]
	 16.01700:  (TAKE_IMAGE SAT003 DIR001 INST003-001 MODE002)[1.00000]
	 17.01800:  (TURN_TO SAT003 DIR003 DIR001)[1.00000]
	 18.01900:  (TAKE_IMAGE SAT003 DIR003 INST003-001 MODE002)[1.00000]
