#
# (C) Copyright 2008, University of Illinois, Urbana-Champaign
#
# All rights reserved. Use of this software is permitted ONLY for
# non-commercial research purposes, and it may be copied only
# for that use only. All copies must include this copyright message.
# This software is made available AS IS, and neither the authors
# nor the University of Illinois, make any warranty about the
# software or its performance.
#

Parsing domain file
 domain 'SATELLITE' defined
Parsing problem file
 problem 'PROBNAME' defined



checking for cyclic := effects --- OK.












Solution found.

; Time 0.13
; ParsingTime 0.00
; NrActions 22
; MakeSpan
; MetricValue

	 0.00100:  (TURN_TO SAT001 DIR002 DIR013)[1.00000]
	 1.00200:  (SWITCH_ON INST001-001 SAT001)[1.00000]
	 2.00300:  (CALIBRATE SAT001 INST001-001 DIR002)[1.00000]
	 3.00400:  (TURN_TO SAT001 DIR007 DIR002)[1.00000]
	 4.00500:  (TAKE_IMAGE SAT001 DIR007 INST001-001 MODE004)[1.00000]
	 5.00600:  (TURN_TO SAT000 DIR013 DIR001)[1.00000]
	 6.00700:  (SWITCH_ON INST000-000 SAT000)[1.00000]
	 7.00800:  (CALIBRATE SAT000 INST000-000 DIR013)[1.00000]
	 8.00900:  (TURN_TO SAT000 DIR004 DIR013)[1.00000]
	 9.01000:  (TAKE_IMAGE SAT000 DIR004 INST000-000 MODE000)[1.00000]
	 10.01100:  (SWITCH_ON INST002-003 SAT002)[1.00000]
	 11.01200:  (TURN_TO SAT002 DIR001 DIR000)[1.00000]
	 12.01300:  (CALIBRATE SAT002 INST002-003 DIR001)[1.00000]
	 13.01400:  (TURN_TO SAT002 DIR000 DIR001)[1.00000]
	 14.01500:  (TAKE_IMAGE SAT002 DIR000 INST002-003 MODE003)[1.00000]
	 15.01600:  (TURN_TO SAT004 DIR005 DIR006)[1.00000]
	 16.01700:  (SWITCH_ON INST004-003 SAT004)[1.00000]
	 17.01800:  (CALIBRATE SAT004 INST004-003 DIR005)[1.00000]
	 18.01900:  (TURN_TO SAT004 DIR000 DIR005)[1.00000]
	 19.02000:  (TAKE_IMAGE SAT004 DIR000 INST004-003 MODE001)[1.00000]
	 20.02100:  (TURN_TO SAT001 DIR006 DIR007)[1.00000]
	 21.02200:  (TAKE_IMAGE SAT001 DIR006 INST001-001 MODE004)[1.00000]
