#
# (C) Copyright 2008, University of Illinois, Urbana-Champaign
#
# All rights reserved. Use of this software is permitted ONLY for
# non-commercial research purposes, and it may be copied only
# for that use only. All copies must include this copyright message.
# This software is made available AS IS, and neither the authors
# nor the University of Illinois, make any warranty about the
# software or its performance.
#

Parsing domain file
 domain 'SATELLITE' defined
Parsing problem file
 problem 'PROBNAME' defined



checking for cyclic := effects --- OK.








Solution found.

; Time 0.18
; ParsingTime 0.00
; NrActions 12
; MakeSpan
; MetricValue

	 0.00100:  (TURN_TO SAT000 DIR018 DIR016)[1.00000]
	 1.00200:  (SWITCH_ON INST000-001 SAT000)[1.00000]
	 2.00300:  (CALIBRATE SAT000 INST000-001 DIR018)[1.00000]
	 3.00400:  (TURN_TO SAT000 DIR014 DIR018)[1.00000]
	 4.00500:  (TAKE_IMAGE SAT000 DIR014 INST000-001 MODE003)[1.00000]
	 5.00600:  (TURN_TO SAT000 DIR021 DIR014)[1.00000]
	 6.00700:  (TAKE_IMAGE SAT000 DIR021 INST000-001 MODE003)[1.00000]
	 7.00800:  (TURN_TO SAT001 DIR005 DIR002)[1.00000]
	 8.00900:  (SWITCH_ON INST001-001 SAT001)[1.00000]
	 9.01000:  (CALIBRATE SAT001 INST001-001 DIR005)[1.00000]
	 10.01100:  (TURN_TO SAT001 DIR006 DIR005)[1.00000]
	 11.01200:  (TAKE_IMAGE SAT001 DIR006 INST001-001 MODE001)[1.00000]
