#
# (C) Copyright 2008, University of Illinois, Urbana-Champaign
#
# All rights reserved. Use of this software is permitted ONLY for
# non-commercial research purposes, and it may be copied only
# for that use only. All copies must include this copyright message.
# This software is made available AS IS, and neither the authors
# nor the University of Illinois, make any warranty about the
# software or its performance.
#

Parsing domain file
 domain 'SATELLITE' defined
Parsing problem file
 problem 'PROBNAME' defined



checking for cyclic := effects --- OK.






Solution found.

; Time 0.18
; ParsingTime 0.00
; NrActions 8
; MakeSpan
; MetricValue

	 0.00100:  (TURN_TO SAT000 DIR019 DIR004)[1.00000]
	 1.00200:  (SWITCH_ON INST000-003 SAT000)[1.00000]
	 2.00300:  (CALIBRATE SAT000 INST000-003 DIR019)[1.00000]
	 3.00400:  (TURN_TO SAT000 DIR011 DIR019)[1.00000]
	 4.00500:  (TAKE_IMAGE SAT000 DIR011 INST000-003 MODE002)[1.00000]
	 5.00600:  (SWITCH_ON INST005-000 SAT005)[1.00000]
	 6.00700:  (CALIBRATE SAT005 INST005-000 DIR012)[1.00000]
	 7.00800:  (TAKE_IMAGE SAT005 DIR012 INST005-000 MODE001)[1.00000]
