
ff: parsing domain file
domain 'BLOCKS4' defined
 ... done.
ff: parsing problem file
problem 'PROBNAME' defined
 ... done.



Cueing down from goal distance:    3 into depth [1][2]
                                   2            [1]
                                   1            [1]
                                   0            

Cueing down from goal distance:    2 into depth [1]
                                   1            [1]
                                   0            

Cueing down from goal distance:    3 into depth [1][2]
                                   2            [1]
                                   1            [1]
                                   0            

Cueing down from goal distance:    4 into depth [1]

Enforced Hill-climbing failed !
switching to Best-first Search now.

advancing to distance :   15
                          14
                          13
                          12
                          11
                          10
                           9
                           8
                           7
                           6
                           4
                           3
                           2
                           1
                           0

ff: found legal plan as follows

step    0: UNSTACK B005 B001
        1: PUTDOWN B005
        2: UNSTACK B002 B003
        3: PUTDOWN B002
        4: UNSTACK B003 B000
        5: PUTDOWN B003
        6: PICKUP B002
        7: STACK B002 B003
        8: UNSTACK B000 B007
        9: STACK B000 B002
       10: UNSTACK B007 B004
       11: STACK B007 B006
       12: UNSTACK B001 B009
       13: STACK B001 B000
       14: PICKUP B009
       15: STACK B009 B004
       16: PICKUP B008
       17: STACK B008 B007
     

time spent:    0.00 seconds instantiating 220 easy, 0 hard action templates
               0.00 seconds reachability analysis, yielding 131 facts and 220 actions
               0.00 seconds creating final representation with 131 relevant facts
               0.00 seconds building connectivity graph
               0.04 seconds searching, evaluating 808 states, to a max depth of 2
               0.04 seconds total time

