
ff: parsing domain file
domain 'BLOCKS4' defined
 ... done.
ff: parsing problem file
problem 'PROBNAME' defined
 ... done.



Cueing down from goal distance:    2 into depth [1]
                                   1            [1]
                                   0            

Cueing down from goal distance:    5 into depth [1]

Enforced Hill-climbing failed !
switching to Best-first Search now.

advancing to distance :   11
                          10
                           9
                           7
                           6
                           5
                           4
                           3
                           2
                           0

ff: found legal plan as follows

step    0: UNSTACK B004 B005
        1: PUTDOWN B004
        2: UNSTACK B001 B006
        3: PUTDOWN B001
        4: UNSTACK B006 B002
        5: STACK B006 B005
        6: UNSTACK B002 B003
        7: PUTDOWN B002
        8: UNSTACK B003 B000
        9: PUTDOWN B003
       10: PICKUP B000
       11: STACK B000 B004
       12: PICKUP B001
       13: STACK B001 B000
       14: PICKUP B002
       15: STACK B002 B003
     

time spent:    0.00 seconds instantiating 112 easy, 0 hard action templates
               0.00 seconds reachability analysis, yielding 71 facts and 112 actions
               0.00 seconds creating final representation with 71 relevant facts
               0.00 seconds building connectivity graph
               0.01 seconds searching, evaluating 87 states, to a max depth of 1
               0.01 seconds total time

