
ff: parsing domain file
domain 'BLOCKS4' defined
 ... done.
ff: parsing problem file
problem 'PROBNAME' defined
 ... done.



Cueing down from goal distance:    5 into depth [1]
                                   4            [1]
                                   3            [1][2]
                                   2            [1]
                                   1            [1]
                                   0            

Cueing down from goal distance:    4 into depth [1][2]
                                   3            [1][2]
                                   2            [1]
                                   1            [1]
                                   0            

Cueing down from goal distance:    4 into depth [1]
                                   3            [1]
                                   2            [1]
                                   1            [1]
                                   0            

Cueing down from goal distance:    2 into depth [1]
                                   1            [1]
                                   0            

Cueing down from goal distance:    2 into depth [1]
                                   1            [1]
                                   0            

ff: found legal plan as follows

step    0: UNSTACK B007 B005
        1: PUTDOWN B007
        2: UNSTACK B006 B002
        3: STACK B006 B004
        4: PICKUP B001
        5: STACK B001 B002
        6: UNSTACK B005 B003
        7: STACK B005 B000
        8: UNSTACK B006 B004
        9: STACK B006 B001
       10: UNSTACK B003 B008
       11: STACK B003 B004
       12: UNSTACK B006 B001
       13: STACK B006 B007
       14: PICKUP B008
       15: STACK B008 B001
       16: UNSTACK B005 B000
       17: STACK B005 B003
       18: PICKUP B000
       19: STACK B000 B008
     

time spent:    0.00 seconds instantiating 180 easy, 0 hard action templates
               0.00 seconds reachability analysis, yielding 109 facts and 180 actions
               0.00 seconds creating final representation with 109 relevant facts
               0.00 seconds building connectivity graph
               0.00 seconds searching, evaluating 52 states, to a max depth of 2
               0.00 seconds total time

