
ff: parsing domain file
domain 'BLOCKS4' defined
 ... done.
ff: parsing problem file
problem 'PROBNAME' defined
 ... done.



Cueing down from goal distance:    4 into depth [1][2]
                                   3            [1][2]
                                   2            [1]
                                   1            [1]
                                   0            

Cueing down from goal distance:    4 into depth [1][2]
                                   3            [1][2]
                                   2            [1]
                                   1            [1]
                                   0            

Cueing down from goal distance:    2 into depth [1]
                                   1            [1]
                                   0            

Cueing down from goal distance:    3 into depth [1][2]
                                   2            [1]
                                   1            [1]
                                   0            

Cueing down from goal distance:    3 into depth [1][2]
                                   2            [1]
                                   1            [1]
                                   0            

Cueing down from goal distance:    2 into depth [1]
                                   1            [1]
                                   0            

Cueing down from goal distance:    2 into depth [1]
                                   1            [1]
                                   0            

ff: found legal plan as follows

step    0: UNSTACK B001 B000
        1: STACK B001 B002
        2: UNSTACK B000 B004
        3: STACK B000 B005
        4: UNSTACK B004 B006
        5: PUTDOWN B004
        6: UNSTACK B000 B005
        7: STACK B000 B001
        8: UNSTACK B005 B003
        9: STACK B005 B000
       10: PICKUP B003
       11: STACK B003 B004
       12: UNSTACK B005 B000
       13: PUTDOWN B005
       14: UNSTACK B000 B001
       15: STACK B000 B005
       16: UNSTACK B001 B002
       17: STACK B001 B003
       18: UNSTACK B000 B005
       19: STACK B000 B002
       20: PICKUP B006
       21: STACK B006 B005
       22: UNSTACK B000 B002
       23: STACK B000 B001
       24: PICKUP B002
       25: STACK B002 B000
     

time spent:    0.00 seconds instantiating 112 easy, 0 hard action templates
               0.00 seconds reachability analysis, yielding 71 facts and 112 actions
               0.00 seconds creating final representation with 71 relevant facts
               0.00 seconds building connectivity graph
               0.00 seconds searching, evaluating 38 states, to a max depth of 2
               0.00 seconds total time

