
ff: parsing domain file
domain 'BLOCKS4' defined
 ... done.
ff: parsing problem file
problem 'PROBNAME' defined
 ... done.



Cueing down from goal distance:    2 into depth [1]
                                   1            [1]
                                   0            

Cueing down from goal distance:    2 into depth [1]
                                   1            [1]
                                   0            

Cueing down from goal distance:    2 into depth [1]
                                   1            [1]
                                   0            

Cueing down from goal distance:    7 into depth [1][2]

Enforced Hill-climbing failed !
switching to Best-first Search now.

advancing to distance :   14
                          13
                          12
                          11
                          10
                           9
                           8
                           6
                           4
                           2
                           1
                           0

ff: found legal plan as follows

step    0: UNSTACK B009 B005
        1: PUTDOWN B009
        2: UNSTACK B005 B006
        3: PUTDOWN B005
        4: UNSTACK B007 B004
        5: STACK B007 B009
        6: UNSTACK B004 B003
        7: STACK B004 B005
        8: UNSTACK B003 B000
        9: STACK B003 B002
       10: UNSTACK B000 B001
       11: STACK B000 B007
       12: PICKUP B006
       13: STACK B006 B001
     

time spent:    0.00 seconds instantiating 220 easy, 0 hard action templates
               0.00 seconds reachability analysis, yielding 131 facts and 220 actions
               0.00 seconds creating final representation with 131 relevant facts
               0.00 seconds building connectivity graph
               0.00 seconds searching, evaluating 94 states, to a max depth of 2
               0.00 seconds total time

