
ff: parsing domain file
domain 'BLOCKS4' defined
 ... done.
ff: parsing problem file
problem 'PROBNAME' defined
 ... done.



Cueing down from goal distance:    4 into depth [1]
                                   3            [1]
                                   2            [1]
                                   1            [1]
                                   0            

Cueing down from goal distance:    2 into depth [1]
                                   1            [1]
                                   0            

Cueing down from goal distance:    6 into depth [1]
                                   5            [1]
                                   4            [1]

Enforced Hill-climbing failed !
switching to Best-first Search now.

advancing to distance :   18
                          17
                          16
                          15
                          14
                          13
                          12
                          11
                          10
                           8
                           7
                           6
                           5
                           4
                           3
                           2
                           0

ff: found legal plan as follows

step    0: UNSTACK B006 B007
        1: PUTDOWN B006
        2: UNSTACK B003 B005
        3: PUTDOWN B003
        4: UNSTACK B002 B000
        5: PUTDOWN B002
        6: PICKUP B008
        7: STACK B008 B006
        8: UNSTACK B007 B004
        9: STACK B007 B008
       10: UNSTACK B004 B001
       11: PUTDOWN B004
       12: PICKUP B001
       13: STACK B001 B002
       14: PICKUP B000
       15: STACK B000 B001
       16: PICKUP B005
       17: STACK B005 B003
     

time spent:    0.00 seconds instantiating 180 easy, 0 hard action templates
               0.00 seconds reachability analysis, yielding 109 facts and 180 actions
               0.00 seconds creating final representation with 109 relevant facts
               0.00 seconds building connectivity graph
               0.00 seconds searching, evaluating 115 states, to a max depth of 1
               0.00 seconds total time

