
ff: parsing domain file
domain 'BLOCKS4' defined
 ... done.
ff: parsing problem file
problem 'PROBNAME' defined
 ... done.



Cueing down from goal distance:    5 into depth [1][2]
                                   4            [1][2][3]

Enforced Hill-climbing failed !
switching to Best-first Search now.

advancing to distance :    9
                           7
                           6
                           5
                           4
                           3
                           2
                           0

ff: found legal plan as follows

step    0: UNSTACK B006 B000
        1: STACK B006 B003
        2: UNSTACK B000 B001
        3: PUTDOWN B000
        4: UNSTACK B005 B002
        5: PUTDOWN B005
        6: PICKUP B002
        7: STACK B002 B001
        8: PICKUP B005
        9: STACK B005 B002
       10: PICKUP B004
       11: STACK B004 B005
     

time spent:    0.00 seconds instantiating 144 easy, 0 hard action templates
               0.00 seconds reachability analysis, yielding 89 facts and 144 actions
               0.00 seconds creating final representation with 89 relevant facts
               0.00 seconds building connectivity graph
               0.00 seconds searching, evaluating 138 states, to a max depth of 3
               0.00 seconds total time

