
ff: parsing domain file
domain 'BLOCKS4' defined
 ... done.
ff: parsing problem file
problem 'PROBNAME' defined
 ... done.



Cueing down from goal distance:    2 into depth [1]
                                   1            [1]
                                   0            

Cueing down from goal distance:    2 into depth [1]
                                   1            [1]
                                   0            

Cueing down from goal distance:    6 into depth [1]
                                   5            [1]
                                   4            [1][2][3]

Enforced Hill-climbing failed !
switching to Best-first Search now.

advancing to distance :   15
                          14
                          13
                          12
                          11
                          10
                           9
                           8
                           7
                           6
                           5
                           3
                           2
                           0

ff: found legal plan as follows

step    0: UNSTACK B004 B002
        1: PUTDOWN B004
        2: UNSTACK B006 B007
        3: STACK B006 B004
        4: UNSTACK B007 B000
        5: PUTDOWN B007
        6: UNSTACK B008 B001
        7: STACK B008 B006
        8: UNSTACK B000 B003
        9: PUTDOWN B000
       10: PICKUP B001
       11: STACK B001 B003
       12: PICKUP B000
       13: STACK B000 B001
       14: UNSTACK B002 B005
       15: PUTDOWN B002
       16: PICKUP B005
       17: STACK B005 B008
       18: PICKUP B002
       19: STACK B002 B005
     

time spent:    0.00 seconds instantiating 180 easy, 0 hard action templates
               0.00 seconds reachability analysis, yielding 109 facts and 180 actions
               0.00 seconds creating final representation with 109 relevant facts
               0.00 seconds building connectivity graph
               0.00 seconds searching, evaluating 114 states, to a max depth of 3
               0.00 seconds total time

