
ff: parsing domain file
domain 'BLOCKS4' defined
 ... done.
ff: parsing problem file
problem 'PROBNAME' defined
 ... done.



Cueing down from goal distance:    2 into depth [1]
                                   1            [1]
                                   0            

Cueing down from goal distance:    2 into depth [1]
                                   1            [1]
                                   0            

Cueing down from goal distance:    2 into depth [1]
                                   1            [1]
                                   0            

Cueing down from goal distance:    2 into depth [1]
                                   1            [1]
                                   0            

Cueing down from goal distance:    2 into depth [1]
                                   1            [1]
                                   0            

Cueing down from goal distance:    2 into depth [1]
                                   1            [1]
                                   0            

Cueing down from goal distance:    2 into depth [1]
                                   1            [1]
                                   0            

Cueing down from goal distance:    3 into depth [1]

Enforced Hill-climbing failed !
switching to Best-first Search now.

advancing to distance :   18
                          17
                          16
                          15
                          14
                          13
                          12
                          11
                          10
                           9
                           8
                           7
                           6
                           5
                           4
                           2
                           1
                           0

ff: found legal plan as follows

step    0: UNSTACK B003 B005
        1: PUTDOWN B003
        2: UNSTACK B005 B001
        3: PUTDOWN B005
        4: UNSTACK B002 B000
        5: STACK B002 B005
        6: PICKUP B001
        7: STACK B001 B002
        8: UNSTACK B004 B006
        9: STACK B004 B003
       10: PICKUP B007
       11: STACK B007 B004
       12: PICKUP B000
       13: STACK B000 B007
       14: UNSTACK B006 B008
       15: STACK B006 B000
       16: PICKUP B008
       17: STACK B008 B001
     

time spent:    0.00 seconds instantiating 180 easy, 0 hard action templates
               0.00 seconds reachability analysis, yielding 109 facts and 180 actions
               0.00 seconds creating final representation with 109 relevant facts
               0.00 seconds building connectivity graph
               0.00 seconds searching, evaluating 107 states, to a max depth of 1
               0.00 seconds total time

