
ff: parsing domain file
domain 'BLOCKS4' defined
 ... done.
ff: parsing problem file
problem 'PROBNAME' defined
 ... done.



Cueing down from goal distance:    2 into depth [1]
                                   1            [1]
                                   0            

Cueing down from goal distance:    3 into depth [1]

Enforced Hill-climbing failed !
switching to Best-first Search now.

advancing to distance :    8
                           7
                           6
                           4
                           2
                           1
                           0

ff: found legal plan as follows

step    0: UNSTACK B000 B003
        1: STACK B000 B006
        2: UNSTACK B001 B002
        3: STACK B001 B000
        4: UNSTACK B002 B004
        5: STACK B002 B003
        6: UNSTACK B004 B005
        7: PUTDOWN B004
     

time spent:    0.00 seconds instantiating 112 easy, 0 hard action templates
               0.00 seconds reachability analysis, yielding 71 facts and 112 actions
               0.00 seconds creating final representation with 71 relevant facts
               0.00 seconds building connectivity graph
               0.00 seconds searching, evaluating 29 states, to a max depth of 1
               0.00 seconds total time

