
ff: parsing domain file
domain 'BLOCKS4' defined
 ... done.
ff: parsing problem file
problem 'PROBNAME' defined
 ... done.



Cueing down from goal distance:    3 into depth [1][2]
                                   2            [1]
                                   1            [1]
                                   0            

Cueing down from goal distance:    6 into depth [1]
                                   5            [1]
                                   4            [1]

Enforced Hill-climbing failed !
switching to Best-first Search now.

advancing to distance :   10
                           9
                           7
                           5
                           4
                           3
                           2
                           1
                           0

ff: found legal plan as follows

step    0: PICKUP B006
        1: STACK B006 B004
        2: UNSTACK B001 B000
        3: STACK B001 B002
        4: UNSTACK B003 B005
        5: STACK B003 B000
        6: PICKUP B005
        7: STACK B005 B007
        8: UNSTACK B006 B004
        9: STACK B006 B001
       10: PICKUP B004
       11: STACK B004 B005
       12: UNSTACK B006 B001
       13: STACK B006 B004
     

time spent:    0.00 seconds instantiating 144 easy, 0 hard action templates
               0.00 seconds reachability analysis, yielding 89 facts and 144 actions
               0.00 seconds creating final representation with 89 relevant facts
               0.00 seconds building connectivity graph
               0.00 seconds searching, evaluating 75 states, to a max depth of 2
               0.00 seconds total time

