
ff: parsing domain file
domain 'BLOCKS4' defined
 ... done.
ff: parsing problem file
problem 'PROBNAME' defined
 ... done.



Cueing down from goal distance:    2 into depth [1]
                                   1            [1]
                                   0            

Cueing down from goal distance:    6 into depth [1][2]
                                   5            [1]

Enforced Hill-climbing failed !
switching to Best-first Search now.

advancing to distance :   12
                          11
                          10
                           8
                           7
                           6
                           4
                           3
                           2
                           0

ff: found legal plan as follows

step    0: UNSTACK B006 B000
        1: PUTDOWN B006
        2: UNSTACK B004 B005
        3: STACK B004 B007
        4: UNSTACK B005 B002
        5: PUTDOWN B005
        6: UNSTACK B002 B003
        7: STACK B002 B006
        8: UNSTACK B000 B001
        9: PUTDOWN B000
       10: UNSTACK B003 B008
       11: STACK B003 B001
       12: PICKUP B000
       13: STACK B000 B003
     

time spent:    0.00 seconds instantiating 180 easy, 0 hard action templates
               0.00 seconds reachability analysis, yielding 109 facts and 180 actions
               0.00 seconds creating final representation with 109 relevant facts
               0.00 seconds building connectivity graph
               0.00 seconds searching, evaluating 82 states, to a max depth of 2
               0.00 seconds total time

