
ff: parsing domain file
domain 'BLOCKS4' defined
 ... done.
ff: parsing problem file
problem 'PROBNAME' defined
 ... done.



Cueing down from goal distance:    4 into depth [1]
                                   3            [1]
                                   2            [1]
                                   1            [1]
                                   0            

Cueing down from goal distance:    2 into depth [1]
                                   1            [1]
                                   0            

Cueing down from goal distance:    5 into depth [1]
                                   4            [1]
                                   3            [1][2]
                                   2            [1]
                                   1            [1]
                                   0            

Cueing down from goal distance:    3 into depth [1][2]
                                   2            [1]
                                   1            [1]
                                   0            

Cueing down from goal distance:    4 into depth [1]

Enforced Hill-climbing failed !
switching to Best-first Search now.

advancing to distance :   18
                          17
                          16
                          15
                          14
                          13
                          12
                          11
                          10
                           9
                           8
                           6
                           5
                           4
                           3
                           2
                           0

ff: found legal plan as follows

step    0: UNSTACK B007 B002
        1: PUTDOWN B007
        2: UNSTACK B001 B005
        3: PUTDOWN B001
        4: UNSTACK B005 B004
        5: STACK B005 B008
        6: PICKUP B004
        7: STACK B004 B007
        8: UNSTACK B006 B009
        9: STACK B006 B005
       10: UNSTACK B002 B003
       11: STACK B002 B004
       12: PICKUP B003
       13: STACK B003 B001
       14: PICKUP B000
       15: STACK B000 B003
       16: PICKUP B009
       17: STACK B009 B006
     

time spent:    0.00 seconds instantiating 220 easy, 0 hard action templates
               0.00 seconds reachability analysis, yielding 131 facts and 220 actions
               0.00 seconds creating final representation with 131 relevant facts
               0.00 seconds building connectivity graph
               0.00 seconds searching, evaluating 127 states, to a max depth of 2
               0.00 seconds total time

