
ff: parsing domain file
domain 'BLOCKS4' defined
 ... done.
ff: parsing problem file
problem 'PROBNAME' defined
 ... done.



Cueing down from goal distance:    2 into depth [1]
                                   1            [1]
                                   0            

Cueing down from goal distance:    2 into depth [1]
                                   1            [1]
                                   0            

Cueing down from goal distance:    2 into depth [1]
                                   1            [1]
                                   0            

Cueing down from goal distance:    3 into depth [1][2]
                                   2            [1]
                                   1            [1]
                                   0            

Cueing down from goal distance:    2 into depth [1]
                                   1            [1]
                                   0            

Cueing down from goal distance:    2 into depth [1]
                                   1            [1]
                                   0            

Cueing down from goal distance:    2 into depth [1]
                                   1            [1]
                                   0            

ff: found legal plan as follows

step    0: UNSTACK B004 B002
        1: PUTDOWN B004
        2: UNSTACK B005 B006
        3: STACK B005 B004
        4: PICKUP B008
        5: STACK B008 B006
        6: UNSTACK B007 B003
        7: STACK B007 B008
        8: UNSTACK B003 B001
        9: STACK B003 B005
       10: PICKUP B002
       11: STACK B002 B003
       12: UNSTACK B001 B000
       13: STACK B001 B007
       14: PICKUP B000
       15: STACK B000 B002
     

time spent:    0.00 seconds instantiating 180 easy, 0 hard action templates
               0.00 seconds reachability analysis, yielding 109 facts and 180 actions
               0.00 seconds creating final representation with 109 relevant facts
               0.00 seconds building connectivity graph
               0.00 seconds searching, evaluating 26 states, to a max depth of 2
               0.00 seconds total time

