
ff: parsing domain file
domain 'BLOCKS4' defined
 ... done.
ff: parsing problem file
problem 'PROBNAME' defined
 ... done.



Cueing down from goal distance:    2 into depth [1]
                                   1            [1]
                                   0            

Cueing down from goal distance:    3 into depth [1][2]
                                   2            [1]
                                   1            [1]
                                   0            

Cueing down from goal distance:    2 into depth [1]
                                   1            [1]
                                   0            

Cueing down from goal distance:    2 into depth [1]
                                   1            [1]
                                   0            

Cueing down from goal distance:    2 into depth [1]
                                   1            [1]
                                   0            

Cueing down from goal distance:    3 into depth [1][2]
                                   2            [1]
                                   1            [1]
                                   0            

Cueing down from goal distance:    3 into depth [1]

Enforced Hill-climbing failed !
switching to Best-first Search now.

advancing to distance :   18
                          17
                          16
                          15
                          14
                          13
                          12
                          11
                          10
                           9
                           8
                           7
                           6
                           4
                           3
                           2
                           0

ff: found legal plan as follows

step    0: UNSTACK B002 B003
        1: PUTDOWN B002
        2: UNSTACK B005 B007
        3: PUTDOWN B005
        4: PICKUP B007
        5: STACK B007 B009
        6: PICKUP B003
        7: STACK B003 B007
        8: UNSTACK B000 B006
        9: PUTDOWN B000
       10: UNSTACK B006 B001
       11: STACK B006 B002
       12: PICKUP B001
       13: STACK B001 B008
       14: PICKUP B000
       15: STACK B000 B001
       16: PICKUP B004
       17: STACK B004 B000
       18: UNSTACK B003 B007
       19: STACK B003 B004
       20: UNSTACK B007 B009
       21: STACK B007 B003
       22: PICKUP B009
       23: STACK B009 B006
       24: UNSTACK B007 B003
       25: STACK B007 B009
       26: UNSTACK B003 B004
       27: STACK B003 B007
     

time spent:    0.00 seconds instantiating 220 easy, 0 hard action templates
               0.00 seconds reachability analysis, yielding 131 facts and 220 actions
               0.00 seconds creating final representation with 131 relevant facts
               0.00 seconds building connectivity graph
               0.01 seconds searching, evaluating 270 states, to a max depth of 2
               0.01 seconds total time

