
ff: parsing domain file
domain 'BLOCKS4' defined
 ... done.
ff: parsing problem file
problem 'PROBNAME' defined
 ... done.



Cueing down from goal distance:    4 into depth [1]
                                   3            [1]
                                   2            [1]
                                   1            [1]
                                   0            

Cueing down from goal distance:    3 into depth [1][2]
                                   2            [1]
                                   1            [1]
                                   0            

Cueing down from goal distance:    5 into depth [1]
                                   4            [1]
                                   3            [1]

Enforced Hill-climbing failed !
switching to Best-first Search now.

advancing to distance :   12
                          11
                          10
                           9
                           8
                           7
                           6
                           4
                           3
                           2
                           0

ff: found legal plan as follows

step    0: UNSTACK B001 B005
        1: PUTDOWN B001
        2: PICKUP B005
        3: STACK B005 B001
        4: UNSTACK B004 B007
        5: PUTDOWN B004
        6: PICKUP B007
        7: STACK B007 B004
        8: UNSTACK B002 B000
        9: PUTDOWN B002
       10: UNSTACK B003 B006
       11: STACK B003 B000
       12: PICKUP B002
       13: STACK B002 B003
     

time spent:    0.00 seconds instantiating 144 easy, 0 hard action templates
               0.00 seconds reachability analysis, yielding 89 facts and 144 actions
               0.00 seconds creating final representation with 89 relevant facts
               0.00 seconds building connectivity graph
               0.00 seconds searching, evaluating 94 states, to a max depth of 2
               0.00 seconds total time

