
ff: parsing domain file
domain 'BLOCKS4' defined
 ... done.
ff: parsing problem file
problem 'PROBNAME' defined
 ... done.



Cueing down from goal distance:    5 into depth [1][2]
                                   4            [1][2]
                                   3            [1][2]
                                   2            [1]
                                   1            [1]
                                   0            

Cueing down from goal distance:    2 into depth [1]
                                   1            [1]
                                   0            

Cueing down from goal distance:    4 into depth [1]
                                   3            [1]
                                   2            [1]
                                   1            [1]
                                   0            

Cueing down from goal distance:    2 into depth [1]
                                   1            [1]
                                   0            

Cueing down from goal distance:    4 into depth [1]
                                   3            [1]
                                   2            [1]
                                   1            [1]
                                   0            

Cueing down from goal distance:    2 into depth [1]
                                   1            [1]
                                   0            

Cueing down from goal distance:    2 into depth [1]
                                   1            [1]
                                   0            

ff: found legal plan as follows

step    0: UNSTACK B001 B007
        1: STACK B001 B002
        2: UNSTACK B007 B006
        3: STACK B007 B001
        4: UNSTACK B006 B008
        5: STACK B006 B007
        6: UNSTACK B008 B000
        7: PUTDOWN B008
        8: PICKUP B000
        9: STACK B000 B008
       10: UNSTACK B004 B003
       11: PUTDOWN B004
       12: UNSTACK B006 B007
       13: PUTDOWN B006
       14: UNSTACK B007 B001
       15: STACK B007 B000
       16: PICKUP B003
       17: STACK B003 B004
       18: UNSTACK B001 B002
       19: STACK B001 B006
       20: UNSTACK B002 B005
       21: STACK B002 B007
       22: PICKUP B005
       23: STACK B005 B002
     

time spent:    0.00 seconds instantiating 180 easy, 0 hard action templates
               0.00 seconds reachability analysis, yielding 109 facts and 180 actions
               0.00 seconds creating final representation with 109 relevant facts
               0.00 seconds building connectivity graph
               0.00 seconds searching, evaluating 38 states, to a max depth of 2
               0.00 seconds total time

