
ff: parsing domain file
domain 'BLOCKS4' defined
 ... done.
ff: parsing problem file
problem 'PROBNAME' defined
 ... done.



Cueing down from goal distance:    3 into depth [1][2]
                                   2            [1]
                                   1            [1]
                                   0            

Cueing down from goal distance:    3 into depth [1][2]
                                   2            [1]
                                   1            [1]
                                   0            

Cueing down from goal distance:    3 into depth [1][2]
                                   2            [1]
                                   1            [1]
                                   0            

Cueing down from goal distance:    3 into depth [1][2]
                                   2            [1]
                                   1            [1]
                                   0            

Cueing down from goal distance:    2 into depth [1]
                                   1            [1]
                                   0            

Cueing down from goal distance:    3 into depth [1][2]
                                   2            [1]
                                   1            [1]
                                   0            

Cueing down from goal distance:    2 into depth [1]
                                   1            [1]
                                   0            

ff: found legal plan as follows

step    0: UNSTACK B003 B005
        1: STACK B003 B002
        2: UNSTACK B005 B004
        3: PUTDOWN B005
        4: UNSTACK B003 B002
        5: PUTDOWN B003
        6: UNSTACK B002 B007
        7: STACK B002 B005
        8: UNSTACK B004 B006
        9: STACK B004 B003
       10: UNSTACK B006 B001
       11: PUTDOWN B006
       12: UNSTACK B007 B000
       13: STACK B007 B004
       14: PICKUP B000
       15: STACK B000 B002
       16: PICKUP B001
       17: STACK B001 B006
       18: UNSTACK B007 B004
       19: PUTDOWN B007
       20: UNSTACK B004 B003
       21: STACK B004 B000
       22: PICKUP B007
       23: STACK B007 B004
     

time spent:    0.00 seconds instantiating 144 easy, 0 hard action templates
               0.00 seconds reachability analysis, yielding 89 facts and 144 actions
               0.00 seconds creating final representation with 89 relevant facts
               0.00 seconds building connectivity graph
               0.00 seconds searching, evaluating 32 states, to a max depth of 2
               0.00 seconds total time

