
ff: parsing domain file
domain 'BLOCKS4' defined
 ... done.
ff: parsing problem file
problem 'PROBNAME' defined
 ... done.



Cueing down from goal distance:    4 into depth [1]

Enforced Hill-climbing failed !
switching to Best-first Search now.

advancing to distance :   14
                          13
                          12
                          11
                          10
                           9
                           8
                           7
                           6
                           5
                           4
                           3
                           2
                           1
                           0

ff: found legal plan as follows

step    0: UNSTACK B008 B001
        1: PUTDOWN B008
        2: UNSTACK B006 B004
        3: PUTDOWN B006
        4: UNSTACK B004 B007
        5: PUTDOWN B004
        6: UNSTACK B007 B002
        7: PUTDOWN B007
        8: PICKUP B002
        9: STACK B002 B001
       10: UNSTACK B009 B005
       11: STACK B009 B002
       12: UNSTACK B003 B000
       13: STACK B003 B007
     

time spent:    0.00 seconds instantiating 220 easy, 0 hard action templates
               0.00 seconds reachability analysis, yielding 131 facts and 220 actions
               0.00 seconds creating final representation with 131 relevant facts
               0.00 seconds building connectivity graph
               0.00 seconds searching, evaluating 85 states, to a max depth of 1
               0.00 seconds total time

