
ff: parsing domain file
domain 'BLOCKS4' defined
 ... done.
ff: parsing problem file
problem 'PROBNAME' defined
 ... done.



Cueing down from goal distance:    2 into depth [1]
                                   1            [1]
                                   0            

Cueing down from goal distance:    3 into depth [1][2]
                                   2            [1]
                                   1            [1]
                                   0            

Cueing down from goal distance:    5 into depth [1]
                                   4            [1]
                                   3            [1]

Enforced Hill-climbing failed !
switching to Best-first Search now.

advancing to distance :    9
                           8
                           7
                           6
                           5
                           4
                           2
                           0

ff: found legal plan as follows

step    0: UNSTACK B001 B003
        1: PUTDOWN B001
        2: UNSTACK B003 B002
        3: PUTDOWN B003
        4: UNSTACK B002 B007
        5: STACK B002 B001
        6: UNSTACK B007 B000
        7: PUTDOWN B007
        8: PICKUP B000
        9: STACK B000 B005
       10: PICKUP B003
       11: STACK B003 B002
     

time spent:    0.00 seconds instantiating 144 easy, 0 hard action templates
               0.00 seconds reachability analysis, yielding 89 facts and 144 actions
               0.00 seconds creating final representation with 89 relevant facts
               0.00 seconds building connectivity graph
               0.00 seconds searching, evaluating 71 states, to a max depth of 2
               0.00 seconds total time

