
ff: parsing domain file
domain 'BLOCKS4' defined
 ... done.
ff: parsing problem file
problem 'PROBNAME' defined
 ... done.



Cueing down from goal distance:    4 into depth [1]

Enforced Hill-climbing failed !
switching to Best-first Search now.

advancing to distance :   16
                          15
                          14
                          13
                          12
                          11
                          10
                           9
                           8
                           7
                           6
                           5
                           4
                           3
                           2
                           0

ff: found legal plan as follows

step    0: UNSTACK B003 B005
        1: PUTDOWN B003
        2: UNSTACK B005 B000
        3: STACK B005 B003
        4: UNSTACK B000 B004
        5: PUTDOWN B000
        6: UNSTACK B004 B002
        7: STACK B004 B008
        8: UNSTACK B001 B006
        9: STACK B001 B002
       10: UNSTACK B006 B007
       11: STACK B006 B000
       12: PICKUP B007
       13: STACK B007 B006
       14: UNSTACK B001 B002
       15: STACK B001 B007
       16: PICKUP B002
       17: STACK B002 B001
       18: UNSTACK B005 B003
       19: STACK B005 B002
       20: PICKUP B003
       21: STACK B003 B004
       22: UNSTACK B005 B002
       23: STACK B005 B003
     

time spent:    0.00 seconds instantiating 180 easy, 0 hard action templates
               0.00 seconds reachability analysis, yielding 109 facts and 180 actions
               0.00 seconds creating final representation with 109 relevant facts
               0.00 seconds building connectivity graph
               0.00 seconds searching, evaluating 149 states, to a max depth of 1
               0.00 seconds total time

