
ff: parsing domain file
domain 'BLOCKS4' defined
 ... done.
ff: parsing problem file
problem 'PROBNAME' defined
 ... done.



Cueing down from goal distance:    5 into depth [1]

Enforced Hill-climbing failed !
switching to Best-first Search now.

advancing to distance :   18
                          17
                          16
                          15
                          14
                          13
                          12
                          11
                          10
                           9
                           8
                           7
                           6
                           5
                           3
                           2
                           0

ff: found legal plan as follows

step    0: UNSTACK B006 B009
        1: PUTDOWN B006
        2: UNSTACK B000 B002
        3: STACK B000 B006
        4: UNSTACK B009 B004
        5: STACK B009 B008
        6: UNSTACK B004 B007
        7: PUTDOWN B004
        8: UNSTACK B007 B003
        9: PUTDOWN B007
       10: PICKUP B003
       11: STACK B003 B000
       12: PICKUP B001
       13: STACK B001 B007
       14: UNSTACK B009 B008
       15: STACK B009 B003
       16: UNSTACK B008 B005
       17: STACK B008 B004
       18: PICKUP B005
       19: STACK B005 B002
       20: UNSTACK B009 B003
       21: STACK B009 B008
       22: UNSTACK B001 B007
       23: STACK B001 B003
       24: PICKUP B007
       25: STACK B007 B005
       26: UNSTACK B001 B003
       27: STACK B001 B007
     

time spent:    0.00 seconds instantiating 220 easy, 0 hard action templates
               0.00 seconds reachability analysis, yielding 131 facts and 220 actions
               0.00 seconds creating final representation with 131 relevant facts
               0.00 seconds building connectivity graph
               0.01 seconds searching, evaluating 276 states, to a max depth of 1
               0.01 seconds total time

