
ff: parsing domain file
domain 'BLOCKS4' defined
 ... done.
ff: parsing problem file
problem 'PROBNAME' defined
 ... done.



Cueing down from goal distance:    8 into depth [1]

Enforced Hill-climbing failed !
switching to Best-first Search now.

advancing to distance :   14
                          13
                          12
                          11
                          10
                           8
                           6
                           5
                           4
                           3
                           2
                           0

ff: found legal plan as follows

step    0: UNSTACK B006 B007
        1: PUTDOWN B006
        2: UNSTACK B007 B002
        3: PUTDOWN B007
        4: UNSTACK B004 B000
        5: STACK B004 B008
        6: UNSTACK B000 B001
        7: STACK B000 B006
        8: UNSTACK B001 B005
        9: PUTDOWN B001
       10: UNSTACK B002 B003
       11: STACK B002 B005
       12: PICKUP B001
       13: STACK B001 B002
       14: PICKUP B003
       15: STACK B003 B001
     

time spent:    0.00 seconds instantiating 180 easy, 0 hard action templates
               0.00 seconds reachability analysis, yielding 109 facts and 180 actions
               0.00 seconds creating final representation with 109 relevant facts
               0.00 seconds building connectivity graph
               0.00 seconds searching, evaluating 93 states, to a max depth of 1
               0.00 seconds total time

