
ff: parsing domain file
domain 'BLOCKS4' defined
 ... done.
ff: parsing problem file
problem 'PROBNAME' defined
 ... done.



Cueing down from goal distance:    3 into depth [1][2]
                                   2            [1]
                                   1            [1]
                                   0            

Cueing down from goal distance:    5 into depth [1]
                                   4            [1]
                                   3            [1][2]
                                   2            [1]
                                   1            [1]
                                   0            

Cueing down from goal distance:    9 into depth [1]
                                   8            [1]
                                   7            [1]
                                   6            [1]
                                   5            [1]

Enforced Hill-climbing failed !
switching to Best-first Search now.

advancing to distance :   16
                          15
                          14
                          13
                          12
                          11
                          10
                           9
                           8
                           7
                           5
                           4
                           2
                           0

ff: found legal plan as follows

step    0: UNSTACK B003 B000
        1: PUTDOWN B003
        2: UNSTACK B008 B002
        3: STACK B008 B000
        4: UNSTACK B002 B009
        5: PUTDOWN B002
        6: UNSTACK B007 B006
        7: STACK B007 B009
        8: PICKUP B006
        9: STACK B006 B002
       10: UNSTACK B005 B004
       11: STACK B005 B003
       12: UNSTACK B008 B000
       13: PUTDOWN B008
       14: UNSTACK B000 B001
       15: STACK B000 B006
       16: PICKUP B008
       17: STACK B008 B000
       18: PICKUP B004
       19: STACK B004 B001
     

time spent:    0.00 seconds instantiating 220 easy, 0 hard action templates
               0.00 seconds reachability analysis, yielding 131 facts and 220 actions
               0.00 seconds creating final representation with 131 relevant facts
               0.00 seconds building connectivity graph
               0.01 seconds searching, evaluating 201 states, to a max depth of 2
               0.01 seconds total time

