
ff: parsing domain file
domain 'BLOCKS4' defined
 ... done.
ff: parsing problem file
problem 'PROBNAME' defined
 ... done.



Cueing down from goal distance:    2 into depth [1]
                                   1            [1]
                                   0            

Cueing down from goal distance:    2 into depth [1]
                                   1            [1]
                                   0            

Cueing down from goal distance:    2 into depth [1]
                                   1            [1]
                                   0            

Cueing down from goal distance:    3 into depth [1]

Enforced Hill-climbing failed !
switching to Best-first Search now.

advancing to distance :   10
                           9
                           8
                           7
                           6
                           5
                           4
                           2
                           1
                           0

ff: found legal plan as follows

step    0: UNSTACK B001 B000
        1: PUTDOWN B001
        2: UNSTACK B004 B002
        3: PUTDOWN B004
        4: PICKUP B000
        5: STACK B000 B004
        6: UNSTACK B002 B003
        7: STACK B002 B000
        8: PICKUP B003
        9: STACK B003 B001
     

time spent:    0.00 seconds instantiating 84 easy, 0 hard action templates
               0.00 seconds reachability analysis, yielding 55 facts and 84 actions
               0.00 seconds creating final representation with 55 relevant facts
               0.00 seconds building connectivity graph
               0.00 seconds searching, evaluating 49 states, to a max depth of 1
               0.00 seconds total time

