
ff: parsing domain file
domain 'BLOCKS4' defined
 ... done.
ff: parsing problem file
problem 'PROBNAME' defined
 ... done.



Cueing down from goal distance:    2 into depth [1]
                                   1            [1]
                                   0            

Cueing down from goal distance:    5 into depth [1]

Enforced Hill-climbing failed !
switching to Best-first Search now.

advancing to distance :   14
                          13
                          12
                          11
                          10
                           9
                           8
                           6
                           5
                           4
                           2
                           0

ff: found legal plan as follows

step    0: UNSTACK B000 B004
        1: PUTDOWN B000
        2: UNSTACK B006 B003
        3: PUTDOWN B006
        4: PICKUP B007
        5: STACK B007 B006
        6: UNSTACK B004 B001
        7: STACK B004 B000
        8: UNSTACK B001 B005
        9: PUTDOWN B001
       10: UNSTACK B005 B002
       11: STACK B005 B001
       12: PICKUP B002
       13: STACK B002 B007
     

time spent:    0.00 seconds instantiating 144 easy, 0 hard action templates
               0.00 seconds reachability analysis, yielding 89 facts and 144 actions
               0.00 seconds creating final representation with 89 relevant facts
               0.00 seconds building connectivity graph
               0.00 seconds searching, evaluating 58 states, to a max depth of 1
               0.00 seconds total time

