
ff: parsing domain file
domain 'BLOCKS4' defined
 ... done.
ff: parsing problem file
problem 'PROBNAME' defined
 ... done.



Cueing down from goal distance:    7 into depth [1]
                                   6            [1]
                                   5            [1]
                                   4            [1]
                                   3            [1][2]
                                   2            [1]
                                   1            [1]
                                   0            

Cueing down from goal distance:    8 into depth [1]
                                   7            [1]
                                   6            [1][2]
                                   5            [1]

Enforced Hill-climbing failed !
switching to Best-first Search now.

advancing to distance :   20
                          19
                          18
                          17
                          16
                          15
                          14
                          13
                          12
                          11
                          10
                           9
                           8
                           7
                           6
                           4
                           3
                           2
                           0

ff: found legal plan as follows

step    0: UNSTACK B005 B000
        1: PUTDOWN B005
        2: UNSTACK B000 B003
        3: PUTDOWN B000
        4: PICKUP B003
        5: STACK B003 B000
        6: UNSTACK B001 B007
        7: STACK B001 B005
        8: PICKUP B009
        9: STACK B009 B003
       10: UNSTACK B008 B006
       11: PUTDOWN B008
       12: UNSTACK B006 B002
       13: PUTDOWN B006
       14: UNSTACK B007 B004
       15: STACK B007 B001
       16: PICKUP B004
       17: STACK B004 B006
       18: PICKUP B002
       19: STACK B002 B004
     

time spent:    0.00 seconds instantiating 220 easy, 0 hard action templates
               0.00 seconds reachability analysis, yielding 131 facts and 220 actions
               0.00 seconds creating final representation with 131 relevant facts
               0.00 seconds building connectivity graph
               0.01 seconds searching, evaluating 125 states, to a max depth of 2
               0.01 seconds total time

