
ff: parsing domain file
domain 'BLOCKS4' defined
 ... done.
ff: parsing problem file
problem 'PROBNAME' defined
 ... done.



Cueing down from goal distance:    4 into depth [1][2][3]

Enforced Hill-climbing failed !
switching to Best-first Search now.

advancing to distance :   10
                           9
                           8
                           7
                           6
                           5
                           4
                           3
                           2
                           0

ff: found legal plan as follows

step    0: UNSTACK B002 B001
        1: STACK B002 B000
        2: UNSTACK B001 B004
        3: PUTDOWN B001
        4: UNSTACK B002 B000
        5: PUTDOWN B002
        6: UNSTACK B000 B003
        7: STACK B000 B004
        8: PICKUP B002
        9: STACK B002 B000
       10: PICKUP B003
       11: STACK B003 B002
       12: UNSTACK B006 B005
       13: STACK B006 B003
     

time spent:    0.00 seconds instantiating 112 easy, 0 hard action templates
               0.00 seconds reachability analysis, yielding 71 facts and 112 actions
               0.00 seconds creating final representation with 71 relevant facts
               0.00 seconds building connectivity graph
               0.00 seconds searching, evaluating 92 states, to a max depth of 3
               0.00 seconds total time

