
ff: parsing domain file
domain 'BLOCKS4' defined
 ... done.
ff: parsing problem file
problem 'PROBNAME' defined
 ... done.



Cueing down from goal distance:    2 into depth [1]
                                   1            [1]
                                   0            

Cueing down from goal distance:    4 into depth [1]
                                   3            [1]
                                   2            [1]
                                   1            [1]
                                   0            

Cueing down from goal distance:    2 into depth [1]
                                   1            [1]
                                   0            

Cueing down from goal distance:    4 into depth [1]
                                   3            [1]
                                   2            [1]
                                   1            [1]
                                   0            

Cueing down from goal distance:    2 into depth [1]
                                   1            [1]
                                   0            

ff: found legal plan as follows

step    0: UNSTACK B004 B005
        1: PUTDOWN B004
        2: UNSTACK B002 B006
        3: PUTDOWN B002
        4: UNSTACK B006 B001
        5: PUTDOWN B006
        6: PICKUP B003
        7: STACK B003 B004
        8: PICKUP B005
        9: STACK B005 B006
       10: UNSTACK B001 B000
       11: STACK B001 B002
       12: PICKUP B000
       13: STACK B000 B003
     

time spent:    0.00 seconds instantiating 112 easy, 0 hard action templates
               0.00 seconds reachability analysis, yielding 71 facts and 112 actions
               0.00 seconds creating final representation with 71 relevant facts
               0.00 seconds building connectivity graph
               0.00 seconds searching, evaluating 27 states, to a max depth of 1
               0.00 seconds total time

