
ff: parsing domain file
domain 'BLOCKS4' defined
 ... done.
ff: parsing problem file
problem 'PROBNAME' defined
 ... done.



Cueing down from goal distance:    2 into depth [1]
                                   1            [1]
                                   0            

Cueing down from goal distance:    6 into depth [1][2]
                                   5            [1][2][3]

Enforced Hill-climbing failed !
switching to Best-first Search now.

advancing to distance :   16
                          15
                          14
                          13
                          12
                          11
                          10
                           9
                           8
                           7
                           6
                           5
                           4
                           2
                           0

ff: found legal plan as follows

step    0: UNSTACK B002 B001
        1: PUTDOWN B002
        2: UNSTACK B005 B006
        3: PUTDOWN B005
        4: UNSTACK B007 B004
        5: PUTDOWN B007
        6: UNSTACK B004 B003
        7: STACK B004 B007
        8: UNSTACK B003 B000
        9: PUTDOWN B003
       10: PICKUP B001
       11: STACK B001 B000
       12: PICKUP B006
       13: STACK B006 B004
       14: PICKUP B008
       15: STACK B008 B001
     

time spent:    0.00 seconds instantiating 180 easy, 0 hard action templates
               0.00 seconds reachability analysis, yielding 109 facts and 180 actions
               0.00 seconds creating final representation with 109 relevant facts
               0.00 seconds building connectivity graph
               0.00 seconds searching, evaluating 107 states, to a max depth of 3
               0.00 seconds total time

