
ff: parsing domain file
domain 'BLOCKS4' defined
 ... done.
ff: parsing problem file
problem 'PROBNAME' defined
 ... done.



Cueing down from goal distance:    3 into depth [1][2]
                                   2            [1]
                                   1            [1]
                                   0            

Cueing down from goal distance:    7 into depth [1][2]
                                   6            [1]

Enforced Hill-climbing failed !
switching to Best-first Search now.

advancing to distance :    9
                           8
                           7
                           6
                           5
                           4
                           3
                           2
                           0

ff: found legal plan as follows

step    0: UNSTACK B004 B005
        1: PUTDOWN B004
        2: UNSTACK B005 B002
        3: PUTDOWN B005
        4: PICKUP B004
        5: STACK B004 B002
        6: UNSTACK B003 B000
        7: PUTDOWN B003
        8: UNSTACK B000 B001
        9: PUTDOWN B000
       10: UNSTACK B001 B006
       11: PUTDOWN B001
       12: PICKUP B005
       13: STACK B005 B006
       14: PICKUP B003
       15: STACK B003 B000
     

time spent:    0.00 seconds instantiating 112 easy, 0 hard action templates
               0.00 seconds reachability analysis, yielding 71 facts and 112 actions
               0.00 seconds creating final representation with 71 relevant facts
               0.00 seconds building connectivity graph
               0.00 seconds searching, evaluating 74 states, to a max depth of 2
               0.00 seconds total time

