
ff: parsing domain file
domain 'BLOCKS4' defined
 ... done.
ff: parsing problem file
problem 'PROBNAME' defined
 ... done.



Cueing down from goal distance:    2 into depth [1]
                                   1            [1]
                                   0            

Cueing down from goal distance:    9 into depth [1]
                                   8            [1]
                                   7            [1][2]
                                   6            [1][2]

Enforced Hill-climbing failed !
switching to Best-first Search now.

advancing to distance :   12
                          11
                          10
                           9
                           8
                           6
                           4
                           2
                           1
                           0

ff: found legal plan as follows

step    0: UNSTACK B004 B000
        1: PUTDOWN B004
        2: UNSTACK B007 B006
        3: PUTDOWN B007
        4: UNSTACK B006 B003
        5: STACK B006 B009
        6: UNSTACK B008 B001
        7: STACK B008 B007
        8: UNSTACK B001 B002
        9: STACK B001 B000
       10: PICKUP B005
       11: STACK B005 B002
     

time spent:    0.00 seconds instantiating 220 easy, 0 hard action templates
               0.00 seconds reachability analysis, yielding 131 facts and 220 actions
               0.00 seconds creating final representation with 131 relevant facts
               0.00 seconds building connectivity graph
               0.00 seconds searching, evaluating 96 states, to a max depth of 2
               0.00 seconds total time

