
ff: parsing domain file
domain 'BLOCKS4' defined
 ... done.
ff: parsing problem file
problem 'PROBNAME' defined
 ... done.



Cueing down from goal distance:    6 into depth [1]
                                   5            [1]
                                   4            [1][2]
                                   3            [1][2]
                                   2            [1]
                                   1            [1]
                                   0            

Cueing down from goal distance:    2 into depth [1]
                                   1            [1]
                                   0            

Cueing down from goal distance:    4 into depth [1]
                                   3            [1]
                                   2            [1]
                                   1            [1]
                                   0            

Cueing down from goal distance:    5 into depth [1]
                                   4            [1]
                                   3            [1][2]
                                   2            [1]
                                   1            [1]
                                   0            

Cueing down from goal distance:    4 into depth [1]
                                   3            [1]
                                   2            [1]
                                   1            [1]
                                   0            

ff: found legal plan as follows

step    0: UNSTACK B000 B005
        1: PUTDOWN B000
        2: UNSTACK B007 B004
        3: STACK B007 B005
        4: UNSTACK B004 B008
        5: STACK B004 B000
        6: UNSTACK B008 B006
        7: PUTDOWN B008
        8: PICKUP B009
        9: STACK B009 B008
       10: UNSTACK B002 B001
       11: STACK B002 B009
       12: PICKUP B001
       13: STACK B001 B004
       14: PICKUP B006
       15: STACK B006 B002
       16: UNSTACK B007 B005
       17: PUTDOWN B007
       18: UNSTACK B005 B003
       19: STACK B005 B001
       20: PICKUP B003
       21: STACK B003 B005
       22: PICKUP B007
       23: STACK B007 B006
     

time spent:    0.00 seconds instantiating 220 easy, 0 hard action templates
               0.00 seconds reachability analysis, yielding 131 facts and 220 actions
               0.00 seconds creating final representation with 131 relevant facts
               0.00 seconds building connectivity graph
               0.00 seconds searching, evaluating 46 states, to a max depth of 2
               0.00 seconds total time

