
ff: parsing domain file
domain 'BLOCKS4' defined
 ... done.
ff: parsing problem file
problem 'PROBNAME' defined
 ... done.



Cueing down from goal distance:    2 into depth [1]
                                   1            [1]
                                   0            

Cueing down from goal distance:    3 into depth [1][2]
                                   2            [1]
                                   1            [1]
                                   0            

Cueing down from goal distance:    2 into depth [1]
                                   1            [1]
                                   0            

Cueing down from goal distance:    2 into depth [1]
                                   1            [1]
                                   0            

Cueing down from goal distance:    5 into depth [1][2]
                                   4            [1]

Enforced Hill-climbing failed !
switching to Best-first Search now.

advancing to distance :   16
                          15
                          14
                          13
                          12
                          11
                          10
                           9
                           8
                           7
                           6
                           5
                           4
                           2
                           0

ff: found legal plan as follows

step    0: UNSTACK B008 B003
        1: PUTDOWN B008
        2: UNSTACK B005 B004
        3: STACK B005 B008
        4: UNSTACK B003 B002
        5: STACK B003 B005
        6: UNSTACK B002 B000
        7: PUTDOWN B002
        8: UNSTACK B004 B009
        9: STACK B004 B002
       10: PICKUP B009
       11: STACK B009 B004
       12: UNSTACK B001 B006
       13: STACK B001 B003
       14: PICKUP B007
       15: STACK B007 B006
     

time spent:    0.00 seconds instantiating 220 easy, 0 hard action templates
               0.00 seconds reachability analysis, yielding 131 facts and 220 actions
               0.00 seconds creating final representation with 131 relevant facts
               0.00 seconds building connectivity graph
               0.00 seconds searching, evaluating 102 states, to a max depth of 2
               0.00 seconds total time

