
ff: parsing domain file
domain 'BLOCKS4' defined
 ... done.
ff: parsing problem file
problem 'PROBNAME' defined
 ... done.



Cueing down from goal distance:    3 into depth [1][2]
                                   2            [1]
                                   1            [1]
                                   0            

Cueing down from goal distance:    3 into depth [1][2]
                                   2            [1]
                                   1            [1]
                                   0            

Cueing down from goal distance:    4 into depth [1][2]
                                   3            [1][2]
                                   2            [1]
                                   1            [1]
                                   0            

Cueing down from goal distance:    4 into depth [1]

Enforced Hill-climbing failed !
switching to Best-first Search now.

advancing to distance :   15
                          14
                          13
                          12
                          11
                          10
                           9
                           8
                           7
                           6
                           4
                           3
                           2
                           0

ff: found legal plan as follows

step    0: PICKUP B003
        1: STACK B003 B006
        2: UNSTACK B007 B002
        3: STACK B007 B003
        4: UNSTACK B005 B001
        5: STACK B005 B008
        6: UNSTACK B001 B000
        7: PUTDOWN B001
        8: PICKUP B002
        9: STACK B002 B000
       10: UNSTACK B007 B003
       11: PUTDOWN B007
       12: UNSTACK B003 B006
       13: STACK B003 B007
       14: PICKUP B006
       15: STACK B006 B002
       16: UNSTACK B003 B007
       17: STACK B003 B006
       18: PICKUP B007
       19: STACK B007 B003
       20: UNSTACK B005 B008
       21: PUTDOWN B005
       22: UNSTACK B008 B004
       23: PUTDOWN B008
       24: PICKUP B004
       25: STACK B004 B001
       26: PICKUP B008
       27: STACK B008 B004
       28: PICKUP B005
       29: STACK B005 B008
     

time spent:    0.00 seconds instantiating 180 easy, 0 hard action templates
               0.00 seconds reachability analysis, yielding 109 facts and 180 actions
               0.00 seconds creating final representation with 109 relevant facts
               0.00 seconds building connectivity graph
               0.01 seconds searching, evaluating 300 states, to a max depth of 2
               0.01 seconds total time

