
ff: parsing domain file
domain 'BLOCKS4' defined
 ... done.
ff: parsing problem file
problem 'PROBNAME' defined
 ... done.



Cueing down from goal distance:    4 into depth [1]
                                   3            [1]
                                   2            [1]
                                   1            [1]
                                   0            

Cueing down from goal distance:    3 into depth [1][2]
                                   2            [1]
                                   1            [1]
                                   0            

Cueing down from goal distance:    5 into depth [1]

Enforced Hill-climbing failed !
switching to Best-first Search now.

advancing to distance :   12
                          11
                          10
                           9
                           8
                           7
                           5
                           4
                           3
                           2
                           1
                           0

ff: found legal plan as follows

step    0: UNSTACK B005 B003
        1: PUTDOWN B005
        2: UNSTACK B003 B001
        3: PUTDOWN B003
        4: UNSTACK B002 B000
        5: STACK B002 B001
        6: UNSTACK B004 B006
        7: STACK B004 B005
        8: PICKUP B006
        9: STACK B006 B003
       10: UNSTACK B002 B001
       11: PUTDOWN B002
       12: PICKUP B001
       13: STACK B001 B000
       14: PICKUP B002
       15: STACK B002 B001
     

time spent:    0.00 seconds instantiating 112 easy, 0 hard action templates
               0.00 seconds reachability analysis, yielding 71 facts and 112 actions
               0.00 seconds creating final representation with 71 relevant facts
               0.00 seconds building connectivity graph
               0.00 seconds searching, evaluating 84 states, to a max depth of 2
               0.00 seconds total time

