
ff: parsing domain file
domain 'BLOCKS4' defined
 ... done.
ff: parsing problem file
problem 'PROBNAME' defined
 ... done.



Cueing down from goal distance:    5 into depth [1]

Enforced Hill-climbing failed !
switching to Best-first Search now.

advancing to distance :   18
                          17
                          16
                          15
                          14
                          12
                          11
                          10
                           9
                           8
                           6
                           5
                           4
                           3
                           2
                           0

ff: found legal plan as follows

step    0: UNSTACK B008 B005
        1: PUTDOWN B008
        2: UNSTACK B001 B007
        3: PUTDOWN B001
        4: UNSTACK B005 B003
        5: STACK B005 B001
        6: UNSTACK B003 B004
        7: PUTDOWN B003
        8: PICKUP B009
        9: STACK B009 B003
       10: UNSTACK B007 B002
       11: STACK B007 B009
       12: UNSTACK B002 B006
       13: PUTDOWN B002
       14: UNSTACK B006 B000
       15: STACK B006 B008
       16: PICKUP B002
       17: STACK B002 B000
       18: PICKUP B004
       19: STACK B004 B006
     

time spent:    0.00 seconds instantiating 220 easy, 0 hard action templates
               0.00 seconds reachability analysis, yielding 131 facts and 220 actions
               0.00 seconds creating final representation with 131 relevant facts
               0.00 seconds building connectivity graph
               0.00 seconds searching, evaluating 111 states, to a max depth of 1
               0.00 seconds total time

