
ff: parsing domain file
domain 'BLOCKS4' defined
 ... done.
ff: parsing problem file
problem 'PROBNAME' defined
 ... done.



Cueing down from goal distance:    2 into depth [1]
                                   1            [1]
                                   0            

Cueing down from goal distance:    2 into depth [1]
                                   1            [1]
                                   0            

Cueing down from goal distance:    3 into depth [1][2]
                                   2            [1]
                                   1            [1]
                                   0            

Cueing down from goal distance:    3 into depth [1][2]
                                   2            [1]
                                   1            [1]
                                   0            

Cueing down from goal distance:    2 into depth [1]
                                   1            [1]
                                   0            

Cueing down from goal distance:    2 into depth [1]
                                   1            [1]
                                   0            

Cueing down from goal distance:    2 into depth [1]
                                   1            [1]
                                   0            

Cueing down from goal distance:    2 into depth [1]
                                   1            [1]
                                   0            

ff: found legal plan as follows

step    0: UNSTACK B000 B004
        1: PUTDOWN B000
        2: PICKUP B002
        3: STACK B002 B000
        4: UNSTACK B004 B008
        5: STACK B004 B002
        6: UNSTACK B005 B001
        7: STACK B005 B008
        8: UNSTACK B004 B002
        9: STACK B004 B006
       10: UNSTACK B001 B003
       11: STACK B001 B002
       12: UNSTACK B004 B006
       13: STACK B004 B005
       14: PICKUP B003
       15: STACK B003 B001
       16: PICKUP B007
       17: STACK B007 B004
       18: PICKUP B006
       19: STACK B006 B003
     

time spent:    0.00 seconds instantiating 180 easy, 0 hard action templates
               0.00 seconds reachability analysis, yielding 109 facts and 180 actions
               0.00 seconds creating final representation with 109 relevant facts
               0.00 seconds building connectivity graph
               0.00 seconds searching, evaluating 42 states, to a max depth of 2
               0.00 seconds total time

