
ff: parsing domain file
domain 'BLOCKS4' defined
 ... done.
ff: parsing problem file
problem 'PROBNAME' defined
 ... done.



Cueing down from goal distance:    5 into depth [1][2]
                                   4            [1][2][3]

Enforced Hill-climbing failed !
switching to Best-first Search now.

advancing to distance :    8
                           7
                           6
                           5
                           4
                           3
                           2
                           0

ff: found legal plan as follows

step    0: UNSTACK B005 B002
        1: PUTDOWN B005
        2: UNSTACK B003 B000
        3: STACK B003 B002
        4: UNSTACK B000 B004
        5: PUTDOWN B000
        6: UNSTACK B003 B002
        7: PUTDOWN B003
        8: PICKUP B002
        9: STACK B002 B004
       10: PICKUP B003
       11: STACK B003 B002
       12: PICKUP B000
       13: STACK B000 B003
     

time spent:    0.00 seconds instantiating 84 easy, 0 hard action templates
               0.00 seconds reachability analysis, yielding 55 facts and 84 actions
               0.00 seconds creating final representation with 55 relevant facts
               0.00 seconds building connectivity graph
               0.00 seconds searching, evaluating 88 states, to a max depth of 3
               0.00 seconds total time

