
ff: parsing domain file
domain 'BLOCKS4' defined
 ... done.
ff: parsing problem file
problem 'PROBNAME' defined
 ... done.



Cueing down from goal distance:    4 into depth [1][2]
                                   3            [1][2]
                                   2            [1]
                                   1            [1]
                                   0            

Cueing down from goal distance:    5 into depth [1][2]
                                   4            [1][2]
                                   3            [1][2]
                                   2            [1]
                                   1            [1]
                                   0            

Cueing down from goal distance:    5 into depth [1][2]
                                   4            [1]
                                   3            [1]
                                   2            [1]
                                   1            [1]
                                   0            

Cueing down from goal distance:    3 into depth [1][2]
                                   2            [1]
                                   1            [1]
                                   0            

Cueing down from goal distance:    5 into depth [1]
                                   4            [1]
                                   3            [1][2]
                                   2            [1]
                                   1            [1]
                                   0            

Cueing down from goal distance:    2 into depth [1]
                                   1            [1]
                                   0            

ff: found legal plan as follows

step    0: UNSTACK B007 B004
        1: STACK B007 B003
        2: UNSTACK B004 B006
        3: STACK B004 B008
        4: UNSTACK B006 B001
        5: PUTDOWN B006
        6: UNSTACK B004 B008
        7: STACK B004 B009
        8: UNSTACK B008 B002
        9: STACK B008 B004
       10: UNSTACK B007 B003
       11: STACK B007 B008
       12: PICKUP B002
       13: STACK B002 B003
       14: UNSTACK B007 B008
       15: STACK B007 B002
       16: UNSTACK B008 B004
       17: STACK B008 B001
       18: UNSTACK B004 B009
       19: STACK B004 B006
       20: UNSTACK B007 B002
       21: STACK B007 B008
       22: UNSTACK B000 B005
       23: STACK B000 B002
       24: PICKUP B005
       25: STACK B005 B004
       26: UNSTACK B007 B008
       27: STACK B007 B005
       28: PICKUP B009
       29: STACK B009 B008
       30: UNSTACK B007 B005
       31: STACK B007 B000
     

time spent:    0.00 seconds instantiating 220 easy, 0 hard action templates
               0.00 seconds reachability analysis, yielding 131 facts and 220 actions
               0.00 seconds creating final representation with 131 relevant facts
               0.00 seconds building connectivity graph
               0.00 seconds searching, evaluating 67 states, to a max depth of 2
               0.00 seconds total time

