
ff: parsing domain file
domain 'BLOCKS4' defined
 ... done.
ff: parsing problem file
problem 'PROBNAME' defined
 ... done.



Cueing down from goal distance:    3 into depth [1][2]
                                   2            [1]
                                   1            [1]
                                   0            

Cueing down from goal distance:    2 into depth [1]
                                   1            [1]
                                   0            

Cueing down from goal distance:    2 into depth [1]
                                   1            [1]
                                   0            

Cueing down from goal distance:    3 into depth [1][2]
                                   2            [1]
                                   1            [1]
                                   0            

Cueing down from goal distance:    2 into depth [1]
                                   1            [1]
                                   0            

Cueing down from goal distance:    2 into depth [1]
                                   1            [1]
                                   0            

Cueing down from goal distance:    2 into depth [1]
                                   1            [1]
                                   0            

ff: found legal plan as follows

step    0: UNSTACK B001 B004
        1: STACK B001 B006
        2: UNSTACK B004 B005
        3: PUTDOWN B004
        4: UNSTACK B001 B006
        5: STACK B001 B004
        6: UNSTACK B006 B003
        7: PUTDOWN B006
        8: UNSTACK B002 B000
        9: STACK B002 B003
       10: UNSTACK B000 B007
       11: STACK B000 B001
       12: PICKUP B008
       13: STACK B008 B006
       14: PICKUP B007
       15: STACK B007 B000
       16: UNSTACK B002 B003
       17: STACK B002 B007
     

time spent:    0.00 seconds instantiating 180 easy, 0 hard action templates
               0.00 seconds reachability analysis, yielding 109 facts and 180 actions
               0.00 seconds creating final representation with 109 relevant facts
               0.00 seconds building connectivity graph
               0.00 seconds searching, evaluating 26 states, to a max depth of 2
               0.00 seconds total time

