
ff: parsing domain file
domain 'BLOCKS4' defined
 ... done.
ff: parsing problem file
problem 'PROBNAME' defined
 ... done.



Cueing down from goal distance:    4 into depth [1]

Enforced Hill-climbing failed !
switching to Best-first Search now.

advancing to distance :   18
                          17
                          16
                          15
                          14
                          13
                          12
                          11
                          10
                           9
                           8
                           7
                           5
                           3
                           2
                           0

ff: found legal plan as follows

step    0: UNSTACK B001 B002
        1: PUTDOWN B001
        2: UNSTACK B002 B000
        3: PUTDOWN B002
        4: UNSTACK B007 B008
        5: PUTDOWN B007
        6: UNSTACK B008 B003
        7: STACK B008 B000
        8: UNSTACK B003 B006
        9: PUTDOWN B003
       10: PICKUP B006
       11: STACK B006 B003
       12: UNSTACK B005 B004
       13: STACK B005 B002
       14: PICKUP B004
       15: STACK B004 B007
       16: UNSTACK B008 B000
       17: PUTDOWN B008
       18: PICKUP B000
       19: STACK B000 B006
       20: PICKUP B008
       21: STACK B008 B000
     

time spent:    0.00 seconds instantiating 180 easy, 0 hard action templates
               0.00 seconds reachability analysis, yielding 109 facts and 180 actions
               0.00 seconds creating final representation with 109 relevant facts
               0.00 seconds building connectivity graph
               0.00 seconds searching, evaluating 121 states, to a max depth of 1
               0.00 seconds total time

