
ff: parsing domain file
domain 'BLOCKS4' defined
 ... done.
ff: parsing problem file
problem 'PROBNAME' defined
 ... done.



Cueing down from goal distance:    4 into depth [1]

Enforced Hill-climbing failed !
switching to Best-first Search now.

advancing to distance :   18
                          17
                          16
                          15
                          14
                          13
                          12
                          11
                          10
                           9
                           8
                           7
                           6
                           5
                           4
                           3
                           2
                           0

ff: found legal plan as follows

step    0: UNSTACK B008 B001
        1: PUTDOWN B008
        2: UNSTACK B007 B002
        3: PUTDOWN B007
        4: PICKUP B002
        5: STACK B002 B006
        6: UNSTACK B001 B000
        7: PUTDOWN B001
        8: UNSTACK B000 B003
        9: PUTDOWN B000
       10: UNSTACK B003 B009
       11: STACK B003 B007
       12: PICKUP B001
       13: STACK B001 B009
       14: UNSTACK B005 B004
       15: STACK B005 B003
       16: UNSTACK B002 B006
       17: STACK B002 B008
       18: PICKUP B006
       19: STACK B006 B000
       20: UNSTACK B002 B008
       21: STACK B002 B006
       22: PICKUP B004
       23: STACK B004 B002
     

time spent:    0.00 seconds instantiating 220 easy, 0 hard action templates
               0.00 seconds reachability analysis, yielding 131 facts and 220 actions
               0.00 seconds creating final representation with 131 relevant facts
               0.00 seconds building connectivity graph
               0.00 seconds searching, evaluating 199 states, to a max depth of 1
               0.00 seconds total time

