
ff: parsing domain file
domain 'BLOCKS4' defined
 ... done.
ff: parsing problem file
problem 'PROBNAME' defined
 ... done.



Cueing down from goal distance:    3 into depth [1][2]
                                   2            [1]
                                   1            [1]
                                   0            

Cueing down from goal distance:    4 into depth [1]
                                   3            [1]
                                   2            [1]
                                   1            [1]
                                   0            

Cueing down from goal distance:    2 into depth [1]
                                   1            [1]
                                   0            

Cueing down from goal distance:    6 into depth [1]
                                   5            [1]
                                   4            [1]
                                   3            [1]
                                   2            [1]
                                   1            [1]
                                   0            

Cueing down from goal distance:    2 into depth [1]
                                   1            [1]
                                   0            

ff: found legal plan as follows

step    0: UNSTACK B005 B000
        1: STACK B005 B002
        2: UNSTACK B000 B001
        3: PUTDOWN B000
        4: UNSTACK B001 B006
        5: PUTDOWN B001
        6: UNSTACK B005 B002
        7: PUTDOWN B005
        8: UNSTACK B008 B004
        9: STACK B008 B000
       10: PICKUP B006
       11: STACK B006 B001
       12: UNSTACK B002 B007
       13: STACK B002 B005
       14: PICKUP B004
       15: STACK B004 B003
       16: PICKUP B007
       17: STACK B007 B008
     

time spent:    0.00 seconds instantiating 180 easy, 0 hard action templates
               0.00 seconds reachability analysis, yielding 109 facts and 180 actions
               0.00 seconds creating final representation with 109 relevant facts
               0.00 seconds building connectivity graph
               0.00 seconds searching, evaluating 40 states, to a max depth of 2
               0.00 seconds total time

