
ff: parsing domain file
domain 'BLOCKS4' defined
 ... done.
ff: parsing problem file
problem 'PROBNAME' defined
 ... done.



Cueing down from goal distance:    6 into depth [1]
                                   5            [1]
                                   4            [1]
                                   3            [1]
                                   2            [1]
                                   1            [1]
                                   0            

Cueing down from goal distance:    8 into depth [1]

Enforced Hill-climbing failed !
switching to Best-first Search now.

advancing to distance :   16
                          15
                          14
                          13
                          12
                          11
                          10
                           9
                           8
                           6
                           4
                           2
                           0

ff: found legal plan as follows

step    0: UNSTACK B000 B002
        1: PUTDOWN B000
        2: UNSTACK B002 B003
        3: PUTDOWN B002
        4: UNSTACK B003 B004
        5: PUTDOWN B003
        6: UNSTACK B004 B001
        7: PUTDOWN B004
        8: PICKUP B001
        9: STACK B001 B003
       10: UNSTACK B007 B006
       11: STACK B007 B002
       12: UNSTACK B006 B005
       13: PUTDOWN B006
       14: PICKUP B005
       15: STACK B005 B000
     

time spent:    0.00 seconds instantiating 144 easy, 0 hard action templates
               0.00 seconds reachability analysis, yielding 89 facts and 144 actions
               0.00 seconds creating final representation with 89 relevant facts
               0.00 seconds building connectivity graph
               0.00 seconds searching, evaluating 77 states, to a max depth of 1
               0.00 seconds total time

