
ff: parsing domain file
domain 'BLOCKS4' defined
 ... done.
ff: parsing problem file
problem 'PROBNAME' defined
 ... done.



Cueing down from goal distance:    2 into depth [1]
                                   1            [1]
                                   0            

Cueing down from goal distance:    7 into depth [1]

Enforced Hill-climbing failed !
switching to Best-first Search now.

advancing to distance :   10
                           9
                           8
                           7
                           6
                           4
                           2
                           1
                           0

ff: found legal plan as follows

step    0: UNSTACK B003 B004
        1: PUTDOWN B003
        2: UNSTACK B006 B000
        3: PUTDOWN B006
        4: UNSTACK B000 B001
        5: STACK B000 B004
        6: UNSTACK B001 B005
        7: STACK B001 B002
        8: PICKUP B005
        9: STACK B005 B003
     

time spent:    0.00 seconds instantiating 112 easy, 0 hard action templates
               0.00 seconds reachability analysis, yielding 71 facts and 112 actions
               0.00 seconds creating final representation with 71 relevant facts
               0.00 seconds building connectivity graph
               0.00 seconds searching, evaluating 45 states, to a max depth of 1
               0.00 seconds total time

