
ff: parsing domain file
domain 'BLOCKS4' defined
 ... done.
ff: parsing problem file
problem 'PROBNAME' defined
 ... done.



Cueing down from goal distance:    3 into depth [1][2]
                                   2            [1]
                                   1            [1]
                                   0            

Cueing down from goal distance:    7 into depth [1]
                                   6            [1]
                                   5            [1]
                                   4            [1]
                                   3            [1][2]
                                   2            [1]
                                   1            [1]
                                   0            

Cueing down from goal distance:    9 into depth [1]
                                   8            [1]
                                   7            [1]
                                   6            [1]
                                   5            [1]

Enforced Hill-climbing failed !
switching to Best-first Search now.

advancing to distance :   18
                          17
                          16
                          15
                          14
                          13
                          12
                          10
                           9
                           8
                           7
                           6
                           4
                           3
                           2
                           0

ff: found legal plan as follows

step    0: UNSTACK B002 B006
        1: PUTDOWN B002
        2: UNSTACK B009 B005
        3: PUTDOWN B009
        4: PICKUP B005
        5: STACK B005 B002
        6: UNSTACK B003 B007
        7: STACK B003 B009
        8: PICKUP B007
        9: STACK B007 B004
       10: UNSTACK B001 B008
       11: STACK B001 B007
       12: UNSTACK B008 B000
       13: PUTDOWN B008
       14: PICKUP B006
       15: STACK B006 B000
       16: UNSTACK B001 B007
       17: PUTDOWN B001
       18: UNSTACK B007 B004
       19: STACK B007 B006
       20: PICKUP B004
       21: STACK B004 B008
       22: UNSTACK B007 B006
       23: STACK B007 B004
       24: PICKUP B001
       25: STACK B001 B007
     

time spent:    0.00 seconds instantiating 220 easy, 0 hard action templates
               0.00 seconds reachability analysis, yielding 131 facts and 220 actions
               0.00 seconds creating final representation with 131 relevant facts
               0.00 seconds building connectivity graph
               0.01 seconds searching, evaluating 319 states, to a max depth of 2
               0.01 seconds total time

