
ff: parsing domain file
domain 'BLOCKS4' defined
 ... done.
ff: parsing problem file
problem 'PROBNAME' defined
 ... done.



Cueing down from goal distance:    5 into depth [1]

Enforced Hill-climbing failed !
switching to Best-first Search now.

advancing to distance :   13
                          12
                          11
                          10
                           9
                           8
                           7
                           6
                           5
                           3
                           2
                           0

ff: found legal plan as follows

step    0: UNSTACK B007 B005
        1: PUTDOWN B007
        2: UNSTACK B002 B004
        3: PUTDOWN B002
        4: UNSTACK B005 B006
        5: STACK B005 B002
        6: UNSTACK B004 B001
        7: PUTDOWN B004
        8: UNSTACK B001 B003
        9: STACK B001 B007
       10: UNSTACK B003 B000
       11: PUTDOWN B003
       12: PICKUP B000
       13: STACK B000 B003
       14: PICKUP B004
       15: STACK B004 B001
       16: UNSTACK B005 B002
       17: PUTDOWN B005
       18: PICKUP B002
       19: STACK B002 B000
       20: PICKUP B005
       21: STACK B005 B002
     

time spent:    0.00 seconds instantiating 144 easy, 0 hard action templates
               0.00 seconds reachability analysis, yielding 89 facts and 144 actions
               0.00 seconds creating final representation with 89 relevant facts
               0.00 seconds building connectivity graph
               0.00 seconds searching, evaluating 146 states, to a max depth of 1
               0.00 seconds total time

