
ff: parsing domain file
domain 'BLOCKS4' defined
 ... done.
ff: parsing problem file
problem 'PROBNAME' defined
 ... done.



Cueing down from goal distance:    4 into depth [1][2]
                                   3            [1][2][3][4]
                                   2            [1]
                                   1            [1]
                                   0            

Cueing down from goal distance:    2 into depth [1]
                                   1            [1]
                                   0            

Cueing down from goal distance:    4 into depth [1][2]
                                   3            [1]

Enforced Hill-climbing failed !
switching to Best-first Search now.

advancing to distance :    9
                           8
                           7
                           6
                           5
                           4
                           3
                           2
                           1
                           0

ff: found legal plan as follows

step    0: UNSTACK B004 B006
        1: PUTDOWN B004
        2: PICKUP B006
        3: STACK B006 B005
        4: UNSTACK B003 B002
        5: PUTDOWN B003
        6: UNSTACK B002 B000
        7: PUTDOWN B002
        8: UNSTACK B000 B001
        9: STACK B000 B003
       10: PICKUP B002
       11: STACK B002 B001
       12: UNSTACK B000 B003
       13: PUTDOWN B000
       14: PICKUP B003
       15: STACK B003 B002
       16: PICKUP B000
       17: STACK B000 B003
       18: PICKUP B004
       19: STACK B004 B000
     

time spent:    0.00 seconds instantiating 112 easy, 0 hard action templates
               0.00 seconds reachability analysis, yielding 71 facts and 112 actions
               0.00 seconds creating final representation with 71 relevant facts
               0.00 seconds building connectivity graph
               0.00 seconds searching, evaluating 155 states, to a max depth of 4
               0.00 seconds total time

