
ff: parsing domain file
domain 'BLOCKS4' defined
 ... done.
ff: parsing problem file
problem 'PROBNAME' defined
 ... done.



Cueing down from goal distance:    3 into depth [1][2]
                                   2            [1]
                                   1            [1]
                                   0            

Cueing down from goal distance:    4 into depth [1][2]
                                   3            [1][2]
                                   2            [1]
                                   1            [1]
                                   0            

Cueing down from goal distance:    3 into depth [1][2]
                                   2            [1]
                                   1            [1]
                                   0            

Cueing down from goal distance:    2 into depth [1]
                                   1            [1]
                                   0            

Cueing down from goal distance:    3 into depth [1]

Enforced Hill-climbing failed !
switching to Best-first Search now.

advancing to distance :   12
                          11
                          10
                           9
                           8
                           7
                           6
                           5
                           4
                           3
                           2
                           1
                           0

ff: found legal plan as follows

step    0: UNSTACK B002 B001
        1: PUTDOWN B002
        2: UNSTACK B001 B003
        3: PUTDOWN B001
        4: UNSTACK B003 B000
        5: PUTDOWN B003
        6: UNSTACK B000 B004
        7: STACK B000 B003
        8: PICKUP B004
        9: STACK B004 B001
       10: UNSTACK B000 B003
       11: PUTDOWN B000
       12: PICKUP B003
       13: STACK B003 B004
       14: PICKUP B000
       15: STACK B000 B003
       16: PICKUP B005
       17: STACK B005 B000
     

time spent:    0.00 seconds instantiating 84 easy, 0 hard action templates
               0.00 seconds reachability analysis, yielding 55 facts and 84 actions
               0.00 seconds creating final representation with 55 relevant facts
               0.00 seconds building connectivity graph
               0.00 seconds searching, evaluating 106 states, to a max depth of 2
               0.00 seconds total time

