
ff: parsing domain file
domain 'BLOCKS4' defined
 ... done.
ff: parsing problem file
problem 'PROBNAME' defined
 ... done.



Cueing down from goal distance:    4 into depth [1][2]
                                   3            [1][2]
                                   2            [1]
                                   1            [1]
                                   0            

Cueing down from goal distance:    2 into depth [1]
                                   1            [1]
                                   0            

Cueing down from goal distance:    5 into depth [1]

Enforced Hill-climbing failed !
switching to Best-first Search now.

advancing to distance :   13
                          12
                          11
                          10
                           9
                           7
                           6
                           5
                           4
                           3
                           2
                           1
                           0

ff: found legal plan as follows

step    0: UNSTACK B005 B004
        1: PUTDOWN B005
        2: UNSTACK B004 B008
        3: PUTDOWN B004
        4: UNSTACK B008 B001
        5: STACK B008 B007
        6: UNSTACK B006 B003
        7: STACK B006 B001
        8: UNSTACK B003 B000
        9: PUTDOWN B003
       10: PICKUP B000
       11: STACK B000 B002
       12: PICKUP B003
       13: STACK B003 B000
       14: UNSTACK B006 B001
       15: STACK B006 B008
       16: PICKUP B001
       17: STACK B001 B003
       18: UNSTACK B006 B008
       19: STACK B006 B001
     

time spent:    0.00 seconds instantiating 180 easy, 0 hard action templates
               0.00 seconds reachability analysis, yielding 109 facts and 180 actions
               0.00 seconds creating final representation with 109 relevant facts
               0.00 seconds building connectivity graph
               0.01 seconds searching, evaluating 212 states, to a max depth of 2
               0.01 seconds total time

