
ff: parsing domain file
domain 'BLOCKS4' defined
 ... done.
ff: parsing problem file
problem 'PROBNAME' defined
 ... done.



Cueing down from goal distance:    3 into depth [1][2]
                                   2            [1]
                                   1            [1]
                                   0            

Cueing down from goal distance:    2 into depth [1]
                                   1            [1]
                                   0            

Cueing down from goal distance:    2 into depth [1]
                                   1            [1]
                                   0            

Cueing down from goal distance:    3 into depth [1][2]
                                   2            [1]
                                   1            [1]
                                   0            

Cueing down from goal distance:    3 into depth [1][2]
                                   2            [1]
                                   1            [1]
                                   0            

Cueing down from goal distance:    3 into depth [1][2]
                                   2            [1]
                                   1            [1]
                                   0            

Cueing down from goal distance:    3 into depth [1][2]
                                   2            [1]
                                   1            [1]
                                   0            

Cueing down from goal distance:    2 into depth [1]
                                   1            [1]
                                   0            

Cueing down from goal distance:    2 into depth [1]
                                   1            [1]
                                   0            

ff: found legal plan as follows

step    0: UNSTACK B009 B004
        1: STACK B009 B007
        2: UNSTACK B004 B002
        3: PUTDOWN B004
        4: UNSTACK B006 B008
        5: PUTDOWN B006
        6: PICKUP B002
        7: STACK B002 B004
        8: UNSTACK B001 B003
        9: STACK B001 B009
       10: UNSTACK B003 B000
       11: STACK B003 B006
       12: UNSTACK B001 B009
       13: STACK B001 B008
       14: UNSTACK B009 B007
       15: STACK B009 B002
       16: UNSTACK B000 B005
       17: STACK B000 B007
       18: PICKUP B005
       19: STACK B005 B003
       20: UNSTACK B001 B008
       21: PUTDOWN B001
       22: PICKUP B008
       23: STACK B008 B009
       24: UNSTACK B000 B007
       25: STACK B000 B005
       26: PICKUP B001
       27: STACK B001 B008
     

time spent:    0.00 seconds instantiating 220 easy, 0 hard action templates
               0.00 seconds reachability analysis, yielding 131 facts and 220 actions
               0.00 seconds creating final representation with 131 relevant facts
               0.00 seconds building connectivity graph
               0.00 seconds searching, evaluating 38 states, to a max depth of 2
               0.00 seconds total time

