
ff: parsing domain file
domain 'BLOCKS4' defined
 ... done.
ff: parsing problem file
problem 'PROBNAME' defined
 ... done.



Cueing down from goal distance:    3 into depth [1][2]
                                   2            [1]
                                   1            [1]
                                   0            

Cueing down from goal distance:    3 into depth [1][2]
                                   2            [1]
                                   1            [1]
                                   0            

Cueing down from goal distance:    4 into depth [1]

Enforced Hill-climbing failed !
switching to Best-first Search now.

advancing to distance :   18
                          17
                          16
                          15
                          14
                          13
                          12
                          11
                          10
                           9
                           8
                           6
                           5
                           4
                           3
                           2
                           0

ff: found legal plan as follows

step    0: UNSTACK B009 B007
        1: PUTDOWN B009
        2: UNSTACK B002 B008
        3: PUTDOWN B002
        4: UNSTACK B008 B001
        5: PUTDOWN B008
        6: PICKUP B007
        7: STACK B007 B001
        8: UNSTACK B000 B005
        9: STACK B000 B007
       10: UNSTACK B005 B004
       11: PUTDOWN B005
       12: UNSTACK B004 B003
       13: STACK B004 B002
       14: PICKUP B003
       15: STACK B003 B005
       16: UNSTACK B000 B007
       17: STACK B000 B004
       18: UNSTACK B007 B001
       19: STACK B007 B009
       20: UNSTACK B001 B006
       21: STACK B001 B003
       22: UNSTACK B007 B009
       23: STACK B007 B001
       24: UNSTACK B000 B004
       25: STACK B000 B007
     

time spent:    0.00 seconds instantiating 220 easy, 0 hard action templates
               0.00 seconds reachability analysis, yielding 131 facts and 220 actions
               0.00 seconds creating final representation with 131 relevant facts
               0.00 seconds building connectivity graph
               0.01 seconds searching, evaluating 245 states, to a max depth of 2
               0.01 seconds total time

