
ff: parsing domain file
domain 'BLOCKS4' defined
 ... done.
ff: parsing problem file
problem 'PROBNAME' defined
 ... done.



Cueing down from goal distance:    3 into depth [1][2]
                                   2            [1]
                                   1            [1]
                                   0            

Cueing down from goal distance:    2 into depth [1]
                                   1            [1]
                                   0            

Cueing down from goal distance:    2 into depth [1]
                                   1            [1]
                                   0            

Cueing down from goal distance:    3 into depth [1][2]
                                   2            [1]
                                   1            [1]
                                   0            

Cueing down from goal distance:    3 into depth [1][2]
                                   2            [1]
                                   1            [1]
                                   0            

Cueing down from goal distance:    2 into depth [1]
                                   1            [1]
                                   0            

Cueing down from goal distance:    3 into depth [1]

Enforced Hill-climbing failed !
switching to Best-first Search now.

advancing to distance :   16
                          15
                          14
                          13
                          12
                          11
                          10
                           9
                           8
                           7
                           6
                           5
                           4
                           3
                           2
                           0

ff: found legal plan as follows

step    0: PICKUP B007
        1: STACK B007 B006
        2: UNSTACK B000 B002
        3: PUTDOWN B000
        4: UNSTACK B002 B001
        5: PUTDOWN B002
        6: UNSTACK B001 B004
        7: PUTDOWN B001
        8: UNSTACK B004 B005
        9: PUTDOWN B004
       10: PICKUP B005
       11: STACK B005 B001
       12: PICKUP B000
       13: STACK B000 B005
       14: UNSTACK B007 B006
       15: STACK B007 B004
       16: UNSTACK B006 B003
       17: STACK B006 B002
       18: UNSTACK B007 B004
       19: STACK B007 B006
       20: PICKUP B003
       21: STACK B003 B007
     

time spent:    0.00 seconds instantiating 144 easy, 0 hard action templates
               0.00 seconds reachability analysis, yielding 89 facts and 144 actions
               0.00 seconds creating final representation with 89 relevant facts
               0.00 seconds building connectivity graph
               0.00 seconds searching, evaluating 107 states, to a max depth of 2
               0.00 seconds total time

