
ff: parsing domain file
domain 'BLOCKS4' defined
 ... done.
ff: parsing problem file
problem 'PROBNAME' defined
 ... done.



Cueing down from goal distance:   12 into depth [1][2]
                                  11            [1][2]
                                  10            [1]
                                   9            [1]
                                   8            [1]
                                   7            [1]
                                   6            [1]

Enforced Hill-climbing failed !
switching to Best-first Search now.

advancing to distance :   18
                          17
                          16
                          14
                          13
                          12
                          11
                          10
                           9
                           8
                           7
                           6
                           4
                           2
                           0

ff: found legal plan as follows

step    0: UNSTACK B006 B000
        1: PUTDOWN B006
        2: UNSTACK B008 B003
        3: STACK B008 B006
        4: UNSTACK B000 B001
        5: STACK B000 B003
        6: UNSTACK B001 B005
        7: PUTDOWN B001
        8: UNSTACK B005 B004
        9: PUTDOWN B005
       10: PICKUP B001
       11: STACK B001 B004
       12: UNSTACK B000 B003
       13: STACK B000 B005
       14: UNSTACK B003 B002
       15: STACK B003 B001
       16: UNSTACK B002 B009
       17: PUTDOWN B002
       18: UNSTACK B009 B007
       19: PUTDOWN B009
       20: PICKUP B007
       21: STACK B007 B009
       22: UNSTACK B000 B005
       23: STACK B000 B003
       24: PICKUP B005
       25: STACK B005 B002
     

time spent:    0.00 seconds instantiating 220 easy, 0 hard action templates
               0.00 seconds reachability analysis, yielding 131 facts and 220 actions
               0.00 seconds creating final representation with 131 relevant facts
               0.00 seconds building connectivity graph
               0.00 seconds searching, evaluating 140 states, to a max depth of 2
               0.00 seconds total time

