
ff: parsing domain file
domain 'BLOCKS4' defined
 ... done.
ff: parsing problem file
problem 'PROBNAME' defined
 ... done.



Cueing down from goal distance:    5 into depth [1]
                                   4            [1]
                                   3            [1][2]
                                   2            [1]
                                   1            [1]
                                   0            

Cueing down from goal distance:    4 into depth [1][2]
                                   3            [1][2]
                                   2            [1]
                                   1            [1]
                                   0            

Cueing down from goal distance:    5 into depth [1][2]
                                   4            [1]
                                   3            [1]
                                   2            [1]
                                   1            [1]
                                   0            

Cueing down from goal distance:    2 into depth [1]
                                   1            [1]
                                   0            

ff: found legal plan as follows

step    0: UNSTACK B003 B005
        1: PUTDOWN B003
        2: UNSTACK B002 B007
        3: STACK B002 B005
        4: UNSTACK B007 B001
        5: PUTDOWN B007
        6: UNSTACK B002 B005
        7: STACK B002 B003
        8: UNSTACK B001 B000
        9: STACK B001 B007
       10: UNSTACK B005 B006
       11: STACK B005 B000
       12: UNSTACK B001 B007
       13: STACK B001 B006
       14: UNSTACK B002 B003
       15: STACK B002 B007
       16: PICKUP B004
       17: STACK B004 B003
       18: UNSTACK B001 B006
       19: STACK B001 B005
     

time spent:    0.00 seconds instantiating 144 easy, 0 hard action templates
               0.00 seconds reachability analysis, yielding 89 facts and 144 actions
               0.00 seconds creating final representation with 89 relevant facts
               0.00 seconds building connectivity graph
               0.00 seconds searching, evaluating 53 states, to a max depth of 2
               0.00 seconds total time

