
ff: parsing domain file
domain 'BLOCKS4' defined
 ... done.
ff: parsing problem file
problem 'PROBNAME' defined
 ... done.



Cueing down from goal distance:    3 into depth [1][2]
                                   2            [1]
                                   1            [1]
                                   0            

Cueing down from goal distance:    4 into depth [1]

Enforced Hill-climbing failed !
switching to Best-first Search now.

advancing to distance :   12
                          11
                          10
                           9
                           8
                           7
                           6
                           5
                           4
                           3
                           2
                           1
                           0

ff: found legal plan as follows

step    0: UNSTACK B000 B004
        1: PUTDOWN B000
        2: UNSTACK B004 B001
        3: PUTDOWN B004
        4: PICKUP B001
        5: STACK B001 B004
        6: UNSTACK B005 B003
        7: STACK B005 B001
        8: UNSTACK B003 B002
        9: PUTDOWN B003
       10: UNSTACK B005 B001
       11: STACK B005 B002
       12: UNSTACK B001 B004
       13: STACK B001 B000
       14: PICKUP B004
       15: STACK B004 B003
       16: UNSTACK B001 B000
       17: STACK B001 B004
       18: UNSTACK B005 B002
       19: PUTDOWN B005
       20: PICKUP B002
       21: STACK B002 B001
       22: PICKUP B005
       23: STACK B005 B002
     

time spent:    0.00 seconds instantiating 84 easy, 0 hard action templates
               0.00 seconds reachability analysis, yielding 55 facts and 84 actions
               0.00 seconds creating final representation with 55 relevant facts
               0.00 seconds building connectivity graph
               0.00 seconds searching, evaluating 116 states, to a max depth of 2
               0.00 seconds total time

