
ff: parsing domain file
domain 'BLOCKS4' defined
 ... done.
ff: parsing problem file
problem 'PROBNAME' defined
 ... done.



Cueing down from goal distance:    5 into depth [1]

Enforced Hill-climbing failed !
switching to Best-first Search now.

advancing to distance :   12
                          11
                          10
                           9
                           8
                           7
                           6
                           5
                           4
                           3
                           2
                           1
                           0

ff: found legal plan as follows

step    0: UNSTACK B005 B000
        1: PUTDOWN B005
        2: PICKUP B000
        3: STACK B000 B001
        4: UNSTACK B004 B003
        5: PUTDOWN B004
        6: UNSTACK B003 B006
        7: PUTDOWN B003
        8: UNSTACK B006 B007
        9: STACK B006 B004
       10: UNSTACK B007 B002
       11: PUTDOWN B007
       12: PICKUP B003
       13: STACK B003 B007
       14: UNSTACK B006 B004
       15: PUTDOWN B006
       16: PICKUP B004
       17: STACK B004 B002
       18: PICKUP B006
       19: STACK B006 B004
       20: UNSTACK B003 B007
       21: PUTDOWN B003
       22: PICKUP B007
       23: STACK B007 B006
       24: PICKUP B003
       25: STACK B003 B007
     

time spent:    0.00 seconds instantiating 144 easy, 0 hard action templates
               0.00 seconds reachability analysis, yielding 89 facts and 144 actions
               0.00 seconds creating final representation with 89 relevant facts
               0.00 seconds building connectivity graph
               0.01 seconds searching, evaluating 382 states, to a max depth of 1
               0.01 seconds total time

