
ff: parsing domain file
domain 'BLOCKS4' defined
 ... done.
ff: parsing problem file
problem 'PROBNAME' defined
 ... done.



Cueing down from goal distance:    2 into depth [1]
                                   1            [1]
                                   0            

Cueing down from goal distance:    3 into depth [1][2]
                                   2            [1]
                                   1            [1]
                                   0            

Cueing down from goal distance:    3 into depth [1][2]
                                   2            [1]
                                   1            [1]
                                   0            

Cueing down from goal distance:    3 into depth [1]

Enforced Hill-climbing failed !
switching to Best-first Search now.

advancing to distance :   12
                          11
                          10
                           9
                           8
                           7
                           6
                           4
                           3
                           2
                           0

ff: found legal plan as follows

step    0: UNSTACK B002 B006
        1: PUTDOWN B002
        2: PICKUP B000
        3: STACK B000 B004
        4: UNSTACK B006 B001
        5: STACK B006 B000
        6: PICKUP B001
        7: STACK B001 B002
        8: UNSTACK B007 B005
        9: STACK B007 B003
       10: UNSTACK B006 B000
       11: PUTDOWN B006
       12: UNSTACK B000 B004
       13: STACK B000 B006
       14: PICKUP B004
       15: STACK B004 B001
       16: UNSTACK B000 B006
       17: STACK B000 B004
       18: PICKUP B006
       19: STACK B006 B000
     

time spent:    0.00 seconds instantiating 144 easy, 0 hard action templates
               0.00 seconds reachability analysis, yielding 89 facts and 144 actions
               0.00 seconds creating final representation with 89 relevant facts
               0.00 seconds building connectivity graph
               0.00 seconds searching, evaluating 165 states, to a max depth of 2
               0.00 seconds total time

