
ff: parsing domain file
domain 'BLOCKS4' defined
 ... done.
ff: parsing problem file
problem 'PROBNAME' defined
 ... done.



Cueing down from goal distance:    4 into depth [1]

Enforced Hill-climbing failed !
switching to Best-first Search now.

advancing to distance :    6
                           5
                           4
                           3
                           2
                           0

ff: found legal plan as follows

step    0: UNSTACK B004 B002
        1: PUTDOWN B004
        2: UNSTACK B002 B003
        3: STACK B002 B004
        4: PICKUP B003
        5: STACK B003 B001
        6: UNSTACK B002 B004
        7: PUTDOWN B002
        8: PICKUP B004
        9: STACK B004 B003
       10: PICKUP B002
       11: STACK B002 B004
     

time spent:    0.00 seconds instantiating 84 easy, 0 hard action templates
               0.00 seconds reachability analysis, yielding 55 facts and 84 actions
               0.00 seconds creating final representation with 55 relevant facts
               0.00 seconds building connectivity graph
               0.00 seconds searching, evaluating 59 states, to a max depth of 1
               0.00 seconds total time

