
ff: parsing domain file
domain 'BLOCKS4' defined
 ... done.
ff: parsing problem file
problem 'PROBNAME' defined
 ... done.



Cueing down from goal distance:    3 into depth [1][2]
                                   2            [1]
                                   1            [1]
                                   0            

Cueing down from goal distance:    6 into depth [1]
                                   5            [1]
                                   4            [1]

Enforced Hill-climbing failed !
switching to Best-first Search now.

advancing to distance :   18
                          17
                          16
                          15
                          14
                          13
                          12
                          11
                          10
                           9
                           8
                           6
                           4
                           2
                           0

ff: found legal plan as follows

step    0: UNSTACK B000 B001
        1: PUTDOWN B000
        2: UNSTACK B001 B003
        3: PUTDOWN B001
        4: UNSTACK B004 B008
        5: STACK B004 B001
        6: UNSTACK B008 B002
        7: PUTDOWN B008
        8: UNSTACK B002 B006
        9: PUTDOWN B002
       10: UNSTACK B003 B009
       11: STACK B003 B002
       12: PICKUP B009
       13: STACK B009 B006
       14: UNSTACK B005 B007
       15: STACK B005 B004
       16: PICKUP B007
       17: STACK B007 B000
     

time spent:    0.00 seconds instantiating 220 easy, 0 hard action templates
               0.00 seconds reachability analysis, yielding 131 facts and 220 actions
               0.00 seconds creating final representation with 131 relevant facts
               0.00 seconds building connectivity graph
               0.00 seconds searching, evaluating 102 states, to a max depth of 2
               0.00 seconds total time

