
ff: parsing domain file
domain 'BLOCKS4' defined
 ... done.
ff: parsing problem file
problem 'PROBNAME' defined
 ... done.



Cueing down from goal distance:    6 into depth [1]
                                   5            [1]
                                   4            [1]

Enforced Hill-climbing failed !
switching to Best-first Search now.

advancing to distance :   10
                           9
                           8
                           7
                           6
                           4
                           3
                           2
                           0

ff: found legal plan as follows

step    0: UNSTACK B001 B005
        1: PUTDOWN B001
        2: UNSTACK B005 B000
        3: PUTDOWN B005
        4: PICKUP B004
        5: STACK B004 B005
        6: UNSTACK B000 B003
        7: STACK B000 B004
        8: UNSTACK B003 B002
        9: STACK B003 B001
       10: UNSTACK B000 B004
       11: PUTDOWN B000
       12: UNSTACK B004 B005
       13: STACK B004 B003
       14: PICKUP B005
       15: STACK B005 B002
       16: UNSTACK B004 B003
       17: STACK B004 B005
       18: PICKUP B000
       19: STACK B000 B004
     

time spent:    0.00 seconds instantiating 84 easy, 0 hard action templates
               0.00 seconds reachability analysis, yielding 55 facts and 84 actions
               0.00 seconds creating final representation with 55 relevant facts
               0.00 seconds building connectivity graph
               0.00 seconds searching, evaluating 97 states, to a max depth of 1
               0.00 seconds total time

