
ff: parsing domain file
domain 'BLOCKS4' defined
 ... done.
ff: parsing problem file
problem 'PROBNAME' defined
 ... done.



Cueing down from goal distance:    3 into depth [1][2]
                                   2            [1]
                                   1            [1]
                                   0            

Cueing down from goal distance:    4 into depth [1]
                                   3            [1]
                                   2            [1]
                                   1            [1]
                                   0            

Cueing down from goal distance:    4 into depth [1]

Enforced Hill-climbing failed !
switching to Best-first Search now.

advancing to distance :   13
                          12
                          11
                          10
                           9
                           8
                           7
                           6
                           5
                           4
                           3
                           2
                           0

ff: found legal plan as follows

step    0: UNSTACK B003 B005
        1: PUTDOWN B003
        2: UNSTACK B005 B001
        3: PUTDOWN B005
        4: UNSTACK B001 B000
        5: PUTDOWN B001
        6: UNSTACK B000 B002
        7: PUTDOWN B000
        8: PICKUP B003
        9: STACK B003 B005
       10: UNSTACK B006 B004
       11: STACK B006 B003
       12: PICKUP B002
       13: STACK B002 B006
       14: PICKUP B004
       15: STACK B004 B001
     

time spent:    0.00 seconds instantiating 112 easy, 0 hard action templates
               0.00 seconds reachability analysis, yielding 71 facts and 112 actions
               0.00 seconds creating final representation with 71 relevant facts
               0.00 seconds building connectivity graph
               0.00 seconds searching, evaluating 99 states, to a max depth of 2
               0.00 seconds total time

