
ff: parsing domain file
domain 'BLOCKS4' defined
 ... done.
ff: parsing problem file
problem 'PROBNAME' defined
 ... done.



Cueing down from goal distance:    7 into depth [1]
                                   6            [1]
                                   5            [1][2]
                                   4            [1][2][3]

Enforced Hill-climbing failed !
switching to Best-first Search now.

advancing to distance :   11
                          10
                           9
                           8
                           6
                           5
                           4
                           2
                           0

ff: found legal plan as follows

step    0: UNSTACK B000 B002
        1: PUTDOWN B000
        2: UNSTACK B007 B006
        3: STACK B007 B002
        4: UNSTACK B006 B005
        5: STACK B006 B008
        6: UNSTACK B007 B002
        7: PUTDOWN B007
        8: UNSTACK B002 B001
        9: PUTDOWN B002
       10: UNSTACK B001 B003
       11: STACK B001 B005
       12: PICKUP B002
       13: STACK B002 B001
       14: UNSTACK B003 B004
       15: STACK B003 B000
       16: PICKUP B007
       17: STACK B007 B002
     

time spent:    0.00 seconds instantiating 180 easy, 0 hard action templates
               0.00 seconds reachability analysis, yielding 109 facts and 180 actions
               0.00 seconds creating final representation with 109 relevant facts
               0.00 seconds building connectivity graph
               0.01 seconds searching, evaluating 178 states, to a max depth of 3
               0.01 seconds total time

