
ff: parsing domain file
domain 'BLOCKS4' defined
 ... done.
ff: parsing problem file
problem 'PROBNAME' defined
 ... done.



Cueing down from goal distance:    5 into depth [1]
                                   4            [1]
                                   3            [1][2]
                                   2            [1]
                                   1            [1]
                                   0            

Cueing down from goal distance:    7 into depth [1]
                                   6            [1]
                                   5            [1][2]
                                   4            [1]
                                   3            [1]
                                   2            [1]
                                   1            [1]
                                   0            

Cueing down from goal distance:    4 into depth [1]

Enforced Hill-climbing failed !
switching to Best-first Search now.

advancing to distance :   14
                          13
                          12
                          10
                           9
                           8
                           7
                           6
                           4
                           3
                           2
                           1
                           0

ff: found legal plan as follows

step    0: PICKUP B001
        1: STACK B001 B000
        2: UNSTACK B002 B008
        3: STACK B002 B009
        4: UNSTACK B008 B006
        5: STACK B008 B001
        6: PICKUP B006
        7: STACK B006 B007
        8: UNSTACK B004 B003
        9: STACK B004 B006
       10: PICKUP B005
       11: STACK B005 B008
       12: UNSTACK B004 B006
       13: PUTDOWN B004
       14: UNSTACK B006 B007
       15: STACK B006 B002
       16: PICKUP B007
       17: STACK B007 B003
       18: UNSTACK B006 B002
       19: STACK B006 B007
       20: PICKUP B004
       21: STACK B004 B006
     

time spent:    0.00 seconds instantiating 220 easy, 0 hard action templates
               0.00 seconds reachability analysis, yielding 131 facts and 220 actions
               0.00 seconds creating final representation with 131 relevant facts
               0.00 seconds building connectivity graph
               0.00 seconds searching, evaluating 209 states, to a max depth of 2
               0.00 seconds total time

