
ff: parsing domain file
domain 'BLOCKS4' defined
 ... done.
ff: parsing problem file
problem 'PROBNAME' defined
 ... done.



Cueing down from goal distance:    4 into depth [1][2]
                                   3            [1][2]
                                   2            [1]
                                   1            [1]
                                   0            

Cueing down from goal distance:    3 into depth [1][2]
                                   2            [1]
                                   1            [1]
                                   0            

Cueing down from goal distance:    3 into depth [1][2]
                                   2            [1]
                                   1            [1]
                                   0            

Cueing down from goal distance:    2 into depth [1][2]
                                   0            

ff: found legal plan as follows

step    0: UNSTACK B002 B000
        1: STACK B002 B006
        2: UNSTACK B000 B005
        3: STACK B000 B002
        4: UNSTACK B005 B004
        5: PUTDOWN B005
        6: UNSTACK B004 B001
        7: STACK B004 B005
        8: UNSTACK B000 B002
        9: STACK B000 B001
       10: UNSTACK B004 B005
       11: STACK B004 B000
       12: UNSTACK B002 B006
       13: STACK B002 B005
       14: UNSTACK B006 B003
       15: PUTDOWN B006
     

time spent:    0.00 seconds instantiating 112 easy, 0 hard action templates
               0.00 seconds reachability analysis, yielding 71 facts and 112 actions
               0.00 seconds creating final representation with 71 relevant facts
               0.00 seconds building connectivity graph
               0.00 seconds searching, evaluating 30 states, to a max depth of 2
               0.00 seconds total time

