
ff: parsing domain file
domain 'BLOCKS4' defined
 ... done.
ff: parsing problem file
problem 'PROBNAME' defined
 ... done.



Cueing down from goal distance:    2 into depth [1]
                                   1            [1]
                                   0            

Cueing down from goal distance:    3 into depth [1][2]
                                   2            [1]
                                   1            [1]
                                   0            

Cueing down from goal distance:    3 into depth [1][2]
                                   2            [1]
                                   1            [1]
                                   0            

Cueing down from goal distance:    2 into depth [1]
                                   1            [1]
                                   0            

Cueing down from goal distance:    2 into depth [1][2]
                                   0            

ff: found legal plan as follows

step    0: UNSTACK B006 B005
        1: PUTDOWN B006
        2: UNSTACK B000 B003
        3: STACK B000 B005
        4: UNSTACK B003 B004
        5: PUTDOWN B003
        6: UNSTACK B000 B005
        7: STACK B000 B003
        8: PICKUP B005
        9: STACK B005 B006
       10: PICKUP B004
       11: STACK B004 B005
       12: UNSTACK B002 B001
       13: PUTDOWN B002
     

time spent:    0.00 seconds instantiating 112 easy, 0 hard action templates
               0.00 seconds reachability analysis, yielding 71 facts and 112 actions
               0.00 seconds creating final representation with 71 relevant facts
               0.00 seconds building connectivity graph
               0.00 seconds searching, evaluating 20 states, to a max depth of 2
               0.00 seconds total time

