
ff: parsing domain file
domain 'BLOCKS4' defined
 ... done.
ff: parsing problem file
problem 'PROBNAME' defined
 ... done.



Cueing down from goal distance:    5 into depth [1][2]
                                   4            [1][2]
                                   3            [1][2]
                                   2            [1]
                                   1            [1]
                                   0            

Cueing down from goal distance:    2 into depth [1]
                                   1            [1]
                                   0            

Cueing down from goal distance:    3 into depth [1][2]
                                   2            [1]
                                   1            [1]
                                   0            

Cueing down from goal distance:    5 into depth [1][2]

Enforced Hill-climbing failed !
switching to Best-first Search now.

advancing to distance :   13
                          11
                          10
                           9
                           8
                           7
                           6
                           4
                           3
                           2
                           0

ff: found legal plan as follows

step    0: UNSTACK B006 B002
        1: STACK B006 B007
        2: UNSTACK B003 B001
        3: STACK B003 B002
        4: UNSTACK B001 B000
        5: PUTDOWN B001
        6: PICKUP B000
        7: STACK B000 B003
        8: UNSTACK B005 B008
        9: STACK B005 B000
       10: UNSTACK B008 B004
       11: PUTDOWN B008
       12: PICKUP B001
       13: STACK B001 B004
       14: UNSTACK B005 B000
       15: STACK B005 B008
       16: UNSTACK B000 B003
       17: STACK B000 B006
       18: UNSTACK B003 B002
       19: STACK B003 B000
       20: PICKUP B002
       21: STACK B002 B001
       22: UNSTACK B003 B000
       23: STACK B003 B002
       24: UNSTACK B000 B006
       25: STACK B000 B003
     

time spent:    0.00 seconds instantiating 180 easy, 0 hard action templates
               0.00 seconds reachability analysis, yielding 109 facts and 180 actions
               0.00 seconds creating final representation with 109 relevant facts
               0.00 seconds building connectivity graph
               0.01 seconds searching, evaluating 267 states, to a max depth of 2
               0.01 seconds total time

