
ff: parsing domain file
domain 'BLOCKS4' defined
 ... done.
ff: parsing problem file
problem 'PROBNAME' defined
 ... done.



Cueing down from goal distance:    2 into depth [1]
                                   1            [1]
                                   0            

Cueing down from goal distance:    8 into depth [1][2]
                                   7            [1]

Enforced Hill-climbing failed !
switching to Best-first Search now.

advancing to distance :   12
                          11
                          10
                           9
                           8
                           7
                           6
                           4
                           2
                           0

ff: found legal plan as follows

step    0: UNSTACK B005 B003
        1: PUTDOWN B005
        2: UNSTACK B002 B001
        3: PUTDOWN B002
        4: UNSTACK B007 B006
        5: PUTDOWN B007
        6: UNSTACK B003 B004
        7: STACK B003 B001
        8: UNSTACK B004 B000
        9: STACK B004 B007
       10: PICKUP B000
       11: STACK B000 B006
     

time spent:    0.00 seconds instantiating 144 easy, 0 hard action templates
               0.00 seconds reachability analysis, yielding 89 facts and 144 actions
               0.00 seconds creating final representation with 89 relevant facts
               0.00 seconds building connectivity graph
               0.00 seconds searching, evaluating 63 states, to a max depth of 2
               0.00 seconds total time

