
ff: parsing domain file
domain 'BLOCKS4' defined
 ... done.
ff: parsing problem file
problem 'PROBNAME' defined
 ... done.



Cueing down from goal distance:    3 into depth [1][2]
                                   2            [1]
                                   1            [1]
                                   0            

Cueing down from goal distance:    6 into depth [1][2]
                                   5            [1]
                                   4            [1]
                                   3            [1][2]
                                   2            [1]
                                   1            [1]
                                   0            

Cueing down from goal distance:    5 into depth [1]
                                   4            [1]
                                   3            [1][2]
                                   2            [1]
                                   1            [1]
                                   0            

Cueing down from goal distance:    2 into depth [1]
                                   1            [1]
                                   0            

Cueing down from goal distance:    4 into depth [1]
                                   3            [1]
                                   2            [1]
                                   1            [1]
                                   0            

Cueing down from goal distance:    2 into depth [1]
                                   1            [1]
                                   0            

ff: found legal plan as follows

step    0: UNSTACK B001 B009
        1: STACK B001 B005
        2: UNSTACK B009 B003
        3: PUTDOWN B009
        4: UNSTACK B003 B000
        5: STACK B003 B007
        6: UNSTACK B000 B004
        7: PUTDOWN B000
        8: UNSTACK B002 B008
        9: STACK B002 B006
       10: PICKUP B008
       11: STACK B008 B009
       12: UNSTACK B003 B007
       13: STACK B003 B000
       14: UNSTACK B001 B005
       15: STACK B001 B007
       16: PICKUP B005
       17: STACK B005 B008
       18: UNSTACK B001 B007
       19: STACK B001 B004
       20: UNSTACK B002 B006
       21: STACK B002 B003
       22: PICKUP B007
       23: STACK B007 B005
       24: PICKUP B006
       25: STACK B006 B007
     

time spent:    0.00 seconds instantiating 220 easy, 0 hard action templates
               0.00 seconds reachability analysis, yielding 131 facts and 220 actions
               0.00 seconds creating final representation with 131 relevant facts
               0.00 seconds building connectivity graph
               0.00 seconds searching, evaluating 52 states, to a max depth of 2
               0.00 seconds total time

