
ff: parsing domain file
domain 'BLOCKS4' defined
 ... done.
ff: parsing problem file
problem 'PROBNAME' defined
 ... done.



Cueing down from goal distance:    5 into depth [1]
                                   4            [1]
                                   3            [1][2]
                                   2            [1]
                                   1            [1]
                                   0            

Cueing down from goal distance:    4 into depth [1]
                                   3            [1]
                                   2            [1]
                                   1            [1]
                                   0            

Cueing down from goal distance:    2 into depth [1][2]
                                   0            

ff: found legal plan as follows

step    0: UNSTACK B001 B003
        1: PUTDOWN B001
        2: UNSTACK B005 B002
        3: STACK B005 B004
        4: UNSTACK B002 B000
        5: PUTDOWN B002
        6: PICKUP B000
        7: STACK B000 B002
        8: PICKUP B003
        9: STACK B003 B001
       10: UNSTACK B005 B004
       11: PUTDOWN B005
     

time spent:    0.00 seconds instantiating 84 easy, 0 hard action templates
               0.00 seconds reachability analysis, yielding 55 facts and 84 actions
               0.00 seconds creating final representation with 55 relevant facts
               0.00 seconds building connectivity graph
               0.00 seconds searching, evaluating 22 states, to a max depth of 2
               0.00 seconds total time

