
ff: parsing domain file
domain 'BLOCKS4' defined
 ... done.
ff: parsing problem file
problem 'PROBNAME' defined
 ... done.



Cueing down from goal distance:    4 into depth [1][2]
                                   3            [1][2]
                                   2            [1]
                                   1            [1]
                                   0            

Cueing down from goal distance:    4 into depth [1][2]
                                   3            [1][2]
                                   2            [1]
                                   1            [1]
                                   0            

Cueing down from goal distance:    2 into depth [1]
                                   1            [1]
                                   0            

Cueing down from goal distance:    2 into depth [1]
                                   1            [1]
                                   0            

Cueing down from goal distance:    2 into depth [1]
                                   1            [1]
                                   0            

Cueing down from goal distance:    2 into depth [1]
                                   1            [1]
                                   0            

Cueing down from goal distance:    2 into depth [1]
                                   1            [1]
                                   0            

ff: found legal plan as follows

step    0: UNSTACK B006 B003
        1: STACK B006 B005
        2: UNSTACK B003 B002
        3: STACK B003 B006
        4: UNSTACK B002 B008
        5: PUTDOWN B002
        6: UNSTACK B003 B006
        7: STACK B003 B002
        8: UNSTACK B007 B000
        9: STACK B007 B003
       10: UNSTACK B006 B005
       11: STACK B006 B000
       12: UNSTACK B007 B003
       13: STACK B007 B006
       14: PICKUP B005
       15: STACK B005 B003
       16: PICKUP B001
       17: STACK B001 B007
       18: UNSTACK B008 B004
       19: STACK B008 B005
       20: PICKUP B004
       21: STACK B004 B001
     

time spent:    0.00 seconds instantiating 180 easy, 0 hard action templates
               0.00 seconds reachability analysis, yielding 109 facts and 180 actions
               0.00 seconds creating final representation with 109 relevant facts
               0.00 seconds building connectivity graph
               0.00 seconds searching, evaluating 39 states, to a max depth of 2
               0.00 seconds total time

