
ff: parsing domain file
domain 'BLOCKS4' defined
 ... done.
ff: parsing problem file
problem 'PROBNAME' defined
 ... done.



Cueing down from goal distance:    2 into depth [1]
                                   1            [1]
                                   0            

Cueing down from goal distance:    3 into depth [1][2]
                                   2            [1]
                                   1            [1]
                                   0            

Cueing down from goal distance:    3 into depth [1][2]
                                   2            [1]
                                   1            [1]
                                   0            

Cueing down from goal distance:    4 into depth [1][2]
                                   3            [1][2]
                                   2            [1]
                                   1            [1]
                                   0            

Cueing down from goal distance:    4 into depth [1]

Enforced Hill-climbing failed !
switching to Best-first Search now.

advancing to distance :   18
                          17
                          16
                          15
                          14
                          13
                          12
                          11
                          10
                           9
                           8
                           7
                           6
                           4
                           3
                           2
                           0

ff: found legal plan as follows

step    0: UNSTACK B004 B001
        1: PUTDOWN B004
        2: PICKUP B001
        3: STACK B001 B002
        4: UNSTACK B009 B008
        5: STACK B009 B005
        6: UNSTACK B008 B003
        7: PUTDOWN B008
        8: PICKUP B003
        9: STACK B003 B001
       10: UNSTACK B009 B005
       11: STACK B009 B003
       12: UNSTACK B005 B000
       13: STACK B005 B008
       14: PICKUP B000
       15: STACK B000 B004
       16: UNSTACK B009 B003
       17: STACK B009 B005
       18: UNSTACK B003 B001
       19: STACK B003 B009
       20: UNSTACK B001 B002
       21: STACK B001 B003
       22: UNSTACK B002 B007
       23: STACK B002 B000
       24: UNSTACK B001 B003
       25: STACK B001 B002
       26: UNSTACK B007 B006
       27: PUTDOWN B007
       28: UNSTACK B003 B009
       29: STACK B003 B001
       30: UNSTACK B009 B005
       31: STACK B009 B003
       32: UNSTACK B005 B008
       33: STACK B005 B006
       34: PICKUP B008
       35: STACK B008 B007
       36: UNSTACK B005 B006
       37: STACK B005 B008
       38: UNSTACK B009 B003
       39: STACK B009 B005
     

time spent:    0.00 seconds instantiating 220 easy, 0 hard action templates
               0.00 seconds reachability analysis, yielding 131 facts and 220 actions
               0.00 seconds creating final representation with 131 relevant facts
               0.00 seconds building connectivity graph
               0.01 seconds searching, evaluating 389 states, to a max depth of 2
               0.01 seconds total time

