
ff: parsing domain file
domain 'BLOCKS4' defined
 ... done.
ff: parsing problem file
problem 'PROBNAME' defined
 ... done.



Cueing down from goal distance:    8 into depth [1]
                                   7            [1]
                                   6            [1][2]
                                   5            [1][2]
                                   4            [1][2]
                                   3            [1][2]
                                   2            [1]
                                   1            [1]
                                   0            

Cueing down from goal distance:    7 into depth [1]
                                   6            [1]
                                   5            [1][2]
                                   4            [1][2]
                                   3            [1]

Enforced Hill-climbing failed !
switching to Best-first Search now.

advancing to distance :   16
                          15
                          14
                          13
                          12
                          11
                          10
                           9
                           8
                           7
                           6
                           5
                           4
                           2
                           0

ff: found legal plan as follows

step    0: UNSTACK B008 B000
        1: STACK B008 B007
        2: UNSTACK B000 B005
        3: STACK B000 B006
        4: UNSTACK B003 B001
        5: STACK B003 B000
        6: UNSTACK B001 B004
        7: STACK B001 B008
        8: UNSTACK B004 B002
        9: STACK B004 B001
       10: PICKUP B002
       11: STACK B002 B005
       12: UNSTACK B003 B000
       13: STACK B003 B004
       14: UNSTACK B000 B006
       15: PUTDOWN B000
       16: UNSTACK B006 B009
       17: STACK B006 B002
       18: PICKUP B000
       19: STACK B000 B006
       20: UNSTACK B003 B004
       21: STACK B003 B000
       22: PICKUP B009
       23: STACK B009 B004
     

time spent:    0.00 seconds instantiating 220 easy, 0 hard action templates
               0.00 seconds reachability analysis, yielding 131 facts and 220 actions
               0.00 seconds creating final representation with 131 relevant facts
               0.00 seconds building connectivity graph
               0.00 seconds searching, evaluating 161 states, to a max depth of 2
               0.00 seconds total time

