
ff: parsing domain file
domain 'BLOCKS4' defined
 ... done.
ff: parsing problem file
problem 'PROBNAME' defined
 ... done.



Cueing down from goal distance:    2 into depth [1]
                                   1            [1]
                                   0            

Cueing down from goal distance:    6 into depth [1][2]
                                   5            [1]
                                   4            [1]
                                   3            [1][2]
                                   2            [1]
                                   1            [1]
                                   0            

Cueing down from goal distance:    4 into depth [1][2]
                                   3            [1][2]
                                   2            [1]
                                   1            [1]
                                   0            

Cueing down from goal distance:    2 into depth [1]
                                   1            [1]
                                   0            

Cueing down from goal distance:    2 into depth [1]
                                   1            [1]
                                   0            

ff: found legal plan as follows

step    0: UNSTACK B001 B003
        1: PUTDOWN B001
        2: UNSTACK B004 B002
        3: STACK B004 B003
        4: UNSTACK B002 B000
        5: PUTDOWN B002
        6: UNSTACK B007 B005
        7: STACK B007 B001
        8: UNSTACK B005 B006
        9: PUTDOWN B005
       10: UNSTACK B004 B003
       11: STACK B004 B002
       12: UNSTACK B007 B001
       13: STACK B007 B004
       14: PICKUP B003
       15: STACK B003 B001
       16: PICKUP B000
       17: STACK B000 B005
       18: UNSTACK B007 B004
       19: STACK B007 B003
     

time spent:    0.00 seconds instantiating 144 easy, 0 hard action templates
               0.00 seconds reachability analysis, yielding 89 facts and 144 actions
               0.00 seconds creating final representation with 89 relevant facts
               0.00 seconds building connectivity graph
               0.00 seconds searching, evaluating 38 states, to a max depth of 2
               0.00 seconds total time

