
ff: parsing domain file
domain 'BLOCKS4' defined
 ... done.
ff: parsing problem file
problem 'PROBNAME' defined
 ... done.



Cueing down from goal distance:    2 into depth [1]
                                   1            [1]
                                   0            

Cueing down from goal distance:    2 into depth [1]
                                   1            [1]
                                   0            

Cueing down from goal distance:    6 into depth [1][2]
                                   5            [1]

Enforced Hill-climbing failed !
switching to Best-first Search now.

advancing to distance :   11
                          10
                           9
                           8
                           7
                           6
                           5
                           3
                           2
                           0

ff: found legal plan as follows

step    0: UNSTACK B007 B003
        1: PUTDOWN B007
        2: UNSTACK B005 B002
        3: STACK B005 B007
        4: UNSTACK B008 B006
        5: PUTDOWN B008
        6: UNSTACK B002 B001
        7: STACK B002 B006
        8: UNSTACK B001 B004
        9: PUTDOWN B001
       10: UNSTACK B004 B000
       11: STACK B004 B005
       12: PICKUP B001
       13: STACK B001 B004
     

time spent:    0.00 seconds instantiating 180 easy, 0 hard action templates
               0.00 seconds reachability analysis, yielding 109 facts and 180 actions
               0.00 seconds creating final representation with 109 relevant facts
               0.00 seconds building connectivity graph
               0.00 seconds searching, evaluating 79 states, to a max depth of 2
               0.00 seconds total time

