
ff: parsing domain file
domain 'BLOCKS4' defined
 ... done.
ff: parsing problem file
problem 'PROBNAME' defined
 ... done.



Cueing down from goal distance:    3 into depth [1][2]
                                   2            [1]
                                   1            [1]
                                   0            

Cueing down from goal distance:    3 into depth [1][2]
                                   2            [1]
                                   1            [1]
                                   0            

Cueing down from goal distance:    2 into depth [1]
                                   1            [1]
                                   0            

Cueing down from goal distance:    2 into depth [1]
                                   1            [1]
                                   0            

Cueing down from goal distance:    3 into depth [1]

Enforced Hill-climbing failed !
switching to Best-first Search now.

advancing to distance :   14
                          13
                          12
                          11
                          10
                           9
                           8
                           7
                           6
                           4
                           3
                           2
                           0

ff: found legal plan as follows

step    0: UNSTACK B001 B006
        1: PUTDOWN B001
        2: UNSTACK B006 B000
        3: PUTDOWN B006
        4: UNSTACK B000 B005
        5: PUTDOWN B000
        6: UNSTACK B005 B007
        7: STACK B005 B006
        8: PICKUP B001
        9: STACK B001 B005
       10: UNSTACK B003 B004
       11: STACK B003 B007
       12: UNSTACK B004 B002
       13: STACK B004 B000
       14: PICKUP B002
       15: STACK B002 B001
       16: UNSTACK B003 B007
       17: STACK B003 B002
     

time spent:    0.00 seconds instantiating 180 easy, 0 hard action templates
               0.00 seconds reachability analysis, yielding 109 facts and 180 actions
               0.00 seconds creating final representation with 109 relevant facts
               0.00 seconds building connectivity graph
               0.00 seconds searching, evaluating 122 states, to a max depth of 2
               0.00 seconds total time

