
ff: parsing domain file
domain 'BLOCKS4' defined
 ... done.
ff: parsing problem file
problem 'PROBNAME' defined
 ... done.



Cueing down from goal distance:    2 into depth [1]
                                   1            [1]
                                   0            

Cueing down from goal distance:    3 into depth [1][2]
                                   2            [1]
                                   1            [1]
                                   0            

Cueing down from goal distance:    2 into depth [1]
                                   1            [1]
                                   0            

Cueing down from goal distance:    2 into depth [1]
                                   1            [1]
                                   0            

Cueing down from goal distance:    2 into depth [1]
                                   1            [1]
                                   0            

Cueing down from goal distance:    3 into depth [1]

Enforced Hill-climbing failed !
switching to Best-first Search now.

advancing to distance :   14
                          13
                          12
                          11
                          10
                           9
                           8
                           7
                           6
                           5
                           4
                           2
                           0

ff: found legal plan as follows

step    0: UNSTACK B007 B005
        1: PUTDOWN B007
        2: UNSTACK B006 B000
        3: PUTDOWN B006
        4: UNSTACK B008 B001
        5: STACK B008 B003
        6: PICKUP B001
        7: STACK B001 B006
        8: PICKUP B002
        9: STACK B002 B001
       10: UNSTACK B005 B004
       11: STACK B005 B002
       12: PICKUP B000
       13: STACK B000 B008
     

time spent:    0.00 seconds instantiating 180 easy, 0 hard action templates
               0.00 seconds reachability analysis, yielding 109 facts and 180 actions
               0.00 seconds creating final representation with 109 relevant facts
               0.00 seconds building connectivity graph
               0.00 seconds searching, evaluating 94 states, to a max depth of 2
               0.00 seconds total time

