
ff: parsing domain file
domain 'BLOCKS4' defined
 ... done.
ff: parsing problem file
problem 'PROBNAME' defined
 ... done.



Cueing down from goal distance:    4 into depth [1]

Enforced Hill-climbing failed !
switching to Best-first Search now.

advancing to distance :   12
                          11
                          10
                           9
                           8
                           7
                           6
                           5
                           4
                           3
                           2
                           1
                           0

ff: found legal plan as follows

step    0: UNSTACK B005 B002
        1: PUTDOWN B005
        2: UNSTACK B004 B007
        3: STACK B004 B002
        4: UNSTACK B000 B008
        5: PUTDOWN B000
        6: UNSTACK B008 B003
        7: PUTDOWN B008
        8: UNSTACK B003 B006
        9: PUTDOWN B003
       10: PICKUP B006
       11: STACK B006 B004
       12: PICKUP B000
       13: STACK B000 B006
       14: PICKUP B005
       15: STACK B005 B003
     

time spent:    0.00 seconds instantiating 180 easy, 0 hard action templates
               0.00 seconds reachability analysis, yielding 109 facts and 180 actions
               0.00 seconds creating final representation with 109 relevant facts
               0.00 seconds building connectivity graph
               0.00 seconds searching, evaluating 97 states, to a max depth of 1
               0.00 seconds total time

