
ff: parsing domain file
domain 'BLOCKS4' defined
 ... done.
ff: parsing problem file
problem 'PROBNAME' defined
 ... done.



Cueing down from goal distance:    4 into depth [1]
                                   3            [1]
                                   2            [1]
                                   1            [1]
                                   0            

Cueing down from goal distance:    6 into depth [1]
                                   5            [1]
                                   4            [1]

Enforced Hill-climbing failed !
switching to Best-first Search now.

advancing to distance :   12
                          11
                          10
                           9
                           8
                           7
                           6
                           4
                           2
                           0

ff: found legal plan as follows

step    0: UNSTACK B005 B002
        1: PUTDOWN B005
        2: UNSTACK B000 B001
        3: PUTDOWN B000
        4: UNSTACK B007 B008
        5: PUTDOWN B007
        6: PICKUP B001
        7: STACK B001 B002
        8: UNSTACK B004 B003
        9: STACK B004 B000
       10: UNSTACK B003 B006
       11: STACK B003 B005
     

time spent:    0.00 seconds instantiating 180 easy, 0 hard action templates
               0.00 seconds reachability analysis, yielding 109 facts and 180 actions
               0.00 seconds creating final representation with 109 relevant facts
               0.00 seconds building connectivity graph
               0.00 seconds searching, evaluating 81 states, to a max depth of 1
               0.00 seconds total time

