
ff: parsing domain file
domain 'BLOCKS4' defined
 ... done.
ff: parsing problem file
problem 'PROBNAME' defined
 ... done.



Cueing down from goal distance:    5 into depth [1][2]
                                   4            [1]

Enforced Hill-climbing failed !
switching to Best-first Search now.

advancing to distance :   12
                          11
                          10
                           9
                           8
                           7
                           6
                           5
                           4
                           2
                           0

ff: found legal plan as follows

step    0: UNSTACK B001 B002
        1: STACK B001 B004
        2: UNSTACK B002 B005
        3: PUTDOWN B002
        4: UNSTACK B005 B003
        5: PUTDOWN B005
        6: UNSTACK B003 B000
        7: PUTDOWN B003
        8: PICKUP B002
        9: STACK B002 B003
       10: PICKUP B000
       11: STACK B000 B002
       12: UNSTACK B001 B004
       13: STACK B001 B005
       14: UNSTACK B004 B006
       15: STACK B004 B000
       16: UNSTACK B001 B005
       17: STACK B001 B004
       18: PICKUP B005
       19: STACK B005 B006
     

time spent:    0.00 seconds instantiating 112 easy, 0 hard action templates
               0.00 seconds reachability analysis, yielding 71 facts and 112 actions
               0.00 seconds creating final representation with 71 relevant facts
               0.00 seconds building connectivity graph
               0.00 seconds searching, evaluating 76 states, to a max depth of 2
               0.00 seconds total time

