
ff: parsing domain file
domain 'BLOCKS4' defined
 ... done.
ff: parsing problem file
problem 'PROBNAME' defined
 ... done.



Cueing down from goal distance:    4 into depth [1]

Enforced Hill-climbing failed !
switching to Best-first Search now.

advancing to distance :    8
                           7
                           6
                           5
                           4
                           3
                           2
                           1
                           0

ff: found legal plan as follows

step    0: UNSTACK B002 B003
        1: PUTDOWN B002
        2: UNSTACK B003 B000
        3: PUTDOWN B003
        4: UNSTACK B000 B001
        5: PUTDOWN B000
        6: PICKUP B002
        7: STACK B002 B001
        8: PICKUP B000
        9: STACK B000 B002
       10: PICKUP B004
       11: STACK B004 B000
     

time spent:    0.00 seconds instantiating 84 easy, 0 hard action templates
               0.00 seconds reachability analysis, yielding 55 facts and 84 actions
               0.00 seconds creating final representation with 55 relevant facts
               0.00 seconds building connectivity graph
               0.00 seconds searching, evaluating 109 states, to a max depth of 1
               0.00 seconds total time

