
ff: parsing domain file
domain 'BLOCKS4' defined
 ... done.
ff: parsing problem file
problem 'PROBNAME' defined
 ... done.



Cueing down from goal distance:    2 into depth [1]
                                   1            [1]
                                   0            

Cueing down from goal distance:    2 into depth [1]
                                   1            [1]
                                   0            

Cueing down from goal distance:    3 into depth [1]

Enforced Hill-climbing failed !
switching to Best-first Search now.

advancing to distance :   10
                           9
                           8
                           7
                           6
                           4
                           2
                           0

ff: found legal plan as follows

step    0: UNSTACK B000 B001
        1: PUTDOWN B000
        2: PICKUP B007
        3: STACK B007 B001
        4: UNSTACK B008 B004
        5: STACK B008 B007
        6: UNSTACK B005 B002
        7: STACK B005 B004
        8: UNSTACK B002 B006
        9: STACK B002 B000
     

time spent:    0.00 seconds instantiating 180 easy, 0 hard action templates
               0.00 seconds reachability analysis, yielding 109 facts and 180 actions
               0.00 seconds creating final representation with 109 relevant facts
               0.00 seconds building connectivity graph
               0.00 seconds searching, evaluating 51 states, to a max depth of 1
               0.00 seconds total time

