
ff: parsing domain file
domain 'BLOCKS4' defined
 ... done.
ff: parsing problem file
problem 'PROBNAME' defined
 ... done.



Cueing down from goal distance:    2 into depth [1]
                                   1            [1]
                                   0            

Cueing down from goal distance:    6 into depth [1]
                                   5            [1]
                                   4            [1]
                                   3            [1]
                                   2            [1]
                                   1            [1]
                                   0            

Cueing down from goal distance:    6 into depth [1]
                                   5            [1]
                                   4            [1]
                                   3            [1]
                                   2            [1]
                                   1            [1]
                                   0            

Cueing down from goal distance:    2 into depth [1]
                                   1            [1]
                                   0            

ff: found legal plan as follows

step    0: UNSTACK B004 B006
        1: PUTDOWN B004
        2: UNSTACK B002 B001
        3: PUTDOWN B002
        4: UNSTACK B005 B000
        5: PUTDOWN B005
        6: PICKUP B000
        7: STACK B000 B004
        8: UNSTACK B001 B003
        9: STACK B001 B000
       10: PICKUP B006
       11: STACK B006 B002
       12: PICKUP B007
       13: STACK B007 B005
       14: PICKUP B003
       15: STACK B003 B001
     

time spent:    0.00 seconds instantiating 144 easy, 0 hard action templates
               0.00 seconds reachability analysis, yielding 89 facts and 144 actions
               0.00 seconds creating final representation with 89 relevant facts
               0.00 seconds building connectivity graph
               0.00 seconds searching, evaluating 39 states, to a max depth of 1
               0.00 seconds total time

