
ff: parsing domain file
domain 'BLOCKS4' defined
 ... done.
ff: parsing problem file
problem 'PROBNAME' defined
 ... done.



Cueing down from goal distance:    3 into depth [1][2]
                                   2            [1]
                                   1            [1]
                                   0            

Cueing down from goal distance:    4 into depth [1]
                                   3            [1]
                                   2            [1]
                                   1            [1]
                                   0            

Cueing down from goal distance:    5 into depth [1][2]
                                   4            [1]
                                   3            [1]
                                   2            [1]
                                   1            [1]
                                   0            

Cueing down from goal distance:    3 into depth [1][2]
                                   2            [1]
                                   1            [1]
                                   0            

Cueing down from goal distance:    4 into depth [1]
                                   3            [1]
                                   2            [1]
                                   1            [1]
                                   0            

Cueing down from goal distance:    2 into depth [1]
                                   1            [1]
                                   0            

ff: found legal plan as follows

step    0: UNSTACK B003 B004
        1: STACK B003 B006
        2: UNSTACK B004 B001
        3: PUTDOWN B004
        4: UNSTACK B003 B006
        5: PUTDOWN B003
        6: UNSTACK B007 B000
        7: STACK B007 B004
        8: UNSTACK B001 B002
        9: STACK B001 B006
       10: UNSTACK B002 B008
       11: STACK B002 B003
       12: PICKUP B008
       13: STACK B008 B007
       14: UNSTACK B001 B006
       15: STACK B001 B000
       16: UNSTACK B009 B005
       17: STACK B009 B006
       18: UNSTACK B001 B000
       19: STACK B001 B002
       20: PICKUP B000
       21: STACK B000 B008
       22: PICKUP B005
       23: STACK B005 B000
     

time spent:    0.00 seconds instantiating 220 easy, 0 hard action templates
               0.00 seconds reachability analysis, yielding 131 facts and 220 actions
               0.00 seconds creating final representation with 131 relevant facts
               0.00 seconds building connectivity graph
               0.00 seconds searching, evaluating 52 states, to a max depth of 2
               0.00 seconds total time

