
ff: parsing domain file
domain 'BLOCKS4' defined
 ... done.
ff: parsing problem file
problem 'PROBNAME' defined
 ... done.



Cueing down from goal distance:    3 into depth [1][2]
                                   2            [1]
                                   1            [1]
                                   0            

Cueing down from goal distance:    2 into depth [1]
                                   1            [1]
                                   0            

Cueing down from goal distance:    2 into depth [1]
                                   1            [1]
                                   0            

Cueing down from goal distance:    5 into depth [1][2]
                                   4            [1]

Enforced Hill-climbing failed !
switching to Best-first Search now.

advancing to distance :   16
                          15
                          14
                          13
                          12
                          11
                          10
                           9
                           8
                           7
                           5
                           4
                           3
                           2
                           0

ff: found legal plan as follows

step    0: UNSTACK B009 B008
        1: PUTDOWN B009
        2: UNSTACK B004 B006
        3: PUTDOWN B004
        4: UNSTACK B006 B005
        5: PUTDOWN B006
        6: PICKUP B004
        7: STACK B004 B006
        8: UNSTACK B005 B007
        9: PUTDOWN B005
       10: UNSTACK B007 B003
       11: PUTDOWN B007
       12: PICKUP B005
       13: STACK B005 B003
       14: UNSTACK B008 B000
       15: STACK B008 B007
       16: UNSTACK B000 B001
       17: PUTDOWN B000
       18: UNSTACK B008 B007
       19: STACK B008 B000
       20: UNSTACK B001 B002
       21: STACK B001 B009
       22: PICKUP B002
       23: STACK B002 B004
       24: UNSTACK B008 B000
       25: STACK B008 B001
       26: PICKUP B000
       27: STACK B000 B002
       28: UNSTACK B008 B001
       29: STACK B008 B000
     

time spent:    0.00 seconds instantiating 220 easy, 0 hard action templates
               0.00 seconds reachability analysis, yielding 131 facts and 220 actions
               0.00 seconds creating final representation with 131 relevant facts
               0.00 seconds building connectivity graph
               0.01 seconds searching, evaluating 292 states, to a max depth of 2
               0.01 seconds total time

