
ff: parsing domain file
domain 'BLOCKS4' defined
 ... done.
ff: parsing problem file
problem 'PROBNAME' defined
 ... done.



Cueing down from goal distance:    2 into depth [1]
                                   1            [1]
                                   0            

Cueing down from goal distance:    5 into depth [1][2]
                                   4            [1][2][3]

Enforced Hill-climbing failed !
switching to Best-first Search now.

advancing to distance :   14
                          13
                          12
                          11
                          10
                           9
                           8
                           6
                           5
                           4
                           2
                           0

ff: found legal plan as follows

step    0: UNSTACK B001 B006
        1: PUTDOWN B001
        2: UNSTACK B005 B008
        3: STACK B005 B002
        4: UNSTACK B006 B000
        5: PUTDOWN B006
        6: UNSTACK B000 B004
        7: STACK B000 B001
        8: UNSTACK B004 B003
        9: STACK B004 B005
       10: PICKUP B008
       11: STACK B008 B000
       12: UNSTACK B004 B005
       13: PUTDOWN B004
       14: UNSTACK B005 B002
       15: STACK B005 B004
       16: UNSTACK B002 B007
       17: STACK B002 B003
       18: UNSTACK B005 B004
       19: STACK B005 B002
       20: PICKUP B004
       21: STACK B004 B005
       22: PICKUP B006
       23: STACK B006 B007
     

time spent:    0.00 seconds instantiating 180 easy, 0 hard action templates
               0.00 seconds reachability analysis, yielding 109 facts and 180 actions
               0.00 seconds creating final representation with 109 relevant facts
               0.00 seconds building connectivity graph
               0.01 seconds searching, evaluating 275 states, to a max depth of 3
               0.01 seconds total time

