
ff: parsing domain file
domain 'BLOCKS4' defined
 ... done.
ff: parsing problem file
problem 'PROBNAME' defined
 ... done.



Cueing down from goal distance:    6 into depth [1]
                                   5            [1]
                                   4            [1]
                                   3            [1]
                                   2            [1]
                                   1            [1]
                                   0            

Cueing down from goal distance:    7 into depth [1]
                                   6            [1]
                                   5            [1]
                                   4            [1]
                                   3            [1][2]
                                   2            [1]
                                   1            [1]
                                   0            

Cueing down from goal distance:    6 into depth [1]
                                   5            [1]
                                   4            [1]

Enforced Hill-climbing failed !
switching to Best-first Search now.

advancing to distance :   17
                          16
                          15
                          14
                          13
                          12
                          11
                          10
                           9
                           8
                           7
                           5
                           3
                           2
                           0

ff: found legal plan as follows

step    0: UNSTACK B008 B001
        1: PUTDOWN B008
        2: UNSTACK B001 B005
        3: PUTDOWN B001
        4: UNSTACK B005 B000
        5: STACK B005 B008
        6: UNSTACK B006 B003
        7: PUTDOWN B006
        8: UNSTACK B007 B004
        9: STACK B007 B006
       10: PICKUP B004
       11: STACK B004 B007
       12: PICKUP B009
       13: STACK B009 B005
       14: UNSTACK B003 B002
       15: STACK B003 B000
       16: PICKUP B002
       17: STACK B002 B001
       18: UNSTACK B003 B000
       19: STACK B003 B002
     

time spent:    0.00 seconds instantiating 220 easy, 0 hard action templates
               0.00 seconds reachability analysis, yielding 131 facts and 220 actions
               0.00 seconds creating final representation with 131 relevant facts
               0.00 seconds building connectivity graph
               0.00 seconds searching, evaluating 158 states, to a max depth of 2
               0.00 seconds total time

