
ff: parsing domain file
domain 'BLOCKS4' defined
 ... done.
ff: parsing problem file
problem 'PROBNAME' defined
 ... done.



Cueing down from goal distance:    4 into depth [1][2]
                                   3            [1][2]
                                   2            [1]
                                   1            [1]
                                   0            

Cueing down from goal distance:    5 into depth [1][2][3][4]
                                   4            [1]
                                   3            [1]
                                   2            [1]
                                   1            [1]
                                   0            

Cueing down from goal distance:    4 into depth [1]
                                   3            [1]
                                   2            [1]
                                   1            [1]
                                   0            

Cueing down from goal distance:    4 into depth [1]
                                   3            [1]
                                   2            [1]
                                   1            [1]
                                   0            

Cueing down from goal distance:    4 into depth [1]
                                   3            [1]
                                   2            [1]
                                   1            [1]
                                   0            

ff: found legal plan as follows

step    0: UNSTACK B005 B004
        1: STACK B005 B002
        2: UNSTACK B004 B003
        3: STACK B004 B001
        4: UNSTACK B003 B000
        5: PUTDOWN B003
        6: UNSTACK B004 B001
        7: STACK B004 B006
        8: UNSTACK B001 B007
        9: STACK B001 B005
       10: UNSTACK B007 B009
       11: STACK B007 B003
       12: UNSTACK B004 B006
       13: STACK B004 B009
       14: PICKUP B008
       15: STACK B008 B004
       16: UNSTACK B001 B005
       17: STACK B001 B007
       18: UNSTACK B005 B002
       19: STACK B005 B008
       20: PICKUP B002
       21: STACK B002 B001
       22: PICKUP B000
       23: STACK B000 B005
       24: PICKUP B006
       25: STACK B006 B002
     

time spent:    0.00 seconds instantiating 220 easy, 0 hard action templates
               0.00 seconds reachability analysis, yielding 131 facts and 220 actions
               0.00 seconds creating final representation with 131 relevant facts
               0.00 seconds building connectivity graph
               0.00 seconds searching, evaluating 62 states, to a max depth of 4
               0.00 seconds total time

