
ff: parsing domain file
domain 'BLOCKS4' defined
 ... done.
ff: parsing problem file
problem 'PROBNAME' defined
 ... done.



Cueing down from goal distance:    5 into depth [1][2]
                                   4            [1][2][3]

Enforced Hill-climbing failed !
switching to Best-first Search now.

advancing to distance :   11
                          10
                           9
                           8
                           6
                           5
                           4
                           3
                           2
                           1
                           0

ff: found legal plan as follows

step    0: UNSTACK B001 B004
        1: PUTDOWN B001
        2: UNSTACK B000 B007
        3: STACK B000 B001
        4: UNSTACK B004 B005
        5: PUTDOWN B004
        6: UNSTACK B005 B002
        7: STACK B005 B006
        8: PICKUP B002
        9: STACK B002 B000
       10: UNSTACK B007 B003
       11: STACK B007 B005
       12: PICKUP B004
       13: STACK B004 B003
       14: UNSTACK B002 B000
       15: STACK B002 B007
       16: UNSTACK B000 B001
       17: STACK B000 B002
       18: PICKUP B001
       19: STACK B001 B004
       20: UNSTACK B000 B002
       21: STACK B000 B001
       22: UNSTACK B002 B007
       23: STACK B002 B000
     

time spent:    0.00 seconds instantiating 144 easy, 0 hard action templates
               0.00 seconds reachability analysis, yielding 89 facts and 144 actions
               0.00 seconds creating final representation with 89 relevant facts
               0.00 seconds building connectivity graph
               0.00 seconds searching, evaluating 249 states, to a max depth of 3
               0.00 seconds total time

