
ff: parsing domain file
domain 'BLOCKS4' defined
 ... done.
ff: parsing problem file
problem 'PROBNAME' defined
 ... done.



Cueing down from goal distance:    2 into depth [1]
                                   1            [1]
                                   0            

Cueing down from goal distance:    5 into depth [1]
                                   4            [1]
                                   3            [1][2]
                                   2            [1]
                                   1            [1]
                                   0            

Cueing down from goal distance:    5 into depth [1]

Enforced Hill-climbing failed !
switching to Best-first Search now.

advancing to distance :   18
                          17
                          16
                          15
                          14
                          13
                          12
                          11
                          10
                           9
                           8
                           7
                           6
                           5
                           4
                           3
                           2
                           0

ff: found legal plan as follows

step    0: UNSTACK B006 B008
        1: PUTDOWN B006
        2: UNSTACK B008 B003
        3: PUTDOWN B008
        4: PICKUP B002
        5: STACK B002 B003
        6: UNSTACK B007 B001
        7: PUTDOWN B007
        8: UNSTACK B001 B005
        9: STACK B001 B006
       10: UNSTACK B005 B000
       11: STACK B005 B001
       12: UNSTACK B000 B004
       13: PUTDOWN B000
       14: PICKUP B004
       15: STACK B004 B008
       16: PICKUP B007
       17: STACK B007 B004
       18: UNSTACK B002 B003
       19: STACK B002 B000
       20: PICKUP B003
       21: STACK B003 B005
       22: UNSTACK B002 B000
       23: STACK B002 B003
     

time spent:    0.00 seconds instantiating 180 easy, 0 hard action templates
               0.00 seconds reachability analysis, yielding 109 facts and 180 actions
               0.00 seconds creating final representation with 109 relevant facts
               0.00 seconds building connectivity graph
               0.00 seconds searching, evaluating 114 states, to a max depth of 2
               0.00 seconds total time

