
ff: parsing domain file
domain 'BLOCKS4' defined
 ... done.
ff: parsing problem file
problem 'PROBNAME' defined
 ... done.



Cueing down from goal distance:    2 into depth [1]
                                   1            [1]
                                   0            

Cueing down from goal distance:    3 into depth [1][2]
                                   2            [1]
                                   1            [1]
                                   0            

Cueing down from goal distance:    3 into depth [1][2]
                                   2            [1]
                                   1            [1]
                                   0            

Cueing down from goal distance:    3 into depth [1][2]
                                   2            [1]
                                   1            [1]
                                   0            

Cueing down from goal distance:    3 into depth [1][2]
                                   2            [1]
                                   1            [1]
                                   0            

ff: found legal plan as follows

step    0: UNSTACK B005 B006
        1: PUTDOWN B005
        2: UNSTACK B002 B000
        3: STACK B002 B001
        4: UNSTACK B000 B003
        5: STACK B000 B006
        6: UNSTACK B003 B004
        7: STACK B003 B000
        8: PICKUP B004
        9: STACK B004 B005
       10: UNSTACK B003 B000
       11: STACK B003 B004
       12: UNSTACK B002 B001
       13: STACK B002 B000
       14: UNSTACK B003 B004
       15: STACK B003 B002
       16: PICKUP B001
       17: STACK B001 B004
     

time spent:    0.00 seconds instantiating 112 easy, 0 hard action templates
               0.00 seconds reachability analysis, yielding 71 facts and 112 actions
               0.00 seconds creating final representation with 71 relevant facts
               0.00 seconds building connectivity graph
               0.00 seconds searching, evaluating 33 states, to a max depth of 2
               0.00 seconds total time

