
ff: parsing domain file
domain 'BLOCKS4' defined
 ... done.
ff: parsing problem file
problem 'PROBNAME' defined
 ... done.



Cueing down from goal distance:    3 into depth [1][2]
                                   2            [1]
                                   1            [1]
                                   0            

Cueing down from goal distance:    6 into depth [1][2]
                                   5            [1]

Enforced Hill-climbing failed !
switching to Best-first Search now.

advancing to distance :   12
                          11
                          10
                           9
                           7
                           6
                           5
                           4
                           3
                           2
                           0

ff: found legal plan as follows

step    0: UNSTACK B001 B006
        1: STACK B001 B000
        2: UNSTACK B006 B003
        3: PUTDOWN B006
        4: UNSTACK B001 B000
        5: STACK B001 B003
        6: UNSTACK B000 B007
        7: PUTDOWN B000
        8: UNSTACK B001 B003
        9: STACK B001 B000
       10: UNSTACK B007 B005
       11: STACK B007 B006
       12: UNSTACK B005 B002
       13: PUTDOWN B005
       14: PICKUP B002
       15: STACK B002 B003
       16: UNSTACK B001 B000
       17: STACK B001 B005
       18: PICKUP B000
       19: STACK B000 B002
       20: UNSTACK B001 B005
       21: STACK B001 B000
     

time spent:    0.00 seconds instantiating 144 easy, 0 hard action templates
               0.00 seconds reachability analysis, yielding 89 facts and 144 actions
               0.00 seconds creating final representation with 89 relevant facts
               0.00 seconds building connectivity graph
               0.00 seconds searching, evaluating 115 states, to a max depth of 2
               0.00 seconds total time

