
ff: parsing domain file
domain 'BLOCKS4' defined
 ... done.
ff: parsing problem file
problem 'PROBNAME' defined
 ... done.



Cueing down from goal distance:    4 into depth [1][2]
                                   3            [1][2]
                                   2            [1]
                                   1            [1]
                                   0            

Cueing down from goal distance:    2 into depth [1]
                                   1            [1]
                                   0            

Cueing down from goal distance:    2 into depth [1]
                                   1            [1]
                                   0            

Cueing down from goal distance:    7 into depth [1]
                                   6            [1]
                                   5            [1][2]

Enforced Hill-climbing failed !
switching to Best-first Search now.

advancing to distance :   16
                          15
                          14
                          13
                          12
                          11
                          10
                           9
                           8
                           6
                           4
                           3
                           2
                           0

ff: found legal plan as follows

step    0: UNSTACK B000 B005
        1: PUTDOWN B000
        2: UNSTACK B005 B009
        3: PUTDOWN B005
        4: UNSTACK B009 B002
        5: PUTDOWN B009
        6: UNSTACK B001 B004
        7: STACK B001 B009
        8: PICKUP B002
        9: STACK B002 B001
       10: PICKUP B008
       11: STACK B008 B005
       12: UNSTACK B004 B006
       13: STACK B004 B002
       14: UNSTACK B003 B007
       15: STACK B003 B006
       16: UNSTACK B004 B002
       17: STACK B004 B007
     

time spent:    0.00 seconds instantiating 220 easy, 0 hard action templates
               0.00 seconds reachability analysis, yielding 131 facts and 220 actions
               0.00 seconds creating final representation with 131 relevant facts
               0.00 seconds building connectivity graph
               0.00 seconds searching, evaluating 137 states, to a max depth of 2
               0.00 seconds total time

