
ff: parsing domain file
domain 'BLOCKS4' defined
 ... done.
ff: parsing problem file
problem 'PROBNAME' defined
 ... done.



Cueing down from goal distance:    4 into depth [1]

Enforced Hill-climbing failed !
switching to Best-first Search now.

advancing to distance :   10
                           9
                           8
                           7
                           6
                           5
                           3
                           2
                           0

ff: found legal plan as follows

step    0: UNSTACK B002 B003
        1: PUTDOWN B002
        2: UNSTACK B003 B004
        3: STACK B003 B002
        4: UNSTACK B004 B000
        5: PUTDOWN B004
        6: UNSTACK B000 B001
        7: PUTDOWN B000
        8: PICKUP B005
        9: STACK B005 B001
       10: PICKUP B000
       11: STACK B000 B005
       12: UNSTACK B003 B002
       13: STACK B003 B000
       14: PICKUP B002
       15: STACK B002 B004
       16: UNSTACK B003 B000
       17: STACK B003 B002
     

time spent:    0.00 seconds instantiating 84 easy, 0 hard action templates
               0.00 seconds reachability analysis, yielding 55 facts and 84 actions
               0.00 seconds creating final representation with 55 relevant facts
               0.00 seconds building connectivity graph
               0.00 seconds searching, evaluating 60 states, to a max depth of 1
               0.00 seconds total time

