
ff: parsing domain file
domain 'BLOCKS4' defined
 ... done.
ff: parsing problem file
problem 'PROBNAME' defined
 ... done.



Cueing down from goal distance:    5 into depth [1]

Enforced Hill-climbing failed !
switching to Best-first Search now.

advancing to distance :   15
                          14
                          13
                          11
                          10
                           9
                           8
                           7
                           6
                           5
                           4
                           3
                           2
                           0

ff: found legal plan as follows

step    0: UNSTACK B002 B007
        1: PUTDOWN B002
        2: UNSTACK B004 B000
        3: STACK B004 B002
        4: UNSTACK B000 B001
        5: PUTDOWN B000
        6: UNSTACK B007 B003
        7: PUTDOWN B007
        8: UNSTACK B003 B008
        9: STACK B003 B005
       10: UNSTACK B008 B006
       11: PUTDOWN B008
       12: PICKUP B001
       13: STACK B001 B006
       14: UNSTACK B003 B005
       15: PUTDOWN B003
       16: PICKUP B005
       17: STACK B005 B008
       18: PICKUP B003
       19: STACK B003 B005
       20: PICKUP B007
       21: STACK B007 B003
     

time spent:    0.00 seconds instantiating 180 easy, 0 hard action templates
               0.00 seconds reachability analysis, yielding 109 facts and 180 actions
               0.00 seconds creating final representation with 109 relevant facts
               0.00 seconds building connectivity graph
               0.01 seconds searching, evaluating 300 states, to a max depth of 1
               0.01 seconds total time

