
ff: parsing domain file
domain 'BLOCKS4' defined
 ... done.
ff: parsing problem file
problem 'PROBNAME' defined
 ... done.



Cueing down from goal distance:    7 into depth [1][2][3]

Enforced Hill-climbing failed !
switching to Best-first Search now.

advancing to distance :   14
                          13
                          12
                          10
                           9
                           8
                           7
                           6
                           5
                           4
                           2
                           0

ff: found legal plan as follows

step    0: UNSTACK B004 B002
        1: PUTDOWN B004
        2: UNSTACK B006 B005
        3: STACK B006 B004
        4: UNSTACK B002 B007
        5: PUTDOWN B002
        6: UNSTACK B007 B000
        7: PUTDOWN B007
        8: UNSTACK B001 B003
        9: STACK B001 B000
       10: PICKUP B003
       11: STACK B003 B001
       12: PICKUP B002
       13: STACK B002 B003
       14: PICKUP B005
       15: STACK B005 B007
     

time spent:    0.00 seconds instantiating 180 easy, 0 hard action templates
               0.00 seconds reachability analysis, yielding 109 facts and 180 actions
               0.00 seconds creating final representation with 109 relevant facts
               0.00 seconds building connectivity graph
               0.00 seconds searching, evaluating 111 states, to a max depth of 3
               0.00 seconds total time

