
ff: parsing domain file
domain 'BLOCKS4' defined
 ... done.
ff: parsing problem file
problem 'PROBNAME' defined
 ... done.



Cueing down from goal distance:    4 into depth [1][2]
                                   3            [1][2]
                                   2            [1]
                                   1            [1]
                                   0            

Cueing down from goal distance:    2 into depth [1]
                                   1            [1]
                                   0            

Cueing down from goal distance:    3 into depth [1][2]
                                   2            [1]
                                   1            [1]
                                   0            

Cueing down from goal distance:    2 into depth [1]
                                   1            [1]
                                   0            

Cueing down from goal distance:    4 into depth [1]

Enforced Hill-climbing failed !
switching to Best-first Search now.

advancing to distance :   18
                          17
                          16
                          15
                          14
                          13
                          12
                          11
                          10
                           9
                           8
                           6
                           5
                           4
                           3
                           2
                           1
                           0

ff: found legal plan as follows

step    0: UNSTACK B006 B004
        1: PUTDOWN B006
        2: UNSTACK B004 B005
        3: STACK B004 B001
        4: PICKUP B006
        5: STACK B006 B005
        6: UNSTACK B004 B001
        7: PUTDOWN B004
        8: UNSTACK B001 B007
        9: PUTDOWN B001
       10: PICKUP B004
       11: STACK B004 B001
       12: UNSTACK B007 B000
       13: PUTDOWN B007
       14: UNSTACK B000 B002
       15: PUTDOWN B000
       16: UNSTACK B002 B008
       17: PUTDOWN B002
       18: PICKUP B008
       19: STACK B008 B002
       20: PICKUP B007
       21: STACK B007 B008
       22: PICKUP B003
       23: STACK B003 B007
       24: UNSTACK B004 B001
       25: PUTDOWN B004
       26: PICKUP B001
       27: STACK B001 B000
       28: PICKUP B004
       29: STACK B004 B001
       30: UNSTACK B006 B005
       31: PUTDOWN B006
       32: PICKUP B005
       33: STACK B005 B004
       34: PICKUP B006
       35: STACK B006 B005
     

time spent:    0.00 seconds instantiating 180 easy, 0 hard action templates
               0.00 seconds reachability analysis, yielding 109 facts and 180 actions
               0.00 seconds creating final representation with 109 relevant facts
               0.00 seconds building connectivity graph
               0.01 seconds searching, evaluating 331 states, to a max depth of 2
               0.01 seconds total time

