
ff: parsing domain file
domain 'BLOCKS4' defined
 ... done.
ff: parsing problem file
problem 'PROBNAME' defined
 ... done.



Cueing down from goal distance:    4 into depth [1]
                                   3            [1]
                                   2            [1]
                                   1            [1]
                                   0            

Cueing down from goal distance:    3 into depth [1][2]
                                   2            [1]
                                   1            [1]
                                   0            

Cueing down from goal distance:    4 into depth [1]
                                   3            [1]
                                   2            [1]
                                   1            [1]
                                   0            

Cueing down from goal distance:    2 into depth [1]
                                   1            [1]
                                   0            

Cueing down from goal distance:    4 into depth [1]

Enforced Hill-climbing failed !
switching to Best-first Search now.

advancing to distance :   18
                          17
                          16
                          15
                          14
                          13
                          12
                          11
                          10
                           9
                           8
                           7
                           6
                           5
                           4
                           3
                           2
                           0

ff: found legal plan as follows

step    0: UNSTACK B009 B003
        1: PUTDOWN B009
        2: UNSTACK B008 B007
        3: PUTDOWN B008
        4: UNSTACK B007 B005
        5: STACK B007 B008
        6: UNSTACK B005 B004
        7: PUTDOWN B005
        8: UNSTACK B001 B002
        9: PUTDOWN B001
       10: PICKUP B004
       11: STACK B004 B001
       12: UNSTACK B002 B000
       13: STACK B002 B004
       14: PICKUP B006
       15: STACK B006 B005
       16: PICKUP B000
       17: STACK B000 B007
     

time spent:    0.00 seconds instantiating 220 easy, 0 hard action templates
               0.00 seconds reachability analysis, yielding 131 facts and 220 actions
               0.00 seconds creating final representation with 131 relevant facts
               0.00 seconds building connectivity graph
               0.00 seconds searching, evaluating 138 states, to a max depth of 2
               0.00 seconds total time

