
ff: parsing domain file
domain 'BLOCKS4' defined
 ... done.
ff: parsing problem file
problem 'PROBNAME' defined
 ... done.



Cueing down from goal distance:    4 into depth [1]

Enforced Hill-climbing failed !
switching to Best-first Search now.

advancing to distance :    6
                           5
                           4
                           3
                           2
                           0

ff: found legal plan as follows

step    0: UNSTACK B002 B001
        1: STACK B002 B005
        2: PICKUP B003
        3: STACK B003 B002
        4: PICKUP B001
        5: STACK B001 B000
     

time spent:    0.00 seconds instantiating 84 easy, 0 hard action templates
               0.00 seconds reachability analysis, yielding 55 facts and 84 actions
               0.00 seconds creating final representation with 55 relevant facts
               0.00 seconds building connectivity graph
               0.00 seconds searching, evaluating 26 states, to a max depth of 1
               0.00 seconds total time

