
ff: parsing domain file
domain 'SATELLITE' defined
 ... done.
ff: parsing problem file
problem 'PROBNAME' defined
 ... done.



Cueing down from goal distance:   18 into depth [1]
                                  17            [1]
                                  13            [1]
                                  12            [1]
                                  11            [1]
                                  10            [1]
                                   9            [1]
                                   6            [1]
                                   5            [1]
                                   4            [1]
                                   3            [1]
                                   2            [1]
                                   1            [1]
                                   0            

ff: found legal plan as follows

step    0: TURN_TO SAT000 DIR000 DIR002
        1: SWITCH_ON INST001-001 SAT001
        2: CALIBRATE SAT001 INST001-001 DIR003
        3: TAKE_IMAGE SAT001 DIR003 INST001-001 MODE001
        4: TURN_TO SAT001 DIR001 DIR003
        5: TAKE_IMAGE SAT001 DIR001 INST001-001 MODE001
        6: SWITCH_ON INST003-001 SAT003
        7: CALIBRATE SAT003 INST003-001 DIR002
        8: TAKE_IMAGE SAT003 DIR002 INST003-001 MODE000
        9: TURN_TO SAT003 DIR000 DIR002
       10: TAKE_IMAGE SAT003 DIR000 INST003-001 MODE000
       11: TURN_TO SAT003 DIR003 DIR000
       12: TAKE_IMAGE SAT003 DIR003 INST003-001 MODE000
     

time spent:    0.00 seconds instantiating 221 easy, 0 hard action templates
               0.00 seconds reachability analysis, yielding 102 facts and 221 actions
               0.00 seconds creating final representation with 102 relevant facts
               0.00 seconds building connectivity graph
               0.00 seconds searching, evaluating 22 states, to a max depth of 1
               0.00 seconds total time

