
ff: parsing domain file
domain 'SATELLITE' defined
 ... done.
ff: parsing problem file
problem 'PROBNAME' defined
 ... done.



Cueing down from goal distance:   16 into depth [1]
                                  15            [1]
                                  14            [1]
                                  13            [1]
                                  12            [1]
                                  11            [1]
                                  10            [1]
                                   9            [1][2]
                                   8            [1]
                                   7            [1]
                                   6            [1]
                                   5            [1][2]
                                   4            [1]
                                   3            [1]
                                   2            [1]
                                   1            [1]
                                   0            

ff: found legal plan as follows

step    0: SWITCH_ON INST002-001 SAT002
        1: CALIBRATE SAT002 INST002-001 DIR002
        2: TAKE_IMAGE SAT002 DIR002 INST002-001 MODE002
        3: SWITCH_ON INST000-000 SAT000
        4: CALIBRATE SAT000 INST000-000 DIR003
        5: TURN_TO SAT000 DIR000 DIR003
        6: TAKE_IMAGE SAT000 DIR000 INST000-000 MODE000
        7: SWITCH_ON INST001-000 SAT001
        8: CALIBRATE SAT001 INST001-000 DIR002
        9: TAKE_IMAGE SAT001 DIR002 INST001-000 MODE003
       10: SWITCH_OFF INST001-000 SAT001
       11: SWITCH_ON INST001-001 SAT001
       12: TURN_TO SAT001 DIR001 DIR002
       13: CALIBRATE SAT001 INST001-001 DIR001
       14: TURN_TO SAT001 DIR002 DIR001
       15: TAKE_IMAGE SAT001 DIR002 INST001-001 MODE001
       16: TURN_TO SAT001 DIR000 DIR002
       17: TAKE_IMAGE SAT001 DIR000 INST001-001 MODE001
     

time spent:    0.00 seconds instantiating 78 easy, 0 hard action templates
               0.00 seconds reachability analysis, yielding 49 facts and 78 actions
               0.00 seconds creating final representation with 49 relevant facts
               0.00 seconds building connectivity graph
               0.00 seconds searching, evaluating 39 states, to a max depth of 2
               0.00 seconds total time

