
ff: parsing domain file
domain 'SATELLITE' defined
 ... done.
ff: parsing problem file
problem 'PROBNAME' defined
 ... done.



Cueing down from goal distance:    9 into depth [1]
                                   8            [1]
                                   7            [1]
                                   6            [1]
                                   5            [1]
                                   4            [1]
                                   3            [1][2]
                                   2            [1]
                                   1            [1]
                                   0            

ff: found legal plan as follows

step    0: TURN_TO SAT000 DIR003 DIR000
        1: SWITCH_ON INST000-000 SAT000
        2: CALIBRATE SAT000 INST000-000 DIR003
        3: TURN_TO SAT000 DIR005 DIR003
        4: TAKE_IMAGE SAT000 DIR005 INST000-000 MODE003
        5: SWITCH_ON INST005-000 SAT005
        6: TURN_TO SAT005 DIR001 DIR002
        7: CALIBRATE SAT005 INST005-000 DIR001
        8: TURN_TO SAT005 DIR002 DIR001
        9: TAKE_IMAGE SAT005 DIR002 INST005-000 MODE001
     

time spent:    0.00 seconds instantiating 252 easy, 0 hard action templates
               0.00 seconds reachability analysis, yielding 96 facts and 252 actions
               0.00 seconds creating final representation with 96 relevant facts
               0.00 seconds building connectivity graph
               0.00 seconds searching, evaluating 16 states, to a max depth of 2
               0.00 seconds total time

