
ff: parsing domain file
domain 'SATELLITE' defined
 ... done.
ff: parsing problem file
problem 'PROBNAME' defined
 ... done.



Cueing down from goal distance:   13 into depth [1]
                                  11            [1]
                                  10            [1]
                                   9            [1]
                                   8            [1]
                                   7            [1]
                                   6            [1]
                                   5            [1]
                                   4            [1][2]
                                   3            [1]
                                   2            [1]
                                   1            [1]
                                   0            

ff: found legal plan as follows

step    0: TURN_TO SAT001 DIR001 DIR003
        1: SWITCH_ON INST000-001 SAT000
        2: SWITCH_ON INST001-000 SAT001
        3: CALIBRATE SAT001 INST001-000 DIR001
        4: TURN_TO SAT001 DIR006 DIR001
        5: TAKE_IMAGE SAT001 DIR006 INST001-000 MODE001
        6: TURN_TO SAT001 DIR003 DIR006
        7: TAKE_IMAGE SAT001 DIR003 INST001-000 MODE001
        8: TURN_TO SAT000 DIR005 DIR007
        9: CALIBRATE SAT000 INST000-001 DIR005
       10: TAKE_IMAGE SAT000 DIR005 INST000-001 MODE000
       11: TURN_TO SAT000 DIR007 DIR005
       12: TAKE_IMAGE SAT000 DIR007 INST000-001 MODE000
     

time spent:    0.00 seconds instantiating 501 easy, 0 hard action templates
               0.00 seconds reachability analysis, yielding 115 facts and 501 actions
               0.00 seconds creating final representation with 115 relevant facts
               0.00 seconds building connectivity graph
               0.00 seconds searching, evaluating 22 states, to a max depth of 2
               0.00 seconds total time

