
ff: parsing domain file
domain 'SATELLITE' defined
 ... done.
ff: parsing problem file
problem 'PROBNAME' defined
 ... done.



Cueing down from goal distance:   13 into depth [1]
                                  11            [1]
                                  10            [1]
                                   9            [1]
                                   8            [1]
                                   7            [1]
                                   6            [1][2]
                                   5            [1]
                                   4            [1]
                                   3            [1]
                                   2            [1]
                                   1            [1]
                                   0            

ff: found legal plan as follows

step    0: TURN_TO SAT002 DIR002 DIR006
        1: TURN_TO SAT000 DIR006 DIR001
        2: SWITCH_ON INST004-001 SAT004
        3: CALIBRATE SAT004 INST004-001 DIR004
        4: TAKE_IMAGE SAT004 DIR004 INST004-001 MODE000
        5: SWITCH_ON INST000-001 SAT000
        6: TURN_TO SAT000 DIR004 DIR006
        7: CALIBRATE SAT000 INST000-001 DIR004
        8: TAKE_IMAGE SAT000 DIR004 INST000-001 MODE002
        9: TURN_TO SAT000 DIR006 DIR004
       10: TAKE_IMAGE SAT000 DIR006 INST000-001 MODE002
       11: TURN_TO SAT000 DIR000 DIR006
       12: TAKE_IMAGE SAT000 DIR000 INST000-001 MODE002
     

time spent:    0.00 seconds instantiating 556 easy, 0 hard action templates
               0.00 seconds reachability analysis, yielding 138 facts and 556 actions
               0.00 seconds creating final representation with 138 relevant facts
               0.00 seconds building connectivity graph
               0.00 seconds searching, evaluating 19 states, to a max depth of 2
               0.00 seconds total time

