
ff: parsing domain file
domain 'SATELLITE' defined
 ... done.
ff: parsing problem file
problem 'PROBNAME' defined
 ... done.



Cueing down from goal distance:   16 into depth [1]
                                  15            [1][2][3]
                                  14            [1]
                                  13            [1]
                                  12            [1]
                                  11            [1]
                                  10            [1][2]
                                   9            [1]
                                   8            [1]
                                   7            [1]
                                   6            [1]
                                   5            [1]
                                   4            [1]
                                   3            [1][2]
                                   2            [1]
                                   1            [1]
                                   0            

ff: found legal plan as follows

step    0: TURN_TO SAT000 DIR002 DIR009
        1: SWITCH_ON INST000-003 SAT000
        2: CALIBRATE SAT000 INST000-003 DIR002
        3: TURN_TO SAT002 DIR008 DIR003
        4: TURN_TO SAT000 DIR005 DIR002
        5: TAKE_IMAGE SAT000 DIR005 INST000-003 MODE001
        6: TURN_TO SAT000 DIR000 DIR005
        7: TAKE_IMAGE SAT000 DIR000 INST000-003 MODE001
        8: SWITCH_ON INST002-000 SAT002
        9: SWITCH_OFF INST000-003 SAT000
       10: TURN_TO SAT000 DIR007 DIR000
       11: SWITCH_ON INST000-000 SAT000
       12: CALIBRATE SAT000 INST000-000 DIR007
       13: TAKE_IMAGE SAT000 DIR007 INST000-000 MODE003
       14: TURN_TO SAT000 DIR008 DIR007
       15: TAKE_IMAGE SAT000 DIR008 INST000-000 MODE003
       16: TURN_TO SAT002 DIR005 DIR008
       17: CALIBRATE SAT002 INST002-000 DIR005
       18: TURN_TO SAT002 DIR008 DIR005
       19: TAKE_IMAGE SAT002 DIR008 INST002-000 MODE000
     

time spent:    0.00 seconds instantiating 413 easy, 0 hard action templates
               0.00 seconds reachability analysis, yielding 106 facts and 413 actions
               0.00 seconds creating final representation with 106 relevant facts
               0.00 seconds building connectivity graph
               0.01 seconds searching, evaluating 158 states, to a max depth of 3
               0.01 seconds total time

