
ff: parsing domain file
domain 'SATELLITE' defined
 ... done.
ff: parsing problem file
problem 'PROBNAME' defined
 ... done.



Cueing down from goal distance:    9 into depth [1]
                                   8            [1]
                                   7            [1]
                                   6            [1]
                                   5            [1]
                                   4            [1]
                                   3            [1]
                                   2            [1]
                                   1            [1]
                                   0            

ff: found legal plan as follows

step    0: TURN_TO SAT002 DIR005 DIR003
        1: TURN_TO SAT001 DIR005 DIR007
        2: SWITCH_ON INST004-000 SAT004
        3: CALIBRATE SAT004 INST004-000 DIR003
        4: TAKE_IMAGE SAT004 DIR003 INST004-000 MODE000
        5: SWITCH_ON INST001-000 SAT001
        6: CALIBRATE SAT001 INST001-000 DIR005
        7: TURN_TO SAT001 DIR008 DIR005
        8: TAKE_IMAGE SAT001 DIR008 INST001-000 MODE001
     

time spent:    0.00 seconds instantiating 632 easy, 0 hard action templates
               0.00 seconds reachability analysis, yielding 127 facts and 632 actions
               0.00 seconds creating final representation with 127 relevant facts
               0.00 seconds building connectivity graph
               0.00 seconds searching, evaluating 12 states, to a max depth of 1
               0.00 seconds total time

