
ff: parsing domain file
domain 'SATELLITE' defined
 ... done.
ff: parsing problem file
problem 'PROBNAME' defined
 ... done.



Cueing down from goal distance:   13 into depth [1]
                                  12            [1]
                                  11            [1]
                                  10            [1]
                                   9            [1]
                                   8            [1]
                                   7            [1][2]
                                   6            [1]
                                   5            [1]
                                   4            [1]
                                   3            [1]
                                   2            [1]
                                   1            [1]
                                   0            

ff: found legal plan as follows

step    0: SWITCH_ON INST000-002 SAT000
        1: TURN_TO SAT000 DIR000 DIR008
        2: CALIBRATE SAT000 INST000-002 DIR000
        3: TURN_TO SAT000 DIR007 DIR000
        4: TAKE_IMAGE SAT000 DIR007 INST000-002 MODE001
        5: TURN_TO SAT001 DIR008 DIR003
        6: SWITCH_ON INST001-000 SAT001
        7: SWITCH_OFF INST000-002 SAT000
        8: CALIBRATE SAT001 INST001-000 DIR008
        9: TAKE_IMAGE SAT001 DIR008 INST001-000 MODE003
       10: SWITCH_ON INST000-003 SAT000
       11: CALIBRATE SAT000 INST000-003 DIR007
       12: TURN_TO SAT000 DIR001 DIR007
       13: TAKE_IMAGE SAT000 DIR001 INST000-003 MODE000
     

time spent:    0.00 seconds instantiating 387 easy, 0 hard action templates
               0.00 seconds reachability analysis, yielding 100 facts and 387 actions
               0.00 seconds creating final representation with 100 relevant facts
               0.00 seconds building connectivity graph
               0.00 seconds searching, evaluating 25 states, to a max depth of 2
               0.00 seconds total time

