
ff: parsing domain file
domain 'SATELLITE' defined
 ... done.
ff: parsing problem file
problem 'PROBNAME' defined
 ... done.



Cueing down from goal distance:   14 into depth [1]
                                  13            [1]
                                  12            [1]
                                  11            [1]
                                  10            [1]
                                   9            [1][2]
                                   8            [1]
                                   7            [1]
                                   6            [1]
                                   5            [1]
                                   4            [1]
                                   3            [1]
                                   2            [1]
                                   1            [1]
                                   0            

ff: found legal plan as follows

step    0: TURN_TO SAT001 DIR003 DIR000
        1: SWITCH_ON INST001-000 SAT001
        2: CALIBRATE SAT001 INST001-000 DIR003
        3: TURN_TO SAT001 DIR011 DIR003
        4: TAKE_IMAGE SAT001 DIR011 INST001-000 MODE002
        5: TURN_TO SAT002 DIR001 DIR008
        6: SWITCH_ON INST002-002 SAT002
        7: TURN_TO SAT003 DIR009 DIR003
        8: CALIBRATE SAT002 INST002-002 DIR001
        9: TURN_TO SAT002 DIR000 DIR001
       10: TAKE_IMAGE SAT002 DIR000 INST002-002 MODE004
       11: SWITCH_ON INST003-000 SAT003
       12: CALIBRATE SAT003 INST003-000 DIR009
       13: TURN_TO SAT003 DIR008 DIR009
       14: TAKE_IMAGE SAT003 DIR008 INST003-000 MODE001
     

time spent:    0.00 seconds instantiating 840 easy, 0 hard action templates
               0.00 seconds reachability analysis, yielding 161 facts and 840 actions
               0.00 seconds creating final representation with 161 relevant facts
               0.00 seconds building connectivity graph
               0.01 seconds searching, evaluating 32 states, to a max depth of 2
               0.01 seconds total time

