
ff: parsing domain file
domain 'SATELLITE' defined
 ... done.
ff: parsing problem file
problem 'PROBNAME' defined
 ... done.



Cueing down from goal distance:   17 into depth [1]
                                  16            [1]
                                  15            [1]
                                  14            [1]
                                  13            [1]
                                  12            [1]
                                  11            [1]
                                  10            [1][2]
                                   9            [1]
                                   8            [1]
                                   7            [1]
                                   6            [1]
                                   5            [1]
                                   4            [1][2]
                                   3            [1]
                                   2            [1]
                                   1            [1]
                                   0            

ff: found legal plan as follows

step    0: TURN_TO SAT000 DIR009 DIR006
        1: SWITCH_ON INST001-000 SAT001
        2: CALIBRATE SAT001 INST001-000 DIR004
        3: TURN_TO SAT001 DIR005 DIR004
        4: TAKE_IMAGE SAT001 DIR005 INST001-000 MODE004
        5: TURN_TO SAT001 DIR003 DIR005
        6: TAKE_IMAGE SAT001 DIR003 INST001-000 MODE004
        7: SWITCH_ON INST000-002 SAT000
        8: CALIBRATE SAT000 INST000-002 DIR009
        9: TURN_TO SAT000 DIR010 DIR009
       10: TAKE_IMAGE SAT000 DIR010 INST000-002 MODE003
       11: SWITCH_OFF INST000-002 SAT000
       12: TURN_TO SAT000 DIR011 DIR010
       13: SWITCH_ON INST000-000 SAT000
       14: TURN_TO SAT000 DIR000 DIR011
       15: CALIBRATE SAT000 INST000-000 DIR000
       16: TAKE_IMAGE SAT000 DIR000 INST000-000 MODE000
       17: TURN_TO SAT000 DIR011 DIR000
       18: TAKE_IMAGE SAT000 DIR011 INST000-000 MODE000
     

time spent:    0.00 seconds instantiating 516 easy, 0 hard action templates
               0.00 seconds reachability analysis, yielding 123 facts and 516 actions
               0.00 seconds creating final representation with 123 relevant facts
               0.00 seconds building connectivity graph
               0.00 seconds searching, evaluating 40 states, to a max depth of 2
               0.00 seconds total time

