
ff: parsing domain file
domain 'SATELLITE' defined
 ... done.
ff: parsing problem file
problem 'PROBNAME' defined
 ... done.



Cueing down from goal distance:   14 into depth [1]
                                  13            [1]
                                  12            [1]
                                  11            [1]
                                  10            [1][2]
                                   9            [1]
                                   8            [1]
                                   7            [1][2]
                                   6            [1]
                                   5            [1]
                                   4            [1][2]
                                   3            [1]
                                   2            [1]
                                   1            [1]
                                   0            

ff: found legal plan as follows

step    0: SWITCH_ON INST000-000 SAT000
        1: TURN_TO SAT001 DIR009 DIR007
        2: SWITCH_ON INST001-001 SAT001
        3: SWITCH_ON INST002-001 SAT002
        4: TURN_TO SAT000 DIR009 DIR005
        5: CALIBRATE SAT000 INST000-000 DIR009
        6: TURN_TO SAT000 DIR005 DIR009
        7: TAKE_IMAGE SAT000 DIR005 INST000-000 MODE002
        8: TURN_TO SAT002 DIR001 DIR000
        9: CALIBRATE SAT002 INST002-001 DIR001
       10: TURN_TO SAT002 DIR000 DIR001
       11: TAKE_IMAGE SAT002 DIR000 INST002-001 MODE000
       12: TURN_TO SAT001 DIR011 DIR009
       13: CALIBRATE SAT001 INST001-001 DIR011
       14: TAKE_IMAGE SAT001 DIR011 INST001-001 MODE001
       15: TURN_TO SAT001 DIR009 DIR011
       16: TAKE_IMAGE SAT001 DIR009 INST001-001 MODE001
     

time spent:    0.00 seconds instantiating 708 easy, 0 hard action templates
               0.00 seconds reachability analysis, yielding 124 facts and 708 actions
               0.00 seconds creating final representation with 124 relevant facts
               0.00 seconds building connectivity graph
               0.00 seconds searching, evaluating 35 states, to a max depth of 2
               0.00 seconds total time

