
ff: parsing domain file
domain 'SATELLITE' defined
 ... done.
ff: parsing problem file
problem 'PROBNAME' defined
 ... done.



Cueing down from goal distance:    7 into depth [1]
                                   6            [1]
                                   5            [1]
                                   4            [1]
                                   3            [1]
                                   2            [1]
                                   1            [1]
                                   0            

ff: found legal plan as follows

step    0: TURN_TO SAT001 DIR005 DIR003
        1: SWITCH_ON INST001-000 SAT001
        2: CALIBRATE SAT001 INST001-000 DIR005
        3: TURN_TO SAT001 DIR010 DIR005
        4: TAKE_IMAGE SAT001 DIR010 INST001-000 MODE001
        5: TURN_TO SAT001 DIR011 DIR010
        6: TAKE_IMAGE SAT001 DIR011 INST001-000 MODE001
     

time spent:    0.00 seconds instantiating 516 easy, 0 hard action templates
               0.00 seconds reachability analysis, yielding 99 facts and 516 actions
               0.00 seconds creating final representation with 99 relevant facts
               0.00 seconds building connectivity graph
               0.00 seconds searching, evaluating 11 states, to a max depth of 1
               0.00 seconds total time

