
ff: parsing domain file
domain 'SATELLITE' defined
 ... done.
ff: parsing problem file
problem 'PROBNAME' defined
 ... done.



Cueing down from goal distance:   16 into depth [1][2][3]
                                  15            [1][2]
                                  14            [1]
                                  13            [1][2]
                                  12            [1]
                                  11            [1][2]
                                  10            [1]
                                   9            [1]
                                   8            [1]
                                   7            [1]
                                   6            [1]
                                   5            [1]
                                   4            [1]
                                   3            [1]
                                   2            [1]
                                   1            [1]
                                   0            

ff: found legal plan as follows

step    0: TURN_TO SAT000 DIR010 DIR002
        1: SWITCH_ON INST000-002 SAT000
        2: CALIBRATE SAT000 INST000-002 DIR010
        3: TURN_TO SAT000 DIR008 DIR010
        4: TAKE_IMAGE SAT000 DIR008 INST000-002 MODE001
        5: TURN_TO SAT000 DIR010 DIR008
        6: TURN_TO SAT000 DIR005 DIR010
        7: TAKE_IMAGE SAT000 DIR005 INST000-002 MODE001
        8: SWITCH_OFF INST000-002 SAT000
        9: SWITCH_ON INST000-001 SAT000
       10: CALIBRATE SAT000 INST000-001 DIR005
       11: TURN_TO SAT000 DIR004 DIR005
       12: TAKE_IMAGE SAT000 DIR004 INST000-001 MODE000
       13: SWITCH_OFF INST000-001 SAT000
       14: TURN_TO SAT000 DIR010 DIR004
       15: SWITCH_ON INST000-000 SAT000
       16: CALIBRATE SAT000 INST000-000 DIR010
       17: TURN_TO SAT000 DIR002 DIR010
       18: TAKE_IMAGE SAT000 DIR002 INST000-000 MODE002
       19: TURN_TO SAT000 DIR007 DIR002
       20: TAKE_IMAGE SAT000 DIR007 INST000-000 MODE002
     

time spent:    0.00 seconds instantiating 486 easy, 0 hard action templates
               0.00 seconds reachability analysis, yielding 93 facts and 486 actions
               0.00 seconds creating final representation with 93 relevant facts
               0.00 seconds building connectivity graph
               0.01 seconds searching, evaluating 93 states, to a max depth of 3
               0.01 seconds total time

