
ff: parsing domain file
domain 'SATELLITE' defined
 ... done.
ff: parsing problem file
problem 'PROBNAME' defined
 ... done.



Cueing down from goal distance:   17 into depth [1]
                                  16            [1][2]
                                  15            [1]
                                  14            [1]
                                  13            [1]
                                  12            [1]
                                  11            [1]
                                  10            [1]
                                   9            [1][2][3]
                                   8            [1]
                                   7            [1]
                                   6            [1]
                                   5            [1][2]
                                   4            [1]
                                   3            [1]
                                   2            [1]
                                   1            [1]
                                   0            

ff: found legal plan as follows

step    0: TURN_TO SAT000 DIR010 DIR000
        1: SWITCH_ON INST000-000 SAT000
        2: TURN_TO SAT002 DIR005 DIR002
        3: TURN_TO SAT000 DIR008 DIR010
        4: CALIBRATE SAT000 INST000-000 DIR008
        5: TURN_TO SAT000 DIR004 DIR008
        6: TAKE_IMAGE SAT000 DIR004 INST000-000 MODE001
        7: TURN_TO SAT000 DIR003 DIR004
        8: TAKE_IMAGE SAT000 DIR003 INST000-000 MODE001
        9: SWITCH_ON INST002-000 SAT002
       10: TURN_TO SAT001 DIR010 DIR000
       11: SWITCH_ON INST001-001 SAT001
       12: CALIBRATE SAT001 INST001-001 DIR010
       13: TURN_TO SAT001 DIR005 DIR010
       14: TAKE_IMAGE SAT001 DIR005 INST001-001 MODE002
       15: TURN_TO SAT002 DIR002 DIR005
       16: CALIBRATE SAT002 INST002-000 DIR002
       17: TURN_TO SAT002 DIR008 DIR002
       18: TAKE_IMAGE SAT002 DIR008 INST002-000 MODE000
       19: TURN_TO SAT002 DIR005 DIR008
       20: TAKE_IMAGE SAT002 DIR005 INST002-000 MODE000
     

time spent:    0.00 seconds instantiating 516 easy, 0 hard action templates
               0.00 seconds reachability analysis, yielding 111 facts and 516 actions
               0.00 seconds creating final representation with 111 relevant facts
               0.00 seconds building connectivity graph
               0.01 seconds searching, evaluating 90 states, to a max depth of 3
               0.01 seconds total time

