
ff: parsing domain file
domain 'SATELLITE' defined
 ... done.
ff: parsing problem file
problem 'PROBNAME' defined
 ... done.



Cueing down from goal distance:   11 into depth [1]
                                  10            [1]
                                   9            [1]
                                   8            [1]
                                   7            [1]
                                   6            [1]
                                   5            [1]
                                   4            [1]
                                   3            [1]
                                   2            [1]
                                   1            [1]
                                   0            

ff: found legal plan as follows

step    0: TURN_TO SAT001 DIR007 DIR010
        1: SWITCH_ON INST002-000 SAT002
        2: CALIBRATE SAT002 INST002-000 DIR004
        3: TURN_TO SAT002 DIR007 DIR004
        4: TAKE_IMAGE SAT002 DIR007 INST002-000 MODE000
        5: SWITCH_ON INST001-000 SAT001
        6: CALIBRATE SAT001 INST001-000 DIR007
        7: TURN_TO SAT001 DIR008 DIR007
        8: TAKE_IMAGE SAT001 DIR008 INST001-000 MODE001
        9: TURN_TO SAT001 DIR001 DIR008
       10: TAKE_IMAGE SAT001 DIR001 INST001-000 MODE001
     

time spent:    0.00 seconds instantiating 810 easy, 0 hard action templates
               0.00 seconds reachability analysis, yielding 143 facts and 810 actions
               0.00 seconds creating final representation with 143 relevant facts
               0.00 seconds building connectivity graph
               0.00 seconds searching, evaluating 18 states, to a max depth of 1
               0.00 seconds total time

