
ff: parsing domain file
domain 'SATELLITE' defined
 ... done.
ff: parsing problem file
problem 'PROBNAME' defined
 ... done.



Cueing down from goal distance:   16 into depth [1]
                                  13            [1]
                                  12            [1][2]
                                  11            [1]
                                  10            [1]
                                   9            [1]
                                   8            [1]
                                   7            [1]
                                   6            [1]
                                   5            [1]
                                   4            [1]
                                   3            [1]
                                   2            [1]
                                   1            [1]
                                   0            

ff: found legal plan as follows

step    0: TURN_TO SAT003 DIR010 DIR011
        1: TURN_TO SAT000 DIR010 DIR004
        2: SWITCH_ON INST000-000 SAT000
        3: TURN_TO SAT002 DIR005 DIR003
        4: CALIBRATE SAT000 INST000-000 DIR010
        5: TURN_TO SAT000 DIR011 DIR010
        6: TAKE_IMAGE SAT000 DIR011 INST000-000 MODE003
        7: SWITCH_ON INST002-000 SAT002
        8: CALIBRATE SAT002 INST002-000 DIR005
        9: TURN_TO SAT002 DIR009 DIR005
       10: TAKE_IMAGE SAT002 DIR009 INST002-000 MODE002
       11: TURN_TO SAT002 DIR011 DIR009
       12: TAKE_IMAGE SAT002 DIR011 INST002-000 MODE002
       13: TURN_TO SAT002 DIR007 DIR011
       14: TAKE_IMAGE SAT002 DIR007 INST002-000 MODE002
     

time spent:    0.00 seconds instantiating 949 easy, 0 hard action templates
               0.00 seconds reachability analysis, yielding 155 facts and 949 actions
               0.00 seconds creating final representation with 155 relevant facts
               0.00 seconds building connectivity graph
               0.00 seconds searching, evaluating 34 states, to a max depth of 2
               0.00 seconds total time

