
ff: parsing domain file
domain 'SATELLITE' defined
 ... done.
ff: parsing problem file
problem 'PROBNAME' defined
 ... done.



Cueing down from goal distance:   22 into depth [1]
                                  21            [1]
                                  20            [1]
                                  17            [1]
                                  16            [1]
                                  15            [1]
                                  14            [1]
                                  13            [1][2]
                                  12            [1]
                                  11            [1]
                                  10            [1]
                                   9            [1]
                                   8            [1][2]
                                   7            [1]
                                   6            [1]
                                   5            [1]
                                   4            [1]
                                   3            [1][2]
                                   2            [1]
                                   1            [1]
                                   0            

ff: found legal plan as follows

step    0: TURN_TO SAT000 DIR013 DIR001
        1: TURN_TO SAT001 DIR002 DIR013
        2: SWITCH_ON INST003-000 SAT003
        3: SWITCH_ON INST000-000 SAT000
        4: CALIBRATE SAT000 INST000-000 DIR013
        5: TURN_TO SAT000 DIR004 DIR013
        6: TAKE_IMAGE SAT000 DIR004 INST000-000 MODE000
        7: TURN_TO SAT003 DIR008 DIR006
        8: CALIBRATE SAT003 INST003-000 DIR008
        9: TURN_TO SAT003 DIR006 DIR008
       10: TAKE_IMAGE SAT003 DIR006 INST003-000 MODE004
       11: TURN_TO SAT003 DIR007 DIR006
       12: TAKE_IMAGE SAT003 DIR007 INST003-000 MODE004
       13: SWITCH_ON INST002-000 SAT002
       14: TURN_TO SAT001 DIR004 DIR002
       15: SWITCH_ON INST001-000 SAT001
       16: CALIBRATE SAT001 INST001-000 DIR004
       17: TURN_TO SAT001 DIR000 DIR004
       18: TAKE_IMAGE SAT001 DIR000 INST001-000 MODE003
       19: TURN_TO SAT002 DIR006 DIR000
       20: CALIBRATE SAT002 INST002-000 DIR006
       21: TURN_TO SAT002 DIR000 DIR006
       22: TAKE_IMAGE SAT002 DIR000 INST002-000 MODE001
     

time spent:    0.00 seconds instantiating 1233 easy, 0 hard action templates
               0.00 seconds reachability analysis, yielding 202 facts and 1233 actions
               0.00 seconds creating final representation with 202 relevant facts
               0.00 seconds building connectivity graph
               0.02 seconds searching, evaluating 84 states, to a max depth of 2
               0.02 seconds total time

