
ff: parsing domain file
domain 'SATELLITE' defined
 ... done.
ff: parsing problem file
problem 'PROBNAME' defined
 ... done.



Cueing down from goal distance:   14 into depth [1]
                                  13            [1]
                                  12            [1]
                                  11            [1]
                                  10            [1]
                                   9            [1]
                                   8            [1]
                                   7            [1]
                                   6            [1]
                                   5            [1]
                                   4            [1]
                                   3            [1]
                                   2            [1]
                                   1            [1]
                                   0            

ff: found legal plan as follows

step    0: TURN_TO SAT001 DIR003 DIR014
        1: TURN_TO SAT000 DIR008 DIR003
        2: SWITCH_ON INST001-000 SAT001
        3: CALIBRATE SAT001 INST001-000 DIR003
        4: TURN_TO SAT001 DIR011 DIR003
        5: TAKE_IMAGE SAT001 DIR011 INST001-000 MODE000
        6: TURN_TO SAT001 DIR015 DIR011
        7: TAKE_IMAGE SAT001 DIR015 INST001-000 MODE000
        8: SWITCH_ON INST000-000 SAT000
        9: CALIBRATE SAT000 INST000-000 DIR008
       10: TURN_TO SAT000 DIR006 DIR008
       11: TAKE_IMAGE SAT000 DIR006 INST000-000 MODE002
       12: TURN_TO SAT000 DIR013 DIR006
       13: TAKE_IMAGE SAT000 DIR013 INST000-000 MODE002
     

time spent:    0.00 seconds instantiating 1801 easy, 0 hard action templates
               0.00 seconds reachability analysis, yielding 207 facts and 1801 actions
               0.00 seconds creating final representation with 207 relevant facts
               0.00 seconds building connectivity graph
               0.01 seconds searching, evaluating 23 states, to a max depth of 1
               0.01 seconds total time

