
ff: parsing domain file
domain 'SATELLITE' defined
 ... done.
ff: parsing problem file
problem 'PROBNAME' defined
 ... done.



Cueing down from goal distance:   10 into depth [1]
                                   9            [1]
                                   8            [1]
                                   7            [1]
                                   6            [1]
                                   5            [1]
                                   4            [1]
                                   3            [1]
                                   2            [1]
                                   1            [1]
                                   0            

ff: found legal plan as follows

step    0: TURN_TO SAT000 DIR010 DIR012
        1: TURN_TO SAT001 DIR002 DIR004
        2: SWITCH_ON INST000-000 SAT000
        3: CALIBRATE SAT000 INST000-000 DIR010
        4: TURN_TO SAT000 DIR008 DIR010
        5: TAKE_IMAGE SAT000 DIR008 INST000-000 MODE000
        6: SWITCH_ON INST001-000 SAT001
        7: CALIBRATE SAT001 INST001-000 DIR002
        8: TURN_TO SAT001 DIR001 DIR002
        9: TAKE_IMAGE SAT001 DIR001 INST001-000 MODE002
     

time spent:    0.00 seconds instantiating 1504 easy, 0 hard action templates
               0.00 seconds reachability analysis, yielding 181 facts and 1504 actions
               0.00 seconds creating final representation with 181 relevant facts
               0.00 seconds building connectivity graph
               0.00 seconds searching, evaluating 14 states, to a max depth of 1
               0.00 seconds total time

