
ff: parsing domain file
domain 'SATELLITE' defined
 ... done.
ff: parsing problem file
problem 'PROBNAME' defined
 ... done.



Cueing down from goal distance:   15 into depth [1]
                                  14            [1]
                                  13            [1]
                                  12            [1]
                                  11            [1]
                                  10            [1]
                                   9            [1][2]
                                   8            [1]
                                   7            [1]
                                   6            [1]
                                   5            [1]
                                   4            [1]
                                   3            [1][2]
                                   2            [1]
                                   1            [1]
                                   0            

ff: found legal plan as follows

step    0: TURN_TO SAT000 DIR007 DIR003
        1: SWITCH_ON INST000-002 SAT000
        2: CALIBRATE SAT000 INST000-002 DIR007
        3: TURN_TO SAT000 DIR014 DIR007
        4: TAKE_IMAGE SAT000 DIR014 INST000-002 MODE002
        5: TURN_TO SAT001 DIR000 DIR013
        6: SWITCH_ON INST001-000 SAT001
        7: SWITCH_OFF INST000-002 SAT000
        8: CALIBRATE SAT001 INST001-000 DIR000
        9: TAKE_IMAGE SAT001 DIR000 INST001-000 MODE004
       10: TURN_TO SAT001 DIR004 DIR000
       11: TAKE_IMAGE SAT001 DIR004 INST001-000 MODE004
       12: SWITCH_ON INST000-000 SAT000
       13: TURN_TO SAT000 DIR015 DIR014
       14: CALIBRATE SAT000 INST000-000 DIR015
       15: TURN_TO SAT000 DIR014 DIR015
       16: TAKE_IMAGE SAT000 DIR014 INST000-000 MODE000
     

time spent:    0.00 seconds instantiating 1504 easy, 0 hard action templates
               0.00 seconds reachability analysis, yielding 213 facts and 1504 actions
               0.00 seconds creating final representation with 213 relevant facts
               0.00 seconds building connectivity graph
               0.01 seconds searching, evaluating 36 states, to a max depth of 2
               0.01 seconds total time

