
ff: parsing domain file
domain 'SATELLITE' defined
 ... done.
ff: parsing problem file
problem 'PROBNAME' defined
 ... done.



Cueing down from goal distance:   11 into depth [1]
                                  10            [1][2]
                                   9            [1]
                                   8            [1]
                                   7            [1]
                                   6            [1]
                                   5            [1]
                                   4            [1][2]
                                   3            [1]
                                   2            [1]
                                   1            [1]
                                   0            

ff: found legal plan as follows

step    0: TURN_TO SAT000 DIR005 DIR010
        1: TURN_TO SAT000 DIR013 DIR005
        2: SWITCH_ON INST000-002 SAT000
        3: TURN_TO SAT001 DIR004 DIR009
        4: SWITCH_ON INST001-000 SAT001
        5: CALIBRATE SAT001 INST001-000 DIR004
        6: TURN_TO SAT001 DIR012 DIR004
        7: TAKE_IMAGE SAT001 DIR012 INST001-000 MODE001
        8: TURN_TO SAT000 DIR004 DIR013
        9: CALIBRATE SAT000 INST000-002 DIR004
       10: TAKE_IMAGE SAT000 DIR004 INST000-002 MODE002
       11: TURN_TO SAT000 DIR013 DIR004
       12: TAKE_IMAGE SAT000 DIR013 INST000-002 MODE002
     

time spent:    0.00 seconds instantiating 1485 easy, 0 hard action templates
               0.00 seconds reachability analysis, yielding 178 facts and 1485 actions
               0.00 seconds creating final representation with 178 relevant facts
               0.00 seconds building connectivity graph
               0.01 seconds searching, evaluating 23 states, to a max depth of 2
               0.01 seconds total time

