
ff: parsing domain file
domain 'SATELLITE' defined
 ... done.
ff: parsing problem file
problem 'PROBNAME' defined
 ... done.



Cueing down from goal distance:   11 into depth [1]
                                  10            [1]
                                   9            [1]
                                   8            [1]
                                   7            [1]
                                   6            [1]
                                   5            [1]
                                   4            [1]
                                   3            [1]
                                   2            [1]
                                   1            [1]
                                   0            

ff: found legal plan as follows

step    0: TURN_TO SAT001 DIR007 DIR008
        1: SWITCH_ON INST001-000 SAT001
        2: CALIBRATE SAT001 INST001-000 DIR007
        3: TURN_TO SAT001 DIR000 DIR007
        4: TAKE_IMAGE SAT001 DIR000 INST001-000 MODE001
        5: TURN_TO SAT001 DIR005 DIR000
        6: TAKE_IMAGE SAT001 DIR005 INST001-000 MODE001
        7: TURN_TO SAT001 DIR013 DIR005
        8: TAKE_IMAGE SAT001 DIR013 INST001-000 MODE001
        9: TURN_TO SAT001 DIR010 DIR013
       10: TAKE_IMAGE SAT001 DIR010 INST001-000 MODE001
     

time spent:    0.00 seconds instantiating 1150 easy, 0 hard action templates
               0.00 seconds reachability analysis, yielding 146 facts and 1150 actions
               0.00 seconds creating final representation with 146 relevant facts
               0.00 seconds building connectivity graph
               0.01 seconds searching, evaluating 19 states, to a max depth of 1
               0.01 seconds total time

