
ff: parsing domain file
domain 'SATELLITE' defined
 ... done.
ff: parsing problem file
problem 'PROBNAME' defined
 ... done.



Cueing down from goal distance:   12 into depth [1]
                                  11            [1]
                                  10            [1]
                                   9            [1]
                                   8            [1]
                                   7            [1]
                                   6            [1]
                                   5            [1]
                                   4            [1]
                                   3            [1]
                                   2            [1]
                                   1            [1]
                                   0            

ff: found legal plan as follows

step    0: TURN_TO SAT000 DIR008 DIR001
        1: SWITCH_ON INST000-002 SAT000
        2: TURN_TO SAT001 DIR004 DIR003
        3: CALIBRATE SAT000 INST000-002 DIR008
        4: TURN_TO SAT000 DIR004 DIR008
        5: TAKE_IMAGE SAT000 DIR004 INST000-002 MODE000
        6: SWITCH_ON INST001-000 SAT001
        7: CALIBRATE SAT001 INST001-000 DIR004
        8: TURN_TO SAT001 DIR002 DIR004
        9: TAKE_IMAGE SAT001 DIR002 INST001-000 MODE002
       10: TURN_TO SAT001 DIR015 DIR002
       11: TAKE_IMAGE SAT001 DIR015 INST001-000 MODE002
     

time spent:    0.00 seconds instantiating 1687 easy, 0 hard action templates
               0.00 seconds reachability analysis, yielding 189 facts and 1687 actions
               0.00 seconds creating final representation with 189 relevant facts
               0.00 seconds building connectivity graph
               0.01 seconds searching, evaluating 20 states, to a max depth of 1
               0.01 seconds total time

