
ff: parsing domain file
domain 'SATELLITE' defined
 ... done.
ff: parsing problem file
problem 'PROBNAME' defined
 ... done.



Cueing down from goal distance:    5 into depth [1]
                                   4            [1]
                                   3            [1]
                                   2            [1]
                                   1            [1]
                                   0            

ff: found legal plan as follows

step    0: TURN_TO SAT001 DIR012 DIR003
        1: SWITCH_ON INST001-000 SAT001
        2: CALIBRATE SAT001 INST001-000 DIR012
        3: TURN_TO SAT001 DIR013 DIR012
        4: TAKE_IMAGE SAT001 DIR013 INST001-000 MODE000
     

time spent:    0.00 seconds instantiating 1107 easy, 0 hard action templates
               0.00 seconds reachability analysis, yielding 120 facts and 1107 actions
               0.00 seconds creating final representation with 120 relevant facts
               0.00 seconds building connectivity graph
               0.00 seconds searching, evaluating 7 states, to a max depth of 1
               0.00 seconds total time

