
ff: parsing domain file
domain 'SATELLITE' defined
 ... done.
ff: parsing problem file
problem 'PROBNAME' defined
 ... done.



Cueing down from goal distance:   17 into depth [1]
                                  16            [1]
                                  15            [1]
                                  14            [1]
                                  13            [1]
                                  12            [1]
                                  11            [1]
                                  10            [1]
                                   9            [1]
                                   8            [1]
                                   7            [1]
                                   6            [1]
                                   5            [1]
                                   4            [1]
                                   3            [1]
                                   2            [1]
                                   1            [1]
                                   0            

ff: found legal plan as follows

step    0: TURN_TO SAT000 DIR011 DIR017
        1: TURN_TO SAT001 DIR009 DIR002
        2: SWITCH_ON INST000-000 SAT000
        3: CALIBRATE SAT000 INST000-000 DIR011
        4: TURN_TO SAT000 DIR006 DIR011
        5: TAKE_IMAGE SAT000 DIR006 INST000-000 MODE002
        6: SWITCH_ON INST001-001 SAT001
        7: CALIBRATE SAT001 INST001-001 DIR009
        8: TURN_TO SAT001 DIR015 DIR009
        9: TAKE_IMAGE SAT001 DIR015 INST001-001 MODE003
       10: TURN_TO SAT001 DIR014 DIR015
       11: TAKE_IMAGE SAT001 DIR014 INST001-001 MODE003
       12: SWITCH_ON INST002-000 SAT002
       13: CALIBRATE SAT002 INST002-000 DIR010
       14: TAKE_IMAGE SAT002 DIR010 INST002-000 MODE000
       15: TURN_TO SAT002 DIR005 DIR010
       16: TAKE_IMAGE SAT002 DIR005 INST002-000 MODE000
     

time spent:    0.00 seconds instantiating 1740 easy, 0 hard action templates
               0.00 seconds reachability analysis, yielding 197 facts and 1740 actions
               0.00 seconds creating final representation with 197 relevant facts
               0.00 seconds building connectivity graph
               0.01 seconds searching, evaluating 28 states, to a max depth of 1
               0.01 seconds total time

