
ff: parsing domain file
domain 'SATELLITE' defined
 ... done.
ff: parsing problem file
problem 'PROBNAME' defined
 ... done.



Cueing down from goal distance:   13 into depth [1]
                                  12            [1]
                                  11            [1]
                                  10            [1]
                                   9            [1]
                                   8            [1]
                                   7            [1]
                                   6            [1]
                                   5            [1][2]
                                   4            [1]
                                   3            [1]
                                   2            [1]
                                   1            [1]
                                   0            

ff: found legal plan as follows

step    0: TURN_TO SAT000 DIR015 DIR006
        1: SWITCH_ON INST000-000 SAT000
        2: CALIBRATE SAT000 INST000-000 DIR015
        3: TURN_TO SAT000 DIR011 DIR015
        4: TAKE_IMAGE SAT000 DIR011 INST000-000 MODE002
        5: TURN_TO SAT000 DIR009 DIR011
        6: TAKE_IMAGE SAT000 DIR009 INST000-000 MODE002
        7: SWITCH_ON INST001-000 SAT001
        8: TURN_TO SAT001 DIR015 DIR002
        9: CALIBRATE SAT001 INST001-000 DIR015
       10: TURN_TO SAT001 DIR002 DIR015
       11: TAKE_IMAGE SAT001 DIR002 INST001-000 MODE001
       12: TURN_TO SAT001 DIR010 DIR002
       13: TAKE_IMAGE SAT001 DIR010 INST001-000 MODE001
     

time spent:    0.00 seconds instantiating 1308 easy, 0 hard action templates
               0.00 seconds reachability analysis, yielding 160 facts and 1308 actions
               0.00 seconds creating final representation with 160 relevant facts
               0.00 seconds building connectivity graph
               0.00 seconds searching, evaluating 26 states, to a max depth of 2
               0.00 seconds total time

