
ff: parsing domain file
domain 'SATELLITE' defined
 ... done.
ff: parsing problem file
problem 'PROBNAME' defined
 ... done.



Cueing down from goal distance:   14 into depth [1]
                                  13            [1]
                                  12            [1]
                                  11            [1]
                                  10            [1]
                                   9            [1]
                                   8            [1][2]
                                   7            [1]
                                   6            [1]
                                   5            [1]
                                   4            [1]
                                   3            [1]
                                   2            [1]
                                   1            [1]
                                   0            

ff: found legal plan as follows

step    0: TURN_TO SAT000 DIR014 DIR019
        1: TURN_TO SAT002 DIR019 DIR011
        2: SWITCH_ON INST002-000 SAT002
        3: CALIBRATE SAT002 INST002-000 DIR019
        4: TURN_TO SAT002 DIR000 DIR019
        5: TAKE_IMAGE SAT002 DIR000 INST002-000 MODE004
        6: SWITCH_ON INST000-001 SAT000
        7: CALIBRATE SAT000 INST000-001 DIR014
        8: TURN_TO SAT000 DIR015 DIR014
        9: TAKE_IMAGE SAT000 DIR015 INST000-001 MODE001
       10: SWITCH_OFF INST000-001 SAT000
       11: SWITCH_ON INST000-000 SAT000
       12: CALIBRATE SAT000 INST000-000 DIR015
       13: TURN_TO SAT000 DIR003 DIR015
       14: TAKE_IMAGE SAT000 DIR003 INST000-000 MODE000
     

time spent:    0.00 seconds instantiating 1301 easy, 0 hard action templates
               0.00 seconds reachability analysis, yielding 184 facts and 1301 actions
               0.00 seconds creating final representation with 184 relevant facts
               0.00 seconds building connectivity graph
               0.01 seconds searching, evaluating 30 states, to a max depth of 2
               0.01 seconds total time

