
ff: parsing domain file
domain 'SATELLITE' defined
 ... done.
ff: parsing problem file
problem 'PROBNAME' defined
 ... done.



Cueing down from goal distance:   15 into depth [1]
                                  14            [1][2]
                                  13            [1]
                                  12            [1]
                                  11            [1]
                                  10            [1]
                                   9            [1]
                                   8            [1]
                                   7            [1]
                                   6            [1]
                                   5            [1][2]
                                   4            [1]
                                   3            [1]
                                   2            [1]
                                   1            [1]
                                   0            

ff: found legal plan as follows

step    0: TURN_TO SAT000 DIR007 DIR019
        1: TURN_TO SAT000 DIR017 DIR007
        2: SWITCH_ON INST000-001 SAT000
        3: SWITCH_ON INST001-000 SAT001
        4: CALIBRATE SAT001 INST001-000 DIR006
        5: TURN_TO SAT001 DIR002 DIR006
        6: TAKE_IMAGE SAT001 DIR002 INST001-000 MODE001
        7: TURN_TO SAT001 DIR014 DIR002
        8: TAKE_IMAGE SAT001 DIR014 INST001-000 MODE001
        9: TURN_TO SAT001 DIR016 DIR014
       10: TAKE_IMAGE SAT001 DIR016 INST001-000 MODE001
       11: TURN_TO SAT000 DIR016 DIR017
       12: CALIBRATE SAT000 INST000-001 DIR016
       13: TURN_TO SAT000 DIR017 DIR016
       14: TAKE_IMAGE SAT000 DIR017 INST000-001 MODE000
       15: TURN_TO SAT000 DIR001 DIR017
       16: TAKE_IMAGE SAT000 DIR001 INST000-001 MODE000
     

time spent:    0.00 seconds instantiating 2671 easy, 0 hard action templates
               0.00 seconds reachability analysis, yielding 217 facts and 2671 actions
               0.00 seconds creating final representation with 217 relevant facts
               0.01 seconds building connectivity graph
               0.01 seconds searching, evaluating 40 states, to a max depth of 2
               0.02 seconds total time

