
ff: parsing domain file
domain 'SATELLITE' defined
 ... done.
ff: parsing problem file
problem 'PROBNAME' defined
 ... done.



Cueing down from goal distance:   18 into depth [1]
                                  17            [1]
                                  16            [1]
                                  15            [1]
                                  14            [1]
                                  13            [1]
                                  12            [1]
                                  11            [1]
                                  10            [1][2]
                                   9            [1]
                                   8            [1]
                                   7            [1]
                                   6            [1]
                                   5            [1]
                                   4            [1]
                                   3            [1]
                                   2            [1]
                                   1            [1]
                                   0            

ff: found legal plan as follows

step    0: TURN_TO SAT000 DIR009 DIR000
        1: TURN_TO SAT001 DIR005 DIR000
        2: SWITCH_ON INST000-001 SAT000
        3: CALIBRATE SAT000 INST000-001 DIR009
        4: TURN_TO SAT000 DIR008 DIR009
        5: TAKE_IMAGE SAT000 DIR008 INST000-001 MODE004
        6: TURN_TO SAT000 DIR005 DIR008
        7: TAKE_IMAGE SAT000 DIR005 INST000-001 MODE004
        8: SWITCH_ON INST001-000 SAT001
        9: CALIBRATE SAT001 INST001-000 DIR005
       10: TURN_TO SAT001 DIR008 DIR005
       11: TAKE_IMAGE SAT001 DIR008 INST001-000 MODE002
       12: TURN_TO SAT001 DIR011 DIR008
       13: TAKE_IMAGE SAT001 DIR011 INST001-000 MODE002
       14: SWITCH_OFF INST001-000 SAT001
       15: SWITCH_ON INST001-002 SAT001
       16: CALIBRATE SAT001 INST001-002 DIR011
       17: TURN_TO SAT001 DIR010 DIR011
       18: TAKE_IMAGE SAT001 DIR010 INST001-002 MODE003
     

time spent:    0.00 seconds instantiating 1586 easy, 0 hard action templates
               0.00 seconds reachability analysis, yielding 203 facts and 1586 actions
               0.00 seconds creating final representation with 203 relevant facts
               0.00 seconds building connectivity graph
               0.01 seconds searching, evaluating 44 states, to a max depth of 2
               0.01 seconds total time

