
ff: parsing domain file
domain 'SATELLITE' defined
 ... done.
ff: parsing problem file
problem 'PROBNAME' defined
 ... done.



Cueing down from goal distance:   17 into depth [1]
                                  15            [1]
                                  14            [1]
                                  13            [1]
                                  12            [1]
                                  11            [1]
                                  10            [1]
                                   9            [1]
                                   8            [1]
                                   7            [1]
                                   6            [1]
                                   5            [1]
                                   4            [1]
                                   3            [1][2]
                                   2            [1]
                                   1            [1]
                                   0            

ff: found legal plan as follows

step    0: TURN_TO SAT001 DIR012 DIR006
        1: SWITCH_ON INST002-000 SAT002
        2: SWITCH_ON INST000-002 SAT000
        3: TURN_TO SAT000 DIR004 DIR021
        4: CALIBRATE SAT000 INST000-002 DIR004
        5: TURN_TO SAT000 DIR009 DIR004
        6: TAKE_IMAGE SAT000 DIR009 INST000-002 MODE000
        7: SWITCH_ON INST001-001 SAT001
        8: CALIBRATE SAT001 INST001-001 DIR012
        9: TURN_TO SAT001 DIR006 DIR012
       10: TAKE_IMAGE SAT001 DIR006 INST001-001 MODE001
       11: TURN_TO SAT001 DIR021 DIR006
       12: TAKE_IMAGE SAT001 DIR021 INST001-001 MODE001
       13: TURN_TO SAT002 DIR002 DIR015
       14: CALIBRATE SAT002 INST002-000 DIR002
       15: TURN_TO SAT002 DIR015 DIR002
       16: TAKE_IMAGE SAT002 DIR015 INST002-000 MODE004
     

time spent:    0.00 seconds instantiating 1661 easy, 0 hard action templates
               0.00 seconds reachability analysis, yielding 212 facts and 1661 actions
               0.00 seconds creating final representation with 212 relevant facts
               0.01 seconds building connectivity graph
               0.00 seconds searching, evaluating 40 states, to a max depth of 2
               0.01 seconds total time

