
ff: parsing domain file
domain 'SATELLITE' defined
 ... done.
ff: parsing problem file
problem 'PROBNAME' defined
 ... done.



Cueing down from goal distance:   15 into depth [1]
                                  13            [1]
                                  12            [1]
                                  11            [1]
                                  10            [1]
                                   9            [1]
                                   8            [1]
                                   7            [1]
                                   6            [1][2]
                                   5            [1]
                                   4            [1]
                                   3            [1]
                                   2            [1]
                                   1            [1]
                                   0            

ff: found legal plan as follows

step    0: SWITCH_ON INST000-001 SAT000
        1: CALIBRATE SAT000 INST000-001 DIR006
        2: TURN_TO SAT000 DIR007 DIR006
        3: TAKE_IMAGE SAT000 DIR007 INST000-001 MODE000
        4: TURN_TO SAT000 DIR017 DIR007
        5: TAKE_IMAGE SAT000 DIR017 INST000-001 MODE000
        6: TURN_TO SAT001 DIR018 DIR020
        7: SWITCH_ON INST001-000 SAT001
        8: TURN_TO SAT001 DIR015 DIR018
        9: CALIBRATE SAT001 INST001-000 DIR015
       10: TAKE_IMAGE SAT001 DIR015 INST001-000 MODE002
       11: TURN_TO SAT001 DIR018 DIR015
       12: TAKE_IMAGE SAT001 DIR018 INST001-000 MODE002
       13: TURN_TO SAT001 DIR004 DIR018
       14: TAKE_IMAGE SAT001 DIR004 INST001-000 MODE002
     

time spent:    0.00 seconds instantiating 2810 easy, 0 hard action templates
               0.00 seconds reachability analysis, yielding 263 facts and 2810 actions
               0.00 seconds creating final representation with 263 relevant facts
               0.00 seconds building connectivity graph
               0.02 seconds searching, evaluating 27 states, to a max depth of 2
               0.02 seconds total time

