
ff: parsing domain file
domain 'SATELLITE' defined
 ... done.
ff: parsing problem file
problem 'PROBNAME' defined
 ... done.



Cueing down from goal distance:   13 into depth [1]
                                  12            [1]
                                  11            [1]
                                  10            [1]
                                   9            [1]
                                   8            [1]
                                   7            [1]
                                   6            [1]
                                   5            [1]
                                   4            [1]
                                   3            [1][2]
                                   2            [1]
                                   1            [1]
                                   0            

ff: found legal plan as follows

step    0: SWITCH_ON INST004-000 SAT004
        1: SWITCH_ON INST000-001 SAT000
        2: TURN_TO SAT002 DIR020 DIR023
        3: CALIBRATE SAT000 INST000-001 DIR023
        4: TURN_TO SAT000 DIR001 DIR023
        5: TAKE_IMAGE SAT000 DIR001 INST000-001 MODE002
        6: SWITCH_ON INST002-000 SAT002
        7: CALIBRATE SAT002 INST002-000 DIR020
        8: TURN_TO SAT002 DIR011 DIR020
        9: TAKE_IMAGE SAT002 DIR011 INST002-000 MODE001
       10: TURN_TO SAT004 DIR002 DIR018
       11: CALIBRATE SAT004 INST004-000 DIR002
       12: TURN_TO SAT004 DIR018 DIR002
       13: TAKE_IMAGE SAT004 DIR018 INST004-000 MODE000
     

time spent:    0.00 seconds instantiating 3165 easy, 0 hard action templates
               0.00 seconds reachability analysis, yielding 242 facts and 3165 actions
               0.01 seconds creating final representation with 242 relevant facts
               0.00 seconds building connectivity graph
               0.01 seconds searching, evaluating 30 states, to a max depth of 2
               0.02 seconds total time

