
ff: parsing domain file
domain 'SATELLITE' defined
 ... done.
ff: parsing problem file
problem 'PROBNAME' defined
 ... done.



Cueing down from goal distance:   18 into depth [1]
                                  17            [1]
                                  16            [1]
                                  15            [1]
                                  14            [1]
                                  13            [1]
                                  12            [1]
                                  11            [1]
                                  10            [1]
                                   9            [1]
                                   8            [1]
                                   7            [1]
                                   6            [1]
                                   5            [1]
                                   4            [1]
                                   3            [1]
                                   2            [1]
                                   1            [1]
                                   0            

ff: found legal plan as follows

step    0: TURN_TO SAT000 DIR010 DIR000
        1: SWITCH_ON INST000-000 SAT000
        2: CALIBRATE SAT000 INST000-000 DIR010
        3: TURN_TO SAT000 DIR018 DIR010
        4: TAKE_IMAGE SAT000 DIR018 INST000-000 MODE003
        5: SWITCH_ON INST001-002 SAT001
        6: TURN_TO SAT003 DIR008 DIR002
        7: CALIBRATE SAT001 INST001-002 DIR018
        8: TURN_TO SAT001 DIR007 DIR018
        9: TAKE_IMAGE SAT001 DIR007 INST001-002 MODE000
       10: TURN_TO SAT001 DIR010 DIR007
       11: TAKE_IMAGE SAT001 DIR010 INST001-002 MODE000
       12: TURN_TO SAT001 DIR016 DIR010
       13: TAKE_IMAGE SAT001 DIR016 INST001-002 MODE000
       14: SWITCH_ON INST003-003 SAT003
       15: CALIBRATE SAT003 INST003-003 DIR008
       16: TURN_TO SAT003 DIR020 DIR008
       17: TAKE_IMAGE SAT003 DIR020 INST003-003 MODE002
     

time spent:    0.00 seconds instantiating 3771 easy, 0 hard action templates
               0.00 seconds reachability analysis, yielding 297 facts and 3771 actions
               0.01 seconds creating final representation with 297 relevant facts
               0.00 seconds building connectivity graph
               0.03 seconds searching, evaluating 35 states, to a max depth of 1
               0.04 seconds total time

