
ff: parsing domain file
domain 'SATELLITE' defined
 ... done.
ff: parsing problem file
problem 'PROBNAME' defined
 ... done.



Cueing down from goal distance:   15 into depth [1]
                                  14            [1]
                                  13            [1]
                                  12            [1]
                                  11            [1]
                                  10            [1]
                                   9            [1]
                                   8            [1]
                                   7            [1]
                                   6            [1]
                                   5            [1]
                                   4            [1]
                                   3            [1][2]
                                   2            [1]
                                   1            [1]
                                   0            

ff: found legal plan as follows

step    0: TURN_TO SAT000 DIR020 DIR012
        1: SWITCH_ON INST000-001 SAT000
        2: CALIBRATE SAT000 INST000-001 DIR020
        3: TAKE_IMAGE SAT000 DIR020 INST000-001 MODE002
        4: SWITCH_ON INST001-002 SAT001
        5: TURN_TO SAT002 DIR020 DIR014
        6: SWITCH_ON INST002-004 SAT002
        7: CALIBRATE SAT002 INST002-004 DIR020
        8: TURN_TO SAT002 DIR010 DIR020
        9: TAKE_IMAGE SAT002 DIR010 INST002-004 MODE001
       10: TURN_TO SAT002 DIR021 DIR010
       11: TAKE_IMAGE SAT002 DIR021 INST002-004 MODE001
       12: TURN_TO SAT001 DIR022 DIR017
       13: CALIBRATE SAT001 INST001-002 DIR022
       14: TURN_TO SAT001 DIR017 DIR022
       15: TAKE_IMAGE SAT001 DIR017 INST001-002 MODE000
     

time spent:    0.00 seconds instantiating 3798 easy, 0 hard action templates
               0.00 seconds reachability analysis, yielding 276 facts and 3798 actions
               0.01 seconds creating final representation with 276 relevant facts
               0.00 seconds building connectivity graph
               0.01 seconds searching, evaluating 37 states, to a max depth of 2
               0.02 seconds total time

