
ff: parsing domain file
domain 'SATELLITE' defined
 ... done.
ff: parsing problem file
problem 'PROBNAME' defined
 ... done.



Cueing down from goal distance:   14 into depth [1]
                                  13            [1]
                                  12            [1]
                                  11            [1]
                                  10            [1]
                                   9            [1]
                                   8            [1]
                                   7            [1]
                                   6            [1]
                                   5            [1]
                                   4            [1]
                                   3            [1]
                                   2            [1]
                                   1            [1]
                                   0            

ff: found legal plan as follows

step    0: TURN_TO SAT001 DIR011 DIR008
        1: TURN_TO SAT000 DIR018 DIR017
        2: SWITCH_ON INST001-000 SAT001
        3: CALIBRATE SAT001 INST001-000 DIR011
        4: TURN_TO SAT001 DIR009 DIR011
        5: TAKE_IMAGE SAT001 DIR009 INST001-000 MODE002
        6: SWITCH_ON INST000-000 SAT000
        7: CALIBRATE SAT000 INST000-000 DIR018
        8: TURN_TO SAT000 DIR000 DIR018
        9: TAKE_IMAGE SAT000 DIR000 INST000-000 MODE000
       10: TURN_TO SAT000 DIR002 DIR000
       11: TAKE_IMAGE SAT000 DIR002 INST000-000 MODE000
       12: TURN_TO SAT000 DIR009 DIR002
       13: TAKE_IMAGE SAT000 DIR009 INST000-000 MODE000
     

time spent:    0.00 seconds instantiating 2505 easy, 0 hard action templates
               0.00 seconds reachability analysis, yielding 205 facts and 2505 actions
               0.00 seconds creating final representation with 205 relevant facts
               0.01 seconds building connectivity graph
               0.00 seconds searching, evaluating 24 states, to a max depth of 1
               0.01 seconds total time

