
ff: parsing domain file
domain 'SATELLITE' defined
 ... done.
ff: parsing problem file
problem 'PROBNAME' defined
 ... done.



Cueing down from goal distance:   18 into depth [1]
                                  17            [1]
                                  15            [1]
                                  14            [1]
                                  13            [1]
                                  12            [1]
                                  11            [1][2][3]
                                  10            [1]
                                   9            [1]
                                   8            [1]
                                   7            [1]
                                   6            [1][2]
                                   5            [1]
                                   4            [1]
                                   3            [1]
                                   2            [1]
                                   1            [1]
                                   0            

ff: found legal plan as follows

step    0: TURN_TO SAT000 DIR001 DIR010
        1: SWITCH_ON INST000-002 SAT000
        2: TURN_TO SAT001 DIR011 DIR010
        3: CALIBRATE SAT000 INST000-002 DIR001
        4: TURN_TO SAT000 DIR008 DIR001
        5: TAKE_IMAGE SAT000 DIR008 INST000-002 MODE003
        6: TURN_TO SAT001 DIR018 DIR011
        7: SWITCH_ON INST001-001 SAT001
        8: TURN_TO SAT003 DIR000 DIR002
        9: SWITCH_ON INST003-001 SAT003
       10: CALIBRATE SAT003 INST003-001 DIR000
       11: TURN_TO SAT003 DIR014 DIR000
       12: TAKE_IMAGE SAT003 DIR014 INST003-001 MODE000
       13: TURN_TO SAT001 DIR014 DIR018
       14: CALIBRATE SAT001 INST001-001 DIR014
       15: TAKE_IMAGE SAT001 DIR014 INST001-001 MODE001
       16: TURN_TO SAT001 DIR018 DIR014
       17: TAKE_IMAGE SAT001 DIR018 INST001-001 MODE001
       18: TURN_TO SAT001 DIR002 DIR018
       19: TAKE_IMAGE SAT001 DIR002 INST001-001 MODE001
     

time spent:    0.00 seconds instantiating 3165 easy, 0 hard action templates
               0.00 seconds reachability analysis, yielding 266 facts and 3165 actions
               0.01 seconds creating final representation with 266 relevant facts
               0.00 seconds building connectivity graph
               0.02 seconds searching, evaluating 53 states, to a max depth of 3
               0.03 seconds total time

