
ff: parsing domain file
domain 'SATELLITE' defined
 ... done.
ff: parsing problem file
problem 'PROBNAME' defined
 ... done.



Cueing down from goal distance:   17 into depth [1]
                                  16            [1]
                                  13            [1]
                                  11            [1]
                                  10            [1]
                                   9            [1]
                                   8            [1]
                                   7            [1]
                                   6            [1]
                                   5            [1]
                                   4            [1]
                                   3            [1]
                                   2            [1]
                                   1            [1]
                                   0            

ff: found legal plan as follows

step    0: TURN_TO SAT002 DIR002 DIR001
        1: TURN_TO SAT003 DIR003 DIR001
        2: TURN_TO SAT000 DIR002 DIR003
        3: SWITCH_ON INST000-000 SAT000
        4: CALIBRATE SAT000 INST000-000 DIR002
        5: TURN_TO SAT000 DIR001 DIR002
        6: TAKE_IMAGE SAT000 DIR001 INST000-000 MODE000
        7: TURN_TO SAT000 DIR000 DIR001
        8: TAKE_IMAGE SAT000 DIR000 INST000-000 MODE000
        9: SWITCH_ON INST002-000 SAT002
       10: CALIBRATE SAT002 INST002-000 DIR002
       11: TAKE_IMAGE SAT002 DIR002 INST002-000 MODE001
       12: TURN_TO SAT002 DIR001 DIR002
       13: TAKE_IMAGE SAT002 DIR001 INST002-000 MODE001
     

time spent:    0.00 seconds instantiating 158 easy, 0 hard action templates
               0.00 seconds reachability analysis, yielding 79 facts and 158 actions
               0.00 seconds creating final representation with 79 relevant facts
               0.00 seconds building connectivity graph
               0.00 seconds searching, evaluating 22 states, to a max depth of 1
               0.00 seconds total time

