
ff: parsing domain file
domain 'SATELLITE' defined
 ... done.
ff: parsing problem file
problem 'PROBNAME' defined
 ... done.



Cueing down from goal distance:   12 into depth [1]
                                  11            [1]
                                  10            [1]
                                   9            [1]
                                   8            [1][2]
                                   7            [1]
                                   6            [1]
                                   5            [1]
                                   4            [1]
                                   3            [1][2]
                                   2            [1]
                                   1            [1]
                                   0            

ff: found legal plan as follows

step    0: TURN_TO SAT000 DIR001 DIR004
        1: SWITCH_ON INST000-000 SAT000
        2: CALIBRATE SAT000 INST000-000 DIR001
        3: TAKE_IMAGE SAT000 DIR001 INST000-000 MODE001
        4: SWITCH_ON INST001-000 SAT001
        5: TURN_TO SAT003 DIR003 DIR000
        6: SWITCH_ON INST003-000 SAT003
        7: CALIBRATE SAT003 INST003-000 DIR003
        8: TURN_TO SAT003 DIR004 DIR003
        9: TAKE_IMAGE SAT003 DIR004 INST003-000 MODE002
       10: TURN_TO SAT001 DIR005 DIR002
       11: CALIBRATE SAT001 INST001-000 DIR005
       12: TURN_TO SAT001 DIR002 DIR005
       13: TAKE_IMAGE SAT001 DIR002 INST001-000 MODE003
     

time spent:    0.00 seconds instantiating 240 easy, 0 hard action templates
               0.00 seconds reachability analysis, yielding 89 facts and 240 actions
               0.00 seconds creating final representation with 89 relevant facts
               0.00 seconds building connectivity graph
               0.00 seconds searching, evaluating 33 states, to a max depth of 2
               0.00 seconds total time

