
ff: parsing domain file
domain 'SATELLITE' defined
 ... done.
ff: parsing problem file
problem 'PROBNAME' defined
 ... done.



Cueing down from goal distance:   15 into depth [1]
                                  12            [1]
                                  11            [1][2]
                                  10            [1]
                                   9            [1]
                                   8            [1]
                                   7            [1][2]
                                   6            [1]
                                   5            [1]
                                   4            [1]
                                   3            [1]
                                   2            [1]
                                   1            [1]
                                   0            

ff: found legal plan as follows

step    0: TURN_TO SAT000 DIR000 DIR001
        1: SWITCH_ON INST000-000 SAT000
        2: TURN_TO SAT000 DIR001 DIR000
        3: CALIBRATE SAT000 INST000-000 DIR001
        4: TAKE_IMAGE SAT000 DIR001 INST000-000 MODE003
        5: TURN_TO SAT000 DIR000 DIR001
        6: TAKE_IMAGE SAT000 DIR000 INST000-000 MODE003
        7: TURN_TO SAT001 DIR001 DIR002
        8: SWITCH_ON INST001-001 SAT001
        9: CALIBRATE SAT001 INST001-001 DIR001
       10: TAKE_IMAGE SAT001 DIR001 INST001-001 MODE002
       11: SWITCH_ON INST002-001 SAT002
       12: CALIBRATE SAT002 INST002-001 DIR000
       13: TURN_TO SAT002 DIR001 DIR000
       14: TAKE_IMAGE SAT002 DIR001 INST002-001 MODE000
     

time spent:    0.00 seconds instantiating 150 easy, 0 hard action templates
               0.00 seconds reachability analysis, yielding 92 facts and 150 actions
               0.00 seconds creating final representation with 92 relevant facts
               0.00 seconds building connectivity graph
               0.00 seconds searching, evaluating 25 states, to a max depth of 2
               0.00 seconds total time

