
ff: parsing domain file
domain 'SATELLITE' defined
 ... done.
ff: parsing problem file
problem 'PROBNAME' defined
 ... done.



Cueing down from goal distance:   14 into depth [1]
                                  13            [1]
                                  10            [1]
                                   9            [1]
                                   8            [1]
                                   7            [1]
                                   6            [1]
                                   5            [1]
                                   4            [1]
                                   3            [1][2]
                                   2            [1]
                                   1            [1]
                                   0            

ff: found legal plan as follows

step    0: TURN_TO SAT000 DIR004 DIR000
        1: SWITCH_ON INST000-000 SAT000
        2: CALIBRATE SAT000 INST000-000 DIR004
        3: TAKE_IMAGE SAT000 DIR004 INST000-000 MODE000
        4: TURN_TO SAT000 DIR002 DIR004
        5: TAKE_IMAGE SAT000 DIR002 INST000-000 MODE000
        6: TURN_TO SAT000 DIR003 DIR002
        7: TAKE_IMAGE SAT000 DIR003 INST000-000 MODE000
        8: SWITCH_ON INST003-001 SAT003
        9: TURN_TO SAT003 DIR001 DIR000
       10: CALIBRATE SAT003 INST003-001 DIR001
       11: TURN_TO SAT003 DIR000 DIR001
       12: TAKE_IMAGE SAT003 DIR000 INST003-001 MODE001
     

time spent:    0.00 seconds instantiating 280 easy, 0 hard action templates
               0.00 seconds reachability analysis, yielding 106 facts and 280 actions
               0.00 seconds creating final representation with 106 relevant facts
               0.00 seconds building connectivity graph
               0.00 seconds searching, evaluating 24 states, to a max depth of 2
               0.00 seconds total time

