
ff: parsing domain file
domain 'SATELLITE' defined
 ... done.
ff: parsing problem file
problem 'PROBNAME' defined
 ... done.



Cueing down from goal distance:    9 into depth [1]
                                   8            [1]
                                   7            [1]
                                   6            [1]
                                   5            [1]
                                   4            [1]
                                   3            [1]
                                   2            [1]
                                   1            [1]
                                   0            

ff: found legal plan as follows

step    0: TURN_TO SAT001 DIR002 DIR001
        1: TURN_TO SAT000 DIR003 DIR004
        2: SWITCH_ON INST001-001 SAT001
        3: CALIBRATE SAT001 INST001-001 DIR002
        4: TURN_TO SAT001 DIR003 DIR002
        5: TAKE_IMAGE SAT001 DIR003 INST001-001 MODE001
        6: SWITCH_ON INST000-000 SAT000
        7: CALIBRATE SAT000 INST000-000 DIR003
        8: TAKE_IMAGE SAT000 DIR003 INST000-000 MODE003
     

time spent:    0.00 seconds instantiating 88 easy, 0 hard action templates
               0.00 seconds reachability analysis, yielding 50 facts and 88 actions
               0.00 seconds creating final representation with 50 relevant facts
               0.00 seconds building connectivity graph
               0.00 seconds searching, evaluating 12 states, to a max depth of 1
               0.00 seconds total time

