
ff: parsing domain file
domain 'SATELLITE' defined
 ... done.
ff: parsing problem file
problem 'PROBNAME' defined
 ... done.



Cueing down from goal distance:    9 into depth [1]
                                   8            [1]
                                   7            [1]
                                   6            [1]
                                   5            [1]
                                   4            [1]
                                   3            [1]
                                   2            [1]
                                   1            [1]
                                   0            

ff: found legal plan as follows

step    0: SWITCH_ON INST004-000 SAT004
        1: CALIBRATE SAT004 INST004-000 DIR005
        2: TAKE_IMAGE SAT004 DIR005 INST004-000 MODE000
        3: SWITCH_ON INST000-001 SAT000
        4: CALIBRATE SAT000 INST000-001 DIR003
        5: TURN_TO SAT000 DIR004 DIR003
        6: TAKE_IMAGE SAT000 DIR004 INST000-001 MODE001
        7: TURN_TO SAT000 DIR005 DIR004
        8: TAKE_IMAGE SAT000 DIR005 INST000-001 MODE001
     

time spent:    0.00 seconds instantiating 294 easy, 0 hard action templates
               0.00 seconds reachability analysis, yielding 95 facts and 294 actions
               0.00 seconds creating final representation with 95 relevant facts
               0.00 seconds building connectivity graph
               0.00 seconds searching, evaluating 15 states, to a max depth of 1
               0.00 seconds total time

