
ff: parsing domain file
domain 'SATELLITE' defined
 ... done.
ff: parsing problem file
problem 'PROBNAME' defined
 ... done.



Cueing down from goal distance:   13 into depth [1]
                                  12            [1]
                                  11            [1]
                                  10            [1]
                                   9            [1][2]
                                   8            [1]
                                   7            [1]
                                   6            [1]
                                   5            [1]
                                   4            [1]
                                   3            [1]
                                   2            [1]
                                   1            [1]
                                   0            

ff: found legal plan as follows

step    0: TURN_TO SAT003 DIR001 DIR000
        1: SWITCH_ON INST002-000 SAT002
        2: CALIBRATE SAT002 INST002-000 DIR002
        3: TAKE_IMAGE SAT002 DIR002 INST002-000 MODE004
        4: SWITCH_ON INST000-002 SAT000
        5: CALIBRATE SAT000 INST000-002 DIR001
        6: TURN_TO SAT000 DIR000 DIR001
        7: TAKE_IMAGE SAT000 DIR000 INST000-002 MODE003
        8: SWITCH_ON INST001-002 SAT001
        9: CALIBRATE SAT001 INST001-002 DIR001
       10: TURN_TO SAT001 DIR000 DIR001
       11: TAKE_IMAGE SAT001 DIR000 INST001-002 MODE002
       12: TURN_TO SAT001 DIR002 DIR000
       13: TAKE_IMAGE SAT001 DIR002 INST001-002 MODE002
     

time spent:    0.00 seconds instantiating 126 easy, 0 hard action templates
               0.00 seconds reachability analysis, yielding 82 facts and 126 actions
               0.00 seconds creating final representation with 82 relevant facts
               0.00 seconds building connectivity graph
               0.00 seconds searching, evaluating 27 states, to a max depth of 2
               0.00 seconds total time

