
ff: parsing domain file
domain 'SATELLITE' defined
 ... done.
ff: parsing problem file
problem 'PROBNAME' defined
 ... done.



Cueing down from goal distance:   17 into depth [1]
                                  16            [1][2]
                                  15            [1][2]
                                  14            [1]
                                  13            [1]
                                  12            [1]
                                  11            [1][2][3]
                                  10            [1]
                                   9            [1]
                                   8            [1][2]
                                   7            [1]
                                   6            [1]
                                   5            [1]
                                   4            [1]
                                   3            [1]
                                   2            [1]
                                   1            [1]
                                   0            

ff: found legal plan as follows

step    0: TURN_TO SAT004 DIR001 DIR000
        1: TURN_TO SAT000 DIR002 DIR003
        2: SWITCH_ON INST003-000 SAT003
        3: TURN_TO SAT003 DIR001 DIR003
        4: CALIBRATE SAT003 INST003-000 DIR001
        5: TAKE_IMAGE SAT003 DIR001 INST003-000 MODE000
        6: TURN_TO SAT003 DIR003 DIR001
        7: TAKE_IMAGE SAT003 DIR003 INST003-000 MODE000
        8: SWITCH_ON INST000-004 SAT000
        9: TURN_TO SAT001 DIR002 DIR001
       10: CALIBRATE SAT000 INST000-004 DIR002
       11: TURN_TO SAT000 DIR003 DIR002
       12: TAKE_IMAGE SAT000 DIR003 INST000-004 MODE003
       13: TURN_TO SAT001 DIR003 DIR002
       14: SWITCH_ON INST001-001 SAT001
       15: CALIBRATE SAT001 INST001-001 DIR003
       16: TURN_TO SAT001 DIR000 DIR003
       17: TAKE_IMAGE SAT001 DIR000 INST001-001 MODE002
       18: SWITCH_ON INST004-000 SAT004
       19: CALIBRATE SAT004 INST004-000 DIR001
       20: TURN_TO SAT004 DIR000 DIR001
       21: TAKE_IMAGE SAT004 DIR000 INST004-000 MODE004
     

time spent:    0.00 seconds instantiating 144 easy, 0 hard action templates
               0.00 seconds reachability analysis, yielding 81 facts and 144 actions
               0.00 seconds creating final representation with 81 relevant facts
               0.00 seconds building connectivity graph
               0.00 seconds searching, evaluating 125 states, to a max depth of 3
               0.00 seconds total time

