
ff: parsing domain file
domain 'SATELLITE' defined
 ... done.
ff: parsing problem file
problem 'PROBNAME' defined
 ... done.



Cueing down from goal distance:   16 into depth [1][2]
                                  15            [1]
                                  14            [1]
                                  13            [1]
                                  12            [1]
                                  11            [1]
                                  10            [1]
                                   9            [1]
                                   8            [1][2]
                                   7            [1]
                                   6            [1]
                                   5            [1]
                                   4            [1]
                                   3            [1]
                                   2            [1]
                                   1            [1]
                                   0            

ff: found legal plan as follows

step    0: SWITCH_ON INST000-001 SAT000
        1: CALIBRATE SAT000 INST000-001 DIR001
        2: TAKE_IMAGE SAT000 DIR001 INST000-001 MODE002
        3: SWITCH_OFF INST000-001 SAT000
        4: SWITCH_ON INST000-000 SAT000
        5: CALIBRATE SAT000 INST000-000 DIR001
        6: TAKE_IMAGE SAT000 DIR001 INST000-000 MODE004
        7: TURN_TO SAT000 DIR002 DIR001
        8: TAKE_IMAGE SAT000 DIR002 INST000-000 MODE004
        9: SWITCH_ON INST001-000 SAT001
       10: CALIBRATE SAT001 INST001-000 DIR001
       11: TURN_TO SAT001 DIR000 DIR001
       12: TAKE_IMAGE SAT001 DIR000 INST001-000 MODE001
       13: SWITCH_OFF INST001-000 SAT001
       14: TURN_TO SAT001 DIR002 DIR000
       15: SWITCH_ON INST001-001 SAT001
       16: CALIBRATE SAT001 INST001-001 DIR002
       17: TAKE_IMAGE SAT001 DIR002 INST001-001 MODE003
     

time spent:    0.00 seconds instantiating 66 easy, 0 hard action templates
               0.00 seconds reachability analysis, yielding 51 facts and 66 actions
               0.00 seconds creating final representation with 51 relevant facts
               0.00 seconds building connectivity graph
               0.00 seconds searching, evaluating 51 states, to a max depth of 2
               0.00 seconds total time

