
ff: parsing domain file
domain 'SATELLITE' defined
 ... done.
ff: parsing problem file
problem 'PROBNAME' defined
 ... done.



Cueing down from goal distance:   15 into depth [1]
                                  14            [1]
                                  13            [1][2]
                                  12            [1]
                                  11            [1]
                                  10            [1]
                                   9            [1]
                                   8            [1][2][3]
                                   7            [1][2]
                                   6            [1]
                                   5            [1]
                                   4            [1]
                                   3            [1]
                                   2            [1][2][3][4]
                                   1            [1]
                                   0            

ff: found legal plan as follows

step    0: SWITCH_ON INST000-000 SAT000
        1: TURN_TO SAT002 DIR000 DIR003
        2: TURN_TO SAT000 DIR000 DIR004
        3: CALIBRATE SAT000 INST000-000 DIR000
        4: TURN_TO SAT000 DIR002 DIR000
        5: TAKE_IMAGE SAT000 DIR002 INST000-000 MODE001
        6: TURN_TO SAT000 DIR004 DIR002
        7: TAKE_IMAGE SAT000 DIR004 INST000-000 MODE001
        8: SWITCH_ON INST002-001 SAT002
        9: CALIBRATE SAT002 INST002-001 DIR000
       10: SWITCH_OFF INST002-001 SAT002
       11: SWITCH_ON INST002-000 SAT002
       12: CALIBRATE SAT002 INST002-000 DIR000
       13: TAKE_IMAGE SAT002 DIR000 INST002-000 MODE002
       14: TURN_TO SAT002 DIR001 DIR000
       15: TAKE_IMAGE SAT002 DIR001 INST002-000 MODE002
       16: SWITCH_OFF INST002-000 SAT002
       17: SWITCH_ON INST002-001 SAT002
       18: TURN_TO SAT002 DIR000 DIR001
       19: CALIBRATE SAT002 INST002-001 DIR000
       20: TURN_TO SAT002 DIR001 DIR000
       21: TAKE_IMAGE SAT002 DIR001 INST002-001 MODE000
     

time spent:    0.00 seconds instantiating 148 easy, 0 hard action templates
               0.00 seconds reachability analysis, yielding 66 facts and 148 actions
               0.00 seconds creating final representation with 66 relevant facts
               0.00 seconds building connectivity graph
               0.00 seconds searching, evaluating 60 states, to a max depth of 4
               0.00 seconds total time

