
ff: parsing domain file
domain 'SATELLITE' defined
 ... done.
ff: parsing problem file
problem 'PROBNAME' defined
 ... done.



Cueing down from goal distance:    5 into depth [1]
                                   4            [1][2]
                                   3            [1]
                                   2            [1]
                                   1            [1]
                                   0            

ff: found legal plan as follows

step    0: SWITCH_ON INST001-000 SAT001
        1: TURN_TO SAT001 DIR001 DIR000
        2: CALIBRATE SAT001 INST001-000 DIR001
        3: TAKE_IMAGE SAT001 DIR001 INST001-000 MODE000
        4: TURN_TO SAT001 DIR000 DIR001
        5: TAKE_IMAGE SAT001 DIR000 INST001-000 MODE000
     

time spent:    0.00 seconds instantiating 42 easy, 0 hard action templates
               0.00 seconds reachability analysis, yielding 36 facts and 42 actions
               0.00 seconds creating final representation with 36 relevant facts
               0.00 seconds building connectivity graph
               0.00 seconds searching, evaluating 8 states, to a max depth of 2
               0.00 seconds total time

