
ff: parsing domain file
domain 'SATELLITE' defined
 ... done.
ff: parsing problem file
problem 'PROBNAME' defined
 ... done.



Cueing down from goal distance:   11 into depth [1]
                                   8            [1]
                                   7            [1]
                                   6            [1]
                                   5            [1]
                                   4            [1]
                                   3            [1][2]
                                   2            [1]
                                   1            [1]
                                   0            

ff: found legal plan as follows

step    0: SWITCH_ON INST002-000 SAT002
        1: CALIBRATE SAT002 INST002-000 DIR002
        2: TAKE_IMAGE SAT002 DIR002 INST002-000 MODE000
        3: TURN_TO SAT002 DIR003 DIR002
        4: TAKE_IMAGE SAT002 DIR003 INST002-000 MODE000
        5: SWITCH_ON INST000-000 SAT000
        6: TURN_TO SAT000 DIR003 DIR002
        7: CALIBRATE SAT000 INST000-000 DIR003
        8: TURN_TO SAT000 DIR002 DIR003
        9: TAKE_IMAGE SAT000 DIR002 INST000-000 MODE001
     

time spent:    0.00 seconds instantiating 95 easy, 0 hard action templates
               0.00 seconds reachability analysis, yielding 48 facts and 95 actions
               0.00 seconds creating final representation with 48 relevant facts
               0.00 seconds building connectivity graph
               0.00 seconds searching, evaluating 16 states, to a max depth of 2
               0.00 seconds total time

