
ff: parsing domain file
domain 'SATELLITE' defined
 ... done.
ff: parsing problem file
problem 'PROBNAME' defined
 ... done.



Cueing down from goal distance:   12 into depth [1][2]
                                  11            [1]
                                  10            [1]
                                   9            [1]
                                   8            [1]
                                   7            [1]
                                   6            [1]
                                   5            [1][2]
                                   4            [1]
                                   3            [1]
                                   2            [1]
                                   1            [1]
                                   0            

ff: found legal plan as follows

step    0: TURN_TO SAT000 DIR003 DIR001
        1: SWITCH_ON INST000-002 SAT000
        2: CALIBRATE SAT000 INST000-002 DIR003
        3: TURN_TO SAT000 DIR004 DIR003
        4: TAKE_IMAGE SAT000 DIR004 INST000-002 MODE000
        5: TURN_TO SAT000 DIR000 DIR004
        6: TAKE_IMAGE SAT000 DIR000 INST000-002 MODE000
        7: SWITCH_ON INST001-001 SAT001
        8: TURN_TO SAT001 DIR003 DIR001
        9: CALIBRATE SAT001 INST001-001 DIR003
       10: TURN_TO SAT001 DIR001 DIR003
       11: TAKE_IMAGE SAT001 DIR001 INST001-001 MODE004
       12: TURN_TO SAT001 DIR005 DIR001
       13: TAKE_IMAGE SAT001 DIR005 INST001-001 MODE004
     

time spent:    0.00 seconds instantiating 276 easy, 0 hard action templates
               0.00 seconds reachability analysis, yielding 107 facts and 276 actions
               0.00 seconds creating final representation with 107 relevant facts
               0.00 seconds building connectivity graph
               0.00 seconds searching, evaluating 28 states, to a max depth of 2
               0.00 seconds total time

