
ff: parsing domain file
domain 'SATELLITE' defined
 ... done.
ff: parsing problem file
problem 'PROBNAME' defined
 ... done.



Cueing down from goal distance:    7 into depth [1]
                                   6            [1]
                                   5            [1]
                                   4            [1]
                                   3            [1]
                                   2            [1]
                                   1            [1]
                                   0            

ff: found legal plan as follows

step    0: SWITCH_ON INST000-003 SAT000
        1: CALIBRATE SAT000 INST000-003 DIR004
        2: TURN_TO SAT000 DIR000 DIR004
        3: TAKE_IMAGE SAT000 DIR000 INST000-003 MODE002
        4: SWITCH_ON INST001-003 SAT001
        5: CALIBRATE SAT001 INST001-003 DIR002
        6: TAKE_IMAGE SAT001 DIR002 INST001-003 MODE000
     

time spent:    0.00 seconds instantiating 192 easy, 0 hard action templates
               0.00 seconds reachability analysis, yielding 86 facts and 192 actions
               0.00 seconds creating final representation with 86 relevant facts
               0.00 seconds building connectivity graph
               0.00 seconds searching, evaluating 9 states, to a max depth of 1
               0.00 seconds total time

