
ff: parsing domain file
domain 'SATELLITE' defined
 ... done.
ff: parsing problem file
problem 'PROBNAME' defined
 ... done.



Cueing down from goal distance:   13 into depth [1]
                                  10            [1]
                                   9            [1][2]
                                   8            [1]
                                   7            [1]
                                   6            [1]
                                   5            [1]
                                   4            [1]
                                   3            [1][2]
                                   2            [1]
                                   1            [1]
                                   0            

ff: found legal plan as follows

step    0: TURN_TO SAT001 DIR000 DIR003
        1: TURN_TO SAT000 DIR000 DIR002
        2: SWITCH_ON INST000-004 SAT000
        3: SWITCH_ON INST001-001 SAT001
        4: CALIBRATE SAT001 INST001-001 DIR000
        5: TURN_TO SAT001 DIR003 DIR000
        6: TAKE_IMAGE SAT001 DIR003 INST001-001 MODE003
        7: TURN_TO SAT001 DIR001 DIR003
        8: TAKE_IMAGE SAT001 DIR001 INST001-001 MODE003
        9: TURN_TO SAT000 DIR003 DIR000
       10: CALIBRATE SAT000 INST000-004 DIR003
       11: TURN_TO SAT000 DIR000 DIR003
       12: TAKE_IMAGE SAT000 DIR000 INST000-004 MODE002
     

time spent:    0.00 seconds instantiating 146 easy, 0 hard action templates
               0.00 seconds reachability analysis, yielding 82 facts and 146 actions
               0.00 seconds creating final representation with 82 relevant facts
               0.00 seconds building connectivity graph
               0.00 seconds searching, evaluating 27 states, to a max depth of 2
               0.00 seconds total time

