
ff: parsing domain file
domain 'SATELLITE' defined
 ... done.
ff: parsing problem file
problem 'PROBNAME' defined
 ... done.



Cueing down from goal distance:   12 into depth [1]
                                  11            [1]
                                  10            [1]
                                   8            [1]
                                   7            [1]
                                   6            [1]
                                   5            [1]
                                   4            [1]
                                   3            [1][2]
                                   2            [1]
                                   1            [1]
                                   0            

ff: found legal plan as follows

step    0: TURN_TO SAT000 DIR003 DIR004
        1: SWITCH_ON INST000-003 SAT000
        2: TURN_TO SAT001 DIR001 DIR004
        3: SWITCH_ON INST001-000 SAT001
        4: CALIBRATE SAT001 INST001-000 DIR001
        5: TAKE_IMAGE SAT001 DIR001 INST001-000 MODE000
        6: TURN_TO SAT001 DIR004 DIR001
        7: TAKE_IMAGE SAT001 DIR004 INST001-000 MODE000
        8: TURN_TO SAT000 DIR001 DIR003
        9: CALIBRATE SAT000 INST000-003 DIR001
       10: TURN_TO SAT000 DIR003 DIR001
       11: TAKE_IMAGE SAT000 DIR003 INST000-003 MODE002
     

time spent:    0.00 seconds instantiating 208 easy, 0 hard action templates
               0.00 seconds reachability analysis, yielding 92 facts and 208 actions
               0.00 seconds creating final representation with 92 relevant facts
               0.00 seconds building connectivity graph
               0.00 seconds searching, evaluating 23 states, to a max depth of 2
               0.00 seconds total time

