
ff: parsing domain file
domain 'SATELLITE' defined
 ... done.
ff: parsing problem file
problem 'PROBNAME' defined
 ... done.



Cueing down from goal distance:   10 into depth [1]
                                   9            [1]
                                   8            [1]
                                   7            [1]
                                   6            [1]
                                   5            [1]
                                   4            [1]
                                   3            [1]
                                   2            [1]
                                   1            [1]
                                   0            

ff: found legal plan as follows

step    0: TURN_TO SAT000 DIR000 DIR001
        1: TURN_TO SAT001 DIR003 DIR004
        2: SWITCH_ON INST000-000 SAT000
        3: CALIBRATE SAT000 INST000-000 DIR000
        4: TURN_TO SAT000 DIR004 DIR000
        5: TAKE_IMAGE SAT000 DIR004 INST000-000 MODE002
        6: SWITCH_ON INST001-001 SAT001
        7: CALIBRATE SAT001 INST001-001 DIR003
        8: TURN_TO SAT001 DIR002 DIR003
        9: TAKE_IMAGE SAT001 DIR002 INST001-001 MODE000
     

time spent:    0.00 seconds instantiating 64 easy, 0 hard action templates
               0.00 seconds reachability analysis, yielding 36 facts and 64 actions
               0.00 seconds creating final representation with 36 relevant facts
               0.00 seconds building connectivity graph
               0.00 seconds searching, evaluating 14 states, to a max depth of 1
               0.00 seconds total time

