
ff: parsing domain file
domain 'SATELLITE' defined
 ... done.
ff: parsing problem file
problem 'PROBNAME' defined
 ... done.



Cueing down from goal distance:   15 into depth [1]
                                  12            [1][2]
                                  11            [1]
                                  10            [1]
                                   9            [1]
                                   8            [1]
                                   7            [1]
                                   6            [1]
                                   5            [1]
                                   4            [1]
                                   3            [1][2]
                                   2            [1]
                                   1            [1]
                                   0            

ff: found legal plan as follows

step    0: TURN_TO SAT002 DIR002 DIR001
        1: SWITCH_ON INST000-000 SAT000
        2: CALIBRATE SAT000 INST000-000 DIR002
        3: TAKE_IMAGE SAT000 DIR002 INST000-000 MODE003
        4: TURN_TO SAT000 DIR001 DIR002
        5: TAKE_IMAGE SAT000 DIR001 INST000-000 MODE003
        6: SWITCH_ON INST001-000 SAT001
        7: SWITCH_ON INST003-000 SAT003
        8: CALIBRATE SAT003 INST003-000 DIR002
        9: TURN_TO SAT003 DIR001 DIR002
       10: TAKE_IMAGE SAT003 DIR001 INST003-000 MODE002
       11: TURN_TO SAT001 DIR000 DIR002
       12: CALIBRATE SAT001 INST001-000 DIR000
       13: TURN_TO SAT001 DIR002 DIR000
       14: TAKE_IMAGE SAT001 DIR002 INST001-000 MODE000
     

time spent:    0.00 seconds instantiating 132 easy, 0 hard action templates
               0.00 seconds reachability analysis, yielding 86 facts and 132 actions
               0.00 seconds creating final representation with 86 relevant facts
               0.00 seconds building connectivity graph
               0.00 seconds searching, evaluating 38 states, to a max depth of 2
               0.00 seconds total time

