
ff: parsing domain file
domain 'SATELLITE' defined
 ... done.
ff: parsing problem file
problem 'PROBNAME' defined
 ... done.



Cueing down from goal distance:   14 into depth [1]
                                  13            [1]
                                  12            [1]
                                  11            [1]
                                  10            [1]
                                   9            [1][2]
                                   8            [1]
                                   7            [1]
                                   6            [1]
                                   5            [1]
                                   4            [1]
                                   3            [1]
                                   2            [1]
                                   1            [1]
                                   0            

ff: found legal plan as follows

step    0: SWITCH_ON INST000-000 SAT000
        1: SWITCH_ON INST002-000 SAT002
        2: CALIBRATE SAT002 INST002-000 DIR003
        3: TURN_TO SAT002 DIR004 DIR003
        4: TAKE_IMAGE SAT002 DIR004 INST002-000 MODE000
        5: TURN_TO SAT000 DIR003 DIR001
        6: CALIBRATE SAT000 INST000-000 DIR003
        7: TURN_TO SAT000 DIR001 DIR003
        8: TAKE_IMAGE SAT000 DIR001 INST000-000 MODE003
        9: TURN_TO SAT000 DIR000 DIR001
       10: TAKE_IMAGE SAT000 DIR000 INST000-000 MODE003
       11: TURN_TO SAT000 DIR004 DIR000
       12: TAKE_IMAGE SAT000 DIR004 INST000-000 MODE003
       13: TURN_TO SAT000 DIR002 DIR004
       14: TAKE_IMAGE SAT000 DIR002 INST000-000 MODE003
     

time spent:    0.00 seconds instantiating 176 easy, 0 hard action templates
               0.00 seconds reachability analysis, yielding 80 facts and 176 actions
               0.00 seconds creating final representation with 80 relevant facts
               0.00 seconds building connectivity graph
               0.00 seconds searching, evaluating 31 states, to a max depth of 2
               0.00 seconds total time

