
ff: parsing domain file
domain 'SATELLITE' defined
 ... done.
ff: parsing problem file
problem 'PROBNAME' defined
 ... done.



Cueing down from goal distance:   15 into depth [1]
                                  14            [1]
                                  13            [1]
                                  12            [1]
                                  11            [1][2]
                                  10            [1]
                                   9            [1][2]
                                   8            [1]
                                   7            [1][2]
                                   6            [1][2]
                                   5            [1]
                                   4            [1]
                                   3            [1]
                                   2            [1]
                                   1            [1]
                                   0            

ff: found legal plan as follows

step    0: SWITCH_ON INST000-001 SAT000
        1: CALIBRATE SAT000 INST000-001 DIR000
        2: TURN_TO SAT000 DIR002 DIR000
        3: TAKE_IMAGE SAT000 DIR002 INST000-001 MODE004
        4: SWITCH_ON INST001-002 SAT001
        5: CALIBRATE SAT001 INST001-002 DIR000
        6: TAKE_IMAGE SAT001 DIR000 INST001-002 MODE000
        7: TURN_TO SAT001 DIR001 DIR000
        8: TAKE_IMAGE SAT001 DIR001 INST001-002 MODE000
        9: SWITCH_OFF INST001-002 SAT001
       10: SWITCH_ON INST001-001 SAT001
       11: CALIBRATE SAT001 INST001-001 DIR001
       12: TURN_TO SAT001 DIR000 DIR001
       13: TAKE_IMAGE SAT001 DIR000 INST001-001 MODE002
       14: SWITCH_OFF INST001-001 SAT001
       15: TURN_TO SAT001 DIR001 DIR000
       16: SWITCH_ON INST001-000 SAT001
       17: CALIBRATE SAT001 INST001-000 DIR001
       18: TAKE_IMAGE SAT001 DIR001 INST001-000 MODE003
     

time spent:    0.00 seconds instantiating 54 easy, 0 hard action templates
               0.00 seconds reachability analysis, yielding 44 facts and 54 actions
               0.00 seconds creating final representation with 44 relevant facts
               0.00 seconds building connectivity graph
               0.00 seconds searching, evaluating 42 states, to a max depth of 2
               0.00 seconds total time

