
ff: parsing domain file
domain 'SATELLITE' defined
 ... done.
ff: parsing problem file
problem 'PROBNAME' defined
 ... done.



Cueing down from goal distance:    7 into depth [1]
                                   6            [1]
                                   5            [1]
                                   4            [1]
                                   3            [1][2]
                                   2            [1]
                                   1            [1]
                                   0            

ff: found legal plan as follows

step    0: SWITCH_ON INST000-001 SAT000
        1: CALIBRATE SAT000 INST000-001 DIR000
        2: TAKE_IMAGE SAT000 DIR000 INST000-001 MODE000
        3: SWITCH_ON INST005-000 SAT005
        4: TURN_TO SAT005 DIR001 DIR002
        5: CALIBRATE SAT005 INST005-000 DIR001
        6: TURN_TO SAT005 DIR002 DIR001
        7: TAKE_IMAGE SAT005 DIR002 INST005-000 MODE001
     

time spent:    0.00 seconds instantiating 342 easy, 0 hard action templates
               0.00 seconds reachability analysis, yielding 120 facts and 342 actions
               0.00 seconds creating final representation with 120 relevant facts
               0.00 seconds building connectivity graph
               0.00 seconds searching, evaluating 12 states, to a max depth of 2
               0.00 seconds total time

