
ff: parsing domain file
domain 'SATELLITE' defined
 ... done.
ff: parsing problem file
problem 'PROBNAME' defined
 ... done.



Cueing down from goal distance:   19 into depth [1]
                                  18            [1]
                                  17            [1]
                                  16            [1]
                                  15            [1]
                                  14            [1]
                                  13            [1]
                                  12            [1]
                                  11            [1][2]
                                  10            [1]
                                   9            [1]
                                   8            [1]
                                   7            [1]
                                   6            [1]
                                   5            [1]
                                   4            [1]
                                   3            [1][2]
                                   2            [1]
                                   1            [1]
                                   0            

ff: found legal plan as follows

step    0: TURN_TO SAT001 DIR001 DIR002
        1: SWITCH_ON INST003-000 SAT003
        2: TURN_TO SAT003 DIR003 DIR002
        3: CALIBRATE SAT003 INST003-000 DIR003
        4: TURN_TO SAT003 DIR002 DIR003
        5: TAKE_IMAGE SAT003 DIR002 INST003-000 MODE003
        6: TURN_TO SAT003 DIR001 DIR002
        7: TAKE_IMAGE SAT003 DIR001 INST003-000 MODE003
        8: SWITCH_ON INST000-001 SAT000
        9: CALIBRATE SAT000 INST000-001 DIR000
       10: TURN_TO SAT000 DIR002 DIR000
       11: TAKE_IMAGE SAT000 DIR002 INST000-001 MODE000
       12: TURN_TO SAT004 DIR003 DIR002
       13: SWITCH_ON INST004-003 SAT004
       14: CALIBRATE SAT004 INST004-003 DIR003
       15: TAKE_IMAGE SAT004 DIR003 INST004-003 MODE004
       16: SWITCH_ON INST005-003 SAT005
       17: TURN_TO SAT005 DIR002 DIR000
       18: CALIBRATE SAT005 INST005-003 DIR002
       19: TURN_TO SAT005 DIR000 DIR002
       20: TAKE_IMAGE SAT005 DIR000 INST005-003 MODE002
     

time spent:    0.00 seconds instantiating 205 easy, 0 hard action templates
               0.00 seconds reachability analysis, yielding 107 facts and 205 actions
               0.00 seconds creating final representation with 107 relevant facts
               0.00 seconds building connectivity graph
               0.00 seconds searching, evaluating 55 states, to a max depth of 2
               0.00 seconds total time

