
ff: parsing domain file
domain 'SATELLITE' defined
 ... done.
ff: parsing problem file
problem 'PROBNAME' defined
 ... done.



Cueing down from goal distance:   18 into depth [1]
                                  17            [1]
                                  16            [1]
                                  15            [1]
                                  14            [1]
                                  13            [1]
                                  12            [1][2]
                                  11            [1]
                                  10            [1]
                                   9            [1][2]
                                   8            [1]
                                   7            [1]
                                   6            [1]
                                   5            [1]
                                   4            [1][2]
                                   3            [1]
                                   2            [1]
                                   1            [1]
                                   0            

ff: found legal plan as follows

step    0: TURN_TO SAT001 DIR001 DIR000
        1: SWITCH_ON INST001-000 SAT001
        2: CALIBRATE SAT001 INST001-000 DIR001
        3: TURN_TO SAT001 DIR002 DIR001
        4: TAKE_IMAGE SAT001 DIR002 INST001-000 MODE004
        5: SWITCH_ON INST000-002 SAT000
        6: TURN_TO SAT000 DIR000 DIR001
        7: CALIBRATE SAT000 INST000-002 DIR000
        8: TURN_TO SAT000 DIR001 DIR000
        9: TAKE_IMAGE SAT000 DIR001 INST000-002 MODE002
       10: SWITCH_ON INST002-002 SAT002
       11: CALIBRATE SAT002 INST002-002 DIR001
       12: TURN_TO SAT002 DIR000 DIR001
       13: TAKE_IMAGE SAT002 DIR000 INST002-002 MODE000
       14: TURN_TO SAT003 DIR002 DIR000
       15: SWITCH_ON INST003-000 SAT003
       16: TURN_TO SAT003 DIR001 DIR002
       17: CALIBRATE SAT003 INST003-000 DIR001
       18: TAKE_IMAGE SAT003 DIR001 INST003-000 MODE001
       19: TURN_TO SAT003 DIR002 DIR001
       20: TAKE_IMAGE SAT003 DIR002 INST003-000 MODE001
     

time spent:    0.00 seconds instantiating 151 easy, 0 hard action templates
               0.00 seconds reachability analysis, yielding 84 facts and 151 actions
               0.00 seconds creating final representation with 84 relevant facts
               0.00 seconds building connectivity graph
               0.00 seconds searching, evaluating 47 states, to a max depth of 2
               0.00 seconds total time

