
ff: parsing domain file
domain 'SATELLITE' defined
 ... done.
ff: parsing problem file
problem 'PROBNAME' defined
 ... done.



Cueing down from goal distance:   13 into depth [1]
                                  12            [1]
                                  11            [1]
                                   9            [1][2]
                                   8            [1]
                                   7            [1]
                                   6            [1]
                                   5            [1]
                                   4            [1]
                                   3            [1][2]
                                   2            [1]
                                   1            [1]
                                   0            

ff: found legal plan as follows

step    0: TURN_TO SAT002 DIR005 DIR000
        1: TURN_TO SAT003 DIR000 DIR002
        2: TURN_TO SAT000 DIR000 DIR003
        3: SWITCH_ON INST000-001 SAT000
        4: SWITCH_ON INST003-002 SAT003
        5: CALIBRATE SAT003 INST003-002 DIR000
        6: TURN_TO SAT003 DIR004 DIR000
        7: TAKE_IMAGE SAT003 DIR004 INST003-002 MODE001
        8: TURN_TO SAT003 DIR002 DIR004
        9: TAKE_IMAGE SAT003 DIR002 INST003-002 MODE001
       10: TURN_TO SAT000 DIR004 DIR000
       11: CALIBRATE SAT000 INST000-001 DIR004
       12: TURN_TO SAT000 DIR000 DIR004
       13: TAKE_IMAGE SAT000 DIR000 INST000-001 MODE000
     

time spent:    0.00 seconds instantiating 219 easy, 0 hard action templates
               0.00 seconds reachability analysis, yielding 73 facts and 219 actions
               0.00 seconds creating final representation with 73 relevant facts
               0.00 seconds building connectivity graph
               0.00 seconds searching, evaluating 32 states, to a max depth of 2
               0.00 seconds total time

