
ff: parsing domain file
domain 'SATELLITE' defined
 ... done.
ff: parsing problem file
problem 'PROBNAME' defined
 ... done.



Cueing down from goal distance:   11 into depth [1][2]
                                  10            [1]
                                   9            [1]
                                   8            [1]
                                   7            [1][2]
                                   6            [1]
                                   5            [1]
                                   4            [1]
                                   3            [1]
                                   2            [1]
                                   1            [1]
                                   0            

ff: found legal plan as follows

step    0: SWITCH_ON INST000-001 SAT000
        1: CALIBRATE SAT000 INST000-001 DIR004
        2: TURN_TO SAT000 DIR000 DIR004
        3: TAKE_IMAGE SAT000 DIR000 INST000-001 MODE000
        4: SWITCH_ON INST002-000 SAT002
        5: TURN_TO SAT002 DIR003 DIR004
        6: CALIBRATE SAT002 INST002-000 DIR003
        7: TURN_TO SAT002 DIR004 DIR003
        8: TAKE_IMAGE SAT002 DIR004 INST002-000 MODE001
        9: TURN_TO SAT002 DIR002 DIR004
       10: TAKE_IMAGE SAT002 DIR002 INST002-000 MODE001
       11: TURN_TO SAT002 DIR005 DIR002
       12: TAKE_IMAGE SAT002 DIR005 INST002-000 MODE001
     

time spent:    0.00 seconds instantiating 219 easy, 0 hard action templates
               0.00 seconds reachability analysis, yielding 73 facts and 219 actions
               0.00 seconds creating final representation with 73 relevant facts
               0.00 seconds building connectivity graph
               0.00 seconds searching, evaluating 40 states, to a max depth of 2
               0.00 seconds total time

