
ff: parsing domain file
domain 'SATELLITE' defined
 ... done.
ff: parsing problem file
problem 'PROBNAME' defined
 ... done.



Cueing down from goal distance:    7 into depth [1]
                                   6            [1]
                                   5            [1]
                                   4            [1]
                                   3            [1]
                                   2            [1]
                                   1            [1]
                                   0            

ff: found legal plan as follows

step    0: SWITCH_ON INST003-000 SAT003
        1: CALIBRATE SAT003 INST003-000 DIR001
        2: TAKE_IMAGE SAT003 DIR001 INST003-000 MODE000
        3: SWITCH_ON INST000-001 SAT000
        4: CALIBRATE SAT000 INST000-001 DIR000
        5: TURN_TO SAT000 DIR002 DIR000
        6: TAKE_IMAGE SAT000 DIR002 INST000-001 MODE001
     

time spent:    0.00 seconds instantiating 120 easy, 0 hard action templates
               0.00 seconds reachability analysis, yielding 71 facts and 120 actions
               0.00 seconds creating final representation with 71 relevant facts
               0.00 seconds building connectivity graph
               0.00 seconds searching, evaluating 10 states, to a max depth of 1
               0.00 seconds total time

