
ff: parsing domain file
domain 'SATELLITE' defined
 ... done.
ff: parsing problem file
problem 'PROBNAME' defined
 ... done.



Cueing down from goal distance:   11 into depth [1]
                                  10            [1]
                                   9            [1]
                                   8            [1][2]
                                   7            [1]
                                   6            [1]
                                   5            [1]
                                   4            [1]
                                   3            [1][2]
                                   2            [1]
                                   1            [1]
                                   0            

ff: found legal plan as follows

step    0: SWITCH_ON INST000-001 SAT000
        1: CALIBRATE SAT000 INST000-001 DIR003
        2: TAKE_IMAGE SAT000 DIR003 INST000-001 MODE000
        3: SWITCH_ON INST001-001 SAT001
        4: TURN_TO SAT004 DIR000 DIR003
        5: SWITCH_ON INST004-000 SAT004
        6: CALIBRATE SAT004 INST004-000 DIR000
        7: TURN_TO SAT004 DIR004 DIR000
        8: TAKE_IMAGE SAT004 DIR004 INST004-000 MODE002
        9: TURN_TO SAT001 DIR003 DIR002
       10: CALIBRATE SAT001 INST001-001 DIR003
       11: TURN_TO SAT001 DIR002 DIR003
       12: TAKE_IMAGE SAT001 DIR002 INST001-001 MODE001
     

time spent:    0.00 seconds instantiating 188 easy, 0 hard action templates
               0.00 seconds reachability analysis, yielding 83 facts and 188 actions
               0.00 seconds creating final representation with 83 relevant facts
               0.00 seconds building connectivity graph
               0.00 seconds searching, evaluating 28 states, to a max depth of 2
               0.00 seconds total time

