
ff: parsing domain file
domain 'SATELLITE' defined
 ... done.
ff: parsing problem file
problem 'PROBNAME' defined
 ... done.



Cueing down from goal distance:   12 into depth [1]
                                  11            [1]
                                  10            [1][2]
                                   9            [1]
                                   8            [1]
                                   7            [1]
                                   6            [1][2]
                                   5            [1]
                                   4            [1]
                                   3            [1]
                                   2            [1]
                                   1            [1]
                                   0            

ff: found legal plan as follows

step    0: TURN_TO SAT000 DIR001 DIR000
        1: SWITCH_ON INST001-000 SAT001
        2: TURN_TO SAT001 DIR002 DIR000
        3: CALIBRATE SAT001 INST001-000 DIR002
        4: TAKE_IMAGE SAT001 DIR002 INST001-000 MODE003
        5: TURN_TO SAT001 DIR000 DIR002
        6: TAKE_IMAGE SAT001 DIR000 INST001-000 MODE003
        7: SWITCH_ON INST000-002 SAT000
        8: CALIBRATE SAT000 INST000-002 DIR001
        9: TAKE_IMAGE SAT000 DIR001 INST000-002 MODE001
       10: SWITCH_ON INST002-002 SAT002
       11: CALIBRATE SAT002 INST002-002 DIR000
       12: TURN_TO SAT002 DIR001 DIR000
       13: TAKE_IMAGE SAT002 DIR001 INST002-002 MODE004
     

time spent:    0.00 seconds instantiating 72 easy, 0 hard action templates
               0.00 seconds reachability analysis, yielding 54 facts and 72 actions
               0.00 seconds creating final representation with 54 relevant facts
               0.00 seconds building connectivity graph
               0.00 seconds searching, evaluating 22 states, to a max depth of 2
               0.00 seconds total time

