
ff: parsing domain file
domain 'SATELLITE' defined
 ... done.
ff: parsing problem file
problem 'PROBNAME' defined
 ... done.



Cueing down from goal distance:   17 into depth [1]
                                  16            [1]
                                  15            [1]
                                  14            [1]
                                  13            [1][2][3]
                                  12            [1]
                                  11            [1]
                                  10            [1]
                                   9            [1]
                                   8            [1]
                                   7            [1]
                                   6            [1]
                                   5            [1]
                                   4            [1]
                                   3            [1]
                                   2            [1]
                                   1            [1]
                                   0            

ff: found legal plan as follows

step    0: TURN_TO SAT000 DIR002 DIR001
        1: SWITCH_ON INST003-004 SAT003
        2: CALIBRATE SAT003 INST003-004 DIR001
        3: TAKE_IMAGE SAT003 DIR001 INST003-004 MODE001
        4: SWITCH_ON INST000-000 SAT000
        5: TURN_TO SAT001 DIR001 DIR004
        6: TURN_TO SAT004 DIR004 DIR005
        7: CALIBRATE SAT000 INST000-000 DIR002
        8: TAKE_IMAGE SAT000 DIR002 INST000-000 MODE003
        9: TURN_TO SAT000 DIR005 DIR002
       10: TAKE_IMAGE SAT000 DIR005 INST000-000 MODE003
       11: SWITCH_ON INST001-002 SAT001
       12: CALIBRATE SAT001 INST001-002 DIR001
       13: TURN_TO SAT001 DIR003 DIR001
       14: TAKE_IMAGE SAT001 DIR003 INST001-002 MODE002
       15: SWITCH_ON INST004-001 SAT004
       16: CALIBRATE SAT004 INST004-001 DIR004
       17: TURN_TO SAT004 DIR000 DIR004
       18: TAKE_IMAGE SAT004 DIR000 INST004-001 MODE000
     

time spent:    0.00 seconds instantiating 360 easy, 0 hard action templates
               0.00 seconds reachability analysis, yielding 132 facts and 360 actions
               0.00 seconds creating final representation with 132 relevant facts
               0.00 seconds building connectivity graph
               0.00 seconds searching, evaluating 93 states, to a max depth of 3
               0.00 seconds total time

