
ff: parsing domain file
domain 'SATELLITE' defined
 ... done.
ff: parsing problem file
problem 'PROBNAME' defined
 ... done.



Cueing down from goal distance:   11 into depth [1]
                                  10            [1][2]
                                   9            [1]
                                   8            [1]
                                   7            [1][2]
                                   6            [1]
                                   5            [1]
                                   4            [1]
                                   3            [1][2]
                                   2            [1]
                                   1            [1]
                                   0            

ff: found legal plan as follows

step    0: SWITCH_ON INST000-001 SAT000
        1: TURN_TO SAT000 DIR003 DIR004
        2: CALIBRATE SAT000 INST000-001 DIR003
        3: TURN_TO SAT000 DIR004 DIR003
        4: TAKE_IMAGE SAT000 DIR004 INST000-001 MODE002
        5: SWITCH_ON INST005-001 SAT005
        6: TURN_TO SAT001 DIR001 DIR000
        7: SWITCH_ON INST001-000 SAT001
        8: CALIBRATE SAT001 INST001-000 DIR001
        9: TAKE_IMAGE SAT001 DIR001 INST001-000 MODE000
       10: TURN_TO SAT005 DIR002 DIR001
       11: CALIBRATE SAT005 INST005-001 DIR002
       12: TURN_TO SAT005 DIR001 DIR002
       13: TAKE_IMAGE SAT005 DIR001 INST005-001 MODE001
     

time spent:    0.00 seconds instantiating 280 easy, 0 hard action templates
               0.00 seconds reachability analysis, yielding 111 facts and 280 actions
               0.00 seconds creating final representation with 111 relevant facts
               0.00 seconds building connectivity graph
               0.00 seconds searching, evaluating 31 states, to a max depth of 2
               0.00 seconds total time

