
ff: parsing domain file
domain 'SATELLITE' defined
 ... done.
ff: parsing problem file
problem 'PROBNAME' defined
 ... done.



Cueing down from goal distance:    3 into depth [1]
                                   2            [1]
                                   1            [1]
                                   0            

ff: found legal plan as follows

step    0: SWITCH_ON INST000-001 SAT000
        1: CALIBRATE SAT000 INST000-001 DIR001
        2: TAKE_IMAGE SAT000 DIR001 INST000-001 MODE001
     

time spent:    0.00 seconds instantiating 216 easy, 0 hard action templates
               0.00 seconds reachability analysis, yielding 82 facts and 216 actions
               0.00 seconds creating final representation with 82 relevant facts
               0.00 seconds building connectivity graph
               0.00 seconds searching, evaluating 4 states, to a max depth of 1
               0.00 seconds total time

