
ff: parsing domain file
domain 'SATELLITE' defined
 ... done.
ff: parsing problem file
problem 'PROBNAME' defined
 ... done.



Cueing down from goal distance:   15 into depth [1]
                                  13            [1]
                                  12            [1]
                                  11            [1]
                                  10            [1][2][3]
                                   9            [1][2]
                                   8            [1]
                                   7            [1]
                                   6            [1]
                                   5            [1]
                                   4            [1][2]
                                   3            [1]
                                   2            [1]
                                   1            [1]
                                   0            

ff: found legal plan as follows

step    0: SWITCH_ON INST000-002 SAT000
        1: CALIBRATE SAT000 INST000-002 DIR000
        2: TURN_TO SAT000 DIR002 DIR000
        3: TAKE_IMAGE SAT000 DIR002 INST000-002 MODE003
        4: SWITCH_ON INST001-000 SAT001
        5: SWITCH_OFF INST000-002 SAT000
        6: SWITCH_ON INST000-001 SAT000
        7: TURN_TO SAT001 DIR002 DIR001
        8: CALIBRATE SAT001 INST001-000 DIR002
        9: TURN_TO SAT001 DIR000 DIR002
       10: TAKE_IMAGE SAT001 DIR000 INST001-000 MODE001
       11: TURN_TO SAT001 DIR001 DIR000
       12: TAKE_IMAGE SAT001 DIR001 INST001-000 MODE001
       13: TURN_TO SAT000 DIR000 DIR002
       14: CALIBRATE SAT000 INST000-001 DIR000
       15: TAKE_IMAGE SAT000 DIR000 INST000-001 MODE000
       16: TURN_TO SAT000 DIR002 DIR000
       17: TAKE_IMAGE SAT000 DIR002 INST000-001 MODE000
     

time spent:    0.00 seconds instantiating 54 easy, 0 hard action templates
               0.00 seconds reachability analysis, yielding 41 facts and 54 actions
               0.00 seconds creating final representation with 41 relevant facts
               0.00 seconds building connectivity graph
               0.00 seconds searching, evaluating 47 states, to a max depth of 3
               0.00 seconds total time

