
ff: parsing domain file
domain 'SATELLITE' defined
 ... done.
ff: parsing problem file
problem 'PROBNAME' defined
 ... done.



Cueing down from goal distance:    9 into depth [1]
                                   8            [1]
                                   7            [1]
                                   6            [1]
                                   5            [1]
                                   4            [1]
                                   3            [1][2]
                                   2            [1]
                                   1            [1]
                                   0            

ff: found legal plan as follows

step    0: SWITCH_ON INST000-000 SAT000
        1: TURN_TO SAT001 DIR004 DIR001
        2: SWITCH_ON INST001-000 SAT001
        3: CALIBRATE SAT001 INST001-000 DIR004
        4: TURN_TO SAT001 DIR002 DIR004
        5: TAKE_IMAGE SAT001 DIR002 INST001-000 MODE000
        6: TURN_TO SAT000 DIR001 DIR004
        7: CALIBRATE SAT000 INST000-000 DIR001
        8: TURN_TO SAT000 DIR004 DIR001
        9: TAKE_IMAGE SAT000 DIR004 INST000-000 MODE001
     

time spent:    0.00 seconds instantiating 108 easy, 0 hard action templates
               0.00 seconds reachability analysis, yielding 46 facts and 108 actions
               0.00 seconds creating final representation with 46 relevant facts
               0.00 seconds building connectivity graph
               0.00 seconds searching, evaluating 19 states, to a max depth of 2
               0.00 seconds total time

