
ff: parsing domain file
domain 'SATELLITE' defined
 ... done.
ff: parsing problem file
problem 'PROBNAME' defined
 ... done.



Cueing down from goal distance:   11 into depth [1][2][3]
                                  10            [1]
                                   9            [1]
                                   8            [1]
                                   7            [1][2]
                                   6            [1]
                                   5            [1]
                                   4            [1][2]
                                   3            [1]
                                   2            [1]
                                   1            [1]
                                   0            

ff: found legal plan as follows

step    0: TURN_TO SAT000 DIR001 DIR002
        1: SWITCH_ON INST000-002 SAT000
        2: CALIBRATE SAT000 INST000-002 DIR001
        3: TURN_TO SAT000 DIR003 DIR001
        4: TAKE_IMAGE SAT000 DIR003 INST000-002 MODE004
        5: TURN_TO SAT000 DIR000 DIR003
        6: TURN_TO SAT000 DIR002 DIR000
        7: TAKE_IMAGE SAT000 DIR002 INST000-002 MODE004
        8: SWITCH_OFF INST000-002 SAT000
        9: SWITCH_ON INST000-000 SAT000
       10: TURN_TO SAT000 DIR000 DIR002
       11: CALIBRATE SAT000 INST000-000 DIR000
       12: TAKE_IMAGE SAT000 DIR000 INST000-000 MODE002
       13: TURN_TO SAT000 DIR002 DIR000
       14: TAKE_IMAGE SAT000 DIR002 INST000-000 MODE002
     

time spent:    0.00 seconds instantiating 85 easy, 0 hard action templates
               0.00 seconds reachability analysis, yielding 56 facts and 85 actions
               0.00 seconds creating final representation with 56 relevant facts
               0.00 seconds building connectivity graph
               0.00 seconds searching, evaluating 32 states, to a max depth of 3
               0.00 seconds total time

