
ff: parsing domain file
domain 'SATELLITE' defined
 ... done.
ff: parsing problem file
problem 'PROBNAME' defined
 ... done.



Cueing down from goal distance:   19 into depth [1]
                                  18            [1]
                                  17            [1]
                                  15            [1]
                                  14            [1]
                                  13            [1][2][3]
                                  12            [1]
                                  11            [1]
                                  10            [1]
                                   9            [1]
                                   8            [1][2]
                                   7            [1]
                                   6            [1]
                                   5            [1]
                                   4            [1]
                                   3            [1]
                                   2            [1]
                                   1            [1]
                                   0            

ff: found legal plan as follows

step    0: TURN_TO SAT000 DIR002 DIR000
        1: TURN_TO SAT001 DIR000 DIR002
        2: SWITCH_ON INST000-000 SAT000
        3: CALIBRATE SAT000 INST000-000 DIR002
        4: TAKE_IMAGE SAT000 DIR002 INST000-000 MODE003
        5: TURN_TO SAT001 DIR001 DIR000
        6: SWITCH_ON INST001-003 SAT001
        7: CALIBRATE SAT001 INST001-003 DIR001
        8: TAKE_IMAGE SAT001 DIR001 INST001-003 MODE000
        9: TURN_TO SAT001 DIR003 DIR001
       10: TAKE_IMAGE SAT001 DIR003 INST001-003 MODE000
       11: SWITCH_OFF INST001-003 SAT001
       12: SWITCH_ON INST001-000 SAT001
       13: CALIBRATE SAT001 INST001-000 DIR003
       14: TURN_TO SAT001 DIR004 DIR003
       15: TAKE_IMAGE SAT001 DIR004 INST001-000 MODE004
       16: SWITCH_OFF INST001-000 SAT001
       17: SWITCH_ON INST001-001 SAT001
       18: CALIBRATE SAT001 INST001-001 DIR004
       19: TURN_TO SAT001 DIR000 DIR004
       20: TAKE_IMAGE SAT001 DIR000 INST001-001 MODE001
     

time spent:    0.00 seconds instantiating 132 easy, 0 hard action templates
               0.00 seconds reachability analysis, yielding 68 facts and 132 actions
               0.00 seconds creating final representation with 68 relevant facts
               0.00 seconds building connectivity graph
               0.00 seconds searching, evaluating 75 states, to a max depth of 3
               0.00 seconds total time

