
ff: parsing domain file
domain 'SATELLITE' defined
 ... done.
ff: parsing problem file
problem 'PROBNAME' defined
 ... done.



Cueing down from goal distance:   10 into depth [1]
                                   7            [1]
                                   6            [1][2]
                                   5            [1]
                                   4            [1]
                                   3            [1]
                                   2            [1]
                                   1            [1]
                                   0            

ff: found legal plan as follows

step    0: TURN_TO SAT002 DIR001 DIR002
        1: SWITCH_ON INST000-000 SAT000
        2: TURN_TO SAT000 DIR002 DIR004
        3: CALIBRATE SAT000 INST000-000 DIR002
        4: TAKE_IMAGE SAT000 DIR002 INST000-000 MODE001
        5: TURN_TO SAT000 DIR003 DIR002
        6: TAKE_IMAGE SAT000 DIR003 INST000-000 MODE001
        7: TURN_TO SAT000 DIR004 DIR003
        8: TAKE_IMAGE SAT000 DIR004 INST000-000 MODE001
     

time spent:    0.00 seconds instantiating 216 easy, 0 hard action templates
               0.00 seconds reachability analysis, yielding 82 facts and 216 actions
               0.00 seconds creating final representation with 82 relevant facts
               0.00 seconds building connectivity graph
               0.00 seconds searching, evaluating 13 states, to a max depth of 2
               0.00 seconds total time

