
ff: parsing domain file
domain 'SATELLITE' defined
 ... done.
ff: parsing problem file
problem 'PROBNAME' defined
 ... done.



Cueing down from goal distance:   15 into depth [1]
                                  13            [1]
                                  12            [1]
                                  11            [1]
                                  10            [1]
                                   9            [1]
                                   8            [1]
                                   7            [1]
                                   6            [1]
                                   5            [1]
                                   4            [1]
                                   3            [1]
                                   2            [1]
                                   1            [1]
                                   0            

ff: found legal plan as follows

step    0: SWITCH_ON INST001-001 SAT001
        1: CALIBRATE SAT001 INST001-001 DIR001
        2: TURN_TO SAT001 DIR004 DIR001
        3: TAKE_IMAGE SAT001 DIR004 INST001-001 MODE000
        4: TURN_TO SAT001 DIR002 DIR004
        5: TAKE_IMAGE SAT001 DIR002 INST001-001 MODE000
        6: SWITCH_ON INST003-002 SAT003
        7: CALIBRATE SAT003 INST003-002 DIR002
        8: TURN_TO SAT003 DIR004 DIR002
        9: TAKE_IMAGE SAT003 DIR004 INST003-002 MODE002
       10: TURN_TO SAT003 DIR000 DIR004
       11: TAKE_IMAGE SAT003 DIR000 INST003-002 MODE002
       12: TURN_TO SAT003 DIR003 DIR000
       13: TAKE_IMAGE SAT003 DIR003 INST003-002 MODE002
     

time spent:    0.00 seconds instantiating 180 easy, 0 hard action templates
               0.00 seconds reachability analysis, yielding 75 facts and 180 actions
               0.00 seconds creating final representation with 75 relevant facts
               0.00 seconds building connectivity graph
               0.00 seconds searching, evaluating 25 states, to a max depth of 1
               0.00 seconds total time

