
ff: parsing domain file
domain 'SATELLITE' defined
 ... done.
ff: parsing problem file
problem 'PROBNAME' defined
 ... done.



Cueing down from goal distance:   17 into depth [1]
                                  16            [1]
                                  15            [1]
                                  14            [1]
                                  13            [1]
                                  12            [1]
                                  11            [1][2]
                                  10            [1]
                                   9            [1]
                                   8            [1][2]
                                   7            [1]
                                   6            [1]
                                   5            [1]
                                   4            [1]
                                   3            [1]
                                   2            [1]
                                   1            [1]
                                   0            

ff: found legal plan as follows

step    0: TURN_TO SAT001 DIR002 DIR003
        1: SWITCH_ON INST001-000 SAT001
        2: CALIBRATE SAT001 INST001-000 DIR002
        3: TURN_TO SAT001 DIR000 DIR002
        4: TAKE_IMAGE SAT001 DIR000 INST001-000 MODE003
        5: SWITCH_ON INST002-001 SAT002
        6: TURN_TO SAT002 DIR002 DIR000
        7: CALIBRATE SAT002 INST002-001 DIR002
        8: TURN_TO SAT002 DIR000 DIR002
        9: TAKE_IMAGE SAT002 DIR000 INST002-001 MODE000
       10: SWITCH_ON INST000-001 SAT000
       11: CALIBRATE SAT000 INST000-001 DIR002
       12: TAKE_IMAGE SAT000 DIR002 INST000-001 MODE002
       13: TURN_TO SAT000 DIR000 DIR002
       14: TAKE_IMAGE SAT000 DIR000 INST000-001 MODE002
       15: TURN_TO SAT004 DIR002 DIR003
       16: SWITCH_ON INST004-000 SAT004
       17: CALIBRATE SAT004 INST004-000 DIR002
       18: TAKE_IMAGE SAT004 DIR002 INST004-000 MODE001
     

time spent:    0.00 seconds instantiating 193 easy, 0 hard action templates
               0.00 seconds reachability analysis, yielding 102 facts and 193 actions
               0.00 seconds creating final representation with 102 relevant facts
               0.00 seconds building connectivity graph
               0.00 seconds searching, evaluating 34 states, to a max depth of 2
               0.00 seconds total time

