
ff: parsing domain file
domain 'SATELLITE' defined
 ... done.
ff: parsing problem file
problem 'PROBNAME' defined
 ... done.



Cueing down from goal distance:   15 into depth [1]
                                  14            [1]
                                  13            [1]
                                  12            [1]
                                  11            [1]
                                  10            [1]
                                   9            [1]
                                   8            [1][2]
                                   7            [1]
                                   6            [1]
                                   5            [1][2]
                                   4            [1]
                                   3            [1]
                                   2            [1]
                                   1            [1]
                                   0            

ff: found legal plan as follows

step    0: TURN_TO SAT001 DIR000 DIR001
        1: SWITCH_ON INST001-000 SAT001
        2: CALIBRATE SAT001 INST001-000 DIR000
        3: TURN_TO SAT001 DIR002 DIR000
        4: TAKE_IMAGE SAT001 DIR002 INST001-000 MODE001
        5: SWITCH_ON INST004-001 SAT004
        6: SWITCH_ON INST000-001 SAT000
        7: TURN_TO SAT004 DIR000 DIR002
        8: CALIBRATE SAT004 INST004-001 DIR000
        9: TURN_TO SAT004 DIR002 DIR000
       10: TAKE_IMAGE SAT004 DIR002 INST004-001 MODE003
       11: TURN_TO SAT000 DIR001 DIR000
       12: CALIBRATE SAT000 INST000-001 DIR001
       13: TURN_TO SAT000 DIR000 DIR001
       14: TAKE_IMAGE SAT000 DIR000 INST000-001 MODE004
       15: TURN_TO SAT000 DIR002 DIR000
       16: TAKE_IMAGE SAT000 DIR002 INST000-001 MODE004
     

time spent:    0.00 seconds instantiating 191 easy, 0 hard action templates
               0.00 seconds reachability analysis, yielding 101 facts and 191 actions
               0.00 seconds creating final representation with 101 relevant facts
               0.00 seconds building connectivity graph
               0.00 seconds searching, evaluating 37 states, to a max depth of 2
               0.00 seconds total time

