
ff: parsing domain file
domain 'SATELLITE' defined
 ... done.
ff: parsing problem file
problem 'PROBNAME' defined
 ... done.



Cueing down from goal distance:   12 into depth [1]
                                  11            [1]
                                  10            [1]
                                   9            [1]
                                   8            [1][2][3]
                                   7            [1][2]
                                   6            [1]
                                   5            [1]
                                   4            [1]
                                   3            [1]
                                   2            [1]
                                   1            [1]
                                   0            

ff: found legal plan as follows

step    0: TURN_TO SAT001 DIR000 DIR001
        1: SWITCH_ON INST001-000 SAT001
        2: CALIBRATE SAT001 INST001-000 DIR000
        3: TAKE_IMAGE SAT001 DIR000 INST001-000 MODE002
        4: TURN_TO SAT000 DIR000 DIR001
        5: SWITCH_ON INST000-001 SAT000
        6: CALIBRATE SAT000 INST000-001 DIR000
        7: TURN_TO SAT000 DIR001 DIR000
        8: TAKE_IMAGE SAT000 DIR001 INST000-001 MODE001
        9: SWITCH_OFF INST000-001 SAT000
       10: TURN_TO SAT000 DIR000 DIR001
       11: SWITCH_ON INST000-000 SAT000
       12: CALIBRATE SAT000 INST000-000 DIR000
       13: TURN_TO SAT000 DIR002 DIR000
       14: TAKE_IMAGE SAT000 DIR002 INST000-000 MODE000
     

time spent:    0.00 seconds instantiating 54 easy, 0 hard action templates
               0.00 seconds reachability analysis, yielding 41 facts and 54 actions
               0.00 seconds creating final representation with 41 relevant facts
               0.00 seconds building connectivity graph
               0.00 seconds searching, evaluating 33 states, to a max depth of 3
               0.00 seconds total time

