
ff: parsing domain file
domain 'SATELLITE' defined
 ... done.
ff: parsing problem file
problem 'PROBNAME' defined
 ... done.



Cueing down from goal distance:   17 into depth [1]
                                  16            [1]
                                  15            [1]
                                  13            [1]
                                  12            [1]
                                  11            [1]
                                  10            [1]
                                   9            [1][2]
                                   8            [1]
                                   7            [1]
                                   6            [1]
                                   5            [1]
                                   4            [1]
                                   3            [1]
                                   2            [1]
                                   1            [1]
                                   0            

ff: found legal plan as follows

step    0: TURN_TO SAT002 DIR002 DIR005
        1: TURN_TO SAT000 DIR003 DIR000
        2: SWITCH_ON INST001-000 SAT001
        3: CALIBRATE SAT001 INST001-000 DIR001
        4: TAKE_IMAGE SAT001 DIR001 INST001-000 MODE002
        5: TURN_TO SAT001 DIR004 DIR001
        6: TAKE_IMAGE SAT001 DIR004 INST001-000 MODE002
        7: SWITCH_ON INST000-002 SAT000
        8: CALIBRATE SAT000 INST000-002 DIR003
        9: TURN_TO SAT000 DIR004 DIR003
       10: TAKE_IMAGE SAT000 DIR004 INST000-002 MODE000
       11: TURN_TO SAT000 DIR005 DIR004
       12: TAKE_IMAGE SAT000 DIR005 INST000-002 MODE000
       13: SWITCH_ON INST002-000 SAT002
       14: CALIBRATE SAT002 INST002-000 DIR002
       15: TURN_TO SAT002 DIR005 DIR002
       16: TAKE_IMAGE SAT002 DIR005 INST002-000 MODE001
     

time spent:    0.00 seconds instantiating 297 easy, 0 hard action templates
               0.00 seconds reachability analysis, yielding 99 facts and 297 actions
               0.00 seconds creating final representation with 99 relevant facts
               0.00 seconds building connectivity graph
               0.00 seconds searching, evaluating 33 states, to a max depth of 2
               0.00 seconds total time

