
ff: parsing domain file
domain 'SATELLITE' defined
 ... done.
ff: parsing problem file
problem 'PROBNAME' defined
 ... done.



Cueing down from goal distance:   11 into depth [1]
                                  10            [1]
                                   9            [1]
                                   8            [1][2]
                                   7            [1]
                                   6            [1]
                                   5            [1]
                                   4            [1]
                                   3            [1][2]
                                   2            [1]
                                   1            [1]
                                   0            

ff: found legal plan as follows

step    0: SWITCH_ON INST000-002 SAT000
        1: CALIBRATE SAT000 INST000-002 DIR001
        2: TAKE_IMAGE SAT000 DIR001 INST000-002 MODE000
        3: TURN_TO SAT001 DIR001 DIR000
        4: SWITCH_ON INST001-004 SAT001
        5: CALIBRATE SAT001 INST001-004 DIR001
        6: TURN_TO SAT001 DIR002 DIR001
        7: TAKE_IMAGE SAT001 DIR002 INST001-004 MODE001
        8: SWITCH_ON INST004-001 SAT004
        9: TURN_TO SAT004 DIR002 DIR000
       10: CALIBRATE SAT004 INST004-001 DIR002
       11: TURN_TO SAT004 DIR000 DIR002
       12: TAKE_IMAGE SAT004 DIR000 INST004-001 MODE002
     

time spent:    0.00 seconds instantiating 186 easy, 0 hard action templates
               0.00 seconds reachability analysis, yielding 108 facts and 186 actions
               0.00 seconds creating final representation with 108 relevant facts
               0.00 seconds building connectivity graph
               0.00 seconds searching, evaluating 24 states, to a max depth of 2
               0.00 seconds total time

