
ff: parsing domain file
domain 'SATELLITE' defined
 ... done.
ff: parsing problem file
problem 'PROBNAME' defined
 ... done.



Cueing down from goal distance:    7 into depth [1]
                                   6            [1]
                                   5            [1]
                                   4            [1]
                                   3            [1][2]
                                   2            [1]
                                   1            [1]
                                   0            

ff: found legal plan as follows

step    0: SWITCH_ON INST000-002 SAT000
        1: SWITCH_ON INST001-001 SAT001
        2: CALIBRATE SAT001 INST001-001 DIR003
        3: TAKE_IMAGE SAT001 DIR003 INST001-001 MODE000
        4: TURN_TO SAT000 DIR005 DIR004
        5: CALIBRATE SAT000 INST000-002 DIR005
        6: TURN_TO SAT000 DIR004 DIR005
        7: TAKE_IMAGE SAT000 DIR004 INST000-002 MODE001
     

time spent:    0.00 seconds instantiating 258 easy, 0 hard action templates
               0.00 seconds reachability analysis, yielding 89 facts and 258 actions
               0.00 seconds creating final representation with 89 relevant facts
               0.00 seconds building connectivity graph
               0.00 seconds searching, evaluating 12 states, to a max depth of 2
               0.00 seconds total time

