
ff: parsing domain file
domain 'SATELLITE' defined
 ... done.
ff: parsing problem file
problem 'PROBNAME' defined
 ... done.



Cueing down from goal distance:    9 into depth [1]
                                   8            [1][2][3]
                                   7            [1]
                                   6            [1]
                                   5            [1]
                                   4            [1][2]
                                   3            [1]
                                   2            [1]
                                   1            [1]
                                   0            

ff: found legal plan as follows

step    0: TURN_TO SAT000 DIR000 DIR002
        1: SWITCH_ON INST000-001 SAT000
        2: TURN_TO SAT001 DIR000 DIR003
        3: SWITCH_ON INST001-000 SAT001
        4: CALIBRATE SAT001 INST001-000 DIR000
        5: TURN_TO SAT001 DIR001 DIR000
        6: TAKE_IMAGE SAT001 DIR001 INST001-000 MODE000
        7: TURN_TO SAT000 DIR001 DIR000
        8: CALIBRATE SAT000 INST000-001 DIR001
        9: TAKE_IMAGE SAT000 DIR001 INST000-001 MODE002
       10: TURN_TO SAT000 DIR000 DIR001
       11: TAKE_IMAGE SAT000 DIR000 INST000-001 MODE002
     

time spent:    0.00 seconds instantiating 256 easy, 0 hard action templates
               0.00 seconds reachability analysis, yielding 102 facts and 256 actions
               0.00 seconds creating final representation with 102 relevant facts
               0.00 seconds building connectivity graph
               0.00 seconds searching, evaluating 30 states, to a max depth of 3
               0.00 seconds total time

