
ff: parsing domain file
domain 'SATELLITE' defined
 ... done.
ff: parsing problem file
problem 'PROBNAME' defined
 ... done.



Cueing down from goal distance:    8 into depth [1]
                                   7            [1]
                                   6            [1]
                                   5            [1]
                                   4            [1]
                                   3            [1]
                                   2            [1]
                                   1            [1]
                                   0            

ff: found legal plan as follows

step    0: TURN_TO SAT001 DIR004 DIR001
        1: SWITCH_ON INST000-000 SAT000
        2: CALIBRATE SAT000 INST000-000 DIR001
        3: TAKE_IMAGE SAT000 DIR001 INST000-000 MODE002
        4: SWITCH_ON INST001-001 SAT001
        5: CALIBRATE SAT001 INST001-001 DIR004
        6: TURN_TO SAT001 DIR003 DIR004
        7: TAKE_IMAGE SAT001 DIR003 INST001-001 MODE001
     

time spent:    0.00 seconds instantiating 116 easy, 0 hard action templates
               0.00 seconds reachability analysis, yielding 54 facts and 116 actions
               0.00 seconds creating final representation with 54 relevant facts
               0.00 seconds building connectivity graph
               0.00 seconds searching, evaluating 11 states, to a max depth of 1
               0.00 seconds total time

