
ff: parsing domain file
domain 'SATELLITE' defined
 ... done.
ff: parsing problem file
problem 'PROBNAME' defined
 ... done.



Cueing down from goal distance:   17 into depth [1]
                                  13            [1]
                                  12            [1][2]
                                  11            [1]
                                  10            [1]
                                   9            [1][2]
                                   8            [1]
                                   7            [1]
                                   6            [1]
                                   5            [1][2]
                                   4            [1]
                                   3            [1]
                                   2            [1]
                                   1            [1]
                                   0            

ff: found legal plan as follows

step    0: TURN_TO SAT000 DIR001 DIR000
        1: SWITCH_ON INST001-002 SAT001
        2: TURN_TO SAT001 DIR002 DIR000
        3: CALIBRATE SAT001 INST001-002 DIR002
        4: TURN_TO SAT001 DIR000 DIR002
        5: TAKE_IMAGE SAT001 DIR000 INST001-002 MODE001
        6: SWITCH_ON INST000-000 SAT000
        7: CALIBRATE SAT000 INST000-000 DIR001
        8: TURN_TO SAT000 DIR004 DIR001
        9: TAKE_IMAGE SAT000 DIR004 INST000-000 MODE000
       10: SWITCH_ON INST002-000 SAT002
       11: TURN_TO SAT002 DIR003 DIR001
       12: CALIBRATE SAT002 INST002-000 DIR003
       13: TURN_TO SAT002 DIR001 DIR003
       14: TAKE_IMAGE SAT002 DIR001 INST002-000 MODE002
       15: TURN_TO SAT002 DIR002 DIR001
       16: TAKE_IMAGE SAT002 DIR002 INST002-000 MODE002
     

time spent:    0.00 seconds instantiating 387 easy, 0 hard action templates
               0.00 seconds reachability analysis, yielding 129 facts and 387 actions
               0.00 seconds creating final representation with 129 relevant facts
               0.00 seconds building connectivity graph
               0.00 seconds searching, evaluating 42 states, to a max depth of 2
               0.00 seconds total time

