
ff: parsing domain file
domain 'SATELLITE' defined
 ... done.
ff: parsing problem file
problem 'PROBNAME' defined
 ... done.



Cueing down from goal distance:   21 into depth [1]
                                  15            [1]
                                  12            [1]
                                  11            [1]
                                  10            [1]
                                   9            [1]
                                   8            [1]
                                   7            [1]
                                   6            [1][2]
                                   5            [1]
                                   4            [1]
                                   3            [1]
                                   2            [1]
                                   1            [1]
                                   0            

ff: found legal plan as follows

step    0: TURN_TO SAT000 DIR002 DIR004
        1: TURN_TO SAT002 DIR000 DIR003
        2: SWITCH_ON INST000-000 SAT000
        3: CALIBRATE SAT000 INST000-000 DIR002
        4: TAKE_IMAGE SAT000 DIR002 INST000-000 MODE000
        5: TURN_TO SAT000 DIR003 DIR002
        6: TAKE_IMAGE SAT000 DIR003 INST000-000 MODE000
        7: SWITCH_ON INST001-001 SAT001
        8: TURN_TO SAT001 DIR001 DIR002
        9: CALIBRATE SAT001 INST001-001 DIR001
       10: TAKE_IMAGE SAT001 DIR001 INST001-001 MODE001
       11: TURN_TO SAT001 DIR002 DIR001
       12: TAKE_IMAGE SAT001 DIR002 INST001-001 MODE001
       13: TURN_TO SAT001 DIR003 DIR002
       14: TAKE_IMAGE SAT001 DIR003 INST001-001 MODE001
     

time spent:    0.00 seconds instantiating 200 easy, 0 hard action templates
               0.00 seconds reachability analysis, yielding 79 facts and 200 actions
               0.00 seconds creating final representation with 79 relevant facts
               0.00 seconds building connectivity graph
               0.00 seconds searching, evaluating 25 states, to a max depth of 2
               0.00 seconds total time

