
ff: parsing domain file
domain 'SATELLITE' defined
 ... done.
ff: parsing problem file
problem 'PROBNAME' defined
 ... done.



Cueing down from goal distance:   17 into depth [1]
                                  14            [1]
                                  11            [1][2][3]
                                  10            [1]
                                   9            [1]
                                   8            [1]
                                   7            [1]
                                   6            [1]
                                   5            [1]
                                   4            [1]
                                   3            [1]
                                   2            [1]
                                   1            [1]
                                   0            

ff: found legal plan as follows

step    0: TURN_TO SAT001 DIR002 DIR000
        1: TURN_TO SAT000 DIR002 DIR001
        2: SWITCH_ON INST000-000 SAT000
        3: CALIBRATE SAT000 INST000-000 DIR002
        4: TURN_TO SAT000 DIR003 DIR002
        5: TAKE_IMAGE SAT000 DIR003 INST000-000 MODE002
        6: TURN_TO SAT000 DIR000 DIR003
        7: TAKE_IMAGE SAT000 DIR000 INST000-000 MODE002
        8: SWITCH_ON INST001-004 SAT001
        9: CALIBRATE SAT001 INST001-004 DIR002
       10: TAKE_IMAGE SAT001 DIR002 INST001-004 MODE003
       11: TURN_TO SAT001 DIR000 DIR002
       12: TAKE_IMAGE SAT001 DIR000 INST001-004 MODE003
       13: TURN_TO SAT001 DIR003 DIR000
       14: TAKE_IMAGE SAT001 DIR003 INST001-004 MODE003
     

time spent:    0.00 seconds instantiating 87 easy, 0 hard action templates
               0.00 seconds reachability analysis, yielding 53 facts and 87 actions
               0.00 seconds creating final representation with 53 relevant facts
               0.00 seconds building connectivity graph
               0.00 seconds searching, evaluating 55 states, to a max depth of 3
               0.00 seconds total time

