
ff: parsing domain file
domain 'SATELLITE' defined
 ... done.
ff: parsing problem file
problem 'PROBNAME' defined
 ... done.



Cueing down from goal distance:   16 into depth [1]
                                  15            [1]
                                  14            [1]
                                  13            [1]
                                  12            [1]
                                  11            [1]
                                  10            [1]
                                   9            [1]
                                   8            [1]
                                   7            [1][2]
                                   6            [1]
                                   5            [1]
                                   4            [1][2]
                                   3            [1]
                                   2            [1]
                                   1            [1]
                                   0            

ff: found legal plan as follows

step    0: SWITCH_ON INST000-000 SAT000
        1: TURN_TO SAT002 DIR001 DIR000
        2: SWITCH_ON INST002-000 SAT002
        3: CALIBRATE SAT002 INST002-000 DIR001
        4: TAKE_IMAGE SAT002 DIR001 INST002-000 MODE002
        5: SWITCH_ON INST001-001 SAT001
        6: SWITCH_ON INST003-001 SAT003
        7: CALIBRATE SAT003 INST003-001 DIR000
        8: TAKE_IMAGE SAT003 DIR000 INST003-001 MODE003
        9: TURN_TO SAT000 DIR000 DIR002
       10: CALIBRATE SAT000 INST000-000 DIR000
       11: TURN_TO SAT000 DIR002 DIR000
       12: TAKE_IMAGE SAT000 DIR002 INST000-000 MODE001
       13: TURN_TO SAT001 DIR002 DIR000
       14: CALIBRATE SAT001 INST001-001 DIR002
       15: TAKE_IMAGE SAT001 DIR002 INST001-001 MODE000
       16: TURN_TO SAT001 DIR000 DIR002
       17: TAKE_IMAGE SAT001 DIR000 INST001-001 MODE000
     

time spent:    0.00 seconds instantiating 114 easy, 0 hard action templates
               0.00 seconds reachability analysis, yielding 76 facts and 114 actions
               0.00 seconds creating final representation with 76 relevant facts
               0.00 seconds building connectivity graph
               0.00 seconds searching, evaluating 35 states, to a max depth of 2
               0.00 seconds total time

