
ff: parsing domain file
domain 'SATELLITE' defined
 ... done.
ff: parsing problem file
problem 'PROBNAME' defined
 ... done.



Cueing down from goal distance:   12 into depth [1]
                                  10            [1]
                                   9            [1]
                                   8            [1]
                                   7            [1]
                                   6            [1]
                                   5            [1]
                                   4            [1]
                                   3            [1]
                                   2            [1]
                                   1            [1]
                                   0            

ff: found legal plan as follows

step    0: TURN_TO SAT002 DIR003 DIR001
        1: TURN_TO SAT001 DIR005 DIR001
        2: SWITCH_ON INST000-000 SAT000
        3: CALIBRATE SAT000 INST000-000 DIR003
        4: TURN_TO SAT000 DIR000 DIR003
        5: TAKE_IMAGE SAT000 DIR000 INST000-000 MODE000
        6: TURN_TO SAT000 DIR001 DIR000
        7: TAKE_IMAGE SAT000 DIR001 INST000-000 MODE000
        8: SWITCH_ON INST001-000 SAT001
        9: CALIBRATE SAT001 INST001-000 DIR005
       10: TAKE_IMAGE SAT001 DIR005 INST001-000 MODE002
     

time spent:    0.00 seconds instantiating 153 easy, 0 hard action templates
               0.00 seconds reachability analysis, yielding 66 facts and 153 actions
               0.00 seconds creating final representation with 66 relevant facts
               0.00 seconds building connectivity graph
               0.00 seconds searching, evaluating 17 states, to a max depth of 1
               0.00 seconds total time

