
ff: parsing domain file
domain 'SATELLITE' defined
 ... done.
ff: parsing problem file
problem 'PROBNAME' defined
 ... done.



Cueing down from goal distance:    6 into depth [1]
                                   5            [1]
                                   4            [1]
                                   3            [1]
                                   2            [1]
                                   1            [1]
                                   0            

ff: found legal plan as follows

step    0: SWITCH_ON INST004-001 SAT004
        1: CALIBRATE SAT004 INST004-001 DIR000
        2: TAKE_IMAGE SAT004 DIR000 INST004-001 MODE001
        3: SWITCH_ON INST003-001 SAT003
        4: CALIBRATE SAT003 INST003-001 DIR002
        5: TAKE_IMAGE SAT003 DIR002 INST003-001 MODE002
     

time spent:    0.00 seconds instantiating 212 easy, 0 hard action templates
               0.00 seconds reachability analysis, yielding 106 facts and 212 actions
               0.00 seconds creating final representation with 106 relevant facts
               0.00 seconds building connectivity graph
               0.00 seconds searching, evaluating 7 states, to a max depth of 1
               0.00 seconds total time

