
ff: parsing domain file
domain 'SATELLITE' defined
 ... done.
ff: parsing problem file
problem 'PROBNAME' defined
 ... done.



Cueing down from goal distance:   22 into depth [1]
                                  21            [1]
                                  17            [1]
                                  16            [1]
                                  14            [1]
                                  13            [1]
                                  12            [1]
                                  11            [1]
                                  10            [1][2]
                                   9            [1]
                                   8            [1]
                                   7            [1]
                                   6            [1]
                                   5            [1]
                                   4            [1]
                                   3            [1]
                                   2            [1]
                                   1            [1]
                                   0            

ff: found legal plan as follows

step    0: TURN_TO SAT002 DIR002 DIR004
        1: TURN_TO SAT001 DIR001 DIR005
        2: TURN_TO SAT000 DIR002 DIR003
        3: TURN_TO SAT002 DIR000 DIR002
        4: SWITCH_ON INST000-000 SAT000
        5: CALIBRATE SAT000 INST000-000 DIR002
        6: TURN_TO SAT000 DIR001 DIR002
        7: TAKE_IMAGE SAT000 DIR001 INST000-000 MODE002
        8: SWITCH_ON INST001-001 SAT001
        9: CALIBRATE SAT001 INST001-001 DIR001
       10: TAKE_IMAGE SAT001 DIR001 INST001-001 MODE000
       11: TURN_TO SAT001 DIR004 DIR001
       12: TAKE_IMAGE SAT001 DIR004 INST001-001 MODE000
       13: TURN_TO SAT001 DIR002 DIR004
       14: TAKE_IMAGE SAT001 DIR002 INST001-001 MODE000
       15: SWITCH_ON INST002-000 SAT002
       16: CALIBRATE SAT002 INST002-000 DIR000
       17: TURN_TO SAT002 DIR002 DIR000
       18: TAKE_IMAGE SAT002 DIR002 INST002-000 MODE001
     

time spent:    0.00 seconds instantiating 228 easy, 0 hard action templates
               0.00 seconds reachability analysis, yielding 82 facts and 228 actions
               0.00 seconds creating final representation with 82 relevant facts
               0.00 seconds building connectivity graph
               0.00 seconds searching, evaluating 40 states, to a max depth of 2
               0.00 seconds total time

