
ff: parsing domain file
domain 'SATELLITE' defined
 ... done.
ff: parsing problem file
problem 'PROBNAME' defined
 ... done.



Cueing down from goal distance:   13 into depth [1]
                                  12            [1]
                                  11            [1]
                                  10            [1]
                                   9            [1]
                                   8            [1]
                                   7            [1][2]
                                   6            [1]
                                   5            [1]
                                   4            [1]
                                   3            [1]
                                   2            [1]
                                   1            [1]
                                   0            

ff: found legal plan as follows

step    0: SWITCH_ON INST000-000 SAT000
        1: CALIBRATE SAT000 INST000-000 DIR003
        2: TURN_TO SAT001 DIR001 DIR000
        3: SWITCH_ON INST001-002 SAT001
        4: CALIBRATE SAT001 INST001-002 DIR001
        5: TAKE_IMAGE SAT001 DIR001 INST001-002 MODE000
        6: TURN_TO SAT000 DIR005 DIR003
        7: TAKE_IMAGE SAT000 DIR005 INST000-000 MODE001
        8: SWITCH_OFF INST000-000 SAT000
        9: TURN_TO SAT000 DIR004 DIR005
       10: SWITCH_ON INST000-001 SAT000
       11: CALIBRATE SAT000 INST000-001 DIR004
       12: TURN_TO SAT000 DIR003 DIR004
       13: TAKE_IMAGE SAT000 DIR003 INST000-001 MODE003
     

time spent:    0.00 seconds instantiating 150 easy, 0 hard action templates
               0.00 seconds reachability analysis, yielding 68 facts and 150 actions
               0.00 seconds creating final representation with 68 relevant facts
               0.00 seconds building connectivity graph
               0.00 seconds searching, evaluating 35 states, to a max depth of 2
               0.00 seconds total time

