
ff: parsing domain file
domain 'SATELLITE' defined
 ... done.
ff: parsing problem file
problem 'PROBNAME' defined
 ... done.



Cueing down from goal distance:   12 into depth [1]
                                  10            [1]
                                   9            [1]
                                   8            [1]
                                   7            [1]
                                   6            [1]
                                   5            [1][2]
                                   4            [1]
                                   3            [1]
                                   2            [1]
                                   1            [1]
                                   0            

ff: found legal plan as follows

step    0: SWITCH_ON INST000-001 SAT000
        1: TURN_TO SAT001 DIR001 DIR000
        2: SWITCH_ON INST001-000 SAT001
        3: CALIBRATE SAT001 INST001-000 DIR001
        4: TURN_TO SAT001 DIR003 DIR001
        5: TAKE_IMAGE SAT001 DIR003 INST001-000 MODE000
        6: TURN_TO SAT000 DIR001 DIR003
        7: CALIBRATE SAT000 INST000-001 DIR001
        8: TURN_TO SAT000 DIR003 DIR001
        9: TAKE_IMAGE SAT000 DIR003 INST000-001 MODE001
       10: TURN_TO SAT000 DIR000 DIR003
       11: TAKE_IMAGE SAT000 DIR000 INST000-001 MODE001
     

time spent:    0.00 seconds instantiating 184 easy, 0 hard action templates
               0.00 seconds reachability analysis, yielding 90 facts and 184 actions
               0.00 seconds creating final representation with 90 relevant facts
               0.00 seconds building connectivity graph
               0.00 seconds searching, evaluating 23 states, to a max depth of 2
               0.00 seconds total time

