
ff: parsing domain file
domain 'SATELLITE' defined
 ... done.
ff: parsing problem file
problem 'PROBNAME' defined
 ... done.



Cueing down from goal distance:   15 into depth [1]
                                  12            [1][2][3]
                                  11            [1]
                                  10            [1]
                                   9            [1]
                                   8            [1][2]
                                   7            [1]
                                   6            [1]
                                   5            [1]
                                   4            [1]
                                   3            [1]
                                   2            [1]
                                   1            [1]
                                   0            

ff: found legal plan as follows

step    0: TURN_TO SAT001 DIR002 DIR000
        1: TURN_TO SAT000 DIR000 DIR001
        2: SWITCH_ON INST004-001 SAT004
        3: CALIBRATE SAT004 INST004-001 DIR001
        4: TAKE_IMAGE SAT004 DIR001 INST004-001 MODE003
        5: TURN_TO SAT004 DIR000 DIR001
        6: TAKE_IMAGE SAT004 DIR000 INST004-001 MODE003
        7: SWITCH_ON INST000-000 SAT000
        8: CALIBRATE SAT000 INST000-000 DIR000
        9: TAKE_IMAGE SAT000 DIR000 INST000-000 MODE002
       10: TURN_TO SAT000 DIR001 DIR000
       11: TAKE_IMAGE SAT000 DIR001 INST000-000 MODE002
       12: SWITCH_ON INST002-002 SAT002
       13: CALIBRATE SAT002 INST002-002 DIR002
       14: TURN_TO SAT002 DIR000 DIR002
       15: TAKE_IMAGE SAT002 DIR000 INST002-002 MODE000
     

time spent:    0.00 seconds instantiating 126 easy, 0 hard action templates
               0.00 seconds reachability analysis, yielding 80 facts and 126 actions
               0.00 seconds creating final representation with 80 relevant facts
               0.00 seconds building connectivity graph
               0.00 seconds searching, evaluating 63 states, to a max depth of 3
               0.00 seconds total time

