
ff: parsing domain file
domain 'SATELLITE' defined
 ... done.
ff: parsing problem file
problem 'PROBNAME' defined
 ... done.



Cueing down from goal distance:    6 into depth [1]
                                   5            [1]
                                   4            [1]
                                   3            [1]
                                   2            [1]
                                   1            [1]
                                   0            

ff: found legal plan as follows

step    0: SWITCH_ON INST000-001 SAT000
        1: CALIBRATE SAT000 INST000-001 DIR001
        2: TURN_TO SAT000 DIR003 DIR001
        3: TAKE_IMAGE SAT000 DIR003 INST000-001 MODE000
        4: TURN_TO SAT000 DIR002 DIR003
        5: TAKE_IMAGE SAT000 DIR002 INST000-001 MODE000
     

time spent:    0.00 seconds instantiating 224 easy, 0 hard action templates
               0.00 seconds reachability analysis, yielding 90 facts and 224 actions
               0.00 seconds creating final representation with 90 relevant facts
               0.00 seconds building connectivity graph
               0.00 seconds searching, evaluating 10 states, to a max depth of 1
               0.00 seconds total time

