
ff: parsing domain file
domain 'SATELLITE' defined
 ... done.
ff: parsing problem file
problem 'PROBNAME' defined
 ... done.



Cueing down from goal distance:   11 into depth [1][2]
                                  10            [1]
                                   9            [1]
                                   8            [1]
                                   7            [1]
                                   6            [1]
                                   5            [1][2]
                                   4            [1]
                                   3            [1]
                                   2            [1]
                                   1            [1]
                                   0            

ff: found legal plan as follows

step    0: SWITCH_ON INST000-000 SAT000
        1: CALIBRATE SAT000 INST000-000 DIR003
        2: TURN_TO SAT000 DIR002 DIR003
        3: TAKE_IMAGE SAT000 DIR002 INST000-000 MODE000
        4: TURN_TO SAT000 DIR001 DIR002
        5: TAKE_IMAGE SAT000 DIR001 INST000-000 MODE000
        6: SWITCH_ON INST001-000 SAT001
        7: TURN_TO SAT001 DIR001 DIR003
        8: CALIBRATE SAT001 INST001-000 DIR001
        9: TURN_TO SAT001 DIR004 DIR001
       10: TAKE_IMAGE SAT001 DIR004 INST001-000 MODE001
       11: TURN_TO SAT001 DIR003 DIR004
       12: TAKE_IMAGE SAT001 DIR003 INST001-000 MODE001
     

time spent:    0.00 seconds instantiating 212 easy, 0 hard action templates
               0.00 seconds reachability analysis, yielding 82 facts and 212 actions
               0.00 seconds creating final representation with 82 relevant facts
               0.00 seconds building connectivity graph
               0.00 seconds searching, evaluating 36 states, to a max depth of 2
               0.00 seconds total time

