
ff: parsing domain file
domain 'SATELLITE' defined
 ... done.
ff: parsing problem file
problem 'PROBNAME' defined
 ... done.



Cueing down from goal distance:    8 into depth [1][2]
                                   7            [1]
                                   6            [1]
                                   5            [1]
                                   4            [1]
                                   3            [1]
                                   2            [1]
                                   1            [1]
                                   0            

ff: found legal plan as follows

step    0: TURN_TO SAT000 DIR005 DIR004
        1: SWITCH_ON INST000-001 SAT000
        2: CALIBRATE SAT000 INST000-001 DIR005
        3: TURN_TO SAT000 DIR000 DIR005
        4: TAKE_IMAGE SAT000 DIR000 INST000-001 MODE003
        5: SWITCH_ON INST002-003 SAT002
        6: CALIBRATE SAT002 INST002-003 DIR002
        7: TURN_TO SAT002 DIR004 DIR002
        8: TAKE_IMAGE SAT002 DIR004 INST002-003 MODE000
     

time spent:    0.00 seconds instantiating 228 easy, 0 hard action templates
               0.00 seconds reachability analysis, yielding 94 facts and 228 actions
               0.00 seconds creating final representation with 94 relevant facts
               0.00 seconds building connectivity graph
               0.00 seconds searching, evaluating 15 states, to a max depth of 2
               0.00 seconds total time

