
ff: parsing domain file
domain 'SATELLITE' defined
 ... done.
ff: parsing problem file
problem 'PROBNAME' defined
 ... done.



Cueing down from goal distance:   15 into depth [1][2]
                                  14            [1][2]
                                  13            [1]
                                  12            [1][2][3]
                                  11            [1]
                                  10            [1][2]
                                   9            [1]
                                   8            [1]
                                   7            [1][2]
                                   6            [1]
                                   5            [1]
                                   4            [1]
                                   3            [1]
                                   2            [1]
                                   1            [1]
                                   0            

ff: found legal plan as follows

step    0: SWITCH_ON INST000-000 SAT000
        1: CALIBRATE SAT000 INST000-000 DIR000
        2: TURN_TO SAT000 DIR004 DIR000
        3: TAKE_IMAGE SAT000 DIR004 INST000-000 MODE004
        4: SWITCH_OFF INST000-000 SAT000
        5: TURN_TO SAT000 DIR003 DIR004
        6: SWITCH_ON INST000-003 SAT000
        7: CALIBRATE SAT000 INST000-003 DIR003
        8: TURN_TO SAT000 DIR000 DIR003
        9: TURN_TO SAT000 DIR001 DIR000
       10: TAKE_IMAGE SAT000 DIR001 INST000-003 MODE002
       11: SWITCH_OFF INST000-003 SAT000
       12: SWITCH_ON INST000-002 SAT000
       13: TURN_TO SAT000 DIR000 DIR001
       14: CALIBRATE SAT000 INST000-002 DIR000
       15: TURN_TO SAT000 DIR002 DIR000
       16: TAKE_IMAGE SAT000 DIR002 INST000-002 MODE001
       17: TURN_TO SAT000 DIR001 DIR002
       18: TAKE_IMAGE SAT000 DIR001 INST000-002 MODE001
       19: TURN_TO SAT000 DIR004 DIR001
       20: TAKE_IMAGE SAT000 DIR004 INST000-002 MODE001
     

time spent:    0.00 seconds instantiating 88 easy, 0 hard action templates
               0.00 seconds reachability analysis, yielding 55 facts and 88 actions
               0.00 seconds creating final representation with 55 relevant facts
               0.00 seconds building connectivity graph
               0.00 seconds searching, evaluating 77 states, to a max depth of 3
               0.00 seconds total time

