
ff: parsing domain file
domain 'SATELLITE' defined
 ... done.
ff: parsing problem file
problem 'PROBNAME' defined
 ... done.



Cueing down from goal distance:    9 into depth [1]
                                   8            [1]
                                   7            [1]
                                   6            [1]
                                   5            [1]
                                   4            [1]
                                   3            [1][2]
                                   2            [1]
                                   1            [1]
                                   0            

ff: found legal plan as follows

step    0: TURN_TO SAT002 DIR005 DIR003
        1: TURN_TO SAT000 DIR003 DIR000
        2: SWITCH_ON INST000-001 SAT000
        3: CALIBRATE SAT000 INST000-001 DIR003
        4: TAKE_IMAGE SAT000 DIR003 INST000-001 MODE001
        5: SWITCH_ON INST002-001 SAT002
        6: TURN_TO SAT002 DIR001 DIR005
        7: CALIBRATE SAT002 INST002-001 DIR001
        8: TURN_TO SAT002 DIR005 DIR001
        9: TAKE_IMAGE SAT002 DIR005 INST002-001 MODE000
     

time spent:    0.00 seconds instantiating 396 easy, 0 hard action templates
               0.00 seconds reachability analysis, yielding 132 facts and 396 actions
               0.00 seconds creating final representation with 132 relevant facts
               0.00 seconds building connectivity graph
               0.00 seconds searching, evaluating 15 states, to a max depth of 2
               0.00 seconds total time

