
ff: parsing domain file
domain 'SATELLITE' defined
 ... done.
ff: parsing problem file
problem 'PROBNAME' defined
 ... done.



Cueing down from goal distance:    5 into depth [1]
                                   4            [1]
                                   3            [1]
                                   2            [1]
                                   1            [1]
                                   0            

ff: found legal plan as follows

step    0: TURN_TO SAT001 DIR001 DIR000
        1: SWITCH_ON INST001-000 SAT001
        2: CALIBRATE SAT001 INST001-000 DIR001
        3: TURN_TO SAT001 DIR003 DIR001
        4: TAKE_IMAGE SAT001 DIR003 INST001-000 MODE003
     

time spent:    0.00 seconds instantiating 179 easy, 0 hard action templates
               0.00 seconds reachability analysis, yielding 92 facts and 179 actions
               0.00 seconds creating final representation with 92 relevant facts
               0.00 seconds building connectivity graph
               0.00 seconds searching, evaluating 7 states, to a max depth of 1
               0.00 seconds total time

