
ff: parsing domain file
domain 'SATELLITE' defined
 ... done.
ff: parsing problem file
problem 'PROBNAME' defined
 ... done.



Cueing down from goal distance:   15 into depth [1]
                                  14            [1]
                                  13            [1]
                                  12            [1]
                                  11            [1]
                                  10            [1]
                                   9            [1]
                                   8            [1]
                                   7            [1]
                                   6            [1]
                                   5            [1]
                                   4            [1]
                                   3            [1][2]
                                   2            [1]
                                   1            [1]
                                   0            

ff: found legal plan as follows

step    0: TURN_TO SAT002 DIR003 DIR002
        1: TURN_TO SAT003 DIR000 DIR003
        2: SWITCH_ON INST002-000 SAT002
        3: CALIBRATE SAT002 INST002-000 DIR003
        4: TURN_TO SAT002 DIR000 DIR003
        5: TAKE_IMAGE SAT002 DIR000 INST002-000 MODE001
        6: TURN_TO SAT002 DIR004 DIR000
        7: TAKE_IMAGE SAT002 DIR004 INST002-000 MODE001
        8: SWITCH_ON INST003-000 SAT003
        9: CALIBRATE SAT003 INST003-000 DIR000
       10: TAKE_IMAGE SAT003 DIR000 INST003-000 MODE000
       11: SWITCH_ON INST001-000 SAT001
       12: TURN_TO SAT001 DIR002 DIR003
       13: CALIBRATE SAT001 INST001-000 DIR002
       14: TURN_TO SAT001 DIR003 DIR002
       15: TAKE_IMAGE SAT001 DIR003 INST001-000 MODE002
     

time spent:    0.00 seconds instantiating 172 easy, 0 hard action templates
               0.00 seconds reachability analysis, yielding 77 facts and 172 actions
               0.00 seconds creating final representation with 77 relevant facts
               0.00 seconds building connectivity graph
               0.00 seconds searching, evaluating 30 states, to a max depth of 2
               0.00 seconds total time

