
ff: parsing domain file
domain 'SATELLITE' defined
 ... done.
ff: parsing problem file
problem 'PROBNAME' defined
 ... done.



Cueing down from goal distance:   17 into depth [1]
                                  13            [1]
                                  12            [1][2]
                                  11            [1]
                                  10            [1]
                                   9            [1][2][3]
                                   8            [1]
                                   7            [1]
                                   6            [1]
                                   5            [1]
                                   4            [1][2]
                                   3            [1]
                                   2            [1]
                                   1            [1]
                                   0            

ff: found legal plan as follows

step    0: TURN_TO SAT000 DIR002 DIR000
        1: SWITCH_ON INST000-002 SAT000
        2: TURN_TO SAT000 DIR000 DIR002
        3: CALIBRATE SAT000 INST000-002 DIR000
        4: TURN_TO SAT000 DIR002 DIR000
        5: TAKE_IMAGE SAT000 DIR002 INST000-002 MODE003
        6: SWITCH_ON INST002-002 SAT002
        7: SWITCH_OFF INST000-002 SAT000
        8: CALIBRATE SAT002 INST002-002 DIR002
        9: TAKE_IMAGE SAT002 DIR002 INST002-002 MODE001
       10: TURN_TO SAT002 DIR001 DIR002
       11: TAKE_IMAGE SAT002 DIR001 INST002-002 MODE001
       12: SWITCH_ON INST000-000 SAT000
       13: TURN_TO SAT000 DIR001 DIR002
       14: CALIBRATE SAT000 INST000-000 DIR001
       15: TAKE_IMAGE SAT000 DIR001 INST000-000 MODE002
       16: TURN_TO SAT000 DIR002 DIR001
       17: TAKE_IMAGE SAT000 DIR002 INST000-000 MODE002
     

time spent:    0.00 seconds instantiating 84 easy, 0 hard action templates
               0.00 seconds reachability analysis, yielding 58 facts and 84 actions
               0.00 seconds creating final representation with 58 relevant facts
               0.00 seconds building connectivity graph
               0.00 seconds searching, evaluating 42 states, to a max depth of 3
               0.00 seconds total time

