
ff: parsing domain file
domain 'SATELLITE' defined
 ... done.
ff: parsing problem file
problem 'PROBNAME' defined
 ... done.



Cueing down from goal distance:    8 into depth [1][2]
                                   7            [1]
                                   6            [1]
                                   5            [1]
                                   4            [1][2]
                                   3            [1]
                                   2            [1]
                                   1            [1]
                                   0            

ff: found legal plan as follows

step    0: TURN_TO SAT000 DIR001 DIR000
        1: SWITCH_ON INST000-001 SAT000
        2: CALIBRATE SAT000 INST000-001 DIR001
        3: TAKE_IMAGE SAT000 DIR001 INST000-001 MODE000
        4: SWITCH_ON INST001-000 SAT001
        5: TURN_TO SAT001 DIR001 DIR000
        6: CALIBRATE SAT001 INST001-000 DIR001
        7: TAKE_IMAGE SAT001 DIR001 INST001-000 MODE002
        8: TURN_TO SAT001 DIR000 DIR001
        9: TAKE_IMAGE SAT001 DIR000 INST001-000 MODE002
     

time spent:    0.00 seconds instantiating 60 easy, 0 hard action templates
               0.00 seconds reachability analysis, yielding 42 facts and 60 actions
               0.00 seconds creating final representation with 42 relevant facts
               0.00 seconds building connectivity graph
               0.00 seconds searching, evaluating 15 states, to a max depth of 2
               0.00 seconds total time

