
ff: parsing domain file
domain 'SATELLITE' defined
 ... done.
ff: parsing problem file
problem 'PROBNAME' defined
 ... done.



Cueing down from goal distance:   22 into depth [1]
                                  21            [1]
                                  20            [1]
                                  19            [1]
                                  18            [1]
                                  17            [1]
                                  15            [1]
                                  14            [1]
                                  13            [1]
                                  12            [1]
                                  11            [1]
                                  10            [1]
                                   9            [1]
                                   8            [1]
                                   7            [1]
                                   6            [1][2]
                                   5            [1]
                                   4            [1]
                                   3            [1][2]
                                   2            [1]
                                   1            [1]
                                   0            

ff: found legal plan as follows

step    0: TURN_TO SAT000 DIR001 DIR003
        1: TURN_TO SAT001 DIR002 DIR001
        2: TURN_TO SAT000 DIR004 DIR001
        3: TURN_TO SAT002 DIR000 DIR004
        4: SWITCH_ON INST001-001 SAT001
        5: TURN_TO SAT003 DIR001 DIR004
        6: SWITCH_ON INST003-002 SAT003
        7: SWITCH_ON INST002-000 SAT002
        8: CALIBRATE SAT002 INST002-000 DIR000
        9: TAKE_IMAGE SAT002 DIR000 INST002-000 MODE001
       10: TURN_TO SAT002 DIR004 DIR000
       11: TAKE_IMAGE SAT002 DIR004 INST002-000 MODE001
       12: SWITCH_ON INST000-002 SAT000
       13: CALIBRATE SAT000 INST000-002 DIR004
       14: TAKE_IMAGE SAT000 DIR004 INST000-002 MODE003
       15: TURN_TO SAT001 DIR003 DIR002
       16: CALIBRATE SAT001 INST001-001 DIR003
       17: TURN_TO SAT001 DIR002 DIR003
       18: TAKE_IMAGE SAT001 DIR002 INST001-001 MODE002
       19: TURN_TO SAT003 DIR000 DIR001
       20: CALIBRATE SAT003 INST003-002 DIR000
       21: TURN_TO SAT003 DIR001 DIR000
       22: TAKE_IMAGE SAT003 DIR001 INST003-002 MODE000
     

time spent:    0.00 seconds instantiating 176 easy, 0 hard action templates
               0.00 seconds reachability analysis, yielding 80 facts and 176 actions
               0.00 seconds creating final representation with 80 relevant facts
               0.00 seconds building connectivity graph
               0.00 seconds searching, evaluating 48 states, to a max depth of 2
               0.00 seconds total time

