
ff: parsing domain file
domain 'SATELLITE' defined
 ... done.
ff: parsing problem file
problem 'PROBNAME' defined
 ... done.



Cueing down from goal distance:   14 into depth [1]
                                  13            [1]
                                  12            [1]
                                  11            [1]
                                  10            [1]
                                   9            [1]
                                   8            [1]
                                   7            [1]
                                   6            [1][2]
                                   5            [1]
                                   4            [1]
                                   3            [1][2]
                                   2            [1]
                                   1            [1]
                                   0            

ff: found legal plan as follows

step    0: TURN_TO SAT001 DIR004 DIR002
        1: SWITCH_ON INST002-000 SAT002
        2: SWITCH_ON INST003-002 SAT003
        3: SWITCH_ON INST001-000 SAT001
        4: CALIBRATE SAT001 INST001-000 DIR004
        5: TAKE_IMAGE SAT001 DIR004 INST001-000 MODE002
        6: TURN_TO SAT001 DIR001 DIR004
        7: TAKE_IMAGE SAT001 DIR001 INST001-000 MODE002
        8: TURN_TO SAT002 DIR004 DIR000
        9: CALIBRATE SAT002 INST002-000 DIR004
       10: TURN_TO SAT002 DIR000 DIR004
       11: TAKE_IMAGE SAT002 DIR000 INST002-000 MODE001
       12: TURN_TO SAT003 DIR002 DIR000
       13: CALIBRATE SAT003 INST003-002 DIR002
       14: TURN_TO SAT003 DIR000 DIR002
       15: TAKE_IMAGE SAT003 DIR000 INST003-002 MODE000
     

time spent:    0.00 seconds instantiating 236 easy, 0 hard action templates
               0.00 seconds reachability analysis, yielding 96 facts and 236 actions
               0.00 seconds creating final representation with 96 relevant facts
               0.00 seconds building connectivity graph
               0.00 seconds searching, evaluating 35 states, to a max depth of 2
               0.00 seconds total time

