
ff: parsing domain file
domain 'SATELLITE' defined
 ... done.
ff: parsing problem file
problem 'PROBNAME' defined
 ... done.



Cueing down from goal distance:   11 into depth [1]
                                  10            [1]
                                   9            [1]
                                   8            [1]
                                   7            [1][2]
                                   6            [1]
                                   5            [1]
                                   4            [1]
                                   3            [1]
                                   2            [1]
                                   1            [1]
                                   0            

ff: found legal plan as follows

step    0: SWITCH_ON INST001-001 SAT001
        1: SWITCH_ON INST000-001 SAT000
        2: CALIBRATE SAT000 INST000-001 DIR002
        3: TAKE_IMAGE SAT000 DIR002 INST000-001 MODE003
        4: TURN_TO SAT001 DIR001 DIR004
        5: CALIBRATE SAT001 INST001-001 DIR001
        6: TURN_TO SAT001 DIR004 DIR001
        7: TAKE_IMAGE SAT001 DIR004 INST001-001 MODE000
        8: TURN_TO SAT001 DIR003 DIR004
        9: TAKE_IMAGE SAT001 DIR003 INST001-001 MODE000
       10: TURN_TO SAT001 DIR002 DIR003
       11: TAKE_IMAGE SAT001 DIR002 INST001-001 MODE000
     

time spent:    0.00 seconds instantiating 192 easy, 0 hard action templates
               0.00 seconds reachability analysis, yielding 91 facts and 192 actions
               0.00 seconds creating final representation with 91 relevant facts
               0.00 seconds building connectivity graph
               0.00 seconds searching, evaluating 22 states, to a max depth of 2
               0.00 seconds total time

