
ff: parsing domain file
domain 'SATELLITE' defined
 ... done.
ff: parsing problem file
problem 'PROBNAME' defined
 ... done.



Cueing down from goal distance:   14 into depth [1][2][3]
                                  13            [1]
                                  12            [1]
                                  11            [1]
                                  10            [1][2]
                                   9            [1]
                                   8            [1]
                                   7            [1]
                                   6            [1]
                                   5            [1]
                                   4            [1][2]
                                   3            [1]
                                   2            [1]
                                   1            [1]
                                   0            

ff: found legal plan as follows

step    0: TURN_TO SAT000 DIR000 DIR001
        1: SWITCH_ON INST000-001 SAT000
        2: CALIBRATE SAT000 INST000-001 DIR000
        3: TURN_TO SAT000 DIR002 DIR000
        4: TAKE_IMAGE SAT000 DIR002 INST000-001 MODE002
        5: TURN_TO SAT001 DIR003 DIR004
        6: SWITCH_ON INST001-000 SAT001
        7: SWITCH_ON INST002-000 SAT002
        8: CALIBRATE SAT002 INST002-000 DIR004
        9: TURN_TO SAT002 DIR001 DIR004
       10: TAKE_IMAGE SAT002 DIR001 INST002-000 MODE001
       11: TURN_TO SAT002 DIR002 DIR001
       12: TAKE_IMAGE SAT002 DIR002 INST002-000 MODE001
       13: TURN_TO SAT001 DIR001 DIR003
       14: CALIBRATE SAT001 INST001-000 DIR001
       15: TAKE_IMAGE SAT001 DIR001 INST001-000 MODE000
       16: TURN_TO SAT001 DIR003 DIR001
       17: TAKE_IMAGE SAT001 DIR003 INST001-000 MODE000
     

time spent:    0.00 seconds instantiating 148 easy, 0 hard action templates
               0.00 seconds reachability analysis, yielding 66 facts and 148 actions
               0.00 seconds creating final representation with 66 relevant facts
               0.00 seconds building connectivity graph
               0.00 seconds searching, evaluating 70 states, to a max depth of 3
               0.00 seconds total time

