
ff: parsing domain file
domain 'SATELLITE' defined
 ... done.
ff: parsing problem file
problem 'PROBNAME' defined
 ... done.



Cueing down from goal distance:    9 into depth [1]
                                   6            [1]
                                   5            [1]
                                   4            [1]
                                   3            [1]
                                   2            [1]
                                   1            [1]
                                   0            

ff: found legal plan as follows

step    0: SWITCH_ON INST004-000 SAT004
        1: CALIBRATE SAT004 INST004-000 DIR002
        2: TAKE_IMAGE SAT004 DIR002 INST004-000 MODE001
        3: TURN_TO SAT004 DIR000 DIR002
        4: TAKE_IMAGE SAT004 DIR000 INST004-000 MODE001
        5: TURN_TO SAT004 DIR003 DIR000
        6: TAKE_IMAGE SAT004 DIR003 INST004-000 MODE001
     

time spent:    0.00 seconds instantiating 191 easy, 0 hard action templates
               0.00 seconds reachability analysis, yielding 93 facts and 191 actions
               0.00 seconds creating final representation with 93 relevant facts
               0.00 seconds building connectivity graph
               0.00 seconds searching, evaluating 11 states, to a max depth of 1
               0.00 seconds total time

