
ff: parsing domain file
domain 'SATELLITE' defined
 ... done.
ff: parsing problem file
problem 'PROBNAME' defined
 ... done.



Cueing down from goal distance:   13 into depth [1][2][3]
                                  12            [1]
                                  11            [1][2][3]
                                  10            [1]
                                   9            [1]
                                   8            [1]
                                   7            [1]
                                   6            [1]
                                   5            [1]
                                   4            [1][2]
                                   3            [1]
                                   2            [1]
                                   1            [1]
                                   0            

ff: found legal plan as follows

step    0: TURN_TO SAT000 DIR002 DIR003
        1: SWITCH_ON INST000-002 SAT000
        2: CALIBRATE SAT000 INST000-002 DIR002
        3: TAKE_IMAGE SAT000 DIR002 INST000-002 MODE002
        4: SWITCH_ON INST001-000 SAT001
        5: SWITCH_OFF INST000-002 SAT000
        6: CALIBRATE SAT001 INST001-000 DIR000
        7: TURN_TO SAT001 DIR003 DIR000
        8: TAKE_IMAGE SAT001 DIR003 INST001-000 MODE001
        9: TURN_TO SAT001 DIR004 DIR003
       10: TAKE_IMAGE SAT001 DIR004 INST001-000 MODE001
       11: TURN_TO SAT000 DIR004 DIR002
       12: SWITCH_ON INST000-001 SAT000
       13: TURN_TO SAT000 DIR003 DIR004
       14: CALIBRATE SAT000 INST000-001 DIR003
       15: TAKE_IMAGE SAT000 DIR003 INST000-001 MODE000
       16: TURN_TO SAT000 DIR004 DIR003
       17: TAKE_IMAGE SAT000 DIR004 INST000-001 MODE000
     

time spent:    0.00 seconds instantiating 104 easy, 0 hard action templates
               0.00 seconds reachability analysis, yielding 51 facts and 104 actions
               0.00 seconds creating final representation with 51 relevant facts
               0.00 seconds building connectivity graph
               0.00 seconds searching, evaluating 91 states, to a max depth of 3
               0.00 seconds total time

