
ff: parsing domain file
domain 'SATELLITE' defined
 ... done.
ff: parsing problem file
problem 'PROBNAME' defined
 ... done.



Cueing down from goal distance:   15 into depth [1]
                                  14            [1]
                                  13            [1]
                                  12            [1]
                                  11            [1]
                                  10            [1]
                                   9            [1][2]
                                   8            [1]
                                   7            [1]
                                   6            [1]
                                   5            [1]
                                   4            [1][2]
                                   3            [1]
                                   2            [1]
                                   1            [1]
                                   0            

ff: found legal plan as follows

step    0: SWITCH_ON INST001-001 SAT001
        1: SWITCH_ON INST000-001 SAT000
        2: SWITCH_ON INST002-000 SAT002
        3: CALIBRATE SAT002 INST002-000 DIR004
        4: TURN_TO SAT002 DIR001 DIR004
        5: TAKE_IMAGE SAT002 DIR001 INST002-000 MODE002
        6: TURN_TO SAT000 DIR002 DIR000
        7: CALIBRATE SAT000 INST000-001 DIR002
        8: TURN_TO SAT000 DIR000 DIR002
        9: TAKE_IMAGE SAT000 DIR000 INST000-001 MODE001
       10: TURN_TO SAT000 DIR003 DIR000
       11: TAKE_IMAGE SAT000 DIR003 INST000-001 MODE001
       12: TURN_TO SAT001 DIR001 DIR000
       13: CALIBRATE SAT001 INST001-001 DIR001
       14: TAKE_IMAGE SAT001 DIR001 INST001-001 MODE004
       15: TURN_TO SAT001 DIR000 DIR001
       16: TAKE_IMAGE SAT001 DIR000 INST001-001 MODE004
     

time spent:    0.00 seconds instantiating 148 easy, 0 hard action templates
               0.00 seconds reachability analysis, yielding 76 facts and 148 actions
               0.00 seconds creating final representation with 76 relevant facts
               0.00 seconds building connectivity graph
               0.00 seconds searching, evaluating 34 states, to a max depth of 2
               0.00 seconds total time

