
ff: parsing domain file
domain 'SATELLITE' defined
 ... done.
ff: parsing problem file
problem 'PROBNAME' defined
 ... done.



Cueing down from goal distance:   12 into depth [1]
                                  11            [1][2][3]
                                  10            [1][2][3]
                                   9            [1]
                                   8            [1]
                                   7            [1][2][3]
                                   6            [1]
                                   5            [1]
                                   4            [1]
                                   3            [1]
                                   2            [1][2][3][4]
                                   1            [1]
                                   0            

ff: found legal plan as follows

step    0: TURN_TO SAT000 DIR003 DIR001
        1: SWITCH_ON INST000-001 SAT000
        2: CALIBRATE SAT000 INST000-001 DIR003
        3: SWITCH_OFF INST000-001 SAT000
        4: TURN_TO SAT000 DIR004 DIR003
        5: SWITCH_ON INST000-002 SAT000
        6: CALIBRATE SAT000 INST000-002 DIR004
        7: TAKE_IMAGE SAT000 DIR004 INST000-002 MODE003
        8: SWITCH_OFF INST000-002 SAT000
        9: TURN_TO SAT000 DIR003 DIR004
       10: SWITCH_ON INST000-000 SAT000
       11: CALIBRATE SAT000 INST000-000 DIR003
       12: TURN_TO SAT000 DIR002 DIR003
       13: TAKE_IMAGE SAT000 DIR002 INST000-000 MODE001
       14: SWITCH_OFF INST000-000 SAT000
       15: TURN_TO SAT000 DIR004 DIR002
       16: SWITCH_ON INST000-001 SAT000
       17: TURN_TO SAT000 DIR003 DIR004
       18: CALIBRATE SAT000 INST000-001 DIR003
       19: TURN_TO SAT000 DIR004 DIR003
       20: TAKE_IMAGE SAT000 DIR004 INST000-001 MODE002
     

time spent:    0.00 seconds instantiating 219 easy, 0 hard action templates
               0.00 seconds reachability analysis, yielding 85 facts and 219 actions
               0.00 seconds creating final representation with 85 relevant facts
               0.00 seconds building connectivity graph
               0.00 seconds searching, evaluating 135 states, to a max depth of 4
               0.00 seconds total time

