
ff: parsing domain file
domain 'SATELLITE' defined
 ... done.
ff: parsing problem file
problem 'PROBNAME' defined
 ... done.



Cueing down from goal distance:   17 into depth [1]
                                  16            [1][2]
                                  15            [1]
                                  14            [1]
                                  13            [1]
                                  12            [1][2]
                                  11            [1]
                                  10            [1]
                                   9            [1]
                                   8            [1][2][3]
                                   7            [1]
                                   6            [1]
                                   5            [1]
                                   4            [1]
                                   3            [1]
                                   2            [1]
                                   1            [1]
                                   0            

ff: found legal plan as follows

step    0: TURN_TO SAT002 DIR001 DIR004
        1: SWITCH_ON INST000-002 SAT000
        2: TURN_TO SAT002 DIR002 DIR001
        3: SWITCH_ON INST002-000 SAT002
        4: CALIBRATE SAT002 INST002-000 DIR002
        5: TAKE_IMAGE SAT002 DIR002 INST002-000 MODE000
        6: TURN_TO SAT000 DIR004 DIR001
        7: CALIBRATE SAT000 INST000-002 DIR004
        8: TAKE_IMAGE SAT000 DIR004 INST000-002 MODE001
        9: TURN_TO SAT000 DIR001 DIR004
       10: TAKE_IMAGE SAT000 DIR001 INST000-002 MODE001
       11: SWITCH_ON INST001-002 SAT001
       12: SWITCH_OFF INST000-002 SAT000
       13: TURN_TO SAT000 DIR000 DIR001
       14: CALIBRATE SAT001 INST001-002 DIR003
       15: TURN_TO SAT001 DIR004 DIR003
       16: TAKE_IMAGE SAT001 DIR004 INST001-002 MODE003
       17: SWITCH_ON INST000-001 SAT000
       18: CALIBRATE SAT000 INST000-001 DIR000
       19: TURN_TO SAT000 DIR004 DIR000
       20: TAKE_IMAGE SAT000 DIR004 INST000-001 MODE002
     

time spent:    0.00 seconds instantiating 180 easy, 0 hard action templates
               0.00 seconds reachability analysis, yielding 88 facts and 180 actions
               0.00 seconds creating final representation with 88 relevant facts
               0.00 seconds building connectivity graph
               0.00 seconds searching, evaluating 88 states, to a max depth of 3
               0.00 seconds total time

