
ff: parsing domain file
domain 'SATELLITE' defined
 ... done.
ff: parsing problem file
problem 'PROBNAME' defined
 ... done.



Cueing down from goal distance:    7 into depth [1]
                                   6            [1]
                                   5            [1]
                                   4            [1]
                                   3            [1][2]
                                   2            [1]
                                   1            [1]
                                   0            

ff: found legal plan as follows

step    0: SWITCH_ON INST004-001 SAT004
        1: CALIBRATE SAT004 INST004-001 DIR002
        2: TAKE_IMAGE SAT004 DIR002 INST004-001 MODE003
        3: SWITCH_ON INST000-002 SAT000
        4: TURN_TO SAT000 DIR002 DIR000
        5: CALIBRATE SAT000 INST000-002 DIR002
        6: TURN_TO SAT000 DIR000 DIR002
        7: TAKE_IMAGE SAT000 DIR000 INST000-002 MODE001
     

time spent:    0.00 seconds instantiating 120 easy, 0 hard action templates
               0.00 seconds reachability analysis, yielding 77 facts and 120 actions
               0.00 seconds creating final representation with 77 relevant facts
               0.00 seconds building connectivity graph
               0.00 seconds searching, evaluating 12 states, to a max depth of 2
               0.00 seconds total time

