
ff: parsing domain file
domain 'SATELLITE' defined
 ... done.
ff: parsing problem file
problem 'PROBNAME' defined
 ... done.



Cueing down from goal distance:   16 into depth [1]
                                  15            [1]
                                  14            [1][2]
                                  13            [1]
                                  12            [1]
                                  11            [1][2]
                                  10            [1]
                                   9            [1]
                                   8            [1][2]
                                   7            [1]
                                   6            [1]
                                   5            [1]
                                   4            [1]
                                   3            [1]
                                   2            [1]
                                   1            [1]
                                   0            

ff: found legal plan as follows

step    0: SWITCH_ON INST002-000 SAT002
        1: SWITCH_ON INST003-000 SAT003
        2: TURN_TO SAT002 DIR003 DIR004
        3: CALIBRATE SAT002 INST002-000 DIR003
        4: TURN_TO SAT002 DIR004 DIR003
        5: TAKE_IMAGE SAT002 DIR004 INST002-000 MODE000
        6: TURN_TO SAT003 DIR001 DIR003
        7: CALIBRATE SAT003 INST003-000 DIR001
        8: TURN_TO SAT003 DIR003 DIR001
        9: TAKE_IMAGE SAT003 DIR003 INST003-000 MODE002
       10: SWITCH_ON INST001-000 SAT001
       11: TURN_TO SAT005 DIR004 DIR000
       12: CALIBRATE SAT001 INST001-000 DIR001
       13: TURN_TO SAT001 DIR004 DIR001
       14: TAKE_IMAGE SAT001 DIR004 INST001-000 MODE003
       15: SWITCH_ON INST005-002 SAT005
       16: CALIBRATE SAT005 INST005-002 DIR004
       17: TURN_TO SAT005 DIR001 DIR004
       18: TAKE_IMAGE SAT005 DIR001 INST005-002 MODE004
     

time spent:    0.00 seconds instantiating 256 easy, 0 hard action templates
               0.00 seconds reachability analysis, yielding 112 facts and 256 actions
               0.00 seconds creating final representation with 112 relevant facts
               0.00 seconds building connectivity graph
               0.00 seconds searching, evaluating 51 states, to a max depth of 2
               0.00 seconds total time

