
ff: parsing domain file
domain 'SATELLITE' defined
 ... done.
ff: parsing problem file
problem 'PROBNAME' defined
 ... done.



Cueing down from goal distance:   10 into depth [1]
                                   9            [1]
                                   8            [1]
                                   7            [1]
                                   6            [1]
                                   5            [1]
                                   4            [1]
                                   3            [1]
                                   2            [1]
                                   1            [1]
                                   0            

ff: found legal plan as follows

step    0: TURN_TO SAT000 DIR004 DIR005
        1: SWITCH_ON INST000-001 SAT000
        2: CALIBRATE SAT000 INST000-001 DIR004
        3: TURN_TO SAT000 DIR001 DIR004
        4: TAKE_IMAGE SAT000 DIR001 INST000-001 MODE003
        5: TURN_TO SAT000 DIR002 DIR001
        6: TAKE_IMAGE SAT000 DIR002 INST000-001 MODE003
        7: SWITCH_ON INST004-000 SAT004
        8: CALIBRATE SAT004 INST004-000 DIR002
        9: TAKE_IMAGE SAT004 DIR002 INST004-000 MODE002
     

time spent:    0.00 seconds instantiating 303 easy, 0 hard action templates
               0.00 seconds reachability analysis, yielding 110 facts and 303 actions
               0.00 seconds creating final representation with 110 relevant facts
               0.00 seconds building connectivity graph
               0.00 seconds searching, evaluating 14 states, to a max depth of 1
               0.00 seconds total time

