
ff: parsing domain file
domain 'SATELLITE' defined
 ... done.
ff: parsing problem file
problem 'PROBNAME' defined
 ... done.



Cueing down from goal distance:   19 into depth [1]
                                  14            [1]
                                  13            [1]
                                  12            [1]
                                  11            [1]
                                  10            [1]
                                   9            [1]
                                   8            [1]
                                   7            [1]
                                   6            [1]
                                   5            [1]
                                   4            [1]
                                   3            [1]
                                   2            [1]
                                   1            [1]
                                   0            

ff: found legal plan as follows

step    0: TURN_TO SAT002 DIR002 DIR004
        1: SWITCH_ON INST000-000 SAT000
        2: TURN_TO SAT000 DIR005 DIR001
        3: CALIBRATE SAT000 INST000-000 DIR005
        4: TURN_TO SAT000 DIR004 DIR005
        5: TAKE_IMAGE SAT000 DIR004 INST000-000 MODE001
        6: TURN_TO SAT000 DIR003 DIR004
        7: TAKE_IMAGE SAT000 DIR003 INST000-000 MODE001
        8: SWITCH_ON INST001-000 SAT001
        9: CALIBRATE SAT001 INST001-000 DIR000
       10: TAKE_IMAGE SAT001 DIR000 INST001-000 MODE000
       11: TURN_TO SAT001 DIR001 DIR000
       12: TAKE_IMAGE SAT001 DIR001 INST001-000 MODE000
       13: TURN_TO SAT001 DIR004 DIR001
       14: TAKE_IMAGE SAT001 DIR004 INST001-000 MODE000
     

time spent:    0.00 seconds instantiating 162 easy, 0 hard action templates
               0.00 seconds reachability analysis, yielding 57 facts and 162 actions
               0.00 seconds creating final representation with 57 relevant facts
               0.00 seconds building connectivity graph
               0.00 seconds searching, evaluating 23 states, to a max depth of 1
               0.00 seconds total time

