
ff: parsing domain file
domain 'SATELLITE' defined
 ... done.
ff: parsing problem file
problem 'PROBNAME' defined
 ... done.



Cueing down from goal distance:   12 into depth [1]
                                  11            [1]
                                  10            [1]
                                   9            [1]
                                   8            [1]
                                   7            [1][2]
                                   6            [1]
                                   5            [1]
                                   4            [1]
                                   3            [1]
                                   2            [1]
                                   1            [1]
                                   0            

ff: found legal plan as follows

step    0: TURN_TO SAT000 DIR000 DIR002
        1: SWITCH_ON INST001-000 SAT001
        2: CALIBRATE SAT001 INST001-000 DIR002
        3: TURN_TO SAT001 DIR000 DIR002
        4: TAKE_IMAGE SAT001 DIR000 INST001-000 MODE004
        5: TURN_TO SAT000 DIR001 DIR000
        6: SWITCH_ON INST000-001 SAT000
        7: CALIBRATE SAT000 INST000-001 DIR001
        8: TAKE_IMAGE SAT000 DIR001 INST000-001 MODE002
        9: TURN_TO SAT002 DIR000 DIR002
       10: SWITCH_ON INST002-002 SAT002
       11: CALIBRATE SAT002 INST002-002 DIR000
       12: TAKE_IMAGE SAT002 DIR000 INST002-002 MODE001
     

time spent:    0.00 seconds instantiating 120 easy, 0 hard action templates
               0.00 seconds reachability analysis, yielding 71 facts and 120 actions
               0.00 seconds creating final representation with 71 relevant facts
               0.00 seconds building connectivity graph
               0.00 seconds searching, evaluating 21 states, to a max depth of 2
               0.00 seconds total time

