
ff: parsing domain file
domain 'SATELLITE' defined
 ... done.
ff: parsing problem file
problem 'PROBNAME' defined
 ... done.



Cueing down from goal distance:   13 into depth [1]
                                  11            [1][2]
                                  10            [1]
                                   9            [1]
                                   8            [1]
                                   7            [1]
                                   6            [1]
                                   5            [1]
                                   4            [1]
                                   3            [1]
                                   2            [1]
                                   1            [1]
                                   0            

ff: found legal plan as follows

step    0: TURN_TO SAT001 DIR001 DIR005
        1: TURN_TO SAT000 DIR001 DIR002
        2: SWITCH_ON INST000-001 SAT000
        3: CALIBRATE SAT000 INST000-001 DIR001
        4: TAKE_IMAGE SAT000 DIR001 INST000-001 MODE001
        5: SWITCH_ON INST001-000 SAT001
        6: CALIBRATE SAT001 INST001-000 DIR001
        7: TURN_TO SAT001 DIR005 DIR001
        8: TAKE_IMAGE SAT001 DIR005 INST001-000 MODE000
        9: TURN_TO SAT001 DIR002 DIR005
       10: TAKE_IMAGE SAT001 DIR002 INST001-000 MODE000
       11: TURN_TO SAT001 DIR003 DIR002
       12: TAKE_IMAGE SAT001 DIR003 INST001-000 MODE000
     

time spent:    0.00 seconds instantiating 123 easy, 0 hard action templates
               0.00 seconds reachability analysis, yielding 47 facts and 123 actions
               0.00 seconds creating final representation with 47 relevant facts
               0.00 seconds building connectivity graph
               0.00 seconds searching, evaluating 23 states, to a max depth of 2
               0.00 seconds total time

