
ff: parsing domain file
domain 'SATELLITE' defined
 ... done.
ff: parsing problem file
problem 'PROBNAME' defined
 ... done.



Cueing down from goal distance:   16 into depth [1]
                                  15            [1]
                                  14            [1]
                                  13            [1]
                                  12            [1]
                                  11            [1]
                                  10            [1]
                                   9            [1][2][3]
                                   8            [1][2]
                                   7            [1]
                                   6            [1]
                                   5            [1]
                                   4            [1]
                                   3            [1][2]
                                   2            [1]
                                   1            [1]
                                   0            

ff: found legal plan as follows

step    0: TURN_TO SAT001 DIR000 DIR003
        1: SWITCH_ON INST001-000 SAT001
        2: CALIBRATE SAT001 INST001-000 DIR000
        3: TURN_TO SAT001 DIR002 DIR000
        4: TAKE_IMAGE SAT001 DIR002 INST001-000 MODE003
        5: TURN_TO SAT001 DIR001 DIR002
        6: TAKE_IMAGE SAT001 DIR001 INST001-000 MODE003
        7: TURN_TO SAT000 DIR001 DIR000
        8: SWITCH_ON INST000-000 SAT000
        9: CALIBRATE SAT000 INST000-000 DIR001
       10: TURN_TO SAT000 DIR000 DIR001
       11: TAKE_IMAGE SAT000 DIR000 INST000-000 MODE002
       12: SWITCH_OFF INST001-000 SAT001
       13: TURN_TO SAT000 DIR003 DIR000
       14: TAKE_IMAGE SAT000 DIR003 INST000-000 MODE002
       15: SWITCH_ON INST001-003 SAT001
       16: TURN_TO SAT001 DIR000 DIR001
       17: CALIBRATE SAT001 INST001-003 DIR000
       18: TURN_TO SAT001 DIR001 DIR000
       19: TAKE_IMAGE SAT001 DIR001 INST001-003 MODE000
     

time spent:    0.00 seconds instantiating 73 easy, 0 hard action templates
               0.00 seconds reachability analysis, yielding 47 facts and 73 actions
               0.00 seconds creating final representation with 47 relevant facts
               0.00 seconds building connectivity graph
               0.00 seconds searching, evaluating 43 states, to a max depth of 3
               0.00 seconds total time

