
ff: parsing domain file
domain 'SATELLITE' defined
 ... done.
ff: parsing problem file
problem 'PROBNAME' defined
 ... done.



Cueing down from goal distance:   12 into depth [1]
                                   9            [1][2][3]
                                   8            [1]
                                   7            [1]
                                   6            [1]
                                   5            [1]
                                   4            [1]
                                   3            [1]
                                   2            [1]
                                   1            [1]
                                   0            

ff: found legal plan as follows

step    0: TURN_TO SAT005 DIR001 DIR004
        1: TURN_TO SAT000 DIR004 DIR000
        2: SWITCH_ON INST000-000 SAT000
        3: CALIBRATE SAT000 INST000-000 DIR004
        4: TURN_TO SAT000 DIR002 DIR004
        5: TAKE_IMAGE SAT000 DIR002 INST000-000 MODE002
        6: SWITCH_ON INST005-004 SAT005
        7: CALIBRATE SAT005 INST005-004 DIR001
        8: TURN_TO SAT005 DIR004 DIR001
        9: TAKE_IMAGE SAT005 DIR004 INST005-004 MODE003
       10: TURN_TO SAT005 DIR002 DIR004
       11: TAKE_IMAGE SAT005 DIR002 INST005-004 MODE003
     

time spent:    0.00 seconds instantiating 280 easy, 0 hard action templates
               0.00 seconds reachability analysis, yielding 121 facts and 280 actions
               0.00 seconds creating final representation with 121 relevant facts
               0.00 seconds building connectivity graph
               0.00 seconds searching, evaluating 32 states, to a max depth of 3
               0.00 seconds total time

