
ff: parsing domain file
domain 'SATELLITE' defined
 ... done.
ff: parsing problem file
problem 'PROBNAME' defined
 ... done.



Cueing down from goal distance:   13 into depth [1]
                                  12            [1]
                                  11            [1]
                                  10            [1]
                                   9            [1]
                                   8            [1]
                                   7            [1][2]
                                   6            [1]
                                   5            [1]
                                   4            [1]
                                   3            [1]
                                   2            [1]
                                   1            [1]
                                   0            

ff: found legal plan as follows

step    0: TURN_TO SAT002 DIR000 DIR002
        1: TURN_TO SAT000 DIR002 DIR000
        2: SWITCH_ON INST001-001 SAT001
        3: CALIBRATE SAT001 INST001-001 DIR000
        4: TURN_TO SAT001 DIR002 DIR000
        5: TAKE_IMAGE SAT001 DIR002 INST001-001 MODE000
        6: SWITCH_ON INST002-002 SAT002
        7: CALIBRATE SAT002 INST002-002 DIR000
        8: TAKE_IMAGE SAT002 DIR000 INST002-002 MODE004
        9: SWITCH_OFF INST002-002 SAT002
       10: SWITCH_ON INST002-001 SAT002
       11: CALIBRATE SAT002 INST002-001 DIR000
       12: TURN_TO SAT002 DIR001 DIR000
       13: TAKE_IMAGE SAT002 DIR001 INST002-001 MODE001
     

time spent:    0.00 seconds instantiating 54 easy, 0 hard action templates
               0.00 seconds reachability analysis, yielding 45 facts and 54 actions
               0.00 seconds creating final representation with 45 relevant facts
               0.00 seconds building connectivity graph
               0.00 seconds searching, evaluating 24 states, to a max depth of 2
               0.00 seconds total time

