
ff: parsing domain file
domain 'SATELLITE' defined
 ... done.
ff: parsing problem file
problem 'PROBNAME' defined
 ... done.



Cueing down from goal distance:   19 into depth [1]
                                  18            [1]
                                  17            [1]
                                  16            [1]
                                  15            [1]
                                  14            [1]
                                  13            [1]
                                  12            [1]
                                  11            [1][2]
                                  10            [1]
                                   9            [1]
                                   8            [1]
                                   7            [1]
                                   6            [1]
                                   5            [1]
                                   4            [1]
                                   3            [1][2]
                                   2            [1]
                                   1            [1]
                                   0            

ff: found legal plan as follows

step    0: TURN_TO SAT004 DIR001 DIR002
        1: TURN_TO SAT001 DIR001 DIR002
        2: TURN_TO SAT000 DIR004 DIR003
        3: SWITCH_ON INST000-000 SAT000
        4: CALIBRATE SAT000 INST000-000 DIR004
        5: TAKE_IMAGE SAT000 DIR004 INST000-000 MODE000
        6: TURN_TO SAT000 DIR002 DIR004
        7: TAKE_IMAGE SAT000 DIR002 INST000-000 MODE000
        8: SWITCH_ON INST001-002 SAT001
        9: CALIBRATE SAT001 INST001-002 DIR001
       10: TURN_TO SAT001 DIR003 DIR001
       11: TAKE_IMAGE SAT001 DIR003 INST001-002 MODE003
       12: SWITCH_ON INST004-000 SAT004
       13: SWITCH_ON INST002-003 SAT002
       14: CALIBRATE SAT002 INST002-003 DIR001
       15: TURN_TO SAT002 DIR003 DIR001
       16: TAKE_IMAGE SAT002 DIR003 INST002-003 MODE001
       17: TURN_TO SAT004 DIR004 DIR001
       18: CALIBRATE SAT004 INST004-000 DIR004
       19: TURN_TO SAT004 DIR001 DIR004
       20: TAKE_IMAGE SAT004 DIR001 INST004-000 MODE002
     

time spent:    0.00 seconds instantiating 321 easy, 0 hard action templates
               0.00 seconds reachability analysis, yielding 116 facts and 321 actions
               0.00 seconds creating final representation with 116 relevant facts
               0.00 seconds building connectivity graph
               0.00 seconds searching, evaluating 50 states, to a max depth of 2
               0.00 seconds total time

