
ff: parsing domain file
domain 'SATELLITE' defined
 ... done.
ff: parsing problem file
problem 'PROBNAME' defined
 ... done.



Cueing down from goal distance:   21 into depth [1]
                                  20            [1]
                                  18            [1]
                                  17            [1]
                                  16            [1][2]
                                  15            [1]
                                  14            [1]
                                  13            [1][2]
                                  12            [1]
                                  11            [1]
                                  10            [1]
                                   9            [1]
                                   8            [1][2]
                                   7            [1]
                                   6            [1]
                                   5            [1]
                                   4            [1]
                                   3            [1]
                                   2            [1]
                                   1            [1]
                                   0            

ff: found legal plan as follows

step    0: TURN_TO SAT000 DIR003 DIR004
        1: TURN_TO SAT004 DIR000 DIR004
        2: SWITCH_ON INST004-001 SAT004
        3: SWITCH_ON INST000-001 SAT000
        4: TURN_TO SAT004 DIR001 DIR000
        5: CALIBRATE SAT004 INST004-001 DIR001
        6: TURN_TO SAT004 DIR000 DIR001
        7: TAKE_IMAGE SAT004 DIR000 INST004-001 MODE000
        8: TURN_TO SAT000 DIR002 DIR003
        9: CALIBRATE SAT000 INST000-001 DIR002
       10: TURN_TO SAT000 DIR004 DIR002
       11: TAKE_IMAGE SAT000 DIR004 INST000-001 MODE003
       12: TURN_TO SAT000 DIR003 DIR004
       13: TAKE_IMAGE SAT000 DIR003 INST000-001 MODE003
       14: TURN_TO SAT001 DIR001 DIR002
       15: SWITCH_ON INST001-004 SAT001
       16: TURN_TO SAT003 DIR004 DIR003
       17: CALIBRATE SAT001 INST001-004 DIR001
       18: TAKE_IMAGE SAT001 DIR001 INST001-004 MODE001
       19: SWITCH_ON INST003-002 SAT003
       20: CALIBRATE SAT003 INST003-002 DIR004
       21: TURN_TO SAT003 DIR002 DIR004
       22: TAKE_IMAGE SAT003 DIR002 INST003-002 MODE004
     

time spent:    0.00 seconds instantiating 244 easy, 0 hard action templates
               0.00 seconds reachability analysis, yielding 109 facts and 244 actions
               0.00 seconds creating final representation with 109 relevant facts
               0.00 seconds building connectivity graph
               0.00 seconds searching, evaluating 58 states, to a max depth of 2
               0.00 seconds total time

