
ff: parsing domain file
domain 'SATELLITE' defined
 ... done.
ff: parsing problem file
problem 'PROBNAME' defined
 ... done.



Cueing down from goal distance:   17 into depth [1][2]
                                  16            [1]
                                  15            [1]
                                  14            [1]
                                  13            [1]
                                  12            [1][2][3]
                                  11            [1]
                                  10            [1]
                                   9            [1]
                                   8            [1][2]
                                   7            [1]
                                   6            [1][2]
                                   5            [1]
                                   4            [1]
                                   3            [1][2]
                                   2            [1]
                                   1            [1]
                                   0            

ff: found legal plan as follows

step    0: SWITCH_ON INST000-001 SAT000
        1: TURN_TO SAT001 DIR005 DIR001
        2: CALIBRATE SAT000 INST000-001 DIR001
        3: TAKE_IMAGE SAT000 DIR001 INST000-001 MODE003
        4: TURN_TO SAT000 DIR004 DIR001
        5: TAKE_IMAGE SAT000 DIR004 INST000-001 MODE003
        6: SWITCH_ON INST001-002 SAT001
        7: SWITCH_OFF INST000-001 SAT000
        8: TURN_TO SAT000 DIR001 DIR004
        9: CALIBRATE SAT001 INST001-002 DIR005
       10: TURN_TO SAT001 DIR002 DIR005
       11: TAKE_IMAGE SAT001 DIR002 INST001-002 MODE002
       12: SWITCH_ON INST000-003 SAT000
       13: CALIBRATE SAT000 INST000-003 DIR001
       14: TURN_TO SAT000 DIR003 DIR001
       15: TURN_TO SAT000 DIR000 DIR003
       16: TAKE_IMAGE SAT000 DIR000 INST000-003 MODE001
       17: SWITCH_OFF INST000-003 SAT000
       18: SWITCH_ON INST000-000 SAT000
       19: TURN_TO SAT000 DIR003 DIR000
       20: CALIBRATE SAT000 INST000-000 DIR003
       21: TURN_TO SAT000 DIR000 DIR003
       22: TAKE_IMAGE SAT000 DIR000 INST000-000 MODE000
     

time spent:    0.00 seconds instantiating 150 easy, 0 hard action templates
               0.00 seconds reachability analysis, yielding 68 facts and 150 actions
               0.00 seconds creating final representation with 68 relevant facts
               0.00 seconds building connectivity graph
               0.00 seconds searching, evaluating 136 states, to a max depth of 3
               0.00 seconds total time

