
ff: parsing domain file
domain 'SATELLITE' defined
 ... done.
ff: parsing problem file
problem 'PROBNAME' defined
 ... done.



Cueing down from goal distance:    9 into depth [1]
                                   8            [1]
                                   7            [1]
                                   6            [1]
                                   5            [1]
                                   4            [1]
                                   3            [1]
                                   2            [1]
                                   1            [1]
                                   0            

ff: found legal plan as follows

step    0: TURN_TO SAT002 DIR000 DIR001
        1: TURN_TO SAT000 DIR000 DIR001
        2: SWITCH_ON INST002-000 SAT002
        3: CALIBRATE SAT002 INST002-000 DIR000
        4: TURN_TO SAT002 DIR005 DIR000
        5: TAKE_IMAGE SAT002 DIR005 INST002-000 MODE002
        6: SWITCH_ON INST000-000 SAT000
        7: CALIBRATE SAT000 INST000-000 DIR000
        8: TAKE_IMAGE SAT000 DIR000 INST000-000 MODE001
     

time spent:    0.00 seconds instantiating 144 easy, 0 hard action templates
               0.00 seconds reachability analysis, yielding 57 facts and 144 actions
               0.00 seconds creating final representation with 57 relevant facts
               0.00 seconds building connectivity graph
               0.00 seconds searching, evaluating 12 states, to a max depth of 1
               0.00 seconds total time

