
ff: parsing domain file
domain 'SATELLITE' defined
 ... done.
ff: parsing problem file
problem 'PROBNAME' defined
 ... done.



Cueing down from goal distance:   14 into depth [1]
                                  13            [1]
                                  12            [1]
                                  11            [1]
                                  10            [1]
                                   9            [1]
                                   8            [1]
                                   7            [1]
                                   6            [1]
                                   5            [1]
                                   4            [1]
                                   3            [1][2]
                                   2            [1]
                                   1            [1]
                                   0            

ff: found legal plan as follows

step    0: TURN_TO SAT002 DIR002 DIR001
        1: SWITCH_ON INST000-002 SAT000
        2: SWITCH_ON INST002-000 SAT002
        3: CALIBRATE SAT002 INST002-000 DIR002
        4: TURN_TO SAT002 DIR000 DIR002
        5: TAKE_IMAGE SAT002 DIR000 INST002-000 MODE003
        6: SWITCH_ON INST001-000 SAT001
        7: CALIBRATE SAT001 INST001-000 DIR002
        8: TAKE_IMAGE SAT001 DIR002 INST001-000 MODE002
        9: TURN_TO SAT001 DIR000 DIR002
       10: TAKE_IMAGE SAT001 DIR000 INST001-000 MODE002
       11: TURN_TO SAT000 DIR001 DIR000
       12: CALIBRATE SAT000 INST000-002 DIR001
       13: TURN_TO SAT000 DIR000 DIR001
       14: TAKE_IMAGE SAT000 DIR000 INST000-002 MODE004
     

time spent:    0.00 seconds instantiating 72 easy, 0 hard action templates
               0.00 seconds reachability analysis, yielding 55 facts and 72 actions
               0.00 seconds creating final representation with 55 relevant facts
               0.00 seconds building connectivity graph
               0.00 seconds searching, evaluating 29 states, to a max depth of 2
               0.00 seconds total time

