
ff: parsing domain file
domain 'SATELLITE' defined
 ... done.
ff: parsing problem file
problem 'PROBNAME' defined
 ... done.



Cueing down from goal distance:    8 into depth [1][2]
                                   7            [1]
                                   6            [1]
                                   5            [1]
                                   4            [1]
                                   3            [1]
                                   2            [1]
                                   1            [1]
                                   0            

ff: found legal plan as follows

step    0: SWITCH_ON INST000-004 SAT000
        1: CALIBRATE SAT000 INST000-004 DIR004
        2: TAKE_IMAGE SAT000 DIR004 INST000-004 MODE002
        3: SWITCH_OFF INST000-004 SAT000
        4: TURN_TO SAT000 DIR003 DIR004
        5: SWITCH_ON INST000-002 SAT000
        6: CALIBRATE SAT000 INST000-002 DIR003
        7: TURN_TO SAT000 DIR001 DIR003
        8: TAKE_IMAGE SAT000 DIR001 INST000-002 MODE004
     

time spent:    0.00 seconds instantiating 114 easy, 0 hard action templates
               0.00 seconds reachability analysis, yielding 62 facts and 114 actions
               0.00 seconds creating final representation with 62 relevant facts
               0.00 seconds building connectivity graph
               0.00 seconds searching, evaluating 18 states, to a max depth of 2
               0.00 seconds total time

