
ff: parsing domain file
domain 'SATELLITE' defined
 ... done.
ff: parsing problem file
problem 'PROBNAME' defined
 ... done.



Cueing down from goal distance:   16 into depth [1]
                                  15            [1][2]
                                  14            [1]
                                  13            [1]
                                  12            [1][2][3]
                                  11            [1][2]
                                  10            [1]
                                   9            [1][2]
                                   8            [1]
                                   7            [1]
                                   6            [1][2]
                                   5            [1]
                                   4            [1]
                                   3            [1][2]
                                   2            [1]
                                   1            [1]
                                   0            

ff: found legal plan as follows

step    0: SWITCH_ON INST002-000 SAT002
        1: TURN_TO SAT002 DIR003 DIR001
        2: CALIBRATE SAT002 INST002-000 DIR003
        3: TURN_TO SAT002 DIR001 DIR003
        4: TAKE_IMAGE SAT002 DIR001 INST002-000 MODE003
        5: TURN_TO SAT001 DIR002 DIR000
        6: SWITCH_ON INST001-002 SAT001
        7: CALIBRATE SAT001 INST001-002 DIR002
        8: TURN_TO SAT001 DIR001 DIR002
        9: TAKE_IMAGE SAT001 DIR001 INST001-002 MODE000
       10: SWITCH_OFF INST001-002 SAT001
       11: SWITCH_ON INST001-000 SAT001
       12: CALIBRATE SAT001 INST001-000 DIR001
       13: TAKE_IMAGE SAT001 DIR001 INST001-000 MODE002
       14: TURN_TO SAT001 DIR002 DIR001
       15: TURN_TO SAT001 DIR000 DIR002
       16: TAKE_IMAGE SAT001 DIR000 INST001-000 MODE002
       17: SWITCH_OFF INST001-000 SAT001
       18: SWITCH_ON INST001-001 SAT001
       19: TURN_TO SAT001 DIR002 DIR000
       20: CALIBRATE SAT001 INST001-001 DIR002
       21: TURN_TO SAT001 DIR000 DIR002
       22: TAKE_IMAGE SAT001 DIR000 INST001-001 MODE004
     

time spent:    0.00 seconds instantiating 99 easy, 0 hard action templates
               0.00 seconds reachability analysis, yielding 62 facts and 99 actions
               0.00 seconds creating final representation with 62 relevant facts
               0.00 seconds building connectivity graph
               0.00 seconds searching, evaluating 71 states, to a max depth of 3
               0.00 seconds total time

