
ff: parsing domain file
domain 'SATELLITE' defined
 ... done.
ff: parsing problem file
problem 'PROBNAME' defined
 ... done.



Cueing down from goal distance:   14 into depth [1]
                                  12            [1]
                                  11            [1]
                                  10            [1]
                                   9            [1]
                                   8            [1]
                                   7            [1]
                                   6            [1][2]
                                   5            [1]
                                   4            [1]
                                   3            [1][2]
                                   2            [1]
                                   1            [1]
                                   0            

ff: found legal plan as follows

step    0: SWITCH_ON INST000-000 SAT000
        1: SWITCH_ON INST005-000 SAT005
        2: SWITCH_ON INST001-001 SAT001
        3: CALIBRATE SAT001 INST001-001 DIR001
        4: TAKE_IMAGE SAT001 DIR001 INST001-001 MODE002
        5: TURN_TO SAT001 DIR002 DIR001
        6: TAKE_IMAGE SAT001 DIR002 INST001-001 MODE002
        7: TURN_TO SAT000 DIR002 DIR000
        8: CALIBRATE SAT000 INST000-000 DIR002
        9: TURN_TO SAT000 DIR000 DIR002
       10: TAKE_IMAGE SAT000 DIR000 INST000-000 MODE000
       11: TURN_TO SAT005 DIR001 DIR002
       12: CALIBRATE SAT005 INST005-000 DIR001
       13: TURN_TO SAT005 DIR002 DIR001
       14: TAKE_IMAGE SAT005 DIR002 INST005-000 MODE001
     

time spent:    0.00 seconds instantiating 150 easy, 0 hard action templates
               0.00 seconds reachability analysis, yielding 90 facts and 150 actions
               0.00 seconds creating final representation with 90 relevant facts
               0.00 seconds building connectivity graph
               0.00 seconds searching, evaluating 31 states, to a max depth of 2
               0.00 seconds total time

