
ff: parsing domain file
domain 'SATELLITE' defined
 ... done.
ff: parsing problem file
problem 'PROBNAME' defined
 ... done.



Cueing down from goal distance:    8 into depth [1]
                                   7            [1][2]
                                   6            [1]
                                   5            [1]
                                   4            [1]
                                   3            [1]
                                   2            [1]
                                   1            [1]
                                   0            

ff: found legal plan as follows

step    0: TURN_TO SAT000 DIR003 DIR002
        1: SWITCH_ON INST000-003 SAT000
        2: CALIBRATE SAT000 INST000-003 DIR003
        3: TAKE_IMAGE SAT000 DIR003 INST000-003 MODE000
        4: SWITCH_OFF INST000-003 SAT000
        5: SWITCH_ON INST000-000 SAT000
        6: CALIBRATE SAT000 INST000-000 DIR003
        7: TURN_TO SAT000 DIR001 DIR003
        8: TAKE_IMAGE SAT000 DIR001 INST000-000 MODE001
     

time spent:    0.00 seconds instantiating 80 easy, 0 hard action templates
               0.00 seconds reachability analysis, yielding 50 facts and 80 actions
               0.00 seconds creating final representation with 50 relevant facts
               0.00 seconds building connectivity graph
               0.00 seconds searching, evaluating 15 states, to a max depth of 2
               0.00 seconds total time

