
ff: parsing domain file
domain 'SATELLITE' defined
 ... done.
ff: parsing problem file
problem 'PROBNAME' defined
 ... done.



Cueing down from goal distance:   16 into depth [1]
                                  14            [1]
                                  11            [1]
                                  10            [1]
                                   9            [1]
                                   8            [1]
                                   7            [1]
                                   6            [1][2]
                                   5            [1]
                                   4            [1]
                                   3            [1]
                                   2            [1]
                                   1            [1]
                                   0            

ff: found legal plan as follows

step    0: TURN_TO SAT002 DIR001 DIR000
        1: SWITCH_ON INST003-000 SAT003
        2: CALIBRATE SAT003 INST003-000 DIR000
        3: TAKE_IMAGE SAT003 DIR000 INST003-000 MODE000
        4: TURN_TO SAT003 DIR002 DIR000
        5: TAKE_IMAGE SAT003 DIR002 INST003-000 MODE000
        6: SWITCH_ON INST001-000 SAT001
        7: TURN_TO SAT001 DIR002 DIR001
        8: CALIBRATE SAT001 INST001-000 DIR002
        9: TAKE_IMAGE SAT001 DIR002 INST001-000 MODE001
       10: TURN_TO SAT001 DIR001 DIR002
       11: TAKE_IMAGE SAT001 DIR001 INST001-000 MODE001
       12: TURN_TO SAT001 DIR000 DIR001
       13: TAKE_IMAGE SAT001 DIR000 INST001-000 MODE001
     

time spent:    0.00 seconds instantiating 84 easy, 0 hard action templates
               0.00 seconds reachability analysis, yielding 52 facts and 84 actions
               0.00 seconds creating final representation with 52 relevant facts
               0.00 seconds building connectivity graph
               0.00 seconds searching, evaluating 21 states, to a max depth of 2
               0.00 seconds total time

