
ff: parsing domain file
domain 'SATELLITE' defined
 ... done.
ff: parsing problem file
problem 'PROBNAME' defined
 ... done.



Cueing down from goal distance:   12 into depth [1]
                                  11            [1]
                                  10            [1]
                                   9            [1]
                                   8            [1]
                                   7            [1]
                                   6            [1]
                                   5            [1]
                                   4            [1]
                                   3            [1]
                                   2            [1]
                                   1            [1]
                                   0            

ff: found legal plan as follows

step    0: TURN_TO SAT001 DIR000 DIR003
        1: TURN_TO SAT001 DIR001 DIR000
        2: SWITCH_ON INST000-000 SAT000
        3: CALIBRATE SAT000 INST000-000 DIR003
        4: TURN_TO SAT000 DIR001 DIR003
        5: TAKE_IMAGE SAT000 DIR001 INST000-000 MODE001
        6: SWITCH_ON INST002-001 SAT002
        7: CALIBRATE SAT002 INST002-001 DIR003
        8: TAKE_IMAGE SAT002 DIR003 INST002-001 MODE003
        9: SWITCH_ON INST001-001 SAT001
       10: CALIBRATE SAT001 INST001-001 DIR001
       11: TAKE_IMAGE SAT001 DIR001 INST001-001 MODE002
     

time spent:    0.00 seconds instantiating 118 easy, 0 hard action templates
               0.00 seconds reachability analysis, yielding 66 facts and 118 actions
               0.00 seconds creating final representation with 66 relevant facts
               0.00 seconds building connectivity graph
               0.00 seconds searching, evaluating 15 states, to a max depth of 1
               0.00 seconds total time

