
ff: parsing domain file
domain 'SATELLITE' defined
 ... done.
ff: parsing problem file
problem 'PROBNAME' defined
 ... done.



Cueing down from goal distance:   14 into depth [1]
                                  12            [1][2]
                                  11            [1]
                                  10            [1][2]
                                   9            [1]
                                   8            [1]
                                   7            [1]
                                   6            [1][2]
                                   5            [1]
                                   4            [1]
                                   3            [1]
                                   2            [1]
                                   1            [1]
                                   0            

ff: found legal plan as follows

step    0: TURN_TO SAT003 DIR003 DIR001
        1: TURN_TO SAT000 DIR004 DIR003
        2: SWITCH_ON INST001-000 SAT001
        3: SWITCH_ON INST000-002 SAT000
        4: TURN_TO SAT001 DIR000 DIR003
        5: CALIBRATE SAT001 INST001-000 DIR000
        6: TAKE_IMAGE SAT001 DIR000 INST001-000 MODE002
        7: TURN_TO SAT001 DIR003 DIR000
        8: TAKE_IMAGE SAT001 DIR003 INST001-000 MODE002
        9: TURN_TO SAT000 DIR000 DIR004
       10: CALIBRATE SAT000 INST000-002 DIR000
       11: TAKE_IMAGE SAT000 DIR000 INST000-002 MODE001
       12: TURN_TO SAT000 DIR004 DIR000
       13: TAKE_IMAGE SAT000 DIR004 INST000-002 MODE001
       14: TURN_TO SAT000 DIR001 DIR004
       15: TAKE_IMAGE SAT000 DIR001 INST000-002 MODE001
     

time spent:    0.00 seconds instantiating 208 easy, 0 hard action templates
               0.00 seconds reachability analysis, yielding 87 facts and 208 actions
               0.00 seconds creating final representation with 87 relevant facts
               0.00 seconds building connectivity graph
               0.00 seconds searching, evaluating 28 states, to a max depth of 2
               0.00 seconds total time

