
ff: parsing domain file
domain 'SATELLITE' defined
 ... done.
ff: parsing problem file
problem 'PROBNAME' defined
 ... done.



Cueing down from goal distance:   16 into depth [1]
                                  13            [1][2]
                                  12            [1]
                                  11            [1]
                                  10            [1]
                                   9            [1][2]
                                   8            [1]
                                   7            [1]
                                   6            [1]
                                   5            [1]
                                   4            [1]
                                   3            [1]
                                   2            [1]
                                   1            [1]
                                   0            

ff: found legal plan as follows

step    0: SWITCH_ON INST001-001 SAT001
        1: TURN_TO SAT001 DIR002 DIR004
        2: CALIBRATE SAT001 INST001-001 DIR002
        3: TAKE_IMAGE SAT001 DIR002 INST001-001 MODE001
        4: TURN_TO SAT001 DIR004 DIR002
        5: TAKE_IMAGE SAT001 DIR004 INST001-001 MODE001
        6: SWITCH_ON INST000-002 SAT000
        7: TURN_TO SAT003 DIR000 DIR003
        8: CALIBRATE SAT000 INST000-002 DIR003
        9: TAKE_IMAGE SAT000 DIR003 INST000-002 MODE002
       10: TURN_TO SAT000 DIR002 DIR003
       11: TAKE_IMAGE SAT000 DIR002 INST000-002 MODE002
       12: SWITCH_ON INST003-000 SAT003
       13: CALIBRATE SAT003 INST003-000 DIR000
       14: TURN_TO SAT003 DIR004 DIR000
       15: TAKE_IMAGE SAT003 DIR004 INST003-000 MODE000
     

time spent:    0.00 seconds instantiating 180 easy, 0 hard action templates
               0.00 seconds reachability analysis, yielding 75 facts and 180 actions
               0.00 seconds creating final representation with 75 relevant facts
               0.00 seconds building connectivity graph
               0.00 seconds searching, evaluating 45 states, to a max depth of 2
               0.00 seconds total time

