
ff: parsing domain file
domain 'SATELLITE' defined
 ... done.
ff: parsing problem file
problem 'PROBNAME' defined
 ... done.



Cueing down from goal distance:   13 into depth [1]
                                  10            [1]
                                   9            [1]
                                   8            [1]
                                   7            [1]
                                   6            [1]
                                   5            [1][2]
                                   4            [1]
                                   3            [1]
                                   2            [1]
                                   1            [1]
                                   0            

ff: found legal plan as follows

step    0: SWITCH_ON INST002-000 SAT002
        1: CALIBRATE SAT002 INST002-000 DIR001
        2: TAKE_IMAGE SAT002 DIR001 INST002-000 MODE001
        3: TURN_TO SAT002 DIR002 DIR001
        4: TAKE_IMAGE SAT002 DIR002 INST002-000 MODE001
        5: SWITCH_ON INST000-001 SAT000
        6: TURN_TO SAT000 DIR004 DIR000
        7: CALIBRATE SAT000 INST000-001 DIR004
        8: TURN_TO SAT000 DIR002 DIR004
        9: TAKE_IMAGE SAT000 DIR002 INST000-001 MODE000
       10: TURN_TO SAT000 DIR000 DIR002
       11: TAKE_IMAGE SAT000 DIR000 INST000-001 MODE000
     

time spent:    0.00 seconds instantiating 303 easy, 0 hard action templates
               0.00 seconds reachability analysis, yielding 98 facts and 303 actions
               0.00 seconds creating final representation with 98 relevant facts
               0.00 seconds building connectivity graph
               0.00 seconds searching, evaluating 22 states, to a max depth of 2
               0.00 seconds total time

