
ff: parsing domain file
domain 'SATELLITE' defined
 ... done.
ff: parsing problem file
problem 'PROBNAME' defined
 ... done.



Cueing down from goal distance:   14 into depth [1]
                                  13            [1]
                                  12            [1]
                                  11            [1]
                                  10            [1][2][3]
                                   9            [1]
                                   8            [1]
                                   7            [1]
                                   6            [1]
                                   5            [1]
                                   4            [1]
                                   3            [1]
                                   2            [1]
                                   1            [1]
                                   0            

ff: found legal plan as follows

step    0: SWITCH_ON INST000-000 SAT000
        1: TURN_TO SAT000 DIR002 DIR005
        2: CALIBRATE SAT000 INST000-000 DIR002
        3: TAKE_IMAGE SAT000 DIR002 INST000-000 MODE003
        4: TURN_TO SAT001 DIR004 DIR005
        5: SWITCH_ON INST001-002 SAT001
        6: CALIBRATE SAT001 INST001-002 DIR004
        7: TAKE_IMAGE SAT001 DIR004 INST001-002 MODE000
        8: SWITCH_OFF INST001-002 SAT001
        9: TURN_TO SAT001 DIR001 DIR004
       10: SWITCH_ON INST001-000 SAT001
       11: CALIBRATE SAT001 INST001-000 DIR001
       12: TURN_TO SAT001 DIR003 DIR001
       13: TAKE_IMAGE SAT001 DIR003 INST001-000 MODE001
       14: TURN_TO SAT001 DIR005 DIR003
       15: TAKE_IMAGE SAT001 DIR005 INST001-000 MODE001
     

time spent:    0.00 seconds instantiating 132 easy, 0 hard action templates
               0.00 seconds reachability analysis, yielding 68 facts and 132 actions
               0.00 seconds creating final representation with 68 relevant facts
               0.00 seconds building connectivity graph
               0.00 seconds searching, evaluating 45 states, to a max depth of 3
               0.00 seconds total time

