
ff: parsing domain file
domain 'SATELLITE' defined
 ... done.
ff: parsing problem file
problem 'PROBNAME' defined
 ... done.



Cueing down from goal distance:    9 into depth [1][2]
                                   8            [1]
                                   7            [1]
                                   6            [1]
                                   5            [1]
                                   4            [1]
                                   3            [1]
                                   2            [1]
                                   1            [1]
                                   0            

ff: found legal plan as follows

step    0: TURN_TO SAT000 DIR002 DIR003
        1: SWITCH_ON INST000-000 SAT000
        2: CALIBRATE SAT000 INST000-000 DIR002
        3: TAKE_IMAGE SAT000 DIR002 INST000-000 MODE002
        4: TURN_TO SAT002 DIR002 DIR000
        5: SWITCH_ON INST002-001 SAT002
        6: CALIBRATE SAT002 INST002-001 DIR002
        7: TAKE_IMAGE SAT002 DIR002 INST002-001 MODE000
        8: TURN_TO SAT002 DIR003 DIR002
        9: TAKE_IMAGE SAT002 DIR003 INST002-001 MODE000
     

time spent:    0.00 seconds instantiating 179 easy, 0 hard action templates
               0.00 seconds reachability analysis, yielding 88 facts and 179 actions
               0.00 seconds creating final representation with 88 relevant facts
               0.00 seconds building connectivity graph
               0.00 seconds searching, evaluating 17 states, to a max depth of 2
               0.00 seconds total time

