
ff: parsing domain file
domain 'SATELLITE' defined
 ... done.
ff: parsing problem file
problem 'PROBNAME' defined
 ... done.



Cueing down from goal distance:   18 into depth [1]
                                  17            [1]
                                  16            [1]
                                  15            [1]
                                  14            [1][2][3]
                                  13            [1]
                                  12            [1]
                                  11            [1]
                                  10            [1][2]
                                   9            [1]
                                   8            [1]
                                   7            [1][2][3]
                                   6            [1][2]
                                   5            [1]
                                   4            [1]
                                   3            [1][2]
                                   2            [1]
                                   1            [1]
                                   0            

ff: found legal plan as follows

step    0: TURN_TO SAT001 DIR003 DIR002
        1: SWITCH_ON INST004-000 SAT004
        2: CALIBRATE SAT004 INST004-000 DIR005
        3: TAKE_IMAGE SAT004 DIR005 INST004-000 MODE001
        4: TURN_TO SAT001 DIR005 DIR003
        5: SWITCH_ON INST001-002 SAT001
        6: SWITCH_ON INST003-001 SAT003
        7: CALIBRATE SAT003 INST003-001 DIR002
        8: TURN_TO SAT003 DIR003 DIR002
        9: TAKE_IMAGE SAT003 DIR003 INST003-001 MODE002
       10: TURN_TO SAT001 DIR000 DIR005
       11: CALIBRATE SAT001 INST001-002 DIR000
       12: TAKE_IMAGE SAT001 DIR000 INST001-002 MODE000
       13: SWITCH_OFF INST001-002 SAT001
       14: TURN_TO SAT001 DIR005 DIR000
       15: SWITCH_ON INST001-000 SAT001
       16: CALIBRATE SAT001 INST001-000 DIR005
       17: TURN_TO SAT001 DIR000 DIR005
       18: TAKE_IMAGE SAT001 DIR000 INST001-000 MODE003
       19: SWITCH_OFF INST001-000 SAT001
       20: SWITCH_ON INST001-003 SAT001
       21: TURN_TO SAT001 DIR005 DIR000
       22: CALIBRATE SAT001 INST001-003 DIR005
       23: TURN_TO SAT001 DIR000 DIR005
       24: TAKE_IMAGE SAT001 DIR000 INST001-003 MODE004
     

time spent:    0.00 seconds instantiating 285 easy, 0 hard action templates
               0.00 seconds reachability analysis, yielding 110 facts and 285 actions
               0.00 seconds creating final representation with 110 relevant facts
               0.00 seconds building connectivity graph
               0.00 seconds searching, evaluating 79 states, to a max depth of 3
               0.00 seconds total time

