
ff: parsing domain file
domain 'SATELLITE' defined
 ... done.
ff: parsing problem file
problem 'PROBNAME' defined
 ... done.



Cueing down from goal distance:    5 into depth [1]
                                   4            [1]
                                   3            [1]
                                   2            [1]
                                   1            [1]
                                   0            

ff: found legal plan as follows

step    0: TURN_TO SAT002 DIR003 DIR004
        1: SWITCH_ON INST002-001 SAT002
        2: CALIBRATE SAT002 INST002-001 DIR003
        3: TURN_TO SAT002 DIR002 DIR003
        4: TAKE_IMAGE SAT002 DIR002 INST002-001 MODE003
     

time spent:    0.00 seconds instantiating 100 easy, 0 hard action templates
               0.00 seconds reachability analysis, yielding 58 facts and 100 actions
               0.00 seconds creating final representation with 58 relevant facts
               0.00 seconds building connectivity graph
               0.00 seconds searching, evaluating 7 states, to a max depth of 1
               0.00 seconds total time

