
ff: parsing domain file
domain 'SATELLITE' defined
 ... done.
ff: parsing problem file
problem 'PROBNAME' defined
 ... done.



Cueing down from goal distance:   11 into depth [1]
                                  10            [1]
                                   9            [1]
                                   8            [1]
                                   7            [1]
                                   6            [1]
                                   5            [1]
                                   4            [1]
                                   3            [1]
                                   2            [1]
                                   1            [1]
                                   0            

ff: found legal plan as follows

step    0: TURN_TO SAT001 DIR004 DIR001
        1: SWITCH_ON INST000-000 SAT000
        2: CALIBRATE SAT000 INST000-000 DIR001
        3: TURN_TO SAT000 DIR003 DIR001
        4: TAKE_IMAGE SAT000 DIR003 INST000-000 MODE003
        5: TURN_TO SAT000 DIR000 DIR003
        6: TAKE_IMAGE SAT000 DIR000 INST000-000 MODE003
        7: SWITCH_ON INST001-002 SAT001
        8: CALIBRATE SAT001 INST001-002 DIR004
        9: TURN_TO SAT001 DIR003 DIR004
       10: TAKE_IMAGE SAT001 DIR003 INST001-002 MODE004
     

time spent:    0.00 seconds instantiating 72 easy, 0 hard action templates
               0.00 seconds reachability analysis, yielding 44 facts and 72 actions
               0.00 seconds creating final representation with 44 relevant facts
               0.00 seconds building connectivity graph
               0.00 seconds searching, evaluating 17 states, to a max depth of 1
               0.00 seconds total time

