
ff: parsing domain file
domain 'SATELLITE' defined
 ... done.
ff: parsing problem file
problem 'PROBNAME' defined
 ... done.



Cueing down from goal distance:   16 into depth [1]
                                  15            [1]
                                  14            [1]
                                  13            [1]
                                  12            [1]
                                  11            [1]
                                  10            [1]
                                   9            [1]
                                   8            [1][2]
                                   7            [1]
                                   6            [1]
                                   5            [1]
                                   4            [1]
                                   3            [1]
                                   2            [1]
                                   1            [1]
                                   0            

ff: found legal plan as follows

step    0: TURN_TO SAT002 DIR002 DIR000
        1: SWITCH_ON INST000-001 SAT000
        2: CALIBRATE SAT000 INST000-001 DIR001
        3: SWITCH_ON INST001-001 SAT001
        4: CALIBRATE SAT001 INST001-001 DIR002
        5: TAKE_IMAGE SAT001 DIR002 INST001-001 MODE001
        6: TURN_TO SAT001 DIR001 DIR002
        7: TAKE_IMAGE SAT001 DIR001 INST001-001 MODE001
        8: TURN_TO SAT000 DIR000 DIR001
        9: TAKE_IMAGE SAT000 DIR000 INST000-001 MODE000
       10: SWITCH_OFF INST000-001 SAT000
       11: SWITCH_ON INST000-002 SAT000
       12: CALIBRATE SAT000 INST000-002 DIR000
       13: TURN_TO SAT000 DIR003 DIR000
       14: TAKE_IMAGE SAT000 DIR003 INST000-002 MODE002
       15: TURN_TO SAT000 DIR001 DIR003
       16: TAKE_IMAGE SAT000 DIR001 INST000-002 MODE002
     

time spent:    0.00 seconds instantiating 106 easy, 0 hard action templates
               0.00 seconds reachability analysis, yielding 57 facts and 106 actions
               0.00 seconds creating final representation with 57 relevant facts
               0.00 seconds building connectivity graph
               0.00 seconds searching, evaluating 37 states, to a max depth of 2
               0.00 seconds total time

