
ff: parsing domain file
domain 'SATELLITE' defined
 ... done.
ff: parsing problem file
problem 'PROBNAME' defined
 ... done.



Cueing down from goal distance:   14 into depth [1]
                                  11            [1]
                                  10            [1]
                                   9            [1]
                                   8            [1]
                                   7            [1]
                                   6            [1]
                                   5            [1]
                                   4            [1]
                                   3            [1]
                                   2            [1]
                                   1            [1]
                                   0            

ff: found legal plan as follows

step    0: TURN_TO SAT001 DIR001 DIR000
        1: SWITCH_ON INST003-000 SAT003
        2: CALIBRATE SAT003 INST003-000 DIR003
        3: TAKE_IMAGE SAT003 DIR003 INST003-000 MODE000
        4: TURN_TO SAT003 DIR000 DIR003
        5: TAKE_IMAGE SAT003 DIR000 INST003-000 MODE000
        6: TURN_TO SAT003 DIR001 DIR000
        7: TAKE_IMAGE SAT003 DIR001 INST003-000 MODE000
        8: SWITCH_ON INST000-000 SAT000
        9: CALIBRATE SAT000 INST000-000 DIR001
       10: TURN_TO SAT000 DIR000 DIR001
       11: TAKE_IMAGE SAT000 DIR000 INST000-000 MODE001
     

time spent:    0.00 seconds instantiating 200 easy, 0 hard action templates
               0.00 seconds reachability analysis, yielding 93 facts and 200 actions
               0.00 seconds creating final representation with 93 relevant facts
               0.00 seconds building connectivity graph
               0.00 seconds searching, evaluating 17 states, to a max depth of 1
               0.00 seconds total time

