
ff: parsing domain file
domain 'SATELLITE' defined
 ... done.
ff: parsing problem file
problem 'PROBNAME' defined
 ... done.



Cueing down from goal distance:   15 into depth [1]
                                  14            [1][2]
                                  13            [1]
                                  12            [1]
                                  11            [1][2]
                                  10            [1]
                                   9            [1]
                                   8            [1]
                                   7            [1]
                                   6            [1][2]
                                   5            [1]
                                   4            [1]
                                   3            [1]
                                   2            [1]
                                   1            [1]
                                   0            

ff: found legal plan as follows

step    0: SWITCH_ON INST003-000 SAT003
        1: TURN_TO SAT003 DIR001 DIR005
        2: CALIBRATE SAT003 INST003-000 DIR001
        3: TURN_TO SAT003 DIR005 DIR001
        4: TAKE_IMAGE SAT003 DIR005 INST003-000 MODE003
        5: TURN_TO SAT000 DIR002 DIR004
        6: SWITCH_ON INST000-000 SAT000
        7: CALIBRATE SAT000 INST000-000 DIR002
        8: TURN_TO SAT000 DIR001 DIR002
        9: TAKE_IMAGE SAT000 DIR001 INST000-000 MODE001
       10: SWITCH_ON INST004-000 SAT004
       11: TURN_TO SAT004 DIR000 DIR004
       12: CALIBRATE SAT004 INST004-000 DIR000
       13: TAKE_IMAGE SAT004 DIR000 INST004-000 MODE000
       14: TURN_TO SAT004 DIR001 DIR000
       15: TAKE_IMAGE SAT004 DIR001 INST004-000 MODE000
       16: TURN_TO SAT004 DIR004 DIR001
       17: TAKE_IMAGE SAT004 DIR004 INST004-000 MODE000
     

time spent:    0.00 seconds instantiating 285 easy, 0 hard action templates
               0.00 seconds reachability analysis, yielding 104 facts and 285 actions
               0.00 seconds creating final representation with 104 relevant facts
               0.00 seconds building connectivity graph
               0.00 seconds searching, evaluating 39 states, to a max depth of 2
               0.00 seconds total time

