
ff: parsing domain file
domain 'SATELLITE' defined
 ... done.
ff: parsing problem file
problem 'PROBNAME' defined
 ... done.



Cueing down from goal distance:   11 into depth [1]
                                  10            [1]
                                   9            [1]
                                   8            [1]
                                   7            [1]
                                   6            [1]
                                   5            [1]
                                   4            [1]
                                   3            [1][2]
                                   2            [1]
                                   1            [1]
                                   0            

ff: found legal plan as follows

step    0: TURN_TO SAT000 DIR003 DIR001
        1: SWITCH_ON INST001-000 SAT001
        2: SWITCH_ON INST002-000 SAT002
        3: CALIBRATE SAT002 INST002-000 DIR001
        4: TAKE_IMAGE SAT002 DIR001 INST002-000 MODE004
        5: SWITCH_ON INST000-002 SAT000
        6: CALIBRATE SAT000 INST000-002 DIR003
        7: TAKE_IMAGE SAT000 DIR003 INST000-002 MODE003
        8: TURN_TO SAT001 DIR003 DIR000
        9: CALIBRATE SAT001 INST001-000 DIR003
       10: TURN_TO SAT001 DIR000 DIR003
       11: TAKE_IMAGE SAT001 DIR000 INST001-000 MODE002
     

time spent:    0.00 seconds instantiating 99 easy, 0 hard action templates
               0.00 seconds reachability analysis, yielding 62 facts and 99 actions
               0.00 seconds creating final representation with 62 relevant facts
               0.00 seconds building connectivity graph
               0.00 seconds searching, evaluating 19 states, to a max depth of 2
               0.00 seconds total time

