
ff: parsing domain file
domain 'SATELLITE' defined
 ... done.
ff: parsing problem file
problem 'PROBNAME' defined
 ... done.



Cueing down from goal distance:    6 into depth [1]
                                   5            [1][2]
                                   4            [1]
                                   3            [1]
                                   2            [1]
                                   1            [1]
                                   0            

ff: found legal plan as follows

step    0: SWITCH_ON INST001-001 SAT001
        1: TURN_TO SAT001 DIR002 DIR001
        2: CALIBRATE SAT001 INST001-001 DIR002
        3: TURN_TO SAT001 DIR004 DIR002
        4: TAKE_IMAGE SAT001 DIR004 INST001-001 MODE000
        5: TURN_TO SAT001 DIR001 DIR004
        6: TAKE_IMAGE SAT001 DIR001 INST001-001 MODE000
     

time spent:    0.00 seconds instantiating 114 easy, 0 hard action templates
               0.00 seconds reachability analysis, yielding 62 facts and 114 actions
               0.00 seconds creating final representation with 62 relevant facts
               0.00 seconds building connectivity graph
               0.00 seconds searching, evaluating 11 states, to a max depth of 2
               0.00 seconds total time

