
ff: parsing domain file
domain 'SATELLITE' defined
 ... done.
ff: parsing problem file
problem 'PROBNAME' defined
 ... done.



Cueing down from goal distance:    8 into depth [1]
                                   7            [1]
                                   6            [1]
                                   5            [1]
                                   4            [1]
                                   3            [1]
                                   2            [1]
                                   1            [1]
                                   0            

ff: found legal plan as follows

step    0: TURN_TO SAT000 DIR000 DIR002
        1: SWITCH_ON INST003-000 SAT003
        2: CALIBRATE SAT003 INST003-000 DIR001
        3: TAKE_IMAGE SAT003 DIR001 INST003-000 MODE002
        4: SWITCH_ON INST000-000 SAT000
        5: CALIBRATE SAT000 INST000-000 DIR000
        6: TURN_TO SAT000 DIR001 DIR000
        7: TAKE_IMAGE SAT000 DIR001 INST000-000 MODE003
     

time spent:    0.00 seconds instantiating 204 easy, 0 hard action templates
               0.00 seconds reachability analysis, yielding 120 facts and 204 actions
               0.00 seconds creating final representation with 120 relevant facts
               0.00 seconds building connectivity graph
               0.00 seconds searching, evaluating 11 states, to a max depth of 1
               0.00 seconds total time

