
ff: parsing domain file
domain 'SATELLITE' defined
 ... done.
ff: parsing problem file
problem 'PROBNAME' defined
 ... done.



Cueing down from goal distance:   14 into depth [1]
                                  12            [1]
                                  11            [1]
                                  10            [1]
                                   9            [1]
                                   8            [1]
                                   7            [1][2]
                                   6            [1]
                                   5            [1]
                                   4            [1]
                                   3            [1]
                                   2            [1]
                                   1            [1]
                                   0            

ff: found legal plan as follows

step    0: SWITCH_ON INST000-002 SAT000
        1: TURN_TO SAT001 DIR004 DIR002
        2: SWITCH_ON INST001-002 SAT001
        3: CALIBRATE SAT001 INST001-002 DIR004
        4: TURN_TO SAT001 DIR003 DIR004
        5: TAKE_IMAGE SAT001 DIR003 INST001-002 MODE002
        6: TURN_TO SAT000 DIR000 DIR004
        7: CALIBRATE SAT000 INST000-002 DIR000
        8: TURN_TO SAT000 DIR001 DIR000
        9: TAKE_IMAGE SAT000 DIR001 INST000-002 MODE000
       10: TURN_TO SAT000 DIR002 DIR001
       11: TAKE_IMAGE SAT000 DIR002 INST000-002 MODE000
       12: TURN_TO SAT000 DIR004 DIR002
       13: TAKE_IMAGE SAT000 DIR004 INST000-002 MODE000
     

time spent:    0.00 seconds instantiating 216 easy, 0 hard action templates
               0.00 seconds reachability analysis, yielding 95 facts and 216 actions
               0.00 seconds creating final representation with 95 relevant facts
               0.00 seconds building connectivity graph
               0.00 seconds searching, evaluating 29 states, to a max depth of 2
               0.00 seconds total time

