
ff: parsing domain file
domain 'SATELLITE' defined
 ... done.
ff: parsing problem file
problem 'PROBNAME' defined
 ... done.



Cueing down from goal distance:   14 into depth [1]
                                  13            [1][2][3]
                                  12            [1]
                                  11            [1]
                                  10            [1][2]
                                   9            [1]
                                   8            [1][2][3]
                                   7            [1][2][3]
                                   6            [1]
                                   5            [1]
                                   4            [1]
                                   3            [1]
                                   2            [1][2][3][4]
                                   1            [1]
                                   0            

ff: found legal plan as follows

step    0: TURN_TO SAT000 DIR001 DIR005
        1: SWITCH_ON INST000-003 SAT000
        2: SWITCH_ON INST001-002 SAT001
        3: CALIBRATE SAT001 INST001-002 DIR005
        4: TURN_TO SAT001 DIR000 DIR005
        5: TAKE_IMAGE SAT001 DIR000 INST001-002 MODE000
        6: SWITCH_OFF INST000-003 SAT000
        7: TURN_TO SAT001 DIR004 DIR000
        8: TAKE_IMAGE SAT001 DIR004 INST001-002 MODE000
        9: TURN_TO SAT000 DIR004 DIR001
       10: SWITCH_ON INST000-003 SAT000
       11: CALIBRATE SAT000 INST000-003 DIR004
       12: SWITCH_OFF INST000-003 SAT000
       13: SWITCH_ON INST000-001 SAT000
       14: CALIBRATE SAT000 INST000-001 DIR004
       15: TAKE_IMAGE SAT000 DIR004 INST000-001 MODE002
       16: TURN_TO SAT000 DIR001 DIR004
       17: TAKE_IMAGE SAT000 DIR001 INST000-001 MODE002
       18: SWITCH_OFF INST000-001 SAT000
       19: SWITCH_ON INST000-003 SAT000
       20: TURN_TO SAT000 DIR004 DIR001
       21: CALIBRATE SAT000 INST000-003 DIR004
       22: TURN_TO SAT000 DIR001 DIR004
       23: TAKE_IMAGE SAT000 DIR001 INST000-003 MODE001
     

time spent:    0.00 seconds instantiating 141 easy, 0 hard action templates
               0.00 seconds reachability analysis, yielding 71 facts and 141 actions
               0.00 seconds creating final representation with 71 relevant facts
               0.00 seconds building connectivity graph
               0.00 seconds searching, evaluating 120 states, to a max depth of 4
               0.00 seconds total time

