
ff: parsing domain file
domain 'SATELLITE' defined
 ... done.
ff: parsing problem file
problem 'PROBNAME' defined
 ... done.



Cueing down from goal distance:   18 into depth [1]
                                  17            [1]
                                  16            [1]
                                  15            [1]
                                  14            [1]
                                  13            [1]
                                  12            [1]
                                  11            [1]
                                  10            [1]
                                   8            [1]
                                   7            [1]
                                   6            [1]
                                   5            [1]
                                   4            [1]
                                   3            [1]
                                   2            [1]
                                   1            [1]
                                   0            

ff: found legal plan as follows

step    0: TURN_TO SAT004 DIR004 DIR002
        1: TURN_TO SAT001 DIR000 DIR001
        2: SWITCH_ON INST002-000 SAT002
        3: CALIBRATE SAT002 INST002-000 DIR001
        4: TURN_TO SAT002 DIR000 DIR001
        5: TAKE_IMAGE SAT002 DIR000 INST002-000 MODE001
        6: TURN_TO SAT002 DIR002 DIR000
        7: TAKE_IMAGE SAT002 DIR002 INST002-000 MODE001
        8: SWITCH_ON INST001-001 SAT001
        9: CALIBRATE SAT001 INST001-001 DIR000
       10: TURN_TO SAT001 DIR005 DIR000
       11: TAKE_IMAGE SAT001 DIR005 INST001-001 MODE000
       12: TURN_TO SAT001 DIR004 DIR005
       13: TAKE_IMAGE SAT001 DIR004 INST001-001 MODE000
       14: SWITCH_ON INST000-000 SAT000
       15: CALIBRATE SAT000 INST000-000 DIR001
       16: TAKE_IMAGE SAT000 DIR001 INST000-000 MODE002
     

time spent:    0.00 seconds instantiating 306 easy, 0 hard action templates
               0.00 seconds reachability analysis, yielding 114 facts and 306 actions
               0.00 seconds creating final representation with 114 relevant facts
               0.00 seconds building connectivity graph
               0.00 seconds searching, evaluating 24 states, to a max depth of 1
               0.00 seconds total time

