
ff: parsing domain file
domain 'SATELLITE' defined
 ... done.
ff: parsing problem file
problem 'PROBNAME' defined
 ... done.



Cueing down from goal distance:    8 into depth [1][2]
                                   7            [1]
                                   6            [1]
                                   5            [1]
                                   4            [1]
                                   3            [1]
                                   2            [1]
                                   1            [1]
                                   0            

ff: found legal plan as follows

step    0: SWITCH_ON INST001-000 SAT001
        1: CALIBRATE SAT001 INST001-000 DIR003
        2: TURN_TO SAT001 DIR001 DIR003
        3: TAKE_IMAGE SAT001 DIR001 INST001-000 MODE000
        4: SWITCH_OFF INST001-000 SAT001
        5: SWITCH_ON INST001-001 SAT001
        6: CALIBRATE SAT001 INST001-001 DIR001
        7: TURN_TO SAT001 DIR002 DIR001
        8: TAKE_IMAGE SAT001 DIR002 INST001-001 MODE002
     

time spent:    0.00 seconds instantiating 64 easy, 0 hard action templates
               0.00 seconds reachability analysis, yielding 39 facts and 64 actions
               0.00 seconds creating final representation with 39 relevant facts
               0.00 seconds building connectivity graph
               0.00 seconds searching, evaluating 22 states, to a max depth of 2
               0.00 seconds total time

