
ff: parsing domain file
domain 'SATELLITE' defined
 ... done.
ff: parsing problem file
problem 'PROBNAME' defined
 ... done.



Cueing down from goal distance:    9 into depth [1]
                                   7            [1]
                                   6            [1]
                                   5            [1]
                                   4            [1]
                                   3            [1][2]
                                   2            [1]
                                   1            [1]
                                   0            

ff: found legal plan as follows

step    0: SWITCH_ON INST001-003 SAT001
        1: TURN_TO SAT002 DIR001 DIR000
        2: SWITCH_ON INST002-000 SAT002
        3: CALIBRATE SAT002 INST002-000 DIR001
        4: TAKE_IMAGE SAT002 DIR001 INST002-000 MODE002
        5: TURN_TO SAT001 DIR000 DIR003
        6: CALIBRATE SAT001 INST001-003 DIR000
        7: TURN_TO SAT001 DIR003 DIR000
        8: TAKE_IMAGE SAT001 DIR003 INST001-003 MODE001
     

time spent:    0.00 seconds instantiating 240 easy, 0 hard action templates
               0.00 seconds reachability analysis, yielding 106 facts and 240 actions
               0.00 seconds creating final representation with 106 relevant facts
               0.00 seconds building connectivity graph
               0.00 seconds searching, evaluating 16 states, to a max depth of 2
               0.00 seconds total time

