
ff: parsing domain file
domain 'SATELLITE' defined
 ... done.
ff: parsing problem file
problem 'PROBNAME' defined
 ... done.



Cueing down from goal distance:   10 into depth [1]
                                   9            [1]
                                   8            [1]
                                   7            [1]
                                   6            [1][2]
                                   5            [1]
                                   4            [1]
                                   3            [1]
                                   2            [1]
                                   1            [1]
                                   0            

ff: found legal plan as follows

step    0: SWITCH_ON INST002-001 SAT002
        1: CALIBRATE SAT002 INST002-001 DIR004
        2: TAKE_IMAGE SAT002 DIR004 INST002-001 MODE000
        3: SWITCH_ON INST000-001 SAT000
        4: TURN_TO SAT000 DIR000 DIR003
        5: CALIBRATE SAT000 INST000-001 DIR000
        6: TAKE_IMAGE SAT000 DIR000 INST000-001 MODE001
        7: TURN_TO SAT000 DIR002 DIR000
        8: TAKE_IMAGE SAT000 DIR002 INST000-001 MODE001
        9: TURN_TO SAT000 DIR003 DIR002
       10: TAKE_IMAGE SAT000 DIR003 INST000-001 MODE001
     

time spent:    0.00 seconds instantiating 240 easy, 0 hard action templates
               0.00 seconds reachability analysis, yielding 77 facts and 240 actions
               0.00 seconds creating final representation with 77 relevant facts
               0.00 seconds building connectivity graph
               0.00 seconds searching, evaluating 17 states, to a max depth of 2
               0.00 seconds total time

