
ff: parsing domain file
domain 'SATELLITE' defined
 ... done.
ff: parsing problem file
problem 'PROBNAME' defined
 ... done.



Cueing down from goal distance:    8 into depth [1]
                                   6            [1]
                                   5            [1]
                                   4            [1]
                                   3            [1]
                                   2            [1]
                                   1            [1]
                                   0            

ff: found legal plan as follows

step    0: TURN_TO SAT003 DIR004 DIR002
        1: SWITCH_ON INST000-001 SAT000
        2: CALIBRATE SAT000 INST000-001 DIR000
        3: TURN_TO SAT000 DIR003 DIR000
        4: TAKE_IMAGE SAT000 DIR003 INST000-001 MODE001
        5: TURN_TO SAT000 DIR002 DIR003
        6: TAKE_IMAGE SAT000 DIR002 INST000-001 MODE001
     

time spent:    0.00 seconds instantiating 272 easy, 0 hard action templates
               0.00 seconds reachability analysis, yielding 113 facts and 272 actions
               0.00 seconds creating final representation with 113 relevant facts
               0.00 seconds building connectivity graph
               0.00 seconds searching, evaluating 11 states, to a max depth of 1
               0.00 seconds total time

