
ff: parsing domain file
domain 'SATELLITE' defined
 ... done.
ff: parsing problem file
problem 'PROBNAME' defined
 ... done.



Cueing down from goal distance:   16 into depth [1]
                                  12            [1][2]
                                  11            [1]
                                  10            [1][2]
                                   9            [1]
                                   8            [1]
                                   7            [1]
                                   6            [1]
                                   5            [1][2]
                                   4            [1]
                                   3            [1]
                                   2            [1]
                                   1            [1]
                                   0            

ff: found legal plan as follows

step    0: TURN_TO SAT000 DIR000 DIR004
        1: SWITCH_ON INST000-001 SAT000
        2: CALIBRATE SAT000 INST000-001 DIR000
        3: TAKE_IMAGE SAT000 DIR000 INST000-001 MODE002
        4: TURN_TO SAT001 DIR004 DIR000
        5: SWITCH_ON INST004-001 SAT004
        6: SWITCH_ON INST001-003 SAT001
        7: CALIBRATE SAT001 INST001-003 DIR004
        8: TURN_TO SAT001 DIR003 DIR004
        9: TAKE_IMAGE SAT001 DIR003 INST001-003 MODE000
       10: TURN_TO SAT004 DIR004 DIR000
       11: CALIBRATE SAT004 INST004-001 DIR004
       12: TURN_TO SAT004 DIR000 DIR004
       13: TAKE_IMAGE SAT004 DIR000 INST004-001 MODE001
       14: TURN_TO SAT004 DIR002 DIR000
       15: TAKE_IMAGE SAT004 DIR002 INST004-001 MODE001
     

time spent:    0.00 seconds instantiating 276 easy, 0 hard action templates
               0.00 seconds reachability analysis, yielding 116 facts and 276 actions
               0.00 seconds creating final representation with 116 relevant facts
               0.00 seconds building connectivity graph
               0.00 seconds searching, evaluating 44 states, to a max depth of 2
               0.00 seconds total time

