
ff: parsing domain file
domain 'SATELLITE' defined
 ... done.
ff: parsing problem file
problem 'PROBNAME' defined
 ... done.



Cueing down from goal distance:   16 into depth [1]
                                  15            [1]
                                  14            [1]
                                  13            [1]
                                  12            [1]
                                  11            [1]
                                  10            [1]
                                   9            [1]
                                   8            [1]
                                   7            [1]
                                   6            [1]
                                   5            [1]
                                   4            [1]
                                   3            [1]
                                   2            [1]
                                   1            [1]
                                   0            

ff: found legal plan as follows

step    0: TURN_TO SAT004 DIR002 DIR001
        1: TURN_TO SAT001 DIR001 DIR002
        2: SWITCH_ON INST000-001 SAT000
        3: CALIBRATE SAT000 INST000-001 DIR002
        4: TURN_TO SAT000 DIR001 DIR002
        5: TAKE_IMAGE SAT000 DIR001 INST000-001 MODE001
        6: TURN_TO SAT003 DIR001 DIR002
        7: SWITCH_ON INST003-001 SAT003
        8: CALIBRATE SAT003 INST003-001 DIR001
        9: TAKE_IMAGE SAT003 DIR001 INST003-001 MODE002
       10: SWITCH_ON INST002-001 SAT002
       11: CALIBRATE SAT002 INST002-001 DIR002
       12: TAKE_IMAGE SAT002 DIR002 INST002-001 MODE000
       13: SWITCH_ON INST005-002 SAT005
       14: CALIBRATE SAT005 INST005-002 DIR002
       15: TAKE_IMAGE SAT005 DIR002 INST005-002 MODE003
     

time spent:    0.00 seconds instantiating 162 easy, 0 hard action templates
               0.00 seconds reachability analysis, yielding 99 facts and 162 actions
               0.00 seconds creating final representation with 99 relevant facts
               0.00 seconds building connectivity graph
               0.00 seconds searching, evaluating 22 states, to a max depth of 1
               0.00 seconds total time

