
Plan found!
	( !UNSTACK B006 - BLOCK B005 - BLOCK )
	( !STACK B006 - BLOCK B007 - BLOCK )
	( !UNSTACK B006 - BLOCK B007 - BLOCK )
	( !STACK B006 - BLOCK B007 - BLOCK )
	( !UNSTACK B006 - BLOCK B007 - BLOCK )
	( !STACK B006 - BLOCK B005 - BLOCK )
	( !UNSTACK B006 - BLOCK B005 - BLOCK )
	( !STACK B006 - BLOCK B003 - BLOCK )
	( !PICKUP B007 - BLOCK )
	( !STACK B007 - BLOCK B005 - BLOCK )
	( !UNSTACK B006 - BLOCK B003 - BLOCK )
	( !PUTDOWN B006 - BLOCK )
	( !UNSTACK B003 - BLOCK B001 - BLOCK )
	( !PUTDOWN B003 - BLOCK )
	( !UNSTACK B001 - BLOCK B004 - BLOCK )
	( !STACK B001 - BLOCK B007 - BLOCK )
	( !UNSTACK B004 - BLOCK B002 - BLOCK )
	( !PUTDOWN B004 - BLOCK )
	( !UNSTACK B002 - BLOCK B000 - BLOCK )
	( !STACK B002 - BLOCK B001 - BLOCK )
	( !PICKUP B000 - BLOCK )
	( !STACK B000 - BLOCK B002 - BLOCK )
