
Plan found!
	( !UNSTACK B002 - BLOCK B001 - BLOCK )
	( !STACK B002 - BLOCK B007 - BLOCK )
	( !UNSTACK B001 - BLOCK B000 - BLOCK )
	( !PUTDOWN B001 - BLOCK )
	( !UNSTACK B002 - BLOCK B007 - BLOCK )
	( !STACK B002 - BLOCK B007 - BLOCK )
	( !UNSTACK B002 - BLOCK B007 - BLOCK )
	( !STACK B002 - BLOCK B005 - BLOCK )
	( !UNSTACK B007 - BLOCK B006 - BLOCK )
	( !STACK B007 - BLOCK B001 - BLOCK )
	( !UNSTACK B007 - BLOCK B001 - BLOCK )
	( !STACK B007 - BLOCK B001 - BLOCK )
	( !UNSTACK B007 - BLOCK B001 - BLOCK )
	( !STACK B007 - BLOCK B001 - BLOCK )
	( !UNSTACK B007 - BLOCK B001 - BLOCK )
	( !STACK B007 - BLOCK B006 - BLOCK )
	( !UNSTACK B007 - BLOCK B006 - BLOCK )
	( !STACK B007 - BLOCK B001 - BLOCK )
	( !UNSTACK B007 - BLOCK B001 - BLOCK )
	( !STACK B007 - BLOCK B000 - BLOCK )
	( !PICKUP B006 - BLOCK )
	( !STACK B006 - BLOCK B001 - BLOCK )
