
Plan found!
	( !UNSTACK B004 - BLOCK B005 - BLOCK )
	( !PUTDOWN B004 - BLOCK )
	( !UNSTACK B005 - BLOCK B007 - BLOCK )
	( !STACK B005 - BLOCK B012 - BLOCK )
	( !UNSTACK B007 - BLOCK B011 - BLOCK )
	( !STACK B007 - BLOCK B001 - BLOCK )
	( !UNSTACK B005 - BLOCK B012 - BLOCK )
	( !STACK B005 - BLOCK B008 - BLOCK )
	( !PICKUP B012 - BLOCK )
	( !STACK B012 - BLOCK B011 - BLOCK )
	( !UNSTACK B005 - BLOCK B008 - BLOCK )
	( !STACK B005 - BLOCK B004 - BLOCK )
	( !UNSTACK B008 - BLOCK B013 - BLOCK )
	( !STACK B008 - BLOCK B013 - BLOCK )
	( !UNSTACK B008 - BLOCK B013 - BLOCK )
	( !STACK B008 - BLOCK B003 - BLOCK )
	( !PICKUP B013 - BLOCK )
	( !STACK B013 - BLOCK B012 - BLOCK )
	( !UNSTACK B008 - BLOCK B003 - BLOCK )
	( !STACK B008 - BLOCK B007 - BLOCK )
	( !UNSTACK B003 - BLOCK B010 - BLOCK )
	( !STACK B003 - BLOCK B013 - BLOCK )
	( !UNSTACK B003 - BLOCK B013 - BLOCK )
	( !STACK B003 - BLOCK B008 - BLOCK )
	( !PICKUP B010 - BLOCK )
	( !STACK B010 - BLOCK B013 - BLOCK )
