
Plan found!
	( !UNSTACK B015 - BLOCK B009 - BLOCK )
	( !STACK B015 - BLOCK B004 - BLOCK )
	( !UNSTACK B009 - BLOCK B011 - BLOCK )
	( !STACK B009 - BLOCK B011 - BLOCK )
	( !UNSTACK B009 - BLOCK B011 - BLOCK )
	( !STACK B009 - BLOCK B011 - BLOCK )
	( !UNSTACK B009 - BLOCK B011 - BLOCK )
	( !STACK B009 - BLOCK B012 - BLOCK )
	( !UNSTACK B011 - BLOCK B008 - BLOCK )
	( !PUTDOWN B011 - BLOCK )
	( !UNSTACK B015 - BLOCK B004 - BLOCK )
	( !STACK B015 - BLOCK B008 - BLOCK )
	( !UNSTACK B004 - BLOCK B001 - BLOCK )
	( !PUTDOWN B004 - BLOCK )
	( !UNSTACK B001 - BLOCK B005 - BLOCK )
	( !PUTDOWN B001 - BLOCK )
	( !UNSTACK B005 - BLOCK B002 - BLOCK )
	( !PUTDOWN B005 - BLOCK )
	( !UNSTACK B002 - BLOCK B006 - BLOCK )
	( !STACK B002 - BLOCK B011 - BLOCK )
	( !UNSTACK B013 - BLOCK B014 - BLOCK )
	( !STACK B013 - BLOCK B002 - BLOCK )
	( !UNSTACK B014 - BLOCK B003 - BLOCK )
	( !STACK B014 - BLOCK B006 - BLOCK )
	( !UNSTACK B003 - BLOCK B007 - BLOCK )
	( !STACK B003 - BLOCK B004 - BLOCK )
	( !PICKUP B007 - BLOCK )
	( !STACK B007 - BLOCK B013 - BLOCK )
	( !UNSTACK B003 - BLOCK B004 - BLOCK )
	( !STACK B003 - BLOCK B007 - BLOCK )
