
Plan found!
	( !UNSTACK B009 - BLOCK B013 - BLOCK )
	( !STACK B009 - BLOCK B001 - BLOCK )
	( !UNSTACK B014 - BLOCK B004 - BLOCK )
	( !STACK B014 - BLOCK B009 - BLOCK )
	( !UNSTACK B014 - BLOCK B009 - BLOCK )
	( !STACK B014 - BLOCK B006 - BLOCK )
	( !UNSTACK B004 - BLOCK B003 - BLOCK )
	( !STACK B004 - BLOCK B003 - BLOCK )
	( !UNSTACK B004 - BLOCK B003 - BLOCK )
	( !STACK B004 - BLOCK B009 - BLOCK )
	( !UNSTACK B004 - BLOCK B009 - BLOCK )
	( !STACK B004 - BLOCK B012 - BLOCK )
	( !PICKUP B003 - BLOCK )
	( !STACK B003 - BLOCK B009 - BLOCK )
	( !UNSTACK B004 - BLOCK B012 - BLOCK )
	( !PUTDOWN B004 - BLOCK )
	( !UNSTACK B012 - BLOCK B005 - BLOCK )
	( !PUTDOWN B012 - BLOCK )
	( !UNSTACK B005 - BLOCK B015 - BLOCK )
	( !STACK B005 - BLOCK B003 - BLOCK )
