
Plan found!
	( !UNSTACK B014 - BLOCK B003 - BLOCK )
	( !STACK B014 - BLOCK B017 - BLOCK )
	( !UNSTACK B003 - BLOCK B012 - BLOCK )
	( !STACK B003 - BLOCK B012 - BLOCK )
	( !UNSTACK B003 - BLOCK B012 - BLOCK )
	( !STACK B003 - BLOCK B012 - BLOCK )
	( !UNSTACK B003 - BLOCK B012 - BLOCK )
	( !STACK B003 - BLOCK B009 - BLOCK )
	( !UNSTACK B012 - BLOCK B005 - BLOCK )
	( !PUTDOWN B012 - BLOCK )
	( !UNSTACK B015 - BLOCK B010 - BLOCK )
	( !STACK B015 - BLOCK B005 - BLOCK )
	( !UNSTACK B010 - BLOCK B016 - BLOCK )
	( !STACK B010 - BLOCK B016 - BLOCK )
	( !UNSTACK B010 - BLOCK B016 - BLOCK )
	( !STACK B010 - BLOCK B003 - BLOCK )
	( !UNSTACK B016 - BLOCK B011 - BLOCK )
	( !STACK B016 - BLOCK B012 - BLOCK )
	( !UNSTACK B016 - BLOCK B012 - BLOCK )
	( !STACK B016 - BLOCK B015 - BLOCK )
	( !UNSTACK B011 - BLOCK B008 - BLOCK )
	( !STACK B011 - BLOCK B016 - BLOCK )
	( !PICKUP B008 - BLOCK )
	( !STACK B008 - BLOCK B012 - BLOCK )
