
Plan found!
	( !UNSTACK B014 - BLOCK B000 - BLOCK )
	( !PUTDOWN B014 - BLOCK )
	( !UNSTACK B000 - BLOCK B015 - BLOCK )
	( !STACK B000 - BLOCK B014 - BLOCK )
	( !UNSTACK B015 - BLOCK B008 - BLOCK )
	( !STACK B015 - BLOCK B006 - BLOCK )
	( !UNSTACK B008 - BLOCK B004 - BLOCK )
	( !PUTDOWN B008 - BLOCK )
	( !UNSTACK B015 - BLOCK B006 - BLOCK )
	( !STACK B015 - BLOCK B004 - BLOCK )
	( !UNSTACK B006 - BLOCK B002 - BLOCK )
	( !STACK B006 - BLOCK B011 - BLOCK )
	( !UNSTACK B002 - BLOCK B012 - BLOCK )
	( !STACK B002 - BLOCK B000 - BLOCK )
	( !PICKUP B012 - BLOCK )
	( !STACK B012 - BLOCK B008 - BLOCK )
	( !UNSTACK B013 - BLOCK B005 - BLOCK )
	( !STACK B013 - BLOCK B003 - BLOCK )
	( !UNSTACK B005 - BLOCK B016 - BLOCK )
	( !STACK B005 - BLOCK B006 - BLOCK )
	( !UNSTACK B016 - BLOCK B019 - BLOCK )
	( !STACK B016 - BLOCK B010 - BLOCK )
	( !PICKUP B019 - BLOCK )
	( !STACK B019 - BLOCK B012 - BLOCK )
