
Plan found!
	( !UNSTACK B005 - BLOCK B008 - BLOCK )
	( !PUTDOWN B005 - BLOCK )
	( !UNSTACK B008 - BLOCK B009 - BLOCK )
	( !PUTDOWN B008 - BLOCK )
	( !UNSTACK B017 - BLOCK B016 - BLOCK )
	( !STACK B017 - BLOCK B008 - BLOCK )
	( !UNSTACK B009 - BLOCK B007 - BLOCK )
	( !STACK B009 - BLOCK B016 - BLOCK )
	( !UNSTACK B007 - BLOCK B011 - BLOCK )
	( !PUTDOWN B007 - BLOCK )
	( !UNSTACK B009 - BLOCK B016 - BLOCK )
	( !STACK B009 - BLOCK B016 - BLOCK )
	( !UNSTACK B009 - BLOCK B016 - BLOCK )
	( !STACK B009 - BLOCK B016 - BLOCK )
	( !UNSTACK B009 - BLOCK B016 - BLOCK )
	( !STACK B009 - BLOCK B017 - BLOCK )
	( !UNSTACK B016 - BLOCK B018 - BLOCK )
	( !STACK B016 - BLOCK B005 - BLOCK )
	( !UNSTACK B018 - BLOCK B019 - BLOCK )
	( !STACK B018 - BLOCK B007 - BLOCK )
	( !UNSTACK B019 - BLOCK B015 - BLOCK )
	( !STACK B019 - BLOCK B018 - BLOCK )
	( !PICKUP B015 - BLOCK )
	( !STACK B015 - BLOCK B011 - BLOCK )
