
Plan found!
	( !UNSTACK B016 - BLOCK B015 - BLOCK )
	( !STACK B016 - BLOCK B001 - BLOCK )
	( !UNSTACK B015 - BLOCK B020 - BLOCK )
	( !STACK B015 - BLOCK B018 - BLOCK )
	( !UNSTACK B020 - BLOCK B017 - BLOCK )
	( !PUTDOWN B020 - BLOCK )
	( !UNSTACK B015 - BLOCK B018 - BLOCK )
	( !STACK B015 - BLOCK B010 - BLOCK )
	( !UNSTACK B018 - BLOCK B004 - BLOCK )
	( !PUTDOWN B018 - BLOCK )
	( !UNSTACK B004 - BLOCK B013 - BLOCK )
	( !PUTDOWN B004 - BLOCK )
	( !UNSTACK B013 - BLOCK B019 - BLOCK )
	( !PUTDOWN B013 - BLOCK )
	( !UNSTACK B019 - BLOCK B000 - BLOCK )
	( !STACK B019 - BLOCK B020 - BLOCK )
	( !UNSTACK B016 - BLOCK B001 - BLOCK )
	( !PUTDOWN B016 - BLOCK )
	( !UNSTACK B001 - BLOCK B008 - BLOCK )
	( !STACK B001 - BLOCK B000 - BLOCK )
	( !UNSTACK B008 - BLOCK B007 - BLOCK )
	( !STACK B008 - BLOCK B001 - BLOCK )
	( !UNSTACK B007 - BLOCK B002 - BLOCK )
	( !STACK B007 - BLOCK B002 - BLOCK )
	( !UNSTACK B007 - BLOCK B002 - BLOCK )
	( !STACK B007 - BLOCK B021 - BLOCK )
	( !UNSTACK B002 - BLOCK B005 - BLOCK )
	( !STACK B002 - BLOCK B004 - BLOCK )
	( !PICKUP B005 - BLOCK )
	( !STACK B005 - BLOCK B019 - BLOCK )
	( !UNSTACK B017 - BLOCK B011 - BLOCK )
	( !STACK B017 - BLOCK B005 - BLOCK )
	( !UNSTACK B015 - BLOCK B010 - BLOCK )
	( !PUTDOWN B015 - BLOCK )
	( !UNSTACK B010 - BLOCK B006 - BLOCK )
	( !PUTDOWN B010 - BLOCK )
	( !UNSTACK B006 - BLOCK B003 - BLOCK )
	( !STACK B006 - BLOCK B017 - BLOCK )
