
Plan found!
	( !UNSTACK B024 - BLOCK B022 - BLOCK )
	( !STACK B024 - BLOCK B002 - BLOCK )
	( !UNSTACK B022 - BLOCK B025 - BLOCK )
	( !STACK B022 - BLOCK B009 - BLOCK )
	( !UNSTACK B025 - BLOCK B015 - BLOCK )
	( !PUTDOWN B025 - BLOCK )
	( !UNSTACK B017 - BLOCK B013 - BLOCK )
	( !PUTDOWN B017 - BLOCK )
	( !UNSTACK B013 - BLOCK B016 - BLOCK )
	( !STACK B013 - BLOCK B025 - BLOCK )
	( !PICKUP B017 - BLOCK )
	( !STACK B017 - BLOCK B013 - BLOCK )
	( !UNSTACK B022 - BLOCK B009 - BLOCK )
	( !STACK B022 - BLOCK B017 - BLOCK )
	( !UNSTACK B022 - BLOCK B017 - BLOCK )
	( !STACK B022 - BLOCK B024 - BLOCK )
	( !UNSTACK B009 - BLOCK B020 - BLOCK )
	( !PUTDOWN B009 - BLOCK )
	( !UNSTACK B020 - BLOCK B019 - BLOCK )
	( !PUTDOWN B020 - BLOCK )
	( !UNSTACK B019 - BLOCK B014 - BLOCK )
	( !PUTDOWN B019 - BLOCK )
	( !UNSTACK B014 - BLOCK B011 - BLOCK )
	( !STACK B014 - BLOCK B017 - BLOCK )
	( !PICKUP B015 - BLOCK )
	( !STACK B015 - BLOCK B014 - BLOCK )
