
Plan found!
	( !UNSTACK B021 - BLOCK B023 - BLOCK )
	( !PUTDOWN B021 - BLOCK )
	( !UNSTACK B008 - BLOCK B013 - BLOCK )
	( !STACK B008 - BLOCK B021 - BLOCK )
	( !UNSTACK B013 - BLOCK B002 - BLOCK )
	( !PUTDOWN B013 - BLOCK )
	( !UNSTACK B002 - BLOCK B014 - BLOCK )
	( !STACK B002 - BLOCK B023 - BLOCK )
	( !UNSTACK B008 - BLOCK B021 - BLOCK )
	( !STACK B008 - BLOCK B014 - BLOCK )
	( !UNSTACK B008 - BLOCK B014 - BLOCK )
	( !STACK B008 - BLOCK B018 - BLOCK )
	( !UNSTACK B014 - BLOCK B017 - BLOCK )
	( !STACK B014 - BLOCK B013 - BLOCK )
	( !PICKUP B017 - BLOCK )
	( !STACK B017 - BLOCK B021 - BLOCK )
	( !UNSTACK B008 - BLOCK B018 - BLOCK )
	( !PUTDOWN B008 - BLOCK )
	( !UNSTACK B018 - BLOCK B016 - BLOCK )
	( !PUTDOWN B018 - BLOCK )
	( !UNSTACK B016 - BLOCK B003 - BLOCK )
	( !STACK B016 - BLOCK B017 - BLOCK )
	( !UNSTACK B002 - BLOCK B023 - BLOCK )
	( !PUTDOWN B002 - BLOCK )
	( !UNSTACK B023 - BLOCK B024 - BLOCK )
	( !PUTDOWN B023 - BLOCK )
	( !UNSTACK B024 - BLOCK B022 - BLOCK )
	( !PUTDOWN B024 - BLOCK )
	( !UNSTACK B022 - BLOCK B020 - BLOCK )
	( !STACK B022 - BLOCK B016 - BLOCK )
