
Plan found!
	( !UNSTACK B000 - BLOCK B012 - BLOCK )
	( !PUTDOWN B000 - BLOCK )
	( !UNSTACK B012 - BLOCK B002 - BLOCK )
	( !PUTDOWN B012 - BLOCK )
	( !UNSTACK B009 - BLOCK B010 - BLOCK )
	( !STACK B009 - BLOCK B030 - BLOCK )
	( !UNSTACK B002 - BLOCK B006 - BLOCK )
	( !STACK B002 - BLOCK B010 - BLOCK )
	( !UNSTACK B006 - BLOCK B004 - BLOCK )
	( !PUTDOWN B006 - BLOCK )
	( !UNSTACK B002 - BLOCK B010 - BLOCK )
	( !STACK B002 - BLOCK B013 - BLOCK )
	( !UNSTACK B010 - BLOCK B011 - BLOCK )
	( !STACK B010 - BLOCK B000 - BLOCK )
	( !UNSTACK B011 - BLOCK B008 - BLOCK )
	( !STACK B011 - BLOCK B026 - BLOCK )
	( !UNSTACK B008 - BLOCK B016 - BLOCK )
	( !STACK B008 - BLOCK B012 - BLOCK )
	( !PICKUP B016 - BLOCK )
	( !STACK B016 - BLOCK B004 - BLOCK )
	( !UNSTACK B002 - BLOCK B013 - BLOCK )
	( !PUTDOWN B002 - BLOCK )
	( !UNSTACK B013 - BLOCK B017 - BLOCK )
	( !STACK B013 - BLOCK B016 - BLOCK )
	( !UNSTACK B007 - BLOCK B001 - BLOCK )
	( !PUTDOWN B007 - BLOCK )
	( !UNSTACK B001 - BLOCK B003 - BLOCK )
	( !PUTDOWN B001 - BLOCK )
	( !UNSTACK B003 - BLOCK B005 - BLOCK )
	( !STACK B003 - BLOCK B013 - BLOCK )
	( !PICKUP B002 - BLOCK )
	( !STACK B002 - BLOCK B003 - BLOCK )
