
Plan found!
	( !UNSTACK B002 - BLOCK B004 - BLOCK )
	( !PUTDOWN B002 - BLOCK )
	( !UNSTACK B004 - BLOCK B000 - BLOCK )
	( !PUTDOWN B004 - BLOCK )
	( !UNSTACK B000 - BLOCK B007 - BLOCK )
	( !STACK B000 - BLOCK B002 - BLOCK )
	( !UNSTACK B019 - BLOCK B020 - BLOCK )
	( !STACK B019 - BLOCK B024 - BLOCK )
	( !UNSTACK B020 - BLOCK B016 - BLOCK )
	( !STACK B020 - BLOCK B030 - BLOCK )
	( !UNSTACK B016 - BLOCK B010 - BLOCK )
	( !STACK B016 - BLOCK B007 - BLOCK )
	( !UNSTACK B010 - BLOCK B001 - BLOCK )
	( !STACK B010 - BLOCK B016 - BLOCK )
	( !PICKUP B001 - BLOCK )
	( !STACK B001 - BLOCK B000 - BLOCK )
	( !UNSTACK B010 - BLOCK B016 - BLOCK )
	( !PUTDOWN B010 - BLOCK )
	( !UNSTACK B016 - BLOCK B007 - BLOCK )
	( !PUTDOWN B016 - BLOCK )
	( !UNSTACK B007 - BLOCK B006 - BLOCK )
	( !STACK B007 - BLOCK B001 - BLOCK )
	( !UNSTACK B027 - BLOCK B009 - BLOCK )
	( !PUTDOWN B027 - BLOCK )
	( !UNSTACK B009 - BLOCK B005 - BLOCK )
	( !STACK B009 - BLOCK B007 - BLOCK )
