
Plan found!
	( !UNSTACK B009 - BLOCK B011 - BLOCK )
	( !STACK B009 - BLOCK B000 - BLOCK )
	( !UNSTACK B011 - BLOCK B013 - BLOCK )
	( !PUTDOWN B011 - BLOCK )
	( !UNSTACK B009 - BLOCK B000 - BLOCK )
	( !STACK B009 - BLOCK B011 - BLOCK )
	( !UNSTACK B014 - BLOCK B021 - BLOCK )
	( !STACK B014 - BLOCK B009 - BLOCK )
	( !UNSTACK B021 - BLOCK B006 - BLOCK )
	( !PUTDOWN B021 - BLOCK )
	( !UNSTACK B006 - BLOCK B019 - BLOCK )
	( !STACK B006 - BLOCK B014 - BLOCK )
	( !UNSTACK B013 - BLOCK B010 - BLOCK )
	( !STACK B013 - BLOCK B010 - BLOCK )
	( !UNSTACK B013 - BLOCK B010 - BLOCK )
	( !STACK B013 - BLOCK B021 - BLOCK )
	( !UNSTACK B010 - BLOCK B005 - BLOCK )
	( !STACK B010 - BLOCK B019 - BLOCK )
	( !PICKUP B005 - BLOCK )
	( !STACK B005 - BLOCK B006 - BLOCK )
