
Plan found!
	( !UNSTACK B016 - BLOCK B014 - BLOCK )
	( !PUTDOWN B016 - BLOCK )
	( !UNSTACK B014 - BLOCK B008 - BLOCK )
	( !STACK B014 - BLOCK B016 - BLOCK )
	( !UNSTACK B008 - BLOCK B011 - BLOCK )
	( !STACK B008 - BLOCK B014 - BLOCK )
	( !UNSTACK B011 - BLOCK B005 - BLOCK )
	( !PUTDOWN B011 - BLOCK )
	( !UNSTACK B009 - BLOCK B004 - BLOCK )
	( !STACK B009 - BLOCK B022 - BLOCK )
	( !UNSTACK B004 - BLOCK B013 - BLOCK )
	( !STACK B004 - BLOCK B011 - BLOCK )
	( !UNSTACK B013 - BLOCK B007 - BLOCK )
	( !STACK B013 - BLOCK B007 - BLOCK )
	( !UNSTACK B013 - BLOCK B007 - BLOCK )
	( !STACK B013 - BLOCK B005 - BLOCK )
	( !UNSTACK B004 - BLOCK B011 - BLOCK )
	( !STACK B004 - BLOCK B009 - BLOCK )
	( !UNSTACK B007 - BLOCK B010 - BLOCK )
	( !STACK B007 - BLOCK B013 - BLOCK )
	( !PICKUP B010 - BLOCK )
	( !STACK B010 - BLOCK B011 - BLOCK )
	( !UNSTACK B002 - BLOCK B003 - BLOCK )
	( !PUTDOWN B002 - BLOCK )
	( !UNSTACK B003 - BLOCK B019 - BLOCK )
	( !STACK B003 - BLOCK B010 - BLOCK )
	( !UNSTACK B000 - BLOCK B012 - BLOCK )
	( !STACK B000 - BLOCK B003 - BLOCK )
	( !PICKUP B002 - BLOCK )
	( !STACK B002 - BLOCK B000 - BLOCK )
