
Plan found!
	( !UNSTACK B017 - BLOCK B014 - BLOCK )
	( !PUTDOWN B017 - BLOCK )
	( !UNSTACK B008 - BLOCK B010 - BLOCK )
	( !PUTDOWN B008 - BLOCK )
	( !UNSTACK B010 - BLOCK B006 - BLOCK )
	( !PUTDOWN B010 - BLOCK )
	( !UNSTACK B006 - BLOCK B009 - BLOCK )
	( !PUTDOWN B006 - BLOCK )
	( !UNSTACK B009 - BLOCK B011 - BLOCK )
	( !STACK B009 - BLOCK B017 - BLOCK )
	( !UNSTACK B020 - BLOCK B026 - BLOCK )
	( !STACK B020 - BLOCK B035 - BLOCK )
	( !UNSTACK B026 - BLOCK B019 - BLOCK )
	( !STACK B026 - BLOCK B023 - BLOCK )
	( !UNSTACK B019 - BLOCK B012 - BLOCK )
	( !STACK B019 - BLOCK B024 - BLOCK )
	( !UNSTACK B012 - BLOCK B021 - BLOCK )
	( !STACK B012 - BLOCK B026 - BLOCK )
	( !PICKUP B021 - BLOCK )
	( !STACK B021 - BLOCK B009 - BLOCK )
	( !PICKUP B006 - BLOCK )
	( !STACK B006 - BLOCK B021 - BLOCK )
	( !UNSTACK B019 - BLOCK B024 - BLOCK )
	( !STACK B019 - BLOCK B006 - BLOCK )
