
Plan found!
	( !UNSTACK B039 - BLOCK B037 - BLOCK )
	( !STACK B039 - BLOCK B034 - BLOCK )
	( !UNSTACK B037 - BLOCK B036 - BLOCK )
	( !PUTDOWN B037 - BLOCK )
	( !UNSTACK B023 - BLOCK B000 - BLOCK )
	( !STACK B023 - BLOCK B037 - BLOCK )
	( !UNSTACK B036 - BLOCK B038 - BLOCK )
	( !PUTDOWN B036 - BLOCK )
	( !UNSTACK B038 - BLOCK B035 - BLOCK )
	( !STACK B038 - BLOCK B023 - BLOCK )
	( !PICKUP B036 - BLOCK )
	( !STACK B036 - BLOCK B038 - BLOCK )
	( !UNSTACK B000 - BLOCK B003 - BLOCK )
	( !STACK B000 - BLOCK B036 - BLOCK )
	( !UNSTACK B003 - BLOCK B001 - BLOCK )
	( !STACK B003 - BLOCK B021 - BLOCK )
	( !UNSTACK B000 - BLOCK B036 - BLOCK )
	( !STACK B000 - BLOCK B008 - BLOCK )
	( !UNSTACK B001 - BLOCK B026 - BLOCK )
	( !STACK B001 - BLOCK B025 - BLOCK )
	( !PICKUP B026 - BLOCK )
	( !STACK B026 - BLOCK B036 - BLOCK )
