
Plan found!
	( !UNSTACK B013 - BLOCK B003 - BLOCK )
	( !PUTDOWN B013 - BLOCK )
	( !UNSTACK B003 - BLOCK B008 - BLOCK )
	( !PUTDOWN B003 - BLOCK )
	( !UNSTACK B008 - BLOCK B009 - BLOCK )
	( !PUTDOWN B008 - BLOCK )
	( !UNSTACK B009 - BLOCK B021 - BLOCK )
	( !PUTDOWN B009 - BLOCK )
	( !UNSTACK B024 - BLOCK B010 - BLOCK )
	( !STACK B024 - BLOCK B021 - BLOCK )
	( !UNSTACK B010 - BLOCK B017 - BLOCK )
	( !PUTDOWN B010 - BLOCK )
	( !UNSTACK B017 - BLOCK B026 - BLOCK )
	( !PUTDOWN B017 - BLOCK )
	( !UNSTACK B026 - BLOCK B023 - BLOCK )
	( !STACK B026 - BLOCK B024 - BLOCK )
	( !PICKUP B010 - BLOCK )
	( !STACK B010 - BLOCK B026 - BLOCK )
	( !UNSTACK B020 - BLOCK B027 - BLOCK )
	( !STACK B020 - BLOCK B009 - BLOCK )
	( !UNSTACK B027 - BLOCK B030 - BLOCK )
	( !STACK B027 - BLOCK B041 - BLOCK )
	( !UNSTACK B030 - BLOCK B028 - BLOCK )
	( !STACK B030 - BLOCK B015 - BLOCK )
	( !UNSTACK B028 - BLOCK B019 - BLOCK )
	( !STACK B028 - BLOCK B030 - BLOCK )
	( !PICKUP B019 - BLOCK )
	( !STACK B019 - BLOCK B010 - BLOCK )
