
Plan found!
	( !UNSTACK B010 - BLOCK B022 - BLOCK )
	( !PUTDOWN B010 - BLOCK )
	( !UNSTACK B022 - BLOCK B006 - BLOCK )
	( !STACK B022 - BLOCK B003 - BLOCK )
	( !UNSTACK B006 - BLOCK B013 - BLOCK )
	( !STACK B006 - BLOCK B015 - BLOCK )
	( !UNSTACK B013 - BLOCK B008 - BLOCK )
	( !PUTDOWN B013 - BLOCK )
	( !UNSTACK B031 - BLOCK B038 - BLOCK )
	( !STACK B031 - BLOCK B032 - BLOCK )
	( !UNSTACK B038 - BLOCK B042 - BLOCK )
	( !STACK B038 - BLOCK B008 - BLOCK )
	( !UNSTACK B042 - BLOCK B041 - BLOCK )
	( !STACK B042 - BLOCK B011 - BLOCK )
	( !UNSTACK B041 - BLOCK B029 - BLOCK )
	( !STACK B041 - BLOCK B022 - BLOCK )
	( !PICKUP B029 - BLOCK )
	( !STACK B029 - BLOCK B013 - BLOCK )
	( !UNSTACK B041 - BLOCK B022 - BLOCK )
	( !STACK B041 - BLOCK B038 - BLOCK )
	( !UNSTACK B022 - BLOCK B003 - BLOCK )
	( !PUTDOWN B022 - BLOCK )
	( !UNSTACK B003 - BLOCK B009 - BLOCK )
	( !PUTDOWN B003 - BLOCK )
	( !UNSTACK B009 - BLOCK B000 - BLOCK )
	( !PUTDOWN B009 - BLOCK )
	( !UNSTACK B000 - BLOCK B001 - BLOCK )
	( !STACK B000 - BLOCK B029 - BLOCK )
	( !PICKUP B022 - BLOCK )
	( !STACK B022 - BLOCK B000 - BLOCK )
	( !UNSTACK B019 - BLOCK B026 - BLOCK )
	( !PUTDOWN B019 - BLOCK )
	( !UNSTACK B026 - BLOCK B028 - BLOCK )
	( !PUTDOWN B026 - BLOCK )
	( !UNSTACK B028 - BLOCK B034 - BLOCK )
	( !STACK B028 - BLOCK B022 - BLOCK )
