
Plan found!
	( !UNSTACK B042 - BLOCK B043 - BLOCK )
	( !STACK B042 - BLOCK B034 - BLOCK )
	( !UNSTACK B043 - BLOCK B041 - BLOCK )
	( !STACK B043 - BLOCK B042 - BLOCK )
	( !UNSTACK B041 - BLOCK B040 - BLOCK )
	( !PUTDOWN B041 - BLOCK )
	( !UNSTACK B043 - BLOCK B042 - BLOCK )
	( !STACK B043 - BLOCK B041 - BLOCK )
	( !UNSTACK B042 - BLOCK B034 - BLOCK )
	( !STACK B042 - BLOCK B043 - BLOCK )
	( !UNSTACK B038 - BLOCK B036 - BLOCK )
	( !STACK B038 - BLOCK B034 - BLOCK )
	( !UNSTACK B036 - BLOCK B035 - BLOCK )
	( !STACK B036 - BLOCK B035 - BLOCK )
	( !UNSTACK B036 - BLOCK B035 - BLOCK )
	( !STACK B036 - BLOCK B040 - BLOCK )
	( !UNSTACK B035 - BLOCK B037 - BLOCK )
	( !STACK B035 - BLOCK B042 - BLOCK )
	( !UNSTACK B035 - BLOCK B042 - BLOCK )
	( !STACK B035 - BLOCK B038 - BLOCK )
	( !UNSTACK B037 - BLOCK B039 - BLOCK )
	( !STACK B037 - BLOCK B035 - BLOCK )
	( !PICKUP B039 - BLOCK )
	( !STACK B039 - BLOCK B042 - BLOCK )
