
Plan found!
	( !UNSTACK B001 - BLOCK B002 - BLOCK )
	( !STACK B001 - BLOCK B015 - BLOCK )
	( !UNSTACK B002 - BLOCK B003 - BLOCK )
	( !PUTDOWN B002 - BLOCK )
	( !UNSTACK B003 - BLOCK B009 - BLOCK )
	( !STACK B003 - BLOCK B012 - BLOCK )
	( !UNSTACK B009 - BLOCK B004 - BLOCK )
	( !STACK B009 - BLOCK B008 - BLOCK )
	( !PICKUP B004 - BLOCK )
	( !STACK B004 - BLOCK B002 - BLOCK )
	( !UNSTACK B009 - BLOCK B008 - BLOCK )
	( !STACK B009 - BLOCK B003 - BLOCK )
	( !UNSTACK B008 - BLOCK B006 - BLOCK )
	( !PUTDOWN B008 - BLOCK )
	( !UNSTACK B006 - BLOCK B005 - BLOCK )
	( !STACK B006 - BLOCK B008 - BLOCK )
	( !UNSTACK B005 - BLOCK B007 - BLOCK )
	( !STACK B005 - BLOCK B018 - BLOCK )
	( !UNSTACK B007 - BLOCK B000 - BLOCK )
	( !STACK B007 - BLOCK B005 - BLOCK )
	( !PICKUP B000 - BLOCK )
	( !STACK B000 - BLOCK B004 - BLOCK )
	( !UNSTACK B001 - BLOCK B015 - BLOCK )
	( !STACK B001 - BLOCK B000 - BLOCK )
	( !UNSTACK B009 - BLOCK B003 - BLOCK )
	( !PUTDOWN B009 - BLOCK )
	( !UNSTACK B003 - BLOCK B012 - BLOCK )
	( !STACK B003 - BLOCK B001 - BLOCK )
