
Plan found!
	( !UNSTACK B019 - BLOCK B009 - BLOCK )
	( !STACK B019 - BLOCK B022 - BLOCK )
	( !UNSTACK B009 - BLOCK B008 - BLOCK )
	( !PUTDOWN B009 - BLOCK )
	( !UNSTACK B017 - BLOCK B001 - BLOCK )
	( !PUTDOWN B017 - BLOCK )
	( !UNSTACK B001 - BLOCK B003 - BLOCK )
	( !STACK B001 - BLOCK B005 - BLOCK )
	( !UNSTACK B003 - BLOCK B015 - BLOCK )
	( !STACK B003 - BLOCK B018 - BLOCK )
	( !UNSTACK B015 - BLOCK B007 - BLOCK )
	( !STACK B015 - BLOCK B001 - BLOCK )
	( !PICKUP B007 - BLOCK )
	( !STACK B007 - BLOCK B009 - BLOCK )
	( !PICKUP B014 - BLOCK )
	( !STACK B014 - BLOCK B007 - BLOCK )
	( !UNSTACK B002 - BLOCK B020 - BLOCK )
	( !PUTDOWN B002 - BLOCK )
	( !UNSTACK B020 - BLOCK B010 - BLOCK )
	( !PUTDOWN B020 - BLOCK )
	( !UNSTACK B010 - BLOCK B013 - BLOCK )
	( !STACK B010 - BLOCK B014 - BLOCK )
	( !PICKUP B013 - BLOCK )
	( !STACK B013 - BLOCK B010 - BLOCK )
