
Plan found!
	( !UNSTACK B023 - BLOCK B014 - BLOCK )
	( !STACK B023 - BLOCK B002 - BLOCK )
	( !UNSTACK B014 - BLOCK B010 - BLOCK )
	( !PUTDOWN B014 - BLOCK )
	( !UNSTACK B022 - BLOCK B019 - BLOCK )
	( !STACK B022 - BLOCK B018 - BLOCK )
	( !UNSTACK B019 - BLOCK B011 - BLOCK )
	( !STACK B019 - BLOCK B004 - BLOCK )
	( !PICKUP B011 - BLOCK )
	( !STACK B011 - BLOCK B014 - BLOCK )
	( !UNSTACK B023 - BLOCK B002 - BLOCK )
	( !STACK B023 - BLOCK B011 - BLOCK )
	( !UNSTACK B002 - BLOCK B016 - BLOCK )
	( !PUTDOWN B002 - BLOCK )
	( !UNSTACK B016 - BLOCK B006 - BLOCK )
	( !STACK B016 - BLOCK B019 - BLOCK )
	( !UNSTACK B006 - BLOCK B017 - BLOCK )
	( !STACK B006 - BLOCK B023 - BLOCK )
	( !UNSTACK B006 - BLOCK B023 - BLOCK )
	( !STACK B006 - BLOCK B002 - BLOCK )
	( !UNSTACK B017 - BLOCK B020 - BLOCK )
	( !STACK B017 - BLOCK B006 - BLOCK )
	( !PICKUP B020 - BLOCK )
	( !STACK B020 - BLOCK B023 - BLOCK )
	( !UNSTACK B012 - BLOCK B024 - BLOCK )
	( !STACK B012 - BLOCK B024 - BLOCK )
	( !UNSTACK B012 - BLOCK B024 - BLOCK )
	( !STACK B012 - BLOCK B022 - BLOCK )
	( !PICKUP B024 - BLOCK )
	( !STACK B024 - BLOCK B020 - BLOCK )
