
Plan found!
	( !UNSTACK B023 - BLOCK B015 - BLOCK )
	( !STACK B023 - BLOCK B012 - BLOCK )
	( !UNSTACK B015 - BLOCK B019 - BLOCK )
	( !STACK B015 - BLOCK B025 - BLOCK )
	( !UNSTACK B019 - BLOCK B024 - BLOCK )
	( !PUTDOWN B019 - BLOCK )
	( !UNSTACK B023 - BLOCK B012 - BLOCK )
	( !PUTDOWN B023 - BLOCK )
	( !UNSTACK B012 - BLOCK B000 - BLOCK )
	( !STACK B012 - BLOCK B019 - BLOCK )
	( !UNSTACK B003 - BLOCK B017 - BLOCK )
	( !STACK B003 - BLOCK B012 - BLOCK )
	( !UNSTACK B009 - BLOCK B013 - BLOCK )
	( !PUTDOWN B009 - BLOCK )
	( !UNSTACK B013 - BLOCK B020 - BLOCK )
	( !STACK B013 - BLOCK B000 - BLOCK )
	( !UNSTACK B020 - BLOCK B018 - BLOCK )
	( !STACK B020 - BLOCK B008 - BLOCK )
	( !UNSTACK B018 - BLOCK B005 - BLOCK )
	( !STACK B018 - BLOCK B024 - BLOCK )
	( !PICKUP B005 - BLOCK )
	( !STACK B005 - BLOCK B003 - BLOCK )
	( !UNSTACK B013 - BLOCK B000 - BLOCK )
	( !PUTDOWN B013 - BLOCK )
	( !UNSTACK B000 - BLOCK B002 - BLOCK )
	( !STACK B000 - BLOCK B005 - BLOCK )
