
Plan found!
	( !UNSTACK B022 - BLOCK B017 - BLOCK )
	( !PUTDOWN B022 - BLOCK )
	( !UNSTACK B017 - BLOCK B018 - BLOCK )
	( !STACK B017 - BLOCK B023 - BLOCK )
	( !UNSTACK B018 - BLOCK B020 - BLOCK )
	( !STACK B018 - BLOCK B020 - BLOCK )
	( !UNSTACK B018 - BLOCK B020 - BLOCK )
	( !STACK B018 - BLOCK B012 - BLOCK )
	( !UNSTACK B020 - BLOCK B015 - BLOCK )
	( !PUTDOWN B020 - BLOCK )
	( !UNSTACK B007 - BLOCK B005 - BLOCK )
	( !STACK B007 - BLOCK B020 - BLOCK )
	( !UNSTACK B018 - BLOCK B012 - BLOCK )
	( !STACK B018 - BLOCK B007 - BLOCK )
	( !UNSTACK B018 - BLOCK B007 - BLOCK )
	( !STACK B018 - BLOCK B017 - BLOCK )
	( !UNSTACK B012 - BLOCK B006 - BLOCK )
	( !PUTDOWN B012 - BLOCK )
	( !UNSTACK B006 - BLOCK B001 - BLOCK )
	( !STACK B006 - BLOCK B007 - BLOCK )
	( !UNSTACK B005 - BLOCK B002 - BLOCK )
	( !STACK B005 - BLOCK B006 - BLOCK )
	( !UNSTACK B001 - BLOCK B000 - BLOCK )
	( !STACK B001 - BLOCK B000 - BLOCK )
	( !UNSTACK B001 - BLOCK B000 - BLOCK )
	( !STACK B001 - BLOCK B010 - BLOCK )
	( !UNSTACK B000 - BLOCK B004 - BLOCK )
	( !STACK B000 - BLOCK B015 - BLOCK )
	( !UNSTACK B005 - BLOCK B006 - BLOCK )
	( !STACK B005 - BLOCK B004 - BLOCK )
	( !UNSTACK B006 - BLOCK B007 - BLOCK )
	( !STACK B006 - BLOCK B022 - BLOCK )
	( !UNSTACK B005 - BLOCK B004 - BLOCK )
	( !STACK B005 - BLOCK B006 - BLOCK )
	( !PICKUP B004 - BLOCK )
	( !STACK B004 - BLOCK B007 - BLOCK )
	( !UNSTACK B024 - BLOCK B021 - BLOCK )
	( !PUTDOWN B024 - BLOCK )
	( !UNSTACK B021 - BLOCK B025 - BLOCK )
	( !STACK B021 - BLOCK B004 - BLOCK )
	( !UNSTACK B027 - BLOCK B019 - BLOCK )
	( !STACK B027 - BLOCK B001 - BLOCK )
	( !PICKUP B019 - BLOCK )
	( !STACK B019 - BLOCK B021 - BLOCK )
