
Plan found!
	( !UNSTACK B012 - BLOCK B010 - BLOCK )
	( !STACK B012 - BLOCK B026 - BLOCK )
	( !UNSTACK B010 - BLOCK B009 - BLOCK )
	( !STACK B010 - BLOCK B020 - BLOCK )
	( !UNSTACK B009 - BLOCK B003 - BLOCK )
	( !PUTDOWN B009 - BLOCK )
	( !UNSTACK B003 - BLOCK B016 - BLOCK )
	( !STACK B003 - BLOCK B008 - BLOCK )
	( !PICKUP B016 - BLOCK )
	( !STACK B016 - BLOCK B009 - BLOCK )
	( !UNSTACK B001 - BLOCK B011 - BLOCK )
	( !PUTDOWN B001 - BLOCK )
	( !UNSTACK B011 - BLOCK B002 - BLOCK )
	( !PUTDOWN B011 - BLOCK )
	( !UNSTACK B002 - BLOCK B005 - BLOCK )
	( !STACK B002 - BLOCK B016 - BLOCK )
	( !UNSTACK B005 - BLOCK B004 - BLOCK )
	( !STACK B005 - BLOCK B001 - BLOCK )
	( !PICKUP B004 - BLOCK )
	( !STACK B004 - BLOCK B002 - BLOCK )
	( !UNSTACK B005 - BLOCK B001 - BLOCK )
	( !STACK B005 - BLOCK B004 - BLOCK )
