
Plan found!
	( !UNSTACK B027 - BLOCK B022 - BLOCK )
	( !PUTDOWN B027 - BLOCK )
	( !UNSTACK B022 - BLOCK B024 - BLOCK )
	( !PUTDOWN B022 - BLOCK )
	( !UNSTACK B017 - BLOCK B003 - BLOCK )
	( !PUTDOWN B017 - BLOCK )
	( !UNSTACK B003 - BLOCK B016 - BLOCK )
	( !PUTDOWN B003 - BLOCK )
	( !UNSTACK B024 - BLOCK B026 - BLOCK )
	( !STACK B024 - BLOCK B016 - BLOCK )
	( !UNSTACK B026 - BLOCK B011 - BLOCK )
	( !PUTDOWN B026 - BLOCK )
	( !UNSTACK B024 - BLOCK B016 - BLOCK )
	( !PUTDOWN B024 - BLOCK )
	( !UNSTACK B016 - BLOCK B005 - BLOCK )
	( !STACK B016 - BLOCK B011 - BLOCK )
	( !PICKUP B022 - BLOCK )
	( !STACK B022 - BLOCK B016 - BLOCK )
	( !UNSTACK B002 - BLOCK B000 - BLOCK )
	( !PUTDOWN B002 - BLOCK )
	( !UNSTACK B000 - BLOCK B004 - BLOCK )
	( !STACK B000 - BLOCK B027 - BLOCK )
	( !UNSTACK B004 - BLOCK B001 - BLOCK )
	( !STACK B004 - BLOCK B029 - BLOCK )
	( !UNSTACK B001 - BLOCK B006 - BLOCK )
	( !STACK B001 - BLOCK B017 - BLOCK )
	( !PICKUP B006 - BLOCK )
	( !STACK B006 - BLOCK B022 - BLOCK )
	( !UNSTACK B021 - BLOCK B010 - BLOCK )
	( !STACK B021 - BLOCK B006 - BLOCK )
