
Plan found!
	( !UNSTACK B017 - BLOCK B013 - BLOCK )
	( !PUTDOWN B017 - BLOCK )
	( !UNSTACK B010 - BLOCK B011 - BLOCK )
	( !PUTDOWN B010 - BLOCK )
	( !UNSTACK B013 - BLOCK B020 - BLOCK )
	( !PUTDOWN B013 - BLOCK )
	( !UNSTACK B011 - BLOCK B012 - BLOCK )
	( !PUTDOWN B011 - BLOCK )
	( !UNSTACK B012 - BLOCK B015 - BLOCK )
	( !PUTDOWN B012 - BLOCK )
	( !UNSTACK B020 - BLOCK B018 - BLOCK )
	( !STACK B020 - BLOCK B015 - BLOCK )
	( !UNSTACK B018 - BLOCK B016 - BLOCK )
	( !PUTDOWN B018 - BLOCK )
	( !UNSTACK B020 - BLOCK B015 - BLOCK )
	( !PUTDOWN B020 - BLOCK )
	( !UNSTACK B015 - BLOCK B014 - BLOCK )
	( !STACK B015 - BLOCK B016 - BLOCK )
	( !PICKUP B017 - BLOCK )
	( !STACK B017 - BLOCK B015 - BLOCK )
	( !UNSTACK B031 - BLOCK B019 - BLOCK )
	( !PUTDOWN B031 - BLOCK )
	( !UNSTACK B019 - BLOCK B030 - BLOCK )
	( !STACK B019 - BLOCK B017 - BLOCK )
