
Plan found!
	( !UNSTACK B005 - BLOCK B003 - BLOCK )
	( !PUTDOWN B005 - BLOCK )
	( !UNSTACK B003 - BLOCK B008 - BLOCK )
	( !STACK B003 - BLOCK B018 - BLOCK )
	( !UNSTACK B021 - BLOCK B023 - BLOCK )
	( !STACK B021 - BLOCK B031 - BLOCK )
	( !UNSTACK B008 - BLOCK B004 - BLOCK )
	( !STACK B008 - BLOCK B023 - BLOCK )
	( !UNSTACK B004 - BLOCK B011 - BLOCK )
	( !STACK B004 - BLOCK B021 - BLOCK )
	( !UNSTACK B008 - BLOCK B023 - BLOCK )
	( !STACK B008 - BLOCK B017 - BLOCK )
	( !PICKUP B023 - BLOCK )
	( !STACK B023 - BLOCK B011 - BLOCK )
	( !UNSTACK B030 - BLOCK B019 - BLOCK )
	( !STACK B030 - BLOCK B026 - BLOCK )
	( !PICKUP B019 - BLOCK )
	( !STACK B019 - BLOCK B023 - BLOCK )
	( !UNSTACK B033 - BLOCK B000 - BLOCK )
	( !STACK B033 - BLOCK B019 - BLOCK )
