
Plan found!
	( !UNSTACK B015 - BLOCK B012 - BLOCK )
	( !PUTDOWN B015 - BLOCK )
	( !UNSTACK B012 - BLOCK B003 - BLOCK )
	( !STACK B012 - BLOCK B015 - BLOCK )
	( !UNSTACK B003 - BLOCK B016 - BLOCK )
	( !STACK B003 - BLOCK B012 - BLOCK )
	( !UNSTACK B016 - BLOCK B018 - BLOCK )
	( !PUTDOWN B016 - BLOCK )
	( !UNSTACK B022 - BLOCK B013 - BLOCK )
	( !PUTDOWN B022 - BLOCK )
	( !UNSTACK B013 - BLOCK B008 - BLOCK )
	( !PUTDOWN B013 - BLOCK )
	( !UNSTACK B008 - BLOCK B007 - BLOCK )
	( !PUTDOWN B008 - BLOCK )
	( !UNSTACK B007 - BLOCK B020 - BLOCK )
	( !STACK B007 - BLOCK B016 - BLOCK )
	( !PICKUP B008 - BLOCK )
	( !STACK B008 - BLOCK B007 - BLOCK )
	( !UNSTACK B011 - BLOCK B025 - BLOCK )
	( !STACK B011 - BLOCK B008 - BLOCK )
	( !UNSTACK B000 - BLOCK B002 - BLOCK )
	( !PUTDOWN B000 - BLOCK )
	( !UNSTACK B002 - BLOCK B006 - BLOCK )
	( !PUTDOWN B002 - BLOCK )
	( !UNSTACK B006 - BLOCK B010 - BLOCK )
	( !STACK B006 - BLOCK B011 - BLOCK )
