
Plan found!
	( !UNSTACK B020 - BLOCK B007 - BLOCK )
	( !PUTDOWN B020 - BLOCK )
	( !UNSTACK B007 - BLOCK B008 - BLOCK )
	( !PUTDOWN B007 - BLOCK )
	( !UNSTACK B027 - BLOCK B009 - BLOCK )
	( !STACK B027 - BLOCK B020 - BLOCK )
	( !UNSTACK B009 - BLOCK B012 - BLOCK )
	( !STACK B009 - BLOCK B006 - BLOCK )
	( !UNSTACK B012 - BLOCK B013 - BLOCK )
	( !STACK B012 - BLOCK B019 - BLOCK )
	( !PICKUP B013 - BLOCK )
	( !STACK B013 - BLOCK B008 - BLOCK )
	( !UNSTACK B012 - BLOCK B019 - BLOCK )
	( !STACK B012 - BLOCK B013 - BLOCK )
	( !PICKUP B014 - BLOCK )
	( !STACK B014 - BLOCK B012 - BLOCK )
	( !UNSTACK B017 - BLOCK B010 - BLOCK )
	( !PUTDOWN B017 - BLOCK )
	( !UNSTACK B010 - BLOCK B005 - BLOCK )
	( !PUTDOWN B010 - BLOCK )
	( !UNSTACK B005 - BLOCK B036 - BLOCK )
	( !STACK B005 - BLOCK B014 - BLOCK )
