
Plan found!
	( !UNSTACK B018 - BLOCK B019 - BLOCK )
	( !STACK B018 - BLOCK B026 - BLOCK )
	( !UNSTACK B019 - BLOCK B016 - BLOCK )
	( !PUTDOWN B019 - BLOCK )
	( !UNSTACK B018 - BLOCK B026 - BLOCK )
	( !PUTDOWN B018 - BLOCK )
	( !UNSTACK B026 - BLOCK B021 - BLOCK )
	( !PUTDOWN B026 - BLOCK )
	( !UNSTACK B021 - BLOCK B024 - BLOCK )
	( !PUTDOWN B021 - BLOCK )
	( !UNSTACK B024 - BLOCK B020 - BLOCK )
	( !PUTDOWN B024 - BLOCK )
	( !UNSTACK B020 - BLOCK B025 - BLOCK )
	( !STACK B020 - BLOCK B019 - BLOCK )
	( !PICKUP B018 - BLOCK )
	( !STACK B018 - BLOCK B020 - BLOCK )
	( !UNSTACK B016 - BLOCK B014 - BLOCK )
	( !STACK B016 - BLOCK B026 - BLOCK )
	( !UNSTACK B014 - BLOCK B017 - BLOCK )
	( !STACK B014 - BLOCK B010 - BLOCK )
	( !PICKUP B017 - BLOCK )
	( !STACK B017 - BLOCK B018 - BLOCK )
	( !UNSTACK B013 - BLOCK B015 - BLOCK )
	( !PUTDOWN B013 - BLOCK )
	( !UNSTACK B015 - BLOCK B004 - BLOCK )
	( !STACK B015 - BLOCK B017 - BLOCK )
