
Plan found!
	( !UNSTACK B024 - BLOCK B023 - BLOCK )
	( !STACK B024 - BLOCK B029 - BLOCK )
	( !UNSTACK B023 - BLOCK B015 - BLOCK )
	( !PUTDOWN B023 - BLOCK )
	( !UNSTACK B018 - BLOCK B007 - BLOCK )
	( !PUTDOWN B018 - BLOCK )
	( !UNSTACK B007 - BLOCK B033 - BLOCK )
	( !STACK B007 - BLOCK B023 - BLOCK )
	( !UNSTACK B010 - BLOCK B017 - BLOCK )
	( !PUTDOWN B010 - BLOCK )
	( !UNSTACK B017 - BLOCK B009 - BLOCK )
	( !STACK B017 - BLOCK B025 - BLOCK )
	( !UNSTACK B009 - BLOCK B004 - BLOCK )
	( !STACK B009 - BLOCK B001 - BLOCK )
	( !UNSTACK B004 - BLOCK B005 - BLOCK )
	( !STACK B004 - BLOCK B037 - BLOCK )
	( !PICKUP B005 - BLOCK )
	( !STACK B005 - BLOCK B007 - BLOCK )
	( !UNSTACK B009 - BLOCK B001 - BLOCK )
	( !STACK B009 - BLOCK B005 - BLOCK )
	( !UNSTACK B024 - BLOCK B029 - BLOCK )
	( !PUTDOWN B024 - BLOCK )
	( !UNSTACK B029 - BLOCK B019 - BLOCK )
	( !PUTDOWN B029 - BLOCK )
	( !UNSTACK B019 - BLOCK B012 - BLOCK )
	( !STACK B019 - BLOCK B009 - BLOCK )
