
ff: parsing domain file
domain 'SATELLITE' defined
 ... done.
ff: parsing problem file
problem 'PROBNAME' defined
 ... done.



Cueing down from goal distance:   16 into depth [1]
                                  15            [1]
                                  14            [1]
                                  13            [1]
                                  12            [1]
                                  11            [1]
                                  10            [1]
                                   9            [1][2]
                                   8            [1]
                                   7            [1]
                                   6            [1]
                                   5            [1]
                                   4            [1]
                                   3            [1][2]
                                   2            [1]
                                   1            [1]
                                   0            

ff: found legal plan as follows

step    0: TURN_TO SAT002 DIR003 DIR001
        1: SWITCH_ON INST002-001 SAT002
        2: CALIBRATE SAT002 INST002-001 DIR003
        3: TAKE_IMAGE SAT002 DIR003 INST002-001 MODE001
        4: SWITCH_ON INST000-000 SAT000
        5: CALIBRATE SAT000 INST000-000 DIR000
        6: TAKE_IMAGE SAT000 DIR000 INST000-000 MODE002
        7: TURN_TO SAT001 DIR000 DIR001
        8: SWITCH_ON INST004-002 SAT004
        9: SWITCH_ON INST001-001 SAT001
       10: CALIBRATE SAT001 INST001-001 DIR000
       11: TAKE_IMAGE SAT001 DIR000 INST001-001 MODE004
       12: TURN_TO SAT001 DIR003 DIR000
       13: TAKE_IMAGE SAT001 DIR003 INST001-001 MODE004
       14: TURN_TO SAT004 DIR000 DIR001
       15: CALIBRATE SAT004 INST004-002 DIR000
       16: TURN_TO SAT004 DIR001 DIR000
       17: TAKE_IMAGE SAT004 DIR001 INST004-002 MODE000
     

time spent:    0.00 seconds instantiating 165 easy, 0 hard action templates
               0.00 seconds reachability analysis, yielding 90 facts and 165 actions
               0.00 seconds creating final representation with 90 relevant facts
               0.00 seconds building connectivity graph
               0.00 seconds searching, evaluating 35 states, to a max depth of 2
               0.00 seconds total time

