
ff: parsing domain file
domain 'SATELLITE' defined
 ... done.
ff: parsing problem file
problem 'PROBNAME' defined
 ... done.



Cueing down from goal distance:   13 into depth [1]
                                  11            [1]
                                  10            [1]
                                   9            [1]
                                   8            [1]
                                   7            [1]
                                   6            [1]
                                   5            [1]
                                   4            [1]
                                   3            [1]
                                   2            [1]
                                   1            [1]
                                   0            

ff: found legal plan as follows

step    0: TURN_TO SAT005 DIR003 DIR000
        1: SWITCH_ON INST001-002 SAT001
        2: CALIBRATE SAT001 INST001-002 DIR001
        3: TAKE_IMAGE SAT001 DIR001 INST001-002 MODE002
        4: SWITCH_ON INST000-002 SAT000
        5: CALIBRATE SAT000 INST000-002 DIR003
        6: TAKE_IMAGE SAT000 DIR003 INST000-002 MODE001
        7: TURN_TO SAT000 DIR000 DIR003
        8: TAKE_IMAGE SAT000 DIR000 INST000-002 MODE001
        9: SWITCH_ON INST003-001 SAT003
       10: CALIBRATE SAT003 INST003-001 DIR002
       11: TAKE_IMAGE SAT003 DIR002 INST003-001 MODE000
     

time spent:    0.00 seconds instantiating 219 easy, 0 hard action templates
               0.00 seconds reachability analysis, yielding 105 facts and 219 actions
               0.00 seconds creating final representation with 105 relevant facts
               0.00 seconds building connectivity graph
               0.00 seconds searching, evaluating 15 states, to a max depth of 1
               0.00 seconds total time

