
ff: parsing domain file
domain 'SATELLITE' defined
 ... done.
ff: parsing problem file
problem 'PROBNAME' defined
 ... done.



Cueing down from goal distance:   14 into depth [1][2]
                                  13            [1]
                                  12            [1][2]
                                  11            [1]
                                  10            [1][2][3]
                                   9            [1][2]
                                   8            [1]
                                   7            [1]
                                   6            [1]
                                   5            [1]
                                   4            [1]
                                   3            [1]
                                   2            [1]
                                   1            [1]
                                   0            

ff: found legal plan as follows

step    0: SWITCH_ON INST000-000 SAT000
        1: CALIBRATE SAT000 INST000-000 DIR002
        2: TAKE_IMAGE SAT000 DIR002 INST000-000 MODE002
        3: TURN_TO SAT000 DIR000 DIR002
        4: TAKE_IMAGE SAT000 DIR000 INST000-000 MODE002
        5: SWITCH_OFF INST000-000 SAT000
        6: TURN_TO SAT000 DIR002 DIR000
        7: SWITCH_ON INST000-001 SAT000
        8: CALIBRATE SAT000 INST000-001 DIR002
        9: TURN_TO SAT000 DIR000 DIR002
       10: TAKE_IMAGE SAT000 DIR000 INST000-001 MODE003
       11: TURN_TO SAT000 DIR003 DIR000
       12: TAKE_IMAGE SAT000 DIR003 INST000-001 MODE003
       13: SWITCH_OFF INST000-001 SAT000
       14: TURN_TO SAT000 DIR002 DIR003
       15: SWITCH_ON INST000-003 SAT000
       16: CALIBRATE SAT000 INST000-003 DIR002
       17: TURN_TO SAT000 DIR001 DIR002
       18: TAKE_IMAGE SAT000 DIR001 INST000-003 MODE001
     

time spent:    0.00 seconds instantiating 104 easy, 0 hard action templates
               0.00 seconds reachability analysis, yielding 60 facts and 104 actions
               0.00 seconds creating final representation with 60 relevant facts
               0.00 seconds building connectivity graph
               0.00 seconds searching, evaluating 72 states, to a max depth of 3
               0.00 seconds total time

