
ff: parsing domain file
domain 'SATELLITE' defined
 ... done.
ff: parsing problem file
problem 'PROBNAME' defined
 ... done.



Cueing down from goal distance:   13 into depth [1]
                                  12            [1]
                                  11            [1]
                                   8            [1]
                                   7            [1]
                                   6            [1]
                                   5            [1]
                                   4            [1]
                                   3            [1]
                                   2            [1]
                                   1            [1]
                                   0            

ff: found legal plan as follows

step    0: TURN_TO SAT000 DIR001 DIR002
        1: TURN_TO SAT004 DIR003 DIR005
        2: SWITCH_ON INST004-001 SAT004
        3: CALIBRATE SAT004 INST004-001 DIR003
        4: TAKE_IMAGE SAT004 DIR003 INST004-001 MODE001
        5: TURN_TO SAT004 DIR005 DIR003
        6: TAKE_IMAGE SAT004 DIR005 INST004-001 MODE001
        7: SWITCH_ON INST001-000 SAT001
        8: CALIBRATE SAT001 INST001-000 DIR004
        9: TURN_TO SAT001 DIR001 DIR004
       10: TAKE_IMAGE SAT001 DIR001 INST001-000 MODE000
     

time spent:    0.00 seconds instantiating 240 easy, 0 hard action templates
               0.00 seconds reachability analysis, yielding 89 facts and 240 actions
               0.00 seconds creating final representation with 89 relevant facts
               0.00 seconds building connectivity graph
               0.00 seconds searching, evaluating 15 states, to a max depth of 1
               0.00 seconds total time

