
ff: parsing domain file
domain 'SATELLITE' defined
 ... done.
ff: parsing problem file
problem 'PROBNAME' defined
 ... done.



Cueing down from goal distance:   14 into depth [1]
                                  13            [1]
                                  12            [1]
                                  10            [1]
                                   9            [1]
                                   8            [1]
                                   7            [1]
                                   6            [1]
                                   5            [1]
                                   4            [1]
                                   3            [1][2]
                                   2            [1]
                                   1            [1]
                                   0            

ff: found legal plan as follows

step    0: TURN_TO SAT000 DIR005 DIR000
        1: SWITCH_ON INST001-000 SAT001
        2: SWITCH_ON INST000-001 SAT000
        3: CALIBRATE SAT000 INST000-001 DIR005
        4: TURN_TO SAT000 DIR002 DIR005
        5: TAKE_IMAGE SAT000 DIR002 INST000-001 MODE004
        6: SWITCH_ON INST003-000 SAT003
        7: CALIBRATE SAT003 INST003-000 DIR000
        8: TURN_TO SAT003 DIR004 DIR000
        9: TAKE_IMAGE SAT003 DIR004 INST003-000 MODE000
       10: TURN_TO SAT001 DIR003 DIR000
       11: CALIBRATE SAT001 INST001-000 DIR003
       12: TURN_TO SAT001 DIR000 DIR003
       13: TAKE_IMAGE SAT001 DIR000 INST001-000 MODE001
     

time spent:    0.00 seconds instantiating 237 easy, 0 hard action templates
               0.00 seconds reachability analysis, yielding 97 facts and 237 actions
               0.00 seconds creating final representation with 97 relevant facts
               0.00 seconds building connectivity graph
               0.00 seconds searching, evaluating 30 states, to a max depth of 2
               0.00 seconds total time

