
ff: parsing domain file
domain 'SATELLITE' defined
 ... done.
ff: parsing problem file
problem 'PROBNAME' defined
 ... done.



Cueing down from goal distance:   17 into depth [1]
                                  13            [1]
                                  12            [1]
                                  11            [1]
                                  10            [1]
                                   9            [1][2][3]
                                   8            [1]
                                   7            [1]
                                   6            [1]
                                   5            [1][2]
                                   4            [1]
                                   3            [1]
                                   2            [1]
                                   1            [1]
                                   0            

ff: found legal plan as follows

step    0: SWITCH_ON INST004-000 SAT004
        1: CALIBRATE SAT004 INST004-000 DIR000
        2: TAKE_IMAGE SAT004 DIR000 INST004-000 MODE002
        3: TURN_TO SAT004 DIR001 DIR000
        4: TAKE_IMAGE SAT004 DIR001 INST004-000 MODE002
        5: SWITCH_ON INST001-001 SAT001
        6: TURN_TO SAT000 DIR002 DIR003
        7: SWITCH_ON INST000-000 SAT000
        8: CALIBRATE SAT000 INST000-000 DIR002
        9: TURN_TO SAT000 DIR004 DIR002
       10: TAKE_IMAGE SAT000 DIR004 INST000-000 MODE001
       11: TURN_TO SAT001 DIR005 DIR004
       12: CALIBRATE SAT001 INST001-001 DIR005
       13: TURN_TO SAT001 DIR003 DIR005
       14: TAKE_IMAGE SAT001 DIR003 INST001-001 MODE000
       15: TURN_TO SAT001 DIR004 DIR003
       16: TAKE_IMAGE SAT001 DIR004 INST001-001 MODE000
     

time spent:    0.00 seconds instantiating 258 easy, 0 hard action templates
               0.00 seconds reachability analysis, yielding 89 facts and 258 actions
               0.00 seconds creating final representation with 89 relevant facts
               0.00 seconds building connectivity graph
               0.01 seconds searching, evaluating 59 states, to a max depth of 3
               0.01 seconds total time

