
ff: parsing domain file
domain 'SATELLITE' defined
 ... done.
ff: parsing problem file
problem 'PROBNAME' defined
 ... done.



Cueing down from goal distance:    4 into depth [1]
                                   3            [1][2]
                                   2            [1]
                                   1            [1]
                                   0            

ff: found legal plan as follows

step    0: SWITCH_ON INST001-003 SAT001
        1: TURN_TO SAT001 DIR004 DIR002
        2: CALIBRATE SAT001 INST001-003 DIR004
        3: TURN_TO SAT001 DIR002 DIR004
        4: TAKE_IMAGE SAT001 DIR002 INST001-003 MODE004
     

time spent:    0.00 seconds instantiating 478 easy, 0 hard action templates
               0.00 seconds reachability analysis, yielding 139 facts and 478 actions
               0.00 seconds creating final representation with 139 relevant facts
               0.00 seconds building connectivity graph
               0.00 seconds searching, evaluating 7 states, to a max depth of 2
               0.00 seconds total time

