
ff: parsing domain file
domain 'SATELLITE' defined
 ... done.
ff: parsing problem file
problem 'PROBNAME' defined
 ... done.



Cueing down from goal distance:   11 into depth [1]
                                   9            [1]
                                   8            [1]
                                   7            [1]
                                   6            [1]
                                   5            [1]
                                   4            [1]
                                   3            [1]
                                   2            [1]
                                   1            [1]
                                   0            

ff: found legal plan as follows

step    0: SWITCH_ON INST000-001 SAT000
        1: CALIBRATE SAT000 INST000-001 DIR007
        2: TURN_TO SAT000 DIR005 DIR007
        3: TAKE_IMAGE SAT000 DIR005 INST000-001 MODE001
        4: TURN_TO SAT003 DIR003 DIR007
        5: SWITCH_ON INST003-002 SAT003
        6: CALIBRATE SAT003 INST003-002 DIR003
        7: TAKE_IMAGE SAT003 DIR003 INST003-002 MODE002
        8: TURN_TO SAT003 DIR002 DIR003
        9: TAKE_IMAGE SAT003 DIR002 INST003-002 MODE002
     

time spent:    0.00 seconds instantiating 456 easy, 0 hard action templates
               0.00 seconds reachability analysis, yielding 117 facts and 456 actions
               0.00 seconds creating final representation with 117 relevant facts
               0.00 seconds building connectivity graph
               0.00 seconds searching, evaluating 16 states, to a max depth of 1
               0.00 seconds total time

