
ff: parsing domain file
domain 'SATELLITE' defined
 ... done.
ff: parsing problem file
problem 'PROBNAME' defined
 ... done.



Cueing down from goal distance:    9 into depth [1]
                                   8            [1]
                                   7            [1]
                                   6            [1]
                                   5            [1]
                                   4            [1]
                                   3            [1]
                                   2            [1]
                                   1            [1]
                                   0            

ff: found legal plan as follows

step    0: SWITCH_ON INST000-001 SAT000
        1: TURN_TO SAT000 DIR007 DIR004
        2: CALIBRATE SAT000 INST000-001 DIR007
        3: TURN_TO SAT000 DIR006 DIR007
        4: TAKE_IMAGE SAT000 DIR006 INST000-001 MODE001
        5: TURN_TO SAT001 DIR002 DIR004
        6: SWITCH_ON INST001-002 SAT001
        7: CALIBRATE SAT001 INST001-002 DIR002
        8: TAKE_IMAGE SAT001 DIR002 INST001-002 MODE000
     

time spent:    0.00 seconds instantiating 300 easy, 0 hard action templates
               0.00 seconds reachability analysis, yielding 79 facts and 300 actions
               0.00 seconds creating final representation with 79 relevant facts
               0.00 seconds building connectivity graph
               0.00 seconds searching, evaluating 13 states, to a max depth of 1
               0.00 seconds total time

