
ff: parsing domain file
domain 'SATELLITE' defined
 ... done.
ff: parsing problem file
problem 'PROBNAME' defined
 ... done.



Cueing down from goal distance:   14 into depth [1]
                                  13            [1]
                                  12            [1]
                                  11            [1]
                                  10            [1]
                                   9            [1]
                                   8            [1]
                                   7            [1]
                                   6            [1][2]
                                   5            [1]
                                   4            [1]
                                   3            [1][2]
                                   2            [1]
                                   1            [1]
                                   0            

ff: found legal plan as follows

step    0: SWITCH_ON INST004-001 SAT004
        1: SWITCH_ON INST001-000 SAT001
        2: SWITCH_ON INST000-002 SAT000
        3: CALIBRATE SAT000 INST000-002 DIR003
        4: TURN_TO SAT000 DIR002 DIR003
        5: TAKE_IMAGE SAT000 DIR002 INST000-002 MODE001
        6: TURN_TO SAT000 DIR000 DIR002
        7: TAKE_IMAGE SAT000 DIR000 INST000-002 MODE001
        8: TURN_TO SAT004 DIR004 DIR007
        9: CALIBRATE SAT004 INST004-001 DIR004
       10: TURN_TO SAT004 DIR007 DIR004
       11: TAKE_IMAGE SAT004 DIR007 INST004-001 MODE002
       12: TURN_TO SAT001 DIR007 DIR002
       13: CALIBRATE SAT001 INST001-000 DIR007
       14: TURN_TO SAT001 DIR002 DIR007
       15: TAKE_IMAGE SAT001 DIR002 INST001-000 MODE000
     

time spent:    0.00 seconds instantiating 401 easy, 0 hard action templates
               0.00 seconds reachability analysis, yielding 102 facts and 401 actions
               0.00 seconds creating final representation with 102 relevant facts
               0.00 seconds building connectivity graph
               0.00 seconds searching, evaluating 39 states, to a max depth of 2
               0.00 seconds total time

