
ff: parsing domain file
domain 'SATELLITE' defined
 ... done.
ff: parsing problem file
problem 'PROBNAME' defined
 ... done.



Cueing down from goal distance:   17 into depth [1]
                                  14            [1]
                                  13            [1]
                                  12            [1]
                                  11            [1]
                                  10            [1]
                                   9            [1]
                                   8            [1]
                                   7            [1]
                                   6            [1]
                                   5            [1]
                                   4            [1]
                                   3            [1]
                                   2            [1]
                                   1            [1]
                                   0            

ff: found legal plan as follows

step    0: TURN_TO SAT002 DIR007 DIR001
        1: TURN_TO SAT000 DIR009 DIR003
        2: SWITCH_ON INST000-001 SAT000
        3: TURN_TO SAT001 DIR009 DIR004
        4: CALIBRATE SAT000 INST000-001 DIR009
        5: TURN_TO SAT000 DIR001 DIR009
        6: TAKE_IMAGE SAT000 DIR001 INST000-001 MODE000
        7: TURN_TO SAT000 DIR006 DIR001
        8: TAKE_IMAGE SAT000 DIR006 INST000-001 MODE000
        9: TURN_TO SAT000 DIR007 DIR006
       10: TAKE_IMAGE SAT000 DIR007 INST000-001 MODE000
       11: SWITCH_ON INST001-000 SAT001
       12: CALIBRATE SAT001 INST001-000 DIR009
       13: TURN_TO SAT001 DIR002 DIR009
       14: TAKE_IMAGE SAT001 DIR002 INST001-000 MODE001
     

time spent:    0.00 seconds instantiating 723 easy, 0 hard action templates
               0.00 seconds reachability analysis, yielding 138 facts and 723 actions
               0.00 seconds creating final representation with 138 relevant facts
               0.00 seconds building connectivity graph
               0.01 seconds searching, evaluating 22 states, to a max depth of 1
               0.01 seconds total time

