
ff: parsing domain file
domain 'SATELLITE' defined
 ... done.
ff: parsing problem file
problem 'PROBNAME' defined
 ... done.



Cueing down from goal distance:    4 into depth [1]
                                   3            [1][2]
                                   2            [1]
                                   1            [1]
                                   0            

ff: found legal plan as follows

step    0: SWITCH_ON INST004-002 SAT004
        1: TURN_TO SAT004 DIR007 DIR005
        2: CALIBRATE SAT004 INST004-002 DIR007
        3: TURN_TO SAT004 DIR005 DIR007
        4: TAKE_IMAGE SAT004 DIR005 INST004-002 MODE001
     

time spent:    0.00 seconds instantiating 840 easy, 0 hard action templates
               0.00 seconds reachability analysis, yielding 125 facts and 840 actions
               0.00 seconds creating final representation with 125 relevant facts
               0.00 seconds building connectivity graph
               0.01 seconds searching, evaluating 7 states, to a max depth of 2
               0.01 seconds total time

