
ff: parsing domain file
domain 'SATELLITE' defined
 ... done.
ff: parsing problem file
problem 'PROBNAME' defined
 ... done.



Cueing down from goal distance:    9 into depth [1]
                                   8            [1]
                                   7            [1]
                                   6            [1]
                                   5            [1]
                                   4            [1]
                                   3            [1]
                                   2            [1]
                                   1            [1]
                                   0            

ff: found legal plan as follows

step    0: SWITCH_ON INST000-000 SAT000
        1: TURN_TO SAT001 DIR005 DIR008
        2: CALIBRATE SAT000 INST000-000 DIR000
        3: TURN_TO SAT000 DIR003 DIR000
        4: TAKE_IMAGE SAT000 DIR003 INST000-000 MODE000
        5: SWITCH_ON INST001-003 SAT001
        6: CALIBRATE SAT001 INST001-003 DIR005
        7: TURN_TO SAT001 DIR007 DIR005
        8: TAKE_IMAGE SAT001 DIR007 INST001-003 MODE001
     

time spent:    0.00 seconds instantiating 1347 easy, 0 hard action templates
               0.00 seconds reachability analysis, yielding 177 facts and 1347 actions
               0.00 seconds creating final representation with 177 relevant facts
               0.00 seconds building connectivity graph
               0.00 seconds searching, evaluating 14 states, to a max depth of 1
               0.00 seconds total time

