
ff: parsing domain file
domain 'SATELLITE' defined
 ... done.
ff: parsing problem file
problem 'PROBNAME' defined
 ... done.



Cueing down from goal distance:   18 into depth [1]
                                  17            [1]
                                  16            [1]
                                  15            [1]
                                  14            [1]
                                  13            [1]
                                  12            [1]
                                  11            [1][2]
                                  10            [1]
                                   9            [1]
                                   8            [1][2]
                                   7            [1]
                                   6            [1]
                                   5            [1]
                                   4            [1]
                                   3            [1][2]
                                   2            [1]
                                   1            [1]
                                   0            

ff: found legal plan as follows

step    0: SWITCH_ON INST002-000 SAT002
        1: SWITCH_ON INST001-000 SAT001
        2: SWITCH_ON INST000-000 SAT000
        3: SWITCH_ON INST004-003 SAT004
        4: CALIBRATE SAT004 INST004-003 DIR012
        5: TURN_TO SAT004 DIR007 DIR012
        6: TAKE_IMAGE SAT004 DIR007 INST004-003 MODE001
        7: TURN_TO SAT002 DIR003 DIR009
        8: CALIBRATE SAT002 INST002-000 DIR003
        9: TURN_TO SAT002 DIR009 DIR003
       10: TAKE_IMAGE SAT002 DIR009 INST002-000 MODE000
       11: TURN_TO SAT001 DIR012 DIR007
       12: CALIBRATE SAT001 INST001-000 DIR012
       13: TURN_TO SAT001 DIR007 DIR012
       14: TAKE_IMAGE SAT001 DIR007 INST001-000 MODE003
       15: TURN_TO SAT001 DIR006 DIR007
       16: TAKE_IMAGE SAT001 DIR006 INST001-000 MODE003
       17: TURN_TO SAT000 DIR000 DIR001
       18: CALIBRATE SAT000 INST000-000 DIR000
       19: TURN_TO SAT000 DIR001 DIR000
       20: TAKE_IMAGE SAT000 DIR001 INST000-000 MODE002
     

time spent:    0.00 seconds instantiating 1148 easy, 0 hard action templates
               0.00 seconds reachability analysis, yielding 173 facts and 1148 actions
               0.00 seconds creating final representation with 173 relevant facts
               0.00 seconds building connectivity graph
               0.01 seconds searching, evaluating 60 states, to a max depth of 2
               0.01 seconds total time

