
ff: parsing domain file
domain 'SATELLITE' defined
 ... done.
ff: parsing problem file
problem 'PROBNAME' defined
 ... done.



Cueing down from goal distance:   15 into depth [1]
                                  12            [1]
                                  11            [1]
                                  10            [1]
                                   9            [1]
                                   8            [1]
                                   7            [1]
                                   6            [1]
                                   5            [1]
                                   4            [1]
                                   3            [1]
                                   2            [1]
                                   1            [1]
                                   0            

ff: found legal plan as follows

step    0: TURN_TO SAT001 DIR008 DIR009
        1: SWITCH_ON INST001-001 SAT001
        2: TURN_TO SAT003 DIR010 DIR008
        3: CALIBRATE SAT001 INST001-001 DIR008
        4: TAKE_IMAGE SAT001 DIR008 INST001-001 MODE001
        5: TURN_TO SAT001 DIR013 DIR008
        6: TAKE_IMAGE SAT001 DIR013 INST001-001 MODE001
        7: TURN_TO SAT001 DIR006 DIR013
        8: TAKE_IMAGE SAT001 DIR006 INST001-001 MODE001
        9: SWITCH_ON INST003-001 SAT003
       10: CALIBRATE SAT003 INST003-001 DIR010
       11: TURN_TO SAT003 DIR001 DIR010
       12: TAKE_IMAGE SAT003 DIR001 INST003-001 MODE003
     

time spent:    0.00 seconds instantiating 1165 easy, 0 hard action templates
               0.00 seconds reachability analysis, yielding 176 facts and 1165 actions
               0.00 seconds creating final representation with 176 relevant facts
               0.00 seconds building connectivity graph
               0.01 seconds searching, evaluating 21 states, to a max depth of 1
               0.01 seconds total time

