
ff: parsing domain file
domain 'SATELLITE' defined
 ... done.
ff: parsing problem file
problem 'PROBNAME' defined
 ... done.



Cueing down from goal distance:   11 into depth [1]
                                   9            [1]
                                   8            [1]
                                   7            [1]
                                   6            [1]
                                   5            [1]
                                   4            [1]
                                   3            [1][2]
                                   2            [1]
                                   1            [1]
                                   0            

ff: found legal plan as follows

step    0: SWITCH_ON INST000-000 SAT000
        1: TURN_TO SAT001 DIR011 DIR001
        2: SWITCH_ON INST001-001 SAT001
        3: CALIBRATE SAT001 INST001-001 DIR011
        4: TAKE_IMAGE SAT001 DIR011 INST001-001 MODE002
        5: TURN_TO SAT001 DIR013 DIR011
        6: TAKE_IMAGE SAT001 DIR013 INST001-001 MODE002
        7: TURN_TO SAT000 DIR001 DIR009
        8: CALIBRATE SAT000 INST000-000 DIR001
        9: TURN_TO SAT000 DIR009 DIR001
       10: TAKE_IMAGE SAT000 DIR009 INST000-000 MODE000
     

time spent:    0.00 seconds instantiating 1381 easy, 0 hard action templates
               0.00 seconds reachability analysis, yielding 197 facts and 1381 actions
               0.00 seconds creating final representation with 197 relevant facts
               0.00 seconds building connectivity graph
               0.01 seconds searching, evaluating 22 states, to a max depth of 2
               0.01 seconds total time

