
ff: parsing domain file
domain 'SATELLITE' defined
 ... done.
ff: parsing problem file
problem 'PROBNAME' defined
 ... done.



Cueing down from goal distance:   12 into depth [1]
                                  11            [1]
                                  10            [1]
                                   9            [1]
                                   8            [1]
                                   7            [1]
                                   6            [1]
                                   5            [1]
                                   4            [1]
                                   3            [1]
                                   2            [1]
                                   1            [1]
                                   0            

ff: found legal plan as follows

step    0: TURN_TO SAT000 DIR010 DIR009
        1: TURN_TO SAT001 DIR008 DIR000
        2: SWITCH_ON INST000-000 SAT000
        3: CALIBRATE SAT000 INST000-000 DIR010
        4: TURN_TO SAT000 DIR008 DIR010
        5: TAKE_IMAGE SAT000 DIR008 INST000-000 MODE001
        6: TURN_TO SAT000 DIR005 DIR008
        7: TAKE_IMAGE SAT000 DIR005 INST000-000 MODE001
        8: SWITCH_ON INST001-000 SAT001
        9: CALIBRATE SAT001 INST001-000 DIR008
       10: TURN_TO SAT001 DIR001 DIR008
       11: TAKE_IMAGE SAT001 DIR001 INST001-000 MODE003
     

time spent:    0.00 seconds instantiating 1330 easy, 0 hard action templates
               0.00 seconds reachability analysis, yielding 188 facts and 1330 actions
               0.00 seconds creating final representation with 188 relevant facts
               0.00 seconds building connectivity graph
               0.01 seconds searching, evaluating 18 states, to a max depth of 1
               0.01 seconds total time

