
ff: parsing domain file
domain 'SATELLITE' defined
 ... done.
ff: parsing problem file
problem 'PROBNAME' defined
 ... done.



Cueing down from goal distance:   11 into depth [1]
                                  10            [1]
                                   9            [1]
                                   8            [1]
                                   7            [1]
                                   6            [1]
                                   5            [1]
                                   4            [1]
                                   3            [1]
                                   2            [1]
                                   1            [1]
                                   0            

ff: found legal plan as follows

step    0: TURN_TO SAT000 DIR006 DIR011
        1: SWITCH_ON INST000-000 SAT000
        2: CALIBRATE SAT000 INST000-000 DIR006
        3: TURN_TO SAT000 DIR001 DIR006
        4: TAKE_IMAGE SAT000 DIR001 INST000-000 MODE001
        5: SWITCH_ON INST001-000 SAT001
        6: CALIBRATE SAT001 INST001-000 DIR011
        7: TURN_TO SAT001 DIR003 DIR011
        8: TAKE_IMAGE SAT001 DIR003 INST001-000 MODE002
        9: TURN_TO SAT001 DIR007 DIR003
       10: TAKE_IMAGE SAT001 DIR007 INST001-000 MODE002
     

time spent:    0.00 seconds instantiating 1264 easy, 0 hard action templates
               0.00 seconds reachability analysis, yielding 164 facts and 1264 actions
               0.00 seconds creating final representation with 164 relevant facts
               0.00 seconds building connectivity graph
               0.00 seconds searching, evaluating 18 states, to a max depth of 1
               0.00 seconds total time

