
ff: parsing domain file
domain 'SATELLITE' defined
 ... done.
ff: parsing problem file
problem 'PROBNAME' defined
 ... done.



Cueing down from goal distance:    4 into depth [1]
                                   3            [1][2]
                                   2            [1]
                                   1            [1]
                                   0            

ff: found legal plan as follows

step    0: SWITCH_ON INST002-002 SAT002
        1: TURN_TO SAT002 DIR001 DIR003
        2: CALIBRATE SAT002 INST002-002 DIR001
        3: TURN_TO SAT002 DIR003 DIR001
        4: TAKE_IMAGE SAT002 DIR003 INST002-002 MODE001
     

time spent:    0.00 seconds instantiating 1542 easy, 0 hard action templates
               0.00 seconds reachability analysis, yielding 171 facts and 1542 actions
               0.00 seconds creating final representation with 171 relevant facts
               0.01 seconds building connectivity graph
               0.00 seconds searching, evaluating 7 states, to a max depth of 2
               0.01 seconds total time

