
ff: parsing domain file
domain 'SATELLITE' defined
 ... done.
ff: parsing problem file
problem 'PROBNAME' defined
 ... done.



Cueing down from goal distance:    8 into depth [1][2]
                                   7            [1]
                                   6            [1]
                                   5            [1]
                                   4            [1]
                                   3            [1]
                                   2            [1]
                                   1            [1]
                                   0            

ff: found legal plan as follows

step    0: SWITCH_ON INST001-002 SAT001
        1: TURN_TO SAT002 DIR011 DIR015
        2: CALIBRATE SAT001 INST001-002 DIR004
        3: TURN_TO SAT001 DIR003 DIR004
        4: TAKE_IMAGE SAT001 DIR003 INST001-002 MODE002
        5: SWITCH_ON INST002-001 SAT002
        6: CALIBRATE SAT002 INST002-001 DIR011
        7: TURN_TO SAT002 DIR012 DIR011
        8: TAKE_IMAGE SAT002 DIR012 INST002-001 MODE003
     

time spent:    0.00 seconds instantiating 1744 easy, 0 hard action templates
               0.00 seconds reachability analysis, yielding 230 facts and 1744 actions
               0.00 seconds creating final representation with 230 relevant facts
               0.00 seconds building connectivity graph
               0.01 seconds searching, evaluating 18 states, to a max depth of 2
               0.01 seconds total time

