
ff: parsing domain file
domain 'SATELLITE' defined
 ... done.
ff: parsing problem file
problem 'PROBNAME' defined
 ... done.



Cueing down from goal distance:    8 into depth [1]
                                   7            [1]
                                   6            [1][2]
                                   5            [1]
                                   4            [1]
                                   3            [1][2]
                                   2            [1]
                                   1            [1]
                                   0            

ff: found legal plan as follows

step    0: SWITCH_ON INST000-000 SAT000
        1: SWITCH_ON INST002-000 SAT002
        2: TURN_TO SAT000 DIR009 DIR007
        3: CALIBRATE SAT000 INST000-000 DIR009
        4: TURN_TO SAT000 DIR007 DIR009
        5: TAKE_IMAGE SAT000 DIR007 INST000-000 MODE001
        6: TURN_TO SAT002 DIR010 DIR001
        7: CALIBRATE SAT002 INST002-000 DIR010
        8: TURN_TO SAT002 DIR001 DIR010
        9: TAKE_IMAGE SAT002 DIR001 INST002-000 MODE000
     

time spent:    0.00 seconds instantiating 1447 easy, 0 hard action templates
               0.00 seconds reachability analysis, yielding 172 facts and 1447 actions
               0.00 seconds creating final representation with 172 relevant facts
               0.00 seconds building connectivity graph
               0.01 seconds searching, evaluating 18 states, to a max depth of 2
               0.01 seconds total time

