
ff: parsing domain file
domain 'SATELLITE' defined
 ... done.
ff: parsing problem file
problem 'PROBNAME' defined
 ... done.



Cueing down from goal distance:   20 into depth [1]
                                  19            [1][2]
                                  18            [1]
                                  17            [1]
                                  16            [1]
                                  15            [1]
                                  14            [1]
                                  13            [1]
                                  12            [1]
                                  11            [1]
                                   9            [1]
                                   8            [1]
                                   7            [1]
                                   6            [1]
                                   5            [1]
                                   4            [1]
                                   3            [1]
                                   2            [1]
                                   1            [1]
                                   0            

ff: found legal plan as follows

step    0: TURN_TO SAT000 DIR006 DIR013
        1: TURN_TO SAT000 DIR000 DIR006
        2: SWITCH_ON INST000-002 SAT000
        3: TURN_TO SAT001 DIR008 DIR001
        4: CALIBRATE SAT000 INST000-002 DIR000
        5: TAKE_IMAGE SAT000 DIR000 INST000-002 MODE000
        6: SWITCH_ON INST001-000 SAT001
        7: CALIBRATE SAT001 INST001-000 DIR008
        8: TURN_TO SAT001 DIR007 DIR008
        9: TAKE_IMAGE SAT001 DIR007 INST001-000 MODE002
       10: SWITCH_ON INST002-000 SAT002
       11: CALIBRATE SAT002 INST002-000 DIR001
       12: TURN_TO SAT002 DIR003 DIR001
       13: TAKE_IMAGE SAT002 DIR003 INST002-000 MODE003
       14: TURN_TO SAT002 DIR008 DIR003
       15: TAKE_IMAGE SAT002 DIR008 INST002-000 MODE003
       16: SWITCH_ON INST003-000 SAT003
       17: CALIBRATE SAT003 INST003-000 DIR004
       18: TURN_TO SAT003 DIR015 DIR004
       19: TAKE_IMAGE SAT003 DIR015 INST003-000 MODE001
     

time spent:    0.00 seconds instantiating 1245 easy, 0 hard action templates
               0.00 seconds reachability analysis, yielding 177 facts and 1245 actions
               0.00 seconds creating final representation with 177 relevant facts
               0.00 seconds building connectivity graph
               0.01 seconds searching, evaluating 49 states, to a max depth of 2
               0.01 seconds total time

