
ff: parsing domain file
domain 'SATELLITE' defined
 ... done.
ff: parsing problem file
problem 'PROBNAME' defined
 ... done.



Cueing down from goal distance:    9 into depth [1]
                                   8            [1]
                                   7            [1]
                                   6            [1]
                                   5            [1]
                                   4            [1]
                                   3            [1]
                                   2            [1]
                                   1            [1]
                                   0            

ff: found legal plan as follows

step    0: TURN_TO SAT000 DIR007 DIR008
        1: SWITCH_ON INST000-000 SAT000
        2: TURN_TO SAT000 DIR001 DIR007
        3: CALIBRATE SAT000 INST000-000 DIR001
        4: TAKE_IMAGE SAT000 DIR001 INST000-000 MODE001
        5: SWITCH_ON INST001-002 SAT001
        6: CALIBRATE SAT001 INST001-002 DIR000
        7: TURN_TO SAT001 DIR013 DIR000
        8: TAKE_IMAGE SAT001 DIR013 INST001-002 MODE000
     

time spent:    0.00 seconds instantiating 2298 easy, 0 hard action templates
               0.00 seconds reachability analysis, yielding 252 facts and 2298 actions
               0.00 seconds creating final representation with 252 relevant facts
               0.01 seconds building connectivity graph
               0.00 seconds searching, evaluating 15 states, to a max depth of 1
               0.01 seconds total time

