
ff: parsing domain file
domain 'SATELLITE' defined
 ... done.
ff: parsing problem file
problem 'PROBNAME' defined
 ... done.



Cueing down from goal distance:   21 into depth [1]
                                  20            [1]
                                  19            [1]
                                  18            [1]
                                  17            [1]
                                  16            [1]
                                  15            [1]
                                  14            [1]
                                  13            [1]
                                  12            [1]
                                  11            [1]
                                  10            [1]
                                   9            [1]
                                   8            [1]
                                   7            [1]
                                   6            [1]
                                   5            [1]
                                   4            [1]
                                   3            [1]
                                   2            [1]
                                   1            [1]
                                   0            

ff: found legal plan as follows

step    0: TURN_TO SAT000 DIR004 DIR015
        1: SWITCH_ON INST001-002 SAT001
        2: TURN_TO SAT002 DIR007 DIR003
        3: TURN_TO SAT003 DIR001 DIR002
        4: CALIBRATE SAT001 INST001-002 DIR010
        5: TURN_TO SAT001 DIR002 DIR010
        6: TAKE_IMAGE SAT001 DIR002 INST001-002 MODE003
        7: TURN_TO SAT001 DIR006 DIR002
        8: TAKE_IMAGE SAT001 DIR006 INST001-002 MODE003
        9: SWITCH_ON INST002-002 SAT002
       10: CALIBRATE SAT002 INST002-002 DIR007
       11: TURN_TO SAT002 DIR011 DIR007
       12: TAKE_IMAGE SAT002 DIR011 INST002-002 MODE001
       13: SWITCH_ON INST003-001 SAT003
       14: CALIBRATE SAT003 INST003-001 DIR001
       15: TURN_TO SAT003 DIR008 DIR001
       16: TAKE_IMAGE SAT003 DIR008 INST003-001 MODE002
       17: SWITCH_ON INST000-000 SAT000
       18: CALIBRATE SAT000 INST000-000 DIR004
       19: TURN_TO SAT000 DIR013 DIR004
       20: TAKE_IMAGE SAT000 DIR013 INST000-000 MODE000
     

time spent:    0.00 seconds instantiating 2172 easy, 0 hard action templates
               0.00 seconds reachability analysis, yielding 234 facts and 2172 actions
               0.00 seconds creating final representation with 234 relevant facts
               0.00 seconds building connectivity graph
               0.01 seconds searching, evaluating 39 states, to a max depth of 1
               0.01 seconds total time

