
ff: parsing domain file
domain 'SATELLITE' defined
 ... done.
ff: parsing problem file
problem 'PROBNAME' defined
 ... done.



Cueing down from goal distance:   12 into depth [1]
                                  11            [1]
                                  10            [1]
                                   9            [1]
                                   8            [1]
                                   7            [1]
                                   6            [1]
                                   5            [1]
                                   4            [1]
                                   3            [1]
                                   2            [1]
                                   1            [1]
                                   0            

ff: found legal plan as follows

step    0: TURN_TO SAT000 DIR016 DIR008
        1: SWITCH_ON INST000-001 SAT000
        2: TURN_TO SAT002 DIR004 DIR011
        3: CALIBRATE SAT000 INST000-001 DIR016
        4: TURN_TO SAT000 DIR014 DIR016
        5: TAKE_IMAGE SAT000 DIR014 INST000-001 MODE000
        6: SWITCH_ON INST002-000 SAT002
        7: CALIBRATE SAT002 INST002-000 DIR004
        8: TURN_TO SAT002 DIR001 DIR004
        9: TAKE_IMAGE SAT002 DIR001 INST002-000 MODE001
       10: TURN_TO SAT002 DIR006 DIR001
       11: TAKE_IMAGE SAT002 DIR006 INST002-000 MODE001
     

time spent:    0.00 seconds instantiating 1107 easy, 0 hard action templates
               0.00 seconds reachability analysis, yielding 138 facts and 1107 actions
               0.00 seconds creating final representation with 138 relevant facts
               0.00 seconds building connectivity graph
               0.00 seconds searching, evaluating 20 states, to a max depth of 1
               0.00 seconds total time

