
ff: parsing domain file
domain 'SATELLITE' defined
 ... done.
ff: parsing problem file
problem 'PROBNAME' defined
 ... done.



Cueing down from goal distance:   16 into depth [1]
                                  14            [1][2]
                                  13            [1]
                                  12            [1]
                                  11            [1]
                                  10            [1]
                                   9            [1]
                                   8            [1]
                                   7            [1]
                                   6            [1]
                                   5            [1]
                                   4            [1]
                                   3            [1]
                                   2            [1]
                                   1            [1]
                                   0            

ff: found legal plan as follows

step    0: TURN_TO SAT003 DIR004 DIR016
        1: TURN_TO SAT001 DIR007 DIR014
        2: SWITCH_ON INST001-000 SAT001
        3: TURN_TO SAT002 DIR009 DIR003
        4: CALIBRATE SAT001 INST001-000 DIR007
        5: TAKE_IMAGE SAT001 DIR007 INST001-000 MODE002
        6: TURN_TO SAT001 DIR009 DIR007
        7: TAKE_IMAGE SAT001 DIR009 INST001-000 MODE002
        8: SWITCH_ON INST002-000 SAT002
        9: CALIBRATE SAT002 INST002-000 DIR009
       10: TURN_TO SAT002 DIR016 DIR009
       11: TAKE_IMAGE SAT002 DIR016 INST002-000 MODE001
       12: TURN_TO SAT002 DIR013 DIR016
       13: TAKE_IMAGE SAT002 DIR013 INST002-000 MODE001
       14: TURN_TO SAT002 DIR014 DIR013
       15: TAKE_IMAGE SAT002 DIR014 INST002-000 MODE001
     

time spent:    0.00 seconds instantiating 2151 easy, 0 hard action templates
               0.00 seconds reachability analysis, yielding 213 facts and 2151 actions
               0.00 seconds creating final representation with 213 relevant facts
               0.00 seconds building connectivity graph
               0.01 seconds searching, evaluating 35 states, to a max depth of 2
               0.01 seconds total time

