
ff: parsing domain file
domain 'SATELLITE' defined
 ... done.
ff: parsing problem file
problem 'PROBNAME' defined
 ... done.



Cueing down from goal distance:   21 into depth [1]
                                  20            [1]
                                  19            [1]
                                  18            [1]
                                  17            [1]
                                  16            [1]
                                  15            [1]
                                  14            [1]
                                  13            [1]
                                  12            [1][2]
                                  11            [1]
                                  10            [1]
                                   9            [1]
                                   8            [1]
                                   7            [1]
                                   6            [1]
                                   5            [1]
                                   4            [1]
                                   3            [1]
                                   2            [1]
                                   1            [1]
                                   0            

ff: found legal plan as follows

step    0: TURN_TO SAT000 DIR005 DIR011
        1: TURN_TO SAT004 DIR007 DIR012
        2: SWITCH_ON INST000-003 SAT000
        3: TURN_TO SAT001 DIR000 DIR003
        4: CALIBRATE SAT000 INST000-003 DIR005
        5: TURN_TO SAT000 DIR010 DIR005
        6: TAKE_IMAGE SAT000 DIR010 INST000-003 MODE002
        7: TURN_TO SAT000 DIR006 DIR010
        8: TAKE_IMAGE SAT000 DIR006 INST000-003 MODE002
        9: SWITCH_ON INST001-001 SAT001
       10: TURN_TO SAT002 DIR011 DIR019
       11: CALIBRATE SAT001 INST001-001 DIR000
       12: TURN_TO SAT001 DIR012 DIR000
       13: TAKE_IMAGE SAT001 DIR012 INST001-001 MODE001
       14: SWITCH_ON INST004-000 SAT004
       15: CALIBRATE SAT004 INST004-000 DIR007
       16: TURN_TO SAT004 DIR012 DIR007
       17: TAKE_IMAGE SAT004 DIR012 INST004-000 MODE003
       18: SWITCH_ON INST002-000 SAT002
       19: CALIBRATE SAT002 INST002-000 DIR011
       20: TURN_TO SAT002 DIR008 DIR011
       21: TAKE_IMAGE SAT002 DIR008 INST002-000 MODE000
     

time spent:    0.00 seconds instantiating 2222 easy, 0 hard action templates
               0.00 seconds reachability analysis, yielding 227 facts and 2222 actions
               0.00 seconds creating final representation with 227 relevant facts
               0.00 seconds building connectivity graph
               0.02 seconds searching, evaluating 51 states, to a max depth of 2
               0.02 seconds total time

