
ff: parsing domain file
domain 'SATELLITE' defined
 ... done.
ff: parsing problem file
problem 'PROBNAME' defined
 ... done.



Cueing down from goal distance:   19 into depth [1]
                                  18            [1]
                                  17            [1]
                                  16            [1]
                                  15            [1]
                                  14            [1]
                                  13            [1]
                                  12            [1][2]
                                  11            [1]
                                  10            [1]
                                   9            [1][2][3]
                                   8            [1][2]
                                   7            [1]
                                   6            [1]
                                   5            [1]
                                   4            [1][2]
                                   3            [1]
                                   2            [1]
                                   1            [1]
                                   0            

ff: found legal plan as follows

step    0: TURN_TO SAT000 DIR009 DIR016
        1: SWITCH_ON INST001-000 SAT001
        2: TURN_TO SAT002 DIR014 DIR019
        3: SWITCH_ON INST002-003 SAT002
        4: CALIBRATE SAT002 INST002-003 DIR014
        5: TURN_TO SAT002 DIR002 DIR014
        6: TAKE_IMAGE SAT002 DIR002 INST002-003 MODE003
        7: TURN_TO SAT001 DIR008 DIR000
        8: CALIBRATE SAT001 INST001-000 DIR008
        9: TURN_TO SAT001 DIR000 DIR008
       10: TAKE_IMAGE SAT001 DIR000 INST001-000 MODE002
       11: TURN_TO SAT000 DIR008 DIR009
       12: SWITCH_ON INST000-002 SAT000
       13: CALIBRATE SAT000 INST000-002 DIR008
       14: TURN_TO SAT000 DIR019 DIR008
       15: TAKE_IMAGE SAT000 DIR019 INST000-002 MODE004
       16: SWITCH_OFF INST000-002 SAT000
       17: TURN_TO SAT000 DIR009 DIR019
       18: SWITCH_ON INST000-001 SAT000
       19: TURN_TO SAT000 DIR008 DIR009
       20: CALIBRATE SAT000 INST000-001 DIR008
       21: TAKE_IMAGE SAT000 DIR008 INST000-001 MODE000
       22: TURN_TO SAT000 DIR009 DIR008
       23: TAKE_IMAGE SAT000 DIR009 INST000-001 MODE000
     

time spent:    0.00 seconds instantiating 1370 easy, 0 hard action templates
               0.00 seconds reachability analysis, yielding 193 facts and 1370 actions
               0.00 seconds creating final representation with 193 relevant facts
               0.00 seconds building connectivity graph
               0.01 seconds searching, evaluating 58 states, to a max depth of 3
               0.01 seconds total time

