
ff: parsing domain file
domain 'SATELLITE' defined
 ... done.
ff: parsing problem file
problem 'PROBNAME' defined
 ... done.



Cueing down from goal distance:   13 into depth [1]
                                  12            [1][2]
                                  11            [1]
                                  10            [1]
                                   9            [1]
                                   8            [1]
                                   7            [1]
                                   6            [1][2]
                                   5            [1]
                                   4            [1]
                                   3            [1]
                                   2            [1]
                                   1            [1]
                                   0            

ff: found legal plan as follows

step    0: TURN_TO SAT000 DIR010 DIR012
        1: SWITCH_ON INST000-002 SAT000
        2: CALIBRATE SAT000 INST000-002 DIR010
        3: TURN_TO SAT000 DIR014 DIR010
        4: TAKE_IMAGE SAT000 DIR014 INST000-002 MODE003
        5: SWITCH_OFF INST000-002 SAT000
        6: TURN_TO SAT000 DIR005 DIR014
        7: SWITCH_ON INST000-000 SAT000
        8: TURN_TO SAT000 DIR017 DIR005
        9: CALIBRATE SAT000 INST000-000 DIR017
       10: TAKE_IMAGE SAT000 DIR017 INST000-000 MODE004
       11: TURN_TO SAT000 DIR005 DIR017
       12: TAKE_IMAGE SAT000 DIR005 INST000-000 MODE004
       13: TURN_TO SAT000 DIR007 DIR005
       14: TAKE_IMAGE SAT000 DIR007 INST000-000 MODE004
     

time spent:    0.00 seconds instantiating 1278 easy, 0 hard action templates
               0.00 seconds reachability analysis, yielding 181 facts and 1278 actions
               0.00 seconds creating final representation with 181 relevant facts
               0.00 seconds building connectivity graph
               0.01 seconds searching, evaluating 33 states, to a max depth of 2
               0.01 seconds total time

