
ff: parsing domain file
domain 'SATELLITE' defined
 ... done.
ff: parsing problem file
problem 'PROBNAME' defined
 ... done.



Cueing down from goal distance:   14 into depth [1]
                                  13            [1]
                                  12            [1]
                                  11            [1]
                                  10            [1]
                                   9            [1]
                                   8            [1]
                                   7            [1]
                                   6            [1]
                                   5            [1]
                                   4            [1]
                                   3            [1]
                                   2            [1]
                                   1            [1]
                                   0            

ff: found legal plan as follows

step    0: TURN_TO SAT001 DIR017 DIR005
        1: SWITCH_ON INST001-002 SAT001
        2: TURN_TO SAT002 DIR005 DIR008
        3: CALIBRATE SAT001 INST001-002 DIR017
        4: TURN_TO SAT001 DIR018 DIR017
        5: TAKE_IMAGE SAT001 DIR018 INST001-002 MODE003
        6: TURN_TO SAT001 DIR012 DIR018
        7: TAKE_IMAGE SAT001 DIR012 INST001-002 MODE003
        8: SWITCH_ON INST002-001 SAT002
        9: CALIBRATE SAT002 INST002-001 DIR005
       10: TURN_TO SAT002 DIR001 DIR005
       11: TAKE_IMAGE SAT002 DIR001 INST002-001 MODE001
       12: TURN_TO SAT002 DIR002 DIR001
       13: TAKE_IMAGE SAT002 DIR002 INST002-001 MODE001
     

time spent:    0.00 seconds instantiating 1819 easy, 0 hard action templates
               0.00 seconds reachability analysis, yielding 203 facts and 1819 actions
               0.00 seconds creating final representation with 203 relevant facts
               0.00 seconds building connectivity graph
               0.01 seconds searching, evaluating 24 states, to a max depth of 1
               0.01 seconds total time

