
ff: parsing domain file
domain 'SATELLITE' defined
 ... done.
ff: parsing problem file
problem 'PROBNAME' defined
 ... done.



Cueing down from goal distance:   15 into depth [1]
                                  14            [1][2]
                                  13            [1]
                                  12            [1]
                                  11            [1]
                                  10            [1]
                                   9            [1]
                                   8            [1]
                                   7            [1]
                                   6            [1]
                                   5            [1]
                                   4            [1]
                                   3            [1]
                                   2            [1]
                                   1            [1]
                                   0            

ff: found legal plan as follows

step    0: TURN_TO SAT000 DIR007 DIR014
        1: SWITCH_ON INST000-000 SAT000
        2: SWITCH_ON INST001-003 SAT001
        3: TURN_TO SAT001 DIR010 DIR014
        4: CALIBRATE SAT000 INST000-000 DIR007
        5: TURN_TO SAT000 DIR004 DIR007
        6: TAKE_IMAGE SAT000 DIR004 INST000-000 MODE002
        7: CALIBRATE SAT001 INST001-003 DIR010
        8: TURN_TO SAT001 DIR011 DIR010
        9: TAKE_IMAGE SAT001 DIR011 INST001-003 MODE003
       10: TURN_TO SAT001 DIR005 DIR011
       11: TAKE_IMAGE SAT001 DIR005 INST001-003 MODE003
       12: SWITCH_ON INST002-001 SAT002
       13: CALIBRATE SAT002 INST002-001 DIR008
       14: TURN_TO SAT002 DIR004 DIR008
       15: TAKE_IMAGE SAT002 DIR004 INST002-001 MODE000
     

time spent:    0.00 seconds instantiating 3347 easy, 0 hard action templates
               0.00 seconds reachability analysis, yielding 295 facts and 3347 actions
               0.00 seconds creating final representation with 295 relevant facts
               0.01 seconds building connectivity graph
               0.02 seconds searching, evaluating 51 states, to a max depth of 2
               0.03 seconds total time

