
ff: parsing domain file
domain 'SATELLITE' defined
 ... done.
ff: parsing problem file
problem 'PROBNAME' defined
 ... done.



Cueing down from goal distance:   10 into depth [1]
                                   9            [1]
                                   8            [1]
                                   7            [1]
                                   6            [1]
                                   5            [1]
                                   4            [1]
                                   3            [1]
                                   2            [1]
                                   1            [1]
                                   0            

ff: found legal plan as follows

step    0: TURN_TO SAT000 DIR021 DIR012
        1: SWITCH_ON INST000-000 SAT000
        2: TURN_TO SAT003 DIR021 DIR000
        3: CALIBRATE SAT000 INST000-000 DIR021
        4: TURN_TO SAT000 DIR014 DIR021
        5: TAKE_IMAGE SAT000 DIR014 INST000-000 MODE003
        6: SWITCH_ON INST003-001 SAT003
        7: CALIBRATE SAT003 INST003-001 DIR021
        8: TURN_TO SAT003 DIR006 DIR021
        9: TAKE_IMAGE SAT003 DIR006 INST003-001 MODE001
     

time spent:    0.00 seconds instantiating 2810 easy, 0 hard action templates
               0.00 seconds reachability analysis, yielding 263 facts and 2810 actions
               0.01 seconds creating final representation with 263 relevant facts
               0.00 seconds building connectivity graph
               0.01 seconds searching, evaluating 15 states, to a max depth of 1
               0.02 seconds total time

