
ff: parsing domain file
domain 'SATELLITE' defined
 ... done.
ff: parsing problem file
problem 'PROBNAME' defined
 ... done.



Cueing down from goal distance:    5 into depth [1]
                                   4            [1]
                                   3            [1]
                                   2            [1]
                                   1            [1]
                                   0            

ff: found legal plan as follows

step    0: TURN_TO SAT000 DIR011 DIR006
        1: SWITCH_ON INST000-000 SAT000
        2: CALIBRATE SAT000 INST000-000 DIR011
        3: TURN_TO SAT000 DIR005 DIR011
        4: TAKE_IMAGE SAT000 DIR005 INST000-000 MODE000
     

time spent:    0.00 seconds instantiating 3397 easy, 0 hard action templates
               0.00 seconds reachability analysis, yielding 257 facts and 3397 actions
               0.01 seconds creating final representation with 257 relevant facts
               0.00 seconds building connectivity graph
               0.01 seconds searching, evaluating 7 states, to a max depth of 1
               0.02 seconds total time

