
ff: parsing domain file
domain 'SATELLITE' defined
 ... done.
ff: parsing problem file
problem 'PROBNAME' defined
 ... done.



Cueing down from goal distance:   19 into depth [1]
                                  18            [1]
                                  16            [1]
                                  15            [1]
                                  14            [1]
                                  13            [1]
                                  12            [1]
                                  11            [1]
                                  10            [1]
                                   9            [1]
                                   8            [1]
                                   7            [1]
                                   6            [1][2]
                                   5            [1]
                                   4            [1]
                                   3            [1]
                                   2            [1]
                                   1            [1]
                                   0            

ff: found legal plan as follows

step    0: TURN_TO SAT000 DIR016 DIR019
        1: SWITCH_ON INST000-002 SAT000
        2: TURN_TO SAT002 DIR010 DIR009
        3: CALIBRATE SAT000 INST000-002 DIR016
        4: TURN_TO SAT000 DIR003 DIR016
        5: TAKE_IMAGE SAT000 DIR003 INST000-002 MODE002
        6: TURN_TO SAT003 DIR007 DIR018
        7: SWITCH_ON INST003-000 SAT003
        8: SWITCH_ON INST002-000 SAT002
        9: CALIBRATE SAT002 INST002-000 DIR010
       10: TURN_TO SAT002 DIR013 DIR010
       11: TAKE_IMAGE SAT002 DIR013 INST002-000 MODE003
       12: TURN_TO SAT003 DIR017 DIR007
       13: CALIBRATE SAT003 INST003-000 DIR017
       14: TAKE_IMAGE SAT003 DIR017 INST003-000 MODE004
       15: TURN_TO SAT003 DIR007 DIR017
       16: TAKE_IMAGE SAT003 DIR007 INST003-000 MODE004
       17: TURN_TO SAT003 DIR021 DIR007
       18: TAKE_IMAGE SAT003 DIR021 INST003-000 MODE004
     

time spent:    0.00 seconds instantiating 2123 easy, 0 hard action templates
               0.00 seconds reachability analysis, yielding 235 facts and 2123 actions
               0.00 seconds creating final representation with 235 relevant facts
               0.00 seconds building connectivity graph
               0.01 seconds searching, evaluating 34 states, to a max depth of 2
               0.01 seconds total time

