
ff: parsing domain file
domain 'SATELLITE' defined
 ... done.
ff: parsing problem file
problem 'PROBNAME' defined
 ... done.



Cueing down from goal distance:   14 into depth [1]
                                  13            [1][2]
                                  12            [1]
                                  11            [1]
                                  10            [1]
                                   9            [1][2]
                                   8            [1]
                                   7            [1]
                                   6            [1]
                                   5            [1]
                                   4            [1]
                                   3            [1]
                                   2            [1]
                                   1            [1]
                                   0            

ff: found legal plan as follows

step    0: TURN_TO SAT000 DIR004 DIR019
        1: SWITCH_ON INST000-002 SAT000
        2: TURN_TO SAT001 DIR014 DIR001
        3: CALIBRATE SAT000 INST000-002 DIR004
        4: TURN_TO SAT000 DIR013 DIR004
        5: TAKE_IMAGE SAT000 DIR013 INST000-002 MODE000
        6: TURN_TO SAT001 DIR021 DIR014
        7: SWITCH_ON INST001-000 SAT001
        8: TURN_TO SAT002 DIR017 DIR006
        9: CALIBRATE SAT001 INST001-000 DIR021
       10: TURN_TO SAT001 DIR006 DIR021
       11: TAKE_IMAGE SAT001 DIR006 INST001-000 MODE001
       12: SWITCH_ON INST002-002 SAT002
       13: CALIBRATE SAT002 INST002-002 DIR017
       14: TURN_TO SAT002 DIR023 DIR017
       15: TAKE_IMAGE SAT002 DIR023 INST002-002 MODE002
     

time spent:    0.00 seconds instantiating 3771 easy, 0 hard action templates
               0.00 seconds reachability analysis, yielding 273 facts and 3771 actions
               0.01 seconds creating final representation with 273 relevant facts
               0.00 seconds building connectivity graph
               0.02 seconds searching, evaluating 43 states, to a max depth of 2
               0.03 seconds total time

