
ff: parsing domain file
domain 'SATELLITE' defined
 ... done.
ff: parsing problem file
problem 'PROBNAME' defined
 ... done.



Cueing down from goal distance:   20 into depth [1]
                                  19            [1]
                                  18            [1]
                                  16            [1]
                                  15            [1]
                                  14            [1]
                                  13            [1]
                                  12            [1]
                                  11            [1][2]
                                  10            [1]
                                   9            [1]
                                   8            [1]
                                   7            [1]
                                   6            [1]
                                   5            [1]
                                   4            [1]
                                   3            [1]
                                   2            [1]
                                   1            [1]
                                   0            

ff: found legal plan as follows

step    0: TURN_TO SAT000 DIR017 DIR019
        1: TURN_TO SAT001 DIR011 DIR010
        2: SWITCH_ON INST000-000 SAT000
        3: CALIBRATE SAT000 INST000-000 DIR017
        4: TURN_TO SAT000 DIR013 DIR017
        5: TAKE_IMAGE SAT000 DIR013 INST000-000 MODE001
        6: TURN_TO SAT000 DIR012 DIR013
        7: TAKE_IMAGE SAT000 DIR012 INST000-000 MODE001
        8: SWITCH_ON INST001-000 SAT001
        9: SWITCH_OFF INST000-000 SAT000
       10: TURN_TO SAT000 DIR010 DIR012
       11: CALIBRATE SAT001 INST001-000 DIR011
       12: TURN_TO SAT001 DIR008 DIR011
       13: TAKE_IMAGE SAT001 DIR008 INST001-000 MODE002
       14: TURN_TO SAT001 DIR022 DIR008
       15: TAKE_IMAGE SAT001 DIR022 INST001-000 MODE002
       16: SWITCH_ON INST000-001 SAT000
       17: CALIBRATE SAT000 INST000-001 DIR010
       18: TURN_TO SAT000 DIR007 DIR010
       19: TAKE_IMAGE SAT000 DIR007 INST000-001 MODE000
     

time spent:    0.00 seconds instantiating 1818 easy, 0 hard action templates
               0.00 seconds reachability analysis, yielding 165 facts and 1818 actions
               0.00 seconds creating final representation with 165 relevant facts
               0.00 seconds building connectivity graph
               0.01 seconds searching, evaluating 45 states, to a max depth of 2
               0.01 seconds total time

