
ff: parsing domain file
domain 'SATELLITE' defined
 ... done.
ff: parsing problem file
problem 'PROBNAME' defined
 ... done.



Cueing down from goal distance:   16 into depth [1]
                                  15            [1]
                                  14            [1]
                                  13            [1]
                                  12            [1]
                                  11            [1]
                                  10            [1]
                                   9            [1]
                                   8            [1]
                                   7            [1]
                                   6            [1]
                                   5            [1]
                                   4            [1]
                                   3            [1]
                                   2            [1]
                                   1            [1]
                                   0            

ff: found legal plan as follows

step    0: SWITCH_ON INST000-001 SAT000
        1: TURN_TO SAT003 DIR013 DIR023
        2: TURN_TO SAT001 DIR000 DIR003
        3: CALIBRATE SAT000 INST000-001 DIR004
        4: TURN_TO SAT000 DIR022 DIR004
        5: TAKE_IMAGE SAT000 DIR022 INST000-001 MODE001
        6: SWITCH_ON INST003-003 SAT003
        7: CALIBRATE SAT003 INST003-003 DIR013
        8: TURN_TO SAT003 DIR012 DIR013
        9: TAKE_IMAGE SAT003 DIR012 INST003-003 MODE000
       10: SWITCH_ON INST001-002 SAT001
       11: CALIBRATE SAT001 INST001-002 DIR000
       12: TURN_TO SAT001 DIR016 DIR000
       13: TAKE_IMAGE SAT001 DIR016 INST001-002 MODE002
       14: TURN_TO SAT001 DIR020 DIR016
       15: TAKE_IMAGE SAT001 DIR020 INST001-002 MODE002
     

time spent:    0.00 seconds instantiating 3717 easy, 0 hard action templates
               0.00 seconds reachability analysis, yielding 267 facts and 3717 actions
               0.00 seconds creating final representation with 267 relevant facts
               0.01 seconds building connectivity graph
               0.02 seconds searching, evaluating 31 states, to a max depth of 1
               0.03 seconds total time

