
ff: parsing domain file
domain 'SATELLITE' defined
 ... done.
ff: parsing problem file
problem 'PROBNAME' defined
 ... done.



Cueing down from goal distance:   14 into depth [1]
                                  13            [1]
                                  12            [1]
                                  11            [1]
                                  10            [1]
                                   9            [1]
                                   8            [1]
                                   7            [1]
                                   6            [1]
                                   5            [1]
                                   4            [1]
                                   3            [1]
                                   2            [1]
                                   1            [1]
                                   0            

ff: found legal plan as follows

step    0: TURN_TO SAT000 DIR021 DIR014
        1: SWITCH_ON INST000-000 SAT000
        2: TURN_TO SAT002 DIR012 DIR018
        3: CALIBRATE SAT000 INST000-000 DIR021
        4: TURN_TO SAT000 DIR016 DIR021
        5: TAKE_IMAGE SAT000 DIR016 INST000-000 MODE001
        6: TURN_TO SAT000 DIR020 DIR016
        7: TAKE_IMAGE SAT000 DIR020 INST000-000 MODE001
        8: SWITCH_ON INST002-000 SAT002
        9: CALIBRATE SAT002 INST002-000 DIR012
       10: TURN_TO SAT002 DIR022 DIR012
       11: TAKE_IMAGE SAT002 DIR022 INST002-000 MODE000
       12: TURN_TO SAT002 DIR004 DIR022
       13: TAKE_IMAGE SAT002 DIR004 INST002-000 MODE000
     

time spent:    0.00 seconds instantiating 2424 easy, 0 hard action templates
               0.00 seconds reachability analysis, yielding 172 facts and 2424 actions
               0.00 seconds creating final representation with 172 relevant facts
               0.00 seconds building connectivity graph
               0.01 seconds searching, evaluating 24 states, to a max depth of 1
               0.01 seconds total time

