
ff: parsing domain file
domain 'SATELLITE' defined
 ... done.
ff: parsing problem file
problem 'PROBNAME' defined
 ... done.



Cueing down from goal distance:    4 into depth [1]
                                   3            [1]
                                   2            [1]
                                   1            [1]
                                   0            

ff: found legal plan as follows

step    0: TURN_TO SAT000 DIR006 DIR010
        1: SWITCH_ON INST000-000 SAT000
        2: CALIBRATE SAT000 INST000-000 DIR006
        3: TAKE_IMAGE SAT000 DIR006 INST000-000 MODE002
     

time spent:    0.00 seconds instantiating 3717 easy, 0 hard action templates
               0.00 seconds reachability analysis, yielding 267 facts and 3717 actions
               0.01 seconds creating final representation with 267 relevant facts
               0.00 seconds building connectivity graph
               0.00 seconds searching, evaluating 5 states, to a max depth of 1
               0.01 seconds total time

