
Plan found!
	( !SWITCH_ON INST002-000 - INSTRUMENT SAT002 - SATELLITE )
	( !CALIBRATE SAT002 - SATELLITE INST002-000 - INSTRUMENT DIR006 - DIRECTION )
	( !TURN_TO SAT002 - SATELLITE DIR000 - DIRECTION DIR006 - DIRECTION )
	( !TAKE_IMAGE SAT002 - SATELLITE DIR000 - DIRECTION INST002-000 - INSTRUMENT MODE002 - MODE )
	( !SWITCH_ON INST000-000 - INSTRUMENT SAT000 - SATELLITE )
	( !CALIBRATE SAT000 - SATELLITE INST000-000 - INSTRUMENT DIR007 - DIRECTION )
	( !TURN_TO SAT000 - SATELLITE DIR009 - DIRECTION DIR007 - DIRECTION )
	( !TAKE_IMAGE SAT000 - SATELLITE DIR009 - DIRECTION INST000-000 - INSTRUMENT MODE003 - MODE )
	( !SWITCH_OFF INST002-000 - INSTRUMENT SAT002 - SATELLITE )
	( !SWITCH_ON INST002-001 - INSTRUMENT SAT002 - SATELLITE )
	( !TURN_TO SAT002 - SATELLITE DIR003 - DIRECTION DIR000 - DIRECTION )
	( !CALIBRATE SAT002 - SATELLITE INST002-001 - INSTRUMENT DIR003 - DIRECTION )
	( !TURN_TO SAT002 - SATELLITE DIR006 - DIRECTION DIR003 - DIRECTION )
	( !TAKE_IMAGE SAT002 - SATELLITE DIR006 - DIRECTION INST002-001 - INSTRUMENT MODE000 - MODE )
	( !SWITCH_ON INST003-000 - INSTRUMENT SAT003 - SATELLITE )
	( !TURN_TO SAT003 - SATELLITE DIR004 - DIRECTION DIR008 - DIRECTION )
	( !CALIBRATE SAT003 - SATELLITE INST003-000 - INSTRUMENT DIR004 - DIRECTION )
	( !TAKE_IMAGE SAT003 - SATELLITE DIR004 - DIRECTION INST003-000 - INSTRUMENT MODE001 - MODE )
	( !TURN_TO SAT000 - SATELLITE DIR000 - DIRECTION DIR009 - DIRECTION )
	( !TAKE_IMAGE SAT000 - SATELLITE DIR000 - DIRECTION INST000-000 - INSTRUMENT MODE003 - MODE )
