
Plan found!
	( !SWITCH_ON INST001-002 - INSTRUMENT SAT001 - SATELLITE )
	( !TURN_TO SAT001 - SATELLITE DIR000 - DIRECTION DIR005 - DIRECTION )
	( !CALIBRATE SAT001 - SATELLITE INST001-002 - INSTRUMENT DIR000 - DIRECTION )
	( !TURN_TO SAT001 - SATELLITE DIR003 - DIRECTION DIR000 - DIRECTION )
	( !TAKE_IMAGE SAT001 - SATELLITE DIR003 - DIRECTION INST001-002 - INSTRUMENT MODE001 - MODE )
	( !SWITCH_ON INST002-000 - INSTRUMENT SAT002 - SATELLITE )
	( !TURN_TO SAT002 - SATELLITE DIR010 - DIRECTION DIR008 - DIRECTION )
	( !CALIBRATE SAT002 - SATELLITE INST002-000 - INSTRUMENT DIR010 - DIRECTION )
	( !TURN_TO SAT002 - SATELLITE DIR009 - DIRECTION DIR010 - DIRECTION )
	( !TAKE_IMAGE SAT002 - SATELLITE DIR009 - DIRECTION INST002-000 - INSTRUMENT MODE004 - MODE )
	( !SWITCH_OFF INST001-002 - INSTRUMENT SAT001 - SATELLITE )
	( !SWITCH_ON INST001-001 - INSTRUMENT SAT001 - SATELLITE )
	( !TURN_TO SAT001 - SATELLITE DIR009 - DIRECTION DIR003 - DIRECTION )
	( !CALIBRATE SAT001 - SATELLITE INST001-001 - INSTRUMENT DIR009 - DIRECTION )
	( !TURN_TO SAT001 - SATELLITE DIR001 - DIRECTION DIR009 - DIRECTION )
	( !TAKE_IMAGE SAT001 - SATELLITE DIR001 - DIRECTION INST001-001 - INSTRUMENT MODE000 - MODE )
	( !SWITCH_OFF INST001-001 - INSTRUMENT SAT001 - SATELLITE )
	( !SWITCH_ON INST001-000 - INSTRUMENT SAT001 - SATELLITE )
	( !TURN_TO SAT001 - SATELLITE DIR000 - DIRECTION DIR001 - DIRECTION )
	( !CALIBRATE SAT001 - SATELLITE INST001-000 - INSTRUMENT DIR000 - DIRECTION )
	( !TURN_TO SAT001 - SATELLITE DIR008 - DIRECTION DIR000 - DIRECTION )
	( !TAKE_IMAGE SAT001 - SATELLITE DIR008 - DIRECTION INST001-000 - INSTRUMENT MODE002 - MODE )
	( !TURN_TO SAT002 - SATELLITE DIR003 - DIRECTION DIR009 - DIRECTION )
	( !TAKE_IMAGE SAT002 - SATELLITE DIR003 - DIRECTION INST002-000 - INSTRUMENT MODE004 - MODE )
