
Plan found!
	( !SWITCH_ON INST003-000 - INSTRUMENT SAT003 - SATELLITE )
	( !TURN_TO SAT003 - SATELLITE DIR012 - DIRECTION DIR001 - DIRECTION )
	( !CALIBRATE SAT003 - SATELLITE INST003-000 - INSTRUMENT DIR012 - DIRECTION )
	( !TURN_TO SAT003 - SATELLITE DIR013 - DIRECTION DIR012 - DIRECTION )
	( !TAKE_IMAGE SAT003 - SATELLITE DIR013 - DIRECTION INST003-000 - INSTRUMENT MODE000 - MODE )
	( !SWITCH_ON INST002-000 - INSTRUMENT SAT002 - SATELLITE )
	( !TURN_TO SAT002 - SATELLITE DIR013 - DIRECTION DIR008 - DIRECTION )
	( !CALIBRATE SAT002 - SATELLITE INST002-000 - INSTRUMENT DIR013 - DIRECTION )
	( !TURN_TO SAT002 - SATELLITE DIR009 - DIRECTION DIR013 - DIRECTION )
	( !TAKE_IMAGE SAT002 - SATELLITE DIR009 - DIRECTION INST002-000 - INSTRUMENT MODE002 - MODE )
	( !SWITCH_ON INST004-001 - INSTRUMENT SAT004 - SATELLITE )
	( !CALIBRATE SAT004 - SATELLITE INST004-001 - INSTRUMENT DIR007 - DIRECTION )
	( !TURN_TO SAT004 - SATELLITE DIR009 - DIRECTION DIR007 - DIRECTION )
	( !TAKE_IMAGE SAT004 - SATELLITE DIR009 - DIRECTION INST004-001 - INSTRUMENT MODE004 - MODE )
	( !SWITCH_ON INST001-001 - INSTRUMENT SAT001 - SATELLITE )
	( !TURN_TO SAT001 - SATELLITE DIR003 - DIRECTION DIR002 - DIRECTION )
	( !CALIBRATE SAT001 - SATELLITE INST001-001 - INSTRUMENT DIR003 - DIRECTION )
	( !TURN_TO SAT001 - SATELLITE DIR014 - DIRECTION DIR003 - DIRECTION )
	( !TAKE_IMAGE SAT001 - SATELLITE DIR014 - DIRECTION INST001-001 - INSTRUMENT MODE003 - MODE )
	( !TURN_TO SAT004 - SATELLITE DIR007 - DIRECTION DIR009 - DIRECTION )
	( !TAKE_IMAGE SAT004 - SATELLITE DIR007 - DIRECTION INST004-001 - INSTRUMENT MODE004 - MODE )
