
Plan found!
	( !SWITCH_ON INST001-001 - INSTRUMENT SAT001 - SATELLITE )
	( !TURN_TO SAT001 - SATELLITE DIR000 - DIRECTION DIR013 - DIRECTION )
	( !CALIBRATE SAT001 - SATELLITE INST001-001 - INSTRUMENT DIR000 - DIRECTION )
	( !TAKE_IMAGE SAT001 - SATELLITE DIR000 - DIRECTION INST001-001 - INSTRUMENT MODE004 - MODE )
	( !SWITCH_ON INST000-002 - INSTRUMENT SAT000 - SATELLITE )
	( !TURN_TO SAT000 - SATELLITE DIR007 - DIRECTION DIR003 - DIRECTION )
	( !CALIBRATE SAT000 - SATELLITE INST000-002 - INSTRUMENT DIR007 - DIRECTION )
	( !TURN_TO SAT000 - SATELLITE DIR014 - DIRECTION DIR007 - DIRECTION )
	( !TAKE_IMAGE SAT000 - SATELLITE DIR014 - DIRECTION INST000-002 - INSTRUMENT MODE002 - MODE )
	( !SWITCH_OFF INST001-001 - INSTRUMENT SAT001 - SATELLITE )
	( !SWITCH_ON INST001-003 - INSTRUMENT SAT001 - SATELLITE )
	( !TURN_TO SAT001 - SATELLITE DIR014 - DIRECTION DIR000 - DIRECTION )
	( !CALIBRATE SAT001 - SATELLITE INST001-003 - INSTRUMENT DIR014 - DIRECTION )
	( !TAKE_IMAGE SAT001 - SATELLITE DIR014 - DIRECTION INST001-003 - INSTRUMENT MODE000 - MODE )
	( !SWITCH_ON INST003-002 - INSTRUMENT SAT003 - SATELLITE )
	( !TURN_TO SAT003 - SATELLITE DIR002 - DIRECTION DIR003 - DIRECTION )
	( !CALIBRATE SAT003 - SATELLITE INST003-002 - INSTRUMENT DIR002 - DIRECTION )
	( !TURN_TO SAT003 - SATELLITE DIR004 - DIRECTION DIR002 - DIRECTION )
	( !TAKE_IMAGE SAT003 - SATELLITE DIR004 - DIRECTION INST003-002 - INSTRUMENT MODE004 - MODE )
