
Plan found!
	( !SWITCH_ON INST004-002 - INSTRUMENT SAT004 - SATELLITE )
	( !TURN_TO SAT004 - SATELLITE DIR016 - DIRECTION DIR012 - DIRECTION )
	( !CALIBRATE SAT004 - SATELLITE INST004-002 - INSTRUMENT DIR016 - DIRECTION )
	( !TURN_TO SAT004 - SATELLITE DIR011 - DIRECTION DIR016 - DIRECTION )
	( !TAKE_IMAGE SAT004 - SATELLITE DIR011 - DIRECTION INST004-002 - INSTRUMENT MODE001 - MODE )
	( !SWITCH_ON INST001-002 - INSTRUMENT SAT001 - SATELLITE )
	( !CALIBRATE SAT001 - SATELLITE INST001-002 - INSTRUMENT DIR010 - DIRECTION )
	( !TURN_TO SAT001 - SATELLITE DIR002 - DIRECTION DIR010 - DIRECTION )
	( !TAKE_IMAGE SAT001 - SATELLITE DIR002 - DIRECTION INST001-002 - INSTRUMENT MODE003 - MODE )
	( !TURN_TO SAT001 - SATELLITE DIR006 - DIRECTION DIR002 - DIRECTION )
	( !TAKE_IMAGE SAT001 - SATELLITE DIR006 - DIRECTION INST001-002 - INSTRUMENT MODE003 - MODE )
	( !SWITCH_ON INST003-001 - INSTRUMENT SAT003 - SATELLITE )
	( !TURN_TO SAT003 - SATELLITE DIR001 - DIRECTION DIR002 - DIRECTION )
	( !CALIBRATE SAT003 - SATELLITE INST003-001 - INSTRUMENT DIR001 - DIRECTION )
	( !TURN_TO SAT003 - SATELLITE DIR008 - DIRECTION DIR001 - DIRECTION )
	( !TAKE_IMAGE SAT003 - SATELLITE DIR008 - DIRECTION INST003-001 - INSTRUMENT MODE002 - MODE )
	( !SWITCH_ON INST000-000 - INSTRUMENT SAT000 - SATELLITE )
	( !TURN_TO SAT000 - SATELLITE DIR004 - DIRECTION DIR015 - DIRECTION )
	( !CALIBRATE SAT000 - SATELLITE INST000-000 - INSTRUMENT DIR004 - DIRECTION )
	( !TURN_TO SAT000 - SATELLITE DIR013 - DIRECTION DIR004 - DIRECTION )
	( !TAKE_IMAGE SAT000 - SATELLITE DIR013 - DIRECTION INST000-000 - INSTRUMENT MODE000 - MODE )
