
ff: parsing domain file
domain 'BLOCKS4' defined
 ... done.
ff: parsing problem file
problem 'PROBNAME' defined
 ... done.



Cueing down from goal distance:    5 into depth [1]
                                   4            [1]
                                   3            [1][2]
                                   2            [1]
                                   1            [1]
                                   0            

Cueing down from goal distance:    6 into depth [1]
                                   5            [1]
                                   4            [1]

Enforced Hill-climbing failed !
switching to Best-first Search now.

advancing to distance :    9
                           8
                           7
                           5
                           4
                           2
                           0

ff: found legal plan as follows

step    0: UNSTACK B001 B000
        1: PUTDOWN B001
        2: PICKUP B000
        3: STACK B000 B002
        4: UNSTACK B005 B004
        5: PUTDOWN B005
        6: UNSTACK B004 B003
        7: PUTDOWN B004
        8: PICKUP B005
        9: STACK B005 B004
       10: PICKUP B003
       11: STACK B003 B001
     

time spent:    0.00 seconds instantiating 84 easy, 0 hard action templates
               0.00 seconds reachability analysis, yielding 55 facts and 84 actions
               0.00 seconds creating final representation with 55 relevant facts
               0.00 seconds building connectivity graph
               0.00 seconds searching, evaluating 59 states, to a max depth of 2
               0.00 seconds total time

