
ff: parsing domain file
domain 'BLOCKS4' defined
 ... done.
ff: parsing problem file
problem 'PROBNAME' defined
 ... done.



Cueing down from goal distance:    3 into depth [1][2]
                                   2            [1]
                                   1            [1]
                                   0            

Cueing down from goal distance:    2 into depth [1]
                                   1            [1]
                                   0            

Cueing down from goal distance:    2 into depth [1]
                                   1            [1]
                                   0            

Cueing down from goal distance:    5 into depth [1]

Enforced Hill-climbing failed !
switching to Best-first Search now.

advancing to distance :   14
                          13
                          12
                          11
                          10
                           9
                           8
                           7
                           6
                           5
                           4
                           2
                           0

ff: found legal plan as follows

step    0: UNSTACK B001 B002
        1: PUTDOWN B001
        2: UNSTACK B002 B006
        3: STACK B002 B004
        4: PICKUP B003
        5: STACK B003 B002
        6: UNSTACK B000 B008
        7: STACK B000 B003
        8: UNSTACK B008 B007
        9: PUTDOWN B008
       10: UNSTACK B007 B005
       11: STACK B007 B000
       12: PICKUP B005
       13: STACK B005 B001
     

time spent:    0.00 seconds instantiating 180 easy, 0 hard action templates
               0.00 seconds reachability analysis, yielding 109 facts and 180 actions
               0.00 seconds creating final representation with 109 relevant facts
               0.00 seconds building connectivity graph
               0.00 seconds searching, evaluating 80 states, to a max depth of 2
               0.00 seconds total time

