
ff: parsing domain file
domain 'BLOCKS4' defined
 ... done.
ff: parsing problem file
problem 'PROBNAME' defined
 ... done.



Cueing down from goal distance:    4 into depth [1]

Enforced Hill-climbing failed !
switching to Best-first Search now.

advancing to distance :   18
                          17
                          16
                          14
                          13
                          12
                          11
                          10
                           9
                           8
                           7
                           6
                           5
                           4
                           3
                           2
                           1
                           0

ff: found legal plan as follows

step    0: UNSTACK B007 B006
        1: PUTDOWN B007
        2: UNSTACK B001 B009
        3: PUTDOWN B001
        4: UNSTACK B009 B005
        5: STACK B009 B007
        6: PICKUP B005
        7: STACK B005 B001
        8: UNSTACK B002 B003
        9: STACK B002 B005
       10: UNSTACK B003 B008
       11: PUTDOWN B003
       12: UNSTACK B008 B000
       13: PUTDOWN B008
       14: UNSTACK B000 B004
       15: STACK B000 B006
       16: PICKUP B004
       17: STACK B004 B000
       18: PICKUP B003
       19: STACK B003 B004
       20: UNSTACK B002 B005
       21: PUTDOWN B002
       22: UNSTACK B005 B001
       23: STACK B005 B002
       24: PICKUP B001
       25: STACK B001 B008
       26: UNSTACK B005 B002
       27: STACK B005 B001
       28: PICKUP B002
       29: STACK B002 B005
     

time spent:    0.00 seconds instantiating 220 easy, 0 hard action templates
               0.00 seconds reachability analysis, yielding 131 facts and 220 actions
               0.00 seconds creating final representation with 131 relevant facts
               0.00 seconds building connectivity graph
               0.01 seconds searching, evaluating 262 states, to a max depth of 1
               0.01 seconds total time

