
ff: parsing domain file
domain 'BLOCKS4' defined
 ... done.
ff: parsing problem file
problem 'PROBNAME' defined
 ... done.



Cueing down from goal distance:    3 into depth [1][2]
                                   2            [1]
                                   1            [1]
                                   0            

Cueing down from goal distance:    7 into depth [1][2]
                                   6            [1]
                                   5            [1]
                                   4            [1]

Enforced Hill-climbing failed !
switching to Best-first Search now.

advancing to distance :   10
                           8
                           7
                           6
                           5
                           4
                           3
                           2
                           0

ff: found legal plan as follows

step    0: UNSTACK B004 B006
        1: STACK B004 B005
        2: UNSTACK B001 B003
        3: STACK B001 B006
        4: UNSTACK B002 B007
        5: STACK B002 B003
        6: UNSTACK B001 B006
        7: PUTDOWN B001
        8: UNSTACK B006 B000
        9: STACK B006 B002
       10: PICKUP B000
       11: STACK B000 B007
       12: PICKUP B001
       13: STACK B001 B006
     

time spent:    0.00 seconds instantiating 144 easy, 0 hard action templates
               0.00 seconds reachability analysis, yielding 89 facts and 144 actions
               0.00 seconds creating final representation with 89 relevant facts
               0.00 seconds building connectivity graph
               0.00 seconds searching, evaluating 213 states, to a max depth of 2
               0.00 seconds total time

