
ff: parsing domain file
domain 'BLOCKS4' defined
 ... done.
ff: parsing problem file
problem 'PROBNAME' defined
 ... done.



Cueing down from goal distance:    4 into depth [1]

Enforced Hill-climbing failed !
switching to Best-first Search now.

advancing to distance :   12
                          11
                          10
                           9
                           8
                           7
                           6
                           5
                           3
                           2
                           0

ff: found legal plan as follows

step    0: UNSTACK B001 B000
        1: STACK B001 B006
        2: UNSTACK B000 B004
        3: STACK B000 B007
        4: UNSTACK B004 B002
        5: PUTDOWN B004
        6: UNSTACK B002 B003
        7: STACK B002 B005
        8: UNSTACK B000 B007
        9: STACK B000 B003
       10: PICKUP B007
       11: STACK B007 B004
       12: UNSTACK B000 B003
       13: STACK B000 B007
       14: UNSTACK B001 B006
       15: STACK B001 B003
       16: PICKUP B006
       17: STACK B006 B002
       18: UNSTACK B001 B003
       19: STACK B001 B006
     

time spent:    0.00 seconds instantiating 144 easy, 0 hard action templates
               0.00 seconds reachability analysis, yielding 89 facts and 144 actions
               0.00 seconds creating final representation with 89 relevant facts
               0.00 seconds building connectivity graph
               0.00 seconds searching, evaluating 93 states, to a max depth of 1
               0.00 seconds total time

