
ff: parsing domain file
domain 'BLOCKS4' defined
 ... done.
ff: parsing problem file
problem 'PROBNAME' defined
 ... done.



Cueing down from goal distance:    2 into depth [1]
                                   1            [1]
                                   0            

Cueing down from goal distance:    2 into depth [1]
                                   1            [1]
                                   0            

Cueing down from goal distance:    4 into depth [1]

Enforced Hill-climbing failed !
switching to Best-first Search now.

advancing to distance :   14
                          13
                          12
                          11
                          10
                           9
                           8
                           7
                           6
                           5
                           4
                           3
                           2
                           0

ff: found legal plan as follows

step    0: UNSTACK B004 B005
        1: PUTDOWN B004
        2: UNSTACK B000 B001
        3: STACK B000 B004
        4: UNSTACK B006 B003
        5: PUTDOWN B006
        6: PICKUP B007
        7: STACK B007 B005
        8: UNSTACK B003 B002
        9: STACK B003 B001
       10: PICKUP B002
       11: STACK B002 B000
       12: UNSTACK B003 B001
       13: PUTDOWN B003
       14: PICKUP B001
       15: STACK B001 B002
       16: PICKUP B003
       17: STACK B003 B001
     

time spent:    0.00 seconds instantiating 144 easy, 0 hard action templates
               0.00 seconds reachability analysis, yielding 89 facts and 144 actions
               0.00 seconds creating final representation with 89 relevant facts
               0.00 seconds building connectivity graph
               0.00 seconds searching, evaluating 84 states, to a max depth of 1
               0.00 seconds total time

