
ff: parsing domain file
domain 'BLOCKS4' defined
 ... done.
ff: parsing problem file
problem 'PROBNAME' defined
 ... done.



Cueing down from goal distance:    2 into depth [1]
                                   1            [1]
                                   0            

Cueing down from goal distance:    2 into depth [1]
                                   1            [1]
                                   0            

Cueing down from goal distance:    2 into depth [1]
                                   1            [1]
                                   0            

Cueing down from goal distance:    3 into depth [1][2]
                                   2            [1]
                                   1            [1]
                                   0            

Cueing down from goal distance:    2 into depth [1]
                                   1            [1]
                                   0            

Cueing down from goal distance:    5 into depth [1]

Enforced Hill-climbing failed !
switching to Best-first Search now.

advancing to distance :   18
                          17
                          16
                          15
                          14
                          13
                          12
                          11
                          10
                           9
                           8
                           7
                           6
                           5
                           4
                           3
                           2
                           0

ff: found legal plan as follows

step    0: UNSTACK B004 B003
        1: PUTDOWN B004
        2: UNSTACK B003 B005
        3: PUTDOWN B003
        4: UNSTACK B000 B006
        5: STACK B000 B004
        6: UNSTACK B006 B001
        7: PUTDOWN B006
        8: UNSTACK B001 B008
        9: PUTDOWN B001
       10: UNSTACK B005 B007
       11: PUTDOWN B005
       12: UNSTACK B007 B002
       13: STACK B007 B003
       14: PICKUP B002
       15: STACK B002 B000
       16: PICKUP B005
       17: STACK B005 B002
       18: PICKUP B008
       19: STACK B008 B007
     

time spent:    0.00 seconds instantiating 180 easy, 0 hard action templates
               0.00 seconds reachability analysis, yielding 109 facts and 180 actions
               0.00 seconds creating final representation with 109 relevant facts
               0.00 seconds building connectivity graph
               0.01 seconds searching, evaluating 139 states, to a max depth of 2
               0.01 seconds total time

