
ff: parsing domain file
domain 'BLOCKS4' defined
 ... done.
ff: parsing problem file
problem 'PROBNAME' defined
 ... done.



Cueing down from goal distance:    2 into depth [1]
                                   1            [1]
                                   0            

Cueing down from goal distance:    3 into depth [1][2]
                                   2            [1]
                                   1            [1]
                                   0            

Cueing down from goal distance:    3 into depth [1][2]
                                   2            [1]
                                   1            [1]
                                   0            

Cueing down from goal distance:    4 into depth [1][2]
                                   3            [1][2]
                                   2            [1]
                                   1            [1]
                                   0            

Cueing down from goal distance:    4 into depth [1][2]

Enforced Hill-climbing failed !
switching to Best-first Search now.

advancing to distance :   14
                          13
                          12
                          11
                          10
                           9
                           8
                           7
                           6
                           5
                           4
                           2
                           0

ff: found legal plan as follows

step    0: UNSTACK B006 B005
        1: PUTDOWN B006
        2: UNSTACK B002 B001
        3: PUTDOWN B002
        4: PICKUP B001
        5: STACK B001 B002
        6: UNSTACK B004 B003
        7: STACK B004 B005
        8: PICKUP B003
        9: STACK B003 B007
       10: UNSTACK B004 B005
       11: PUTDOWN B004
       12: UNSTACK B005 B000
       13: STACK B005 B003
       14: PICKUP B000
       15: STACK B000 B001
       16: PICKUP B004
       17: STACK B004 B005
     

time spent:    0.00 seconds instantiating 144 easy, 0 hard action templates
               0.00 seconds reachability analysis, yielding 89 facts and 144 actions
               0.00 seconds creating final representation with 89 relevant facts
               0.00 seconds building connectivity graph
               0.00 seconds searching, evaluating 118 states, to a max depth of 2
               0.00 seconds total time

