
ff: parsing domain file
domain 'BLOCKS4' defined
 ... done.
ff: parsing problem file
problem 'PROBNAME' defined
 ... done.



Cueing down from goal distance:    3 into depth [1][2]
                                   2            [1]
                                   1            [1]
                                   0            

Cueing down from goal distance:    2 into depth [1]
                                   1            [1]
                                   0            

Cueing down from goal distance:    2 into depth [1]
                                   1            [1]
                                   0            

Cueing down from goal distance:    3 into depth [1][2]
                                   2            [1]
                                   1            [1]
                                   0            

Cueing down from goal distance:    4 into depth [1][2]
                                   3            [1][2]
                                   2            [1]
                                   1            [1]
                                   0            

Cueing down from goal distance:    4 into depth [1][2]
                                   3            [1][2]
                                   2            [1]
                                   1            [1]
                                   0            

Cueing down from goal distance:    2 into depth [1]
                                   1            [1]
                                   0            

Cueing down from goal distance:    2 into depth [1]
                                   1            [1]
                                   0            

Cueing down from goal distance:    2 into depth [1]
                                   1            [1]
                                   0            

ff: found legal plan as follows

step    0: UNSTACK B005 B007
        1: STACK B005 B009
        2: UNSTACK B007 B004
        3: PUTDOWN B007
        4: UNSTACK B002 B000
        5: PUTDOWN B002
        6: PICKUP B000
        7: STACK B000 B007
        8: UNSTACK B008 B006
        9: STACK B008 B000
       10: PICKUP B006
       11: STACK B006 B002
       12: UNSTACK B004 B001
       13: STACK B004 B006
       14: UNSTACK B008 B000
       15: STACK B008 B005
       16: UNSTACK B001 B003
       17: STACK B001 B000
       18: UNSTACK B008 B005
       19: PUTDOWN B008
       20: UNSTACK B004 B006
       21: STACK B004 B008
       22: UNSTACK B005 B009
       23: STACK B005 B006
       24: UNSTACK B004 B008
       25: STACK B004 B001
       26: PICKUP B009
       27: STACK B009 B005
       28: PICKUP B008
       29: STACK B008 B004
     

time spent:    0.00 seconds instantiating 220 easy, 0 hard action templates
               0.00 seconds reachability analysis, yielding 131 facts and 220 actions
               0.00 seconds creating final representation with 131 relevant facts
               0.00 seconds building connectivity graph
               0.00 seconds searching, evaluating 53 states, to a max depth of 2
               0.00 seconds total time

