
ff: parsing domain file
domain 'BLOCKS4' defined
 ... done.
ff: parsing problem file
problem 'PROBNAME' defined
 ... done.



Cueing down from goal distance:    3 into depth [1][2]
                                   2            [1]
                                   1            [1]
                                   0            

Cueing down from goal distance:    5 into depth [1]

Enforced Hill-climbing failed !
switching to Best-first Search now.

advancing to distance :   12
                          11
                          10
                           9
                           8
                           7
                           6
                           4
                           2
                           0

ff: found legal plan as follows

step    0: UNSTACK B000 B002
        1: PUTDOWN B000
        2: UNSTACK B001 B008
        3: STACK B001 B007
        4: UNSTACK B008 B004
        5: PUTDOWN B008
        6: PICKUP B004
        7: STACK B004 B001
        8: UNSTACK B002 B003
        9: STACK B002 B008
       10: PICKUP B003
       11: STACK B003 B006
     

time spent:    0.00 seconds instantiating 180 easy, 0 hard action templates
               0.00 seconds reachability analysis, yielding 109 facts and 180 actions
               0.00 seconds creating final representation with 109 relevant facts
               0.00 seconds building connectivity graph
               0.00 seconds searching, evaluating 62 states, to a max depth of 2
               0.00 seconds total time

