
ff: parsing domain file
domain 'BLOCKS4' defined
 ... done.
ff: parsing problem file
problem 'PROBNAME' defined
 ... done.



Cueing down from goal distance:    8 into depth [1][2]
                                   7            [1]
                                   6            [1]
                                   5            [1]

Enforced Hill-climbing failed !
switching to Best-first Search now.

advancing to distance :   10
                           9
                           8
                           7
                           6
                           5
                           3
                           2
                           0

ff: found legal plan as follows

step    0: UNSTACK B002 B005
        1: PUTDOWN B002
        2: UNSTACK B005 B001
        3: PUTDOWN B005
        4: UNSTACK B001 B003
        5: PUTDOWN B001
        6: PICKUP B003
        7: STACK B003 B002
        8: PICKUP B005
        9: STACK B005 B001
       10: UNSTACK B000 B004
       11: STACK B000 B003
       12: UNSTACK B004 B006
       13: PUTDOWN B004
       14: UNSTACK B000 B003
       15: STACK B000 B004
     

time spent:    0.00 seconds instantiating 112 easy, 0 hard action templates
               0.00 seconds reachability analysis, yielding 71 facts and 112 actions
               0.00 seconds creating final representation with 71 relevant facts
               0.00 seconds building connectivity graph
               0.00 seconds searching, evaluating 64 states, to a max depth of 2
               0.00 seconds total time

