
ff: parsing domain file
domain 'BLOCKS4' defined
 ... done.
ff: parsing problem file
problem 'PROBNAME' defined
 ... done.



Cueing down from goal distance:    2 into depth [1]
                                   1            [1]
                                   0            

Cueing down from goal distance:    6 into depth [1][2]

Enforced Hill-climbing failed !
switching to Best-first Search now.

advancing to distance :   10
                           9
                           8
                           7
                           6
                           5
                           4
                           3
                           2
                           1
                           0

ff: found legal plan as follows

step    0: PICKUP B004
        1: STACK B004 B001
        2: UNSTACK B003 B000
        3: PUTDOWN B003
        4: UNSTACK B000 B002
        5: PUTDOWN B000
        6: UNSTACK B002 B006
        7: STACK B002 B004
        8: PICKUP B005
        9: STACK B005 B006
       10: PICKUP B003
       11: STACK B003 B002
     

time spent:    0.00 seconds instantiating 112 easy, 0 hard action templates
               0.00 seconds reachability analysis, yielding 71 facts and 112 actions
               0.00 seconds creating final representation with 71 relevant facts
               0.00 seconds building connectivity graph
               0.00 seconds searching, evaluating 54 states, to a max depth of 2
               0.00 seconds total time

