
ff: parsing domain file
domain 'BLOCKS4' defined
 ... done.
ff: parsing problem file
problem 'PROBNAME' defined
 ... done.



Cueing down from goal distance:    3 into depth [1][2]
                                   2            [1]
                                   1            [1]
                                   0            

Cueing down from goal distance:    4 into depth [1]

Enforced Hill-climbing failed !
switching to Best-first Search now.

advancing to distance :   17
                          16
                          15
                          14
                          13
                          12
                          11
                          10
                           9
                           8
                           6
                           5
                           4
                           3
                           2
                           0

ff: found legal plan as follows

step    0: UNSTACK B009 B008
        1: STACK B009 B000
        2: UNSTACK B008 B002
        3: STACK B008 B009
        4: UNSTACK B005 B003
        5: STACK B005 B002
        6: UNSTACK B008 B009
        7: PUTDOWN B008
        8: UNSTACK B009 B000
        9: PUTDOWN B009
       10: UNSTACK B000 B006
       11: STACK B000 B003
       12: PICKUP B009
       13: STACK B009 B000
       14: UNSTACK B006 B001
       15: PUTDOWN B006
       16: UNSTACK B001 B007
       17: PUTDOWN B001
       18: PICKUP B008
       19: STACK B008 B009
       20: UNSTACK B005 B002
       21: STACK B005 B007
       22: PICKUP B002
       23: STACK B002 B006
       24: UNSTACK B005 B007
       25: STACK B005 B002
       26: UNSTACK B007 B004
       27: PUTDOWN B007
       28: PICKUP B004
       29: STACK B004 B005
       30: PICKUP B007
       31: STACK B007 B004
     

time spent:    0.00 seconds instantiating 220 easy, 0 hard action templates
               0.00 seconds reachability analysis, yielding 131 facts and 220 actions
               0.00 seconds creating final representation with 131 relevant facts
               0.00 seconds building connectivity graph
               0.01 seconds searching, evaluating 238 states, to a max depth of 2
               0.01 seconds total time

