
ff: parsing domain file
domain 'BLOCKS4' defined
 ... done.
ff: parsing problem file
problem 'PROBNAME' defined
 ... done.



Cueing down from goal distance:    3 into depth [1][2]
                                   2            [1]
                                   1            [1]
                                   0            

Cueing down from goal distance:    3 into depth [1][2]
                                   2            [1]
                                   1            [1]
                                   0            

Cueing down from goal distance:    2 into depth [1]
                                   1            [1]
                                   0            

Cueing down from goal distance:    4 into depth [1]
                                   3            [1]
                                   2            [1]
                                   1            [1]
                                   0            

Cueing down from goal distance:    2 into depth [1]
                                   1            [1]
                                   0            

Cueing down from goal distance:    2 into depth [1]
                                   1            [1]
                                   0            

ff: found legal plan as follows

step    0: UNSTACK B008 B000
        1: STACK B008 B003
        2: UNSTACK B000 B004
        3: PUTDOWN B000
        4: UNSTACK B005 B001
        5: STACK B005 B006
        6: PICKUP B001
        7: STACK B001 B000
        8: UNSTACK B005 B006
        9: STACK B005 B002
       10: PICKUP B004
       11: STACK B004 B001
       12: UNSTACK B008 B003
       13: STACK B008 B007
       14: PICKUP B006
       15: STACK B006 B005
       16: PICKUP B003
       17: STACK B003 B004
     

time spent:    0.00 seconds instantiating 180 easy, 0 hard action templates
               0.00 seconds reachability analysis, yielding 109 facts and 180 actions
               0.00 seconds creating final representation with 109 relevant facts
               0.00 seconds building connectivity graph
               0.00 seconds searching, evaluating 31 states, to a max depth of 2
               0.00 seconds total time

