
ff: parsing domain file
domain 'BLOCKS4' defined
 ... done.
ff: parsing problem file
problem 'PROBNAME' defined
 ... done.



Cueing down from goal distance:    6 into depth [1][2]
                                   5            [1]
                                   4            [1]
                                   3            [1][2]
                                   2            [1]
                                   1            [1]
                                   0            

Cueing down from goal distance:    2 into depth [1]
                                   1            [1]
                                   0            

Cueing down from goal distance:    5 into depth [1]

Enforced Hill-climbing failed !
switching to Best-first Search now.

advancing to distance :   14
                          13
                          12
                          11
                          10
                           9
                           8
                           7
                           6
                           5
                           4
                           3
                           2
                           1
                           0

ff: found legal plan as follows

step    0: UNSTACK B001 B006
        1: PUTDOWN B001
        2: PICKUP B006
        3: STACK B006 B005
        4: UNSTACK B004 B003
        5: PUTDOWN B004
        6: UNSTACK B003 B007
        7: PUTDOWN B003
        8: UNSTACK B006 B005
        9: STACK B006 B001
       10: UNSTACK B005 B000
       11: STACK B005 B003
       12: UNSTACK B006 B001
       13: STACK B006 B005
       14: UNSTACK B000 B002
       15: PUTDOWN B000
       16: PICKUP B002
       17: STACK B002 B000
       18: PICKUP B004
       19: STACK B004 B002
     

time spent:    0.00 seconds instantiating 144 easy, 0 hard action templates
               0.00 seconds reachability analysis, yielding 89 facts and 144 actions
               0.00 seconds creating final representation with 89 relevant facts
               0.00 seconds building connectivity graph
               0.00 seconds searching, evaluating 125 states, to a max depth of 2
               0.00 seconds total time

