
ff: parsing domain file
domain 'BLOCKS4' defined
 ... done.
ff: parsing problem file
problem 'PROBNAME' defined
 ... done.



Cueing down from goal distance:    6 into depth [1]
                                   5            [1]
                                   4            [1][2]
                                   3            [1][2]
                                   2            [1]
                                   1            [1]
                                   0            

Cueing down from goal distance:    3 into depth [1]

Enforced Hill-climbing failed !
switching to Best-first Search now.

advancing to distance :   14
                          13
                          12
                          11
                          10
                           9
                           8
                           6
                           5
                           4
                           3
                           2
                           0

ff: found legal plan as follows

step    0: UNSTACK B007 B004
        1: PUTDOWN B007
        2: UNSTACK B005 B001
        3: PUTDOWN B005
        4: PICKUP B009
        5: STACK B009 B006
        6: PICKUP B008
        7: STACK B008 B009
        8: UNSTACK B003 B002
        9: PUTDOWN B003
       10: UNSTACK B002 B000
       11: STACK B002 B001
       12: PICKUP B003
       13: STACK B003 B000
       14: PICKUP B004
       15: STACK B004 B002
     

time spent:    0.00 seconds instantiating 220 easy, 0 hard action templates
               0.00 seconds reachability analysis, yielding 131 facts and 220 actions
               0.00 seconds creating final representation with 131 relevant facts
               0.00 seconds building connectivity graph
               0.00 seconds searching, evaluating 162 states, to a max depth of 2
               0.00 seconds total time

