
ff: parsing domain file
domain 'BLOCKS4' defined
 ... done.
ff: parsing problem file
problem 'PROBNAME' defined
 ... done.



Cueing down from goal distance:    4 into depth [1]

Enforced Hill-climbing failed !
switching to Best-first Search now.

advancing to distance :   10
                           9
                           8
                           6
                           4
                           3
                           2
                           0

ff: found legal plan as follows

step    0: UNSTACK B003 B004
        1: STACK B003 B005
        2: UNSTACK B002 B006
        3: STACK B002 B003
        4: UNSTACK B004 B000
        5: STACK B004 B006
        6: UNSTACK B000 B001
        7: PUTDOWN B000
        8: PICKUP B001
        9: STACK B001 B000
     

time spent:    0.00 seconds instantiating 112 easy, 0 hard action templates
               0.00 seconds reachability analysis, yielding 71 facts and 112 actions
               0.00 seconds creating final representation with 71 relevant facts
               0.00 seconds building connectivity graph
               0.00 seconds searching, evaluating 34 states, to a max depth of 1
               0.00 seconds total time

