
ff: parsing domain file
domain 'BLOCKS4' defined
 ... done.
ff: parsing problem file
problem 'PROBNAME' defined
 ... done.



Cueing down from goal distance:    4 into depth [1]

Enforced Hill-climbing failed !
switching to Best-first Search now.

advancing to distance :   18
                          17
                          16
                          15
                          14
                          13
                          12
                          11
                          10
                           9
                           8
                           6
                           5
                           4
                           3
                           2
                           0

ff: found legal plan as follows

step    0: UNSTACK B004 B006
        1: PUTDOWN B004
        2: UNSTACK B006 B005
        3: PUTDOWN B006
        4: UNSTACK B005 B002
        5: PUTDOWN B005
        6: PICKUP B002
        7: STACK B002 B004
        8: UNSTACK B000 B007
        9: PUTDOWN B000
       10: PICKUP B008
       11: STACK B008 B000
       12: UNSTACK B007 B003
       13: STACK B007 B002
       14: UNSTACK B003 B001
       15: STACK B003 B005
       16: PICKUP B001
       17: STACK B001 B003
       18: UNSTACK B007 B002
       19: STACK B007 B001
     

time spent:    0.00 seconds instantiating 180 easy, 0 hard action templates
               0.00 seconds reachability analysis, yielding 109 facts and 180 actions
               0.00 seconds creating final representation with 109 relevant facts
               0.00 seconds building connectivity graph
               0.00 seconds searching, evaluating 93 states, to a max depth of 1
               0.00 seconds total time

