
ff: parsing domain file
domain 'BLOCKS4' defined
 ... done.
ff: parsing problem file
problem 'PROBNAME' defined
 ... done.



Cueing down from goal distance:    2 into depth [1]
                                   1            [1]
                                   0            

Cueing down from goal distance:    3 into depth [1][2]
                                   2            [1]
                                   1            [1]
                                   0            

Cueing down from goal distance:    3 into depth [1][2]
                                   2            [1]
                                   1            [1]
                                   0            

Cueing down from goal distance:    2 into depth [1]
                                   1            [1]
                                   0            

Cueing down from goal distance:    3 into depth [1][2]
                                   2            [1]
                                   1            [1]
                                   0            

Cueing down from goal distance:    2 into depth [1]
                                   1            [1]
                                   0            

ff: found legal plan as follows

step    0: UNSTACK B008 B000
        1: PUTDOWN B008
        2: UNSTACK B005 B003
        3: STACK B005 B000
        4: PICKUP B003
        5: STACK B003 B008
        6: UNSTACK B001 B007
        7: STACK B001 B002
        8: UNSTACK B007 B006
        9: STACK B007 B003
       10: PICKUP B004
       11: STACK B004 B006
       12: UNSTACK B001 B002
       13: STACK B001 B005
       14: PICKUP B002
       15: STACK B002 B007
       16: UNSTACK B001 B005
       17: STACK B001 B002
     

time spent:    0.00 seconds instantiating 180 easy, 0 hard action templates
               0.00 seconds reachability analysis, yielding 109 facts and 180 actions
               0.00 seconds creating final representation with 109 relevant facts
               0.00 seconds building connectivity graph
               0.00 seconds searching, evaluating 26 states, to a max depth of 2
               0.00 seconds total time

