
ff: parsing domain file
domain 'BLOCKS4' defined
 ... done.
ff: parsing problem file
problem 'PROBNAME' defined
 ... done.



Cueing down from goal distance:    3 into depth [1][2]
                                   2            [1]
                                   1            [1]
                                   0            

Cueing down from goal distance:    6 into depth [1][2]

Enforced Hill-climbing failed !
switching to Best-first Search now.

advancing to distance :    8
                           6
                           5
                           4
                           2
                           0

ff: found legal plan as follows

step    0: UNSTACK B002 B005
        1: STACK B002 B004
        2: UNSTACK B005 B000
        3: PUTDOWN B005
        4: UNSTACK B003 B001
        5: STACK B003 B005
        6: PICKUP B000
        7: STACK B000 B001
     

time spent:    0.00 seconds instantiating 112 easy, 0 hard action templates
               0.00 seconds reachability analysis, yielding 71 facts and 112 actions
               0.00 seconds creating final representation with 71 relevant facts
               0.00 seconds building connectivity graph
               0.00 seconds searching, evaluating 53 states, to a max depth of 2
               0.00 seconds total time

