
ff: parsing domain file
domain 'BLOCKS4' defined
 ... done.
ff: parsing problem file
problem 'PROBNAME' defined
 ... done.



Cueing down from goal distance:    4 into depth [1][2]
                                   3            [1][2]
                                   2            [1]
                                   1            [1]
                                   0            

Cueing down from goal distance:    4 into depth [1]
                                   3            [1]
                                   2            [1]
                                   1            [1]
                                   0            

Cueing down from goal distance:    6 into depth [1]

Enforced Hill-climbing failed !
switching to Best-first Search now.

advancing to distance :   14
                          13
                          12
                          11
                          10
                           9
                           8
                           7
                           6
                           4
                           2
                           0

ff: found legal plan as follows

step    0: UNSTACK B006 B001
        1: PUTDOWN B006
        2: UNSTACK B001 B003
        3: STACK B001 B007
        4: UNSTACK B003 B000
        5: PUTDOWN B003
        6: UNSTACK B000 B002
        7: STACK B000 B003
        8: UNSTACK B004 B008
        9: STACK B004 B000
       10: UNSTACK B008 B005
       11: PUTDOWN B008
       12: PICKUP B005
       13: STACK B005 B001
     

time spent:    0.00 seconds instantiating 180 easy, 0 hard action templates
               0.00 seconds reachability analysis, yielding 109 facts and 180 actions
               0.00 seconds creating final representation with 109 relevant facts
               0.00 seconds building connectivity graph
               0.00 seconds searching, evaluating 76 states, to a max depth of 2
               0.00 seconds total time

