
ff: parsing domain file
domain 'BLOCKS4' defined
 ... done.
ff: parsing problem file
problem 'PROBNAME' defined
 ... done.



Cueing down from goal distance:    2 into depth [1]
                                   1            [1]
                                   0            

Cueing down from goal distance:    2 into depth [1]
                                   1            [1]
                                   0            

Cueing down from goal distance:    2 into depth [1]
                                   1            [1]
                                   0            

Cueing down from goal distance:    2 into depth [1]
                                   1            [1]
                                   0            

Cueing down from goal distance:    4 into depth [1]

Enforced Hill-climbing failed !
switching to Best-first Search now.

advancing to distance :   13
                          12
                          11
                          10
                           9
                           8
                           7
                           6
                           5
                           3
                           2
                           0

ff: found legal plan as follows

step    0: UNSTACK B006 B004
        1: PUTDOWN B006
        2: UNSTACK B001 B005
        3: PUTDOWN B001
        4: PICKUP B005
        5: STACK B005 B006
        6: PICKUP B002
        7: STACK B002 B001
        8: UNSTACK B004 B003
        9: STACK B004 B005
       10: UNSTACK B003 B000
       11: PUTDOWN B003
       12: PICKUP B000
       13: STACK B000 B002
       14: PICKUP B003
       15: STACK B003 B000
     

time spent:    0.00 seconds instantiating 112 easy, 0 hard action templates
               0.00 seconds reachability analysis, yielding 71 facts and 112 actions
               0.00 seconds creating final representation with 71 relevant facts
               0.00 seconds building connectivity graph
               0.00 seconds searching, evaluating 65 states, to a max depth of 1
               0.00 seconds total time

