
ff: parsing domain file
domain 'BLOCKS4' defined
 ... done.
ff: parsing problem file
problem 'PROBNAME' defined
 ... done.



Cueing down from goal distance:    4 into depth [1][2]
                                   3            [1][2]
                                   2            [1]
                                   1            [1]
                                   0            

Cueing down from goal distance:    4 into depth [1]

Enforced Hill-climbing failed !
switching to Best-first Search now.

advancing to distance :   10
                           9
                           8
                           7
                           6
                           5
                           4
                           3
                           2
                           0

ff: found legal plan as follows

step    0: UNSTACK B005 B000
        1: PUTDOWN B005
        2: PICKUP B001
        3: STACK B001 B003
        4: UNSTACK B004 B002
        5: STACK B004 B001
        6: PICKUP B002
        7: STACK B002 B000
        8: UNSTACK B004 B001
        9: PUTDOWN B004
       10: UNSTACK B001 B003
       11: STACK B001 B004
       12: PICKUP B003
       13: STACK B003 B002
       14: UNSTACK B001 B004
       15: STACK B001 B003
       16: PICKUP B004
       17: STACK B004 B001
     

time spent:    0.00 seconds instantiating 84 easy, 0 hard action templates
               0.00 seconds reachability analysis, yielding 55 facts and 84 actions
               0.00 seconds creating final representation with 55 relevant facts
               0.00 seconds building connectivity graph
               0.00 seconds searching, evaluating 103 states, to a max depth of 2
               0.00 seconds total time

