
ff: parsing domain file
domain 'BLOCKS4' defined
 ... done.
ff: parsing problem file
problem 'PROBNAME' defined
 ... done.



Cueing down from goal distance:    5 into depth [1][2]
                                   4            [1]
                                   3            [1]
                                   2            [1]
                                   1            [1]
                                   0            

Cueing down from goal distance:    6 into depth [1][2]

Enforced Hill-climbing failed !
switching to Best-first Search now.

advancing to distance :    9
                           8
                           7
                           6
                           4
                           2
                           0

ff: found legal plan as follows

step    0: UNSTACK B005 B006
        1: PUTDOWN B005
        2: UNSTACK B006 B003
        3: PUTDOWN B006
        4: UNSTACK B003 B000
        5: PUTDOWN B003
        6: PICKUP B005
        7: STACK B005 B006
        8: UNSTACK B002 B001
        9: STACK B002 B003
       10: UNSTACK B000 B004
       11: STACK B000 B001
     

time spent:    0.00 seconds instantiating 112 easy, 0 hard action templates
               0.00 seconds reachability analysis, yielding 71 facts and 112 actions
               0.00 seconds creating final representation with 71 relevant facts
               0.00 seconds building connectivity graph
               0.00 seconds searching, evaluating 74 states, to a max depth of 2
               0.00 seconds total time

