
ff: parsing domain file
domain 'BLOCKS4' defined
 ... done.
ff: parsing problem file
problem 'PROBNAME' defined
 ... done.



Cueing down from goal distance:    5 into depth [1][2]
                                   4            [1][2]
                                   3            [1][2]
                                   2            [1]
                                   1            [1]
                                   0            

Cueing down from goal distance:    4 into depth [1][2]
                                   3            [1][2]
                                   2            [1]
                                   1            [1]
                                   0            

Cueing down from goal distance:    2 into depth [1]
                                   1            [1]
                                   0            

Cueing down from goal distance:    5 into depth [1]
                                   4            [1]
                                   3            [1][2]
                                   2            [1]
                                   1            [1]
                                   0            

Cueing down from goal distance:    3 into depth [1][2]
                                   2            [1]
                                   1            [1]
                                   0            

Cueing down from goal distance:    2 into depth [1]
                                   1            [1]
                                   0            

ff: found legal plan as follows

step    0: UNSTACK B004 B003
        1: STACK B004 B005
        2: UNSTACK B003 B002
        3: STACK B003 B004
        4: UNSTACK B002 B000
        5: STACK B002 B003
        6: UNSTACK B000 B001
        7: PUTDOWN B000
        8: UNSTACK B002 B003
        9: STACK B002 B006
       10: UNSTACK B003 B004
       11: STACK B003 B002
       12: UNSTACK B004 B005
       13: STACK B004 B000
       14: UNSTACK B003 B002
       15: STACK B003 B001
       16: UNSTACK B002 B006
       17: STACK B002 B004
       18: UNSTACK B008 B007
       19: STACK B008 B003
       20: PICKUP B005
       21: STACK B005 B007
       22: UNSTACK B008 B003
       23: STACK B008 B005
       24: PICKUP B006
       25: STACK B006 B003
       26: UNSTACK B008 B005
       27: STACK B008 B002
     

time spent:    0.00 seconds instantiating 180 easy, 0 hard action templates
               0.00 seconds reachability analysis, yielding 109 facts and 180 actions
               0.00 seconds creating final representation with 109 relevant facts
               0.00 seconds building connectivity graph
               0.00 seconds searching, evaluating 50 states, to a max depth of 2
               0.00 seconds total time

