
ff: parsing domain file
domain 'BLOCKS4' defined
 ... done.
ff: parsing problem file
problem 'PROBNAME' defined
 ... done.



Cueing down from goal distance:    2 into depth [1]
                                   1            [1]
                                   0            

Cueing down from goal distance:    3 into depth [1][2]
                                   2            [1]
                                   1            [1]
                                   0            

Cueing down from goal distance:    4 into depth [1]
                                   3            [1]
                                   2            [1]
                                   1            [1]
                                   0            

Cueing down from goal distance:    4 into depth [1]

Enforced Hill-climbing failed !
switching to Best-first Search now.

advancing to distance :   14
                          13
                          12
                          11
                          10
                           9
                           8
                           7
                           6
                           5
                           3
                           2
                           0

ff: found legal plan as follows

step    0: UNSTACK B007 B004
        1: PUTDOWN B007
        2: UNSTACK B004 B006
        3: PUTDOWN B004
        4: UNSTACK B006 B005
        5: PUTDOWN B006
        6: PICKUP B005
        7: STACK B005 B003
        8: UNSTACK B000 B002
        9: STACK B000 B005
       10: UNSTACK B002 B001
       11: STACK B002 B007
       12: UNSTACK B000 B005
       13: STACK B000 B001
       14: UNSTACK B005 B003
       15: STACK B005 B004
       16: PICKUP B003
       17: STACK B003 B002
       18: UNSTACK B005 B004
       19: STACK B005 B003
     

time spent:    0.00 seconds instantiating 144 easy, 0 hard action templates
               0.00 seconds reachability analysis, yielding 89 facts and 144 actions
               0.00 seconds creating final representation with 89 relevant facts
               0.00 seconds building connectivity graph
               0.00 seconds searching, evaluating 112 states, to a max depth of 2
               0.00 seconds total time

