
ff: parsing domain file
domain 'BLOCKS4' defined
 ... done.
ff: parsing problem file
problem 'PROBNAME' defined
 ... done.



Cueing down from goal distance:    4 into depth [1]

Enforced Hill-climbing failed !
switching to Best-first Search now.

advancing to distance :    8
                           7
                           6
                           5
                           3
                           2
                           0

ff: found legal plan as follows

step    0: UNSTACK B004 B001
        1: PUTDOWN B004
        2: UNSTACK B001 B005
        3: STACK B001 B002
        4: UNSTACK B005 B003
        5: PUTDOWN B005
        6: PICKUP B004
        7: STACK B004 B005
        8: UNSTACK B001 B002
        9: PUTDOWN B001
       10: PICKUP B002
       11: STACK B002 B003
       12: PICKUP B001
       13: STACK B001 B002
     

time spent:    0.00 seconds instantiating 180 easy, 0 hard action templates
               0.00 seconds reachability analysis, yielding 109 facts and 180 actions
               0.00 seconds creating final representation with 109 relevant facts
               0.00 seconds building connectivity graph
               0.00 seconds searching, evaluating 71 states, to a max depth of 1
               0.00 seconds total time

