
ff: parsing domain file
domain 'BLOCKS4' defined
 ... done.
ff: parsing problem file
problem 'PROBNAME' defined
 ... done.



Cueing down from goal distance:    5 into depth [1][2]
                                   4            [1][2]
                                   3            [1][2]
                                   2            [1]
                                   1            [1]
                                   0            

Cueing down from goal distance:    2 into depth [1]
                                   1            [1]
                                   0            

Cueing down from goal distance:    4 into depth [1]

Enforced Hill-climbing failed !
switching to Best-first Search now.

advancing to distance :   16
                          15
                          14
                          13
                          12
                          11
                          10
                           9
                           8
                           7
                           6
                           5
                           3
                           2
                           0

ff: found legal plan as follows

step    0: UNSTACK B007 B000
        1: STACK B007 B006
        2: UNSTACK B003 B005
        3: PUTDOWN B003
        4: UNSTACK B005 B009
        5: PUTDOWN B005
        6: UNSTACK B009 B004
        7: PUTDOWN B009
        8: PICKUP B003
        9: STACK B003 B004
       10: UNSTACK B000 B008
       11: PUTDOWN B000
       12: UNSTACK B008 B002
       13: PUTDOWN B008
       14: UNSTACK B002 B001
       15: PUTDOWN B002
       16: PICKUP B008
       17: STACK B008 B002
       18: PICKUP B000
       19: STACK B000 B008
       20: PICKUP B001
       21: STACK B001 B009
       22: UNSTACK B007 B006
       23: STACK B007 B001
       24: PICKUP B006
       25: STACK B006 B000
       26: UNSTACK B007 B001
       27: STACK B007 B006
     

time spent:    0.00 seconds instantiating 220 easy, 0 hard action templates
               0.00 seconds reachability analysis, yielding 131 facts and 220 actions
               0.00 seconds creating final representation with 131 relevant facts
               0.00 seconds building connectivity graph
               0.03 seconds searching, evaluating 746 states, to a max depth of 2
               0.03 seconds total time

