
ff: parsing domain file
domain 'BLOCKS4' defined
 ... done.
ff: parsing problem file
problem 'PROBNAME' defined
 ... done.



Cueing down from goal distance:    4 into depth [1][2]
                                   3            [1][2]
                                   2            [1]
                                   1            [1]
                                   0            

Cueing down from goal distance:    5 into depth [1]

Enforced Hill-climbing failed !
switching to Best-first Search now.

advancing to distance :   18
                          17
                          16
                          15
                          14
                          13
                          12
                          11
                          10
                           9
                           8
                           7
                           5
                           4
                           3
                           2
                           0

ff: found legal plan as follows

step    0: UNSTACK B007 B005
        1: PUTDOWN B007
        2: UNSTACK B005 B008
        3: PUTDOWN B005
        4: UNSTACK B008 B009
        5: PUTDOWN B008
        6: PICKUP B005
        7: STACK B005 B008
        8: UNSTACK B003 B006
        9: PUTDOWN B003
       10: PICKUP B009
       11: STACK B009 B003
       12: PICKUP B006
       13: STACK B006 B009
       14: UNSTACK B001 B000
       15: PUTDOWN B001
       16: UNSTACK B000 B002
       17: STACK B000 B005
       18: UNSTACK B002 B004
       19: PUTDOWN B002
       20: PICKUP B004
       21: STACK B004 B006
       22: PICKUP B001
       23: STACK B001 B000
       24: UNSTACK B004 B006
       25: STACK B004 B001
       26: UNSTACK B006 B009
       27: STACK B006 B007
       28: UNSTACK B004 B001
       29: STACK B004 B006
       30: UNSTACK B009 B003
       31: STACK B009 B001
       32: PICKUP B003
       33: STACK B003 B002
       34: UNSTACK B009 B001
       35: STACK B009 B003
       36: UNSTACK B004 B006
       37: STACK B004 B001
       38: UNSTACK B006 B007
       39: STACK B006 B009
       40: UNSTACK B004 B001
       41: STACK B004 B006
     

time spent:    0.00 seconds instantiating 220 easy, 0 hard action templates
               0.00 seconds reachability analysis, yielding 131 facts and 220 actions
               0.00 seconds creating final representation with 131 relevant facts
               0.00 seconds building connectivity graph
               0.02 seconds searching, evaluating 580 states, to a max depth of 2
               0.02 seconds total time

