
ff: parsing domain file
domain 'BLOCKS4' defined
 ... done.
ff: parsing problem file
problem 'PROBNAME' defined
 ... done.



Cueing down from goal distance:    3 into depth [1][2]
                                   2            [1]
                                   1            [1]
                                   0            

Cueing down from goal distance:    5 into depth [1][2]
                                   4            [1]

Enforced Hill-climbing failed !
switching to Best-first Search now.

advancing to distance :   12
                          11
                          10
                           9
                           8
                           7
                           6
                           5
                           4
                           3
                           2
                           0

ff: found legal plan as follows

step    0: UNSTACK B004 B003
        1: PUTDOWN B004
        2: UNSTACK B003 B000
        3: PUTDOWN B003
        4: UNSTACK B002 B001
        5: STACK B002 B000
        6: UNSTACK B001 B005
        7: PUTDOWN B001
        8: PICKUP B005
        9: STACK B005 B003
       10: UNSTACK B002 B000
       11: STACK B002 B005
       12: PICKUP B000
       13: STACK B000 B002
     

time spent:    0.00 seconds instantiating 84 easy, 0 hard action templates
               0.00 seconds reachability analysis, yielding 55 facts and 84 actions
               0.00 seconds creating final representation with 55 relevant facts
               0.00 seconds building connectivity graph
               0.00 seconds searching, evaluating 70 states, to a max depth of 2
               0.00 seconds total time

