
ff: parsing domain file
domain 'BLOCKS4' defined
 ... done.
ff: parsing problem file
problem 'PROBNAME' defined
 ... done.



Cueing down from goal distance:    5 into depth [1][2]
                                   4            [1]

Enforced Hill-climbing failed !
switching to Best-first Search now.

advancing to distance :   10
                           9
                           8
                           7
                           6
                           5
                           4
                           3
                           2
                           1
                           0

ff: found legal plan as follows

step    0: UNSTACK B006 B001
        1: PUTDOWN B006
        2: UNSTACK B001 B005
        3: PUTDOWN B001
        4: UNSTACK B005 B004
        5: PUTDOWN B005
        6: UNSTACK B004 B000
        7: STACK B004 B005
        8: UNSTACK B002 B003
        9: STACK B002 B000
       10: UNSTACK B004 B005
       11: PUTDOWN B004
       12: PICKUP B005
       13: STACK B005 B003
       14: PICKUP B004
       15: STACK B004 B005
       16: PICKUP B001
       17: STACK B001 B004
     

time spent:    0.00 seconds instantiating 112 easy, 0 hard action templates
               0.00 seconds reachability analysis, yielding 71 facts and 112 actions
               0.00 seconds creating final representation with 71 relevant facts
               0.00 seconds building connectivity graph
               0.00 seconds searching, evaluating 149 states, to a max depth of 2
               0.00 seconds total time

