
ff: parsing domain file
domain 'BLOCKS4' defined
 ... done.
ff: parsing problem file
problem 'PROBNAME' defined
 ... done.



Cueing down from goal distance:    4 into depth [1]

Enforced Hill-climbing failed !
switching to Best-first Search now.

advancing to distance :   12
                          11
                          10
                           9
                           8
                           7
                           6
                           5
                           4
                           3
                           2
                           0

ff: found legal plan as follows

step    0: UNSTACK B002 B004
        1: STACK B002 B001
        2: UNSTACK B006 B000
        3: STACK B006 B002
        4: UNSTACK B000 B008
        5: PUTDOWN B000
        6: UNSTACK B006 B002
        7: STACK B006 B008
        8: UNSTACK B002 B001
        9: PUTDOWN B002
       10: UNSTACK B006 B008
       11: STACK B006 B002
       12: UNSTACK B001 B007
       13: STACK B001 B008
       14: UNSTACK B007 B003
       15: PUTDOWN B007
       16: PICKUP B003
       17: STACK B003 B005
       18: UNSTACK B001 B008
       19: STACK B001 B003
       20: UNSTACK B006 B002
       21: STACK B006 B008
       22: PICKUP B002
       23: STACK B002 B001
       24: UNSTACK B006 B008
       25: STACK B006 B002
     

time spent:    0.00 seconds instantiating 180 easy, 0 hard action templates
               0.00 seconds reachability analysis, yielding 109 facts and 180 actions
               0.00 seconds creating final representation with 109 relevant facts
               0.00 seconds building connectivity graph
               0.01 seconds searching, evaluating 363 states, to a max depth of 1
               0.01 seconds total time

