
ff: parsing domain file
domain 'BLOCKS4' defined
 ... done.
ff: parsing problem file
problem 'PROBNAME' defined
 ... done.



Cueing down from goal distance:    2 into depth [1]
                                   1            [1]
                                   0            

Cueing down from goal distance:    2 into depth [1]
                                   1            [1]
                                   0            

Cueing down from goal distance:    6 into depth [1]
                                   5            [1]
                                   4            [1]

Enforced Hill-climbing failed !
switching to Best-first Search now.

advancing to distance :   12
                          11
                          10
                           9
                           8
                           6
                           5
                           4
                           3
                           2
                           1
                           0

ff: found legal plan as follows

step    0: UNSTACK B004 B000
        1: PUTDOWN B004
        2: UNSTACK B003 B002
        3: STACK B003 B004
        4: PICKUP B002
        5: STACK B002 B005
        6: UNSTACK B000 B006
        7: PUTDOWN B000
        8: UNSTACK B006 B001
        9: PUTDOWN B006
       10: PICKUP B001
       11: STACK B001 B003
       12: PICKUP B000
       13: STACK B000 B001
     

time spent:    0.00 seconds instantiating 112 easy, 0 hard action templates
               0.00 seconds reachability analysis, yielding 71 facts and 112 actions
               0.00 seconds creating final representation with 71 relevant facts
               0.00 seconds building connectivity graph
               0.00 seconds searching, evaluating 68 states, to a max depth of 1
               0.00 seconds total time

