
ff: parsing domain file
domain 'BLOCKS4' defined
 ... done.
ff: parsing problem file
problem 'PROBNAME' defined
 ... done.



Cueing down from goal distance:    3 into depth [1][2]
                                   2            [1]
                                   1            [1]
                                   0            

Cueing down from goal distance:    3 into depth [1][2]
                                   2            [1]
                                   1            [1]
                                   0            

Cueing down from goal distance:    6 into depth [1][2]
                                   5            [1]
                                   4            [1]
                                   3            [1][2]
                                   2            [1]
                                   1            [1]
                                   0            

Cueing down from goal distance:    3 into depth [1][2]
                                   2            [1]
                                   1            [1]
                                   0            

Cueing down from goal distance:    2 into depth [1]
                                   1            [1]
                                   0            

ff: found legal plan as follows

step    0: UNSTACK B002 B001
        1: STACK B002 B006
        2: UNSTACK B001 B004
        3: PUTDOWN B001
        4: UNSTACK B002 B006
        5: PUTDOWN B002
        6: UNSTACK B006 B003
        7: STACK B006 B001
        8: UNSTACK B003 B005
        9: PUTDOWN B003
       10: PICKUP B005
       11: STACK B005 B006
       12: UNSTACK B004 B000
       13: STACK B004 B005
       14: PICKUP B002
       15: STACK B002 B000
       16: UNSTACK B004 B005
       17: STACK B004 B002
       18: PICKUP B003
       19: STACK B003 B005
       20: UNSTACK B004 B002
       21: PUTDOWN B004
     

time spent:    0.00 seconds instantiating 112 easy, 0 hard action templates
               0.00 seconds reachability analysis, yielding 71 facts and 112 actions
               0.00 seconds creating final representation with 71 relevant facts
               0.00 seconds building connectivity graph
               0.00 seconds searching, evaluating 40 states, to a max depth of 2
               0.00 seconds total time

