
ff: parsing domain file
domain 'BLOCKS4' defined
 ... done.
ff: parsing problem file
problem 'PROBNAME' defined
 ... done.



Cueing down from goal distance:    2 into depth [1]
                                   1            [1]
                                   0            

Cueing down from goal distance:    3 into depth [1][2]
                                   2            [1]
                                   1            [1]
                                   0            

Cueing down from goal distance:    5 into depth [1][2]
                                   4            [1]

Enforced Hill-climbing failed !
switching to Best-first Search now.

advancing to distance :   13
                          12
                          11
                          10
                           9
                           8
                           7
                           6
                           5
                           4
                           3
                           2
                           0

ff: found legal plan as follows

step    0: UNSTACK B005 B000
        1: PUTDOWN B005
        2: UNSTACK B001 B003
        3: PUTDOWN B001
        4: UNSTACK B004 B006
        5: PUTDOWN B004
        6: PICKUP B006
        7: STACK B006 B003
        8: UNSTACK B000 B002
        9: PUTDOWN B000
       10: UNSTACK B002 B007
       11: STACK B002 B001
       12: PICKUP B007
       13: STACK B007 B006
       14: PICKUP B004
       15: STACK B004 B007
       16: PICKUP B000
       17: STACK B000 B002
     

time spent:    0.00 seconds instantiating 144 easy, 0 hard action templates
               0.00 seconds reachability analysis, yielding 89 facts and 144 actions
               0.00 seconds creating final representation with 89 relevant facts
               0.00 seconds building connectivity graph
               0.00 seconds searching, evaluating 154 states, to a max depth of 2
               0.00 seconds total time

