
ff: parsing domain file
domain 'BLOCKS4' defined
 ... done.
ff: parsing problem file
problem 'PROBNAME' defined
 ... done.



Cueing down from goal distance:    2 into depth [1]
                                   1            [1]
                                   0            

Cueing down from goal distance:    5 into depth [1]
                                   4            [1]
                                   3            [1][2]
                                   2            [1]
                                   1            [1]
                                   0            

Cueing down from goal distance:    3 into depth [1][2]
                                   2            [1]
                                   1            [1]
                                   0            

Cueing down from goal distance:    5 into depth [1]

Enforced Hill-climbing failed !
switching to Best-first Search now.

advancing to distance :   16
                          15
                          14
                          13
                          12
                          11
                          10
                           9
                           8
                           7
                           5
                           3
                           2
                           0

ff: found legal plan as follows

step    0: UNSTACK B004 B007
        1: PUTDOWN B004
        2: UNSTACK B005 B002
        3: PUTDOWN B005
        4: UNSTACK B002 B000
        5: STACK B002 B007
        6: UNSTACK B000 B003
        7: STACK B000 B005
        8: PICKUP B001
        9: STACK B001 B000
       10: PICKUP B003
       11: STACK B003 B001
       12: UNSTACK B006 B008
       13: STACK B006 B004
       14: UNSTACK B002 B007
       15: STACK B002 B003
       16: PICKUP B007
       17: STACK B007 B008
       18: UNSTACK B002 B003
       19: STACK B002 B007
     

time spent:    0.00 seconds instantiating 180 easy, 0 hard action templates
               0.00 seconds reachability analysis, yielding 109 facts and 180 actions
               0.00 seconds creating final representation with 109 relevant facts
               0.00 seconds building connectivity graph
               0.00 seconds searching, evaluating 114 states, to a max depth of 2
               0.00 seconds total time

