
ff: parsing domain file
domain 'BLOCKS4' defined
 ... done.
ff: parsing problem file
problem 'PROBNAME' defined
 ... done.



Cueing down from goal distance:    3 into depth [1][2]
                                   2            [1]
                                   1            [1]
                                   0            

Cueing down from goal distance:    5 into depth [1]

Enforced Hill-climbing failed !
switching to Best-first Search now.

advancing to distance :   10
                           9
                           8
                           7
                           6
                           5
                           4
                           2
                           0

ff: found legal plan as follows

step    0: UNSTACK B003 B004
        1: PUTDOWN B003
        2: UNSTACK B004 B000
        3: PUTDOWN B004
        4: PICKUP B003
        5: STACK B003 B004
        6: UNSTACK B001 B005
        7: STACK B001 B000
        8: UNSTACK B005 B002
        9: PUTDOWN B005
       10: PICKUP B002
       11: STACK B002 B003
       12: UNSTACK B001 B000
       13: STACK B001 B005
       14: PICKUP B000
       15: STACK B000 B002
     

time spent:    0.00 seconds instantiating 84 easy, 0 hard action templates
               0.00 seconds reachability analysis, yielding 55 facts and 84 actions
               0.00 seconds creating final representation with 55 relevant facts
               0.00 seconds building connectivity graph
               0.00 seconds searching, evaluating 58 states, to a max depth of 2
               0.00 seconds total time

