
ff: parsing domain file
domain 'BLOCKS4' defined
 ... done.
ff: parsing problem file
problem 'PROBNAME' defined
 ... done.



Cueing down from goal distance:    5 into depth [1][2]
                                   4            [1]
                                   3            [1]
                                   2            [1]
                                   1            [1]
                                   0            

Cueing down from goal distance:    8 into depth [1]
                                   7            [1]
                                   6            [1]

Enforced Hill-climbing failed !
switching to Best-first Search now.

advancing to distance :   15
                          14
                          13
                          12
                          11
                          10
                           9
                           8
                           7
                           5
                           3
                           2
                           0

ff: found legal plan as follows

step    0: UNSTACK B002 B004
        1: PUTDOWN B002
        2: UNSTACK B004 B006
        3: PUTDOWN B004
        4: UNSTACK B006 B000
        5: PUTDOWN B006
        6: UNSTACK B000 B005
        7: STACK B000 B004
        8: UNSTACK B001 B008
        9: STACK B001 B000
       10: UNSTACK B008 B007
       11: PUTDOWN B008
       12: UNSTACK B007 B003
       13: STACK B007 B005
       14: PICKUP B003
       15: STACK B003 B006
       16: UNSTACK B007 B005
       17: STACK B007 B003
     

time spent:    0.00 seconds instantiating 180 easy, 0 hard action templates
               0.00 seconds reachability analysis, yielding 109 facts and 180 actions
               0.00 seconds creating final representation with 109 relevant facts
               0.00 seconds building connectivity graph
               0.00 seconds searching, evaluating 96 states, to a max depth of 2
               0.00 seconds total time

