
ff: parsing domain file
domain 'BLOCKS4' defined
 ... done.
ff: parsing problem file
problem 'PROBNAME' defined
 ... done.



Cueing down from goal distance:    2 into depth [1]
                                   1            [1]
                                   0            

Cueing down from goal distance:    8 into depth [1]
                                   7            [1]
                                   6            [1]

Enforced Hill-climbing failed !
switching to Best-first Search now.

advancing to distance :   12
                          11
                          10
                           9
                           8
                           6
                           4
                           2
                           0

ff: found legal plan as follows

step    0: UNSTACK B006 B004
        1: PUTDOWN B006
        2: UNSTACK B004 B003
        3: PUTDOWN B004
        4: PICKUP B003
        5: STACK B003 B006
        6: UNSTACK B007 B005
        7: PUTDOWN B007
        8: PICKUP B005
        9: STACK B005 B002
       10: PICKUP B001
       11: STACK B001 B000
     

time spent:    0.00 seconds instantiating 144 easy, 0 hard action templates
               0.00 seconds reachability analysis, yielding 89 facts and 144 actions
               0.00 seconds creating final representation with 89 relevant facts
               0.00 seconds building connectivity graph
               0.00 seconds searching, evaluating 82 states, to a max depth of 1
               0.00 seconds total time

