
ff: parsing domain file
domain 'BLOCKS4' defined
 ... done.
ff: parsing problem file
problem 'PROBNAME' defined
 ... done.



Cueing down from goal distance:    3 into depth [1][2]
                                   2            [1]
                                   1            [1]
                                   0            

Cueing down from goal distance:    2 into depth [1]
                                   1            [1]
                                   0            

Cueing down from goal distance:    4 into depth [1]
                                   3            [1]
                                   2            [1]
                                   1            [1]
                                   0            

Cueing down from goal distance:    4 into depth [1]

Enforced Hill-climbing failed !
switching to Best-first Search now.

advancing to distance :   14
                          13
                          12
                          11
                          10
                           9
                           8
                           7
                           6
                           5
                           4
                           2
                           1
                           0

ff: found legal plan as follows

step    0: UNSTACK B003 B004
        1: STACK B003 B007
        2: UNSTACK B004 B000
        3: PUTDOWN B004
        4: UNSTACK B000 B002
        5: PUTDOWN B000
        6: PICKUP B002
        7: STACK B002 B004
        8: UNSTACK B001 B005
        9: STACK B001 B002
       10: UNSTACK B005 B006
       11: STACK B005 B003
       12: PICKUP B006
       13: STACK B006 B000
     

time spent:    0.00 seconds instantiating 144 easy, 0 hard action templates
               0.00 seconds reachability analysis, yielding 89 facts and 144 actions
               0.00 seconds creating final representation with 89 relevant facts
               0.00 seconds building connectivity graph
               0.00 seconds searching, evaluating 66 states, to a max depth of 2
               0.00 seconds total time

