
ff: parsing domain file
domain 'BLOCKS4' defined
 ... done.
ff: parsing problem file
problem 'PROBNAME' defined
 ... done.



Cueing down from goal distance:    5 into depth [1]
                                   4            [1]
                                   3            [1][2]
                                   2            [1]
                                   1            [1]
                                   0            

Cueing down from goal distance:    4 into depth [1]
                                   3            [1]
                                   2            [1]
                                   1            [1]
                                   0            

Cueing down from goal distance:    4 into depth [1]

Enforced Hill-climbing failed !
switching to Best-first Search now.

advancing to distance :   11
                          10
                           9
                           8
                           7
                           6
                           5
                           4
                           2
                           0

ff: found legal plan as follows

step    0: UNSTACK B003 B001
        1: PUTDOWN B003
        2: PICKUP B004
        3: STACK B004 B003
        4: UNSTACK B001 B002
        5: PUTDOWN B001
        6: UNSTACK B002 B000
        7: PUTDOWN B002
        8: PICKUP B001
        9: STACK B001 B002
       10: UNSTACK B000 B005
       11: STACK B000 B001
       12: PICKUP B005
       13: STACK B005 B004
     

time spent:    0.00 seconds instantiating 84 easy, 0 hard action templates
               0.00 seconds reachability analysis, yielding 55 facts and 84 actions
               0.00 seconds creating final representation with 55 relevant facts
               0.00 seconds building connectivity graph
               0.00 seconds searching, evaluating 51 states, to a max depth of 2
               0.00 seconds total time

