
ff: parsing domain file
domain 'BLOCKS4' defined
 ... done.
ff: parsing problem file
problem 'PROBNAME' defined
 ... done.



Cueing down from goal distance:    5 into depth [1]

Enforced Hill-climbing failed !
switching to Best-first Search now.

advancing to distance :    8
                           7
                           5
                           4
                           3
                           2
                           0

ff: found legal plan as follows

step    0: UNSTACK B005 B004
        1: PUTDOWN B005
        2: UNSTACK B004 B003
        3: STACK B004 B005
        4: UNSTACK B003 B002
        5: STACK B003 B001
        6: PICKUP B002
        7: STACK B002 B000
        8: UNSTACK B004 B005
        9: PUTDOWN B004
       10: PICKUP B005
       11: STACK B005 B002
       12: PICKUP B004
       13: STACK B004 B005
     

time spent:    0.00 seconds instantiating 112 easy, 0 hard action templates
               0.00 seconds reachability analysis, yielding 71 facts and 112 actions
               0.00 seconds creating final representation with 71 relevant facts
               0.00 seconds building connectivity graph
               0.00 seconds searching, evaluating 71 states, to a max depth of 1
               0.00 seconds total time

