
ff: parsing domain file
domain 'BLOCKS4' defined
 ... done.
ff: parsing problem file
problem 'PROBNAME' defined
 ... done.



Cueing down from goal distance:    6 into depth [1][2][3][4]
                                   5            [1][2][3]

Enforced Hill-climbing failed !
switching to Best-first Search now.

advancing to distance :   14
                          13
                          12
                          10
                           9
                           8
                           7
                           5
                           4
                           3
                           2
                           0

ff: found legal plan as follows

step    0: PICKUP B003
        1: STACK B003 B004
        2: UNSTACK B005 B002
        3: STACK B005 B003
        4: UNSTACK B001 B008
        5: PUTDOWN B001
        6: UNSTACK B008 B000
        7: STACK B008 B009
        8: UNSTACK B005 B003
        9: PUTDOWN B005
       10: UNSTACK B003 B004
       11: STACK B003 B005
       12: UNSTACK B004 B007
       13: STACK B004 B000
       14: UNSTACK B003 B005
       15: STACK B003 B004
       16: UNSTACK B007 B006
       17: STACK B007 B001
       18: PICKUP B005
       19: STACK B005 B003
       20: UNSTACK B007 B001
       21: PUTDOWN B007
       22: PICKUP B001
       23: STACK B001 B006
       24: PICKUP B007
       25: STACK B007 B001
       26: PICKUP B002
       27: STACK B002 B007
     

time spent:    0.00 seconds instantiating 220 easy, 0 hard action templates
               0.00 seconds reachability analysis, yielding 131 facts and 220 actions
               0.00 seconds creating final representation with 131 relevant facts
               0.00 seconds building connectivity graph
               0.06 seconds searching, evaluating 1132 states, to a max depth of 4
               0.06 seconds total time

