
ff: parsing domain file
domain 'BLOCKS4' defined
 ... done.
ff: parsing problem file
problem 'PROBNAME' defined
 ... done.



Cueing down from goal distance:    2 into depth [1]
                                   1            [1]
                                   0            

Cueing down from goal distance:    2 into depth [1]
                                   1            [1]
                                   0            

Cueing down from goal distance:    8 into depth [1]
                                   7            [1]
                                   6            [1]

Enforced Hill-climbing failed !
switching to Best-first Search now.

advancing to distance :   14
                          13
                          12
                          11
                          10
                           9
                           8
                           6
                           5
                           4
                           2
                           1
                           0

ff: found legal plan as follows

step    0: UNSTACK B003 B002
        1: PUTDOWN B003
        2: UNSTACK B008 B006
        3: PUTDOWN B008
        4: UNSTACK B006 B000
        5: STACK B006 B008
        6: UNSTACK B000 B007
        7: STACK B000 B001
        8: PICKUP B002
        9: STACK B002 B007
       10: UNSTACK B005 B004
       11: STACK B005 B006
       12: PICKUP B004
       13: STACK B004 B009
     

time spent:    0.00 seconds instantiating 220 easy, 0 hard action templates
               0.00 seconds reachability analysis, yielding 131 facts and 220 actions
               0.00 seconds creating final representation with 131 relevant facts
               0.00 seconds building connectivity graph
               0.00 seconds searching, evaluating 101 states, to a max depth of 1
               0.00 seconds total time

