
ff: parsing domain file
domain 'BLOCKS4' defined
 ... done.
ff: parsing problem file
problem 'PROBNAME' defined
 ... done.



Cueing down from goal distance:    2 into depth [1]
                                   1            [1]
                                   0            

Cueing down from goal distance:    2 into depth [1]
                                   1            [1]
                                   0            

Cueing down from goal distance:    2 into depth [1]
                                   1            [1]
                                   0            

Cueing down from goal distance:    3 into depth [1][2]
                                   2            [1]
                                   1            [1]
                                   0            

Cueing down from goal distance:    3 into depth [1][2]
                                   2            [1]
                                   1            [1]
                                   0            

Cueing down from goal distance:    3 into depth [1][2]
                                   2            [1]
                                   1            [1]
                                   0            

ff: found legal plan as follows

step    0: UNSTACK B001 B004
        1: STACK B001 B007
        2: UNSTACK B004 B008
        3: STACK B004 B006
        4: PICKUP B008
        5: STACK B008 B001
        6: UNSTACK B005 B000
        7: PUTDOWN B005
        8: UNSTACK B000 B002
        9: STACK B000 B004
       10: UNSTACK B002 B003
       11: STACK B002 B000
       12: PICKUP B003
       13: STACK B003 B008
       14: UNSTACK B002 B000
       15: STACK B002 B003
       16: PICKUP B005
       17: STACK B005 B000
     

time spent:    0.00 seconds instantiating 180 easy, 0 hard action templates
               0.00 seconds reachability analysis, yielding 109 facts and 180 actions
               0.00 seconds creating final representation with 109 relevant facts
               0.00 seconds building connectivity graph
               0.00 seconds searching, evaluating 31 states, to a max depth of 2
               0.00 seconds total time

