
ff: parsing domain file
domain 'BLOCKS4' defined
 ... done.
ff: parsing problem file
problem 'PROBNAME' defined
 ... done.



Cueing down from goal distance:    5 into depth [1][2]
                                   4            [1]

Enforced Hill-climbing failed !
switching to Best-first Search now.

advancing to distance :   10
                           9
                           8
                           7
                           6
                           5
                           4
                           3
                           2
                           0

ff: found legal plan as follows

step    0: PICKUP B005
        1: STACK B005 B003
        2: UNSTACK B006 B004
        3: STACK B006 B005
        4: UNSTACK B004 B002
        5: PUTDOWN B004
        6: UNSTACK B002 B000
        7: PUTDOWN B002
        8: PICKUP B004
        9: STACK B004 B000
       10: UNSTACK B006 B005
       11: PUTDOWN B006
       12: UNSTACK B005 B003
       13: STACK B005 B006
       14: UNSTACK B003 B001
       15: STACK B003 B002
       16: UNSTACK B005 B006
       17: STACK B005 B004
       18: PICKUP B006
       19: STACK B006 B005
       20: UNSTACK B003 B002
       21: PUTDOWN B003
       22: PICKUP B002
       23: STACK B002 B001
       24: PICKUP B003
       25: STACK B003 B002
       26: UNSTACK B006 B005
       27: PUTDOWN B006
       28: UNSTACK B005 B004
       29: STACK B005 B003
       30: PICKUP B006
       31: STACK B006 B005
     

time spent:    0.00 seconds instantiating 112 easy, 0 hard action templates
               0.00 seconds reachability analysis, yielding 71 facts and 112 actions
               0.00 seconds creating final representation with 71 relevant facts
               0.00 seconds building connectivity graph
               0.01 seconds searching, evaluating 264 states, to a max depth of 2
               0.01 seconds total time

