
ff: parsing domain file
domain 'BLOCKS4' defined
 ... done.
ff: parsing problem file
problem 'PROBNAME' defined
 ... done.



Cueing down from goal distance:    2 into depth [1]
                                   1            [1]
                                   0            

Cueing down from goal distance:    4 into depth [1][2]
                                   3            [1][2]
                                   2            [1]
                                   1            [1]
                                   0            

Cueing down from goal distance:    2 into depth [1]
                                   1            [1]
                                   0            

Cueing down from goal distance:    3 into depth [1][2]
                                   2            [1]
                                   1            [1]
                                   0            

Cueing down from goal distance:    3 into depth [1]

Enforced Hill-climbing failed !
switching to Best-first Search now.

advancing to distance :   13
                          12
                          11
                          10
                           9
                           8
                           7
                           6
                           5
                           4
                           3
                           2
                           0

ff: found legal plan as follows

step    0: UNSTACK B001 B008
        1: PUTDOWN B001
        2: UNSTACK B008 B004
        3: PUTDOWN B008
        4: UNSTACK B002 B006
        5: STACK B002 B004
        6: UNSTACK B006 B007
        7: PUTDOWN B006
        8: UNSTACK B002 B004
        9: STACK B002 B007
       10: PICKUP B003
       11: STACK B003 B002
       12: UNSTACK B004 B000
       13: PUTDOWN B004
       14: PICKUP B000
       15: STACK B000 B001
       16: PICKUP B004
       17: STACK B004 B000
       18: UNSTACK B003 B002
       19: STACK B003 B009
       20: UNSTACK B002 B007
       21: STACK B002 B004
       22: UNSTACK B003 B009
       23: STACK B003 B002
     

time spent:    0.00 seconds instantiating 220 easy, 0 hard action templates
               0.00 seconds reachability analysis, yielding 131 facts and 220 actions
               0.00 seconds creating final representation with 131 relevant facts
               0.00 seconds building connectivity graph
               0.04 seconds searching, evaluating 918 states, to a max depth of 2
               0.04 seconds total time

