
ff: parsing domain file
domain 'BLOCKS4' defined
 ... done.
ff: parsing problem file
problem 'PROBNAME' defined
 ... done.



Cueing down from goal distance:    2 into depth [1]
                                   1            [1]
                                   0            

Cueing down from goal distance:    2 into depth [1]
                                   1            [1]
                                   0            

Cueing down from goal distance:    3 into depth [1]

Enforced Hill-climbing failed !
switching to Best-first Search now.

advancing to distance :    8
                           7
                           6
                           5
                           4
                           3
                           2
                           1
                           0

ff: found legal plan as follows

step    0: UNSTACK B004 B006
        1: STACK B004 B002
        2: UNSTACK B000 B003
        3: PUTDOWN B000
        4: PICKUP B001
        5: STACK B001 B004
        6: PICKUP B003
        7: STACK B003 B001
     

time spent:    0.00 seconds instantiating 112 easy, 0 hard action templates
               0.00 seconds reachability analysis, yielding 71 facts and 112 actions
               0.00 seconds creating final representation with 71 relevant facts
               0.00 seconds building connectivity graph
               0.00 seconds searching, evaluating 56 states, to a max depth of 1
               0.00 seconds total time

