
ff: parsing domain file
domain 'BLOCKS4' defined
 ... done.
ff: parsing problem file
problem 'PROBNAME' defined
 ... done.



Cueing down from goal distance:    4 into depth [1]
                                   3            [1]
                                   2            [1]
                                   1            [1]
                                   0            

Cueing down from goal distance:    4 into depth [1]
                                   3            [1]
                                   2            [1]
                                   1            [1]
                                   0            

Cueing down from goal distance:    4 into depth [1]

Enforced Hill-climbing failed !
switching to Best-first Search now.

advancing to distance :   14
                          13
                          12
                          11
                          10
                           9
                           8
                           7
                           6
                           5
                           4
                           3
                           2
                           0

ff: found legal plan as follows

step    0: UNSTACK B000 B001
        1: STACK B000 B004
        2: UNSTACK B001 B008
        3: STACK B001 B000
        4: UNSTACK B005 B003
        5: PUTDOWN B005
        6: UNSTACK B008 B002
        7: STACK B008 B005
        8: UNSTACK B003 B006
        9: STACK B003 B001
       10: PICKUP B006
       11: STACK B006 B008
       12: PICKUP B002
       13: STACK B002 B003
     

time spent:    0.00 seconds instantiating 180 easy, 0 hard action templates
               0.00 seconds reachability analysis, yielding 109 facts and 180 actions
               0.00 seconds creating final representation with 109 relevant facts
               0.00 seconds building connectivity graph
               0.00 seconds searching, evaluating 81 states, to a max depth of 1
               0.00 seconds total time

