
ff: parsing domain file
domain 'BLOCKS4' defined
 ... done.
ff: parsing problem file
problem 'PROBNAME' defined
 ... done.



Cueing down from goal distance:    4 into depth [1]

Enforced Hill-climbing failed !
switching to Best-first Search now.

advancing to distance :    5
                           4
                           3
                           2
                           0

ff: found legal plan as follows

step    0: UNSTACK B004 B005
        1: PUTDOWN B004
        2: UNSTACK B005 B000
        3: PUTDOWN B005
        4: PICKUP B000
        5: STACK B000 B006
        6: PICKUP B005
        7: STACK B005 B000
     

time spent:    0.00 seconds instantiating 112 easy, 0 hard action templates
               0.00 seconds reachability analysis, yielding 71 facts and 112 actions
               0.00 seconds creating final representation with 71 relevant facts
               0.00 seconds building connectivity graph
               0.00 seconds searching, evaluating 36 states, to a max depth of 1
               0.00 seconds total time

