
ff: parsing domain file
domain 'BLOCKS4' defined
 ... done.
ff: parsing problem file
problem 'PROBNAME' defined
 ... done.



Cueing down from goal distance:    2 into depth [1]
                                   1            [1]
                                   0            

Cueing down from goal distance:    3 into depth [1][2]
                                   2            [1]
                                   1            [1]
                                   0            

Cueing down from goal distance:    3 into depth [1][2]
                                   2            [1]
                                   1            [1]
                                   0            

Cueing down from goal distance:    2 into depth [1]
                                   1            [1]
                                   0            

ff: found legal plan as follows

step    0: UNSTACK B002 B005
        1: PUTDOWN B002
        2: UNSTACK B001 B000
        3: STACK B001 B003
        4: UNSTACK B000 B006
        5: STACK B000 B002
        6: UNSTACK B001 B003
        7: STACK B001 B000
        8: PICKUP B005
        9: STACK B005 B003
       10: UNSTACK B006 B004
       11: PUTDOWN B006
     

time spent:    0.00 seconds instantiating 112 easy, 0 hard action templates
               0.00 seconds reachability analysis, yielding 71 facts and 112 actions
               0.00 seconds creating final representation with 71 relevant facts
               0.00 seconds building connectivity graph
               0.00 seconds searching, evaluating 22 states, to a max depth of 2
               0.00 seconds total time

