
ff: parsing domain file
domain 'BLOCKS4' defined
 ... done.
ff: parsing problem file
problem 'PROBNAME' defined
 ... done.



Cueing down from goal distance:    5 into depth [1][2]
                                   4            [1]
                                   3            [1]
                                   2            [1]
                                   1            [1]
                                   0            

Cueing down from goal distance:    6 into depth [1][2]
                                   5            [1]
                                   4            [1]
                                   3            [1][2]
                                   2            [1]
                                   1            [1]
                                   0            

Cueing down from goal distance:    4 into depth [1]
                                   3            [1]
                                   2            [1]
                                   1            [1]
                                   0            

ff: found legal plan as follows

step    0: UNSTACK B000 B002
        1: STACK B000 B006
        2: UNSTACK B002 B003
        3: PUTDOWN B002
        4: UNSTACK B003 B004
        5: PUTDOWN B003
        6: UNSTACK B000 B006
        7: PUTDOWN B000
        8: UNSTACK B006 B005
        9: STACK B006 B003
       10: UNSTACK B004 B001
       11: STACK B004 B005
       12: PICKUP B001
       13: STACK B001 B002
       14: PICKUP B000
       15: STACK B000 B006
       16: UNSTACK B004 B005
       17: STACK B004 B001
     

time spent:    0.00 seconds instantiating 112 easy, 0 hard action templates
               0.00 seconds reachability analysis, yielding 71 facts and 112 actions
               0.00 seconds creating final representation with 71 relevant facts
               0.00 seconds building connectivity graph
               0.00 seconds searching, evaluating 33 states, to a max depth of 2
               0.00 seconds total time

