
ff: parsing domain file
domain 'BLOCKS4' defined
 ... done.
ff: parsing problem file
problem 'PROBNAME' defined
 ... done.



Cueing down from goal distance:    4 into depth [1][2]
                                   3            [1][2]
                                   2            [1]
                                   1            [1]
                                   0            

Cueing down from goal distance:    2 into depth [1]
                                   1            [1]
                                   0            

Cueing down from goal distance:    2 into depth [1]
                                   1            [1]
                                   0            

Cueing down from goal distance:    8 into depth [1]

Enforced Hill-climbing failed !
switching to Best-first Search now.

advancing to distance :   14
                          13
                          12
                          11
                          10
                           9
                           8
                           6
                           5
                           4
                           3
                           2
                           0

ff: found legal plan as follows

step    0: UNSTACK B008 B006
        1: PUTDOWN B008
        2: UNSTACK B004 B000
        3: PUTDOWN B004
        4: UNSTACK B000 B001
        5: PUTDOWN B000
        6: UNSTACK B003 B005
        7: PUTDOWN B003
        8: PICKUP B005
        9: STACK B005 B006
       10: UNSTACK B002 B007
       11: STACK B002 B005
       12: PICKUP B007
       13: STACK B007 B002
     

time spent:    0.00 seconds instantiating 180 easy, 0 hard action templates
               0.00 seconds reachability analysis, yielding 109 facts and 180 actions
               0.00 seconds creating final representation with 109 relevant facts
               0.00 seconds building connectivity graph
               0.00 seconds searching, evaluating 109 states, to a max depth of 2
               0.00 seconds total time

