
ff: parsing domain file
domain 'BLOCKS4' defined
 ... done.
ff: parsing problem file
problem 'PROBNAME' defined
 ... done.



Cueing down from goal distance:    2 into depth [1]
                                   1            [1]
                                   0            

Cueing down from goal distance:    6 into depth [1]
                                   5            [1]
                                   4            [1]

Enforced Hill-climbing failed !
switching to Best-first Search now.

advancing to distance :    8
                           7
                           6
                           4
                           2
                           1
                           0

ff: found legal plan as follows

step    0: UNSTACK B002 B000
        1: PUTDOWN B002
        2: UNSTACK B003 B005
        3: STACK B003 B002
        4: UNSTACK B000 B001
        5: PUTDOWN B000
        6: UNSTACK B001 B004
        7: STACK B001 B005
        8: PICKUP B000
        9: STACK B000 B004
     

time spent:    0.00 seconds instantiating 84 easy, 0 hard action templates
               0.00 seconds reachability analysis, yielding 55 facts and 84 actions
               0.00 seconds creating final representation with 55 relevant facts
               0.00 seconds building connectivity graph
               0.00 seconds searching, evaluating 46 states, to a max depth of 1
               0.00 seconds total time

