
ff: parsing domain file
domain 'BLOCKS4' defined
 ... done.
ff: parsing problem file
problem 'PROBNAME' defined
 ... done.



Cueing down from goal distance:    2 into depth [1]
                                   1            [1]
                                   0            

Cueing down from goal distance:    2 into depth [1]
                                   1            [1]
                                   0            

Cueing down from goal distance:    3 into depth [1][2]
                                   2            [1]
                                   1            [1]
                                   0            

Cueing down from goal distance:    3 into depth [1][2]
                                   2            [1]
                                   1            [1]
                                   0            

Cueing down from goal distance:    3 into depth [1][2]
                                   2            [1]
                                   1            [1]
                                   0            

Cueing down from goal distance:    2 into depth [1]
                                   1            [1]
                                   0            

ff: found legal plan as follows

step    0: UNSTACK B004 B005
        1: PUTDOWN B004
        2: UNSTACK B003 B002
        3: PUTDOWN B003
        4: UNSTACK B005 B006
        5: STACK B005 B002
        6: PICKUP B006
        7: STACK B006 B004
        8: UNSTACK B000 B001
        9: STACK B000 B005
       10: PICKUP B001
       11: STACK B001 B003
       12: UNSTACK B000 B005
       13: STACK B000 B001
       14: UNSTACK B005 B002
       15: STACK B005 B006
       16: PICKUP B002
       17: STACK B002 B005
     

time spent:    0.00 seconds instantiating 112 easy, 0 hard action templates
               0.00 seconds reachability analysis, yielding 71 facts and 112 actions
               0.00 seconds creating final representation with 71 relevant facts
               0.00 seconds building connectivity graph
               0.00 seconds searching, evaluating 26 states, to a max depth of 2
               0.00 seconds total time

