
ff: parsing domain file
domain 'BLOCKS4' defined
 ... done.
ff: parsing problem file
problem 'PROBNAME' defined
 ... done.



Cueing down from goal distance:    6 into depth [1]
                                   5            [1]
                                   4            [1][2]
                                   3            [1][2]
                                   2            [1]
                                   1            [1]
                                   0            

Cueing down from goal distance:    2 into depth [1]
                                   1            [1]
                                   0            

Cueing down from goal distance:    4 into depth [1]
                                   3            [1]
                                   2            [1]
                                   1            [1]
                                   0            

Cueing down from goal distance:    5 into depth [1]
                                   4            [1]
                                   3            [1][2]
                                   2            [1]
                                   1            [1]
                                   0            

Cueing down from goal distance:    4 into depth [1]
                                   3            [1]
                                   2            [1]
                                   1            [1]
                                   0            

ff: found legal plan as follows

step    0: UNSTACK B005 B009
        1: PUTDOWN B005
        2: UNSTACK B008 B004
        3: STACK B008 B000
        4: UNSTACK B004 B007
        5: STACK B004 B008
        6: UNSTACK B007 B002
        7: PUTDOWN B007
        8: UNSTACK B006 B001
        9: PUTDOWN B006
       10: UNSTACK B002 B003
       11: STACK B002 B007
       12: UNSTACK B004 B008
       13: STACK B004 B005
       14: PICKUP B003
       15: STACK B003 B006
       16: UNSTACK B008 B000
       17: STACK B008 B004
       18: PICKUP B009
       19: STACK B009 B000
       20: UNSTACK B008 B004
       21: STACK B008 B002
       22: PICKUP B001
       23: STACK B001 B004
     

time spent:    0.00 seconds instantiating 220 easy, 0 hard action templates
               0.00 seconds reachability analysis, yielding 131 facts and 220 actions
               0.00 seconds creating final representation with 131 relevant facts
               0.00 seconds building connectivity graph
               0.00 seconds searching, evaluating 61 states, to a max depth of 2
               0.00 seconds total time

