
ff: parsing domain file
domain 'BLOCKS4' defined
 ... done.
ff: parsing problem file
problem 'PROBNAME' defined
 ... done.



Cueing down from goal distance:    4 into depth [1][2]
                                   3            [1][2]
                                   2            [1]
                                   1            [1]
                                   0            

Cueing down from goal distance:    6 into depth [1][2]
                                   5            [1]

Enforced Hill-climbing failed !
switching to Best-first Search now.

advancing to distance :   14
                          13
                          12
                          11
                          10
                           9
                           8
                           7
                           6
                           5
                           4
                           3
                           2
                           0

ff: found legal plan as follows

step    0: PICKUP B007
        1: STACK B007 B003
        2: UNSTACK B002 B005
        3: PUTDOWN B002
        4: UNSTACK B005 B006
        5: PUTDOWN B005
        6: UNSTACK B007 B003
        7: STACK B007 B002
        8: UNSTACK B003 B004
        9: STACK B003 B006
       10: UNSTACK B007 B002
       11: STACK B007 B003
       12: UNSTACK B004 B001
       13: STACK B004 B005
       14: UNSTACK B001 B000
       15: PUTDOWN B001
       16: PICKUP B000
       17: STACK B000 B007
       18: UNSTACK B004 B005
       19: STACK B004 B000
       20: PICKUP B005
       21: STACK B005 B001
       22: UNSTACK B004 B000
       23: STACK B004 B005
       24: PICKUP B002
       25: STACK B002 B004
     

time spent:    0.00 seconds instantiating 144 easy, 0 hard action templates
               0.00 seconds reachability analysis, yielding 89 facts and 144 actions
               0.00 seconds creating final representation with 89 relevant facts
               0.00 seconds building connectivity graph
               0.00 seconds searching, evaluating 171 states, to a max depth of 2
               0.00 seconds total time

