
ff: parsing domain file
domain 'BLOCKS4' defined
 ... done.
ff: parsing problem file
problem 'PROBNAME' defined
 ... done.



Cueing down from goal distance:    6 into depth [1][2][3]

Enforced Hill-climbing failed !
switching to Best-first Search now.

advancing to distance :   12
                          11
                          10
                           8
                           7
                           6
                           5
                           4
                           3
                           2
                           1
                           0

ff: found legal plan as follows

step    0: UNSTACK B006 B000
        1: PUTDOWN B006
        2: PICKUP B007
        3: STACK B007 B000
        4: UNSTACK B002 B004
        5: PUTDOWN B002
        6: UNSTACK B004 B001
        7: STACK B004 B007
        8: UNSTACK B001 B003
        9: PUTDOWN B001
       10: UNSTACK B003 B005
       11: PUTDOWN B003
       12: PICKUP B006
       13: STACK B006 B005
       14: PICKUP B003
       15: STACK B003 B006
       16: PICKUP B002
       17: STACK B002 B003
     

time spent:    0.00 seconds instantiating 144 easy, 0 hard action templates
               0.00 seconds reachability analysis, yielding 89 facts and 144 actions
               0.00 seconds creating final representation with 89 relevant facts
               0.00 seconds building connectivity graph
               0.00 seconds searching, evaluating 158 states, to a max depth of 3
               0.00 seconds total time

