
ff: parsing domain file
domain 'BLOCKS4' defined
 ... done.
ff: parsing problem file
problem 'PROBNAME' defined
 ... done.



Cueing down from goal distance:    3 into depth [1]

Enforced Hill-climbing failed !
switching to Best-first Search now.

advancing to distance :    8
                           7
                           5
                           4
                           3
                           2
                           0

ff: found legal plan as follows

step    0: PICKUP B000
        1: STACK B000 B003
        2: PICKUP B005
        3: STACK B005 B006
        4: UNSTACK B000 B003
        5: STACK B000 B005
        6: UNSTACK B003 B004
        7: PUTDOWN B003
        8: UNSTACK B004 B002
        9: STACK B004 B000
       10: PICKUP B003
       11: STACK B003 B002
       12: UNSTACK B004 B000
       13: PUTDOWN B004
       14: UNSTACK B000 B005
       15: STACK B000 B003
       16: PICKUP B004
       17: STACK B004 B000
     

time spent:    0.00 seconds instantiating 112 easy, 0 hard action templates
               0.00 seconds reachability analysis, yielding 71 facts and 112 actions
               0.00 seconds creating final representation with 71 relevant facts
               0.00 seconds building connectivity graph
               0.00 seconds searching, evaluating 91 states, to a max depth of 1
               0.00 seconds total time

