
ff: parsing domain file
domain 'BLOCKS4' defined
 ... done.
ff: parsing problem file
problem 'PROBNAME' defined
 ... done.



Cueing down from goal distance:    5 into depth [1][2]
                                   4            [1][2][3]

Enforced Hill-climbing failed !
switching to Best-first Search now.

advancing to distance :    7
                           6
                           5
                           4
                           3
                           2
                           0

ff: found legal plan as follows

step    0: UNSTACK B000 B005
        1: PUTDOWN B000
        2: UNSTACK B002 B004
        3: PUTDOWN B002
        4: UNSTACK B004 B003
        5: STACK B004 B000
        6: UNSTACK B003 B001
        7: STACK B003 B005
        8: UNSTACK B004 B000
        9: PUTDOWN B004
       10: PICKUP B000
       11: STACK B000 B001
       12: PICKUP B004
       13: STACK B004 B000
       14: PICKUP B002
       15: STACK B002 B004
     

time spent:    0.00 seconds instantiating 112 easy, 0 hard action templates
               0.00 seconds reachability analysis, yielding 71 facts and 112 actions
               0.00 seconds creating final representation with 71 relevant facts
               0.00 seconds building connectivity graph
               0.00 seconds searching, evaluating 257 states, to a max depth of 3
               0.00 seconds total time

