
ff: parsing domain file
domain 'BLOCKS4' defined
 ... done.
ff: parsing problem file
problem 'PROBNAME' defined
 ... done.



Cueing down from goal distance:    5 into depth [1]
                                   4            [1]
                                   3            [1][2]
                                   2            [1]
                                   1            [1]
                                   0            

Cueing down from goal distance:    4 into depth [1][2][3]

Enforced Hill-climbing failed !
switching to Best-first Search now.

advancing to distance :   16
                          15
                          14
                          13
                          12
                          11
                          10
                           9
                           8
                           7
                           5
                           3
                           2
                           1
                           0

ff: found legal plan as follows

step    0: UNSTACK B005 B007
        1: PUTDOWN B005
        2: UNSTACK B002 B006
        3: PUTDOWN B002
        4: UNSTACK B006 B004
        5: PUTDOWN B006
        6: UNSTACK B008 B001
        7: STACK B008 B004
        8: UNSTACK B001 B003
        9: PUTDOWN B001
       10: PICKUP B007
       11: STACK B007 B005
       12: PICKUP B000
       13: STACK B000 B006
       14: UNSTACK B008 B004
       15: PUTDOWN B008
       16: PICKUP B004
       17: STACK B004 B003
       18: PICKUP B008
       19: STACK B008 B004
     

time spent:    0.00 seconds instantiating 180 easy, 0 hard action templates
               0.00 seconds reachability analysis, yielding 109 facts and 180 actions
               0.00 seconds creating final representation with 109 relevant facts
               0.00 seconds building connectivity graph
               0.00 seconds searching, evaluating 153 states, to a max depth of 3
               0.00 seconds total time

