
ff: parsing domain file
domain 'BLOCKS4' defined
 ... done.
ff: parsing problem file
problem 'PROBNAME' defined
 ... done.



Cueing down from goal distance:    2 into depth [1]
                                   1            [1]
                                   0            

Cueing down from goal distance:    5 into depth [1]
                                   4            [1]
                                   3            [1][2]
                                   2            [1]
                                   1            [1]
                                   0            

Cueing down from goal distance:    4 into depth [1][2]
                                   3            [1][2]
                                   2            [1]
                                   1            [1]
                                   0            

Cueing down from goal distance:    5 into depth [1]
                                   4            [1]
                                   3            [1][2]
                                   2            [1]
                                   1            [1]
                                   0            

Cueing down from goal distance:    3 into depth [1][2]
                                   2            [1]
                                   1            [1]
                                   0            

Cueing down from goal distance:    2 into depth [1]
                                   1            [1]
                                   0            

ff: found legal plan as follows

step    0: UNSTACK B000 B001
        1: PUTDOWN B000
        2: UNSTACK B005 B008
        3: PUTDOWN B005
        4: UNSTACK B001 B004
        5: STACK B001 B000
        6: UNSTACK B004 B003
        7: PUTDOWN B004
        8: UNSTACK B003 B002
        9: STACK B003 B004
       10: UNSTACK B001 B000
       11: STACK B001 B008
       12: PICKUP B002
       13: STACK B002 B000
       14: UNSTACK B001 B008
       15: STACK B001 B005
       16: UNSTACK B003 B004
       17: STACK B003 B002
       18: PICKUP B007
       19: STACK B007 B004
       20: UNSTACK B003 B002
       21: STACK B003 B001
       22: UNSTACK B008 B006
       23: STACK B008 B002
       24: UNSTACK B003 B001
       25: PUTDOWN B003
     

time spent:    0.00 seconds instantiating 180 easy, 0 hard action templates
               0.00 seconds reachability analysis, yielding 109 facts and 180 actions
               0.00 seconds creating final representation with 109 relevant facts
               0.00 seconds building connectivity graph
               0.00 seconds searching, evaluating 58 states, to a max depth of 2
               0.00 seconds total time

