
ff: parsing domain file
domain 'BLOCKS4' defined
 ... done.
ff: parsing problem file
problem 'PROBNAME' defined
 ... done.



Cueing down from goal distance:    4 into depth [1]

Enforced Hill-climbing failed !
switching to Best-first Search now.

advancing to distance :   12
                          11
                          10
                           9
                           8
                           7
                           6
                           4
                           2
                           1
                           0

ff: found legal plan as follows

step    0: UNSTACK B002 B001
        1: PUTDOWN B002
        2: UNSTACK B001 B006
        3: STACK B001 B004
        4: UNSTACK B006 B005
        5: PUTDOWN B006
        6: UNSTACK B001 B004
        7: PUTDOWN B001
        8: UNSTACK B004 B000
        9: STACK B004 B005
       10: PICKUP B001
       11: STACK B001 B004
       12: UNSTACK B000 B007
       13: STACK B000 B006
       14: PICKUP B003
       15: STACK B003 B007
     

time spent:    0.00 seconds instantiating 144 easy, 0 hard action templates
               0.00 seconds reachability analysis, yielding 89 facts and 144 actions
               0.00 seconds creating final representation with 89 relevant facts
               0.00 seconds building connectivity graph
               0.00 seconds searching, evaluating 125 states, to a max depth of 1
               0.00 seconds total time

