
ff: parsing domain file
domain 'BLOCKS4' defined
 ... done.
ff: parsing problem file
problem 'PROBNAME' defined
 ... done.



Cueing down from goal distance:    3 into depth [1][2]
                                   2            [1]
                                   1            [1]
                                   0            

Cueing down from goal distance:    4 into depth [1][2]
                                   3            [1][2]
                                   2            [1]
                                   1            [1]
                                   0            

Cueing down from goal distance:    2 into depth [1]
                                   1            [1]
                                   0            

ff: found legal plan as follows

step    0: UNSTACK B006 B003
        1: STACK B006 B005
        2: UNSTACK B003 B002
        3: PUTDOWN B003
        4: UNSTACK B006 B005
        5: STACK B006 B003
        6: UNSTACK B002 B001
        7: STACK B002 B006
        8: UNSTACK B005 B000
        9: STACK B005 B001
       10: UNSTACK B002 B006
       11: STACK B002 B005
     

time spent:    0.00 seconds instantiating 112 easy, 0 hard action templates
               0.00 seconds reachability analysis, yielding 71 facts and 112 actions
               0.00 seconds creating final representation with 71 relevant facts
               0.00 seconds building connectivity graph
               0.00 seconds searching, evaluating 24 states, to a max depth of 2
               0.00 seconds total time

