
ff: parsing domain file
domain 'BLOCKS4' defined
 ... done.
ff: parsing problem file
problem 'PROBNAME' defined
 ... done.



Cueing down from goal distance:    3 into depth [1][2]
                                   2            [1]
                                   1            [1]
                                   0            

Cueing down from goal distance:    3 into depth [1][2]
                                   2            [1]
                                   1            [1]
                                   0            

Cueing down from goal distance:    3 into depth [1][2]
                                   2            [1]
                                   1            [1]
                                   0            

Cueing down from goal distance:    2 into depth [1]
                                   1            [1]
                                   0            

Cueing down from goal distance:    2 into depth [1]
                                   1            [1]
                                   0            

ff: found legal plan as follows

step    0: UNSTACK B005 B003
        1: STACK B005 B007
        2: UNSTACK B003 B002
        3: PUTDOWN B003
        4: UNSTACK B005 B007
        5: STACK B005 B003
        6: UNSTACK B008 B009
        7: STACK B008 B007
        8: UNSTACK B002 B001
        9: STACK B002 B005
       10: UNSTACK B004 B006
       11: STACK B004 B001
       12: PICKUP B006
       13: STACK B006 B008
       14: UNSTACK B002 B005
       15: STACK B002 B004
     

time spent:    0.00 seconds instantiating 220 easy, 0 hard action templates
               0.00 seconds reachability analysis, yielding 131 facts and 220 actions
               0.00 seconds creating final representation with 131 relevant facts
               0.00 seconds building connectivity graph
               0.00 seconds searching, evaluating 36 states, to a max depth of 2
               0.00 seconds total time

