
ff: parsing domain file
domain 'BLOCKS4' defined
 ... done.
ff: parsing problem file
problem 'PROBNAME' defined
 ... done.



Cueing down from goal distance:    3 into depth [1][2]
                                   2            [1]
                                   1            [1]
                                   0            

Cueing down from goal distance:    4 into depth [1][2]
                                   3            [1][2]
                                   2            [1]
                                   1            [1]
                                   0            

Cueing down from goal distance:    3 into depth [1]

Enforced Hill-climbing failed !
switching to Best-first Search now.

advancing to distance :   10
                           9
                           8
                           7
                           6
                           5
                           4
                           2
                           1
                           0

ff: found legal plan as follows

step    0: UNSTACK B002 B001
        1: STACK B002 B005
        2: PICKUP B001
        3: STACK B001 B003
        4: UNSTACK B002 B005
        5: PUTDOWN B002
        6: UNSTACK B005 B004
        7: STACK B005 B001
        8: PICKUP B004
        9: STACK B004 B006
       10: PICKUP B002
       11: STACK B002 B005
       12: PICKUP B000
       13: STACK B000 B004
     

time spent:    0.00 seconds instantiating 112 easy, 0 hard action templates
               0.00 seconds reachability analysis, yielding 71 facts and 112 actions
               0.00 seconds creating final representation with 71 relevant facts
               0.00 seconds building connectivity graph
               0.00 seconds searching, evaluating 106 states, to a max depth of 2
               0.00 seconds total time

