
ff: parsing domain file
domain 'BLOCKS4' defined
 ... done.
ff: parsing problem file
problem 'PROBNAME' defined
 ... done.



Cueing down from goal distance:    2 into depth [1]
                                   1            [1]
                                   0            

Cueing down from goal distance:    3 into depth [1][2]
                                   2            [1]
                                   1            [1]
                                   0            

Cueing down from goal distance:    6 into depth [1][2]
                                   5            [1][2]
                                   4            [1]
                                   3            [1]
                                   2            [1]
                                   1            [1]
                                   0            

Cueing down from goal distance:    6 into depth [1][2]
                                   5            [1]
                                   4            [1]
                                   3            [1]

Enforced Hill-climbing failed !
switching to Best-first Search now.

advancing to distance :   14
                          13
                          12
                          11
                          10
                           9
                           8
                           7
                           6
                           5
                           3
                           2
                           0

ff: found legal plan as follows

step    0: UNSTACK B004 B003
        1: PUTDOWN B004
        2: UNSTACK B003 B002
        3: PUTDOWN B003
        4: UNSTACK B002 B001
        5: STACK B002 B004
        6: UNSTACK B005 B007
        7: STACK B005 B002
        8: UNSTACK B001 B000
        9: PUTDOWN B001
       10: PICKUP B000
       11: STACK B000 B005
       12: PICKUP B001
       13: STACK B001 B000
       14: UNSTACK B006 B008
       15: STACK B006 B001
       16: PICKUP B008
       17: STACK B008 B007
       18: UNSTACK B006 B001
       19: STACK B006 B008
     

time spent:    0.00 seconds instantiating 180 easy, 0 hard action templates
               0.00 seconds reachability analysis, yielding 109 facts and 180 actions
               0.00 seconds creating final representation with 109 relevant facts
               0.00 seconds building connectivity graph
               0.00 seconds searching, evaluating 126 states, to a max depth of 2
               0.00 seconds total time

