
ff: parsing domain file
domain 'BLOCKS4' defined
 ... done.
ff: parsing problem file
problem 'PROBNAME' defined
 ... done.



Cueing down from goal distance:    5 into depth [1][2]
                                   4            [1][2]
                                   3            [1][2]
                                   2            [1]
                                   1            [1]
                                   0            

Cueing down from goal distance:    2 into depth [1]
                                   1            [1]
                                   0            

Cueing down from goal distance:    4 into depth [1]

Enforced Hill-climbing failed !
switching to Best-first Search now.

advancing to distance :   13
                          12
                          11
                          10
                           9
                           8
                           7
                           5
                           4
                           3
                           2
                           0

ff: found legal plan as follows

step    0: UNSTACK B002 B006
        1: PUTDOWN B002
        2: PICKUP B004
        3: STACK B004 B002
        4: UNSTACK B006 B008
        5: PUTDOWN B006
        6: UNSTACK B008 B005
        7: PUTDOWN B008
        8: PICKUP B006
        9: STACK B006 B005
       10: UNSTACK B001 B003
       11: STACK B001 B008
       12: UNSTACK B003 B007
       13: STACK B003 B004
       14: UNSTACK B007 B000
       15: PUTDOWN B007
       16: UNSTACK B001 B008
       17: STACK B001 B003
       18: PICKUP B008
       19: STACK B008 B007
       20: UNSTACK B001 B003
       21: STACK B001 B000
       22: UNSTACK B003 B004
       23: PUTDOWN B003
       24: UNSTACK B001 B000
       25: STACK B001 B003
       26: UNSTACK B004 B002
       27: STACK B004 B008
       28: PICKUP B002
       29: STACK B002 B000
       30: UNSTACK B004 B008
       31: STACK B004 B002
       32: UNSTACK B001 B003
       33: STACK B001 B008
       34: PICKUP B003
       35: STACK B003 B004
       36: UNSTACK B001 B008
       37: STACK B001 B003
     

time spent:    0.00 seconds instantiating 180 easy, 0 hard action templates
               0.00 seconds reachability analysis, yielding 109 facts and 180 actions
               0.00 seconds creating final representation with 109 relevant facts
               0.00 seconds building connectivity graph
               0.01 seconds searching, evaluating 464 states, to a max depth of 2
               0.01 seconds total time

