
ff: parsing domain file
domain 'BLOCKS4' defined
 ... done.
ff: parsing problem file
problem 'PROBNAME' defined
 ... done.



Cueing down from goal distance:    6 into depth [1][2]
                                   5            [1][2][3]

Enforced Hill-climbing failed !
switching to Best-first Search now.

advancing to distance :   10
                           9
                           8
                           7
                           5
                           4
                           3
                           2
                           0

ff: found legal plan as follows

step    0: UNSTACK B002 B006
        1: PUTDOWN B002
        2: UNSTACK B006 B001
        3: STACK B006 B003
        4: UNSTACK B005 B000
        5: STACK B005 B002
        6: UNSTACK B000 B004
        7: STACK B000 B001
        8: UNSTACK B006 B003
        9: PUTDOWN B006
       10: PICKUP B003
       11: STACK B003 B000
       12: PICKUP B006
       13: STACK B006 B003
     

time spent:    0.00 seconds instantiating 112 easy, 0 hard action templates
               0.00 seconds reachability analysis, yielding 71 facts and 112 actions
               0.00 seconds creating final representation with 71 relevant facts
               0.00 seconds building connectivity graph
               0.00 seconds searching, evaluating 61 states, to a max depth of 3
               0.00 seconds total time

