
ff: parsing domain file
domain 'BLOCKS4' defined
 ... done.
ff: parsing problem file
problem 'PROBNAME' defined
 ... done.



Cueing down from goal distance:    2 into depth [1]
                                   1            [1]
                                   0            

Cueing down from goal distance:    5 into depth [1][2]
                                   4            [1]

Enforced Hill-climbing failed !
switching to Best-first Search now.

advancing to distance :   11
                          10
                           9
                           8
                           7
                           6
                           5
                           3
                           2
                           0

ff: found legal plan as follows

step    0: UNSTACK B004 B007
        1: PUTDOWN B004
        2: UNSTACK B002 B003
        3: PUTDOWN B002
        4: UNSTACK B003 B000
        5: PUTDOWN B003
        6: UNSTACK B000 B001
        7: STACK B000 B005
        8: UNSTACK B001 B006
        9: STACK B001 B004
       10: PICKUP B003
       11: STACK B003 B001
       12: PICKUP B002
       13: STACK B002 B003
       14: UNSTACK B000 B005
       15: PUTDOWN B000
       16: PICKUP B005
       17: STACK B005 B006
       18: PICKUP B000
       19: STACK B000 B005
     

time spent:    0.00 seconds instantiating 144 easy, 0 hard action templates
               0.00 seconds reachability analysis, yielding 89 facts and 144 actions
               0.00 seconds creating final representation with 89 relevant facts
               0.00 seconds building connectivity graph
               0.01 seconds searching, evaluating 268 states, to a max depth of 2
               0.01 seconds total time

