
ff: parsing domain file
domain 'BLOCKS4' defined
 ... done.
ff: parsing problem file
problem 'PROBNAME' defined
 ... done.



Cueing down from goal distance:    3 into depth [1][2]
                                   2            [1]
                                   1            [1]
                                   0            

Cueing down from goal distance:    7 into depth [1]
                                   6            [1]
                                   5            [1]

Enforced Hill-climbing failed !
switching to Best-first Search now.

advancing to distance :   18
                          17
                          16
                          15
                          14
                          13
                          12
                          10
                           9
                           7
                           5
                           4
                           3
                           2
                           0

ff: found legal plan as follows

step    0: UNSTACK B006 B007
        1: PUTDOWN B006
        2: UNSTACK B004 B001
        3: STACK B004 B007
        4: UNSTACK B001 B002
        5: PUTDOWN B001
        6: UNSTACK B002 B003
        7: STACK B002 B004
        8: PICKUP B003
        9: STACK B003 B009
       10: UNSTACK B005 B008
       11: STACK B005 B006
       12: UNSTACK B008 B000
       13: PUTDOWN B008
       14: PICKUP B000
       15: STACK B000 B001
       16: UNSTACK B003 B009
       17: STACK B003 B002
       18: PICKUP B009
       19: STACK B009 B000
       20: UNSTACK B003 B002
       21: STACK B003 B009
     

time spent:    0.00 seconds instantiating 220 easy, 0 hard action templates
               0.00 seconds reachability analysis, yielding 131 facts and 220 actions
               0.00 seconds creating final representation with 131 relevant facts
               0.00 seconds building connectivity graph
               0.00 seconds searching, evaluating 114 states, to a max depth of 2
               0.00 seconds total time

