
ff: parsing domain file
domain 'BLOCKS4' defined
 ... done.
ff: parsing problem file
problem 'PROBNAME' defined
 ... done.



Cueing down from goal distance:    3 into depth [1][2]
                                   2            [1]
                                   1            [1]
                                   0            

Cueing down from goal distance:    3 into depth [1][2]
                                   2            [1]
                                   1            [1]
                                   0            

Cueing down from goal distance:    3 into depth [1][2]
                                   2            [1]
                                   1            [1]
                                   0            

Cueing down from goal distance:    5 into depth [1][2]
                                   4            [1]

Enforced Hill-climbing failed !
switching to Best-first Search now.

advancing to distance :   16
                          15
                          14
                          13
                          12
                          11
                          10
                           9
                           8
                           7
                           5
                           4
                           3
                           2
                           0

ff: found legal plan as follows

step    0: UNSTACK B004 B005
        1: STACK B004 B002
        2: PICKUP B005
        3: STACK B005 B007
        4: UNSTACK B001 B003
        5: STACK B001 B005
        6: UNSTACK B003 B000
        7: PUTDOWN B003
        8: UNSTACK B001 B005
        9: STACK B001 B000
       10: UNSTACK B005 B007
       11: STACK B005 B001
       12: UNSTACK B007 B006
       13: STACK B007 B003
       14: UNSTACK B005 B001
       15: STACK B005 B007
       16: UNSTACK B001 B000
       17: STACK B001 B005
       18: UNSTACK B006 B008
       19: STACK B006 B001
       20: PICKUP B008
       21: STACK B008 B000
       22: UNSTACK B004 B002
       23: PUTDOWN B004
       24: PICKUP B002
       25: STACK B002 B008
       26: PICKUP B004
       27: STACK B004 B002
     

time spent:    0.00 seconds instantiating 180 easy, 0 hard action templates
               0.00 seconds reachability analysis, yielding 109 facts and 180 actions
               0.00 seconds creating final representation with 109 relevant facts
               0.00 seconds building connectivity graph
               0.01 seconds searching, evaluating 350 states, to a max depth of 2
               0.01 seconds total time

