
ff: parsing domain file
domain 'BLOCKS4' defined
 ... done.
ff: parsing problem file
problem 'PROBNAME' defined
 ... done.



Cueing down from goal distance:    6 into depth [1]
                                   5            [1]
                                   4            [1]
                                   3            [1]
                                   2            [1]
                                   1            [1]
                                   0            

Cueing down from goal distance:    7 into depth [1]

Enforced Hill-climbing failed !
switching to Best-first Search now.

advancing to distance :   16
                          15
                          14
                          13
                          12
                          11
                          10
                           9
                           8
                           7
                           6
                           4
                           2
                           0

ff: found legal plan as follows

step    0: UNSTACK B007 B006
        1: PUTDOWN B007
        2: UNSTACK B004 B008
        3: PUTDOWN B004
        4: UNSTACK B008 B005
        5: PUTDOWN B008
        6: UNSTACK B002 B001
        7: STACK B002 B005
        8: UNSTACK B001 B000
        9: STACK B001 B002
       10: PICKUP B000
       11: STACK B000 B004
       12: UNSTACK B006 B003
       13: STACK B006 B008
       14: PICKUP B003
       15: STACK B003 B001
     

time spent:    0.00 seconds instantiating 180 easy, 0 hard action templates
               0.00 seconds reachability analysis, yielding 109 facts and 180 actions
               0.00 seconds creating final representation with 109 relevant facts
               0.00 seconds building connectivity graph
               0.00 seconds searching, evaluating 87 states, to a max depth of 1
               0.00 seconds total time

