
ff: parsing domain file
domain 'BLOCKS4' defined
 ... done.
ff: parsing problem file
problem 'PROBNAME' defined
 ... done.



Cueing down from goal distance:    6 into depth [1][2]
                                   5            [1]

Enforced Hill-climbing failed !
switching to Best-first Search now.

advancing to distance :    9
                           8
                           7
                           6
                           5
                           4
                           3
                           2
                           0

ff: found legal plan as follows

step    0: UNSTACK B000 B003
        1: PUTDOWN B000
        2: UNSTACK B003 B004
        3: STACK B003 B006
        4: UNSTACK B002 B005
        5: STACK B002 B000
        6: UNSTACK B004 B001
        7: PUTDOWN B004
        8: PICKUP B001
        9: STACK B001 B005
       10: PICKUP B004
       11: STACK B004 B001
       12: UNSTACK B002 B000
       13: PUTDOWN B002
       14: PICKUP B000
       15: STACK B000 B004
       16: PICKUP B002
       17: STACK B002 B000
     

time spent:    0.00 seconds instantiating 112 easy, 0 hard action templates
               0.00 seconds reachability analysis, yielding 71 facts and 112 actions
               0.00 seconds creating final representation with 71 relevant facts
               0.00 seconds building connectivity graph
               0.00 seconds searching, evaluating 144 states, to a max depth of 2
               0.00 seconds total time

