
ff: parsing domain file
domain 'BLOCKS4' defined
 ... done.
ff: parsing problem file
problem 'PROBNAME' defined
 ... done.



Cueing down from goal distance:    3 into depth [1][2]
                                   2            [1]
                                   1            [1]
                                   0            

Cueing down from goal distance:    6 into depth [1]
                                   5            [1]
                                   4            [1]

Enforced Hill-climbing failed !
switching to Best-first Search now.

advancing to distance :   17
                          16
                          15
                          14
                          13
                          12
                          11
                          10
                           9
                           8
                           7
                           6
                           4
                           3
                           2
                           0

ff: found legal plan as follows

step    0: UNSTACK B008 B007
        1: PUTDOWN B008
        2: UNSTACK B006 B003
        3: PUTDOWN B006
        4: UNSTACK B003 B002
        5: PUTDOWN B003
        6: PICKUP B006
        7: STACK B006 B002
        8: PICKUP B007
        9: STACK B007 B003
       10: UNSTACK B005 B004
       11: PUTDOWN B005
       12: UNSTACK B004 B009
       13: PUTDOWN B004
       14: UNSTACK B009 B000
       15: PUTDOWN B009
       16: UNSTACK B000 B001
       17: STACK B000 B007
       18: PICKUP B001
       19: STACK B001 B008
       20: PICKUP B005
       21: STACK B005 B004
     

time spent:    0.00 seconds instantiating 220 easy, 0 hard action templates
               0.00 seconds reachability analysis, yielding 131 facts and 220 actions
               0.00 seconds creating final representation with 131 relevant facts
               0.00 seconds building connectivity graph
               0.00 seconds searching, evaluating 132 states, to a max depth of 2
               0.00 seconds total time

