
ff: parsing domain file
domain 'BLOCKS4' defined
 ... done.
ff: parsing problem file
problem 'PROBNAME' defined
 ... done.



Cueing down from goal distance:    2 into depth [1]
                                   1            [1]
                                   0            

Cueing down from goal distance:    3 into depth [1][2]
                                   2            [1]
                                   1            [1]
                                   0            

Cueing down from goal distance:    2 into depth [1]
                                   1            [1]
                                   0            

Cueing down from goal distance:    3 into depth [1][2]
                                   2            [1]
                                   1            [1]
                                   0            

Cueing down from goal distance:    2 into depth [1]
                                   1            [1]
                                   0            

Cueing down from goal distance:    3 into depth [1][2]
                                   2            [1]
                                   1            [1]
                                   0            

Cueing down from goal distance:    2 into depth [1]
                                   1            [1]
                                   0            

ff: found legal plan as follows

step    0: UNSTACK B000 B003
        1: PUTDOWN B000
        2: UNSTACK B003 B001
        3: STACK B003 B008
        4: UNSTACK B001 B005
        5: STACK B001 B000
        6: UNSTACK B005 B002
        7: PUTDOWN B005
        8: UNSTACK B003 B008
        9: STACK B003 B007
       10: UNSTACK B008 B004
       11: STACK B008 B001
       12: UNSTACK B003 B007
       13: STACK B003 B005
       14: UNSTACK B004 B006
       15: STACK B004 B003
       16: PICKUP B006
       17: STACK B006 B008
       18: UNSTACK B004 B003
       19: STACK B004 B006
     

time spent:    0.00 seconds instantiating 180 easy, 0 hard action templates
               0.00 seconds reachability analysis, yielding 109 facts and 180 actions
               0.00 seconds creating final representation with 109 relevant facts
               0.00 seconds building connectivity graph
               0.00 seconds searching, evaluating 28 states, to a max depth of 2
               0.00 seconds total time

