
ff: parsing domain file
domain 'BLOCKS4' defined
 ... done.
ff: parsing problem file
problem 'PROBNAME' defined
 ... done.



Cueing down from goal distance:    2 into depth [1]
                                   1            [1]
                                   0            

Cueing down from goal distance:    4 into depth [1][2][3]

Enforced Hill-climbing failed !
switching to Best-first Search now.

advancing to distance :   18
                          17
                          16
                          15
                          14
                          13
                          12
                          11
                          10
                           9
                           8
                           7
                           6
                           5
                           3
                           2
                           0

ff: found legal plan as follows

step    0: UNSTACK B004 B001
        1: PUTDOWN B004
        2: PICKUP B008
        3: STACK B008 B006
        4: UNSTACK B005 B000
        5: STACK B005 B008
        6: UNSTACK B001 B009
        7: STACK B001 B005
        8: UNSTACK B009 B003
        9: PUTDOWN B009
       10: UNSTACK B001 B005
       11: STACK B001 B003
       12: UNSTACK B005 B008
       13: STACK B005 B009
       14: UNSTACK B001 B003
       15: STACK B001 B005
       16: UNSTACK B008 B006
       17: STACK B008 B000
       18: UNSTACK B006 B002
       19: STACK B006 B003
       20: UNSTACK B008 B000
       21: STACK B008 B006
       22: UNSTACK B002 B007
       23: STACK B002 B004
       24: PICKUP B000
       25: STACK B000 B002
       26: PICKUP B007
       27: STACK B007 B000
       28: UNSTACK B001 B005
       29: PUTDOWN B001
       30: UNSTACK B005 B009
       31: STACK B005 B008
       32: PICKUP B001
       33: STACK B001 B005
     

time spent:    0.00 seconds instantiating 220 easy, 0 hard action templates
               0.00 seconds reachability analysis, yielding 131 facts and 220 actions
               0.00 seconds creating final representation with 131 relevant facts
               0.00 seconds building connectivity graph
               0.07 seconds searching, evaluating 1638 states, to a max depth of 3
               0.07 seconds total time

