
ff: parsing domain file
domain 'BLOCKS4' defined
 ... done.
ff: parsing problem file
problem 'PROBNAME' defined
 ... done.



Cueing down from goal distance:    5 into depth [1]

Enforced Hill-climbing failed !
switching to Best-first Search now.

advancing to distance :   16
                          15
                          14
                          13
                          12
                          10
                           9
                           8
                           7
                           6
                           5
                           4
                           3
                           2
                           0

ff: found legal plan as follows

step    0: UNSTACK B008 B002
        1: PUTDOWN B008
        2: PICKUP B007
        3: STACK B007 B008
        4: UNSTACK B002 B001
        5: STACK B002 B007
        6: UNSTACK B000 B003
        7: STACK B000 B005
        8: UNSTACK B001 B006
        9: STACK B001 B003
       10: UNSTACK B006 B004
       11: PUTDOWN B006
       12: UNSTACK B001 B003
       13: STACK B001 B004
       14: PICKUP B003
       15: STACK B003 B006
       16: UNSTACK B001 B004
       17: STACK B001 B003
       18: UNSTACK B000 B005
       19: STACK B000 B004
       20: UNSTACK B005 B009
       21: STACK B005 B001
       22: UNSTACK B000 B004
       23: STACK B000 B005
     

time spent:    0.00 seconds instantiating 220 easy, 0 hard action templates
               0.00 seconds reachability analysis, yielding 131 facts and 220 actions
               0.00 seconds creating final representation with 131 relevant facts
               0.00 seconds building connectivity graph
               0.01 seconds searching, evaluating 215 states, to a max depth of 1
               0.01 seconds total time

