
ff: parsing domain file
domain 'BLOCKS4' defined
 ... done.
ff: parsing problem file
problem 'PROBNAME' defined
 ... done.



Cueing down from goal distance:    2 into depth [1]
                                   1            [1]
                                   0            

Cueing down from goal distance:    2 into depth [1]
                                   1            [1]
                                   0            

Cueing down from goal distance:    6 into depth [1][2]

Enforced Hill-climbing failed !
switching to Best-first Search now.

advancing to distance :   12
                          11
                          10
                           9
                           8
                           7
                           6
                           4
                           3
                           2
                           0

ff: found legal plan as follows

step    0: UNSTACK B009 B006
        1: STACK B009 B001
        2: UNSTACK B003 B000
        3: STACK B003 B009
        4: UNSTACK B000 B002
        5: STACK B000 B003
        6: UNSTACK B002 B004
        7: PUTDOWN B002
        8: UNSTACK B004 B007
        9: STACK B004 B000
       10: UNSTACK B008 B005
       11: STACK B008 B007
       12: PICKUP B002
       13: STACK B002 B005
     

time spent:    0.00 seconds instantiating 220 easy, 0 hard action templates
               0.00 seconds reachability analysis, yielding 131 facts and 220 actions
               0.00 seconds creating final representation with 131 relevant facts
               0.00 seconds building connectivity graph
               0.00 seconds searching, evaluating 97 states, to a max depth of 2
               0.00 seconds total time

