
ff: parsing domain file
domain 'BLOCKS4' defined
 ... done.
ff: parsing problem file
problem 'PROBNAME' defined
 ... done.



Cueing down from goal distance:    5 into depth [1][2]
                                   4            [1]
                                   3            [1]
                                   2            [1]
                                   1            [1]
                                   0            

Cueing down from goal distance:    7 into depth [1]
                                   6            [1]
                                   5            [1][2]
                                   4            [1]

Enforced Hill-climbing failed !
switching to Best-first Search now.

advancing to distance :   16
                          15
                          14
                          13
                          12
                          11
                          10
                           9
                           8
                           7
                           6
                           4
                           3
                           2
                           0

ff: found legal plan as follows

step    0: PICKUP B000
        1: STACK B000 B002
        2: UNSTACK B007 B006
        3: PUTDOWN B007
        4: UNSTACK B006 B003
        5: PUTDOWN B006
        6: PICKUP B007
        7: STACK B007 B003
        8: PICKUP B006
        9: STACK B006 B007
       10: UNSTACK B000 B002
       11: STACK B000 B006
       12: UNSTACK B002 B001
       13: PUTDOWN B002
       14: UNSTACK B001 B005
       15: PUTDOWN B001
       16: UNSTACK B005 B004
       17: PUTDOWN B005
       18: PICKUP B004
       19: STACK B004 B001
       20: PICKUP B002
       21: STACK B002 B004
       22: UNSTACK B000 B006
       23: STACK B000 B002
       24: UNSTACK B006 B007
       25: PUTDOWN B006
       26: UNSTACK B007 B003
       27: PUTDOWN B007
       28: PICKUP B003
       29: STACK B003 B005
       30: PICKUP B007
       31: STACK B007 B003
       32: PICKUP B006
       33: STACK B006 B007
     

time spent:    0.00 seconds instantiating 144 easy, 0 hard action templates
               0.00 seconds reachability analysis, yielding 89 facts and 144 actions
               0.00 seconds creating final representation with 89 relevant facts
               0.00 seconds building connectivity graph
               0.00 seconds searching, evaluating 155 states, to a max depth of 2
               0.00 seconds total time

