
ff: parsing domain file
domain 'BLOCKS4' defined
 ... done.
ff: parsing problem file
problem 'PROBNAME' defined
 ... done.



Cueing down from goal distance:    5 into depth [1][2]
                                   4            [1]
                                   3            [1]
                                   2            [1]
                                   1            [1]
                                   0            

Cueing down from goal distance:    4 into depth [1]

Enforced Hill-climbing failed !
switching to Best-first Search now.

advancing to distance :   14
                          13
                          12
                          11
                          10
                           9
                           8
                           6
                           4
                           3
                           2
                           0

ff: found legal plan as follows

step    0: UNSTACK B007 B003
        1: PUTDOWN B007
        2: UNSTACK B001 B006
        3: PUTDOWN B001
        4: UNSTACK B006 B000
        5: PUTDOWN B006
        6: UNSTACK B000 B002
        7: PUTDOWN B000
        8: PICKUP B003
        9: STACK B003 B006
       10: UNSTACK B004 B005
       11: STACK B004 B000
       12: PICKUP B005
       13: STACK B005 B002
       14: PICKUP B001
       15: STACK B001 B005
     

time spent:    0.00 seconds instantiating 144 easy, 0 hard action templates
               0.00 seconds reachability analysis, yielding 89 facts and 144 actions
               0.00 seconds creating final representation with 89 relevant facts
               0.00 seconds building connectivity graph
               0.00 seconds searching, evaluating 111 states, to a max depth of 2
               0.00 seconds total time

