
ff: parsing domain file
domain 'BLOCKS4' defined
 ... done.
ff: parsing problem file
problem 'PROBNAME' defined
 ... done.



Cueing down from goal distance:    5 into depth [1][2]
                                   4            [1][2]
                                   3            [1][2]
                                   2            [1]
                                   1            [1]
                                   0            

Cueing down from goal distance:    4 into depth [1]
                                   3            [1]
                                   2            [1]
                                   1            [1]
                                   0            

Cueing down from goal distance:    6 into depth [1]
                                   5            [1]
                                   4            [1]

Enforced Hill-climbing failed !
switching to Best-first Search now.

advancing to distance :   15
                          14
                          13
                          12
                          11
                          10
                           9
                           8
                           7
                           6
                           5
                           4
                           3
                           2
                           0

ff: found legal plan as follows

step    0: UNSTACK B003 B006
        1: STACK B003 B001
        2: UNSTACK B004 B002
        3: PUTDOWN B004
        4: UNSTACK B002 B005
        5: STACK B002 B003
        6: UNSTACK B005 B000
        7: PUTDOWN B005
        8: UNSTACK B000 B007
        9: PUTDOWN B000
       10: PICKUP B007
       11: STACK B007 B005
       12: PICKUP B006
       13: STACK B006 B007
       14: UNSTACK B002 B003
       15: PUTDOWN B002
       16: PICKUP B004
       17: STACK B004 B002
       18: UNSTACK B003 B001
       19: PUTDOWN B003
       20: PICKUP B001
       21: STACK B001 B000
       22: PICKUP B003
       23: STACK B003 B001
       24: UNSTACK B004 B002
       25: PUTDOWN B004
       26: PICKUP B002
       27: STACK B002 B003
       28: PICKUP B004
       29: STACK B004 B002
     

time spent:    0.00 seconds instantiating 144 easy, 0 hard action templates
               0.00 seconds reachability analysis, yielding 89 facts and 144 actions
               0.00 seconds creating final representation with 89 relevant facts
               0.00 seconds building connectivity graph
               0.01 seconds searching, evaluating 290 states, to a max depth of 2
               0.01 seconds total time

