
ff: parsing domain file
domain 'BLOCKS4' defined
 ... done.
ff: parsing problem file
problem 'PROBNAME' defined
 ... done.



Cueing down from goal distance:    4 into depth [1][2]
                                   3            [1][2]
                                   2            [1]
                                   1            [1]
                                   0            

Cueing down from goal distance:    2 into depth [1]
                                   1            [1]
                                   0            

Cueing down from goal distance:    3 into depth [1][2]
                                   2            [1]
                                   1            [1]
                                   0            

Cueing down from goal distance:    2 into depth [1]
                                   1            [1]
                                   0            

Cueing down from goal distance:    2 into depth [1]
                                   1            [1]
                                   0            

Cueing down from goal distance:    2 into depth [1]
                                   1            [1]
                                   0            

ff: found legal plan as follows

step    0: UNSTACK B002 B001
        1: STACK B002 B005
        2: UNSTACK B008 B007
        3: STACK B008 B004
        4: UNSTACK B001 B003
        5: STACK B001 B007
        6: UNSTACK B002 B005
        7: PUTDOWN B002
        8: UNSTACK B008 B004
        9: STACK B008 B005
       10: PICKUP B004
       11: STACK B004 B001
       12: UNSTACK B008 B005
       13: STACK B008 B002
       14: PICKUP B005
       15: STACK B005 B004
       16: UNSTACK B006 B000
       17: STACK B006 B005
     

time spent:    0.00 seconds instantiating 180 easy, 0 hard action templates
               0.00 seconds reachability analysis, yielding 109 facts and 180 actions
               0.00 seconds creating final representation with 109 relevant facts
               0.00 seconds building connectivity graph
               0.00 seconds searching, evaluating 33 states, to a max depth of 2
               0.00 seconds total time

