
ff: parsing domain file
domain 'BLOCKS4' defined
 ... done.
ff: parsing problem file
problem 'PROBNAME' defined
 ... done.



Cueing down from goal distance:    3 into depth [1][2]
                                   2            [1]
                                   1            [1]
                                   0            

Cueing down from goal distance:    6 into depth [1][2]
                                   5            [1]
                                   4            [1]
                                   3            [1][2]
                                   2            [1]
                                   1            [1]
                                   0            

Cueing down from goal distance:    6 into depth [1]
                                   5            [1]
                                   4            [1]

Enforced Hill-climbing failed !
switching to Best-first Search now.

advancing to distance :   14
                          13
                          12
                          11
                          10
                           9
                           8
                           7
                           6
                           5
                           4
                           3
                           2
                           0

ff: found legal plan as follows

step    0: UNSTACK B004 B005
        1: PUTDOWN B004
        2: PICKUP B000
        3: STACK B000 B004
        4: UNSTACK B001 B006
        5: STACK B001 B005
        6: UNSTACK B006 B003
        7: PUTDOWN B006
        8: UNSTACK B003 B002
        9: PUTDOWN B003
       10: PICKUP B002
       11: STACK B002 B006
       12: UNSTACK B001 B005
       13: STACK B001 B003
       14: PICKUP B005
       15: STACK B005 B002
       16: UNSTACK B001 B003
       17: STACK B001 B005
     

time spent:    0.00 seconds instantiating 112 easy, 0 hard action templates
               0.00 seconds reachability analysis, yielding 71 facts and 112 actions
               0.00 seconds creating final representation with 71 relevant facts
               0.00 seconds building connectivity graph
               0.00 seconds searching, evaluating 92 states, to a max depth of 2
               0.00 seconds total time

