
ff: parsing domain file
domain 'BLOCKS4' defined
 ... done.
ff: parsing problem file
problem 'PROBNAME' defined
 ... done.



Cueing down from goal distance:    4 into depth [1]

Enforced Hill-climbing failed !
switching to Best-first Search now.

advancing to distance :   16
                          15
                          14
                          13
                          12
                          11
                          10
                           9
                           8
                           7
                           6
                           5
                           4
                           2
                           0

ff: found legal plan as follows

step    0: UNSTACK B004 B000
        1: PUTDOWN B004
        2: UNSTACK B000 B008
        3: PUTDOWN B000
        4: UNSTACK B008 B003
        5: PUTDOWN B008
        6: UNSTACK B006 B001
        7: STACK B006 B008
        8: UNSTACK B001 B005
        9: STACK B001 B003
       10: UNSTACK B005 B007
       11: PUTDOWN B005
       12: UNSTACK B007 B002
       13: STACK B007 B006
       14: UNSTACK B001 B003
       15: STACK B001 B002
       16: PICKUP B000
       17: STACK B000 B007
       18: PICKUP B003
       19: STACK B003 B005
     

time spent:    0.00 seconds instantiating 180 easy, 0 hard action templates
               0.00 seconds reachability analysis, yielding 109 facts and 180 actions
               0.00 seconds creating final representation with 109 relevant facts
               0.00 seconds building connectivity graph
               0.00 seconds searching, evaluating 121 states, to a max depth of 1
               0.00 seconds total time

