
ff: parsing domain file
domain 'BLOCKS4' defined
 ... done.
ff: parsing problem file
problem 'PROBNAME' defined
 ... done.



Cueing down from goal distance:    2 into depth [1]
                                   1            [1]
                                   0            

Cueing down from goal distance:    6 into depth [1]

Enforced Hill-climbing failed !
switching to Best-first Search now.

advancing to distance :   12
                          11
                          10
                           8
                           7
                           6
                           4
                           3
                           2
                           1
                           0

ff: found legal plan as follows

step    0: UNSTACK B006 B005
        1: PUTDOWN B006
        2: UNSTACK B000 B001
        3: STACK B000 B005
        4: UNSTACK B001 B007
        5: PUTDOWN B001
        6: UNSTACK B004 B003
        7: STACK B004 B007
        8: UNSTACK B003 B002
        9: STACK B003 B006
       10: UNSTACK B004 B007
       11: PUTDOWN B004
       12: PICKUP B002
       13: STACK B002 B007
       14: PICKUP B004
       15: STACK B004 B002
     

time spent:    0.00 seconds instantiating 144 easy, 0 hard action templates
               0.00 seconds reachability analysis, yielding 89 facts and 144 actions
               0.00 seconds creating final representation with 89 relevant facts
               0.00 seconds building connectivity graph
               0.00 seconds searching, evaluating 101 states, to a max depth of 1
               0.00 seconds total time

