
ff: parsing domain file
domain 'BLOCKS4' defined
 ... done.
ff: parsing problem file
problem 'PROBNAME' defined
 ... done.



Cueing down from goal distance:    4 into depth [1][2]
                                   3            [1][2]
                                   2            [1]
                                   1            [1]
                                   0            

Cueing down from goal distance:    3 into depth [1][2]
                                   2            [1]
                                   1            [1]
                                   0            

Cueing down from goal distance:    4 into depth [1]

Enforced Hill-climbing failed !
switching to Best-first Search now.

advancing to distance :   14
                          13
                          12
                          11
                          10
                           9
                           8
                           6
                           5
                           4
                           3
                           2
                           1
                           0

ff: found legal plan as follows

step    0: UNSTACK B002 B005
        1: PUTDOWN B002
        2: UNSTACK B005 B006
        3: STACK B005 B003
        4: UNSTACK B001 B007
        5: STACK B001 B005
        6: UNSTACK B007 B000
        7: PUTDOWN B007
        8: UNSTACK B000 B004
        9: STACK B000 B002
       10: UNSTACK B001 B005
       11: STACK B001 B000
       12: PICKUP B004
       13: STACK B004 B001
       14: UNSTACK B005 B003
       15: STACK B005 B004
       16: PICKUP B003
       17: STACK B003 B006
       18: UNSTACK B005 B004
       19: STACK B005 B003
       20: UNSTACK B004 B001
       21: STACK B004 B007
       22: UNSTACK B001 B000
       23: STACK B001 B005
       24: UNSTACK B004 B007
       25: STACK B004 B001
     

time spent:    0.00 seconds instantiating 180 easy, 0 hard action templates
               0.00 seconds reachability analysis, yielding 109 facts and 180 actions
               0.00 seconds creating final representation with 109 relevant facts
               0.00 seconds building connectivity graph
               0.01 seconds searching, evaluating 432 states, to a max depth of 2
               0.01 seconds total time

