
ff: parsing domain file
domain 'BLOCKS4' defined
 ... done.
ff: parsing problem file
problem 'PROBNAME' defined
 ... done.



Cueing down from goal distance:    5 into depth [1]
                                   4            [1]
                                   3            [1][2]
                                   2            [1]
                                   1            [1]
                                   0            

Cueing down from goal distance:    4 into depth [1]
                                   3            [1]
                                   2            [1]
                                   1            [1]
                                   0            

Cueing down from goal distance:    2 into depth [1]
                                   1            [1]
                                   0            

ff: found legal plan as follows

step    0: UNSTACK B003 B005
        1: STACK B003 B000
        2: UNSTACK B002 B004
        3: STACK B002 B005
        4: UNSTACK B004 B001
        5: PUTDOWN B004
        6: UNSTACK B002 B005
        7: STACK B002 B004
        8: PICKUP B001
        9: STACK B001 B003
       10: PICKUP B005
       11: STACK B005 B001
     

time spent:    0.00 seconds instantiating 84 easy, 0 hard action templates
               0.00 seconds reachability analysis, yielding 55 facts and 84 actions
               0.00 seconds creating final representation with 55 relevant facts
               0.00 seconds building connectivity graph
               0.00 seconds searching, evaluating 25 states, to a max depth of 2
               0.00 seconds total time

