
ff: parsing domain file
domain 'BLOCKS4' defined
 ... done.
ff: parsing problem file
problem 'PROBNAME' defined
 ... done.



Cueing down from goal distance:    7 into depth [1]
                                   6            [1]
                                   5            [1][2]
                                   4            [1]

Enforced Hill-climbing failed !
switching to Best-first Search now.

advancing to distance :   13
                          12
                          11
                          10
                           9
                           8
                           7
                           6
                           5
                           4
                           3
                           2
                           0

ff: found legal plan as follows

step    0: UNSTACK B006 B004
        1: PUTDOWN B006
        2: UNSTACK B002 B005
        3: PUTDOWN B002
        4: UNSTACK B005 B000
        5: STACK B005 B006
        6: UNSTACK B000 B001
        7: PUTDOWN B000
        8: UNSTACK B001 B003
        9: PUTDOWN B001
       10: PICKUP B003
       11: STACK B003 B001
       12: PICKUP B004
       13: STACK B004 B003
       14: PICKUP B002
       15: STACK B002 B005
     

time spent:    0.00 seconds instantiating 112 easy, 0 hard action templates
               0.00 seconds reachability analysis, yielding 71 facts and 112 actions
               0.00 seconds creating final representation with 71 relevant facts
               0.00 seconds building connectivity graph
               0.00 seconds searching, evaluating 72 states, to a max depth of 2
               0.00 seconds total time

