
ff: parsing domain file
domain 'BLOCKS4' defined
 ... done.
ff: parsing problem file
problem 'PROBNAME' defined
 ... done.



Cueing down from goal distance:    4 into depth [1][2]
                                   3            [1][2]
                                   2            [1]
                                   1            [1]
                                   0            

Cueing down from goal distance:    3 into depth [1][2]
                                   2            [1]
                                   1            [1]
                                   0            

Cueing down from goal distance:    4 into depth [1][2]
                                   3            [1][2]
                                   2            [1]
                                   1            [1]
                                   0            

Cueing down from goal distance:    3 into depth [1][2]
                                   2            [1]
                                   1            [1]
                                   0            

Cueing down from goal distance:    3 into depth [1][2]
                                   2            [1]
                                   1            [1]
                                   0            

Cueing down from goal distance:    3 into depth [1][2]
                                   2            [1]
                                   1            [1]
                                   0            

Cueing down from goal distance:    3 into depth [1]

Enforced Hill-climbing failed !
switching to Best-first Search now.

advancing to distance :   15
                          14
                          13
                          12
                          11
                          10
                           9
                           8
                           6
                           5
                           4
                           3
                           2
                           0

ff: found legal plan as follows

step    0: UNSTACK B008 B006
        1: PUTDOWN B008
        2: UNSTACK B006 B004
        3: STACK B006 B009
        4: PICKUP B007
        5: STACK B007 B006
        6: UNSTACK B002 B003
        7: STACK B002 B000
        8: PICKUP B004
        9: STACK B004 B007
       10: UNSTACK B002 B000
       11: STACK B002 B004
       12: PICKUP B005
       13: STACK B005 B002
       14: UNSTACK B000 B001
       15: PUTDOWN B000
       16: PICKUP B001
       17: STACK B001 B003
       18: PICKUP B000
       19: STACK B000 B001
       20: UNSTACK B005 B002
       21: STACK B005 B008
       22: UNSTACK B002 B004
       23: STACK B002 B000
       24: UNSTACK B005 B008
       25: STACK B005 B002
     

time spent:    0.00 seconds instantiating 220 easy, 0 hard action templates
               0.00 seconds reachability analysis, yielding 131 facts and 220 actions
               0.00 seconds creating final representation with 131 relevant facts
               0.00 seconds building connectivity graph
               0.01 seconds searching, evaluating 308 states, to a max depth of 2
               0.01 seconds total time

