
ff: parsing domain file
domain 'BLOCKS4' defined
 ... done.
ff: parsing problem file
problem 'PROBNAME' defined
 ... done.



Cueing down from goal distance:    5 into depth [1]
                                   4            [1]
                                   3            [1][2]
                                   2            [1]
                                   1            [1]
                                   0            

Cueing down from goal distance:    8 into depth [1]
                                   7            [1]
                                   6            [1][2][3]
                                   5            [1]
                                   4            [1][2][3]

Enforced Hill-climbing failed !
switching to Best-first Search now.

advancing to distance :   18
                          17
                          16
                          15
                          14
                          13
                          12
                          11
                          10
                           9
                           8
                           6
                           5
                           4
                           2
                           1
                           0

ff: found legal plan as follows

step    0: UNSTACK B009 B004
        1: PUTDOWN B009
        2: PICKUP B004
        3: STACK B004 B009
        4: UNSTACK B006 B000
        5: PUTDOWN B006
        6: UNSTACK B000 B003
        7: PUTDOWN B000
        8: UNSTACK B003 B005
        9: PUTDOWN B003
       10: UNSTACK B008 B007
       11: STACK B008 B000
       12: UNSTACK B005 B002
       13: STACK B005 B004
       14: PICKUP B006
       15: STACK B006 B002
       16: UNSTACK B007 B001
       17: STACK B007 B008
       18: PICKUP B001
       19: STACK B001 B006
     

time spent:    0.00 seconds instantiating 220 easy, 0 hard action templates
               0.00 seconds reachability analysis, yielding 131 facts and 220 actions
               0.00 seconds creating final representation with 131 relevant facts
               0.00 seconds building connectivity graph
               0.00 seconds searching, evaluating 126 states, to a max depth of 3
               0.00 seconds total time

