
ff: parsing domain file
domain 'BLOCKS4' defined
 ... done.
ff: parsing problem file
problem 'PROBNAME' defined
 ... done.



Cueing down from goal distance:    2 into depth [1]
                                   1            [1]
                                   0            

Cueing down from goal distance:    2 into depth [1]
                                   1            [1]
                                   0            

Cueing down from goal distance:    3 into depth [1]

Enforced Hill-climbing failed !
switching to Best-first Search now.

advancing to distance :   12
                          11
                          10
                           9
                           8
                           7
                           6
                           4
                           2
                           1
                           0

ff: found legal plan as follows

step    0: UNSTACK B005 B009
        1: PUTDOWN B005
        2: UNSTACK B003 B000
        3: PUTDOWN B003
        4: UNSTACK B000 B008
        5: STACK B000 B003
        6: PICKUP B004
        7: STACK B004 B006
        8: UNSTACK B008 B002
        9: PUTDOWN B008
       10: UNSTACK B002 B001
       11: STACK B002 B000
       12: PICKUP B008
       13: STACK B008 B001
     

time spent:    0.00 seconds instantiating 220 easy, 0 hard action templates
               0.00 seconds reachability analysis, yielding 131 facts and 220 actions
               0.00 seconds creating final representation with 131 relevant facts
               0.00 seconds building connectivity graph
               0.00 seconds searching, evaluating 100 states, to a max depth of 1
               0.00 seconds total time

