
ff: parsing domain file
domain 'BLOCKS4' defined
 ... done.
ff: parsing problem file
problem 'PROBNAME' defined
 ... done.



Cueing down from goal distance:    5 into depth [1]
                                   4            [1]
                                   3            [1][2]
                                   2            [1]
                                   1            [1]
                                   0            

Cueing down from goal distance:    5 into depth [1][2]
                                   4            [1]
                                   3            [1]
                                   2            [1]
                                   1            [1]
                                   0            

Cueing down from goal distance:    2 into depth [1]
                                   1            [1]
                                   0            

ff: found legal plan as follows

step    0: UNSTACK B000 B004
        1: PUTDOWN B000
        2: UNSTACK B001 B002
        3: STACK B001 B000
        4: PICKUP B004
        5: STACK B004 B002
        6: UNSTACK B001 B000
        7: PUTDOWN B001
        8: UNSTACK B005 B003
        9: STACK B005 B000
       10: PICKUP B003
       11: STACK B003 B004
       12: PICKUP B001
       13: STACK B001 B003
     

time spent:    0.00 seconds instantiating 84 easy, 0 hard action templates
               0.00 seconds reachability analysis, yielding 55 facts and 84 actions
               0.00 seconds creating final representation with 55 relevant facts
               0.00 seconds building connectivity graph
               0.00 seconds searching, evaluating 32 states, to a max depth of 2
               0.00 seconds total time

