
ff: parsing domain file
domain 'BLOCKS4' defined
 ... done.
ff: parsing problem file
problem 'PROBNAME' defined
 ... done.



Cueing down from goal distance:    2 into depth [1]
                                   1            [1]
                                   0            

Cueing down from goal distance:    5 into depth [1]

Enforced Hill-climbing failed !
switching to Best-first Search now.

advancing to distance :   17
                          16
                          15
                          14
                          13
                          12
                          10
                           9
                           8
                           7
                           6
                           5
                           4
                           3
                           2
                           0

ff: found legal plan as follows

step    0: UNSTACK B006 B009
        1: PUTDOWN B006
        2: UNSTACK B004 B002
        3: PUTDOWN B004
        4: UNSTACK B005 B000
        5: STACK B005 B002
        6: PICKUP B008
        7: STACK B008 B006
        8: UNSTACK B000 B007
        9: PUTDOWN B000
       10: UNSTACK B007 B003
       11: PUTDOWN B007
       12: UNSTACK B003 B001
       13: STACK B003 B004
       14: PICKUP B007
       15: STACK B007 B003
       16: PICKUP B001
       17: STACK B001 B009
       18: PICKUP B000
       19: STACK B000 B001
       20: UNSTACK B005 B002
       21: PUTDOWN B005
       22: PICKUP B002
       23: STACK B002 B007
       24: PICKUP B005
       25: STACK B005 B002
     

time spent:    0.00 seconds instantiating 220 easy, 0 hard action templates
               0.00 seconds reachability analysis, yielding 131 facts and 220 actions
               0.00 seconds creating final representation with 131 relevant facts
               0.00 seconds building connectivity graph
               0.01 seconds searching, evaluating 250 states, to a max depth of 1
               0.01 seconds total time

