
ff: parsing domain file
domain 'BLOCKS4' defined
 ... done.
ff: parsing problem file
problem 'PROBNAME' defined
 ... done.



Cueing down from goal distance:    3 into depth [1][2]
                                   2            [1]
                                   1            [1]
                                   0            

Cueing down from goal distance:    3 into depth [1][2]
                                   2            [1]
                                   1            [1]
                                   0            

Cueing down from goal distance:    3 into depth [1][2]
                                   2            [1]
                                   1            [1]
                                   0            

Cueing down from goal distance:    3 into depth [1]

Enforced Hill-climbing failed !
switching to Best-first Search now.

advancing to distance :   10
                           9
                           8
                           7
                           6
                           5
                           3
                           2
                           0

ff: found legal plan as follows

step    0: UNSTACK B001 B004
        1: PUTDOWN B001
        2: UNSTACK B004 B005
        3: PUTDOWN B004
        4: UNSTACK B002 B003
        5: STACK B002 B004
        6: UNSTACK B005 B000
        7: STACK B005 B001
        8: PICKUP B003
        9: STACK B003 B002
       10: UNSTACK B005 B001
       11: PUTDOWN B005
       12: PICKUP B001
       13: STACK B001 B000
       14: PICKUP B005
       15: STACK B005 B001
     

time spent:    0.00 seconds instantiating 144 easy, 0 hard action templates
               0.00 seconds reachability analysis, yielding 89 facts and 144 actions
               0.00 seconds creating final representation with 89 relevant facts
               0.00 seconds building connectivity graph
               0.00 seconds searching, evaluating 92 states, to a max depth of 2
               0.00 seconds total time

