
ff: parsing domain file
domain 'BLOCKS4' defined
 ... done.
ff: parsing problem file
problem 'PROBNAME' defined
 ... done.



Cueing down from goal distance:    3 into depth [1][2]
                                   2            [1]
                                   1            [1]
                                   0            

Cueing down from goal distance:    2 into depth [1]
                                   1            [1]
                                   0            

Cueing down from goal distance:    7 into depth [1][2][3]
                                   6            [1]
                                   5            [1][2][3]

Enforced Hill-climbing failed !
switching to Best-first Search now.

advancing to distance :   14
                          13
                          12
                          11
                          10
                           9
                           7
                           6
                           5
                           4
                           2
                           0

ff: found legal plan as follows

step    0: UNSTACK B008 B007
        1: PUTDOWN B008
        2: UNSTACK B007 B006
        3: PUTDOWN B007
        4: UNSTACK B009 B002
        5: STACK B009 B005
        6: UNSTACK B002 B004
        7: STACK B002 B008
        8: UNSTACK B004 B000
        9: PUTDOWN B004
       10: UNSTACK B009 B005
       11: STACK B009 B004
       12: UNSTACK B005 B003
       13: STACK B005 B000
       14: UNSTACK B003 B001
       15: STACK B003 B007
       16: UNSTACK B009 B004
       17: STACK B009 B005
       18: PICKUP B004
       19: STACK B004 B003
     

time spent:    0.00 seconds instantiating 220 easy, 0 hard action templates
               0.00 seconds reachability analysis, yielding 131 facts and 220 actions
               0.00 seconds creating final representation with 131 relevant facts
               0.00 seconds building connectivity graph
               0.01 seconds searching, evaluating 234 states, to a max depth of 3
               0.01 seconds total time

