
ff: parsing domain file
domain 'BLOCKS4' defined
 ... done.
ff: parsing problem file
problem 'PROBNAME' defined
 ... done.



Cueing down from goal distance:    2 into depth [1]
                                   1            [1]
                                   0            

Cueing down from goal distance:    7 into depth [1]
                                   6            [1]
                                   5            [1][2]
                                   4            [1]

Enforced Hill-climbing failed !
switching to Best-first Search now.

advancing to distance :   20
                          19
                          18
                          17
                          16
                          15
                          14
                          12
                          11
                          10
                           9
                           7
                           6
                           5
                           4
                           3
                           2
                           0

ff: found legal plan as follows

step    0: UNSTACK B009 B004
        1: PUTDOWN B009
        2: UNSTACK B002 B000
        3: PUTDOWN B002
        4: UNSTACK B000 B007
        5: PUTDOWN B000
        6: UNSTACK B007 B006
        7: STACK B007 B009
        8: UNSTACK B008 B005
        9: STACK B008 B007
       10: UNSTACK B005 B003
       11: PUTDOWN B005
       12: PICKUP B003
       13: STACK B003 B000
       14: UNSTACK B006 B001
       15: STACK B006 B005
       16: PICKUP B001
       17: STACK B001 B002
       18: UNSTACK B003 B000
       19: STACK B003 B008
       20: PICKUP B000
       21: STACK B000 B001
       22: UNSTACK B003 B008
       23: STACK B003 B000
       24: PICKUP B004
       25: STACK B004 B003
     

time spent:    0.00 seconds instantiating 220 easy, 0 hard action templates
               0.00 seconds reachability analysis, yielding 131 facts and 220 actions
               0.00 seconds creating final representation with 131 relevant facts
               0.00 seconds building connectivity graph
               0.01 seconds searching, evaluating 192 states, to a max depth of 2
               0.01 seconds total time

