
ff: parsing domain file
domain 'BLOCKS4' defined
 ... done.
ff: parsing problem file
problem 'PROBNAME' defined
 ... done.



Cueing down from goal distance:    2 into depth [1]
                                   1            [1]
                                   0            

Cueing down from goal distance:    6 into depth [1]

Enforced Hill-climbing failed !
switching to Best-first Search now.

advancing to distance :   11
                          10
                           9
                           8
                           7
                           6
                           5
                           4
                           3
                           2
                           0

ff: found legal plan as follows

step    0: UNSTACK B005 B006
        1: STACK B005 B003
        2: UNSTACK B002 B000
        3: STACK B002 B005
        4: UNSTACK B000 B001
        5: PUTDOWN B000
        6: UNSTACK B001 B004
        7: STACK B001 B002
        8: PICKUP B004
        9: STACK B004 B006
       10: PICKUP B007
       11: STACK B007 B004
       12: PICKUP B000
       13: STACK B000 B001
     

time spent:    0.00 seconds instantiating 144 easy, 0 hard action templates
               0.00 seconds reachability analysis, yielding 89 facts and 144 actions
               0.00 seconds creating final representation with 89 relevant facts
               0.00 seconds building connectivity graph
               0.00 seconds searching, evaluating 84 states, to a max depth of 1
               0.00 seconds total time

