
ff: parsing domain file
domain 'BLOCKS4' defined
 ... done.
ff: parsing problem file
problem 'PROBNAME' defined
 ... done.



Cueing down from goal distance:    2 into depth [1]
                                   1            [1]
                                   0            

Cueing down from goal distance:    2 into depth [1]
                                   1            [1]
                                   0            

Cueing down from goal distance:    4 into depth [1][2][3]

Enforced Hill-climbing failed !
switching to Best-first Search now.

advancing to distance :   12
                          11
                          10
                           9
                           8
                           7
                           6
                           5
                           4
                           3
                           2
                           0

ff: found legal plan as follows

step    0: UNSTACK B003 B000
        1: PUTDOWN B003
        2: UNSTACK B000 B005
        3: PUTDOWN B000
        4: UNSTACK B004 B001
        5: STACK B004 B003
        6: UNSTACK B005 B002
        7: PUTDOWN B005
        8: UNSTACK B001 B007
        9: STACK B001 B002
       10: PICKUP B007
       11: STACK B007 B004
       12: PICKUP B005
       13: STACK B005 B001
     

time spent:    0.00 seconds instantiating 144 easy, 0 hard action templates
               0.00 seconds reachability analysis, yielding 89 facts and 144 actions
               0.00 seconds creating final representation with 89 relevant facts
               0.00 seconds building connectivity graph
               0.00 seconds searching, evaluating 72 states, to a max depth of 3
               0.00 seconds total time

