
ff: parsing domain file
domain 'BLOCKS4' defined
 ... done.
ff: parsing problem file
problem 'PROBNAME' defined
 ... done.



Cueing down from goal distance:    2 into depth [1]
                                   1            [1]
                                   0            

Cueing down from goal distance:    2 into depth [1]
                                   1            [1]
                                   0            

Cueing down from goal distance:    3 into depth [1]

Enforced Hill-climbing failed !
switching to Best-first Search now.

advancing to distance :   10
                           9
                           8
                           7
                           6
                           4
                           2
                           1
                           0

ff: found legal plan as follows

step    0: UNSTACK B005 B001
        1: PUTDOWN B005
        2: PICKUP B001
        3: STACK B001 B002
        4: PICKUP B007
        5: STACK B007 B001
        6: UNSTACK B000 B003
        7: PUTDOWN B000
        8: UNSTACK B003 B006
        9: STACK B003 B005
       10: PICKUP B000
       11: STACK B000 B006
     

time spent:    0.00 seconds instantiating 144 easy, 0 hard action templates
               0.00 seconds reachability analysis, yielding 89 facts and 144 actions
               0.00 seconds creating final representation with 89 relevant facts
               0.00 seconds building connectivity graph
               0.00 seconds searching, evaluating 58 states, to a max depth of 1
               0.00 seconds total time

