
ff: parsing domain file
domain 'BLOCKS4' defined
 ... done.
ff: parsing problem file
problem 'PROBNAME' defined
 ... done.



Cueing down from goal distance:    5 into depth [1]
                                   4            [1]
                                   3            [1][2]
                                   2            [1]
                                   1            [1]
                                   0            

Cueing down from goal distance:    3 into depth [1][2]
                                   2            [1]
                                   1            [1]
                                   0            

Cueing down from goal distance:    4 into depth [1]
                                   3            [1]
                                   2            [1]
                                   1            [1]
                                   0            

Cueing down from goal distance:    2 into depth [1]
                                   1            [1]
                                   0            

Cueing down from goal distance:    2 into depth [1]
                                   1            [1]
                                   0            

ff: found legal plan as follows

step    0: UNSTACK B008 B004
        1: PUTDOWN B008
        2: UNSTACK B005 B007
        3: STACK B005 B000
        4: PICKUP B006
        5: STACK B006 B007
        6: UNSTACK B005 B000
        7: STACK B005 B008
        8: UNSTACK B004 B001
        9: STACK B004 B000
       10: UNSTACK B005 B008
       11: STACK B005 B006
       12: PICKUP B003
       13: STACK B003 B008
       14: PICKUP B001
       15: STACK B001 B004
       16: PICKUP B002
       17: STACK B002 B005
     

time spent:    0.00 seconds instantiating 180 easy, 0 hard action templates
               0.00 seconds reachability analysis, yielding 109 facts and 180 actions
               0.00 seconds creating final representation with 109 relevant facts
               0.00 seconds building connectivity graph
               0.00 seconds searching, evaluating 53 states, to a max depth of 2
               0.00 seconds total time

