
ff: parsing domain file
domain 'BLOCKS4' defined
 ... done.
ff: parsing problem file
problem 'PROBNAME' defined
 ... done.



Cueing down from goal distance:    4 into depth [1]
                                   3            [1]
                                   2            [1]
                                   1            [1]
                                   0            

Cueing down from goal distance:    6 into depth [1][2]
                                   5            [1]
                                   4            [1]
                                   3            [1][2]
                                   2            [1]
                                   1            [1]
                                   0            

Cueing down from goal distance:    5 into depth [1]
                                   4            [1]
                                   3            [1][2]
                                   2            [1]
                                   1            [1]
                                   0            

Cueing down from goal distance:    2 into depth [1][2]
                                   0            

ff: found legal plan as follows

step    0: UNSTACK B004 B003
        1: PUTDOWN B004
        2: UNSTACK B003 B002
        3: PUTDOWN B003
        4: UNSTACK B007 B005
        5: PUTDOWN B007
        6: UNSTACK B005 B006
        7: STACK B005 B004
        8: UNSTACK B001 B000
        9: STACK B001 B005
       10: PICKUP B000
       11: STACK B000 B003
       12: PICKUP B006
       13: STACK B006 B000
       14: UNSTACK B001 B005
       15: STACK B001 B007
       16: PICKUP B002
       17: STACK B002 B005
       18: UNSTACK B001 B007
       19: PUTDOWN B001
     

time spent:    0.00 seconds instantiating 144 easy, 0 hard action templates
               0.00 seconds reachability analysis, yielding 89 facts and 144 actions
               0.00 seconds creating final representation with 89 relevant facts
               0.00 seconds building connectivity graph
               0.00 seconds searching, evaluating 44 states, to a max depth of 2
               0.00 seconds total time

