
ff: parsing domain file
domain 'BLOCKS4' defined
 ... done.
ff: parsing problem file
problem 'PROBNAME' defined
 ... done.



Cueing down from goal distance:    3 into depth [1][2]
                                   2            [1]
                                   1            [1]
                                   0            

Cueing down from goal distance:    2 into depth [1]
                                   1            [1]
                                   0            

Cueing down from goal distance:    2 into depth [1]
                                   1            [1]
                                   0            

Cueing down from goal distance:    5 into depth [1][2]
                                   4            [1]

Enforced Hill-climbing failed !
switching to Best-first Search now.

advancing to distance :   14
                          13
                          12
                          11
                          10
                           9
                           7
                           5
                           4
                           3
                           2
                           0

ff: found legal plan as follows

step    0: UNSTACK B003 B000
        1: PUTDOWN B003
        2: PICKUP B002
        3: STACK B002 B008
        4: PICKUP B000
        5: STACK B000 B002
        6: UNSTACK B001 B006
        7: STACK B001 B000
        8: UNSTACK B007 B004
        9: STACK B007 B006
       10: PICKUP B005
       11: STACK B005 B003
       12: UNSTACK B001 B000
       13: PUTDOWN B001
       14: UNSTACK B000 B002
       15: STACK B000 B007
       16: PICKUP B001
       17: STACK B001 B000
       18: UNSTACK B002 B008
       19: STACK B002 B001
       20: PICKUP B008
       21: STACK B008 B004
       22: UNSTACK B002 B001
       23: STACK B002 B008
       24: UNSTACK B001 B000
       25: PUTDOWN B001
       26: UNSTACK B000 B007
       27: STACK B000 B002
       28: PICKUP B001
       29: STACK B001 B000
     

time spent:    0.00 seconds instantiating 180 easy, 0 hard action templates
               0.00 seconds reachability analysis, yielding 109 facts and 180 actions
               0.00 seconds creating final representation with 109 relevant facts
               0.00 seconds building connectivity graph
               0.01 seconds searching, evaluating 377 states, to a max depth of 2
               0.01 seconds total time

