
ff: parsing domain file
domain 'BLOCKS4' defined
 ... done.
ff: parsing problem file
problem 'PROBNAME' defined
 ... done.



Cueing down from goal distance:    7 into depth [1][2]
                                   6            [1]
                                   5            [1]
                                   4            [1][2]
                                   3            [1][2]
                                   2            [1]
                                   1            [1]
                                   0            

Cueing down from goal distance:    6 into depth [1][2]
                                   5            [1]
                                   4            [1]
                                   3            [1]

Enforced Hill-climbing failed !
switching to Best-first Search now.

advancing to distance :   14
                          13
                          12
                          11
                          10
                           9
                           8
                           7
                           6
                           5
                           4
                           3
                           2
                           0

ff: found legal plan as follows

step    0: UNSTACK B005 B006
        1: STACK B005 B007
        2: UNSTACK B006 B004
        3: PUTDOWN B006
        4: UNSTACK B004 B000
        5: STACK B004 B006
        6: UNSTACK B001 B003
        7: STACK B001 B005
        8: PICKUP B003
        9: STACK B003 B000
       10: PICKUP B002
       11: STACK B002 B004
       12: UNSTACK B001 B005
       13: PUTDOWN B001
       14: UNSTACK B005 B007
       15: PUTDOWN B005
       16: PICKUP B007
       17: STACK B007 B003
       18: PICKUP B005
       19: STACK B005 B007
       20: PICKUP B001
       21: STACK B001 B005
     

time spent:    0.00 seconds instantiating 144 easy, 0 hard action templates
               0.00 seconds reachability analysis, yielding 89 facts and 144 actions
               0.00 seconds creating final representation with 89 relevant facts
               0.00 seconds building connectivity graph
               0.00 seconds searching, evaluating 152 states, to a max depth of 2
               0.00 seconds total time

