
ff: parsing domain file
domain 'BLOCKS4' defined
 ... done.
ff: parsing problem file
problem 'PROBNAME' defined
 ... done.



Cueing down from goal distance:    3 into depth [1][2]
                                   2            [1]
                                   1            [1]
                                   0            

Cueing down from goal distance:    4 into depth [1]

Enforced Hill-climbing failed !
switching to Best-first Search now.

advancing to distance :   16
                          15
                          14
                          13
                          12
                          11
                          10
                           9
                           8
                           7
                           6
                           5
                           3
                           2
                           1
                           0

ff: found legal plan as follows

step    0: UNSTACK B008 B005
        1: PUTDOWN B008
        2: UNSTACK B002 B001
        3: STACK B002 B005
        4: UNSTACK B001 B004
        5: PUTDOWN B001
        6: PICKUP B008
        7: STACK B008 B004
        8: UNSTACK B002 B005
        9: PUTDOWN B002
       10: UNSTACK B005 B006
       11: STACK B005 B001
       12: PICKUP B002
       13: STACK B002 B005
       14: UNSTACK B006 B000
       15: PUTDOWN B006
       16: UNSTACK B003 B007
       17: STACK B003 B000
       18: PICKUP B006
       19: STACK B006 B003
       20: PICKUP B007
       21: STACK B007 B006
       22: UNSTACK B008 B004
       23: PUTDOWN B008
       24: PICKUP B004
       25: STACK B004 B002
       26: PICKUP B008
       27: STACK B008 B004
     

time spent:    0.00 seconds instantiating 180 easy, 0 hard action templates
               0.00 seconds reachability analysis, yielding 109 facts and 180 actions
               0.00 seconds creating final representation with 109 relevant facts
               0.00 seconds building connectivity graph
               0.02 seconds searching, evaluating 662 states, to a max depth of 2
               0.02 seconds total time

