
ff: parsing domain file
domain 'BLOCKS4' defined
 ... done.
ff: parsing problem file
problem 'PROBNAME' defined
 ... done.



Cueing down from goal distance:    2 into depth [1]
                                   1            [1]
                                   0            

Cueing down from goal distance:    3 into depth [1][2]
                                   2            [1]
                                   1            [1]
                                   0            

Cueing down from goal distance:    3 into depth [1][2]
                                   2            [1]
                                   1            [1]
                                   0            

Cueing down from goal distance:    5 into depth [1]

Enforced Hill-climbing failed !
switching to Best-first Search now.

advancing to distance :   12
                          11
                          10
                           9
                           8
                           6
                           5
                           4
                           3
                           2
                           0

ff: found legal plan as follows

step    0: UNSTACK B000 B003
        1: PUTDOWN B000
        2: PICKUP B001
        3: STACK B001 B000
        4: UNSTACK B003 B004
        5: STACK B003 B001
        6: UNSTACK B002 B005
        7: STACK B002 B004
        8: UNSTACK B005 B006
        9: PUTDOWN B005
       10: UNSTACK B002 B004
       11: STACK B002 B006
       12: UNSTACK B004 B007
       13: STACK B004 B005
     

time spent:    0.00 seconds instantiating 144 easy, 0 hard action templates
               0.00 seconds reachability analysis, yielding 89 facts and 144 actions
               0.00 seconds creating final representation with 89 relevant facts
               0.00 seconds building connectivity graph
               0.00 seconds searching, evaluating 67 states, to a max depth of 2
               0.00 seconds total time

