
ff: parsing domain file
domain 'BLOCKS4' defined
 ... done.
ff: parsing problem file
problem 'PROBNAME' defined
 ... done.



Cueing down from goal distance:    2 into depth [1]
                                   1            [1]
                                   0            

Cueing down from goal distance:    5 into depth [1]
                                   4            [1]
                                   3            [1][2]
                                   2            [1]
                                   1            [1]
                                   0            

Cueing down from goal distance:    2 into depth [1]
                                   1            [1]
                                   0            

Cueing down from goal distance:    5 into depth [1][2]
                                   4            [1]
                                   3            [1]
                                   2            [1]
                                   1            [1]
                                   0            

Cueing down from goal distance:    3 into depth [1][2]
                                   2            [1]
                                   1            [1]
                                   0            

Cueing down from goal distance:    5 into depth [1]
                                   4            [1]
                                   3            [1][2]
                                   2            [1]
                                   1            [1]
                                   0            

Cueing down from goal distance:    2 into depth [1]
                                   1            [1]
                                   0            

ff: found legal plan as follows

step    0: UNSTACK B005 B006
        1: PUTDOWN B005
        2: UNSTACK B002 B008
        3: PUTDOWN B002
        4: UNSTACK B008 B003
        5: STACK B008 B002
        6: PICKUP B003
        7: STACK B003 B005
        8: UNSTACK B008 B002
        9: PUTDOWN B008
       10: UNSTACK B004 B007
       11: STACK B004 B008
       12: UNSTACK B007 B000
       13: STACK B007 B003
       14: UNSTACK B000 B001
       15: STACK B000 B002
       16: UNSTACK B004 B008
       17: STACK B004 B007
       18: PICKUP B006
       19: STACK B006 B008
       20: PICKUP B001
       21: STACK B001 B000
       22: UNSTACK B004 B007
       23: STACK B004 B006
       24: PICKUP B009
       25: STACK B009 B007
       26: UNSTACK B004 B006
       27: STACK B004 B009
     

time spent:    0.00 seconds instantiating 220 easy, 0 hard action templates
               0.00 seconds reachability analysis, yielding 131 facts and 220 actions
               0.00 seconds creating final representation with 131 relevant facts
               0.00 seconds building connectivity graph
               0.00 seconds searching, evaluating 61 states, to a max depth of 2
               0.00 seconds total time

