
ff: parsing domain file
domain 'BLOCKS4' defined
 ... done.
ff: parsing problem file
problem 'PROBNAME' defined
 ... done.



Cueing down from goal distance:    3 into depth [1][2]
                                   2            [1]
                                   1            [1]
                                   0            

Cueing down from goal distance:    3 into depth [1][2]
                                   2            [1]
                                   1            [1]
                                   0            

Cueing down from goal distance:    3 into depth [1][2]
                                   2            [1]
                                   1            [1]
                                   0            

Cueing down from goal distance:    4 into depth [1][2]
                                   3            [1][2]
                                   2            [1]
                                   1            [1]
                                   0            

Cueing down from goal distance:    4 into depth [1]

Enforced Hill-climbing failed !
switching to Best-first Search now.

advancing to distance :   14
                          13
                          12
                          11
                          10
                           9
                           8
                           7
                           6
                           5
                           4
                           3
                           2
                           0

ff: found legal plan as follows

step    0: UNSTACK B008 B000
        1: PUTDOWN B008
        2: UNSTACK B003 B002
        3: STACK B003 B000
        4: UNSTACK B002 B004
        5: PUTDOWN B002
        6: UNSTACK B007 B005
        7: STACK B007 B004
        8: UNSTACK B005 B001
        9: PUTDOWN B005
       10: PICKUP B002
       11: STACK B002 B001
       12: UNSTACK B007 B004
       13: PUTDOWN B007
       14: PICKUP B004
       15: STACK B004 B005
       16: PICKUP B007
       17: STACK B007 B004
       18: UNSTACK B003 B000
       19: PUTDOWN B003
       20: PICKUP B000
       21: STACK B000 B002
       22: PICKUP B003
       23: STACK B003 B000
     

time spent:    0.00 seconds instantiating 180 easy, 0 hard action templates
               0.00 seconds reachability analysis, yielding 109 facts and 180 actions
               0.00 seconds creating final representation with 109 relevant facts
               0.00 seconds building connectivity graph
               0.00 seconds searching, evaluating 195 states, to a max depth of 2
               0.00 seconds total time

