
ff: parsing domain file
domain 'BLOCKS4' defined
 ... done.
ff: parsing problem file
problem 'PROBNAME' defined
 ... done.



Cueing down from goal distance:    3 into depth [1][2]
                                   2            [1]
                                   1            [1]
                                   0            

Cueing down from goal distance:    2 into depth [1]
                                   1            [1]
                                   0            

Cueing down from goal distance:    2 into depth [1]
                                   1            [1]
                                   0            

Cueing down from goal distance:    4 into depth [1][2]
                                   3            [1][2]
                                   2            [1]
                                   1            [1]
                                   0            

Cueing down from goal distance:    2 into depth [1]
                                   1            [1]
                                   0            

Cueing down from goal distance:    2 into depth [1]
                                   1            [1]
                                   0            

Cueing down from goal distance:    2 into depth [1]
                                   1            [1]
                                   0            

ff: found legal plan as follows

step    0: UNSTACK B001 B004
        1: STACK B001 B002
        2: UNSTACK B004 B006
        3: PUTDOWN B004
        4: UNSTACK B006 B003
        5: STACK B006 B004
        6: UNSTACK B003 B000
        7: PUTDOWN B003
        8: UNSTACK B001 B002
        9: PUTDOWN B001
       10: UNSTACK B002 B005
       11: STACK B002 B001
       12: PICKUP B005
       13: STACK B005 B006
       14: PICKUP B000
       15: STACK B000 B003
       16: UNSTACK B002 B001
       17: STACK B002 B005
       18: PICKUP B001
       19: STACK B001 B002
     

time spent:    0.00 seconds instantiating 112 easy, 0 hard action templates
               0.00 seconds reachability analysis, yielding 71 facts and 112 actions
               0.00 seconds creating final representation with 71 relevant facts
               0.00 seconds building connectivity graph
               0.00 seconds searching, evaluating 28 states, to a max depth of 2
               0.00 seconds total time

