
ff: parsing domain file
domain 'BLOCKS4' defined
 ... done.
ff: parsing problem file
problem 'PROBNAME' defined
 ... done.



Cueing down from goal distance:    2 into depth [1]
                                   1            [1]
                                   0            

Cueing down from goal distance:    5 into depth [1]

Enforced Hill-climbing failed !
switching to Best-first Search now.

advancing to distance :   13
                          12
                          11
                          10
                           9
                           8
                           7
                           6
                           4
                           3
                           2
                           0

ff: found legal plan as follows

step    0: UNSTACK B004 B005
        1: PUTDOWN B004
        2: PICKUP B005
        3: STACK B005 B003
        4: UNSTACK B000 B006
        5: STACK B000 B005
        6: UNSTACK B006 B002
        7: PUTDOWN B006
        8: UNSTACK B002 B001
        9: PUTDOWN B002
       10: PICKUP B001
       11: STACK B001 B004
       12: PICKUP B006
       13: STACK B006 B002
       14: UNSTACK B000 B005
       15: PUTDOWN B000
       16: UNSTACK B005 B003
       17: STACK B005 B000
       18: PICKUP B003
       19: STACK B003 B001
       20: UNSTACK B005 B000
       21: STACK B005 B003
       22: PICKUP B000
       23: STACK B000 B005
     

time spent:    0.00 seconds instantiating 112 easy, 0 hard action templates
               0.00 seconds reachability analysis, yielding 71 facts and 112 actions
               0.00 seconds creating final representation with 71 relevant facts
               0.00 seconds building connectivity graph
               0.00 seconds searching, evaluating 130 states, to a max depth of 1
               0.00 seconds total time

