
ff: parsing domain file
domain 'BLOCKS4' defined
 ... done.
ff: parsing problem file
problem 'PROBNAME' defined
 ... done.



Cueing down from goal distance:    2 into depth [1]
                                   1            [1]
                                   0            

Cueing down from goal distance:    6 into depth [1][2]
                                   5            [1]
                                   4            [1]
                                   3            [1][2]
                                   2            [1]
                                   1            [1]
                                   0            

Cueing down from goal distance:    5 into depth [1][2]
                                   4            [1]

Enforced Hill-climbing failed !
switching to Best-first Search now.

advancing to distance :   17
                          16
                          15
                          14
                          13
                          12
                          11
                          10
                           9
                           7
                           6
                           5
                           4
                           2
                           0

ff: found legal plan as follows

step    0: UNSTACK B009 B005
        1: PUTDOWN B009
        2: UNSTACK B005 B008
        3: PUTDOWN B005
        4: UNSTACK B008 B004
        5: PUTDOWN B008
        6: UNSTACK B004 B007
        7: PUTDOWN B004
        8: PICKUP B005
        9: STACK B005 B007
       10: UNSTACK B002 B000
       11: STACK B002 B008
       12: UNSTACK B000 B006
       13: PUTDOWN B000
       14: UNSTACK B006 B001
       15: PUTDOWN B006
       16: UNSTACK B001 B003
       17: STACK B001 B009
       18: PICKUP B006
       19: STACK B006 B001
       20: PICKUP B003
       21: STACK B003 B000
     

time spent:    0.00 seconds instantiating 220 easy, 0 hard action templates
               0.00 seconds reachability analysis, yielding 131 facts and 220 actions
               0.00 seconds creating final representation with 131 relevant facts
               0.00 seconds building connectivity graph
               0.01 seconds searching, evaluating 140 states, to a max depth of 2
               0.01 seconds total time

