
ff: parsing domain file
domain 'BLOCKS4' defined
 ... done.
ff: parsing problem file
problem 'PROBNAME' defined
 ... done.



Cueing down from goal distance:    7 into depth [1][2]
                                   6            [1]
                                   5            [1]
                                   4            [1]
                                   3            [1]
                                   2            [1]
                                   1            [1]
                                   0            

Cueing down from goal distance:    8 into depth [1]
                                   7            [1]
                                   6            [1]

Enforced Hill-climbing failed !
switching to Best-first Search now.

advancing to distance :   14
                          13
                          12
                          11
                          10
                           9
                           8
                           6
                           4
                           2
                           0

ff: found legal plan as follows

step    0: UNSTACK B001 B000
        1: PUTDOWN B001
        2: UNSTACK B000 B003
        3: PUTDOWN B000
        4: UNSTACK B003 B002
        5: PUTDOWN B003
        6: UNSTACK B002 B004
        7: PUTDOWN B002
        8: PICKUP B004
        9: STACK B004 B000
       10: PICKUP B001
       11: STACK B001 B002
       12: UNSTACK B006 B005
       13: STACK B006 B004
       14: UNSTACK B005 B007
       15: STACK B005 B003
       16: UNSTACK B006 B004
       17: STACK B006 B007
     

time spent:    0.00 seconds instantiating 144 easy, 0 hard action templates
               0.00 seconds reachability analysis, yielding 89 facts and 144 actions
               0.00 seconds creating final representation with 89 relevant facts
               0.00 seconds building connectivity graph
               0.00 seconds searching, evaluating 98 states, to a max depth of 2
               0.00 seconds total time

