
ff: parsing domain file
domain 'BLOCKS4' defined
 ... done.
ff: parsing problem file
problem 'PROBNAME' defined
 ... done.



Cueing down from goal distance:    4 into depth [1]
                                   3            [1]
                                   2            [1]
                                   1            [1]
                                   0            

Cueing down from goal distance:    5 into depth [1]
                                   4            [1]
                                   3            [1][2]
                                   2            [1]
                                   1            [1]
                                   0            

Cueing down from goal distance:    5 into depth [1]
                                   4            [1]
                                   3            [1][2]
                                   2            [1]
                                   1            [1]
                                   0            

Cueing down from goal distance:    5 into depth [1]
                                   4            [1]
                                   3            [1][2]
                                   2            [1]
                                   1            [1]
                                   0            

ff: found legal plan as follows

step    0: UNSTACK B008 B007
        1: PUTDOWN B008
        2: UNSTACK B007 B006
        3: PUTDOWN B007
        4: UNSTACK B003 B000
        5: STACK B003 B008
        6: UNSTACK B002 B004
        7: STACK B002 B005
        8: UNSTACK B004 B001
        9: STACK B004 B007
       10: PICKUP B000
       11: STACK B000 B003
       12: UNSTACK B002 B005
       13: STACK B002 B000
       14: PICKUP B005
       15: STACK B005 B004
       16: PICKUP B006
       17: STACK B006 B005
       18: UNSTACK B002 B000
       19: PUTDOWN B002
       20: PICKUP B001
       21: STACK B001 B000
     

time spent:    0.00 seconds instantiating 180 easy, 0 hard action templates
               0.00 seconds reachability analysis, yielding 109 facts and 180 actions
               0.00 seconds creating final representation with 109 relevant facts
               0.00 seconds building connectivity graph
               0.00 seconds searching, evaluating 49 states, to a max depth of 2
               0.00 seconds total time

