
ff: parsing domain file
domain 'BLOCKS4' defined
 ... done.
ff: parsing problem file
problem 'PROBNAME' defined
 ... done.



Cueing down from goal distance:    5 into depth [1]
                                   4            [1]
                                   3            [1][2]
                                   2            [1]
                                   1            [1]
                                   0            

Cueing down from goal distance:    7 into depth [1]
                                   6            [1]
                                   5            [1]
                                   4            [1]
                                   3            [1][2]
                                   2            [1]
                                   1            [1]
                                   0            

Cueing down from goal distance:    2 into depth [1]
                                   1            [1]
                                   0            

ff: found legal plan as follows

step    0: UNSTACK B004 B003
        1: PUTDOWN B004
        2: UNSTACK B000 B002
        3: STACK B000 B007
        4: UNSTACK B002 B006
        5: PUTDOWN B002
        6: PICKUP B003
        7: STACK B003 B004
        8: UNSTACK B006 B001
        9: STACK B006 B002
       10: UNSTACK B000 B007
       11: STACK B000 B003
       12: PICKUP B001
       13: STACK B001 B007
       14: UNSTACK B000 B003
       15: STACK B000 B001
     

time spent:    0.00 seconds instantiating 144 easy, 0 hard action templates
               0.00 seconds reachability analysis, yielding 89 facts and 144 actions
               0.00 seconds creating final representation with 89 relevant facts
               0.00 seconds building connectivity graph
               0.00 seconds searching, evaluating 36 states, to a max depth of 2
               0.00 seconds total time

