
ff: parsing domain file
domain 'BLOCKS4' defined
 ... done.
ff: parsing problem file
problem 'PROBNAME' defined
 ... done.



Cueing down from goal distance:    2 into depth [1]
                                   1            [1]
                                   0            

Cueing down from goal distance:    2 into depth [1]
                                   1            [1]
                                   0            

Cueing down from goal distance:    5 into depth [1][2]

Enforced Hill-climbing failed !
switching to Best-first Search now.

advancing to distance :   10
                           9
                           8
                           7
                           6
                           4
                           2
                           1
                           0

ff: found legal plan as follows

step    0: UNSTACK B004 B001
        1: PUTDOWN B004
        2: UNSTACK B005 B003
        3: STACK B005 B004
        4: UNSTACK B003 B006
        5: PUTDOWN B003
        6: UNSTACK B001 B002
        7: STACK B001 B006
        8: UNSTACK B002 B000
        9: STACK B002 B005
       10: PICKUP B003
       11: STACK B003 B000
     

time spent:    0.00 seconds instantiating 112 easy, 0 hard action templates
               0.00 seconds reachability analysis, yielding 71 facts and 112 actions
               0.00 seconds creating final representation with 71 relevant facts
               0.00 seconds building connectivity graph
               0.00 seconds searching, evaluating 67 states, to a max depth of 2
               0.00 seconds total time

