
ff: parsing domain file
domain 'BLOCKS4' defined
 ... done.
ff: parsing problem file
problem 'PROBNAME' defined
 ... done.



Cueing down from goal distance:    2 into depth [1]
                                   1            [1]
                                   0            

Cueing down from goal distance:    4 into depth [1]
                                   3            [1]
                                   2            [1]
                                   1            [1]
                                   0            

Cueing down from goal distance:    5 into depth [1]
                                   4            [1]
                                   3            [1][2]
                                   2            [1]
                                   1            [1]
                                   0            

Cueing down from goal distance:    4 into depth [1]
                                   3            [1]
                                   2            [1]
                                   1            [1]
                                   0            

Cueing down from goal distance:    4 into depth [1]
                                   3            [1]
                                   2            [1]
                                   1            [1]
                                   0            

ff: found legal plan as follows

step    0: UNSTACK B005 B009
        1: PUTDOWN B005
        2: PICKUP B001
        3: STACK B001 B000
        4: UNSTACK B003 B002
        5: STACK B003 B005
        6: PICKUP B002
        7: STACK B002 B003
        8: UNSTACK B006 B007
        9: STACK B006 B008
       10: UNSTACK B007 B004
       11: STACK B007 B001
       12: UNSTACK B006 B008
       13: STACK B006 B007
       14: PICKUP B008
       15: STACK B008 B002
       16: PICKUP B004
       17: STACK B004 B006
       18: PICKUP B009
       19: STACK B009 B008
     

time spent:    0.00 seconds instantiating 220 easy, 0 hard action templates
               0.00 seconds reachability analysis, yielding 131 facts and 220 actions
               0.00 seconds creating final representation with 131 relevant facts
               0.00 seconds building connectivity graph
               0.00 seconds searching, evaluating 46 states, to a max depth of 2
               0.00 seconds total time

