
ff: parsing domain file
domain 'BLOCKS4' defined
 ... done.
ff: parsing problem file
problem 'PROBNAME' defined
 ... done.



Cueing down from goal distance:    3 into depth [1][2]
                                   2            [1]
                                   1            [1]
                                   0            

Cueing down from goal distance:    2 into depth [1]
                                   1            [1]
                                   0            

Cueing down from goal distance:    2 into depth [1]
                                   1            [1]
                                   0            

Cueing down from goal distance:    2 into depth [1]
                                   1            [1]
                                   0            

Cueing down from goal distance:    4 into depth [1]
                                   3            [1]
                                   2            [1]
                                   1            [1]
                                   0            

Cueing down from goal distance:    2 into depth [1]
                                   1            [1]
                                   0            

Cueing down from goal distance:    2 into depth [1]
                                   1            [1]
                                   0            

ff: found legal plan as follows

step    0: UNSTACK B000 B001
        1: STACK B000 B007
        2: UNSTACK B001 B002
        3: PUTDOWN B001
        4: UNSTACK B000 B007
        5: STACK B000 B001
        6: UNSTACK B005 B003
        7: PUTDOWN B005
        8: UNSTACK B007 B004
        9: STACK B007 B000
       10: PICKUP B004
       11: STACK B004 B008
       12: PICKUP B003
       13: STACK B003 B005
       14: PICKUP B006
       15: STACK B006 B007
       16: PICKUP B002
       17: STACK B002 B006
     

time spent:    0.00 seconds instantiating 180 easy, 0 hard action templates
               0.00 seconds reachability analysis, yielding 109 facts and 180 actions
               0.00 seconds creating final representation with 109 relevant facts
               0.00 seconds building connectivity graph
               0.00 seconds searching, evaluating 32 states, to a max depth of 2
               0.00 seconds total time

