
ff: parsing domain file
domain 'BLOCKS4' defined
 ... done.
ff: parsing problem file
problem 'PROBNAME' defined
 ... done.



Cueing down from goal distance:    2 into depth [1]
                                   1            [1]
                                   0            

Cueing down from goal distance:    4 into depth [1]
                                   3            [1]
                                   2            [1]
                                   1            [1]
                                   0            

Cueing down from goal distance:    2 into depth [1]
                                   1            [1]
                                   0            

Cueing down from goal distance:    4 into depth [1]
                                   3            [1]
                                   2            [1]
                                   1            [1]
                                   0            

Cueing down from goal distance:    4 into depth [1]

Enforced Hill-climbing failed !
switching to Best-first Search now.

advancing to distance :   18
                          17
                          16
                          15
                          14
                          13
                          12
                          11
                          10
                           8
                           6
                           4
                           3
                           2
                           1
                           0

ff: found legal plan as follows

step    0: UNSTACK B008 B004
        1: PUTDOWN B008
        2: UNSTACK B004 B001
        3: STACK B004 B008
        4: UNSTACK B000 B005
        5: PUTDOWN B000
        6: UNSTACK B005 B007
        7: PUTDOWN B005
        8: PICKUP B001
        9: STACK B001 B000
       10: PICKUP B007
       11: STACK B007 B005
       12: UNSTACK B006 B003
       13: PUTDOWN B006
       14: UNSTACK B003 B002
       15: PUTDOWN B003
       16: PICKUP B002
       17: STACK B002 B004
     

time spent:    0.00 seconds instantiating 180 easy, 0 hard action templates
               0.00 seconds reachability analysis, yielding 109 facts and 180 actions
               0.00 seconds creating final representation with 109 relevant facts
               0.00 seconds building connectivity graph
               0.00 seconds searching, evaluating 100 states, to a max depth of 1
               0.00 seconds total time

