
ff: parsing domain file
domain 'BLOCKS4' defined
 ... done.
ff: parsing problem file
problem 'PROBNAME' defined
 ... done.



Cueing down from goal distance:    7 into depth [1][2]
                                   6            [1]
                                   5            [1]
                                   4            [1]

Enforced Hill-climbing failed !
switching to Best-first Search now.

advancing to distance :   12
                          11
                          10
                           9
                           8
                           6
                           4
                           3
                           2
                           0

ff: found legal plan as follows

step    0: UNSTACK B002 B004
        1: STACK B002 B001
        2: UNSTACK B007 B000
        3: PUTDOWN B007
        4: UNSTACK B000 B003
        5: STACK B000 B002
        6: UNSTACK B003 B005
        7: PUTDOWN B003
        8: PICKUP B005
        9: STACK B005 B006
       10: PICKUP B007
       11: STACK B007 B003
       12: UNSTACK B000 B002
       13: STACK B000 B005
       14: UNSTACK B002 B001
       15: PUTDOWN B002
       16: PICKUP B001
       17: STACK B001 B004
       18: PICKUP B002
       19: STACK B002 B001
       20: UNSTACK B000 B005
       21: STACK B000 B002
     

time spent:    0.00 seconds instantiating 144 easy, 0 hard action templates
               0.00 seconds reachability analysis, yielding 89 facts and 144 actions
               0.00 seconds creating final representation with 89 relevant facts
               0.00 seconds building connectivity graph
               0.00 seconds searching, evaluating 174 states, to a max depth of 2
               0.00 seconds total time

