
ff: parsing domain file
domain 'BLOCKS4' defined
 ... done.
ff: parsing problem file
problem 'PROBNAME' defined
 ... done.



Cueing down from goal distance:    4 into depth [1]
                                   3            [1]
                                   2            [1]
                                   1            [1]
                                   0            

Cueing down from goal distance:    2 into depth [1]
                                   1            [1]
                                   0            

Cueing down from goal distance:    5 into depth [1][2]
                                   4            [1]
                                   3            [1]
                                   2            [1]
                                   1            [1]
                                   0            

Cueing down from goal distance:    4 into depth [1]

Enforced Hill-climbing failed !
switching to Best-first Search now.

advancing to distance :   17
                          16
                          15
                          14
                          13
                          12
                          11
                          10
                           8
                           7
                           6
                           5
                           3
                           2
                           0

ff: found legal plan as follows

step    0: UNSTACK B002 B007
        1: PUTDOWN B002
        2: PICKUP B007
        3: STACK B007 B009
        4: UNSTACK B000 B003
        5: PUTDOWN B000
        6: UNSTACK B003 B001
        7: STACK B003 B008
        8: PICKUP B001
        9: STACK B001 B000
       10: UNSTACK B005 B004
       11: STACK B005 B001
       12: UNSTACK B004 B006
       13: STACK B004 B002
       14: PICKUP B006
       15: STACK B006 B007
       16: UNSTACK B005 B001
       17: STACK B005 B004
       18: UNSTACK B003 B008
       19: PUTDOWN B003
       20: PICKUP B008
       21: STACK B008 B006
       22: PICKUP B003
       23: STACK B003 B008
     

time spent:    0.00 seconds instantiating 220 easy, 0 hard action templates
               0.00 seconds reachability analysis, yielding 131 facts and 220 actions
               0.00 seconds creating final representation with 131 relevant facts
               0.00 seconds building connectivity graph
               0.01 seconds searching, evaluating 171 states, to a max depth of 2
               0.01 seconds total time

