
ff: parsing domain file
domain 'BLOCKS4' defined
 ... done.
ff: parsing problem file
problem 'PROBNAME' defined
 ... done.



Cueing down from goal distance:    2 into depth [1]
                                   1            [1]
                                   0            

Cueing down from goal distance:    5 into depth [1]
                                   4            [1]
                                   3            [1][2]
                                   2            [1]
                                   1            [1]
                                   0            

Cueing down from goal distance:    5 into depth [1]
                                   4            [1]
                                   3            [1]

Enforced Hill-climbing failed !
switching to Best-first Search now.

advancing to distance :   12
                          11
                          10
                           9
                           8
                           7
                           6
                           5
                           4
                           2
                           1
                           0

ff: found legal plan as follows

step    0: UNSTACK B000 B001
        1: PUTDOWN B000
        2: UNSTACK B001 B005
        3: STACK B001 B000
        4: PICKUP B002
        5: STACK B002 B005
        6: UNSTACK B006 B003
        7: PUTDOWN B006
        8: UNSTACK B002 B005
        9: STACK B002 B001
       10: UNSTACK B005 B004
       11: STACK B005 B003
       12: UNSTACK B002 B001
       13: STACK B002 B005
       14: PICKUP B004
       15: STACK B004 B001
     

time spent:    0.00 seconds instantiating 112 easy, 0 hard action templates
               0.00 seconds reachability analysis, yielding 71 facts and 112 actions
               0.00 seconds creating final representation with 71 relevant facts
               0.00 seconds building connectivity graph
               0.00 seconds searching, evaluating 89 states, to a max depth of 2
               0.00 seconds total time

