
ff: parsing domain file
domain 'BLOCKS4' defined
 ... done.
ff: parsing problem file
problem 'PROBNAME' defined
 ... done.



Cueing down from goal distance:    2 into depth [1]
                                   1            [1]
                                   0            

Cueing down from goal distance:    2 into depth [1]
                                   1            [1]
                                   0            

Cueing down from goal distance:    4 into depth [1][2]
                                   3            [1]

Enforced Hill-climbing failed !
switching to Best-first Search now.

advancing to distance :   10
                           9
                           8
                           7
                           6
                           5
                           4
                           2
                           0

ff: found legal plan as follows

step    0: UNSTACK B005 B003
        1: PUTDOWN B005
        2: UNSTACK B003 B001
        3: STACK B003 B005
        4: UNSTACK B001 B000
        5: PUTDOWN B001
        6: UNSTACK B004 B002
        7: STACK B004 B003
        8: PICKUP B000
        9: STACK B000 B002
     

time spent:    0.00 seconds instantiating 112 easy, 0 hard action templates
               0.00 seconds reachability analysis, yielding 71 facts and 112 actions
               0.00 seconds creating final representation with 71 relevant facts
               0.00 seconds building connectivity graph
               0.00 seconds searching, evaluating 54 states, to a max depth of 2
               0.00 seconds total time

