
Plan found!
	( !SWITCH_ON INST002-001 - INSTRUMENT SAT002 - SATELLITE )
	( !TURN_TO SAT002 - SATELLITE DIR001 - DIRECTION DIR003 - DIRECTION )
	( !CALIBRATE SAT002 - SATELLITE INST002-001 - INSTRUMENT DIR001 - DIRECTION )
	( !TAKE_IMAGE SAT002 - SATELLITE DIR001 - DIRECTION INST002-001 - INSTRUMENT MODE001 - MODE )
	( !TURN_TO SAT002 - SATELLITE DIR003 - DIRECTION DIR001 - DIRECTION )
	( !TAKE_IMAGE SAT002 - SATELLITE DIR003 - DIRECTION INST002-001 - INSTRUMENT MODE001 - MODE )
	( !TURN_TO SAT002 - SATELLITE DIR000 - DIRECTION DIR003 - DIRECTION )
	( !TAKE_IMAGE SAT002 - SATELLITE DIR000 - DIRECTION INST002-001 - INSTRUMENT MODE001 - MODE )
	( !SWITCH_ON INST001-002 - INSTRUMENT SAT001 - SATELLITE )
	( !TURN_TO SAT001 - SATELLITE DIR001 - DIRECTION DIR002 - DIRECTION )
	( !CALIBRATE SAT001 - SATELLITE INST001-002 - INSTRUMENT DIR001 - DIRECTION )
	( !TAKE_IMAGE SAT001 - SATELLITE DIR001 - DIRECTION INST001-002 - INSTRUMENT MODE002 - MODE )
	( !TURN_TO SAT001 - SATELLITE DIR000 - DIRECTION DIR001 - DIRECTION )
	( !TAKE_IMAGE SAT001 - SATELLITE DIR000 - DIRECTION INST001-002 - INSTRUMENT MODE002 - MODE )
	( !TURN_TO SAT001 - SATELLITE DIR003 - DIRECTION DIR000 - DIRECTION )
	( !TAKE_IMAGE SAT001 - SATELLITE DIR003 - DIRECTION INST001-002 - INSTRUMENT MODE002 - MODE )
	( !SWITCH_OFF INST001-002 - INSTRUMENT SAT001 - SATELLITE )
	( !SWITCH_ON INST001-001 - INSTRUMENT SAT001 - SATELLITE )
	( !TURN_TO SAT001 - SATELLITE DIR001 - DIRECTION DIR003 - DIRECTION )
	( !CALIBRATE SAT001 - SATELLITE INST001-001 - INSTRUMENT DIR001 - DIRECTION )
	( !TAKE_IMAGE SAT001 - SATELLITE DIR001 - DIRECTION INST001-001 - INSTRUMENT MODE003 - MODE )
	( !SWITCH_ON INST000-001 - INSTRUMENT SAT000 - SATELLITE )
	( !TURN_TO SAT000 - SATELLITE DIR002 - DIRECTION DIR001 - DIRECTION )
	( !CALIBRATE SAT000 - SATELLITE INST000-001 - INSTRUMENT DIR002 - DIRECTION )
	( !TAKE_IMAGE SAT000 - SATELLITE DIR002 - DIRECTION INST000-001 - INSTRUMENT MODE004 - MODE )
