
Plan found!
	( !SWITCH_ON INST001-000 - INSTRUMENT SAT001 - SATELLITE )
	( !TURN_TO SAT001 - SATELLITE DIR001 - DIRECTION DIR003 - DIRECTION )
	( !CALIBRATE SAT001 - SATELLITE INST001-000 - INSTRUMENT DIR001 - DIRECTION )
	( !TAKE_IMAGE SAT001 - SATELLITE DIR001 - DIRECTION INST001-000 - INSTRUMENT MODE000 - MODE )
	( !TURN_TO SAT001 - SATELLITE DIR003 - DIRECTION DIR001 - DIRECTION )
	( !TAKE_IMAGE SAT001 - SATELLITE DIR003 - DIRECTION INST001-000 - INSTRUMENT MODE000 - MODE )
	( !TURN_TO SAT001 - SATELLITE DIR002 - DIRECTION DIR003 - DIRECTION )
	( !TAKE_IMAGE SAT001 - SATELLITE DIR002 - DIRECTION INST001-000 - INSTRUMENT MODE000 - MODE )
	( !TURN_TO SAT001 - SATELLITE DIR000 - DIRECTION DIR002 - DIRECTION )
	( !TAKE_IMAGE SAT001 - SATELLITE DIR000 - DIRECTION INST001-000 - INSTRUMENT MODE000 - MODE )
	( !SWITCH_ON INST002-000 - INSTRUMENT SAT002 - SATELLITE )
	( !CALIBRATE SAT002 - SATELLITE INST002-000 - INSTRUMENT DIR000 - DIRECTION )
	( !TAKE_IMAGE SAT002 - SATELLITE DIR000 - DIRECTION INST002-000 - INSTRUMENT MODE001 - MODE )
	( !TURN_TO SAT002 - SATELLITE DIR002 - DIRECTION DIR000 - DIRECTION )
	( !TAKE_IMAGE SAT002 - SATELLITE DIR002 - DIRECTION INST002-000 - INSTRUMENT MODE001 - MODE )
	( !TURN_TO SAT002 - SATELLITE DIR001 - DIRECTION DIR002 - DIRECTION )
	( !TAKE_IMAGE SAT002 - SATELLITE DIR001 - DIRECTION INST002-000 - INSTRUMENT MODE001 - MODE )
	( !TURN_TO SAT002 - SATELLITE DIR003 - DIRECTION DIR001 - DIRECTION )
	( !TAKE_IMAGE SAT002 - SATELLITE DIR003 - DIRECTION INST002-000 - INSTRUMENT MODE001 - MODE )
